<?xml version="1.0" encoding="utf-8"?>
<coverage line-rate="0.951" branch-rate="0.9396" version="1.9" timestamp="1606932612" lines-covered="583" lines-valid="613" branches-covered="109" branches-valid="116">
  <sources>
    <source>C:\Users\dzene\</source>
  </sources>
  <packages>
    <package name="Hypo Banka" line-rate="0.9621" branch-rate="0.9473" complexity="145">
      <classes>
        <class name="Hypo_Banka.Banka" filename="Source\Repos\VVS_zadaca2.6\Hypo Banka\Hypo Banka\Banka.cs" line-rate="0.9298000000000001" branch-rate="0.9615" complexity="29">
          <methods>
            <method name="get_Klijenti" signature="()" line-rate="1" branch-rate="1" complexity="1">
              <lines>
                <line number="19" hits="10" branch="False" />
              </lines>
            </method>
            <method name="get_Krediti" signature="()" line-rate="1" branch-rate="1" complexity="1">
              <lines>
                <line number="24" hits="104" branch="False" />
              </lines>
            </method>
            <method name="RadSaKlijentom" signature="(Hypo_Banka.Klijent,System.Int32,System.Collections.Generic.List`1&lt;System.String&gt;)" line-rate="1" branch-rate="1" complexity="6">
              <lines>
                <line number="42" hits="115" branch="False" />
                <line number="43" hits="115" branch="True" condition-coverage="100% (2/2)">
                  <conditions>
                    <condition number="20" type="jump" coverage="100%" />
                  </conditions>
                </line>
                <line number="44" hits="113" branch="False" />
                <line number="46" hits="2" branch="True" condition-coverage="100% (2/2)">
                  <conditions>
                    <condition number="48" type="jump" coverage="100%" />
                  </conditions>
                </line>
                <line number="47" hits="1" branch="False" />
                <line number="48" hits="2" branch="False" />
                <line number="49" hits="1" branch="False" />
                <line number="50" hits="1" branch="False" />
                <line number="52" hits="1" branch="True" condition-coverage="100% (2/2)">
                  <conditions>
                    <condition number="93" type="jump" coverage="100%" />
                  </conditions>
                </line>
                <line number="53" hits="1" branch="False" />
                <line number="54" hits="1" branch="False" />
                <line number="55" hits="1" branch="False" />
                <line number="56" hits="115" branch="False" />
              </lines>
            </method>
            <method name="OtvaranjeNovogRačuna" signature="(Hypo_Banka.Klijent,Hypo_Banka.Racun)" line-rate="1" branch-rate="1" complexity="4">
              <lines>
                <line number="59" hits="10" branch="False" />
                <line number="60" hits="19" branch="False" />
                <line number="61" hits="10" branch="True" condition-coverage="100% (2/2)">
                  <conditions>
                    <condition number="44" type="jump" coverage="100%" />
                  </conditions>
                </line>
                <line number="62" hits="1" branch="False" />
                <line number="64" hits="9" branch="True" condition-coverage="100% (2/2)">
                  <conditions>
                    <condition number="73" type="jump" coverage="100%" />
                  </conditions>
                </line>
                <line number="65" hits="8" branch="False" />
                <line number="67" hits="1" branch="False" />
                <line number="68" hits="8" branch="False" />
              </lines>
            </method>
            <method name="KlijentiSBlokiranimRačunima" signature="()" line-rate="0.9375" branch-rate="1" complexity="10">
              <lines>
                <line number="79" hits="4" branch="False" />
                <line number="80" hits="4" branch="False" />
                <line number="81" hits="24" branch="True" condition-coverage="100% (2/2)">
                  <conditions>
                    <condition number="196" type="jump" coverage="100%" />
                  </conditions>
                </line>
                <line number="82" hits="6" branch="False" />
                <line number="83" hits="6" branch="False" />
                <line number="84" hits="34" branch="True" condition-coverage="100% (2/2)">
                  <conditions>
                    <condition number="115" type="jump" coverage="100%" />
                  </conditions>
                </line>
                <line number="85" hits="8" branch="False" />
                <line number="87" hits="8" branch="False" />
                <line number="88" hits="9" branch="True" condition-coverage="100% (2/2)">
                  <conditions>
                    <condition number="88" type="jump" coverage="100%" />
                  </conditions>
                </line>
                <line number="89" hits="0" branch="False" />
                <line number="90" hits="8" branch="False" />
                <line number="91" hits="15" branch="True" condition-coverage="100% (2/2)">
                  <conditions>
                    <condition number="178" type="jump" coverage="100%" />
                  </conditions>
                </line>
                <line number="92" hits="6" branch="False" />
                <line number="93" hits="7" branch="True" condition-coverage="100% (2/2)">
                  <conditions>
                    <condition number="231" type="jump" coverage="100%" />
                  </conditions>
                </line>
                <line number="94" hits="1" branch="False" />
                <line number="95" hits="1" branch="False" />
              </lines>
            </method>
            <method name="DajKredit" signature="(Hypo_Banka.Kredit)" line-rate="1" branch-rate="1" complexity="4">
              <lines>
                <line number="98" hits="103" branch="False" />
                <line number="99" hits="205" branch="False" />
                <line number="101" hits="103" branch="True" condition-coverage="100% (4/4)">
                  <conditions>
                    <condition number="39" type="jump" coverage="100%" />
                    <condition number="61" type="jump" coverage="100%" />
                  </conditions>
                </line>
                <line number="102" hits="2" branch="False" />
                <line number="104" hits="101" branch="False" />
                <line number="105" hits="101" branch="False" />
              </lines>
            </method>
            <method name="OdobriKredit" signature="(Hypo_Banka.IZahtjev,Hypo_Banka.Kredit)" line-rate="0.5714" branch-rate="0.5" complexity="2">
              <lines>
                <line number="108" hits="2" branch="False" />
                <line number="109" hits="2" branch="True" condition-coverage="50% (1/2)">
                  <conditions>
                    <condition number="9" type="jump" coverage="50%" />
                  </conditions>
                </line>
                <line number="110" hits="0" branch="False" />
                <line number="111" hits="0" branch="False" />
                <line number="112" hits="0" branch="False" />
                <line number="115" hits="2" branch="False" />
                <line number="116" hits="2" branch="False" />
              </lines>
            </method>
            <method name=".ctor" signature="()" line-rate="1" branch-rate="1" complexity="1">
              <lines>
                <line number="31" hits="19" branch="False" />
                <line number="32" hits="19" branch="False" />
                <line number="33" hits="19" branch="False" />
                <line number="34" hits="19" branch="False" />
                <line number="35" hits="19" branch="False" />
              </lines>
            </method>
          </methods>
          <lines>
            <line number="19" hits="10" branch="False" />
            <line number="24" hits="104" branch="False" />
            <line number="42" hits="115" branch="False" />
            <line number="43" hits="115" branch="True" condition-coverage="100% (2/2)">
              <conditions>
                <condition number="20" type="jump" coverage="100%" />
              </conditions>
            </line>
            <line number="44" hits="113" branch="False" />
            <line number="46" hits="2" branch="True" condition-coverage="100% (2/2)">
              <conditions>
                <condition number="48" type="jump" coverage="100%" />
              </conditions>
            </line>
            <line number="47" hits="1" branch="False" />
            <line number="48" hits="2" branch="False" />
            <line number="49" hits="1" branch="False" />
            <line number="50" hits="1" branch="False" />
            <line number="52" hits="1" branch="True" condition-coverage="100% (2/2)">
              <conditions>
                <condition number="93" type="jump" coverage="100%" />
              </conditions>
            </line>
            <line number="53" hits="1" branch="False" />
            <line number="54" hits="1" branch="False" />
            <line number="55" hits="1" branch="False" />
            <line number="56" hits="115" branch="False" />
            <line number="59" hits="10" branch="False" />
            <line number="60" hits="19" branch="False" />
            <line number="61" hits="10" branch="True" condition-coverage="100% (2/2)">
              <conditions>
                <condition number="44" type="jump" coverage="100%" />
              </conditions>
            </line>
            <line number="62" hits="1" branch="False" />
            <line number="64" hits="9" branch="True" condition-coverage="100% (2/2)">
              <conditions>
                <condition number="73" type="jump" coverage="100%" />
              </conditions>
            </line>
            <line number="65" hits="8" branch="False" />
            <line number="67" hits="1" branch="False" />
            <line number="68" hits="8" branch="False" />
            <line number="79" hits="4" branch="False" />
            <line number="80" hits="4" branch="False" />
            <line number="81" hits="24" branch="True" condition-coverage="100% (2/2)">
              <conditions>
                <condition number="196" type="jump" coverage="100%" />
              </conditions>
            </line>
            <line number="82" hits="6" branch="False" />
            <line number="83" hits="6" branch="False" />
            <line number="84" hits="34" branch="True" condition-coverage="100% (2/2)">
              <conditions>
                <condition number="115" type="jump" coverage="100%" />
              </conditions>
            </line>
            <line number="85" hits="8" branch="False" />
            <line number="87" hits="8" branch="False" />
            <line number="88" hits="9" branch="True" condition-coverage="100% (2/2)">
              <conditions>
                <condition number="88" type="jump" coverage="100%" />
              </conditions>
            </line>
            <line number="89" hits="0" branch="False" />
            <line number="90" hits="8" branch="False" />
            <line number="91" hits="15" branch="True" condition-coverage="100% (2/2)">
              <conditions>
                <condition number="178" type="jump" coverage="100%" />
              </conditions>
            </line>
            <line number="92" hits="6" branch="False" />
            <line number="93" hits="7" branch="True" condition-coverage="100% (2/2)">
              <conditions>
                <condition number="231" type="jump" coverage="100%" />
              </conditions>
            </line>
            <line number="94" hits="1" branch="False" />
            <line number="95" hits="1" branch="False" />
            <line number="98" hits="103" branch="False" />
            <line number="99" hits="205" branch="False" />
            <line number="101" hits="103" branch="True" condition-coverage="100% (4/4)">
              <conditions>
                <condition number="39" type="jump" coverage="100%" />
                <condition number="61" type="jump" coverage="100%" />
              </conditions>
            </line>
            <line number="102" hits="2" branch="False" />
            <line number="104" hits="101" branch="False" />
            <line number="105" hits="101" branch="False" />
            <line number="108" hits="2" branch="False" />
            <line number="109" hits="2" branch="True" condition-coverage="50% (1/2)">
              <conditions>
                <condition number="9" type="jump" coverage="50%" />
              </conditions>
            </line>
            <line number="110" hits="0" branch="False" />
            <line number="111" hits="0" branch="False" />
            <line number="112" hits="0" branch="False" />
            <line number="115" hits="2" branch="False" />
            <line number="116" hits="2" branch="False" />
            <line number="31" hits="19" branch="False" />
            <line number="32" hits="19" branch="False" />
            <line number="33" hits="19" branch="False" />
            <line number="34" hits="19" branch="False" />
            <line number="35" hits="19" branch="False" />
          </lines>
        </class>
        <class name="Hypo_Banka.Klijent" filename="Source\Repos\VVS_zadaca2.6\Hypo Banka\Hypo Banka\Klijent.cs" line-rate="0.9642000000000001" branch-rate="0.9333" complexity="35">
          <methods>
            <method name="get_DatumRodenja" signature="()" line-rate="0" branch-rate="1" complexity="1">
              <lines>
                <line number="22" hits="0" branch="False" />
              </lines>
            </method>
            <method name="set_DatumRodenja" signature="(System.DateTime)" line-rate="0.8332999999999999" branch-rate="0.5" complexity="4">
              <lines>
                <line number="24" hits="30" branch="False" />
                <line number="25" hits="30" branch="True" condition-coverage="50% (2/4)">
                  <conditions>
                    <condition number="13" type="jump" coverage="50%" />
                    <condition number="39" type="jump" coverage="50%" />
                  </conditions>
                </line>
                <line number="26" hits="30" branch="False" />
                <line number="27" hits="0" branch="False" />
                <line number="29" hits="30" branch="False" />
                <line number="30" hits="30" branch="False" />
              </lines>
            </method>
            <method name="get_BrojLicneKarte" signature="()" line-rate="1" branch-rate="1" complexity="1">
              <lines>
                <line number="34" hits="224" branch="False" />
              </lines>
            </method>
            <method name="set_BrojLicneKarte" signature="(System.String)" line-rate="1" branch-rate="1" complexity="10">
              <lines>
                <line number="36" hits="30" branch="False" />
                <line number="37" hits="30" branch="True" condition-coverage="100% (10/10)">
                  <conditions>
                    <condition number="7" type="jump" coverage="100%" />
                    <condition number="16" type="jump" coverage="100%" />
                    <condition number="43" type="jump" coverage="100%" />
                    <condition number="70" type="jump" coverage="100%" />
                    <condition number="104" type="jump" coverage="100%" />
                  </conditions>
                </line>
                <line number="38" hits="30" branch="False" />
                <line number="39" hits="30" branch="False" />
                <line number="40" hits="30" branch="False" />
                <line number="41" hits="30" branch="False" />
                <line number="42" hits="2" branch="False" />
                <line number="44" hits="28" branch="False" />
                <line number="45" hits="28" branch="False" />
              </lines>
            </method>
            <method name="get_Racuni" signature="()" line-rate="1" branch-rate="1" complexity="1">
              <lines>
                <line number="49" hits="43" branch="False" />
              </lines>
            </method>
            <method name="DajUkupanIznosNovcaNaSvimRačunima" signature="()" line-rate="1" branch-rate="1" complexity="10">
              <lines>
                <line number="83" hits="3" branch="False" />
                <line number="84" hits="4" branch="True" condition-coverage="100% (4/4)">
                  <conditions>
                    <condition number="12" type="jump" coverage="100%" />
                    <condition number="28" type="jump" coverage="100%" />
                  </conditions>
                </line>
                <line number="85" hits="2" branch="False" />
                <line number="86" hits="2" branch="False" />
                <line number="87" hits="18" branch="True" condition-coverage="100% (2/2)">
                  <conditions>
                    <condition number="116" type="jump" coverage="100%" />
                  </conditions>
                </line>
                <line number="88" hits="6" branch="False" />
                <line number="89" hits="6" branch="True" condition-coverage="100% (2/2)">
                  <conditions>
                    <condition number="92" type="jump" coverage="100%" />
                  </conditions>
                </line>
                <line number="90" hits="4" branch="False" />
                <line number="91" hits="4" branch="False" />
                <line number="92" hits="4" branch="False" />
                <line number="93" hits="4" branch="False" />
                <line number="94" hits="6" branch="False" />
                <line number="95" hits="3" branch="True" condition-coverage="100% (2/2)">
                  <conditions>
                    <condition number="140" type="jump" coverage="100%" />
                  </conditions>
                </line>
                <line number="96" hits="1" branch="False" />
                <line number="97" hits="1" branch="False" />
              </lines>
            </method>
            <method name="SkiniIznosSaNekogOdRačuna" signature="(System.Double)" line-rate="1" branch-rate="1" complexity="6">
              <lines>
                <line number="101" hits="4" branch="False" />
                <line number="102" hits="5" branch="True" condition-coverage="100% (2/2)">
                  <conditions>
                    <condition number="17" type="jump" coverage="100%" />
                  </conditions>
                </line>
                <line number="103" hits="3" branch="False" />
                <line number="104" hits="6" branch="True" condition-coverage="100% (2/2)">
                  <conditions>
                    <condition number="105" type="jump" coverage="100%" />
                  </conditions>
                </line>
                <line number="105" hits="5" branch="False" />
                <line number="106" hits="5" branch="True" condition-coverage="100% (2/2)">
                  <conditions>
                    <condition number="50" type="jump" coverage="100%" />
                  </conditions>
                </line>
                <line number="107" hits="2" branch="False" />
                <line number="108" hits="2" branch="False" />
                <line number="109" hits="2" branch="False" />
                <line number="111" hits="3" branch="False" />
                <line number="112" hits="3" branch="False" />
                <line number="113" hits="1" branch="False" />
                <line number="114" hits="3" branch="False" />
              </lines>
            </method>
            <method name=".ctor" signature="(System.String,System.String,System.String,System.String,System.DateTime,System.String)" line-rate="1" branch-rate="1" complexity="1">
              <lines>
                <line number="58" hits="37" branch="False" />
                <line number="59" hits="30" branch="False" />
                <line number="60" hits="30" branch="False" />
                <line number="61" hits="30" branch="False" />
                <line number="62" hits="28" branch="False" />
                <line number="63" hits="28" branch="False" />
              </lines>
            </method>
            <method name=".ctor" signature="()" line-rate="1" branch-rate="1" complexity="1">
              <lines>
                <line number="65" hits="14" branch="False" />
                <line number="66" hits="14" branch="False" />
                <line number="67" hits="14" branch="False" />
                <line number="68" hits="14" branch="False" />
              </lines>
            </method>
          </methods>
          <lines>
            <line number="22" hits="0" branch="False" />
            <line number="24" hits="30" branch="False" />
            <line number="25" hits="30" branch="True" condition-coverage="50% (2/4)">
              <conditions>
                <condition number="13" type="jump" coverage="50%" />
                <condition number="39" type="jump" coverage="50%" />
              </conditions>
            </line>
            <line number="26" hits="30" branch="False" />
            <line number="27" hits="0" branch="False" />
            <line number="29" hits="30" branch="False" />
            <line number="30" hits="30" branch="False" />
            <line number="34" hits="224" branch="False" />
            <line number="36" hits="30" branch="False" />
            <line number="37" hits="30" branch="True" condition-coverage="100% (10/10)">
              <conditions>
                <condition number="7" type="jump" coverage="100%" />
                <condition number="16" type="jump" coverage="100%" />
                <condition number="43" type="jump" coverage="100%" />
                <condition number="70" type="jump" coverage="100%" />
                <condition number="104" type="jump" coverage="100%" />
              </conditions>
            </line>
            <line number="38" hits="30" branch="False" />
            <line number="39" hits="30" branch="False" />
            <line number="40" hits="30" branch="False" />
            <line number="41" hits="30" branch="False" />
            <line number="42" hits="2" branch="False" />
            <line number="44" hits="28" branch="False" />
            <line number="45" hits="28" branch="False" />
            <line number="49" hits="43" branch="False" />
            <line number="83" hits="3" branch="False" />
            <line number="84" hits="4" branch="True" condition-coverage="100% (4/4)">
              <conditions>
                <condition number="12" type="jump" coverage="100%" />
                <condition number="28" type="jump" coverage="100%" />
              </conditions>
            </line>
            <line number="85" hits="2" branch="False" />
            <line number="86" hits="2" branch="False" />
            <line number="87" hits="18" branch="True" condition-coverage="100% (2/2)">
              <conditions>
                <condition number="116" type="jump" coverage="100%" />
              </conditions>
            </line>
            <line number="88" hits="6" branch="False" />
            <line number="89" hits="6" branch="True" condition-coverage="100% (2/2)">
              <conditions>
                <condition number="92" type="jump" coverage="100%" />
              </conditions>
            </line>
            <line number="90" hits="4" branch="False" />
            <line number="91" hits="4" branch="False" />
            <line number="92" hits="4" branch="False" />
            <line number="93" hits="4" branch="False" />
            <line number="94" hits="6" branch="False" />
            <line number="95" hits="3" branch="True" condition-coverage="100% (2/2)">
              <conditions>
                <condition number="140" type="jump" coverage="100%" />
              </conditions>
            </line>
            <line number="96" hits="1" branch="False" />
            <line number="97" hits="1" branch="False" />
            <line number="101" hits="4" branch="False" />
            <line number="102" hits="5" branch="True" condition-coverage="100% (2/2)">
              <conditions>
                <condition number="17" type="jump" coverage="100%" />
              </conditions>
            </line>
            <line number="103" hits="3" branch="False" />
            <line number="104" hits="6" branch="True" condition-coverage="100% (2/2)">
              <conditions>
                <condition number="105" type="jump" coverage="100%" />
              </conditions>
            </line>
            <line number="105" hits="5" branch="False" />
            <line number="106" hits="5" branch="True" condition-coverage="100% (2/2)">
              <conditions>
                <condition number="50" type="jump" coverage="100%" />
              </conditions>
            </line>
            <line number="107" hits="2" branch="False" />
            <line number="108" hits="2" branch="False" />
            <line number="109" hits="2" branch="False" />
            <line number="111" hits="3" branch="False" />
            <line number="112" hits="3" branch="False" />
            <line number="113" hits="1" branch="False" />
            <line number="114" hits="3" branch="False" />
            <line number="58" hits="37" branch="False" />
            <line number="59" hits="30" branch="False" />
            <line number="60" hits="30" branch="False" />
            <line number="61" hits="30" branch="False" />
            <line number="62" hits="28" branch="False" />
            <line number="63" hits="28" branch="False" />
            <line number="65" hits="14" branch="False" />
            <line number="66" hits="14" branch="False" />
            <line number="67" hits="14" branch="False" />
            <line number="68" hits="14" branch="False" />
          </lines>
        </class>
        <class name="Hypo_Banka.Korisnik" filename="Source\Repos\VVS_zadaca2.6\Hypo Banka\Hypo Banka\Korisnik.cs" line-rate="0.9649" branch-rate="0.9375" complexity="40">
          <methods>
            <method name="get_Id" signature="()" line-rate="0" branch-rate="1" complexity="1">
              <lines>
                <line number="22" hits="0" branch="False" />
              </lines>
            </method>
            <method name="get_Ime" signature="()" line-rate="1" branch-rate="1" complexity="1">
              <lines>
                <line number="27" hits="12" branch="False" />
              </lines>
            </method>
            <method name="set_Ime" signature="(System.String)" line-rate="1" branch-rate="1" complexity="8">
              <lines>
                <line number="29" hits="38" branch="False" />
                <line number="30" hits="38" branch="True" condition-coverage="100% (8/8)">
                  <conditions>
                    <condition number="2" type="jump" coverage="100%" />
                    <condition number="11" type="jump" coverage="100%" />
                    <condition number="38" type="jump" coverage="100%" />
                    <condition number="75" type="jump" coverage="100%" />
                  </conditions>
                </line>
                <line number="31" hits="38" branch="False" />
                <line number="32" hits="38" branch="False" />
                <line number="33" hits="3" branch="False" />
                <line number="35" hits="35" branch="False" />
                <line number="36" hits="35" branch="False" />
              </lines>
            </method>
            <method name="get_Prezime" signature="()" line-rate="1" branch-rate="1" complexity="1">
              <lines>
                <line number="41" hits="12" branch="False" />
              </lines>
            </method>
            <method name="set_Prezime" signature="(System.String)" line-rate="1" branch-rate="1" complexity="8">
              <lines>
                <line number="43" hits="35" branch="False" />
                <line number="44" hits="35" branch="True" condition-coverage="100% (8/8)">
                  <conditions>
                    <condition number="2" type="jump" coverage="100%" />
                    <condition number="11" type="jump" coverage="100%" />
                    <condition number="38" type="jump" coverage="100%" />
                    <condition number="75" type="jump" coverage="100%" />
                  </conditions>
                </line>
                <line number="45" hits="35" branch="False" />
                <line number="46" hits="35" branch="False" />
                <line number="47" hits="2" branch="False" />
                <line number="49" hits="33" branch="False" />
                <line number="50" hits="33" branch="False" />
              </lines>
            </method>
            <method name="get_KorisnickoIme" signature="()" line-rate="1" branch-rate="1" complexity="1">
              <lines>
                <line number="54" hits="1" branch="False" />
              </lines>
            </method>
            <method name="set_KorisnickoIme" signature="(System.String)" line-rate="1" branch-rate="1" complexity="4">
              <lines>
                <line number="56" hits="39" branch="False" />
                <line number="57" hits="39" branch="True" condition-coverage="100% (4/4)">
                  <conditions>
                    <condition number="2" type="jump" coverage="100%" />
                    <condition number="18" type="jump" coverage="100%" />
                  </conditions>
                </line>
                <line number="58" hits="1" branch="False" />
                <line number="60" hits="38" branch="False" />
                <line number="61" hits="38" branch="False" />
              </lines>
            </method>
            <method name="get_Lozinka" signature="()" line-rate="1" branch-rate="1" complexity="1">
              <lines>
                <line number="65" hits="2" branch="False" />
              </lines>
            </method>
            <method name="set_Lozinka" signature="(System.String)" line-rate="1" branch-rate="1" complexity="8">
              <lines>
                <line number="67" hits="38" branch="False" />
                <line number="68" hits="38" branch="True" condition-coverage="100% (8/8)">
                  <conditions>
                    <condition number="2" type="jump" coverage="100%" />
                    <condition number="12" type="jump" coverage="100%" />
                    <condition number="32" type="jump" coverage="100%" />
                    <condition number="57" type="jump" coverage="100%" />
                  </conditions>
                </line>
                <line number="69" hits="38" branch="False" />
                <line number="70" hits="2" branch="False" />
                <line number="72" hits="36" branch="False" />
                <line number="73" hits="36" branch="False" />
                <line number="74" hits="36" branch="False" />
                <line number="75" hits="36" branch="False" />
              </lines>
            </method>
            <method name="AutomatskoGenerisanjePodataka" signature="()" line-rate="0.9166" branch-rate="0.5" complexity="4">
              <lines>
                <line number="112" hits="6" branch="False" />
                <line number="113" hits="0" branch="True" condition-coverage="50% (2/4)">
                  <conditions>
                    <condition number="13" type="jump" coverage="50%" />
                    <condition number="31" type="jump" coverage="50%" />
                  </conditions>
                </line>
                <line number="114" hits="6" branch="False" />
                <line number="115" hits="6" branch="False" />
                <line number="116" hits="6" branch="False" />
                <line number="117" hits="126" branch="False" />
                <line number="118" hits="6" branch="False" />
                <line number="119" hits="6" branch="False" />
                <line number="120" hits="6" branch="False" />
                <line number="121" hits="6" branch="False" />
                <line number="122" hits="6" branch="False" />
                <line number="123" hits="6" branch="False" />
              </lines>
            </method>
            <method name=".ctor" signature="(System.String,System.String,System.String,System.String)" line-rate="1" branch-rate="1" complexity="1">
              <lines>
                <line number="82" hits="37" branch="False" />
                <line number="83" hits="37" branch="False" />
                <line number="84" hits="37" branch="False" />
                <line number="85" hits="35" branch="False" />
                <line number="86" hits="33" branch="False" />
                <line number="87" hits="32" branch="False" />
                <line number="89" hits="30" branch="False" />
                <line number="90" hits="30" branch="False" />
                <line number="91" hits="30" branch="False" />
              </lines>
            </method>
            <method name=".ctor" signature="()" line-rate="1" branch-rate="1" complexity="1">
              <lines>
                <line number="93" hits="14" branch="False" />
                <line number="94" hits="14" branch="False" />
                <line number="96" hits="14" branch="False" />
              </lines>
            </method>
            <method name=".cctor" signature="()" line-rate="1" branch-rate="1" complexity="1">
              <lines>
                <line number="12" hits="1" branch="False" />
              </lines>
            </method>
          </methods>
          <lines>
            <line number="22" hits="0" branch="False" />
            <line number="27" hits="12" branch="False" />
            <line number="29" hits="38" branch="False" />
            <line number="30" hits="38" branch="True" condition-coverage="100% (8/8)">
              <conditions>
                <condition number="2" type="jump" coverage="100%" />
                <condition number="11" type="jump" coverage="100%" />
                <condition number="38" type="jump" coverage="100%" />
                <condition number="75" type="jump" coverage="100%" />
              </conditions>
            </line>
            <line number="31" hits="38" branch="False" />
            <line number="32" hits="38" branch="False" />
            <line number="33" hits="3" branch="False" />
            <line number="35" hits="35" branch="False" />
            <line number="36" hits="35" branch="False" />
            <line number="41" hits="12" branch="False" />
            <line number="43" hits="35" branch="False" />
            <line number="44" hits="35" branch="True" condition-coverage="100% (8/8)">
              <conditions>
                <condition number="2" type="jump" coverage="100%" />
                <condition number="11" type="jump" coverage="100%" />
                <condition number="38" type="jump" coverage="100%" />
                <condition number="75" type="jump" coverage="100%" />
              </conditions>
            </line>
            <line number="45" hits="35" branch="False" />
            <line number="46" hits="35" branch="False" />
            <line number="47" hits="2" branch="False" />
            <line number="49" hits="33" branch="False" />
            <line number="50" hits="33" branch="False" />
            <line number="54" hits="1" branch="False" />
            <line number="56" hits="39" branch="False" />
            <line number="57" hits="39" branch="True" condition-coverage="100% (4/4)">
              <conditions>
                <condition number="2" type="jump" coverage="100%" />
                <condition number="18" type="jump" coverage="100%" />
              </conditions>
            </line>
            <line number="58" hits="1" branch="False" />
            <line number="60" hits="38" branch="False" />
            <line number="61" hits="38" branch="False" />
            <line number="65" hits="2" branch="False" />
            <line number="67" hits="38" branch="False" />
            <line number="68" hits="38" branch="True" condition-coverage="100% (8/8)">
              <conditions>
                <condition number="2" type="jump" coverage="100%" />
                <condition number="12" type="jump" coverage="100%" />
                <condition number="32" type="jump" coverage="100%" />
                <condition number="57" type="jump" coverage="100%" />
              </conditions>
            </line>
            <line number="69" hits="38" branch="False" />
            <line number="70" hits="2" branch="False" />
            <line number="72" hits="36" branch="False" />
            <line number="73" hits="36" branch="False" />
            <line number="74" hits="36" branch="False" />
            <line number="75" hits="36" branch="False" />
            <line number="112" hits="6" branch="False" />
            <line number="113" hits="0" branch="True" condition-coverage="50% (2/4)">
              <conditions>
                <condition number="13" type="jump" coverage="50%" />
                <condition number="31" type="jump" coverage="50%" />
              </conditions>
            </line>
            <line number="114" hits="6" branch="False" />
            <line number="115" hits="6" branch="False" />
            <line number="116" hits="6" branch="False" />
            <line number="117" hits="126" branch="False" />
            <line number="118" hits="6" branch="False" />
            <line number="119" hits="6" branch="False" />
            <line number="120" hits="6" branch="False" />
            <line number="121" hits="6" branch="False" />
            <line number="122" hits="6" branch="False" />
            <line number="123" hits="6" branch="False" />
            <line number="82" hits="37" branch="False" />
            <line number="83" hits="37" branch="False" />
            <line number="84" hits="37" branch="False" />
            <line number="85" hits="35" branch="False" />
            <line number="86" hits="33" branch="False" />
            <line number="87" hits="32" branch="False" />
            <line number="89" hits="30" branch="False" />
            <line number="90" hits="30" branch="False" />
            <line number="91" hits="30" branch="False" />
            <line number="93" hits="14" branch="False" />
            <line number="94" hits="14" branch="False" />
            <line number="96" hits="14" branch="False" />
            <line number="12" hits="1" branch="False" />
          </lines>
        </class>
        <class name="Hypo_Banka.Kredit" filename="Source\Repos\VVS_zadaca2.6\Hypo Banka\Hypo Banka\Kredit.cs" line-rate="1" branch-rate="0.9375" complexity="24">
          <methods>
            <method name="get_Klijent" signature="()" line-rate="1" branch-rate="1" complexity="1">
              <lines>
                <line number="21" hits="103" branch="False" />
              </lines>
            </method>
            <method name="set_Klijent" signature="(Hypo_Banka.Klijent)" line-rate="1" branch-rate="1" complexity="1">
              <lines>
                <line number="22" hits="16" branch="False" />
              </lines>
            </method>
            <method name="get_Iznos" signature="()" line-rate="1" branch-rate="1" complexity="1">
              <lines>
                <line number="27" hits="1" branch="False" />
              </lines>
            </method>
            <method name="set_Iznos" signature="(System.Double)" line-rate="1" branch-rate="1" complexity="4">
              <lines>
                <line number="29" hits="16" branch="False" />
                <line number="30" hits="16" branch="True" condition-coverage="100% (4/4)">
                  <conditions>
                    <condition number="11" type="jump" coverage="100%" />
                    <condition number="30" type="jump" coverage="100%" />
                  </conditions>
                </line>
                <line number="31" hits="2" branch="False" />
                <line number="33" hits="14" branch="False" />
                <line number="34" hits="14" branch="False" />
              </lines>
            </method>
            <method name="get_Rata" signature="()" line-rate="1" branch-rate="1" complexity="1">
              <lines>
                <line number="39" hits="1" branch="False" />
              </lines>
            </method>
            <method name="set_Rata" signature="(System.Double)" line-rate="1" branch-rate="1" complexity="4">
              <lines>
                <line number="41" hits="14" branch="False" />
                <line number="42" hits="14" branch="True" condition-coverage="100% (4/4)">
                  <conditions>
                    <condition number="11" type="jump" coverage="100%" />
                    <condition number="30" type="jump" coverage="100%" />
                  </conditions>
                </line>
                <line number="43" hits="1" branch="False" />
                <line number="45" hits="13" branch="False" />
                <line number="46" hits="13" branch="False" />
              </lines>
            </method>
            <method name="get_KamatnaStopa" signature="()" line-rate="1" branch-rate="1" complexity="1">
              <lines>
                <line number="51" hits="1" branch="False" />
              </lines>
            </method>
            <method name="set_KamatnaStopa" signature="(System.Double)" line-rate="1" branch-rate="1" complexity="4">
              <lines>
                <line number="53" hits="13" branch="False" />
                <line number="54" hits="13" branch="True" condition-coverage="100% (4/4)">
                  <conditions>
                    <condition number="11" type="jump" coverage="100%" />
                    <condition number="30" type="jump" coverage="100%" />
                  </conditions>
                </line>
                <line number="55" hits="2" branch="False" />
                <line number="57" hits="11" branch="False" />
                <line number="58" hits="11" branch="False" />
              </lines>
            </method>
            <method name="get_RokOtplate" signature="()" line-rate="1" branch-rate="1" complexity="1">
              <lines>
                <line number="63" hits="1" branch="False" />
              </lines>
            </method>
            <method name="set_RokOtplate" signature="(System.DateTime)" line-rate="1" branch-rate="0.75" complexity="4">
              <lines>
                <line number="65" hits="11" branch="False" />
                <line number="66" hits="11" branch="True" condition-coverage="75% (3/4)">
                  <conditions>
                    <condition number="13" type="jump" coverage="50%" />
                    <condition number="41" type="jump" coverage="100%" />
                  </conditions>
                </line>
                <line number="67" hits="11" branch="False" />
                <line number="68" hits="1" branch="False" />
                <line number="70" hits="10" branch="False" />
                <line number="71" hits="10" branch="False" />
              </lines>
            </method>
            <method name="ProvjeriStanjeOtplate" signature="()" line-rate="1" branch-rate="1" complexity="1">
              <lines>
                <line number="103" hits="1" branch="False" />
                <line number="104" hits="1" branch="False" />
                <line number="105" hits="1" branch="False" />
                <line number="106" hits="1" branch="False" />
                <line number="107" hits="1" branch="False" />
              </lines>
            </method>
            <method name=".ctor" signature="(Hypo_Banka.Klijent,System.Double,System.Double,System.Double,System.DateTime)" line-rate="1" branch-rate="1" complexity="1">
              <lines>
                <line number="78" hits="16" branch="False" />
                <line number="79" hits="16" branch="False" />
                <line number="80" hits="16" branch="False" />
                <line number="81" hits="16" branch="False" />
                <line number="82" hits="14" branch="False" />
                <line number="83" hits="13" branch="False" />
                <line number="84" hits="11" branch="False" />
                <line number="85" hits="10" branch="False" />
              </lines>
            </method>
          </methods>
          <lines>
            <line number="21" hits="103" branch="False" />
            <line number="22" hits="16" branch="False" />
            <line number="27" hits="1" branch="False" />
            <line number="29" hits="16" branch="False" />
            <line number="30" hits="16" branch="True" condition-coverage="100% (4/4)">
              <conditions>
                <condition number="11" type="jump" coverage="100%" />
                <condition number="30" type="jump" coverage="100%" />
              </conditions>
            </line>
            <line number="31" hits="2" branch="False" />
            <line number="33" hits="14" branch="False" />
            <line number="34" hits="14" branch="False" />
            <line number="39" hits="1" branch="False" />
            <line number="41" hits="14" branch="False" />
            <line number="42" hits="14" branch="True" condition-coverage="100% (4/4)">
              <conditions>
                <condition number="11" type="jump" coverage="100%" />
                <condition number="30" type="jump" coverage="100%" />
              </conditions>
            </line>
            <line number="43" hits="1" branch="False" />
            <line number="45" hits="13" branch="False" />
            <line number="46" hits="13" branch="False" />
            <line number="51" hits="1" branch="False" />
            <line number="53" hits="13" branch="False" />
            <line number="54" hits="13" branch="True" condition-coverage="100% (4/4)">
              <conditions>
                <condition number="11" type="jump" coverage="100%" />
                <condition number="30" type="jump" coverage="100%" />
              </conditions>
            </line>
            <line number="55" hits="2" branch="False" />
            <line number="57" hits="11" branch="False" />
            <line number="58" hits="11" branch="False" />
            <line number="63" hits="1" branch="False" />
            <line number="65" hits="11" branch="False" />
            <line number="66" hits="11" branch="True" condition-coverage="75% (3/4)">
              <conditions>
                <condition number="13" type="jump" coverage="50%" />
                <condition number="41" type="jump" coverage="100%" />
              </conditions>
            </line>
            <line number="67" hits="11" branch="False" />
            <line number="68" hits="1" branch="False" />
            <line number="70" hits="10" branch="False" />
            <line number="71" hits="10" branch="False" />
            <line number="103" hits="1" branch="False" />
            <line number="104" hits="1" branch="False" />
            <line number="105" hits="1" branch="False" />
            <line number="106" hits="1" branch="False" />
            <line number="107" hits="1" branch="False" />
            <line number="78" hits="16" branch="False" />
            <line number="79" hits="16" branch="False" />
            <line number="80" hits="16" branch="False" />
            <line number="81" hits="16" branch="False" />
            <line number="82" hits="14" branch="False" />
            <line number="83" hits="13" branch="False" />
            <line number="84" hits="11" branch="False" />
            <line number="85" hits="10" branch="False" />
          </lines>
        </class>
        <class name="Hypo_Banka.Racun" filename="Source\Repos\VVS_zadaca2.6\Hypo Banka\Hypo Banka\Racun.cs" line-rate="0.9565" branch-rate="1" complexity="15">
          <methods>
            <method name="get_BrojRacuna" signature="()" line-rate="0" branch-rate="1" complexity="1">
              <lines>
                <line number="22" hits="0" branch="False" />
              </lines>
            </method>
            <method name="get_StanjeRacuna" signature="()" line-rate="1" branch-rate="1" complexity="1">
              <lines>
                <line number="26" hits="15" branch="False" />
              </lines>
            </method>
            <method name="get_Blokiran" signature="()" line-rate="1" branch-rate="1" complexity="1">
              <lines>
                <line number="30" hits="20" branch="False" />
              </lines>
            </method>
            <method name="set_Blokiran" signature="(System.Boolean)" line-rate="1" branch-rate="1" complexity="8">
              <lines>
                <line number="32" hits="50" branch="False" />
                <line number="33" hits="50" branch="True" condition-coverage="100% (4/4)">
                  <conditions>
                    <condition number="16" type="jump" coverage="100%" />
                    <condition number="24" type="jump" coverage="100%" />
                  </conditions>
                </line>
                <line number="34" hits="3" branch="False" />
                <line number="35" hits="47" branch="True" condition-coverage="100% (4/4)">
                  <conditions>
                    <condition number="52" type="jump" coverage="100%" />
                    <condition number="63" type="jump" coverage="100%" />
                  </conditions>
                </line>
                <line number="36" hits="4" branch="False" />
                <line number="38" hits="43" branch="False" />
                <line number="39" hits="43" branch="False" />
              </lines>
            </method>
            <method name="PromijeniStanjeRačuna" signature="(System.String,System.Double)" line-rate="1" branch-rate="1" complexity="2">
              <lines>
                <line number="59" hits="12" branch="False" />
                <line number="60" hits="12" branch="True" condition-coverage="100% (2/2)">
                  <conditions>
                    <condition number="14" type="jump" coverage="100%" />
                  </conditions>
                </line>
                <line number="61" hits="11" branch="False" />
                <line number="63" hits="1" branch="False" />
                <line number="64" hits="11" branch="False" />
              </lines>
            </method>
            <method name=".ctor" signature="(System.Double)" line-rate="1" branch-rate="1" complexity="1">
              <lines>
                <line number="46" hits="39" branch="False" />
                <line number="47" hits="39" branch="False" />
                <line number="48" hits="39" branch="False" />
                <line number="49" hits="39" branch="False" />
                <line number="50" hits="39" branch="False" />
                <line number="51" hits="39" branch="False" />
                <line number="52" hits="35" branch="False" />
              </lines>
            </method>
            <method name=".cctor" signature="()" line-rate="1" branch-rate="1" complexity="1">
              <lines>
                <line number="11" hits="1" branch="False" />
              </lines>
            </method>
          </methods>
          <lines>
            <line number="22" hits="0" branch="False" />
            <line number="26" hits="15" branch="False" />
            <line number="30" hits="20" branch="False" />
            <line number="32" hits="50" branch="False" />
            <line number="33" hits="50" branch="True" condition-coverage="100% (4/4)">
              <conditions>
                <condition number="16" type="jump" coverage="100%" />
                <condition number="24" type="jump" coverage="100%" />
              </conditions>
            </line>
            <line number="34" hits="3" branch="False" />
            <line number="35" hits="47" branch="True" condition-coverage="100% (4/4)">
              <conditions>
                <condition number="52" type="jump" coverage="100%" />
                <condition number="63" type="jump" coverage="100%" />
              </conditions>
            </line>
            <line number="36" hits="4" branch="False" />
            <line number="38" hits="43" branch="False" />
            <line number="39" hits="43" branch="False" />
            <line number="59" hits="12" branch="False" />
            <line number="60" hits="12" branch="True" condition-coverage="100% (2/2)">
              <conditions>
                <condition number="14" type="jump" coverage="100%" />
              </conditions>
            </line>
            <line number="61" hits="11" branch="False" />
            <line number="63" hits="1" branch="False" />
            <line number="64" hits="11" branch="False" />
            <line number="46" hits="39" branch="False" />
            <line number="47" hits="39" branch="False" />
            <line number="48" hits="39" branch="False" />
            <line number="49" hits="39" branch="False" />
            <line number="50" hits="39" branch="False" />
            <line number="51" hits="39" branch="False" />
            <line number="52" hits="35" branch="False" />
            <line number="11" hits="1" branch="False" />
          </lines>
        </class>
        <class name="Hypo_Banka.StubZahtjev" filename="Source\Repos\VVS_zadaca2.6\Hypo Banka\Hypo Banka\StubZahtjev.cs" line-rate="1" branch-rate="1" complexity="1">
          <methods>
            <method name="DaLiJePovoljan" signature="()" line-rate="1" branch-rate="1" complexity="1">
              <lines>
                <line number="11" hits="2" branch="False" />
                <line number="12" hits="2" branch="False" />
                <line number="13" hits="2" branch="False" />
              </lines>
            </method>
          </methods>
          <lines>
            <line number="11" hits="2" branch="False" />
            <line number="12" hits="2" branch="False" />
            <line number="13" hits="2" branch="False" />
          </lines>
        </class>
        <class name="Hypo_Banka.Zahtjev" filename="Source\Repos\VVS_zadaca2.6\Hypo Banka\Hypo Banka\Zahtjev.cs" line-rate="1" branch-rate="1" complexity="1">
          <methods>
            <method name="DaLiJePovoljan" signature="()" line-rate="1" branch-rate="1" complexity="1">
              <lines>
                <line number="14" hits="1" branch="False" />
                <line number="15" hits="1" branch="False" />
              </lines>
            </method>
          </methods>
          <lines>
            <line number="14" hits="1" branch="False" />
            <line number="15" hits="1" branch="False" />
          </lines>
        </class>
      </classes>
    </package>
    <package name="Unit Testovi" line-rate="0.9440000000000001" branch-rate="0.5" complexity="49">
      <classes>
        <class name="AutoGeneratedProgram" filename=".nuget\packages\microsoft.net.test.sdk\16.5.0\build\netcoreapp2.1\Microsoft.NET.Test.Sdk.Program.cs" line-rate="0" branch-rate="1" complexity="1">
          <methods>
            <method name="Main" signature="(System.String[])" line-rate="0" branch-rate="1" complexity="1">
              <lines>
                <line number="4" hits="0" branch="False" />
              </lines>
            </method>
          </methods>
          <lines>
            <line number="4" hits="0" branch="False" />
          </lines>
        </class>
        <class name="Unit_Testovi.BankaTests" filename="Source\Repos\VVS_zadaca2.6\Hypo Banka\Unit Testovi\BankaTests.cs" line-rate="0.9434999999999999" branch-rate="0.5" complexity="15">
          <methods>
            <method name="RadSaKlijentomTestDodavanjeKlijenata" signature="()" line-rate="1" branch-rate="1" complexity="1">
              <lines>
                <line number="16" hits="1" branch="False" />
                <line number="17" hits="1" branch="False" />
                <line number="18" hits="1" branch="False" />
                <line number="19" hits="1" branch="False" />
                <line number="21" hits="1" branch="False" />
                <line number="22" hits="1" branch="False" />
                <line number="24" hits="1" branch="False" />
                <line number="25" hits="1" branch="False" />
              </lines>
            </method>
            <method name="RadSaKlijentomTestBrisanjeKlijenata" signature="()" line-rate="1" branch-rate="1" complexity="1">
              <lines>
                <line number="30" hits="1" branch="False" />
                <line number="31" hits="1" branch="False" />
                <line number="32" hits="1" branch="False" />
                <line number="33" hits="1" branch="False" />
                <line number="35" hits="1" branch="False" />
                <line number="36" hits="1" branch="False" />
                <line number="38" hits="1" branch="False" />
                <line number="40" hits="1" branch="False" />
                <line number="41" hits="1" branch="False" />
              </lines>
            </method>
            <method name="RadSaKlijentomTestAutomatskoGenerisanje" signature="()" line-rate="1" branch-rate="1" complexity="1">
              <lines>
                <line number="46" hits="1" branch="False" />
                <line number="47" hits="1" branch="False" />
                <line number="48" hits="1" branch="False" />
                <line number="50" hits="1" branch="False" />
                <line number="51" hits="1" branch="False" />
                <line number="53" hits="1" branch="False" />
                <line number="54" hits="1" branch="False" />
              </lines>
            </method>
            <method name="OtvaranjeNovogRačunaTestKlijentNijeRegistrovan" signature="()" line-rate="0.8" branch-rate="1" complexity="1">
              <lines>
                <line number="59" hits="1" branch="False" />
                <line number="60" hits="1" branch="False" />
                <line number="61" hits="1" branch="False" />
                <line number="62" hits="1" branch="False" />
                <line number="63" hits="0" branch="False" />
              </lines>
            </method>
            <method name="OtvaranjeNovogRačunaTestVišeOd3Računa" signature="()" line-rate="0.8887999999999999" branch-rate="1" complexity="1">
              <lines>
                <line number="68" hits="1" branch="False" />
                <line number="69" hits="1" branch="False" />
                <line number="70" hits="1" branch="False" />
                <line number="72" hits="1" branch="False" />
                <line number="73" hits="1" branch="False" />
                <line number="74" hits="1" branch="False" />
                <line number="75" hits="1" branch="False" />
                <line number="77" hits="1" branch="False" />
                <line number="78" hits="0" branch="False" />
              </lines>
            </method>
            <method name="OtvaranjeNovogRačunaTest" signature="()" line-rate="1" branch-rate="1" complexity="1">
              <lines>
                <line number="83" hits="1" branch="False" />
                <line number="84" hits="1" branch="False" />
                <line number="85" hits="1" branch="False" />
                <line number="87" hits="1" branch="False" />
                <line number="88" hits="1" branch="False" />
                <line number="89" hits="1" branch="False" />
                <line number="91" hits="1" branch="False" />
                <line number="92" hits="1" branch="False" />
              </lines>
            </method>
            <method name="KlijentiSBlokiranimRačunimaTest" signature="()" line-rate="1" branch-rate="1" complexity="1">
              <lines>
                <line number="97" hits="1" branch="False" />
                <line number="99" hits="1" branch="False" />
                <line number="100" hits="1" branch="False" />
                <line number="101" hits="1" branch="False" />
                <line number="102" hits="1" branch="False" />
                <line number="103" hits="1" branch="False" />
                <line number="104" hits="1" branch="False" />
                <line number="105" hits="1" branch="False" />
                <line number="107" hits="1" branch="False" />
                <line number="108" hits="1" branch="False" />
                <line number="109" hits="1" branch="False" />
                <line number="111" hits="1" branch="False" />
                <line number="112" hits="1" branch="False" />
                <line number="114" hits="1" branch="False" />
                <line number="115" hits="1" branch="False" />
                <line number="116" hits="1" branch="False" />
                <line number="117" hits="1" branch="False" />
                <line number="118" hits="1" branch="False" />
                <line number="119" hits="1" branch="False" />
              </lines>
            </method>
            <method name="PraznaListaKlijentiSBlokiranimRačunimaTest" signature="()" line-rate="0.9375" branch-rate="1" complexity="1">
              <lines>
                <line number="125" hits="1" branch="False" />
                <line number="127" hits="1" branch="False" />
                <line number="128" hits="1" branch="False" />
                <line number="129" hits="1" branch="False" />
                <line number="130" hits="1" branch="False" />
                <line number="131" hits="1" branch="False" />
                <line number="132" hits="1" branch="False" />
                <line number="134" hits="1" branch="False" />
                <line number="135" hits="1" branch="False" />
                <line number="136" hits="1" branch="False" />
                <line number="138" hits="1" branch="False" />
                <line number="139" hits="1" branch="False" />
                <line number="141" hits="1" branch="False" />
                <line number="142" hits="1" branch="False" />
                <line number="143" hits="1" branch="False" />
                <line number="144" hits="0" branch="False" />
              </lines>
            </method>
            <method name="PraznaListaKlijentiSBlokiranimRačunimaTest2" signature="()" line-rate="0.75" branch-rate="1" complexity="1">
              <lines>
                <line number="150" hits="1" branch="False" />
                <line number="152" hits="1" branch="False" />
                <line number="153" hits="1" branch="False" />
                <line number="154" hits="0" branch="False" />
              </lines>
            </method>
            <method name="PraznaListaKlijentiSBlokiranimRačunimaTest3" signature="()" line-rate="0.875" branch-rate="1" complexity="1">
              <lines>
                <line number="160" hits="1" branch="False" />
                <line number="162" hits="1" branch="False" />
                <line number="163" hits="1" branch="False" />
                <line number="164" hits="1" branch="False" />
                <line number="165" hits="1" branch="False" />
                <line number="166" hits="1" branch="False" />
                <line number="167" hits="1" branch="False" />
                <line number="168" hits="0" branch="False" />
              </lines>
            </method>
            <method name="DajKreditTest" signature="()" line-rate="1" branch-rate="1" complexity="1">
              <lines>
                <line number="173" hits="1" branch="False" />
                <line number="174" hits="1" branch="False" />
                <line number="175" hits="1" branch="False" />
                <line number="176" hits="1" branch="False" />
                <line number="177" hits="1" branch="False" />
                <line number="179" hits="1" branch="False" />
                <line number="181" hits="1" branch="False" />
                <line number="182" hits="1" branch="False" />
              </lines>
            </method>
            <method name="DajKreditTestKlijentNijeUBanci" signature="()" line-rate="0.8332999999999999" branch-rate="1" complexity="1">
              <lines>
                <line number="187" hits="1" branch="False" />
                <line number="188" hits="1" branch="False" />
                <line number="189" hits="1" branch="False" />
                <line number="190" hits="1" branch="False" />
                <line number="192" hits="1" branch="False" />
                <line number="193" hits="0" branch="False" />
              </lines>
            </method>
            <method name="DajKreditTestPremašenBrojKredita" signature="()" line-rate="0.9" branch-rate="0.5" complexity="2">
              <lines>
                <line number="198" hits="1" branch="False" />
                <line number="199" hits="1" branch="False" />
                <line number="200" hits="1" branch="False" />
                <line number="201" hits="1" branch="False" />
                <line number="202" hits="202" branch="True" condition-coverage="50% (1/2)">
                  <conditions>
                    <condition number="105" type="jump" coverage="50%" />
                  </conditions>
                </line>
                <line number="203" hits="101" branch="False" />
                <line number="204" hits="101" branch="False" />
                <line number="205" hits="101" branch="False" />
                <line number="206" hits="100" branch="False" />
                <line number="207" hits="0" branch="False" />
              </lines>
            </method>
            <method name="OdobriKreditTest" signature="()" line-rate="1" branch-rate="1" complexity="1">
              <lines>
                <line number="211" hits="1" branch="False" />
                <line number="212" hits="1" branch="False" />
                <line number="213" hits="1" branch="False" />
                <line number="214" hits="1" branch="False" />
                <line number="215" hits="1" branch="False" />
                <line number="216" hits="1" branch="False" />
                <line number="217" hits="1" branch="False" />
              </lines>
            </method>
          </methods>
          <lines>
            <line number="16" hits="1" branch="False" />
            <line number="17" hits="1" branch="False" />
            <line number="18" hits="1" branch="False" />
            <line number="19" hits="1" branch="False" />
            <line number="21" hits="1" branch="False" />
            <line number="22" hits="1" branch="False" />
            <line number="24" hits="1" branch="False" />
            <line number="25" hits="1" branch="False" />
            <line number="30" hits="1" branch="False" />
            <line number="31" hits="1" branch="False" />
            <line number="32" hits="1" branch="False" />
            <line number="33" hits="1" branch="False" />
            <line number="35" hits="1" branch="False" />
            <line number="36" hits="1" branch="False" />
            <line number="38" hits="1" branch="False" />
            <line number="40" hits="1" branch="False" />
            <line number="41" hits="1" branch="False" />
            <line number="46" hits="1" branch="False" />
            <line number="47" hits="1" branch="False" />
            <line number="48" hits="1" branch="False" />
            <line number="50" hits="1" branch="False" />
            <line number="51" hits="1" branch="False" />
            <line number="53" hits="1" branch="False" />
            <line number="54" hits="1" branch="False" />
            <line number="59" hits="1" branch="False" />
            <line number="60" hits="1" branch="False" />
            <line number="61" hits="1" branch="False" />
            <line number="62" hits="1" branch="False" />
            <line number="63" hits="0" branch="False" />
            <line number="68" hits="1" branch="False" />
            <line number="69" hits="1" branch="False" />
            <line number="70" hits="1" branch="False" />
            <line number="72" hits="1" branch="False" />
            <line number="73" hits="1" branch="False" />
            <line number="74" hits="1" branch="False" />
            <line number="75" hits="1" branch="False" />
            <line number="77" hits="1" branch="False" />
            <line number="78" hits="0" branch="False" />
            <line number="83" hits="1" branch="False" />
            <line number="84" hits="1" branch="False" />
            <line number="85" hits="1" branch="False" />
            <line number="87" hits="1" branch="False" />
            <line number="88" hits="1" branch="False" />
            <line number="89" hits="1" branch="False" />
            <line number="91" hits="1" branch="False" />
            <line number="92" hits="1" branch="False" />
            <line number="97" hits="1" branch="False" />
            <line number="99" hits="1" branch="False" />
            <line number="100" hits="1" branch="False" />
            <line number="101" hits="1" branch="False" />
            <line number="102" hits="1" branch="False" />
            <line number="103" hits="1" branch="False" />
            <line number="104" hits="1" branch="False" />
            <line number="105" hits="1" branch="False" />
            <line number="107" hits="1" branch="False" />
            <line number="108" hits="1" branch="False" />
            <line number="109" hits="1" branch="False" />
            <line number="111" hits="1" branch="False" />
            <line number="112" hits="1" branch="False" />
            <line number="114" hits="1" branch="False" />
            <line number="115" hits="1" branch="False" />
            <line number="116" hits="1" branch="False" />
            <line number="117" hits="1" branch="False" />
            <line number="118" hits="1" branch="False" />
            <line number="119" hits="1" branch="False" />
            <line number="125" hits="1" branch="False" />
            <line number="127" hits="1" branch="False" />
            <line number="128" hits="1" branch="False" />
            <line number="129" hits="1" branch="False" />
            <line number="130" hits="1" branch="False" />
            <line number="131" hits="1" branch="False" />
            <line number="132" hits="1" branch="False" />
            <line number="134" hits="1" branch="False" />
            <line number="135" hits="1" branch="False" />
            <line number="136" hits="1" branch="False" />
            <line number="138" hits="1" branch="False" />
            <line number="139" hits="1" branch="False" />
            <line number="141" hits="1" branch="False" />
            <line number="142" hits="1" branch="False" />
            <line number="143" hits="1" branch="False" />
            <line number="144" hits="0" branch="False" />
            <line number="150" hits="1" branch="False" />
            <line number="152" hits="1" branch="False" />
            <line number="153" hits="1" branch="False" />
            <line number="154" hits="0" branch="False" />
            <line number="160" hits="1" branch="False" />
            <line number="162" hits="1" branch="False" />
            <line number="163" hits="1" branch="False" />
            <line number="164" hits="1" branch="False" />
            <line number="165" hits="1" branch="False" />
            <line number="166" hits="1" branch="False" />
            <line number="167" hits="1" branch="False" />
            <line number="168" hits="0" branch="False" />
            <line number="173" hits="1" branch="False" />
            <line number="174" hits="1" branch="False" />
            <line number="175" hits="1" branch="False" />
            <line number="176" hits="1" branch="False" />
            <line number="177" hits="1" branch="False" />
            <line number="179" hits="1" branch="False" />
            <line number="181" hits="1" branch="False" />
            <line number="182" hits="1" branch="False" />
            <line number="187" hits="1" branch="False" />
            <line number="188" hits="1" branch="False" />
            <line number="189" hits="1" branch="False" />
            <line number="190" hits="1" branch="False" />
            <line number="192" hits="1" branch="False" />
            <line number="193" hits="0" branch="False" />
            <line number="198" hits="1" branch="False" />
            <line number="199" hits="1" branch="False" />
            <line number="200" hits="1" branch="False" />
            <line number="201" hits="1" branch="False" />
            <line number="202" hits="202" branch="True" condition-coverage="50% (1/2)">
              <conditions>
                <condition number="105" type="jump" coverage="50%" />
              </conditions>
            </line>
            <line number="203" hits="101" branch="False" />
            <line number="204" hits="101" branch="False" />
            <line number="205" hits="101" branch="False" />
            <line number="206" hits="100" branch="False" />
            <line number="207" hits="0" branch="False" />
            <line number="211" hits="1" branch="False" />
            <line number="212" hits="1" branch="False" />
            <line number="213" hits="1" branch="False" />
            <line number="214" hits="1" branch="False" />
            <line number="215" hits="1" branch="False" />
            <line number="216" hits="1" branch="False" />
            <line number="217" hits="1" branch="False" />
          </lines>
        </class>
        <class name="Unit_Testovi.KlijentTests" filename="Source\Repos\VVS_zadaca2.6\Hypo Banka\Unit Testovi\KlijentTests.cs" line-rate="0.9393" branch-rate="1" complexity="4">
          <methods>
            <method name="DajUkupanIznosNovcaNaSvimRačunimaTestNemaNijedanRacun" signature="()" line-rate="0.75" branch-rate="1" complexity="1">
              <lines>
                <line number="15" hits="1" branch="False" />
                <line number="16" hits="1" branch="False" />
                <line number="17" hits="1" branch="False" />
                <line number="18" hits="0" branch="False" />
              </lines>
            </method>
            <method name="DajUkupanIznosNovcaNaSvimRačunimaTest" signature="()" line-rate="1" branch-rate="1" complexity="1">
              <lines>
                <line number="23" hits="1" branch="False" />
                <line number="24" hits="1" branch="False" />
                <line number="25" hits="1" branch="False" />
                <line number="26" hits="1" branch="False" />
                <line number="27" hits="1" branch="False" />
                <line number="28" hits="1" branch="False" />
                <line number="30" hits="1" branch="False" />
                <line number="31" hits="1" branch="False" />
                <line number="32" hits="1" branch="False" />
                <line number="33" hits="1" branch="False" />
                <line number="35" hits="1" branch="False" />
                <line number="36" hits="1" branch="False" />
              </lines>
            </method>
            <method name="DajUkupanIznosNovcaNaSvimRačunimaTestBlokirani" signature="()" line-rate="0.9166" branch-rate="1" complexity="1">
              <lines>
                <line number="41" hits="1" branch="False" />
                <line number="42" hits="1" branch="False" />
                <line number="43" hits="1" branch="False" />
                <line number="44" hits="1" branch="False" />
                <line number="46" hits="1" branch="False" />
                <line number="47" hits="1" branch="False" />
                <line number="49" hits="1" branch="False" />
                <line number="50" hits="1" branch="False" />
                <line number="52" hits="1" branch="False" />
                <line number="53" hits="1" branch="False" />
                <line number="55" hits="1" branch="False" />
                <line number="56" hits="0" branch="False" />
              </lines>
            </method>
            <method name="TestSkidanjaIznosaSRačunaPrazan" signature="()" line-rate="1" branch-rate="1" complexity="1">
              <lines>
                <line number="61" hits="1" branch="False" />
                <line number="62" hits="1" branch="False" />
                <line number="63" hits="1" branch="False" />
                <line number="65" hits="1" branch="False" />
                <line number="66" hits="1" branch="False" />
              </lines>
            </method>
          </methods>
          <lines>
            <line number="15" hits="1" branch="False" />
            <line number="16" hits="1" branch="False" />
            <line number="17" hits="1" branch="False" />
            <line number="18" hits="0" branch="False" />
            <line number="23" hits="1" branch="False" />
            <line number="24" hits="1" branch="False" />
            <line number="25" hits="1" branch="False" />
            <line number="26" hits="1" branch="False" />
            <line number="27" hits="1" branch="False" />
            <line number="28" hits="1" branch="False" />
            <line number="30" hits="1" branch="False" />
            <line number="31" hits="1" branch="False" />
            <line number="32" hits="1" branch="False" />
            <line number="33" hits="1" branch="False" />
            <line number="35" hits="1" branch="False" />
            <line number="36" hits="1" branch="False" />
            <line number="41" hits="1" branch="False" />
            <line number="42" hits="1" branch="False" />
            <line number="43" hits="1" branch="False" />
            <line number="44" hits="1" branch="False" />
            <line number="46" hits="1" branch="False" />
            <line number="47" hits="1" branch="False" />
            <line number="49" hits="1" branch="False" />
            <line number="50" hits="1" branch="False" />
            <line number="52" hits="1" branch="False" />
            <line number="53" hits="1" branch="False" />
            <line number="55" hits="1" branch="False" />
            <line number="56" hits="0" branch="False" />
            <line number="61" hits="1" branch="False" />
            <line number="62" hits="1" branch="False" />
            <line number="63" hits="1" branch="False" />
            <line number="65" hits="1" branch="False" />
            <line number="66" hits="1" branch="False" />
          </lines>
        </class>
        <class name="Unit_Testovi.KorisnikTests" filename="Source\Repos\VVS_zadaca2.6\Hypo Banka\Unit Testovi\KorisnikTests.cs" line-rate="0.9411" branch-rate="1" complexity="7">
          <methods>
            <method name="get_KorisnikIspravno" signature="()" line-rate="1" branch-rate="1" complexity="1">
              <lines>
                <line number="18" hits="1" branch="False" />
                <line number="19" hits="1" branch="False" />
                <line number="20" hits="1" branch="False" />
                <line number="21" hits="1" branch="False" />
                <line number="22" hits="1" branch="False" />
                <line number="23" hits="1" branch="False" />
[...]
                <line number="103" hits="1" branch="False" />
                <line number="104" hits="1" branch="False" />
                <line number="105" hits="1" branch="False" />
                <line number="106" hits="1" branch="False" />
                <line number="107" hits="1" branch="False" />
                <line number="108" hits="1" branch="False" />
                <line number="109" hits="1" branch="False" />
                <line number="110" hits="1" branch="False" />
                <line number="111" hits="1" branch="False" />
                <line number="112" hits="1" branch="False" />
                <line number="114" hits="1" branch="False" />
              </lines>
            </method>
          </methods>
          <lines>
            <line number="14" hits="1" branch="False" />
            <line number="15" hits="1" branch="False" />
            <line number="16" hits="1" branch="False" />
            <line number="17" hits="1" branch="False" />
            <line number="18" hits="1" branch="False" />
            <line number="19" hits="1" branch="False" />
            <line number="25" hits="1" branch="False" />
            <line number="26" hits="1" branch="False" />
            <line number="27" hits="1" branch="False" />
            <line number="28" hits="1" branch="False" />
            <line number="29" hits="1" branch="False" />
            <line number="30" hits="1" branch="False" />
            <line number="31" hits="1" branch="False" />
            <line number="32" hits="1" branch="False" />
            <line number="33" hits="1" branch="False" />
            <line number="34" hits="1" branch="False" />
            <line number="35" hits="1" branch="False" />
            <line number="36" hits="1" branch="False" />
            <line number="43" hits="3" branch="False" />
            <line number="44" hits="3" branch="False" />
            <line number="45" hits="0" branch="False" />
            <line number="51" hits="1" branch="False" />
            <line number="52" hits="1" branch="False" />
            <line number="53" hits="1" branch="False" />
            <line number="54" hits="1" branch="False" />
            <line number="55" hits="1" branch="False" />
            <line number="56" hits="1" branch="False" />
            <line number="57" hits="1" branch="False" />
            <line number="58" hits="1" branch="False" />
            <line number="59" hits="1" branch="False" />
            <line number="60" hits="1" branch="False" />
            <line number="61" hits="1" branch="False" />
            <line number="62" hits="1" branch="False" />
            <line number="68" hits="3" branch="False" />
            <line number="69" hits="3" branch="False" />
            <line number="70" hits="0" branch="False" />
            <line number="76" hits="1" branch="False" />
            <line number="77" hits="1" branch="False" />
            <line number="78" hits="1" branch="False" />
            <line number="79" hits="1" branch="False" />
            <line number="80" hits="1" branch="False" />
            <line number="81" hits="1" branch="False" />
            <line number="82" hits="1" branch="False" />
            <line number="83" hits="1" branch="False" />
            <line number="84" hits="1" branch="False" />
            <line number="85" hits="1" branch="False" />
            <line number="86" hits="1" branch="False" />
            <line number="87" hits="1" branch="False" />
            <line number="93" hits="3" branch="False" />
            <line number="94" hits="3" branch="False" />
            <line number="95" hits="3" branch="False" />
            <line number="100" hits="1" branch="False" />
            <line number="101" hits="1" branch="False" />
            <line number="102" hits="1" branch="False" />
            <line number="103" hits="1" branch="False" />
            <line number="104" hits="1" branch="False" />
            <line number="105" hits="1" branch="False" />
            <line number="106" hits="1" branch="False" />
            <line number="107" hits="1" branch="False" />
            <line number="108" hits="1" branch="False" />
            <line number="109" hits="1" branch="False" />
            <line number="110" hits="1" branch="False" />
            <line number="111" hits="1" branch="False" />
            <line number="112" hits="1" branch="False" />
            <line number="114" hits="1" branch="False" />
          </lines>
        </class>
        <class name="Unit_Testovi.NoviTestovi" filename="Source\Repos\VVS_zadaca2.6\Hypo Banka\Unit Testovi\NoviTestovi.cs" line-rate="0.9787" branch-rate="1" complexity="4">
          <methods>
            <method name="TestZamjenskiObjekat" signature="()" line-rate="1" branch-rate="1" complexity="1">
              <lines>
                <line number="14" hits="1" branch="False" />
                <line number="16" hits="1" branch="False" />
                <line number="17" hits="1" branch="False" />
                <line number="18" hits="1" branch="False" />
                <line number="19" hits="1" branch="False" />
                <line number="20" hits="1" branch="False" />
                <line number="22" hits="1" branch="False" />
                <line number="24" hits="1" branch="False" />
                <line number="26" hits="1" branch="False" />
                <line number="28" hits="1" branch="False" />
                <line number="29" hits="1" branch="False" />
              </lines>
            </method>
            <method name="TestSkidanjaIznosaSRačuna" signature="()" line-rate="1" branch-rate="1" complexity="1">
              <lines>
                <line number="37" hits="1" branch="False" />
                <line number="38" hits="1" branch="False" />
                <line number="39" hits="1" branch="False" />
                <line number="40" hits="1" branch="False" />
                <line number="41" hits="1" branch="False" />
                <line number="42" hits="1" branch="False" />
                <line number="44" hits="1" branch="False" />
                <line number="46" hits="1" branch="False" />
                <line number="47" hits="1" branch="False" />
              </lines>
            </method>
            <method name="TestSkidanjaIznosaSVišeRačuna" signature="()" line-rate="1" branch-rate="1" complexity="1">
              <lines>
                <line number="51" hits="1" branch="False" />
                <line number="52" hits="1" branch="False" />
                <line number="53" hits="1" branch="False" />
                <line number="54" hits="1" branch="False" />
                <line number="55" hits="1" branch="False" />
                <line number="56" hits="1" branch="False" />
                <line number="57" hits="1" branch="False" />
                <line number="58" hits="1" branch="False" />
                <line number="60" hits="1" branch="False" />
                <line number="61" hits="1" branch="False" />
                <line number="63" hits="1" branch="False" />
                <line number="65" hits="1" branch="False" />
                <line number="66" hits="1" branch="False" />
              </lines>
            </method>
            <method name="TestSkidanjaIznosaIzuzetak" signature="()" line-rate="0.9285" branch-rate="1" complexity="1">
              <lines>
                <line number="71" hits="1" branch="False" />
                <line number="72" hits="1" branch="False" />
                <line number="73" hits="1" branch="False" />
                <line number="74" hits="1" branch="False" />
                <line number="75" hits="1" branch="False" />
                <line number="76" hits="1" branch="False" />
                <line number="77" hits="1" branch="False" />
                <line number="78" hits="1" branch="False" />
                <line number="80" hits="1" branch="False" />
                <line number="81" hits="1" branch="False" />
                <line number="83" hits="1" branch="False" />
                <line number="84" hits="1" branch="False" />
                <line number="86" hits="1" branch="False" />
                <line number="87" hits="0" branch="False" />
              </lines>
            </method>
          </methods>
          <lines>
            <line number="14" hits="1" branch="False" />
            <line number="16" hits="1" branch="False" />
            <line number="17" hits="1" branch="False" />
            <line number="18" hits="1" branch="False" />
            <line number="19" hits="1" branch="False" />
            <line number="20" hits="1" branch="False" />
            <line number="22" hits="1" branch="False" />
            <line number="24" hits="1" branch="False" />
            <line number="26" hits="1" branch="False" />
            <line number="28" hits="1" branch="False" />
            <line number="29" hits="1" branch="False" />
            <line number="37" hits="1" branch="False" />
            <line number="38" hits="1" branch="False" />
            <line number="39" hits="1" branch="False" />
            <line number="40" hits="1" branch="False" />
            <line number="41" hits="1" branch="False" />
            <line number="42" hits="1" branch="False" />
            <line number="44" hits="1" branch="False" />
            <line number="46" hits="1" branch="False" />
            <line number="47" hits="1" branch="False" />
            <line number="51" hits="1" branch="False" />
            <line number="52" hits="1" branch="False" />
            <line number="53" hits="1" branch="False" />
            <line number="54" hits="1" branch="False" />
            <line number="55" hits="1" branch="False" />
            <line number="56" hits="1" branch="False" />
            <line number="57" hits="1" branch="False" />
            <line number="58" hits="1" branch="False" />
            <line number="60" hits="1" branch="False" />
            <line number="61" hits="1" branch="False" />
            <line number="63" hits="1" branch="False" />
            <line number="65" hits="1" branch="False" />
            <line number="66" hits="1" branch="False" />
            <line number="71" hits="1" branch="False" />
            <line number="72" hits="1" branch="False" />
            <line number="73" hits="1" branch="False" />
            <line number="74" hits="1" branch="False" />
            <line number="75" hits="1" branch="False" />
            <line number="76" hits="1" branch="False" />
            <line number="77" hits="1" branch="False" />
            <line number="78" hits="1" branch="False" />
            <line number="80" hits="1" branch="False" />
            <line number="81" hits="1" branch="False" />
            <line number="83" hits="1" branch="False" />
            <line number="84" hits="1" branch="False" />
            <line number="86" hits="1" branch="False" />
            <line number="87" hits="0" branch="False" />
          </lines>
        </class>
        <class name="Unit_Testovi.RacunTests" filename="Source\Repos\VVS_zadaca2.6\Hypo Banka\Unit Testovi\RacunTests.cs" line-rate="0.92" branch-rate="1" complexity="9">
          <methods>
            <method name="RacunTest" signature="()" line-rate="1" branch-rate="1" complexity="1">
              <lines>
                <line number="15" hits="1" branch="False" />
                <line number="16" hits="1" branch="False" />
                <line number="17" hits="1" branch="False" />
                <line number="18" hits="1" branch="False" />
              </lines>
            </method>
            <method name="PromijeniStanjeRačunaTestPogrešnaVerifikacija" signature="()" line-rate="0.75" branch-rate="1" complexity="1">
              <lines>
                <line number="23" hits="1" branch="False" />
                <line number="24" hits="1" branch="False" />
                <line number="25" hits="1" branch="False" />
                <line number="26" hits="0" branch="False" />
              </lines>
            </method>
            <method name="PromijeniStanjeRačunaTest" signature="()" line-rate="1" branch-rate="1" complexity="1">
              <lines>
                <line number="31" hits="1" branch="False" />
                <line number="32" hits="1" branch="False" />
                <line number="33" hits="1" branch="False" />
                <line number="35" hits="1" branch="False" />
                <line number="36" hits="1" branch="False" />
              </lines>
            </method>
            <method name="get_RacuniPocetnoStanjeVeceOdNula" signature="()" line-rate="1" branch-rate="1" complexity="1">
              <lines>
                <line number="42" hits="1" branch="False" />
                <line number="43" hits="1" branch="False" />
                <line number="44" hits="1" branch="False" />
                <line number="45" hits="1" branch="False" />
                <line number="46" hits="1" branch="False" />
                <line number="47" hits="1" branch="False" />
                <line number="48" hits="1" branch="False" />
                <line number="49" hits="1" branch="False" />
              </lines>
            </method>
            <method name="RacunBlokiranjeNijeDozvoljeno1" signature="(System.Double)" line-rate="0.75" branch-rate="1" complexity="1">
              <lines>
                <line number="59" hits="3" branch="False" />
                <line number="60" hits="3" branch="False" />
                <line number="61" hits="3" branch="False" />
                <line number="62" hits="0" branch="False" />
              </lines>
            </method>
            <method name="get_RacuniPocetnoStanjeManjeOdGranice" signature="()" line-rate="1" branch-rate="1" complexity="1">
              <lines>
                <line number="67" hits="1" branch="False" />
                <line number="68" hits="1" branch="False" />
                <line number="69" hits="1" branch="False" />
                <line number="70" hits="1" branch="False" />
                <line number="71" hits="1" branch="False" />
                <line number="72" hits="1" branch="False" />
                <line number="73" hits="1" branch="False" />
                <line number="74" hits="1" branch="False" />
              </lines>
            </method>
            <method name="RacunBlokiranjeNijeDozvoljeno2" signature="(System.Double)" line-rate="0.5" branch-rate="1" complexity="1">
              <lines>
                <line number="82" hits="3" branch="False" />
                <line number="83" hits="3" branch="False" />
                <line number="84" hits="0" branch="False" />
                <line number="85" hits="0" branch="False" />
              </lines>
            </method>
            <method name="get_RacuniPocetnoStanjeIspravno" signature="()" line-rate="1" branch-rate="1" complexity="1">
              <lines>
                <line number="91" hits="1" branch="False" />
                <line number="92" hits="1" branch="False" />
                <line number="93" hits="1" branch="False" />
                <line number="94" hits="1" branch="False" />
                <line number="95" hits="1" branch="False" />
                <line number="96" hits="1" branch="False" />
                <line number="97" hits="1" branch="False" />
                <line number="98" hits="1" branch="False" />
              </lines>
            </method>
            <method name="RacunBlokiranjeDozvoljeno" signature="(System.Double)" line-rate="1" branch-rate="1" complexity="1">
              <lines>
                <line number="104" hits="3" branch="False" />
                <line number="105" hits="3" branch="False" />
                <line number="106" hits="2" branch="False" />
                <line number="107" hits="2" branch="False" />
                <line number="108" hits="2" branch="False" />
              </lines>
            </method>
          </methods>
          <lines>
            <line number="15" hits="1" branch="False" />
            <line number="16" hits="1" branch="False" />
            <line number="17" hits="1" branch="False" />
            <line number="18" hits="1" branch="False" />
            <line number="23" hits="1" branch="False" />
            <line number="24" hits="1" branch="False" />
            <line number="25" hits="1" branch="False" />
            <line number="26" hits="0" branch="False" />
            <line number="31" hits="1" branch="False" />
            <line number="32" hits="1" branch="False" />
            <line number="33" hits="1" branch="False" />
            <line number="35" hits="1" branch="False" />
            <line number="36" hits="1" branch="False" />
            <line number="42" hits="1" branch="False" />
            <line number="43" hits="1" branch="False" />
            <line number="44" hits="1" branch="False" />
            <line number="45" hits="1" branch="False" />
            <line number="46" hits="1" branch="False" />
            <line number="47" hits="1" branch="False" />
            <line number="48" hits="1" branch="False" />
            <line number="49" hits="1" branch="False" />
            <line number="59" hits="3" branch="False" />
            <line number="60" hits="3" branch="False" />
            <line number="61" hits="3" branch="False" />
            <line number="62" hits="0" branch="False" />
            <line number="67" hits="1" branch="False" />
            <line number="68" hits="1" branch="False" />
            <line number="69" hits="1" branch="False" />
            <line number="70" hits="1" branch="False" />
            <line number="71" hits="1" branch="False" />
            <line number="72" hits="1" branch="False" />
            <line number="73" hits="1" branch="False" />
            <line number="74" hits="1" branch="False" />
            <line number="82" hits="3" branch="False" />
            <line number="83" hits="3" branch="False" />
            <line number="84" hits="0" branch="False" />
            <line number="85" hits="0" branch="False" />
            <line number="91" hits="1" branch="False" />
            <line number="92" hits="1" branch="False" />
            <line number="93" hits="1" branch="False" />
            <line number="94" hits="1" branch="False" />
            <line number="95" hits="1" branch="False" />
            <line number="96" hits="1" branch="False" />
            <line number="97" hits="1" branch="False" />
            <line number="98" hits="1" branch="False" />
            <line number="104" hits="3" branch="False" />
            <line number="105" hits="3" branch="False" />
            <line number="106" hits="2" branch="False" />
            <line number="107" hits="2" branch="False" />
            <line number="108" hits="2" branch="False" />
          </lines>
        </class>
        <class name="Unit_Testovi.ZahtjevTests" filename="Source\Repos\VVS_zadaca2.6\Hypo Banka\Unit Testovi\ZahtjevTests.cs" line-rate="0.75" branch-rate="1" complexity="1">
          <methods>
            <method name="DaLiJePovoljanNijeImplementiranTest" signature="()" line-rate="0.75" branch-rate="1" complexity="1">
              <lines>
                <line number="15" hits="1" branch="False" />
                <line number="16" hits="1" branch="False" />
                <line number="17" hits="1" branch="False" />
                <line number="18" hits="0" branch="False" />
              </lines>
            </method>
          </methods>
          <lines>
            <line number="15" hits="1" branch="False" />
            <line number="16" hits="1" branch="False" />
            <line number="17" hits="1" branch="False" />
            <line number="18" hits="0" branch="False" />
          </lines>
        </class>
      </classes>
    </package>
  </packages>
</coverage>