<?xml version="1.0" encoding="utf-8"?>
<!DOCTYPE coverage SYSTEM "http://cobertura.sourceforge.net/xml/coverage-04.dtd">
<coverage line-rate="0.9047619047619048" branch-rate="0.7068965517241379" lines-covered="418" lines-valid="462" branches-covered="82" branches-valid="116" complexity="173" version="0" timestamp="1606742042">
  <sources>
    <source>C:\Users\HP\</source>
  </sources>
  <packages>
    <package name="Hypo Banka" line-rate="0.8823529411764706" branch-rate="0.7105263157894737" complexity="145">
      <classes>
        <class name="Hypo_Banka.Banka" filename="C:\Users\HP\Source\Repos\ekarahodza1\VVS_zadaca2\Hypo Banka\Hypo Banka\Banka.cs" line-rate="0.9298245614035088" branch-rate="0.9615384615384616" complexity="29">
          <methods>
            <method name="get_Klijenti" signature="()" line-rate="1" branch-rate="1" complexity="1">
              <lines>
                <line number="19" hits="10" branch="false" />
              </lines>
            </method>
            <method name="get_Krediti" signature="()" line-rate="1" branch-rate="1" complexity="1">
              <lines>
                <line number="24" hits="104" branch="false" />
              </lines>
            </method>
            <method name="RadSaKlijentom" signature="(...)" line-rate="1" branch-rate="1" complexity="6">
              <lines>
                <line number="42" hits="115" branch="false" />
                <line number="43" hits="115" branch="true" condition-coverage="100% (2/2)" />
                <line number="44" hits="113" branch="false" />
                <line number="46" hits="2" branch="true" condition-coverage="100% (2/2)" />
                <line number="47" hits="1" branch="false" />
                <line number="48" hits="2" branch="false" />
                <line number="49" hits="1" branch="false" />
                <line number="50" hits="1" branch="false" />
                <line number="52" hits="1" branch="true" condition-coverage="100% (2/2)" />
                <line number="53" hits="1" branch="false" />
                <line number="54" hits="1" branch="false" />
                <line number="55" hits="1" branch="false" />
                <line number="56" hits="115" branch="false" />
              </lines>
            </method>
            <method name="OtvaranjeNovogRačuna" signature="(...)" line-rate="1" branch-rate="1" complexity="4">
              <lines>
                <line number="59" hits="10" branch="false" />
                <line number="60" hits="19" branch="false" />
                <line number="61" hits="10" branch="true" condition-coverage="100% (2/2)" />
                <line number="62" hits="1" branch="false" />
                <line number="64" hits="9" branch="true" condition-coverage="100% (2/2)" />
                <line number="65" hits="8" branch="false" />
                <line number="67" hits="1" branch="false" />
                <line number="68" hits="8" branch="false" />
              </lines>
            </method>
            <method name="KlijentiSBlokiranimRačunima" signature="()" line-rate="0.9375" branch-rate="1" complexity="10">
              <lines>
                <line number="79" hits="4" branch="false" />
                <line number="80" hits="4" branch="false" />
                <line number="81" hits="24" branch="true" condition-coverage="100% (2/2)" />
                <line number="82" hits="6" branch="false" />
                <line number="83" hits="6" branch="false" />
                <line number="84" hits="34" branch="true" condition-coverage="100% (2/2)" />
                <line number="85" hits="8" branch="false" />
                <line number="87" hits="8" branch="false" />
                <line number="88" hits="9" branch="true" condition-coverage="100% (2/2)" />
                <line number="89" hits="0" branch="false" />
                <line number="90" hits="8" branch="false" />
                <line number="91" hits="15" branch="true" condition-coverage="100% (2/2)" />
                <line number="92" hits="6" branch="false" />
                <line number="93" hits="7" branch="true" condition-coverage="100% (2/2)" />
                <line number="94" hits="1" branch="false" />
                <line number="95" hits="1" branch="false" />
              </lines>
            </method>
            <method name="DajKredit" signature="(...)" line-rate="1" branch-rate="1" complexity="4">
              <lines>
                <line number="98" hits="103" branch="false" />
                <line number="99" hits="205" branch="false" />
                <line number="101" hits="103" branch="true" condition-coverage="100% (4/4)" />
                <line number="102" hits="2" branch="false" />
                <line number="104" hits="101" branch="false" />
                <line number="105" hits="101" branch="false" />
              </lines>
            </method>
            <method name="OdobriKredit" signature="(...)" line-rate="0.5714285714285714" branch-rate="0.5" complexity="2">
              <lines>
                <line number="108" hits="1" branch="false" />
                <line number="109" hits="1" branch="true" condition-coverage="50% (1/2)" />
                <line number="110" hits="0" branch="false" />
                <line number="111" hits="0" branch="false" />
                <line number="112" hits="0" branch="false" />
                <line number="115" hits="1" branch="false" />
                <line number="116" hits="1" branch="false" />
              </lines>
            </method>
            <method name=".ctor" signature="()" line-rate="1" branch-rate="1" complexity="1">
              <lines>
                <line number="31" hits="17" branch="false" />
                <line number="32" hits="17" branch="false" />
                <line number="33" hits="17" branch="false" />
                <line number="34" hits="17" branch="false" />
                <line number="35" hits="17" branch="false" />
              </lines>
            </method>
          </methods>
          <lines>
            <line number="19" hits="10" branch="false" />
            <line number="24" hits="104" branch="false" />
            <line number="31" hits="17" branch="false" />
            <line number="32" hits="17" branch="false" />
            <line number="33" hits="17" branch="false" />
            <line number="34" hits="17" branch="false" />
            <line number="35" hits="17" branch="false" />
            <line number="42" hits="115" branch="false" />
            <line number="43" hits="115" branch="true" condition-coverage="100% (2/2)" />
            <line number="44" hits="113" branch="false" />
            <line number="46" hits="2" branch="true" condition-coverage="100% (2/2)" />
            <line number="47" hits="1" branch="false" />
            <line number="48" hits="2" branch="false" />
            <line number="49" hits="1" branch="false" />
            <line number="50" hits="1" branch="false" />
            <line number="52" hits="1" branch="true" condition-coverage="100% (2/2)" />
            <line number="53" hits="1" branch="false" />
            <line number="54" hits="1" branch="false" />
            <line number="55" hits="1" branch="false" />
            <line number="56" hits="115" branch="false" />
            <line number="59" hits="10" branch="false" />
            <line number="60" hits="19" branch="false" />
            <line number="61" hits="10" branch="true" condition-coverage="100% (2/2)" />
            <line number="62" hits="1" branch="false" />
            <line number="64" hits="9" branch="true" condition-coverage="100% (2/2)" />
            <line number="65" hits="8" branch="false" />
            <line number="67" hits="1" branch="false" />
            <line number="68" hits="8" branch="false" />
            <line number="79" hits="4" branch="false" />
            <line number="80" hits="4" branch="false" />
            <line number="81" hits="24" branch="true" condition-coverage="100% (2/2)" />
            <line number="82" hits="6" branch="false" />
            <line number="83" hits="6" branch="false" />
            <line number="84" hits="34" branch="true" condition-coverage="100% (2/2)" />
            <line number="85" hits="8" branch="false" />
            <line number="87" hits="8" branch="false" />
            <line number="88" hits="9" branch="true" condition-coverage="100% (2/2)" />
            <line number="89" hits="0" branch="false" />
            <line number="90" hits="8" branch="false" />
            <line number="91" hits="15" branch="true" condition-coverage="100% (2/2)" />
            <line number="92" hits="6" branch="false" />
            <line number="93" hits="7" branch="true" condition-coverage="100% (2/2)" />
            <line number="94" hits="1" branch="false" />
            <line number="95" hits="1" branch="false" />
            <line number="98" hits="103" branch="false" />
            <line number="99" hits="205" branch="false" />
            <line number="101" hits="103" branch="true" condition-coverage="100% (4/4)" />
            <line number="102" hits="2" branch="false" />
            <line number="104" hits="101" branch="false" />
            <line number="105" hits="101" branch="false" />
            <line number="108" hits="1" branch="false" />
            <line number="109" hits="1" branch="true" condition-coverage="50% (1/2)" />
            <line number="110" hits="0" branch="false" />
            <line number="111" hits="0" branch="false" />
            <line number="112" hits="0" branch="false" />
            <line number="115" hits="1" branch="false" />
            <line number="116" hits="1" branch="false" />
          </lines>
        </class>
        <class name="Hypo_Banka.Klijent" filename="C:\Users\HP\Source\Repos\ekarahodza1\VVS_zadaca2\Hypo Banka\Hypo Banka\Klijent.cs" line-rate="0.9285714285714286" branch-rate="0.7333333333333333" complexity="35">
          <methods>
            <method name="get_DatumRodenja" signature="()" line-rate="0" branch-rate="1" complexity="1">
              <lines>
                <line number="22" hits="0" branch="false" />
              </lines>
            </method>
            <method name="set_DatumRodenja" signature="(...)" line-rate="0.8333333333333334" branch-rate="0.5" complexity="4">
              <lines>
                <line number="24" hits="15" branch="false" />
                <line number="25" hits="15" branch="true" condition-coverage="50% (2/4)" />
                <line number="26" hits="15" branch="false" />
                <line number="27" hits="0" branch="false" />
                <line number="29" hits="15" branch="false" />
                <line number="30" hits="15" branch="false" />
              </lines>
            </method>
            <method name="get_BrojLicneKarte" signature="()" line-rate="1" branch-rate="1" complexity="1">
              <lines>
                <line number="34" hits="224" branch="false" />
              </lines>
            </method>
            <method name="set_BrojLicneKarte" signature="(...)" line-rate="0.8888888888888888" branch-rate="0.5" complexity="10">
              <lines>
                <line number="36" hits="15" branch="false" />
                <line number="37" hits="15" branch="true" condition-coverage="50% (5/10)" />
                <line number="38" hits="15" branch="false" />
                <line number="39" hits="15" branch="false" />
                <line number="40" hits="15" branch="false" />
                <line number="41" hits="15" branch="false" />
                <line number="42" hits="0" branch="false" />
                <line number="44" hits="15" branch="false" />
                <line number="45" hits="15" branch="false" />
              </lines>
            </method>
            <method name="get_Racuni" signature="()" line-rate="1" branch-rate="1" complexity="1">
              <lines>
                <line number="49" hits="43" branch="false" />
              </lines>
            </method>
            <method name="DajUkupanIznosNovcaNaSvimRačunima" signature="()" line-rate="1" branch-rate="1" complexity="10">
              <lines>
                <line number="83" hits="3" branch="false" />
                <line number="84" hits="4" branch="true" condition-coverage="100% (4/4)" />
                <line number="85" hits="2" branch="false" />
                <line number="86" hits="2" branch="false" />
                <line number="87" hits="18" branch="true" condition-coverage="100% (2/2)" />
                <line number="88" hits="6" branch="false" />
                <line number="89" hits="6" branch="true" condition-coverage="100% (2/2)" />
                <line number="90" hits="4" branch="false" />
                <line number="91" hits="4" branch="false" />
                <line number="92" hits="4" branch="false" />
                <line number="93" hits="4" branch="false" />
                <line number="94" hits="6" branch="false" />
                <line number="95" hits="3" branch="true" condition-coverage="100% (2/2)" />
                <line number="96" hits="1" branch="false" />
                <line number="97" hits="1" branch="false" />
              </lines>
            </method>
            <method name="SkiniIznosSaNekogOdRačuna" signature="(...)" line-rate="0.9230769230769231" branch-rate="0.8333333333333334" complexity="6">
              <lines>
                <line number="101" hits="3" branch="false" />
                <line number="102" hits="0" branch="true" condition-coverage="50% (1/2)" />
                <line number="103" hits="3" branch="false" />
                <line number="104" hits="6" branch="true" condition-coverage="100% (2/2)" />
                <line number="105" hits="5" branch="false" />
                <line number="106" hits="5" branch="true" condition-coverage="100% (2/2)" />
                <line number="107" hits="2" branch="false" />
                <line number="108" hits="2" branch="false" />
                <line number="109" hits="2" branch="false" />
                <line number="111" hits="3" branch="false" />
                <line number="112" hits="3" branch="false" />
                <line number="113" hits="1" branch="false" />
                <line number="114" hits="2" branch="false" />
              </lines>
            </method>
            <method name=".ctor" signature="(...)" line-rate="1" branch-rate="1" complexity="1">
              <lines>
                <line number="58" hits="16" branch="false" />
                <line number="59" hits="15" branch="false" />
                <line number="60" hits="15" branch="false" />
                <line number="61" hits="15" branch="false" />
                <line number="62" hits="15" branch="false" />
                <line number="63" hits="15" branch="false" />
              </lines>
            </method>
            <method name=".ctor" signature="()" line-rate="1" branch-rate="1" complexity="1">
              <lines>
                <line number="65" hits="13" branch="false" />
                <line number="66" hits="13" branch="false" />
                <line number="67" hits="13" branch="false" />
                <line number="68" hits="13" branch="false" />
              </lines>
            </method>
          </methods>
          <lines>
            <line number="22" hits="0" branch="false" />
            <line number="24" hits="15" branch="false" />
            <line number="25" hits="15" branch="true" condition-coverage="50% (2/4)" />
            <line number="26" hits="15" branch="false" />
            <line number="27" hits="0" branch="false" />
            <line number="29" hits="15" branch="false" />
            <line number="30" hits="15" branch="false" />
            <line number="34" hits="224" branch="false" />
            <line number="36" hits="15" branch="false" />
            <line number="37" hits="15" branch="true" condition-coverage="50% (5/10)" />
            <line number="38" hits="15" branch="false" />
            <line number="39" hits="15" branch="false" />
            <line number="40" hits="15" branch="false" />
            <line number="41" hits="15" branch="false" />
            <line number="42" hits="0" branch="false" />
            <line number="44" hits="15" branch="false" />
            <line number="45" hits="15" branch="false" />
            <line number="49" hits="43" branch="false" />
            <line number="58" hits="16" branch="false" />
            <line number="59" hits="15" branch="false" />
            <line number="60" hits="15" branch="false" />
            <line number="61" hits="15" branch="false" />
            <line number="62" hits="15" branch="false" />
            <line number="63" hits="15" branch="false" />
            <line number="65" hits="13" branch="false" />
            <line number="66" hits="13" branch="false" />
            <line number="67" hits="13" branch="false" />
            <line number="68" hits="13" branch="false" />
            <line number="83" hits="3" branch="false" />
            <line number="84" hits="4" branch="true" condition-coverage="100% (4/4)" />
            <line number="85" hits="2" branch="false" />
            <line number="86" hits="2" branch="false" />
            <line number="87" hits="18" branch="true" condition-coverage="100% (2/2)" />
            <line number="88" hits="6" branch="false" />
            <line number="89" hits="6" branch="true" condition-coverage="100% (2/2)" />
            <line number="90" hits="4" branch="false" />
            <line number="91" hits="4" branch="false" />
            <line number="92" hits="4" branch="false" />
            <line number="93" hits="4" branch="false" />
            <line number="94" hits="6" branch="false" />
            <line number="95" hits="3" branch="true" condition-coverage="100% (2/2)" />
            <line number="96" hits="1" branch="false" />
            <line number="97" hits="1" branch="false" />
            <line number="101" hits="3" branch="false" />
            <line number="102" hits="0" branch="true" condition-coverage="50% (1/2)" />
            <line number="103" hits="3" branch="false" />
            <line number="104" hits="6" branch="true" condition-coverage="100% (2/2)" />
            <line number="105" hits="5" branch="false" />
            <line number="106" hits="5" branch="true" condition-coverage="100% (2/2)" />
            <line number="107" hits="2" branch="false" />
            <line number="108" hits="2" branch="false" />
            <line number="109" hits="2" branch="false" />
            <line number="111" hits="3" branch="false" />
            <line number="112" hits="3" branch="false" />
            <line number="113" hits="1" branch="false" />
            <line number="114" hits="2" branch="false" />
          </lines>
        </class>
        <class name="Hypo_Banka.Korisnik" filename="C:\Users\HP\Source\Repos\ekarahodza1\VVS_zadaca2\Hypo Banka\Hypo Banka\Korisnik.cs" line-rate="0.8947368421052632" branch-rate="0.59375" complexity="40">
          <methods>
            <method name="get_Id" signature="()" line-rate="0" branch-rate="1" complexity="1">
              <lines>
                <line number="22" hits="0" branch="false" />
              </lines>
            </method>
            <method name="get_Ime" signature="()" line-rate="1" branch-rate="1" complexity="1">
              <lines>
                <line number="27" hits="12" branch="false" />
              </lines>
            </method>
            <method name="set_Ime" signature="(...)" line-rate="1" branch-rate="0.875" complexity="8">
              <lines>
                <line number="29" hits="17" branch="false" />
                <line number="30" hits="17" branch="true" condition-coverage="88% (7/8)" />
                <line number="31" hits="17" branch="false" />
                <line number="32" hits="17" branch="false" />
                <line number="33" hits="2" branch="false" />
                <line number="35" hits="15" branch="false" />
                <line number="36" hits="15" branch="false" />
              </lines>
            </method>
            <method name="get_Prezime" signature="()" line-rate="1" branch-rate="1" complexity="1">
              <lines>
                <line number="41" hits="12" branch="false" />
              </lines>
            </method>
            <method name="set_Prezime" signature="(...)" line-rate="0.8571428571428571" branch-rate="0.5" complexity="8">
              <lines>
                <line number="43" hits="15" branch="false" />
                <line number="44" hits="15" branch="true" condition-coverage="50% (4/8)" />
                <line number="45" hits="15" branch="false" />
                <line number="46" hits="15" branch="false" />
                <line number="47" hits="0" branch="false" />
                <line number="49" hits="15" branch="false" />
                <line number="50" hits="15" branch="false" />
              </lines>
            </method>
            <method name="get_KorisnickoIme" signature="()" line-rate="1" branch-rate="1" complexity="1">
              <lines>
                <line number="54" hits="1" branch="false" />
              </lines>
            </method>
            <method name="set_KorisnickoIme" signature="(...)" line-rate="0.8" branch-rate="0.5" complexity="4">
              <lines>
                <line number="56" hits="21" branch="false" />
                <line number="57" hits="21" branch="true" condition-coverage="50% (2/4)" />
                <line number="58" hits="0" branch="false" />
                <line number="60" hits="21" branch="false" />
                <line number="61" hits="21" branch="false" />
              </lines>
            </method>
            <method name="get_Lozinka" signature="()" line-rate="0" branch-rate="1" complexity="1">
              <lines>
                <line number="65" hits="0" branch="false" />
              </lines>
            </method>
            <method name="set_Lozinka" signature="(...)" line-rate="0.875" branch-rate="0.5" complexity="8">
              <lines>
                <line number="67" hits="21" branch="false" />
                <line number="68" hits="21" branch="true" condition-coverage="50% (4/8)" />
                <line number="69" hits="21" branch="false" />
                <line number="70" hits="0" branch="false" />
                <line number="72" hits="21" branch="false" />
                <line number="73" hits="21" branch="false" />
                <line number="74" hits="21" branch="false" />
                <line number="75" hits="21" branch="false" />
              </lines>
            </method>
            <method name="AutomatskoGenerisanjePodataka" signature="()" line-rate="0.9166666666666666" branch-rate="0.5" complexity="4">
              <lines>
                <line number="112" hits="6" branch="false" />
                <line number="113" hits="0" branch="true" condition-coverage="50% (2/4)" />
                <line number="114" hits="6" branch="false" />
                <line number="115" hits="6" branch="false" />
                <line number="116" hits="6" branch="false" />
                <line number="117" hits="126" branch="false" />
                <line number="118" hits="6" branch="false" />
                <line number="119" hits="6" branch="false" />
                <line number="120" hits="6" branch="false" />
                <line number="121" hits="6" branch="false" />
                <line number="122" hits="6" branch="false" />
                <line number="123" hits="6" branch="false" />
              </lines>
            </method>
            <method name=".ctor" signature="(...)" line-rate="1" branch-rate="1" complexity="1">
              <lines>
                <line number="82" hits="16" branch="false" />
                <line number="83" hits="16" branch="false" />
                <line number="84" hits="16" branch="false" />
                <line number="85" hits="15" branch="false" />
                <line number="86" hits="15" branch="false" />
                <line number="87" hits="15" branch="false" />
                <line number="89" hits="15" branch="false" />
                <line number="90" hits="15" branch="false" />
                <line number="91" hits="15" branch="false" />
              </lines>
            </method>
            <method name=".ctor" signature="()" line-rate="1" branch-rate="1" complexity="1">
              <lines>
                <line number="93" hits="13" branch="false" />
                <line number="94" hits="13" branch="false" />
                <line number="96" hits="13" branch="false" />
              </lines>
            </method>
            <method name=".cctor" signature="()" line-rate="1" branch-rate="1" complexity="1">
              <lines>
                <line number="12" hits="1" branch="false" />
              </lines>
            </method>
          </methods>
          <lines>
            <line number="12" hits="1" branch="false" />
            <line number="22" hits="0" branch="false" />
            <line number="27" hits="12" branch="false" />
            <line number="29" hits="17" branch="false" />
            <line number="30" hits="17" branch="true" condition-coverage="88% (7/8)" />
            <line number="31" hits="17" branch="false" />
            <line number="32" hits="17" branch="false" />
            <line number="33" hits="2" branch="false" />
            <line number="35" hits="15" branch="false" />
            <line number="36" hits="15" branch="false" />
            <line number="41" hits="12" branch="false" />
            <line number="43" hits="15" branch="false" />
            <line number="44" hits="15" branch="true" condition-coverage="50% (4/8)" />
            <line number="45" hits="15" branch="false" />
            <line number="46" hits="15" branch="false" />
            <line number="47" hits="0" branch="false" />
            <line number="49" hits="15" branch="false" />
            <line number="50" hits="15" branch="false" />
            <line number="54" hits="1" branch="false" />
            <line number="56" hits="21" branch="false" />
            <line number="57" hits="21" branch="true" condition-coverage="50% (2/4)" />
            <line number="58" hits="0" branch="false" />
            <line number="60" hits="21" branch="false" />
            <line number="61" hits="21" branch="false" />
            <line number="65" hits="0" branch="false" />
            <line number="67" hits="21" branch="false" />
            <line number="68" hits="21" branch="true" condition-coverage="50% (4/8)" />
            <line number="69" hits="21" branch="false" />
            <line number="70" hits="0" branch="false" />
            <line number="72" hits="21" branch="false" />
            <line number="73" hits="21" branch="false" />
            <line number="74" hits="21" branch="false" />
            <line number="75" hits="21" branch="false" />
            <line number="82" hits="16" branch="false" />
            <line number="83" hits="16" branch="false" />
            <line number="84" hits="16" branch="false" />
            <line number="85" hits="15" branch="false" />
            <line number="86" hits="15" branch="false" />
            <line number="87" hits="15" branch="false" />
            <line number="89" hits="15" branch="false" />
            <line number="90" hits="15" branch="false" />
            <line number="91" hits="15" branch="false" />
            <line number="93" hits="13" branch="false" />
            <line number="94" hits="13" branch="false" />
            <line number="96" hits="13" branch="false" />
            <line number="112" hits="6" branch="false" />
            <line number="113" hits="0" branch="true" condition-coverage="50% (2/4)" />
            <line number="114" hits="6" branch="false" />
            <line number="115" hits="6" branch="false" />
            <line number="116" hits="6" branch="false" />
            <line number="117" hits="126" branch="false" />
            <line number="118" hits="6" branch="false" />
            <line number="119" hits="6" branch="false" />
            <line number="120" hits="6" branch="false" />
            <line number="121" hits="6" branch="false" />
            <line number="122" hits="6" branch="false" />
            <line number="123" hits="6" branch="false" />
          </lines>
        </class>
        <class name="Hypo_Banka.Kredit" filename="C:\Users\HP\Source\Repos\ekarahodza1\VVS_zadaca2\Hypo Banka\Hypo Banka\Kredit.cs" line-rate="0.8" branch-rate="0.5" complexity="24">
          <methods>
            <method name="get_Klijent" signature="()" line-rate="1" branch-rate="1" complexity="1">
              <lines>
                <line number="21" hits="102" branch="false" />
              </lines>
            </method>
            <method name="set_Klijent" signature="(...)" line-rate="1" branch-rate="1" complexity="1">
              <lines>
                <line number="22" hits="5" branch="false" />
              </lines>
            </method>
            <method name="get_Iznos" signature="()" line-rate="0" branch-rate="1" complexity="1">
              <lines>
                <line number="27" hits="0" branch="false" />
              </lines>
            </method>
            <method name="set_Iznos" signature="(...)" line-rate="0.8" branch-rate="0.5" complexity="4">
              <lines>
                <line number="29" hits="5" branch="false" />
                <line number="30" hits="5" branch="true" condition-coverage="50% (2/4)" />
                <line number="31" hits="0" branch="false" />
                <line number="33" hits="5" branch="false" />
                <line number="34" hits="5" branch="false" />
              </lines>
            </method>
            <method name="get_Rata" signature="()" line-rate="0" branch-rate="1" complexity="1">
              <lines>
                <line number="39" hits="0" branch="false" />
              </lines>
            </method>
            <method name="set_Rata" signature="(...)" line-rate="0.8" branch-rate="0.5" complexity="4">
              <lines>
                <line number="41" hits="5" branch="false" />
                <line number="42" hits="5" branch="true" condition-coverage="50% (2/4)" />
                <line number="43" hits="0" branch="false" />
                <line number="45" hits="5" branch="false" />
                <line number="46" hits="5" branch="false" />
              </lines>
            </method>
            <method name="get_KamatnaStopa" signature="()" line-rate="0" branch-rate="1" complexity="1">
              <lines>
                <line number="51" hits="0" branch="false" />
              </lines>
            </method>
            <method name="set_KamatnaStopa" signature="(...)" line-rate="0.8" branch-rate="0.5" complexity="4">
              <lines>
                <line number="53" hits="5" branch="false" />
                <line number="54" hits="5" branch="true" condition-coverage="50% (2/4)" />
                <line number="55" hits="0" branch="false" />
                <line number="57" hits="5" branch="false" />
                <line number="58" hits="5" branch="false" />
              </lines>
            </method>
            <method name="get_RokOtplate" signature="()" line-rate="0" branch-rate="1" complexity="1">
              <lines>
                <line number="63" hits="0" branch="false" />
              </lines>
            </method>
            <method name="set_RokOtplate" signature="(...)" line-rate="0.8333333333333334" branch-rate="0.5" complexity="4">
              <lines>
                <line number="65" hits="5" branch="false" />
                <line number="66" hits="5" branch="true" condition-coverage="50% (2/4)" />
                <line number="67" hits="5" branch="false" />
                <line number="68" hits="0" branch="false" />
                <line number="70" hits="5" branch="false" />
                <line number="71" hits="5" branch="false" />
              </lines>
            </method>
            <method name="ProvjeriStanjeOtplate" signature="()" line-rate="1" branch-rate="1" complexity="1">
              <lines>
                <line number="103" hits="1" branch="false" />
                <line number="104" hits="1" branch="false" />
                <line number="105" hits="1" branch="false" />
                <line number="106" hits="1" branch="false" />
                <line number="107" hits="1" branch="false" />
              </lines>
            </method>
            <method name=".ctor" signature="(...)" line-rate="1" branch-rate="1" complexity="1">
              <lines>
                <line number="78" hits="5" branch="false" />
                <line number="79" hits="5" branch="false" />
                <line number="80" hits="5" branch="false" />
                <line number="81" hits="5" branch="false" />
                <line number="82" hits="5" branch="false" />
                <line number="83" hits="5" branch="false" />
                <line number="84" hits="5" branch="false" />
                <line number="85" hits="5" branch="false" />
              </lines>
            </method>
          </methods>
          <lines>
            <line number="21" hits="102" branch="false" />
            <line number="22" hits="5" branch="false" />
            <line number="27" hits="0" branch="false" />
            <line number="29" hits="5" branch="false" />
            <line number="30" hits="5" branch="true" condition-coverage="50% (2/4)" />
            <line number="31" hits="0" branch="false" />
            <line number="33" hits="5" branch="false" />
            <line number="34" hits="5" branch="false" />
            <line number="39" hits="0" branch="false" />
            <line number="41" hits="5" branch="false" />
            <line number="42" hits="5" branch="true" condition-coverage="50% (2/4)" />
            <line number="43" hits="0" branch="false" />
            <line number="45" hits="5" branch="false" />
            <line number="46" hits="5" branch="false" />
            <line number="51" hits="0" branch="false" />
            <line number="53" hits="5" branch="false" />
            <line number="54" hits="5" branch="true" condition-coverage="50% (2/4)" />
            <line number="55" hits="0" branch="false" />
            <line number="57" hits="5" branch="false" />
            <line number="58" hits="5" branch="false" />
            <line number="63" hits="0" branch="false" />
            <line number="65" hits="5" branch="false" />
            <line number="66" hits="5" branch="true" condition-coverage="50% (2/4)" />
            <line number="67" hits="5" branch="false" />
            <line number="68" hits="0" branch="false" />
            <line number="70" hits="5" branch="false" />
            <line number="71" hits="5" branch="false" />
            <line number="78" hits="5" branch="false" />
            <line number="79" hits="5" branch="false" />
            <line number="80" hits="5" branch="false" />
            <line number="81" hits="5" branch="false" />
            <line number="82" hits="5" branch="false" />
            <line number="83" hits="5" branch="false" />
            <line number="84" hits="5" branch="false" />
            <line number="85" hits="5" branch="false" />
            <line number="103" hits="1" branch="false" />
            <line number="104" hits="1" branch="false" />
            <line number="105" hits="1" branch="false" />
            <line number="106" hits="1" branch="false" />
            <line number="107" hits="1" branch="false" />
          </lines>
        </class>
        <class name="Hypo_Banka.Racun" filename="C:\Users\HP\Source\Repos\ekarahodza1\VVS_zadaca2\Hypo Banka\Hypo Banka\Racun.cs" line-rate="0.8260869565217391" branch-rate="0.7" complexity="15">
          <methods>
            <method name="get_BrojRacuna" signature="()" line-rate="0" branch-rate="1" complexity="1">
              <lines>
                <line number="22" hits="0" branch="false" />
              </lines>
            </method>
            <method name="get_StanjeRacuna" signature="()" line-rate="1" branch-rate="1" complexity="1">
              <lines>
                <line number="26" hits="14" branch="false" />
              </lines>
            </method>
            <method name="get_Blokiran" signature="()" line-rate="1" branch-rate="1" complexity="1">
              <lines>
                <line number="30" hits="19" branch="false" />
              </lines>
            </method>
            <method name="set_Blokiran" signature="(...)" line-rate="0.7142857142857143" branch-rate="0.75" complexity="8">
              <lines>
                <line number="32" hits="33" branch="false" />
                <line number="33" hits="33" branch="true" condition-coverage="75% (3/4)" />
                <line number="34" hits="0" branch="false" />
                <line number="35" hits="33" branch="true" condition-coverage="75% (3/4)" />
                <line number="36" hits="0" branch="false" />
                <line number="38" hits="33" branch="false" />
                <line number="39" hits="33" branch="false" />
              </lines>
            </method>
            <method name="PromijeniStanjeRačuna" signature="(...)" line-rate="0.8" branch-rate="0.5" complexity="2">
              <lines>
                <line number="59" hits="8" branch="false" />
                <line number="60" hits="8" branch="true" condition-coverage="50% (1/2)" />
                <line number="61" hits="8" branch="false" />
                <line number="63" hits="0" branch="false" />
                <line number="64" hits="8" branch="false" />
              </lines>
            </method>
            <method name=".ctor" signature="(...)" line-rate="1" branch-rate="1" complexity="1">
              <lines>
                <line number="46" hits="27" branch="false" />
                <line number="47" hits="27" branch="false" />
                <line number="48" hits="27" branch="false" />
                <line number="49" hits="27" branch="false" />
                <line number="50" hits="27" branch="false" />
                <line number="51" hits="27" branch="false" />
                <line number="52" hits="27" branch="false" />
              </lines>
            </method>
            <method name=".cctor" signature="()" line-rate="1" branch-rate="1" complexity="1">
              <lines>
                <line number="11" hits="1" branch="false" />
              </lines>
            </method>
          </methods>
          <lines>
            <line number="11" hits="1" branch="false" />
            <line number="22" hits="0" branch="false" />
            <line number="26" hits="14" branch="false" />
            <line number="30" hits="19" branch="false" />
            <line number="32" hits="33" branch="false" />
            <line number="33" hits="33" branch="true" condition-coverage="75% (3/4)" />
            <line number="34" hits="0" branch="false" />
            <line number="35" hits="33" branch="true" condition-coverage="75% (3/4)" />
            <line number="36" hits="0" branch="false" />
            <line number="38" hits="33" branch="false" />
            <line number="39" hits="33" branch="false" />
            <line number="46" hits="27" branch="false" />
            <line number="47" hits="27" branch="false" />
            <line number="48" hits="27" branch="false" />
            <line number="49" hits="27" branch="false" />
            <line number="50" hits="27" branch="false" />
            <line number="51" hits="27" branch="false" />
            <line number="52" hits="27" branch="false" />
            <line number="59" hits="8" branch="false" />
            <line number="60" hits="8" branch="true" condition-coverage="50% (1/2)" />
            <line number="61" hits="8" branch="false" />
            <line number="63" hits="0" branch="false" />
            <line number="64" hits="8" branch="false" />
          </lines>
        </class>
        <class name="Hypo_Banka.StubZahtjev" filename="C:\Users\HP\Source\Repos\ekarahodza1\VVS_zadaca2\Hypo Banka\Hypo Banka\StubZahtjev.cs" line-rate="1" branch-rate="1" complexity="1">
          <methods>
            <method name="DaLiJePovoljan" signature="()" line-rate="1" branch-rate="1" complexity="1">
              <lines>
                <line number="11" hits="1" branch="false" />
                <line number="12" hits="1" branch="false" />
                <line number="13" hits="1" branch="false" />
              </lines>
            </method>
          </methods>
          <lines>
            <line number="11" hits="1" branch="false" />
            <line number="12" hits="1" branch="false" />
            <line number="13" hits="1" branch="false" />
          </lines>
        </class>
        <class name="Hypo_Banka.Zahtjev" filename="C:\Users\HP\Source\Repos\ekarahodza1\VVS_zadaca2\Hypo Banka\Hypo Banka\Zahtjev.cs" line-rate="0" branch-rate="1" complexity="1">
          <methods>
            <method name="DaLiJePovoljan" signature="()" line-rate="0" branch-rate="1" complexity="1">
              <lines>
                <line number="14" hits="0" branch="false" />
                <line number="15" hits="0" branch="false" />
              </lines>
            </method>
          </methods>
          <lines>
            <line number="14" hits="0" branch="false" />
            <line number="15" hits="0" branch="false" />
          </lines>
        </class>
      </classes>
    </package>
    <package name="Unit Testovi" line-rate="0.9285714285714286" branch-rate="0.5" complexity="28">
      <classes>
        <class name="AutoGeneratedProgram" filename="C:\Users\HP\.nuget\packages\microsoft.net.test.sdk\16.5.0\build\netcoreapp2.1\Microsoft.NET.Test.Sdk.Program.cs" line-rate="0" branch-rate="1" complexity="1">
          <methods>
            <method name="Main" signature="(...)" line-rate="0" branch-rate="1" complexity="1">
              <lines>
                <line number="4" hits="0" branch="false" />
              </lines>
            </method>
          </methods>
          <lines>
            <line number="4" hits="0" branch="false" />
          </lines>
        </class>
        <class name="Unit_Testovi.BankaTests" filename="C:\Users\HP\Source\Repos\ekarahodza1\VVS_zadaca2\Hypo Banka\Unit Testovi\BankaTests.cs" line-rate="0.9333333333333333" branch-rate="0.5" complexity="15">
          <methods>
            <method name="RadSaKlijentomTestDodavanjeKlijenata" signature="()" line-rate="1" branch-rate="1" complexity="1">
              <lines>
                <line number="16" hits="1" branch="false" />
                <line number="17" hits="1" branch="false" />
                <line number="18" hits="1" branch="false" />
                <line number="19" hits="1" branch="false" />
                <line number="21" hits="1" branch="false" />
                <line number="22" hits="1" branch="false" />
                <line number="24" hits="1" branch="false" />
                <line number="25" hits="1" branch="false" />
              </lines>
            </method>
            <method name="RadSaKlijentomTestBrisanjeKlijenata" signature="()" line-rate="1" branch-rate="1" complexity="1">
              <lines>
                <line number="30" hits="1" branch="false" />
                <line number="31" hits="1" branch="false" />
                <line number="32" hits="1" branch="false" />
                <line number="33" hits="1" branch="false" />
                <line number="35" hits="1" branch="false" />
                <line number="36" hits="1" branch="false" />
                <line number="38" hits="1" branch="false" />
                <line number="40" hits="1" branch="false" />
                <line number="41" hits="1" branch="false" />
              </lines>
            </method>
            <method name="RadSaKlijentomTestAutomatskoGenerisanje" signature="()" line-rate="1" branch-rate="1" complexity="1">
              <lines>
                <line number="46" hits="1" branch="false" />
                <line number="47" hits="1" branch="false" />
                <line number="48" hits="1" branch="false" />
                <line number="50" hits="1" branch="false" />
                <line number="51" hits="1" branch="false" />
                <line number="53" hits="1" branch="false" />
                <line number="54" hits="1" branch="false" />
              </lines>
            </method>
            <method name="OtvaranjeNovogRačunaTestKlijentNijeRegistrovan" signature="()" line-rate="0.8" branch-rate="1" complexity="1">
              <lines>
                <line number="59" hits="1" branch="false" />
                <line number="60" hits="1" branch="false" />
                <line number="61" hits="1" branch="false" />
                <line number="62" hits="1" branch="false" />
                <line number="63" hits="0" branch="false" />
              </lines>
            </method>
            <method name="OtvaranjeNovogRačunaTestVišeOd3Računa" signature="()" line-rate="0.8888888888888888" branch-rate="1" complexity="1">
              <lines>
                <line number="68" hits="1" branch="false" />
                <line number="69" hits="1" branch="false" />
                <line number="70" hits="1" branch="false" />
                <line number="72" hits="1" branch="false" />
                <line number="73" hits="1" branch="false" />
                <line number="74" hits="1" branch="false" />
                <line number="75" hits="1" branch="false" />
                <line number="77" hits="1" branch="false" />
                <line number="78" hits="0" branch="false" />
              </lines>
            </method>
            <method name="OtvaranjeNovogRačunaTest" signature="()" line-rate="1" branch-rate="1" complexity="1">
              <lines>
                <line number="83" hits="1" branch="false" />
                <line number="84" hits="1" branch="false" />
                <line number="85" hits="1" branch="false" />
                <line number="87" hits="1" branch="false" />
                <line number="88" hits="1" branch="false" />
                <line number="89" hits="1" branch="false" />
                <line number="91" hits="1" branch="false" />
                <line number="92" hits="1" branch="false" />
              </lines>
            </method>
            <method name="KlijentiSBlokiranimRačunimaTest" signature="()" line-rate="1" branch-rate="1" complexity="1">
              <lines>
                <line number="97" hits="1" branch="false" />
                <line number="99" hits="1" branch="false" />
                <line number="100" hits="1" branch="false" />
                <line number="101" hits="1" branch="false" />
                <line number="102" hits="1" branch="false" />
                <line number="103" hits="1" branch="false" />
                <line number="104" hits="1" branch="false" />
                <line number="105" hits="1" branch="false" />
                <line number="107" hits="1" branch="false" />
                <line number="108" hits="1" branch="false" />
                <line number="109" hits="1" branch="false" />
                <line number="111" hits="1" branch="false" />
                <line number="112" hits="1" branch="false" />
                <line number="114" hits="1" branch="false" />
                <line number="115" hits="1" branch="false" />
                <line number="116" hits="1" branch="false" />
                <line number="117" hits="1" branch="false" />
                <line number="118" hits="1" branch="false" />
                <line number="119" hits="1" branch="false" />
              </lines>
            </method>
            <method name="PraznaListaKlijentiSBlokiranimRačunimaTest" signature="()" line-rate="0.9375" branch-rate="1" complexity="1">
              <lines>
                <line number="125" hits="1" branch="false" />
                <line number="127" hits="1" branch="false" />
                <line number="128" hits="1" branch="false" />
                <line number="129" hits="1" branch="false" />
                <line number="130" hits="1" branch="false" />
                <line number="131" hits="1" branch="false" />
                <line number="132" hits="1" branch="false" />
                <line number="134" hits="1" branch="false" />
                <line number="135" hits="1" branch="false" />
                <line number="136" hits="1" branch="false" />
                <line number="138" hits="1" branch="false" />
                <line number="139" hits="1" branch="false" />
                <line number="141" hits="1" branch="false" />
                <line number="142" hits="1" branch="false" />
                <line number="143" hits="1" branch="false" />
                <line number="144" hits="0" branch="false" />
              </lines>
            </method>
            <method name="PraznaListaKlijentiSBlokiranimRačunimaTest2" signature="()" line-rate="0.75" branch-rate="1" complexity="1">
              <lines>
                <line number="150" hits="1" branch="false" />
                <line number="152" hits="1" branch="false" />
                <line number="153" hits="1" branch="false" />
                <line number="154" hits="0" branch="false" />
              </lines>
            </method>
            <method name="PraznaListaKlijentiSBlokiranimRačunimaTest3" signature="()" line-rate="0.875" branch-rate="1" complexity="1">
              <lines>
                <line number="160" hits="1" branch="false" />
                <line number="162" hits="1" branch="false" />
                <line number="163" hits="1" branch="false" />
                <line number="164" hits="1" branch="false" />
                <line number="165" hits="1" branch="false" />
                <line number="166" hits="1" branch="false" />
                <line number="167" hits="1" branch="false" />
                <line number="168" hits="0" branch="false" />
              </lines>
            </method>
            <method name="DajKreditTest" signature="()" line-rate="1" branch-rate="1" complexity="1">
              <lines>
                <line number="173" hits="1" branch="false" />
                <line number="174" hits="1" branch="false" />
                <line number="175" hits="1" branch="false" />
                <line number="176" hits="1" branch="false" />
                <line number="177" hits="1" branch="false" />
                <line number="179" hits="1" branch="false" />
                <line number="181" hits="1" branch="false" />
                <line number="182" hits="1" branch="false" />
              </lines>
            </method>
            <method name="DajKreditTestKlijentNijeUBanci" signature="()" line-rate="0.8333333333333334" branch-rate="1" complexity="1">
              <lines>
                <line number="187" hits="1" branch="false" />
                <line number="188" hits="1" branch="false" />
                <line number="189" hits="1" branch="false" />
                <line number="190" hits="1" branch="false" />
                <line number="192" hits="1" branch="false" />
                <line number="193" hits="0" branch="false" />
              </lines>
            </method>
            <method name="DajKreditTestPremašenBrojKredita" signature="()" line-rate="0.9" branch-rate="0.5" complexity="2">
              <lines>
                <line number="198" hits="1" branch="false" />
                <line number="199" hits="1" branch="false" />
                <line number="200" hits="1" branch="false" />
                <line number="201" hits="1" branch="false" />
                <line number="202" hits="202" branch="true" condition-coverage="50% (1/2)" />
                <line number="203" hits="101" branch="false" />
                <line number="204" hits="101" branch="false" />
                <line number="205" hits="101" branch="false" />
                <line number="206" hits="100" branch="false" />
                <line number="207" hits="0" branch="false" />
              </lines>
            </method>
            <method name="OdobriKreditTest" signature="()" line-rate="0.6666666666666666" branch-rate="1" complexity="1">
              <lines>
                <line number="211" hits="1" branch="false" />
                <line number="212" hits="1" branch="false" />
                <line number="213" hits="0" branch="false" />
              </lines>
            </method>
          </methods>
          <lines>
            <line number="16" hits="1" branch="false" />
            <line number="17" hits="1" branch="false" />
            <line number="18" hits="1" branch="false" />
            <line number="19" hits="1" branch="false" />
            <line number="21" hits="1" branch="false" />
            <line number="22" hits="1" branch="false" />
            <line number="24" hits="1" branch="false" />
            <line number="25" hits="1" branch="false" />
            <line number="30" hits="1" branch="false" />
            <line number="31" hits="1" branch="false" />
            <line number="32" hits="1" branch="false" />
            <line number="33" hits="1" branch="false" />
            <line number="35" hits="1" branch="false" />
            <line number="36" hits="1" branch="false" />
            <line number="38" hits="1" branch="false" />
            <line number="40" hits="1" branch="false" />
            <line number="41" hits="1" branch="false" />
            <line number="46" hits="1" branch="false" />
            <line number="47" hits="1" branch="false" />
            <line number="48" hits="1" branch="false" />
            <line number="50" hits="1" branch="false" />
            <line number="51" hits="1" branch="false" />
            <line number="53" hits="1" branch="false" />
            <line number="54" hits="1" branch="false" />
            <line number="59" hits="1" branch="false" />
            <line number="60" hits="1" branch="false" />
            <line number="61" hits="1" branch="false" />
            <line number="62" hits="1" branch="false" />
            <line number="63" hits="0" branch="false" />
            <line number="68" hits="1" branch="false" />
            <line number="69" hits="1" branch="false" />
            <line number="70" hits="1" branch="false" />
            <line number="72" hits="1" branch="false" />
            <line number="73" hits="1" branch="false" />
            <line number="74" hits="1" branch="false" />
            <line number="75" hits="1" branch="false" />
            <line number="77" hits="1" branch="false" />
            <line number="78" hits="0" branch="false" />
            <line number="83" hits="1" branch="false" />
            <line number="84" hits="1" branch="false" />
            <line number="85" hits="1" branch="false" />
            <line number="87" hits="1" branch="false" />
            <line number="88" hits="1" branch="false" />
            <line number="89" hits="1" branch="false" />
            <line number="91" hits="1" branch="false" />
            <line number="92" hits="1" branch="false" />
            <line number="97" hits="1" branch="false" />
            <line number="99" hits="1" branch="false" />
            <line number="100" hits="1" branch="false" />
            <line number="101" hits="1" branch="false" />
            <line number="102" hits="1" branch="false" />
            <line number="103" hits="1" branch="false" />
            <line number="104" hits="1" branch="false" />
            <line number="105" hits="1" branch="false" />
            <line number="107" hits="1" branch="false" />
            <line number="108" hits="1" branch="false" />
            <line number="109" hits="1" branch="false" />
            <line number="111" hits="1" branch="false" />
            <line number="112" hits="1" branch="false" />
            <line number="114" hits="1" branch="false" />
            <line number="115" hits="1" branch="false" />
            <line number="116" hits="1" branch="false" />
            <line number="117" hits="1" branch="false" />
            <line number="118" hits="1" branch="false" />
            <line number="119" hits="1" branch="false" />
            <line number="125" hits="1" branch="false" />
            <line number="127" hits="1" branch="false" />
            <line number="128" hits="1" branch="false" />
            <line number="129" hits="1" branch="false" />
            <line number="130" hits="1" branch="false" />
            <line number="131" hits="1" branch="false" />
            <line number="132" hits="1" branch="false" />
            <line number="134" hits="1" branch="false" />
            <line number="135" hits="1" branch="false" />
            <line number="136" hits="1" branch="false" />
            <line number="138" hits="1" branch="false" />
            <line number="139" hits="1" branch="false" />
            <line number="141" hits="1" branch="false" />
            <line number="142" hits="1" branch="false" />
            <line number="143" hits="1" branch="false" />
            <line number="144" hits="0" branch="false" />
            <line number="150" hits="1" branch="false" />
            <line number="152" hits="1" branch="false" />
            <line number="153" hits="1" branch="false" />
            <line number="154" hits="0" branch="false" />
            <line number="160" hits="1" branch="false" />
            <line number="162" hits="1" branch="false" />
            <line number="163" hits="1" branch="false" />
            <line number="164" hits="1" branch="false" />
            <line number="165" hits="1" branch="false" />
            <line number="166" hits="1" branch="false" />
            <line number="167" hits="1" branch="false" />
            <line number="168" hits="0" branch="false" />
            <line number="173" hits="1" branch="false" />
            <line number="174" hits="1" branch="false" />
            <line number="175" hits="1" branch="false" />
            <line number="176" hits="1" branch="false" />
            <line number="177" hits="1" branch="false" />
            <line number="179" hits="1" branch="false" />
            <line number="181" hits="1" branch="false" />
            <line number="182" hits="1" branch="false" />
            <line number="187" hits="1" branch="false" />
            <line number="188" hits="1" branch="false" />
            <line number="189" hits="1" branch="false" />
            <line number="190" hits="1" branch="false" />
            <line number="192" hits="1" branch="false" />
            <line number="193" hits="0" branch="false" />
            <line number="198" hits="1" branch="false" />
            <line number="199" hits="1" branch="false" />
            <line number="200" hits="1" branch="false" />
            <line number="201" hits="1" branch="false" />
            <line number="202" hits="202" branch="true" condition-coverage="50% (1/2)" />
            <line number="203" hits="101" branch="false" />
            <line number="204" hits="101" branch="false" />
            <line number="205" hits="101" branch="false" />
            <line number="206" hits="100" branch="false" />
            <line number="207" hits="0" branch="false" />
            <line number="211" hits="1" branch="false" />
            <line number="212" hits="1" branch="false" />
            <line number="213" hits="0" branch="false" />
          </lines>
        </class>
        <class name="Unit_Testovi.KlijentTests" filename="C:\Users\HP\Source\Repos\ekarahodza1\VVS_zadaca2\Hypo Banka\Unit Testovi\KlijentTests.cs" line-rate="0.9285714285714286" branch-rate="1" complexity="3">
          <methods>
            <method name="DajUkupanIznosNovcaNaSvimRačunimaTestNemaNijedanRacun" signature="()" line-rate="0.75" branch-rate="1" complexity="1">
              <lines>
                <line number="15" hits="1" branch="false" />
                <line number="16" hits="1" branch="false" />
                <line number="17" hits="1" branch="false" />
                <line number="18" hits="0" branch="false" />
              </lines>
            </method>
            <method name="DajUkupanIznosNovcaNaSvimRačunimaTest" signature="()" line-rate="1" branch-rate="1" complexity="1">
              <lines>
                <line number="23" hits="1" branch="false" />
                <line number="24" hits="1" branch="false" />
                <line number="25" hits="1" branch="false" />
                <line number="26" hits="1" branch="false" />
                <line number="27" hits="1" branch="false" />
                <line number="28" hits="1" branch="false" />
                <line number="30" hits="1" branch="false" />
                <line number="31" hits="1" branch="false" />
                <line number="32" hits="1" branch="false" />
                <line number="33" hits="1" branch="false" />
                <line number="35" hits="1" branch="false" />
                <line number="36" hits="1" branch="false" />
              </lines>
            </method>
            <method name="DajUkupanIznosNovcaNaSvimRačunimaTestBlokirani" signature="()" line-rate="0.9166666666666666" branch-rate="1" complexity="1">
              <lines>
                <line number="41" hits="1" branch="false" />
                <line number="42" hits="1" branch="false" />
                <line number="43" hits="1" branch="false" />
                <line number="44" hits="1" branch="false" />
                <line number="46" hits="1" branch="false" />
                <line number="47" hits="1" branch="false" />
                <line number="49" hits="1" branch="false" />
                <line number="50" hits="1" branch="false" />
                <line number="52" hits="1" branch="false" />
                <line number="53" hits="1" branch="false" />
                <line number="55" hits="1" branch="false" />
                <line number="56" hits="0" branch="false" />
              </lines>
            </method>
          </methods>
          <lines>
            <line number="15" hits="1" branch="false" />
            <line number="16" hits="1" branch="false" />
            <line number="17" hits="1" branch="false" />
            <line number="18" hits="0" branch="false" />
            <line number="23" hits="1" branch="false" />
            <line number="24" hits="1" branch="false" />
            <line number="25" hits="1" branch="false" />
            <line number="26" hits="1" branch="false" />
            <line number="27" hits="1" branch="false" />
            <line number="28" hits="1" branch="false" />
            <line number="30" hits="1" branch="false" />
            <line number="31" hits="1" branch="false" />
            <line number="32" hits="1" branch="false" />
            <line number="33" hits="1" branch="false" />
            <line number="35" hits="1" branch="false" />
            <line number="36" hits="1" branch="false" />
            <line number="41" hits="1" branch="false" />
            <line number="42" hits="1" branch="false" />
            <line number="43" hits="1" branch="false" />
            <line number="44" hits="1" branch="false" />
            <line number="46" hits="1" branch="false" />
            <line number="47" hits="1" branch="false" />
            <line number="49" hits="1" branch="false" />
            <line number="50" hits="1" branch="false" />
            <line number="52" hits="1" branch="false" />
            <line number="53" hits="1" branch="false" />
            <line number="55" hits="1" branch="false" />
            <line number="56" hits="0" branch="false" />
          </lines>
        </class>
        <class name="Unit_Testovi.KorisnikTests" filename="C:\Users\HP\Source\Repos\ekarahodza1\VVS_zadaca2\Hypo Banka\Unit Testovi\KorisnikTests.cs" line-rate="0.8181818181818182" branch-rate="1" complexity="4">
          <methods>
            <method name="AutomatskoGenerisanjePodatakaTest1" signature="()" line-rate="0.5" branch-rate="1" complexity="1">
              <lines>
                <line number="18" hits="1" branch="false" />
                <line number="19" hits="1" branch="false" />
                <line number="20" hits="0" branch="false" />
                <line number="21" hits="0" branch="false" />
              </lines>
            </method>
            <method name="AutomatskoGenerisanjePodatakaTest2" signature="()" line-rate="0.6" branch-rate="1" complexity="1">
              <lines>
                <line number="27" hits="1" branch="false" />
                <line number="28" hits="1" branch="false" />
                <line number="29" hits="1" branch="false" />
                <line number="30" hits="0" branch="false" />
                <line number="31" hits="0" branch="false" />
              </lines>
            </method>
            <method name="AutomatskoGenerisanjePodatakaTest3" signature="()" line-rate="1" branch-rate="1" complexity="1">
              <lines>
                <line number="35" hits="1" branch="false" />
                <line number="36" hits="1" branch="false" />
                <line number="37" hits="1" branch="false" />
                <line number="38" hits="1" branch="false" />
                <line number="39" hits="1" branch="false" />
                <line number="40" hits="1" branch="false" />
                <line number="41" hits="1" branch="false" />
              </lines>
            </method>
            <method name="AutomatskoGenerisanjePodatakaTest4" signature="()" line-rate="1" branch-rate="1" complexity="1">
              <lines>
                <line number="46" hits="1" branch="false" />
                <line number="47" hits="1" branch="false" />
                <line number="48" hits="1" branch="false" />
                <line number="49" hits="1" branch="false" />
                <line number="50" hits="1" branch="false" />
                <line number="51" hits="1" branch="false" />
              </lines>
            </method>
          </methods>
          <lines>
            <line number="18" hits="1" branch="false" />
            <line number="19" hits="1" branch="false" />
            <line number="20" hits="0" branch="false" />
            <line number="21" hits="0" branch="false" />
            <line number="27" hits="1" branch="false" />
            <line number="28" hits="1" branch="false" />
            <line number="29" hits="1" branch="false" />
            <line number="30" hits="0" branch="false" />
            <line number="31" hits="0" branch="false" />
            <line number="35" hits="1" branch="false" />
            <line number="36" hits="1" branch="false" />
            <line number="37" hits="1" branch="false" />
            <line number="38" hits="1" branch="false" />
            <line number="39" hits="1" branch="false" />
            <line number="40" hits="1" branch="false" />
            <line number="41" hits="1" branch="false" />
            <line number="46" hits="1" branch="false" />
            <line number="47" hits="1" branch="false" />
            <line number="48" hits="1" branch="false" />
            <line number="49" hits="1" branch="false" />
            <line number="50" hits="1" branch="false" />
            <line number="51" hits="1" branch="false" />
          </lines>
        </class>
        <class name="Unit_Testovi.KreditTest" filename="C:\Users\HP\Source\Repos\ekarahodza1\VVS_zadaca2\Hypo Banka\Unit Testovi\KreditTest.cs" line-rate="1" branch-rate="1" complexity="1">
          <methods>
            <method name="ProvjeriStanjeOtplateTest" signature="()" line-rate="1" branch-rate="1" complexity="1">
              <lines>
                <line number="13" hits="1" branch="false" />
                <line number="14" hits="1" branch="false" />
                <line number="15" hits="1" branch="false" />
                <line number="16" hits="1" branch="false" />
                <line number="17" hits="1" branch="false" />
                <line number="18" hits="1" branch="false" />
              </lines>
            </method>
          </methods>
          <lines>
            <line number="13" hits="1" branch="false" />
            <line number="14" hits="1" branch="false" />
            <line number="15" hits="1" branch="false" />
            <line number="16" hits="1" branch="false" />
            <line number="17" hits="1" branch="false" />
            <line number="18" hits="1" branch="false" />
          </lines>
        </class>
        <class name="Unit_Testovi.NoviTestovi" filename="C:\Users\HP\Source\Repos\ekarahodza1\VVS_zadaca2\Hypo Banka\Unit Testovi\NoviTestovi.cs" line-rate="0.9787234042553191" branch-rate="1" complexity="4">
          <methods>
            <method name="TestZamjenskiObjekat" signature="()" line-rate="1" branch-rate="1" complexity="1">
              <lines>
                <line number="14" hits="1" branch="false" />
                <line number="18" hits="1" branch="false" />
                <line number="19" hits="1" branch="false" />
                <line number="20" hits="1" branch="false" />
                <line number="21" hits="1" branch="false" />
                <line number="22" hits="1" branch="false" />
                <line number="24" hits="1" branch="false" />
                <line number="26" hits="1" branch="false" />
                <line number="28" hits="1" branch="false" />
                <line number="30" hits="1" branch="false" />
                <line number="31" hits="1" branch="false" />
              </lines>
            </method>
            <method name="TestSkidanjaIznosaSRačuna" signature="()" line-rate="1" branch-rate="1" complexity="1">
              <lines>
                <line number="39" hits="1" branch="false" />
                <line number="40" hits="1" branch="false" />
                <line number="41" hits="1" branch="false" />
                <line number="42" hits="1" branch="false" />
                <line number="43" hits="1" branch="false" />
                <line number="44" hits="1" branch="false" />
                <line number="46" hits="1" branch="false" />
                <line number="48" hits="1" branch="false" />
                <line number="49" hits="1" branch="false" />
              </lines>
            </method>
            <method name="TestSkidanjaIznosaSVišeRačuna" signature="()" line-rate="1" branch-rate="1" complexity="1">
              <lines>
                <line number="53" hits="1" branch="false" />
                <line number="54" hits="1" branch="false" />
                <line number="55" hits="1" branch="false" />
                <line number="56" hits="1" branch="false" />
                <line number="57" hits="1" branch="false" />
                <line number="58" hits="1" branch="false" />
                <line number="59" hits="1" branch="false" />
                <line number="60" hits="1" branch="false" />
                <line number="62" hits="1" branch="false" />
                <line number="63" hits="1" branch="false" />
                <line number="65" hits="1" branch="false" />
                <line number="67" hits="1" branch="false" />
                <line number="68" hits="1" branch="false" />
              </lines>
            </method>
            <method name="TestSkidanjaIznosaIzuzetak" signature="()" line-rate="0.9285714285714286" branch-rate="1" complexity="1">
              <lines>
                <line number="73" hits="1" branch="false" />
                <line number="74" hits="1" branch="false" />
                <line number="75" hits="1" branch="false" />
                <line number="76" hits="1" branch="false" />
                <line number="77" hits="1" branch="false" />
                <line number="78" hits="1" branch="false" />
                <line number="79" hits="1" branch="false" />
                <line number="80" hits="1" branch="false" />
                <line number="82" hits="1" branch="false" />
                <line number="83" hits="1" branch="false" />
                <line number="85" hits="1" branch="false" />
                <line number="86" hits="1" branch="false" />
                <line number="88" hits="1" branch="false" />
                <line number="89" hits="0" branch="false" />
              </lines>
            </method>
          </methods>
          <lines>
            <line number="14" hits="1" branch="false" />
            <line number="18" hits="1" branch="false" />
            <line number="19" hits="1" branch="false" />
            <line number="20" hits="1" branch="false" />
            <line number="21" hits="1" branch="false" />
            <line number="22" hits="1" branch="false" />
            <line number="24" hits="1" branch="false" />
            <line number="26" hits="1" branch="false" />
            <line number="28" hits="1" branch="false" />
            <line number="30" hits="1" branch="false" />
            <line number="31" hits="1" branch="false" />
            <line number="39" hits="1" branch="false" />
            <line number="40" hits="1" branch="false" />
            <line number="41" hits="1" branch="false" />
            <line number="42" hits="1" branch="false" />
            <line number="43" hits="1" branch="false" />
            <line number="44" hits="1" branch="false" />
            <line number="46" hits="1" branch="false" />
            <line number="48" hits="1" branch="false" />
            <line number="49" hits="1" branch="false" />
            <line number="53" hits="1" branch="false" />
            <line number="54" hits="1" branch="false" />
            <line number="55" hits="1" branch="false" />
            <line number="56" hits="1" branch="false" />
            <line number="57" hits="1" branch="false" />
            <line number="58" hits="1" branch="false" />
            <line number="59" hits="1" branch="false" />
            <line number="60" hits="1" branch="false" />
            <line number="62" hits="1" branch="false" />
            <line number="63" hits="1" branch="false" />
            <line number="65" hits="1" branch="false" />
            <line number="67" hits="1" branch="false" />
            <line number="68" hits="1" branch="false" />
            <line number="73" hits="1" branch="false" />
            <line number="74" hits="1" branch="false" />
            <line number="75" hits="1" branch="false" />
            <line number="76" hits="1" branch="false" />
            <line number="77" hits="1" branch="false" />
            <line number="78" hits="1" branch="false" />
            <line number="79" hits="1" branch="false" />
            <line number="80" hits="1" branch="false" />
            <line number="82" hits="1" branch="false" />
            <line number="83" hits="1" branch="false" />
            <line number="85" hits="1" branch="false" />
            <line number="86" hits="1" branch="false" />
            <line number="88" hits="1" branch="false" />
            <line number="89" hits="0" branch="false" />
          </lines>
        </class>
      </classes>
    </package>
  </packages>
</coverage>