<?xml version="1.0" encoding="utf-8"?>
<!DOCTYPE coverage SYSTEM "http://cobertura.sourceforge.net/xml/coverage-04.dtd">
<coverage line-rate="0.676056338028169" branch-rate="0.49074074074074076" lines-covered="240" lines-valid="355" branches-covered="53" branches-valid="108" complexity="157" version="0" timestamp="1606601985">
  <sources>
    <source>C:\Users\dzene\</source>
  </sources>
  <packages>
    <package name="Hypo Banka" line-rate="0.65625" branch-rate="0.49074074074074076" complexity="139">
      <classes>
        <class name="Hypo_Banka.Banka" filename="C:\Users\dzene\Source\Repos\VVS-Z2\Hypo Banka\Hypo Banka\Banka.cs" line-rate="0.5087719298245614" branch-rate="0.4230769230769231" complexity="29">
          <methods>
            <method name="get_Klijenti" signature="()" line-rate="1" branch-rate="1" complexity="1">
              <lines>
                <line number="19" hits="4" branch="false" />
              </lines>
            </method>
            <method name="get_Krediti" signature="()" line-rate="0" branch-rate="1" complexity="1">
              <lines>
                <line number="24" hits="0" branch="false" />
              </lines>
            </method>
            <method name="RadSaKlijentom" signature="(...)" line-rate="0.3076923076923077" branch-rate="0.3333333333333333" complexity="6">
              <lines>
                <line number="42" hits="4" branch="false" />
                <line number="43" hits="4" branch="true" condition-coverage="50% (1/2)" />
                <line number="44" hits="4" branch="false" />
                <line number="46" hits="0" branch="true" condition-coverage="0% (0/2)" />
                <line number="47" hits="0" branch="false" />
                <line number="48" hits="0" branch="false" />
                <line number="49" hits="0" branch="false" />
                <line number="50" hits="0" branch="false" />
                <line number="52" hits="0" branch="true" condition-coverage="50% (1/2)" />
                <line number="53" hits="0" branch="false" />
                <line number="54" hits="0" branch="false" />
                <line number="55" hits="0" branch="false" />
                <line number="56" hits="4" branch="false" />
              </lines>
            </method>
            <method name="OtvaranjeNovogRačuna" signature="(...)" line-rate="0.75" branch-rate="0.5" complexity="4">
              <lines>
                <line number="59" hits="6" branch="false" />
                <line number="60" hits="12" branch="false" />
                <line number="61" hits="6" branch="true" condition-coverage="50% (1/2)" />
                <line number="62" hits="0" branch="false" />
                <line number="64" hits="6" branch="true" condition-coverage="50% (1/2)" />
                <line number="65" hits="6" branch="false" />
                <line number="67" hits="0" branch="false" />
                <line number="68" hits="6" branch="false" />
              </lines>
            </method>
            <method name="KlijentiSBlokiranimRačunima" signature="()" line-rate="0.6875" branch-rate="0.7" complexity="10">
              <lines>
                <line number="77" hits="3" branch="false" />
                <line number="78" hits="3" branch="false" />
                <line number="79" hits="17" branch="true" condition-coverage="100% (2/2)" />
                <line number="80" hits="4" branch="false" />
                <line number="81" hits="4" branch="false" />
                <line number="82" hits="20" branch="true" condition-coverage="100% (2/2)" />
                <line number="83" hits="4" branch="false" />
                <line number="85" hits="4" branch="false" />
                <line number="86" hits="0" branch="true" condition-coverage="50% (1/2)" />
                <line number="87" hits="0" branch="false" />
                <line number="88" hits="4" branch="false" />
                <line number="89" hits="0" branch="true" condition-coverage="50% (1/2)" />
                <line number="90" hits="4" branch="false" />
                <line number="91" hits="6" branch="true" condition-coverage="50% (1/2)" />
                <line number="92" hits="0" branch="false" />
                <line number="93" hits="0" branch="false" />
              </lines>
            </method>
            <method name="DajKredit" signature="(...)" line-rate="0" branch-rate="0" complexity="4">
              <lines>
                <line number="96" hits="0" branch="false" />
                <line number="97" hits="0" branch="false" />
                <line number="99" hits="0" branch="true" condition-coverage="0% (0/4)" />
                <line number="100" hits="0" branch="false" />
                <line number="102" hits="0" branch="false" />
                <line number="103" hits="0" branch="false" />
              </lines>
            </method>
            <method name="OdobriKredit" signature="(...)" line-rate="0.2857142857142857" branch-rate="0" complexity="2">
              <lines>
                <line number="106" hits="1" branch="false" />
                <line number="107" hits="1" branch="true" condition-coverage="0% (0/2)" />
                <line number="108" hits="0" branch="false" />
                <line number="109" hits="0" branch="false" />
                <line number="110" hits="0" branch="false" />
                <line number="113" hits="0" branch="false" />
                <line number="114" hits="0" branch="false" />
              </lines>
            </method>
            <method name=".ctor" signature="()" line-rate="1" branch-rate="1" complexity="1">
              <lines>
                <line number="31" hits="8" branch="false" />
                <line number="32" hits="8" branch="false" />
                <line number="33" hits="8" branch="false" />
                <line number="34" hits="8" branch="false" />
                <line number="35" hits="8" branch="false" />
              </lines>
            </method>
          </methods>
          <lines>
            <line number="19" hits="4" branch="false" />
            <line number="24" hits="0" branch="false" />
            <line number="31" hits="8" branch="false" />
            <line number="32" hits="8" branch="false" />
            <line number="33" hits="8" branch="false" />
            <line number="34" hits="8" branch="false" />
            <line number="35" hits="8" branch="false" />
            <line number="42" hits="4" branch="false" />
            <line number="43" hits="4" branch="true" condition-coverage="50% (1/2)" />
            <line number="44" hits="4" branch="false" />
            <line number="46" hits="0" branch="true" condition-coverage="0% (0/2)" />
            <line number="47" hits="0" branch="false" />
            <line number="48" hits="0" branch="false" />
            <line number="49" hits="0" branch="false" />
            <line number="50" hits="0" branch="false" />
            <line number="52" hits="0" branch="true" condition-coverage="50% (1/2)" />
            <line number="53" hits="0" branch="false" />
            <line number="54" hits="0" branch="false" />
            <line number="55" hits="0" branch="false" />
            <line number="56" hits="4" branch="false" />
            <line number="59" hits="6" branch="false" />
            <line number="60" hits="12" branch="false" />
            <line number="61" hits="6" branch="true" condition-coverage="50% (1/2)" />
            <line number="62" hits="0" branch="false" />
            <line number="64" hits="6" branch="true" condition-coverage="50% (1/2)" />
            <line number="65" hits="6" branch="false" />
            <line number="67" hits="0" branch="false" />
            <line number="68" hits="6" branch="false" />
            <line number="77" hits="3" branch="false" />
            <line number="78" hits="3" branch="false" />
            <line number="79" hits="17" branch="true" condition-coverage="100% (2/2)" />
            <line number="80" hits="4" branch="false" />
            <line number="81" hits="4" branch="false" />
            <line number="82" hits="20" branch="true" condition-coverage="100% (2/2)" />
            <line number="83" hits="4" branch="false" />
            <line number="85" hits="4" branch="false" />
            <line number="86" hits="0" branch="true" condition-coverage="50% (1/2)" />
            <line number="87" hits="0" branch="false" />
            <line number="88" hits="4" branch="false" />
            <line number="89" hits="0" branch="true" condition-coverage="50% (1/2)" />
            <line number="90" hits="4" branch="false" />
            <line number="91" hits="6" branch="true" condition-coverage="50% (1/2)" />
            <line number="92" hits="0" branch="false" />
            <line number="93" hits="0" branch="false" />
            <line number="96" hits="0" branch="false" />
            <line number="97" hits="0" branch="false" />
            <line number="99" hits="0" branch="true" condition-coverage="0% (0/4)" />
            <line number="100" hits="0" branch="false" />
            <line number="102" hits="0" branch="false" />
            <line number="103" hits="0" branch="false" />
            <line number="106" hits="1" branch="false" />
            <line number="107" hits="1" branch="true" condition-coverage="0% (0/2)" />
            <line number="108" hits="0" branch="false" />
            <line number="109" hits="0" branch="false" />
            <line number="110" hits="0" branch="false" />
            <line number="113" hits="0" branch="false" />
            <line number="114" hits="0" branch="false" />
          </lines>
        </class>
        <class name="Hypo_Banka.Klijent" filename="C:\Users\dzene\Source\Repos\VVS-Z2\Hypo Banka\Hypo Banka\Klijent.cs" line-rate="0.6" branch-rate="0.2916666666666667" complexity="30">
          <methods>
            <method name="get_DatumRodenja" signature="()" line-rate="0" branch-rate="1" complexity="1">
              <lines>
                <line number="22" hits="0" branch="false" />
              </lines>
            </method>
            <method name="set_DatumRodenja" signature="(...)" line-rate="0.8333333333333334" branch-rate="0.5" complexity="4">
              <lines>
                <line number="24" hits="6" branch="false" />
                <line number="25" hits="6" branch="true" condition-coverage="50% (2/4)" />
                <line number="26" hits="6" branch="false" />
                <line number="27" hits="0" branch="false" />
                <line number="29" hits="6" branch="false" />
                <line number="30" hits="6" branch="false" />
              </lines>
            </method>
            <method name="get_BrojLicneKarte" signature="()" line-rate="1" branch-rate="1" complexity="1">
              <lines>
                <line number="34" hits="12" branch="false" />
              </lines>
            </method>
            <method name="set_BrojLicneKarte" signature="(...)" line-rate="0.8888888888888888" branch-rate="0.5" complexity="10">
              <lines>
                <line number="36" hits="6" branch="false" />
                <line number="37" hits="6" branch="true" condition-coverage="50% (5/10)" />
                <line number="38" hits="6" branch="false" />
                <line number="39" hits="6" branch="false" />
                <line number="40" hits="6" branch="false" />
                <line number="41" hits="6" branch="false" />
                <line number="42" hits="0" branch="false" />
                <line number="44" hits="6" branch="false" />
                <line number="45" hits="6" branch="false" />
              </lines>
            </method>
            <method name="get_Racuni" signature="()" line-rate="1" branch-rate="1" complexity="1">
              <lines>
                <line number="49" hits="20" branch="false" />
              </lines>
            </method>
            <method name="DajUkupanIznosNovcaNaSvimRačunima" signature="()" line-rate="0" branch-rate="0" complexity="10">
              <lines>
                <line number="83" hits="0" branch="false" />
                <line number="84" hits="0" branch="true" condition-coverage="0% (0/4)" />
                <line number="85" hits="0" branch="false" />
                <line number="86" hits="0" branch="false" />
                <line number="87" hits="0" branch="true" condition-coverage="0% (0/2)" />
                <line number="88" hits="0" branch="false" />
                <line number="89" hits="0" branch="true" condition-coverage="0% (0/2)" />
                <line number="90" hits="0" branch="false" />
                <line number="91" hits="0" branch="false" />
                <line number="92" hits="0" branch="false" />
                <line number="93" hits="0" branch="false" />
                <line number="94" hits="0" branch="false" />
                <line number="95" hits="0" branch="true" condition-coverage="0% (0/2)" />
                <line number="96" hits="0" branch="false" />
                <line number="97" hits="0" branch="false" />
              </lines>
            </method>
            <method name="SkiniIznosSaNekogOdRačuna" signature="(...)" line-rate="1" branch-rate="1" complexity="1">
              <lines>
                <line number="100" hits="3" branch="false" />
                <line number="101" hits="3" branch="false" />
              </lines>
            </method>
            <method name=".ctor" signature="(...)" line-rate="1" branch-rate="1" complexity="1">
              <lines>
                <line number="58" hits="7" branch="false" />
                <line number="59" hits="6" branch="false" />
                <line number="60" hits="6" branch="false" />
                <line number="61" hits="6" branch="false" />
                <line number="62" hits="6" branch="false" />
                <line number="63" hits="6" branch="false" />
              </lines>
            </method>
            <method name=".ctor" signature="()" line-rate="1" branch-rate="1" complexity="1">
              <lines>
                <line number="65" hits="5" branch="false" />
                <line number="66" hits="5" branch="false" />
                <line number="67" hits="5" branch="false" />
                <line number="68" hits="5" branch="false" />
              </lines>
            </method>
          </methods>
          <lines>
            <line number="22" hits="0" branch="false" />
            <line number="24" hits="6" branch="false" />
            <line number="25" hits="6" branch="true" condition-coverage="50% (2/4)" />
            <line number="26" hits="6" branch="false" />
            <line number="27" hits="0" branch="false" />
            <line number="29" hits="6" branch="false" />
            <line number="30" hits="6" branch="false" />
            <line number="34" hits="12" branch="false" />
            <line number="36" hits="6" branch="false" />
            <line number="37" hits="6" branch="true" condition-coverage="50% (5/10)" />
            <line number="38" hits="6" branch="false" />
            <line number="39" hits="6" branch="false" />
            <line number="40" hits="6" branch="false" />
            <line number="41" hits="6" branch="false" />
            <line number="42" hits="0" branch="false" />
            <line number="44" hits="6" branch="false" />
            <line number="45" hits="6" branch="false" />
            <line number="49" hits="20" branch="false" />
            <line number="58" hits="7" branch="false" />
            <line number="59" hits="6" branch="false" />
            <line number="60" hits="6" branch="false" />
            <line number="61" hits="6" branch="false" />
            <line number="62" hits="6" branch="false" />
            <line number="63" hits="6" branch="false" />
            <line number="65" hits="5" branch="false" />
            <line number="66" hits="5" branch="false" />
            <line number="67" hits="5" branch="false" />
            <line number="68" hits="5" branch="false" />
            <line number="83" hits="0" branch="false" />
            <line number="84" hits="0" branch="true" condition-coverage="0% (0/4)" />
            <line number="85" hits="0" branch="false" />
            <line number="86" hits="0" branch="false" />
            <line number="87" hits="0" branch="true" condition-coverage="0% (0/2)" />
            <line number="88" hits="0" branch="false" />
            <line number="89" hits="0" branch="true" condition-coverage="0% (0/2)" />
            <line number="90" hits="0" branch="false" />
            <line number="91" hits="0" branch="false" />
            <line number="92" hits="0" branch="false" />
            <line number="93" hits="0" branch="false" />
            <line number="94" hits="0" branch="false" />
            <line number="95" hits="0" branch="true" condition-coverage="0% (0/2)" />
            <line number="96" hits="0" branch="false" />
            <line number="97" hits="0" branch="false" />
            <line number="100" hits="3" branch="false" />
            <line number="101" hits="3" branch="false" />
          </lines>
        </class>
        <class name="Hypo_Banka.Korisnik" filename="C:\Users\dzene\Source\Repos\VVS-Z2\Hypo Banka\Hypo Banka\Korisnik.cs" line-rate="0.6666666666666666" branch-rate="0.59375" complexity="40">
          <methods>
            <method name="get_Id" signature="()" line-rate="0" branch-rate="1" complexity="1">
              <lines>
                <line number="22" hits="0" branch="false" />
              </lines>
            </method>
            <method name="get_Ime" signature="()" line-rate="0" branch-rate="1" complexity="1">
              <lines>
                <line number="27" hits="0" branch="false" />
              </lines>
            </method>
            <method name="set_Ime" signature="(...)" line-rate="1" branch-rate="0.875" complexity="8">
              <lines>
                <line number="29" hits="8" branch="false" />
                <line number="30" hits="8" branch="true" condition-coverage="88% (7/8)" />
                <line number="31" hits="8" branch="false" />
                <line number="32" hits="8" branch="false" />
                <line number="33" hits="1" branch="false" />
                <line number="35" hits="7" branch="false" />
                <line number="36" hits="7" branch="false" />
              </lines>
            </method>
            <method name="get_Prezime" signature="()" line-rate="0" branch-rate="1" complexity="1">
              <lines>
                <line number="41" hits="0" branch="false" />
              </lines>
            </method>
            <method name="set_Prezime" signature="(...)" line-rate="0.8571428571428571" branch-rate="0.5" complexity="8">
              <lines>
                <line number="43" hits="7" branch="false" />
                <line number="44" hits="7" branch="true" condition-coverage="50% (4/8)" />
                <line number="45" hits="7" branch="false" />
                <line number="46" hits="7" branch="false" />
                <line number="47" hits="0" branch="false" />
                <line number="49" hits="7" branch="false" />
                <line number="50" hits="7" branch="false" />
              </lines>
            </method>
            <method name="get_KorisnickoIme" signature="()" line-rate="0" branch-rate="1" complexity="1">
              <lines>
                <line number="54" hits="0" branch="false" />
              </lines>
            </method>
            <method name="set_KorisnickoIme" signature="(...)" line-rate="1" branch-rate="1" complexity="4">
              <lines>
                <line number="56" hits="7" branch="false" />
                <line number="57" hits="7" branch="true" condition-coverage="100% (4/4)" />
                <line number="58" hits="1" branch="false" />
                <line number="60" hits="6" branch="false" />
                <line number="61" hits="6" branch="false" />
              </lines>
            </method>
            <method name="get_Lozinka" signature="()" line-rate="0" branch-rate="1" complexity="1">
              <lines>
                <line number="65" hits="0" branch="false" />
              </lines>
            </method>
            <method name="set_Lozinka" signature="(...)" line-rate="0.875" branch-rate="0.5" complexity="8">
              <lines>
                <line number="67" hits="6" branch="false" />
                <line number="68" hits="6" branch="true" condition-coverage="50% (4/8)" />
                <line number="69" hits="6" branch="false" />
                <line number="70" hits="0" branch="false" />
                <line number="72" hits="6" branch="false" />
                <line number="73" hits="6" branch="false" />
                <line number="74" hits="6" branch="false" />
                <line number="75" hits="6" branch="false" />
              </lines>
            </method>
            <method name="AutomatskoGenerisanjePodataka" signature="()" line-rate="0" branch-rate="0" complexity="4">
              <lines>
                <line number="110" hits="0" branch="false" />
                <line number="111" hits="0" branch="true" condition-coverage="0% (0/4)" />
                <line number="112" hits="0" branch="false" />
                <line number="113" hits="0" branch="false" />
                <line number="114" hits="0" branch="false" />
                <line number="115" hits="0" branch="false" />
                <line number="116" hits="0" branch="false" />
                <line number="117" hits="0" branch="false" />
                <line number="118" hits="0" branch="false" />
                <line number="119" hits="0" branch="false" />
                <line number="120" hits="0" branch="false" />
                <line number="121" hits="0" branch="false" />
              </lines>
            </method>
            <method name=".ctor" signature="(...)" line-rate="1" branch-rate="1" complexity="1">
              <lines>
                <line number="82" hits="7" branch="false" />
                <line number="83" hits="7" branch="false" />
                <line number="84" hits="7" branch="false" />
                <line number="85" hits="7" branch="false" />
                <line number="86" hits="7" branch="false" />
                <line number="87" hits="6" branch="false" />
                <line number="89" hits="6" branch="false" />
                <line number="90" hits="6" branch="false" />
                <line number="91" hits="6" branch="false" />
              </lines>
            </method>
            <method name=".ctor" signature="()" line-rate="1" branch-rate="1" complexity="1">
              <lines>
                <line number="93" hits="5" branch="false" />
                <line number="94" hits="5" branch="false" />
                <line number="96" hits="5" branch="false" />
              </lines>
            </method>
            <method name=".cctor" signature="()" line-rate="1" branch-rate="1" complexity="1">
              <lines>
                <line number="12" hits="1" branch="false" />
              </lines>
            </method>
          </methods>
          <lines>
            <line number="12" hits="1" branch="false" />
            <line number="22" hits="0" branch="false" />
            <line number="27" hits="0" branch="false" />
            <line number="29" hits="8" branch="false" />
            <line number="30" hits="8" branch="true" condition-coverage="88% (7/8)" />
            <line number="31" hits="8" branch="false" />
            <line number="32" hits="8" branch="false" />
            <line number="33" hits="1" branch="false" />
            <line number="35" hits="7" branch="false" />
            <line number="36" hits="7" branch="false" />
            <line number="41" hits="0" branch="false" />
            <line number="43" hits="7" branch="false" />
            <line number="44" hits="7" branch="true" condition-coverage="50% (4/8)" />
            <line number="45" hits="7" branch="false" />
            <line number="46" hits="7" branch="false" />
            <line number="47" hits="0" branch="false" />
            <line number="49" hits="7" branch="false" />
            <line number="50" hits="7" branch="false" />
            <line number="54" hits="0" branch="false" />
            <line number="56" hits="7" branch="false" />
            <line number="57" hits="7" branch="true" condition-coverage="100% (4/4)" />
            <line number="58" hits="1" branch="false" />
            <line number="60" hits="6" branch="false" />
            <line number="61" hits="6" branch="false" />
            <line number="65" hits="0" branch="false" />
            <line number="67" hits="6" branch="false" />
            <line number="68" hits="6" branch="true" condition-coverage="50% (4/8)" />
            <line number="69" hits="6" branch="false" />
            <line number="70" hits="0" branch="false" />
            <line number="72" hits="6" branch="false" />
            <line number="73" hits="6" branch="false" />
            <line number="74" hits="6" branch="false" />
            <line number="75" hits="6" branch="false" />
            <line number="82" hits="7" branch="false" />
            <line number="83" hits="7" branch="false" />
            <line number="84" hits="7" branch="false" />
            <line number="85" hits="7" branch="false" />
            <line number="86" hits="7" branch="false" />
            <line number="87" hits="6" branch="false" />
            <line number="89" hits="6" branch="false" />
            <line number="90" hits="6" branch="false" />
            <line number="91" hits="6" branch="false" />
            <line number="93" hits="5" branch="false" />
            <line number="94" hits="5" branch="false" />
            <line number="96" hits="5" branch="false" />
            <line number="110" hits="0" branch="false" />
            <line number="111" hits="0" branch="true" condition-coverage="0% (0/4)" />
            <line number="112" hits="0" branch="false" />
            <line number="113" hits="0" branch="false" />
            <line number="114" hits="0" branch="false" />
            <line number="115" hits="0" branch="false" />
            <line number="116" hits="0" branch="false" />
            <line number="117" hits="0" branch="false" />
            <line number="118" hits="0" branch="false" />
            <line number="119" hits="0" branch="false" />
            <line number="120" hits="0" branch="false" />
            <line number="121" hits="0" branch="false" />
          </lines>
        </class>
        <class name="Hypo_Banka.Kredit" filename="C:\Users\dzene\Source\Repos\VVS-Z2\Hypo Banka\Hypo Banka\Kredit.cs" line-rate="0.775" branch-rate="0.5" complexity="24">
          <methods>
            <method name="get_Klijent" signature="()" line-rate="0" branch-rate="1" complexity="1">
              <lines>
                <line number="21" hits="0" branch="false" />
              </lines>
            </method>
            <method name="set_Klijent" signature="(...)" line-rate="1" branch-rate="1" complexity="1">
              <lines>
                <line number="22" hits="2" branch="false" />
              </lines>
            </method>
            <method name="get_Iznos" signature="()" line-rate="0" branch-rate="1" complexity="1">
              <lines>
                <line number="27" hits="0" branch="false" />
              </lines>
            </method>
            <method name="set_Iznos" signature="(...)" line-rate="0.8" branch-rate="0.5" complexity="4">
              <lines>
                <line number="29" hits="2" branch="false" />
                <line number="30" hits="2" branch="true" condition-coverage="50% (2/4)" />
                <line number="31" hits="0" branch="false" />
                <line number="33" hits="2" branch="false" />
                <line number="34" hits="2" branch="false" />
              </lines>
            </method>
            <method name="get_Rata" signature="()" line-rate="0" branch-rate="1" complexity="1">
              <lines>
                <line number="39" hits="0" branch="false" />
              </lines>
            </method>
            <method name="set_Rata" signature="(...)" line-rate="0.8" branch-rate="0.5" complexity="4">
              <lines>
                <line number="41" hits="2" branch="false" />
                <line number="42" hits="2" branch="true" condition-coverage="50% (2/4)" />
                <line number="43" hits="0" branch="false" />
                <line number="45" hits="2" branch="false" />
                <line number="46" hits="2" branch="false" />
              </lines>
            </method>
            <method name="get_KamatnaStopa" signature="()" line-rate="0" branch-rate="1" complexity="1">
              <lines>
                <line number="51" hits="0" branch="false" />
              </lines>
            </method>
            <method name="set_KamatnaStopa" signature="(...)" line-rate="0.8" branch-rate="0.5" complexity="4">
              <lines>
                <line number="53" hits="2" branch="false" />
                <line number="54" hits="2" branch="true" condition-coverage="50% (2/4)" />
                <line number="55" hits="0" branch="false" />
                <line number="57" hits="2" branch="false" />
                <line number="58" hits="2" branch="false" />
              </lines>
            </method>
            <method name="get_RokOtplate" signature="()" line-rate="0" branch-rate="1" complexity="1">
              <lines>
                <line number="63" hits="0" branch="false" />
              </lines>
            </method>
            <method name="set_RokOtplate" signature="(...)" line-rate="0.8333333333333334" branch-rate="0.5" complexity="4">
              <lines>
                <line number="65" hits="2" branch="false" />
                <line number="66" hits="2" branch="true" condition-coverage="50% (2/4)" />
                <line number="67" hits="2" branch="false" />
                <line number="68" hits="0" branch="false" />
                <line number="70" hits="2" branch="false" />
                <line number="71" hits="2" branch="false" />
              </lines>
            </method>
            <method name="ProvjeriStanjeOtplate" signature="()" line-rate="1" branch-rate="1" complexity="1">
              <lines>
                <line number="101" hits="1" branch="false" />
                <line number="102" hits="1" branch="false" />
                <line number="103" hits="1" branch="false" />
                <line number="104" hits="1" branch="false" />
                <line number="105" hits="1" branch="false" />
              </lines>
            </method>
            <method name=".ctor" signature="(...)" line-rate="1" branch-rate="1" complexity="1">
              <lines>
                <line number="78" hits="2" branch="false" />
                <line number="79" hits="2" branch="false" />
                <line number="80" hits="2" branch="false" />
                <line number="81" hits="2" branch="false" />
                <line number="82" hits="2" branch="false" />
                <line number="83" hits="2" branch="false" />
                <line number="84" hits="2" branch="false" />
                <line number="85" hits="2" branch="false" />
              </lines>
            </method>
          </methods>
          <lines>
            <line number="21" hits="0" branch="false" />
            <line number="22" hits="2" branch="false" />
            <line number="27" hits="0" branch="false" />
            <line number="29" hits="2" branch="false" />
            <line number="30" hits="2" branch="true" condition-coverage="50% (2/4)" />
            <line number="31" hits="0" branch="false" />
            <line number="33" hits="2" branch="false" />
            <line number="34" hits="2" branch="false" />
            <line number="39" hits="0" branch="false" />
            <line number="41" hits="2" branch="false" />
            <line number="42" hits="2" branch="true" condition-coverage="50% (2/4)" />
            <line number="43" hits="0" branch="false" />
            <line number="45" hits="2" branch="false" />
            <line number="46" hits="2" branch="false" />
            <line number="51" hits="0" branch="false" />
            <line number="53" hits="2" branch="false" />
            <line number="54" hits="2" branch="true" condition-coverage="50% (2/4)" />
            <line number="55" hits="0" branch="false" />
            <line number="57" hits="2" branch="false" />
            <line number="58" hits="2" branch="false" />
            <line number="63" hits="0" branch="false" />
            <line number="65" hits="2" branch="false" />
            <line number="66" hits="2" branch="true" condition-coverage="50% (2/4)" />
            <line number="67" hits="2" branch="false" />
            <line number="68" hits="0" branch="false" />
            <line number="70" hits="2" branch="false" />
            <line number="71" hits="2" branch="false" />
            <line number="78" hits="2" branch="false" />
            <line number="79" hits="2" branch="false" />
            <line number="80" hits="2" branch="false" />
            <line number="81" hits="2" branch="false" />
            <line number="82" hits="2" branch="false" />
            <line number="83" hits="2" branch="false" />
            <line number="84" hits="2" branch="false" />
            <line number="85" hits="2" branch="false" />
            <line number="101" hits="1" branch="false" />
            <line number="102" hits="1" branch="false" />
            <line number="103" hits="1" branch="false" />
            <line number="104" hits="1" branch="false" />
            <line number="105" hits="1" branch="false" />
          </lines>
        </class>
        <class name="Hypo_Banka.Racun" filename="C:\Users\dzene\Source\Repos\VVS-Z2\Hypo Banka\Hypo Banka\Racun.cs" line-rate="0.8695652173913043" branch-rate="0.8" complexity="15">
          <methods>
            <method name="get_BrojRacuna" signature="()" line-rate="0" branch-rate="1" complexity="1">
              <lines>
                <line number="22" hits="0" branch="false" />
              </lines>
            </method>
            <method name="get_StanjeRacuna" signature="()" line-rate="1" branch-rate="1" complexity="1">
              <lines>
                <line number="26" hits="4" branch="false" />
              </lines>
            </method>
            <method name="get_Blokiran" signature="()" line-rate="1" branch-rate="1" complexity="1">
              <lines>
                <line number="30" hits="4" branch="false" />
              </lines>
            </method>
            <method name="set_Blokiran" signature="(...)" line-rate="0.8571428571428571" branch-rate="0.875" complexity="8">
              <lines>
                <line number="32" hits="15" branch="false" />
                <line number="33" hits="15" branch="true" condition-coverage="75% (3/4)" />
                <line number="34" hits="0" branch="false" />
                <line number="35" hits="15" branch="true" condition-coverage="100% (4/4)" />
                <line number="36" hits="1" branch="false" />
                <line number="38" hits="14" branch="false" />
                <line number="39" hits="14" branch="false" />
              </lines>
            </method>
            <method name="PromijeniStanjeRačuna" signature="(...)" line-rate="0.8" branch-rate="0.5" complexity="2">
              <lines>
                <line number="59" hits="3" branch="false" />
                <line number="60" hits="3" branch="true" condition-coverage="50% (1/2)" />
                <line number="61" hits="3" branch="false" />
                <line number="63" hits="0" branch="false" />
                <line number="64" hits="3" branch="false" />
              </lines>
            </method>
            <method name=".ctor" signature="(...)" line-rate="1" branch-rate="1" complexity="1">
              <lines>
                <line number="46" hits="12" branch="false" />
                <line number="47" hits="12" branch="false" />
                <line number="48" hits="12" branch="false" />
                <line number="49" hits="12" branch="false" />
                <line number="50" hits="12" branch="false" />
                <line number="51" hits="12" branch="false" />
                <line number="52" hits="11" branch="false" />
              </lines>
            </method>
            <method name=".cctor" signature="()" line-rate="1" branch-rate="1" complexity="1">
              <lines>
                <line number="11" hits="1" branch="false" />
              </lines>
            </method>
          </methods>
          <lines>
            <line number="11" hits="1" branch="false" />
            <line number="22" hits="0" branch="false" />
            <line number="26" hits="4" branch="false" />
            <line number="30" hits="4" branch="false" />
            <line number="32" hits="15" branch="false" />
            <line number="33" hits="15" branch="true" condition-coverage="75% (3/4)" />
            <line number="34" hits="0" branch="false" />
            <line number="35" hits="15" branch="true" condition-coverage="100% (4/4)" />
            <line number="36" hits="1" branch="false" />
            <line number="38" hits="14" branch="false" />
            <line number="39" hits="14" branch="false" />
            <line number="46" hits="12" branch="false" />
            <line number="47" hits="12" branch="false" />
            <line number="48" hits="12" branch="false" />
            <line number="49" hits="12" branch="false" />
            <line number="50" hits="12" branch="false" />
            <line number="51" hits="12" branch="false" />
            <line number="52" hits="11" branch="false" />
            <line number="59" hits="3" branch="false" />
            <line number="60" hits="3" branch="true" condition-coverage="50% (1/2)" />
            <line number="61" hits="3" branch="false" />
            <line number="63" hits="0" branch="false" />
            <line number="64" hits="3" branch="false" />
          </lines>
        </class>
        <class name="Hypo_Banka.Zahtjev" filename="C:\Users\dzene\Source\Repos\VVS-Z2\Hypo Banka\Hypo Banka\Zahtjev.cs" line-rate="1" branch-rate="1" complexity="1">
          <methods>
            <method name="DaLiJePovoljan" signature="()" line-rate="1" branch-rate="1" complexity="1">
              <lines>
                <line number="14" hits="1" branch="false" />
                <line number="15" hits="1" branch="false" />
              </lines>
            </method>
          </methods>
          <lines>
            <line number="14" hits="1" branch="false" />
            <line number="15" hits="1" branch="false" />
          </lines>
        </class>
      </classes>
    </package>
    <package name="Unit Testovi" line-rate="0.7099236641221374" branch-rate="1" complexity="18">
      <classes>
        <class name="AutoGeneratedProgram" filename="C:\Users\dzene\.nuget\packages\microsoft.net.test.sdk\16.5.0\build\netcoreapp2.1\Microsoft.NET.Test.Sdk.Program.cs" line-rate="0" branch-rate="1" complexity="1">
          <methods>
            <method name="Main" signature="(...)" line-rate="0" branch-rate="1" complexity="1">
              <lines>
                <line number="4" hits="0" branch="false" />
              </lines>
            </method>
          </methods>
          <lines>
            <line number="4" hits="0" branch="false" />
          </lines>
        </class>
        <class name="Unit_Testovi.BankaTests" filename="C:\Users\dzene\Source\Repos\VVS-Z2\Hypo Banka\Unit Testovi\BankaTests.cs" line-rate="0.6451612903225806" branch-rate="1" complexity="9">
          <methods>
            <method name="BankaTest" signature="()" line-rate="0.6666666666666666" branch-rate="1" complexity="1">
              <lines>
                <line number="14" hits="1" branch="false" />
                <line number="15" hits="1" branch="false" />
                <line number="16" hits="0" branch="false" />
              </lines>
            </method>
            <method name="RadSaKlijentomTest" signature="()" line-rate="0.6666666666666666" branch-rate="1" complexity="1">
              <lines>
                <line number="20" hits="1" branch="false" />
                <line number="21" hits="1" branch="false" />
                <line number="22" hits="0" branch="false" />
              </lines>
            </method>
            <method name="OtvaranjeNovogRačunaTest" signature="()" line-rate="0.6666666666666666" branch-rate="1" complexity="1">
              <lines>
                <line number="26" hits="1" branch="false" />
                <line number="27" hits="1" branch="false" />
                <line number="28" hits="0" branch="false" />
              </lines>
            </method>
            <method name="KlijentiSBlokiranimRačunimaTest" signature="()" line-rate="0.2631578947368421" branch-rate="1" complexity="1">
              <lines>
                <line number="33" hits="1" branch="false" />
                <line number="35" hits="1" branch="false" />
                <line number="36" hits="1" branch="false" />
                <line number="37" hits="1" branch="false" />
                <line number="39" hits="1" branch="false" />
                <line number="40" hits="0" branch="false" />
                <line number="41" hits="0" branch="false" />
                <line number="42" hits="0" branch="false" />
                <line number="44" hits="0" branch="false" />
                <line number="45" hits="0" branch="false" />
                <line number="46" hits="0" branch="false" />
                <line number="48" hits="0" branch="false" />
                <line number="49" hits="0" branch="false" />
                <line number="51" hits="0" branch="false" />
                <line number="52" hits="0" branch="false" />
                <line number="53" hits="0" branch="false" />
                <line number="54" hits="0" branch="false" />
                <line number="55" hits="0" branch="false" />
                <line number="56" hits="0" branch="false" />
              </lines>
            </method>
            <method name="PraznaListaKlijentiSBlokiranimRačunimaTest" signature="()" line-rate="0.9375" branch-rate="1" complexity="1">
              <lines>
                <line number="62" hits="1" branch="false" />
                <line number="64" hits="1" branch="false" />
                <line number="65" hits="1" branch="false" />
                <line number="66" hits="1" branch="false" />
                <line number="67" hits="1" branch="false" />
                <line number="68" hits="1" branch="false" />
                <line number="69" hits="1" branch="false" />
                <line number="71" hits="1" branch="false" />
                <line number="72" hits="1" branch="false" />
                <line number="73" hits="1" branch="false" />
                <line number="75" hits="1" branch="false" />
                <line number="76" hits="1" branch="false" />
                <line number="78" hits="1" branch="false" />
                <line number="79" hits="1" branch="false" />
                <line number="80" hits="1" branch="false" />
                <line number="81" hits="0" branch="false" />
              </lines>
            </method>
            <method name="PraznaListaKlijentiSBlokiranimRačunimaTest2" signature="()" line-rate="0.75" branch-rate="1" complexity="1">
              <lines>
                <line number="87" hits="1" branch="false" />
                <line number="89" hits="1" branch="false" />
                <line number="90" hits="1" branch="false" />
                <line number="91" hits="0" branch="false" />
              </lines>
            </method>
            <method name="PraznaListaKlijentiSBlokiranimRačunimaTest3" signature="()" line-rate="0.875" branch-rate="1" complexity="1">
              <lines>
                <line number="97" hits="1" branch="false" />
                <line number="99" hits="1" branch="false" />
                <line number="100" hits="1" branch="false" />
                <line number="101" hits="1" branch="false" />
                <line number="102" hits="1" branch="false" />
                <line number="103" hits="1" branch="false" />
                <line number="104" hits="1" branch="false" />
                <line number="105" hits="0" branch="false" />
              </lines>
            </method>
            <method name="DajKreditTest" signature="()" line-rate="0.6666666666666666" branch-rate="1" complexity="1">
              <lines>
                <line number="109" hits="1" branch="false" />
                <line number="110" hits="1" branch="false" />
                <line number="111" hits="0" branch="false" />
              </lines>
            </method>
            <method name="OdobriKreditTest" signature="()" line-rate="0.6666666666666666" branch-rate="1" complexity="1">
              <lines>
                <line number="115" hits="1" branch="false" />
                <line number="116" hits="1" branch="false" />
                <line number="117" hits="0" branch="false" />
              </lines>
            </method>
          </methods>
          <lines>
            <line number="14" hits="1" branch="false" />
            <line number="15" hits="1" branch="false" />
            <line number="16" hits="0" branch="false" />
            <line number="20" hits="1" branch="false" />
            <line number="21" hits="1" branch="false" />
            <line number="22" hits="0" branch="false" />
            <line number="26" hits="1" branch="false" />
            <line number="27" hits="1" branch="false" />
            <line number="28" hits="0" branch="false" />
            <line number="33" hits="1" branch="false" />
            <line number="35" hits="1" branch="false" />
            <line number="36" hits="1" branch="false" />
            <line number="37" hits="1" branch="false" />
            <line number="39" hits="1" branch="false" />
            <line number="40" hits="0" branch="false" />
            <line number="41" hits="0" branch="false" />
            <line number="42" hits="0" branch="false" />
            <line number="44" hits="0" branch="false" />
            <line number="45" hits="0" branch="false" />
            <line number="46" hits="0" branch="false" />
            <line number="48" hits="0" branch="false" />
            <line number="49" hits="0" branch="false" />
            <line number="51" hits="0" branch="false" />
            <line number="52" hits="0" branch="false" />
            <line number="53" hits="0" branch="false" />
            <line number="54" hits="0" branch="false" />
            <line number="55" hits="0" branch="false" />
            <line number="56" hits="0" branch="false" />
            <line number="62" hits="1" branch="false" />
            <line number="64" hits="1" branch="false" />
            <line number="65" hits="1" branch="false" />
            <line number="66" hits="1" branch="false" />
            <line number="67" hits="1" branch="false" />
            <line number="68" hits="1" branch="false" />
            <line number="69" hits="1" branch="false" />
            <line number="71" hits="1" branch="false" />
            <line number="72" hits="1" branch="false" />
            <line number="73" hits="1" branch="false" />
            <line number="75" hits="1" branch="false" />
            <line number="76" hits="1" branch="false" />
            <line number="78" hits="1" branch="false" />
            <line number="79" hits="1" branch="false" />
            <line number="80" hits="1" branch="false" />
            <line number="81" hits="0" branch="false" />
            <line number="87" hits="1" branch="false" />
            <line number="89" hits="1" branch="false" />
            <line number="90" hits="1" branch="false" />
            <line number="91" hits="0" branch="false" />
            <line number="97" hits="1" branch="false" />
            <line number="99" hits="1" branch="false" />
            <line number="100" hits="1" branch="false" />
            <line number="101" hits="1" branch="false" />
            <line number="102" hits="1" branch="false" />
            <line number="103" hits="1" branch="false" />
            <line number="104" hits="1" branch="false" />
            <line number="105" hits="0" branch="false" />
            <line number="109" hits="1" branch="false" />
            <line number="110" hits="1" branch="false" />
            <line number="111" hits="0" branch="false" />
            <line number="115" hits="1" branch="false" />
            <line number="116" hits="1" branch="false" />
            <line number="117" hits="0" branch="false" />
          </lines>
        </class>
        <class name="Unit_Testovi.KlijentTests" filename="C:\Users\dzene\Source\Repos\VVS-Z2\Hypo Banka\Unit Testovi\KlijentTests.cs" line-rate="0.6666666666666666" branch-rate="1" complexity="1">
          <methods>
            <method name="DajUkupanIznosNovcaNaSvimRačunimaTest" signature="()" line-rate="0.6666666666666666" branch-rate="1" complexity="1">
              <lines>
                <line number="14" hits="1" branch="false" />
                <line number="15" hits="1" branch="false" />
                <line number="16" hits="0" branch="false" />
              </lines>
            </method>
          </methods>
          <lines>
            <line number="14" hits="1" branch="false" />
            <line number="15" hits="1" branch="false" />
            <line number="16" hits="0" branch="false" />
          </lines>
        </class>
        <class name="Unit_Testovi.KorisnikTests" filename="C:\Users\dzene\Source\Repos\VVS-Z2\Hypo Banka\Unit Testovi\KorisnikTests.cs" line-rate="0.4166666666666667" branch-rate="1" complexity="2">
          <methods>
            <method name="AutomatskoGenerisanjePodatakaTest2" signature="()" line-rate="0.6" branch-rate="1" complexity="1">
              <lines>
                <line number="16" hits="1" branch="false" />
                <line number="17" hits="1" branch="false" />
                <line number="18" hits="1" branch="false" />
                <line number="19" hits="0" branch="false" />
                <line number="20" hits="0" branch="false" />
              </lines>
            </method>
            <method name="AutomatskoGenerisanjePodatakaTest3" signature="()" line-rate="0.2857142857142857" branch-rate="1" complexity="1">
              <lines>
                <line number="24" hits="1" branch="false" />
                <line number="25" hits="1" branch="false" />
                <line number="26" hits="0" branch="false" />
                <line number="27" hits="0" branch="false" />
                <line number="28" hits="0" branch="false" />
                <line number="29" hits="0" branch="false" />
                <line number="30" hits="0" branch="false" />
              </lines>
            </method>
          </methods>
          <lines>
            <line number="16" hits="1" branch="false" />
            <line number="17" hits="1" branch="false" />
            <line number="18" hits="1" branch="false" />
            <line number="19" hits="0" branch="false" />
            <line number="20" hits="0" branch="false" />
            <line number="24" hits="1" branch="false" />
            <line number="25" hits="1" branch="false" />
            <line number="26" hits="0" branch="false" />
            <line number="27" hits="0" branch="false" />
            <line number="28" hits="0" branch="false" />
            <line number="29" hits="0" branch="false" />
            <line number="30" hits="0" branch="false" />
          </lines>
        </class>
        <class name="Unit_Testovi.KreditTest" filename="C:\Users\dzene\Source\Repos\VVS-Z2\Hypo Banka\Unit Testovi\KreditTest.cs" line-rate="1" branch-rate="1" complexity="1">
          <methods>
            <method name="Test" signature="()" line-rate="1" branch-rate="1" complexity="1">
              <lines>
                <line number="12" hits="1" branch="false" />
                <line number="13" hits="1" branch="false" />
                <line number="14" hits="1" branch="false" />
                <line number="15" hits="1" branch="false" />
                <line number="16" hits="1" branch="false" />
                <line number="17" hits="1" branch="false" />
              </lines>
            </method>
          </methods>
          <lines>
            <line number="12" hits="1" branch="false" />
            <line number="13" hits="1" branch="false" />
            <line number="14" hits="1" branch="false" />
            <line number="15" hits="1" branch="false" />
            <line number="16" hits="1" branch="false" />
            <line number="17" hits="1" branch="false" />
          </lines>
        </class>
        <class name="Unit_Testovi.NoviTestovi" filename="C:\Users\dzene\Source\Repos\VVS-Z2\Hypo Banka\Unit Testovi\NoviTestovi.cs" line-rate="0.851063829787234" branch-rate="1" complexity="4">
          <methods>
            <method name="TestZamjenskiObjekat" signature="()" line-rate="0.8181818181818182" branch-rate="1" complexity="1">
              <lines>
                <line number="14" hits="1" branch="false" />
                <line number="15" hits="1" branch="false" />
                <line number="16" hits="1" branch="false" />
                <line number="17" hits="1" branch="false" />
                <line number="18" hits="1" branch="false" />
                <line number="19" hits="1" branch="false" />
                <line number="21" hits="1" branch="false" />
                <line number="23" hits="1" branch="false" />
                <line number="25" hits="1" branch="false" />
                <line number="27" hits="0" branch="false" />
                <line number="28" hits="0" branch="false" />
              </lines>
            </method>
            <method name="TestSkidanjaIznosaSRačuna" signature="()" line-rate="0.7777777777777778" branch-rate="1" complexity="1">
              <lines>
                <line number="36" hits="1" branch="false" />
                <line number="37" hits="1" branch="false" />
                <line number="38" hits="1" branch="false" />
                <line number="39" hits="1" branch="false" />
                <line number="40" hits="1" branch="false" />
                <line number="41" hits="1" branch="false" />
                <line number="43" hits="1" branch="false" />
                <line number="45" hits="0" branch="false" />
                <line number="46" hits="0" branch="false" />
              </lines>
            </method>
            <method name="TestSkidanjaIznosaSVišeRačuna" signature="()" line-rate="0.8461538461538461" branch-rate="1" complexity="1">
              <lines>
                <line number="50" hits="1" branch="false" />
                <line number="51" hits="1" branch="false" />
                <line number="52" hits="1" branch="false" />
                <line number="53" hits="1" branch="false" />
                <line number="54" hits="1" branch="false" />
                <line number="55" hits="1" branch="false" />
                <line number="56" hits="1" branch="false" />
                <line number="57" hits="1" branch="false" />
                <line number="59" hits="1" branch="false" />
                <line number="60" hits="1" branch="false" />
                <line number="62" hits="1" branch="false" />
                <line number="64" hits="0" branch="false" />
                <line number="65" hits="0" branch="false" />
              </lines>
            </method>
            <method name="TestSkidanjaIznosaIzuzetak" signature="()" line-rate="0.9285714285714286" branch-rate="1" complexity="1">
              <lines>
                <line number="70" hits="1" branch="false" />
                <line number="71" hits="1" branch="false" />
                <line number="72" hits="1" branch="false" />
                <line number="73" hits="1" branch="false" />
                <line number="74" hits="1" branch="false" />
                <line number="75" hits="1" branch="false" />
                <line number="76" hits="1" branch="false" />
                <line number="77" hits="1" branch="false" />
                <line number="79" hits="1" branch="false" />
                <line number="80" hits="1" branch="false" />
                <line number="82" hits="1" branch="false" />
                <line number="83" hits="1" branch="false" />
                <line number="85" hits="1" branch="false" />
                <line number="86" hits="0" branch="false" />
              </lines>
            </method>
          </methods>
          <lines>
            <line number="14" hits="1" branch="false" />
            <line number="15" hits="1" branch="false" />
            <line number="16" hits="1" branch="false" />
            <line number="17" hits="1" branch="false" />
            <line number="18" hits="1" branch="false" />
            <line number="19" hits="1" branch="false" />
            <line number="21" hits="1" branch="false" />
            <line number="23" hits="1" branch="false" />
            <line number="25" hits="1" branch="false" />
            <line number="27" hits="0" branch="false" />
            <line number="28" hits="0" branch="false" />
            <line number="36" hits="1" branch="false" />
            <line number="37" hits="1" branch="false" />
            <line number="38" hits="1" branch="false" />
            <line number="39" hits="1" branch="false" />
            <line number="40" hits="1" branch="false" />
            <line number="41" hits="1" branch="false" />
            <line number="43" hits="1" branch="false" />
            <line number="45" hits="0" branch="false" />
            <line number="46" hits="0" branch="false" />
            <line number="50" hits="1" branch="false" />
            <line number="51" hits="1" branch="false" />
            <line number="52" hits="1" branch="false" />
            <line number="53" hits="1" branch="false" />
            <line number="54" hits="1" branch="false" />
            <line number="55" hits="1" branch="false" />
            <line number="56" hits="1" branch="false" />
            <line number="57" hits="1" branch="false" />
            <line number="59" hits="1" branch="false" />
            <line number="60" hits="1" branch="false" />
            <line number="62" hits="1" branch="false" />
            <line number="64" hits="0" branch="false" />
            <line number="65" hits="0" branch="false" />
            <line number="70" hits="1" branch="false" />
            <line number="71" hits="1" branch="false" />
            <line number="72" hits="1" branch="false" />
            <line number="73" hits="1" branch="false" />
            <line number="74" hits="1" branch="false" />
            <line number="75" hits="1" branch="false" />
            <line number="76" hits="1" branch="false" />
            <line number="77" hits="1" branch="false" />
            <line number="79" hits="1" branch="false" />
            <line number="80" hits="1" branch="false" />
            <line number="82" hits="1" branch="false" />
            <line number="83" hits="1" branch="false" />
            <line number="85" hits="1" branch="false" />
            <line number="86" hits="0" branch="false" />
          </lines>
        </class>
      </classes>
    </package>
  </packages>
</coverage>