TpTrace Information: 0 : 6532, 1, 2020/11/25, 01:31:21.284, 7757672166018, datacollector.dll, DataCollectorMain.Run: Starting data collector run with args: --port,64497,--parentprocessid,872,--diag,C:\Users\HP\Source\Repos\ekarahodza1\VVS_zadaca2\Hypo Banka\Unit Testovi\bin\Debug\fine-code-coverage\_outputfolder\diagnostics.datacollector.20-11-25_01-31-21_10866_4.log,--tracelevel,4
TpTrace Information: 0 : 6532, 1, 2020/11/25, 01:31:21.293, 7757672198965, datacollector.dll, DataCollector: Monitoring parent process with id: '872'
TpTrace Information: 0 : 6532, 1, 2020/11/25, 01:31:21.313, 7757672401462, datacollector.dll, Trying to connect to server on socket : 127.0.0.1:64497 
TpTrace Verbose: 0 : 6532, 1, 2020/11/25, 01:31:21.334, 7757672608395, datacollector.dll, SocketCommunicationManager : SetupClientAsync : Attempting to connect to the server.
TpTrace Information: 0 : 6532, 5, 2020/11/25, 01:31:21.351, 7757672774235, datacollector.dll, Connected to the server successfully 
TpTrace Information: 0 : 6532, 5, 2020/11/25, 01:31:21.351, 7757672775927, datacollector.dll, Using the buffer size of 16384 bytes
TpTrace Information: 0 : 6532, 1, 2020/11/25, 01:31:21.466, 7757673926235, datacollector.dll, DataCollector: Start Request Processing.
TpTrace Information: 0 : 6532, 1, 2020/11/25, 01:31:21.475, 7757674013838, datacollector.dll, DataCollectionRequestHandler.ProcessRequests : Datacollector received message: (DataCollection.BeforeTestRunStart) -> {
  "SettingsXml": "<RunSettings><RunConfiguration><ResultsDirectory>C:\\Users\\HP\\Source\\Repos\\ekarahodza1\\VVS_zadaca2\\Hypo Banka\\Unit Testovi\\bin\\Debug\\fine-code-coverage\\_outputfolder</ResultsDirectory><TargetPlatform>X64</TargetPlatform><TargetFrameworkVersion>.NETCoreApp,Version=v3.1</TargetFrameworkVersion><DesignMode>False</DesignMode><CollectSourceInformation>False</CollectSourceInformation><TestAdaptersPaths>C:\\Program Files\\dotnet\\sdk\\3.1.201\\Extensions</TestAdaptersPaths></RunConfiguration><LoggerRunSettings><Loggers><Logger friendlyName=\"blame\" enabled=\"True\" /><Logger friendlyName=\"Console\" uri=\"logger://microsoft/TestPlatform/ConsoleLogger/v1\" assemblyQualifiedName=\"Microsoft.VisualStudio.TestPlatform.CommandLine.Internal.ConsoleLogger, vstest.console, Version=15.0.0.0, Culture=neutral, PublicKeyToken=b03f5f7f11d50a3a\" codeBase=\"C:\\Program Files\\dotnet\\sdk\\3.1.201\\vstest.console.dll\" enabled=\"True\" /></Loggers></LoggerRunSettings><DataCollectionRunSettings><DataCollectors><DataCollector friendlyName=\"blame\" enabled=\"True\"><Configuration><ResultsDirectory>C:\\Users\\HP\\Source\\Repos\\ekarahodza1\\VVS_zadaca2\\Hypo Banka\\Unit Testovi\\bin\\Debug\\fine-code-coverage\\_outputfolder</ResultsDirectory></Configuration></DataCollector></DataCollectors></DataCollectionRunSettings></RunSettings>",
  "Sources": [
    "C:\\Users\\HP\\Source\\Repos\\ekarahodza1\\VVS_zadaca2\\Hypo Banka\\Unit Testovi\\bin\\Debug\\fine-code-coverage\\Unit Testovi.dll"
  ]
}
TpTrace Verbose: 0 : 6532, 1, 2020/11/25, 01:31:21.566, 7757674928482, datacollector.dll, TestPluginCache: Update extensions started. Skip filter = False
TpTrace Verbose: 0 : 6532, 1, 2020/11/25, 01:31:21.568, 7757674944740, datacollector.dll, TestPluginCache: Using directories for assembly resolution 'C:\Program Files\dotnet\sdk\3.1.201\Extensions'.
TpTrace Verbose: 0 : 6532, 1, 2020/11/25, 01:31:21.568, 7757674947664, datacollector.dll, TestPluginCache: Updated the available extensions to 'C:\Program Files\dotnet\sdk\3.1.201\Extensions\Microsoft.TestPlatform.Extensions.BlameDataCollector.dll,C:\Program Files\dotnet\sdk\3.1.201\Extensions\Microsoft.TestPlatform.Extensions.EventLogCollector.dll'.
TpTrace Verbose: 0 : 6532, 1, 2020/11/25, 01:31:21.579, 7757675051640, datacollector.dll, TestPluginCache.DiscoverTestExtensions: finding test extensions in assemblies endswith: Collector.dll TPluginInfo: Microsoft.VisualStudio.TestPlatform.Common.DataCollector.DataCollectorConfig TExtension: Microsoft.VisualStudio.TestPlatform.ObjectModel.DataCollection.DataCollector
TpTrace Verbose: 0 : 6532, 1, 2020/11/25, 01:31:21.579, 7757675055024, datacollector.dll, TestPluginCache.GetExtensionPaths: Filtered extension paths: C:\Program Files\dotnet\sdk\3.1.201\Extensions\Microsoft.TestPlatform.Extensions.BlameDataCollector.dll
C:\Program Files\dotnet\sdk\3.1.201\Extensions\Microsoft.TestPlatform.Extensions.EventLogCollector.dll
TpTrace Verbose: 0 : 6532, 1, 2020/11/25, 01:31:21.579, 7757675056817, datacollector.dll, TestPluginCache.GetExtensionPaths: Added default extension paths: 
TpTrace Verbose: 0 : 6532, 1, 2020/11/25, 01:31:21.579, 7757675057833, datacollector.dll, TestPluginCache.GetExtensionPaths: Added unfilterableExtensionPaths: 
TpTrace Information: 0 : 6532, 1, 2020/11/25, 01:31:21.580, 7757675067632, datacollector.dll, AssemblyResolver.ctor: Creating AssemblyResolver with searchDirectories C:\Program Files\dotnet\sdk\3.1.201\Extensions,C:\Program Files\dotnet\sdk\3.1.201
TpTrace Verbose: 0 : 6532, 1, 2020/11/25, 01:31:21.583, 7757675092591, datacollector.dll, TestPluginCache.DiscoverTestExtensions: Discovering the extensions using extension path.
TpTrace Verbose: 0 : 6532, 1, 2020/11/25, 01:31:21.583, 7757675097668, datacollector.dll, TestPluginCache.GetExtensionPaths: Filtered extension paths: C:\Program Files\dotnet\sdk\3.1.201\Extensions\Microsoft.TestPlatform.Extensions.BlameDataCollector.dll
C:\Program Files\dotnet\sdk\3.1.201\Extensions\Microsoft.TestPlatform.Extensions.EventLogCollector.dll
TpTrace Verbose: 0 : 6532, 1, 2020/11/25, 01:31:21.583, 7757675099466, datacollector.dll, TestPluginCache.GetExtensionPaths: Added default extension paths: 
TpTrace Verbose: 0 : 6532, 1, 2020/11/25, 01:31:21.583, 7757675100474, datacollector.dll, TestPluginCache.GetExtensionPaths: Added unfilterableExtensionPaths: 
TpTrace Verbose: 0 : 6532, 1, 2020/11/25, 01:31:21.584, 7757675102015, datacollector.dll, TestPluginCache.DiscoverTestExtensions: Discovering the extensions using allExtensionPaths: C:\Program Files\dotnet\sdk\3.1.201\Extensions\Microsoft.TestPlatform.Extensions.BlameDataCollector.dll
C:\Program Files\dotnet\sdk\3.1.201\Extensions\Microsoft.TestPlatform.Extensions.EventLogCollector.dll
TpTrace Information: 0 : 6532, 1, 2020/11/25, 01:31:21.584, 7757675104299, datacollector.dll, AssemblyResolver.AddSearchDirectories: Adding more searchDirectories C:\Program Files\dotnet\sdk\3.1.201\Extensions,C:\Program Files\dotnet\sdk\3.1.201
TpTrace Information: 0 : 6532, 1, 2020/11/25, 01:31:21.584, 7757675106157, datacollector.dll, AssemblyResolver.AddSearchDirectories: Adding more searchDirectories C:\Program Files\dotnet\sdk\3.1.201\Extensions,C:\Program Files\dotnet\sdk\3.1.201
TpTrace Information: 0 : 6532, 1, 2020/11/25, 01:31:21.585, 7757675112917, datacollector.dll, AssemblyResolver.OnResolve: Microsoft.TestPlatform.Extensions.BlameDataCollector: Resolving assembly.
TpTrace Information: 0 : 6532, 1, 2020/11/25, 01:31:21.586, 7757675128088, datacollector.dll, AssemblyResolver.OnResolve: Resolved assembly: Microsoft.TestPlatform.Extensions.BlameDataCollector, from path: C:\Program Files\dotnet\sdk\3.1.201\Extensions\Microsoft.TestPlatform.Extensions.BlameDataCollector.dll
TpTrace Error: 0 : 6532, 1, 2020/11/25, 01:31:21.587, 7757675138454, datacollector.dll, The type "Microsoft.TestPlatform.Extensions.BlameDataCollector.BlameCollector" defined in "Microsoft.TestPlatform.Extensions.BlameDataCollector.dll" does not have ExtensionUri attibute.
TpTrace Information: 0 : 6532, 1, 2020/11/25, 01:31:21.588, 7757675145904, datacollector.dll, AssemblyResolver.OnResolve: Microsoft.TestPlatform.Extensions.EventLogCollector: Resolving assembly.
TpTrace Information: 0 : 6532, 1, 2020/11/25, 01:31:21.589, 7757675157515, datacollector.dll, AssemblyResolver.OnResolve: Resolved assembly: Microsoft.TestPlatform.Extensions.EventLogCollector, from path: C:\Program Files\dotnet\sdk\3.1.201\Extensions\Microsoft.TestPlatform.Extensions.EventLogCollector.dll
TpTrace Error: 0 : 6532, 1, 2020/11/25, 01:31:21.592, 7757675188916, datacollector.dll, The type "Microsoft.TestPlatform.Extensions.EventLogCollector.EventLogDataCollector" defined in "Microsoft.TestPlatform.Extensions.EventLogCollector.dll" does not have ExtensionUri attibute.
TpTrace Verbose: 0 : 6532, 1, 2020/11/25, 01:31:21.593, 7757675194773, datacollector.dll, TestPluginCache: Discovered the extensions using extension path 'C:\Program Files\dotnet\sdk\3.1.201\Extensions\Microsoft.TestPlatform.Extensions.BlameDataCollector.dll,C:\Program Files\dotnet\sdk\3.1.201\Extensions\Microsoft.TestPlatform.Extensions.EventLogCollector.dll'.
TpTrace Verbose: 0 : 6532, 1, 2020/11/25, 01:31:21.593, 7757675195988, datacollector.dll, TestPluginCache: Discoverers are ''.
TpTrace Verbose: 0 : 6532, 1, 2020/11/25, 01:31:21.593, 7757675196620, datacollector.dll, TestPluginCache: Executors are ''.
TpTrace Verbose: 0 : 6532, 1, 2020/11/25, 01:31:21.593, 7757675197186, datacollector.dll, TestPluginCache: Setting providers are ''.
TpTrace Verbose: 0 : 6532, 1, 2020/11/25, 01:31:21.593, 7757675197736, datacollector.dll, TestPluginCache: Loggers are ''.
TpTrace Information: 0 : 6532, 1, 2020/11/25, 01:31:21.595, 7757675213315, datacollector.dll, TestPluginManager.CreateTestExtension: Attempting to load test extension: Microsoft.TestPlatform.Extensions.BlameDataCollector.BlameCollector
TpTrace Error: 0 : 6532, 1, 2020/11/25, 01:31:21.595, 7757675215569, datacollector.dll, The type "Microsoft.TestPlatform.Extensions.BlameDataCollector.BlameCollector" defined in "Microsoft.TestPlatform.Extensions.BlameDataCollector.dll" does not have ExtensionUri attibute.
TpTrace Information: 0 : 6532, 1, 2020/11/25, 01:31:21.604, 7757675304221, datacollector.dll, Listening on Endpoint : 127.0.0.1:64499
TpTrace Information: 0 : 6532, 1, 2020/11/25, 01:31:21.615, 7757675419069, datacollector.dll, DataCollectionRequestHandler.ProcessRequests : DataCollection started.
TpTrace Information: 0 : 6532, 1, 2020/11/25, 01:31:21.682, 7757676090209, datacollector.dll, DataCollectionRequestHandler.ProcessRequests : Datacollector received message: (DataCollection.TestHostLaunched) -> {
  "ProcessId": 11696
}
TpTrace Information: 0 : 6532, 6, 2020/11/25, 01:31:21.944, 7757678706027, datacollector.dll, Using the buffer size of 16384 bytes
TpTrace Information: 0 : 6532, 6, 2020/11/25, 01:31:21.944, 7757678710171, datacollector.dll, Accepted Client request and set the flag
TpTrace Information: 0 : 6532, 5, 2020/11/25, 01:31:22.546, 7757684729804, datacollector.dll, DataCollectionTestCaseEventHandler: Test case starting.
TpTrace Information: 0 : 6532, 5, 2020/11/25, 01:31:22.582, 7757685085736, datacollector.dll, Blame Collector : Test Case Start
TpTrace Information: 0 : 6532, 5, 2020/11/25, 01:31:22.582, 7757685090479, datacollector.dll, DataCollectionTestCaseEventHandler: Test case started.
TpTrace Information: 0 : 6532, 5, 2020/11/25, 01:31:22.662, 7757685886991, datacollector.dll, DataCollectionTestCaseEventHandler : Test case completing.
TpTrace Information: 0 : 6532, 5, 2020/11/25, 01:31:22.666, 7757685921911, datacollector.dll, Blame Collector : Test Case End
TpTrace Error: 0 : 6532, 5, 2020/11/25, 01:31:22.684, 7757686103498, datacollector.dll, DataCollectionAttachmentManager.GetAttachments: Fail to get attachments: System.Collections.Generic.KeyNotFoundException: The given key 'Microsoft.VisualStudio.TestPlatform.ObjectModel.DataCollection.DataCollectionContext' was not present in the dictionary.
   at System.Collections.Generic.Dictionary`2.get_Item(TKey key)
   at Microsoft.VisualStudio.TestPlatform.Common.DataCollector.DataCollectionAttachmentManager.GetAttachments(DataCollectionContext dataCollectionContext) 
TpTrace Information: 0 : 6532, 5, 2020/11/25, 01:31:22.689, 7757686161419, datacollector.dll, DataCollectionTestCaseEventHandler: Test case completed
TpTrace Information: 0 : 6532, 5, 2020/11/25, 01:31:22.703, 7757686298548, datacollector.dll, DataCollectionTestCaseEventHandler: Test case starting.
TpTrace Information: 0 : 6532, 5, 2020/11/25, 01:31:22.704, 7757686306284, datacollector.dll, Blame Collector : Test Case Start
TpTrace Information: 0 : 6532, 5, 2020/11/25, 01:31:22.704, 7757686309413, datacollector.dll, DataCollectionTestCaseEventHandler: Test case started.
TpTrace Information: 0 : 6532, 5, 2020/11/25, 01:31:22.715, 7757686419622, datacollector.dll, DataCollectionTestCaseEventHandler : Test case completing.
TpTrace Information: 0 : 6532, 5, 2020/11/25, 01:31:22.716, 7757686424279, datacollector.dll, Blame Collector : Test Case End
TpTrace Error: 0 : 6532, 5, 2020/11/25, 01:31:22.716, 7757686426682, datacollector.dll, DataCollectionAttachmentManager.GetAttachments: Fail to get attachments: System.Collections.Generic.KeyNotFoundException: The given key 'Microsoft.VisualStudio.TestPlatform.ObjectModel.DataCollection.DataCollectionContext' was not present in the dictionary.
   at System.Collections.Generic.Dictionary`2.get_Item(TKey key)
   at Microsoft.VisualStudio.TestPlatform.Common.DataCollector.DataCollectionAttachmentManager.GetAttachments(DataCollectionContext dataCollectionContext) 
TpTrace Information: 0 : 6532, 5, 2020/11/25, 01:31:22.716, 7757686430534, datacollector.dll, DataCollectionTestCaseEventHandler: Test case completed
TpTrace Information: 0 : 6532, 5, 2020/11/25, 01:31:22.718, 7757686442656, datacollector.dll, DataCollectionTestCaseEventHandler: Test case starting.
TpTrace Information: 0 : 6532, 5, 2020/11/25, 01:31:22.718, 7757686451223, datacollector.dll, Blame Collector : Test Case Start
TpTrace Information: 0 : 6532, 5, 2020/11/25, 01:31:22.719, 7757686453665, datacollector.dll, DataCollectionTestCaseEventHandler: Test case started.
TpTrace Information: 0 : 6532, 5, 2020/11/25, 01:31:22.770, 7757686965334, datacollector.dll, DataCollectionTestCaseEventHandler : Test case completing.
TpTrace Information: 0 : 6532, 5, 2020/11/25, 01:31:22.775, 7757687012877, datacollector.dll, Blame Collector : Test Case End
TpTrace Error: 0 : 6532, 5, 2020/11/25, 01:31:22.775, 7757687017362, datacollector.dll, DataCollectionAttachmentManager.GetAttachments: Fail to get attachments: System.Collections.Generic.KeyNotFoundException: The given key 'Microsoft.VisualStudio.TestPlatform.ObjectModel.DataCollection.DataCollectionContext' was not present in the dictionary.
   at System.Collections.Generic.Dictionary`2.get_Item(TKey key)
   at Microsoft.VisualStudio.TestPlatform.Common.DataCollector.DataCollectionAttachmentManager.GetAttachments(DataCollectionContext dataCollectionContext) 
TpTrace Information: 0 : 6532, 5, 2020/11/25, 01:31:22.775, 7757687019653, datacollector.dll, DataCollectionTestCaseEventHandler: Test case completed
TpTrace Information: 0 : 6532, 5, 2020/11/25, 01:31:22.778, 7757687048711, datacollector.dll, DataCollectionTestCaseEventHandler: Test case starting.
TpTrace Information: 0 : 6532, 5, 2020/11/25, 01:31:22.779, 7757687053869, datacollector.dll, Blame Collector : Test Case Start
TpTrace Information: 0 : 6532, 5, 2020/11/25, 01:31:22.779, 7757687056471, datacollector.dll, DataCollectionTestCaseEventHandler: Test case started.
TpTrace Information: 0 : 6532, 5, 2020/11/25, 01:31:22.782, 7757687084340, datacollector.dll, DataCollectionTestCaseEventHandler : Test case completing.
TpTrace Information: 0 : 6532, 5, 2020/11/25, 01:31:22.782, 7757687088644, datacollector.dll, Blame Collector : Test Case End
TpTrace Error: 0 : 6532, 5, 2020/11/25, 01:31:22.782, 7757687090499, datacollector.dll, DataCollectionAttachmentManager.GetAttachments: Fail to get attachments: System.Collections.Generic.KeyNotFoundException: The given key 'Microsoft.VisualStudio.TestPlatform.ObjectModel.DataCollection.DataCollectionContext' was not present in the dictionary.
   at System.Collections.Generic.Dictionary`2.get_Item(TKey key)
   at Microsoft.VisualStudio.TestPlatform.Common.DataCollector.DataCollectionAttachmentManager.GetAttachments(DataCollectionContext dataCollectionContext) 
TpTrace Information: 0 : 6532, 5, 2020/11/25, 01:31:22.783, 7757687092398, datacollector.dll, DataCollectionTestCaseEventHandler: Test case completed
TpTrace Information: 0 : 6532, 5, 2020/11/25, 01:31:22.786, 7757687122070, datacollector.dll, DataCollectionTestCaseEventHandler: Test case starting.
TpTrace Information: 0 : 6532, 5, 2020/11/25, 01:31:22.786, 7757687127031, datacollector.dll, Blame Collector : Test Case Start
TpTrace Information: 0 : 6532, 5, 2020/11/25, 01:31:22.786, 7757687129665, datacollector.dll, DataCollectionTestCaseEventHandler: Test case started.
TpTrace Information: 0 : 6532, 5, 2020/11/25, 01:31:22.789, 7757687159280, datacollector.dll, DataCollectionTestCaseEventHandler : Test case completing.
TpTrace Information: 0 : 6532, 5, 2020/11/25, 01:31:22.790, 7757687166043, datacollector.dll, Blame Collector : Test Case End
TpTrace Error: 0 : 6532, 5, 2020/11/25, 01:31:22.790, 7757687170290, datacollector.dll, DataCollectionAttachmentManager.GetAttachments: Fail to get attachments: System.Collections.Generic.KeyNotFoundException: The given key 'Microsoft.VisualStudio.TestPlatform.ObjectModel.DataCollection.DataCollectionContext' was not present in the dictionary.
   at System.Collections.Generic.Dictionary`2.get_Item(TKey key)
   at Microsoft.VisualStudio.TestPlatform.Common.DataCollector.DataCollectionAttachmentManager.GetAttachments(DataCollectionContext dataCollectionContext) 
TpTrace Information: 0 : 6532, 5, 2020/11/25, 01:31:22.791, 7757687173454, datacollector.dll, DataCollectionTestCaseEventHandler: Test case completed
TpTrace Information: 0 : 6532, 5, 2020/11/25, 01:31:22.793, 7757687193167, datacollector.dll, DataCollectionTestCaseEventHandler: Test case starting.
TpTrace Information: 0 : 6532, 5, 2020/11/25, 01:31:22.793, 7757687199130, datacollector.dll, Blame Collector : Test Case Start
TpTrace Information: 0 : 6532, 5, 2020/11/25, 01:31:22.793, 7757687201364, datacollector.dll, DataCollectionTestCaseEventHandler: Test case started.
TpTrace Information: 0 : 6532, 5, 2020/11/25, 01:31:22.800, 7757687267878, datacollector.dll, DataCollectionTestCaseEventHandler : Test case completing.
TpTrace Information: 0 : 6532, 5, 2020/11/25, 01:31:22.801, 7757687277879, datacollector.dll, Blame Collector : Test Case End
TpTrace Error: 0 : 6532, 5, 2020/11/25, 01:31:22.801, 7757687281476, datacollector.dll, DataCollectionAttachmentManager.GetAttachments: Fail to get attachments: System.Collections.Generic.KeyNotFoundException: The given key 'Microsoft.VisualStudio.TestPlatform.ObjectModel.DataCollection.DataCollectionContext' was not present in the dictionary.
   at System.Collections.Generic.Dictionary`2.get_Item(TKey key)
   at Microsoft.VisualStudio.TestPlatform.Common.DataCollector.DataCollectionAttachmentManager.GetAttachments(DataCollectionContext dataCollectionContext) 
TpTrace Information: 0 : 6532, 5, 2020/11/25, 01:31:22.802, 7757687284610, datacollector.dll, DataCollectionTestCaseEventHandler: Test case completed
TpTrace Information: 0 : 6532, 5, 2020/11/25, 01:31:22.807, 7757687335731, datacollector.dll, DataCollectionTestCaseEventHandler: Test session ended
TpTrace Information: 0 : 6532, 1, 2020/11/25, 01:31:22.930, 7757688561801, datacollector.dll, DataCollectionRequestHandler.ProcessRequests : Datacollector received message: (DataCollection.AfterTestRunEnd) -> false
TpTrace Information: 0 : 6532, 1, 2020/11/25, 01:31:22.930, 7757688571320, datacollector.dll, Blame Collector : Session End
TpTrace Error: 0 : 6532, 1, 2020/11/25, 01:31:22.931, 7757688574440, datacollector.dll, DataCollectionAttachmentManager.GetAttachments: Fail to get attachments: System.Collections.Generic.KeyNotFoundException: The given key 'Microsoft.VisualStudio.TestPlatform.ObjectModel.DataCollection.DataCollectionContext' was not present in the dictionary.
   at System.Collections.Generic.Dictionary`2.get_Item(TKey key)
   at Microsoft.VisualStudio.TestPlatform.Common.DataCollector.DataCollectionAttachmentManager.GetAttachments(DataCollectionContext dataCollectionContext) 
TpTrace Information: 0 : 6532, 1, 2020/11/25, 01:31:22.931, 7757688575721, datacollector.dll, DataCollectionManager.CleanupPlugins: CleanupPlugins called
TpTrace Verbose: 0 : 6532, 1, 2020/11/25, 01:31:22.931, 7757688576603, datacollector.dll, DataCollectionManager.CleanupPlugins: Cleaning up 1 plugins
TpTrace Verbose: 0 : 6532, 1, 2020/11/25, 01:31:22.931, 7757688578155, datacollector.dll, dataCollectorInfo.DisposeDataCollector: calling Dispose() on Microsoft.TestPlatform.Extensions.BlameDataCollector.BlameCollector
TpTrace Information: 0 : 6532, 1, 2020/11/25, 01:31:22.931, 7757688579399, datacollector.dll, DataCollectionManager.CleanupPlugins: CleanupPlugins finished
TpTrace Information: 0 : 6532, 1, 2020/11/25, 01:31:22.932, 7757688581523, datacollector.dll, DataCollectionRequestHandler.ProcessRequests : Session End message received from server. Closing the connection.
TpTrace Information: 0 : 6532, 1, 2020/11/25, 01:31:22.932, 7757688583849, datacollector.dll, Closing the connection !
TpTrace Information: 0 : 6532, 1, 2020/11/25, 01:31:22.932, 7757688585743, datacollector.dll, DataCollectionRequestHandler.ProcessRequests : DataCollection completed
TpTrace Information: 0 : 6532, 1, 2020/11/25, 01:31:22.932, 7757688586965, datacollector.dll, Program.Main: exiting datacollector process.
