TpTrace Information: 0 : 8340, 1, 2020/11/29, 14:21:46.686, 1920375784779, datacollector.dll, DataCollectorMain.Run: Starting data collector run with args: --port,50331,--parentprocessid,464,--diag,C:\Users\Korisnik\source\repos\VVS_zadaca2\Hypo Banka\Unit Testovi\bin\Debug\fine-code-coverage\_outputfolder\diagnostics.datacollector.20-11-29_14-21-46_47176_4.log,--tracelevel,4
TpTrace Information: 0 : 8340, 1, 2020/11/29, 14:21:46.695, 1920375822031, datacollector.dll, DataCollector: Monitoring parent process with id: '464'
TpTrace Information: 0 : 8340, 1, 2020/11/29, 14:21:46.713, 1920376004403, datacollector.dll, Trying to connect to server on socket : 127.0.0.1:50331 
TpTrace Verbose: 0 : 8340, 1, 2020/11/29, 14:21:46.737, 1920376242398, datacollector.dll, SocketCommunicationManager : SetupClientAsync : Attempting to connect to the server.
TpTrace Information: 0 : 8340, 5, 2020/11/29, 14:21:46.758, 1920376457805, datacollector.dll, Connected to the server successfully 
TpTrace Information: 0 : 8340, 5, 2020/11/29, 14:21:46.759, 1920376463769, datacollector.dll, Using the buffer size of 16384 bytes
TpTrace Information: 0 : 8340, 1, 2020/11/29, 14:21:46.952, 1920378390204, datacollector.dll, DataCollector: Start Request Processing.
TpTrace Information: 0 : 8340, 1, 2020/11/29, 14:21:46.961, 1920378481695, datacollector.dll, DataCollectionRequestHandler.ProcessRequests : Datacollector received message: (DataCollection.BeforeTestRunStart) -> {
  "SettingsXml": "<RunSettings><RunConfiguration><ResultsDirectory>C:\\Users\\Korisnik\\source\\repos\\VVS_zadaca2\\Hypo Banka\\Unit Testovi\\bin\\Debug\\fine-code-coverage\\_outputfolder</ResultsDirectory><TargetPlatform>X64</TargetPlatform><TargetFrameworkVersion>.NETCoreApp,Version=v3.1</TargetFrameworkVersion><DesignMode>False</DesignMode><CollectSourceInformation>False</CollectSourceInformation><TestAdaptersPaths>C:\\Program Files\\dotnet\\sdk\\3.1.201\\Extensions</TestAdaptersPaths></RunConfiguration><LoggerRunSettings><Loggers><Logger friendlyName=\"blame\" enabled=\"True\" /><Logger friendlyName=\"Console\" uri=\"logger://microsoft/TestPlatform/ConsoleLogger/v1\" assemblyQualifiedName=\"Microsoft.VisualStudio.TestPlatform.CommandLine.Internal.ConsoleLogger, vstest.console, Version=15.0.0.0, Culture=neutral, PublicKeyToken=b03f5f7f11d50a3a\" codeBase=\"C:\\Program Files\\dotnet\\sdk\\3.1.201\\vstest.console.dll\" enabled=\"True\" /></Loggers></LoggerRunSettings><DataCollectionRunSettings><DataCollectors><DataCollector friendlyName=\"blame\" enabled=\"True\"><Configuration><ResultsDirectory>C:\\Users\\Korisnik\\source\\repos\\VVS_zadaca2\\Hypo Banka\\Unit Testovi\\bin\\Debug\\fine-code-coverage\\_outputfolder</ResultsDirectory></Configuration></DataCollector></DataCollectors></DataCollectionRunSettings></RunSettings>",
  "Sources": [
    "C:\\Users\\Korisnik\\source\\repos\\VVS_zadaca2\\Hypo Banka\\Unit Testovi\\bin\\Debug\\fine-code-coverage\\Unit Testovi.dll"
  ]
}
TpTrace Verbose: 0 : 8340, 1, 2020/11/29, 14:21:47.052, 1920379388854, datacollector.dll, TestPluginCache: Update extensions started. Skip filter = False
TpTrace Verbose: 0 : 8340, 1, 2020/11/29, 14:21:47.053, 1920379401877, datacollector.dll, TestPluginCache: Using directories for assembly resolution 'C:\Program Files\dotnet\sdk\3.1.201\Extensions'.
TpTrace Verbose: 0 : 8340, 1, 2020/11/29, 14:21:47.053, 1920379403088, datacollector.dll, TestPluginCache: Updated the available extensions to 'C:\Program Files\dotnet\sdk\3.1.201\Extensions\Microsoft.TestPlatform.Extensions.BlameDataCollector.dll,C:\Program Files\dotnet\sdk\3.1.201\Extensions\Microsoft.TestPlatform.Extensions.EventLogCollector.dll'.
TpTrace Verbose: 0 : 8340, 1, 2020/11/29, 14:21:47.065, 1920379519819, datacollector.dll, TestPluginCache.DiscoverTestExtensions: finding test extensions in assemblies endswith: Collector.dll TPluginInfo: Microsoft.VisualStudio.TestPlatform.Common.DataCollector.DataCollectorConfig TExtension: Microsoft.VisualStudio.TestPlatform.ObjectModel.DataCollection.DataCollector
TpTrace Verbose: 0 : 8340, 1, 2020/11/29, 14:21:47.065, 1920379523273, datacollector.dll, TestPluginCache.GetExtensionPaths: Filtered extension paths: C:\Program Files\dotnet\sdk\3.1.201\Extensions\Microsoft.TestPlatform.Extensions.BlameDataCollector.dll
C:\Program Files\dotnet\sdk\3.1.201\Extensions\Microsoft.TestPlatform.Extensions.EventLogCollector.dll
TpTrace Verbose: 0 : 8340, 1, 2020/11/29, 14:21:47.065, 1920379524862, datacollector.dll, TestPluginCache.GetExtensionPaths: Added default extension paths: 
TpTrace Verbose: 0 : 8340, 1, 2020/11/29, 14:21:47.065, 1920379525537, datacollector.dll, TestPluginCache.GetExtensionPaths: Added unfilterableExtensionPaths: 
TpTrace Information: 0 : 8340, 1, 2020/11/29, 14:21:47.066, 1920379535167, datacollector.dll, AssemblyResolver.ctor: Creating AssemblyResolver with searchDirectories C:\Program Files\dotnet\sdk\3.1.201\Extensions,C:\Program Files\dotnet\sdk\3.1.201
TpTrace Verbose: 0 : 8340, 1, 2020/11/29, 14:21:47.069, 1920379567954, datacollector.dll, TestPluginCache.DiscoverTestExtensions: Discovering the extensions using extension path.
TpTrace Verbose: 0 : 8340, 1, 2020/11/29, 14:21:47.070, 1920379571705, datacollector.dll, TestPluginCache.GetExtensionPaths: Filtered extension paths: C:\Program Files\dotnet\sdk\3.1.201\Extensions\Microsoft.TestPlatform.Extensions.BlameDataCollector.dll
C:\Program Files\dotnet\sdk\3.1.201\Extensions\Microsoft.TestPlatform.Extensions.EventLogCollector.dll
TpTrace Verbose: 0 : 8340, 1, 2020/11/29, 14:21:47.070, 1920379572979, datacollector.dll, TestPluginCache.GetExtensionPaths: Added default extension paths: 
TpTrace Verbose: 0 : 8340, 1, 2020/11/29, 14:21:47.070, 1920379574144, datacollector.dll, TestPluginCache.GetExtensionPaths: Added unfilterableExtensionPaths: 
TpTrace Verbose: 0 : 8340, 1, 2020/11/29, 14:21:47.070, 1920379575579, datacollector.dll, TestPluginCache.DiscoverTestExtensions: Discovering the extensions using allExtensionPaths: C:\Program Files\dotnet\sdk\3.1.201\Extensions\Microsoft.TestPlatform.Extensions.BlameDataCollector.dll
C:\Program Files\dotnet\sdk\3.1.201\Extensions\Microsoft.TestPlatform.Extensions.EventLogCollector.dll
TpTrace Information: 0 : 8340, 1, 2020/11/29, 14:21:47.071, 1920379578233, datacollector.dll, AssemblyResolver.AddSearchDirectories: Adding more searchDirectories C:\Program Files\dotnet\sdk\3.1.201\Extensions,C:\Program Files\dotnet\sdk\3.1.201
TpTrace Information: 0 : 8340, 1, 2020/11/29, 14:21:47.071, 1920379579819, datacollector.dll, AssemblyResolver.AddSearchDirectories: Adding more searchDirectories C:\Program Files\dotnet\sdk\3.1.201\Extensions,C:\Program Files\dotnet\sdk\3.1.201
TpTrace Information: 0 : 8340, 1, 2020/11/29, 14:21:47.072, 1920379590420, datacollector.dll, AssemblyResolver.OnResolve: Microsoft.TestPlatform.Extensions.BlameDataCollector: Resolving assembly.
TpTrace Information: 0 : 8340, 1, 2020/11/29, 14:21:47.073, 1920379607609, datacollector.dll, AssemblyResolver.OnResolve: Resolved assembly: Microsoft.TestPlatform.Extensions.BlameDataCollector, from path: C:\Program Files\dotnet\sdk\3.1.201\Extensions\Microsoft.TestPlatform.Extensions.BlameDataCollector.dll
TpTrace Error: 0 : 8340, 1, 2020/11/29, 14:21:47.075, 1920379620366, datacollector.dll, The type "Microsoft.TestPlatform.Extensions.BlameDataCollector.BlameCollector" defined in "Microsoft.TestPlatform.Extensions.BlameDataCollector.dll" does not have ExtensionUri attibute.
TpTrace Information: 0 : 8340, 1, 2020/11/29, 14:21:47.076, 1920379630858, datacollector.dll, AssemblyResolver.OnResolve: Microsoft.TestPlatform.Extensions.EventLogCollector: Resolving assembly.
TpTrace Information: 0 : 8340, 1, 2020/11/29, 14:21:47.077, 1920379639900, datacollector.dll, AssemblyResolver.OnResolve: Resolved assembly: Microsoft.TestPlatform.Extensions.EventLogCollector, from path: C:\Program Files\dotnet\sdk\3.1.201\Extensions\Microsoft.TestPlatform.Extensions.EventLogCollector.dll
TpTrace Error: 0 : 8340, 1, 2020/11/29, 14:21:47.079, 1920379659835, datacollector.dll, The type "Microsoft.TestPlatform.Extensions.EventLogCollector.EventLogDataCollector" defined in "Microsoft.TestPlatform.Extensions.EventLogCollector.dll" does not have ExtensionUri attibute.
TpTrace Verbose: 0 : 8340, 1, 2020/11/29, 14:21:47.079, 1920379665110, datacollector.dll, TestPluginCache: Discovered the extensions using extension path 'C:\Program Files\dotnet\sdk\3.1.201\Extensions\Microsoft.TestPlatform.Extensions.BlameDataCollector.dll,C:\Program Files\dotnet\sdk\3.1.201\Extensions\Microsoft.TestPlatform.Extensions.EventLogCollector.dll'.
TpTrace Verbose: 0 : 8340, 1, 2020/11/29, 14:21:47.079, 1920379666092, datacollector.dll, TestPluginCache: Discoverers are ''.
TpTrace Verbose: 0 : 8340, 1, 2020/11/29, 14:21:47.080, 1920379668193, datacollector.dll, TestPluginCache: Executors are ''.
TpTrace Verbose: 0 : 8340, 1, 2020/11/29, 14:21:47.080, 1920379669960, datacollector.dll, TestPluginCache: Setting providers are ''.
TpTrace Verbose: 0 : 8340, 1, 2020/11/29, 14:21:47.080, 1920379673644, datacollector.dll, TestPluginCache: Loggers are ''.
TpTrace Information: 0 : 8340, 1, 2020/11/29, 14:21:47.083, 1920379700741, datacollector.dll, TestPluginManager.CreateTestExtension: Attempting to load test extension: Microsoft.TestPlatform.Extensions.BlameDataCollector.BlameCollector
TpTrace Error: 0 : 8340, 1, 2020/11/29, 14:21:47.083, 1920379703430, datacollector.dll, The type "Microsoft.TestPlatform.Extensions.BlameDataCollector.BlameCollector" defined in "Microsoft.TestPlatform.Extensions.BlameDataCollector.dll" does not have ExtensionUri attibute.
TpTrace Information: 0 : 8340, 1, 2020/11/29, 14:21:47.091, 1920379778789, datacollector.dll, Listening on Endpoint : 127.0.0.1:50334
TpTrace Information: 0 : 8340, 1, 2020/11/29, 14:21:47.106, 1920379929880, datacollector.dll, DataCollectionRequestHandler.ProcessRequests : DataCollection started.
TpTrace Information: 0 : 8340, 1, 2020/11/29, 14:21:47.188, 1920380750729, datacollector.dll, DataCollectionRequestHandler.ProcessRequests : Datacollector received message: (DataCollection.TestHostLaunched) -> {
  "ProcessId": 16684
}
TpTrace Information: 0 : 8340, 7, 2020/11/29, 14:21:47.494, 1920383818175, datacollector.dll, Using the buffer size of 16384 bytes
TpTrace Information: 0 : 8340, 7, 2020/11/29, 14:21:47.495, 1920383822439, datacollector.dll, Accepted Client request and set the flag
TpTrace Information: 0 : 8340, 5, 2020/11/29, 14:21:48.134, 1920390217867, datacollector.dll, DataCollectionTestCaseEventHandler: Test case starting.
TpTrace Information: 0 : 8340, 5, 2020/11/29, 14:21:48.180, 1920390676712, datacollector.dll, Blame Collector : Test Case Start
TpTrace Information: 0 : 8340, 5, 2020/11/29, 14:21:48.181, 1920390682452, datacollector.dll, DataCollectionTestCaseEventHandler: Test case started.
TpTrace Information: 0 : 8340, 5, 2020/11/29, 14:21:48.279, 1920391661941, datacollector.dll, DataCollectionTestCaseEventHandler : Test case completing.
TpTrace Information: 0 : 8340, 5, 2020/11/29, 14:21:48.284, 1920391712550, datacollector.dll, Blame Collector : Test Case End
TpTrace Error: 0 : 8340, 5, 2020/11/29, 14:21:48.305, 1920391923784, datacollector.dll, DataCollectionAttachmentManager.GetAttachments: Fail to get attachments: System.Collections.Generic.KeyNotFoundException: The given key 'Microsoft.VisualStudio.TestPlatform.ObjectModel.DataCollection.DataCollectionContext' was not present in the dictionary.
   at System.Collections.Generic.Dictionary`2.get_Item(TKey key)
   at Microsoft.VisualStudio.TestPlatform.Common.DataCollector.DataCollectionAttachmentManager.GetAttachments(DataCollectionContext dataCollectionContext) 
TpTrace Information: 0 : 8340, 5, 2020/11/29, 14:21:48.312, 1920391996706, datacollector.dll, DataCollectionTestCaseEventHandler: Test case completed
TpTrace Information: 0 : 8340, 5, 2020/11/29, 14:21:48.336, 1920392232528, datacollector.dll, DataCollectionTestCaseEventHandler: Test case starting.
TpTrace Information: 0 : 8340, 5, 2020/11/29, 14:21:48.337, 1920392241554, datacollector.dll, Blame Collector : Test Case Start
TpTrace Information: 0 : 8340, 5, 2020/11/29, 14:21:48.337, 1920392244498, datacollector.dll, DataCollectionTestCaseEventHandler: Test case started.
TpTrace Information: 0 : 8340, 5, 2020/11/29, 14:21:48.340, 1920392268341, datacollector.dll, DataCollectionTestCaseEventHandler : Test case completing.
TpTrace Information: 0 : 8340, 5, 2020/11/29, 14:21:48.340, 1920392273599, datacollector.dll, Blame Collector : Test Case End
TpTrace Error: 0 : 8340, 5, 2020/11/29, 14:21:48.340, 1920392276533, datacollector.dll, DataCollectionAttachmentManager.GetAttachments: Fail to get attachments: System.Collections.Generic.KeyNotFoundException: The given key 'Microsoft.VisualStudio.TestPlatform.ObjectModel.DataCollection.DataCollectionContext' was not present in the dictionary.
   at System.Collections.Generic.Dictionary`2.get_Item(TKey key)
   at Microsoft.VisualStudio.TestPlatform.Common.DataCollector.DataCollectionAttachmentManager.GetAttachments(DataCollectionContext dataCollectionContext) 
TpTrace Information: 0 : 8340, 5, 2020/11/29, 14:21:48.341, 1920392278642, datacollector.dll, DataCollectionTestCaseEventHandler: Test case completed
TpTrace Information: 0 : 8340, 5, 2020/11/29, 14:21:48.343, 1920392302627, datacollector.dll, DataCollectionTestCaseEventHandler: Test case starting.
TpTrace Information: 0 : 8340, 5, 2020/11/29, 14:21:48.344, 1920392312670, datacollector.dll, Blame Collector : Test Case Start
TpTrace Information: 0 : 8340, 5, 2020/11/29, 14:21:48.344, 1920392315283, datacollector.dll, DataCollectionTestCaseEventHandler: Test case started.
TpTrace Information: 0 : 8340, 5, 2020/11/29, 14:21:48.347, 1920392344777, datacollector.dll, DataCollectionTestCaseEventHandler : Test case completing.
TpTrace Information: 0 : 8340, 5, 2020/11/29, 14:21:48.353, 1920392400224, datacollector.dll, Blame Collector : Test Case End
TpTrace Error: 0 : 8340, 5, 2020/11/29, 14:21:48.353, 1920392404204, datacollector.dll, DataCollectionAttachmentManager.GetAttachments: Fail to get attachments: System.Collections.Generic.KeyNotFoundException: The given key 'Microsoft.VisualStudio.TestPlatform.ObjectModel.DataCollection.DataCollectionContext' was not present in the dictionary.
   at System.Collections.Generic.Dictionary`2.get_Item(TKey key)
   at Microsoft.VisualStudio.TestPlatform.Common.DataCollector.DataCollectionAttachmentManager.GetAttachments(DataCollectionContext dataCollectionContext) 
TpTrace Information: 0 : 8340, 5, 2020/11/29, 14:21:48.353, 1920392406554, datacollector.dll, DataCollectionTestCaseEventHandler: Test case completed
TpTrace Information: 0 : 8340, 5, 2020/11/29, 14:21:48.356, 1920392429979, datacollector.dll, DataCollectionTestCaseEventHandler: Test case starting.
TpTrace Information: 0 : 8340, 5, 2020/11/29, 14:21:48.356, 1920392437645, datacollector.dll, Blame Collector : Test Case Start
TpTrace Information: 0 : 8340, 5, 2020/11/29, 14:21:48.357, 1920392439828, datacollector.dll, DataCollectionTestCaseEventHandler: Test case started.
TpTrace Information: 0 : 8340, 5, 2020/11/29, 14:21:48.377, 1920392642411, datacollector.dll, DataCollectionTestCaseEventHandler : Test case completing.
TpTrace Information: 0 : 8340, 5, 2020/11/29, 14:21:48.377, 1920392647491, datacollector.dll, Blame Collector : Test Case End
TpTrace Error: 0 : 8340, 5, 2020/11/29, 14:21:48.378, 1920392649810, datacollector.dll, DataCollectionAttachmentManager.GetAttachments: Fail to get attachments: System.Collections.Generic.KeyNotFoundException: The given key 'Microsoft.VisualStudio.TestPlatform.ObjectModel.DataCollection.DataCollectionContext' was not present in the dictionary.
   at System.Collections.Generic.Dictionary`2.get_Item(TKey key)
   at Microsoft.VisualStudio.TestPlatform.Common.DataCollector.DataCollectionAttachmentManager.GetAttachments(DataCollectionContext dataCollectionContext) 
TpTrace Information: 0 : 8340, 5, 2020/11/29, 14:21:48.378, 1920392651731, datacollector.dll, DataCollectionTestCaseEventHandler: Test case completed
TpTrace Information: 0 : 8340, 5, 2020/11/29, 14:21:48.379, 1920392664949, datacollector.dll, DataCollectionTestCaseEventHandler: Test case starting.
TpTrace Information: 0 : 8340, 5, 2020/11/29, 14:21:48.380, 1920392672903, datacollector.dll, Blame Collector : Test Case Start
TpTrace Information: 0 : 8340, 5, 2020/11/29, 14:21:48.380, 1920392676517, datacollector.dll, DataCollectionTestCaseEventHandler: Test case started.
TpTrace Information: 0 : 8340, 5, 2020/11/29, 14:21:48.385, 1920392718290, datacollector.dll, DataCollectionTestCaseEventHandler : Test case completing.
TpTrace Information: 0 : 8340, 5, 2020/11/29, 14:21:48.385, 1920392723007, datacollector.dll, Blame Collector : Test Case End
TpTrace Error: 0 : 8340, 5, 2020/11/29, 14:21:48.385, 1920392725179, datacollector.dll, DataCollectionAttachmentManager.GetAttachments: Fail to get attachments: System.Collections.Generic.KeyNotFoundException: The given key 'Microsoft.VisualStudio.TestPlatform.ObjectModel.DataCollection.DataCollectionContext' was not present in the dictionary.
   at System.Collections.Generic.Dictionary`2.get_Item(TKey key)
   at Microsoft.VisualStudio.TestPlatform.Common.DataCollector.DataCollectionAttachmentManager.GetAttachments(DataCollectionContext dataCollectionContext) 
TpTrace Information: 0 : 8340, 5, 2020/11/29, 14:21:48.385, 1920392726948, datacollector.dll, DataCollectionTestCaseEventHandler: Test case completed
TpTrace Information: 0 : 8340, 5, 2020/11/29, 14:21:48.387, 1920392738351, datacollector.dll, DataCollectionTestCaseEventHandler: Test case starting.
TpTrace Information: 0 : 8340, 5, 2020/11/29, 14:21:48.387, 1920392743070, datacollector.dll, Blame Collector : Test Case Start
TpTrace Information: 0 : 8340, 5, 2020/11/29, 14:21:48.387, 1920392744711, datacollector.dll, DataCollectionTestCaseEventHandler: Test case started.
TpTrace Information: 0 : 8340, 5, 2020/11/29, 14:21:48.389, 1920392765478, datacollector.dll, DataCollectionTestCaseEventHandler : Test case completing.
TpTrace Information: 0 : 8340, 5, 2020/11/29, 14:21:48.390, 1920392774302, datacollector.dll, Blame Collector : Test Case End
TpTrace Error: 0 : 8340, 5, 2020/11/29, 14:21:48.390, 1920392778021, datacollector.dll, DataCollectionAttachmentManager.GetAttachments: Fail to get attachments: System.Collections.Generic.KeyNotFoundException: The given key 'Microsoft.VisualStudio.TestPlatform.ObjectModel.DataCollection.DataCollectionContext' was not present in the dictionary.
   at System.Collections.Generic.Dictionary`2.get_Item(TKey key)
   at Microsoft.VisualStudio.TestPlatform.Common.DataCollector.DataCollectionAttachmentManager.GetAttachments(DataCollectionContext dataCollectionContext) 
TpTrace Information: 0 : 8340, 5, 2020/11/29, 14:21:48.391, 1920392780724, datacollector.dll, DataCollectionTestCaseEventHandler: Test case completed
TpTrace Information: 0 : 8340, 5, 2020/11/29, 14:21:48.392, 1920392791594, datacollector.dll, DataCollectionTestCaseEventHandler: Test case starting.
TpTrace Information: 0 : 8340, 5, 2020/11/29, 14:21:48.392, 1920392796362, datacollector.dll, Blame Collector : Test Case Start
TpTrace Information: 0 : 8340, 5, 2020/11/29, 14:21:48.392, 1920392798138, datacollector.dll, DataCollectionTestCaseEventHandler: Test case started.
TpTrace Information: 0 : 8340, 5, 2020/11/29, 14:21:48.395, 1920392819304, datacollector.dll, DataCollectionTestCaseEventHandler : Test case completing.
TpTrace Information: 0 : 8340, 5, 2020/11/29, 14:21:48.395, 1920392824013, datacollector.dll, Blame Collector : Test Case End
TpTrace Error: 0 : 8340, 5, 2020/11/29, 14:21:48.395, 1920392826236, datacollector.dll, DataCollectionAttachmentManager.GetAttachments: Fail to get attachments: System.Collections.Generic.KeyNotFoundException: The given key 'Microsoft.VisualStudio.TestPlatform.ObjectModel.DataCollection.DataCollectionContext' was not present in the dictionary.
   at System.Collections.Generic.Dictionary`2.get_Item(TKey key)
   at Microsoft.VisualStudio.TestPlatform.Common.DataCollector.DataCollectionAttachmentManager.GetAttachments(DataCollectionContext dataCollectionContext) 
TpTrace Information: 0 : 8340, 5, 2020/11/29, 14:21:48.396, 1920392828148, datacollector.dll, DataCollectionTestCaseEventHandler: Test case completed
TpTrace Information: 0 : 8340, 5, 2020/11/29, 14:21:48.397, 1920392845954, datacollector.dll, DataCollectionTestCaseEventHandler: Test case starting.
TpTrace Information: 0 : 8340, 5, 2020/11/29, 14:21:48.398, 1920392852149, datacollector.dll, Blame Collector : Test Case Start
TpTrace Information: 0 : 8340, 5, 2020/11/29, 14:21:48.398, 1920392854072, datacollector.dll, DataCollectionTestCaseEventHandler: Test case started.
TpTrace Information: 0 : 8340, 5, 2020/11/29, 14:21:48.400, 1920392877871, datacollector.dll, DataCollectionTestCaseEventHandler : Test case completing.
TpTrace Information: 0 : 8340, 5, 2020/11/29, 14:21:48.401, 1920392882730, datacollector.dll, Blame Collector : Test Case End
TpTrace Error: 0 : 8340, 5, 2020/11/29, 14:21:48.401, 1920392884933, datacollector.dll, DataCollectionAttachmentManager.GetAttachments: Fail to get attachments: System.Collections.Generic.KeyNotFoundException: The given key 'Microsoft.VisualStudio.TestPlatform.ObjectModel.DataCollection.DataCollectionContext' was not present in the dictionary.
   at System.Collections.Generic.Dictionary`2.get_Item(TKey key)
   at Microsoft.VisualStudio.TestPlatform.Common.DataCollector.DataCollectionAttachmentManager.GetAttachments(DataCollectionContext dataCollectionContext) 
TpTrace Information: 0 : 8340, 5, 2020/11/29, 14:21:48.401, 1920392886625, datacollector.dll, DataCollectionTestCaseEventHandler: Test case completed
TpTrace Information: 0 : 8340, 5, 2020/11/29, 14:21:48.403, 1920392900390, datacollector.dll, DataCollectionTestCaseEventHandler: Test case starting.
TpTrace Information: 0 : 8340, 5, 2020/11/29, 14:21:48.403, 1920392905087, datacollector.dll, Blame Collector : Test Case Start
TpTrace Information: 0 : 8340, 5, 2020/11/29, 14:21:48.403, 1920392906663, datacollector.dll, DataCollectionTestCaseEventHandler: Test case started.
TpTrace Information: 0 : 8340, 5, 2020/11/29, 14:21:48.406, 1920392931261, datacollector.dll, DataCollectionTestCaseEventHandler : Test case completing.
TpTrace Information: 0 : 8340, 5, 2020/11/29, 14:21:48.406, 1920392936681, datacollector.dll, Blame Collector : Test Case End
TpTrace Error: 0 : 8340, 5, 2020/11/29, 14:21:48.407, 1920392939139, datacollector.dll, DataCollectionAttachmentManager.GetAttachments: Fail to get attachments: System.Collections.Generic.KeyNotFoundException: The given key 'Microsoft.VisualStudio.TestPlatform.ObjectModel.DataCollection.DataCollectionContext' was not present in the dictionary.
   at System.Collections.Generic.Dictionary`2.get_Item(TKey key)
   at Microsoft.VisualStudio.TestPlatform.Common.DataCollector.DataCollectionAttachmentManager.GetAttachments(DataCollectionContext dataCollectionContext) 
TpTrace Information: 0 : 8340, 5, 2020/11/29, 14:21:48.407, 1920392940995, datacollector.dll, DataCollectionTestCaseEventHandler: Test case completed
TpTrace Information: 0 : 8340, 5, 2020/11/29, 14:21:48.471, 1920393582327, datacollector.dll, DataCollectionTestCaseEventHandler: Test case starting.
TpTrace Information: 0 : 8340, 5, 2020/11/29, 14:21:48.472, 1920393590120, datacollector.dll, Blame Collector : Test Case Start
TpTrace Information: 0 : 8340, 5, 2020/11/29, 14:21:48.472, 1920393592593, datacollector.dll, DataCollectionTestCaseEventHandler: Test case started.
TpTrace Information: 0 : 8340, 5, 2020/11/29, 14:21:48.476, 1920393634438, datacollector.dll, DataCollectionTestCaseEventHandler : Test case completing.
TpTrace Information: 0 : 8340, 5, 2020/11/29, 14:21:48.477, 1920393641540, datacollector.dll, Blame Collector : Test Case End
TpTrace Error: 0 : 8340, 5, 2020/11/29, 14:21:48.477, 1920393644774, datacollector.dll, DataCollectionAttachmentManager.GetAttachments: Fail to get attachments: System.Collections.Generic.KeyNotFoundException: The given key 'Microsoft.VisualStudio.TestPlatform.ObjectModel.DataCollection.DataCollectionContext' was not present in the dictionary.
   at System.Collections.Generic.Dictionary`2.get_Item(TKey key)
   at Microsoft.VisualStudio.TestPlatform.Common.DataCollector.DataCollectionAttachmentManager.GetAttachments(DataCollectionContext dataCollectionContext) 
TpTrace Information: 0 : 8340, 5, 2020/11/29, 14:21:48.477, 1920393647416, datacollector.dll, DataCollectionTestCaseEventHandler: Test case completed
TpTrace Information: 0 : 8340, 5, 2020/11/29, 14:21:48.479, 1920393663196, datacollector.dll, DataCollectionTestCaseEventHandler: Test case starting.
TpTrace Information: 0 : 8340, 5, 2020/11/29, 14:21:48.480, 1920393672808, datacollector.dll, Blame Collector : Test Case Start
TpTrace Information: 0 : 8340, 5, 2020/11/29, 14:21:48.480, 1920393675643, datacollector.dll, DataCollectionTestCaseEventHandler: Test case started.
TpTrace Information: 0 : 8340, 5, 2020/11/29, 14:21:48.488, 1920393753178, datacollector.dll, DataCollectionTestCaseEventHandler : Test case completing.
TpTrace Information: 0 : 8340, 5, 2020/11/29, 14:21:48.489, 1920393758374, datacollector.dll, Blame Collector : Test Case End
TpTrace Error: 0 : 8340, 5, 2020/11/29, 14:21:48.489, 1920393760660, datacollector.dll, DataCollectionAttachmentManager.GetAttachments: Fail to get attachments: System.Collections.Generic.KeyNotFoundException: The given key 'Microsoft.VisualStudio.TestPlatform.ObjectModel.DataCollection.DataCollectionContext' was not present in the dictionary.
   at System.Collections.Generic.Dictionary`2.get_Item(TKey key)
   at Microsoft.VisualStudio.TestPlatform.Common.DataCollector.DataCollectionAttachmentManager.GetAttachments(DataCollectionContext dataCollectionContext) 
TpTrace Information: 0 : 8340, 5, 2020/11/29, 14:21:48.489, 1920393762602, datacollector.dll, DataCollectionTestCaseEventHandler: Test case completed
TpTrace Information: 0 : 8340, 5, 2020/11/29, 14:21:48.490, 1920393773775, datacollector.dll, DataCollectionTestCaseEventHandler: Test case starting.
TpTrace Information: 0 : 8340, 5, 2020/11/29, 14:21:48.491, 1920393778683, datacollector.dll, Blame Collector : Test Case Start
TpTrace Information: 0 : 8340, 5, 2020/11/29, 14:21:48.491, 1920393780398, datacollector.dll, DataCollectionTestCaseEventHandler: Test case started.
TpTrace Information: 0 : 8340, 5, 2020/11/29, 14:21:48.493, 1920393801814, datacollector.dll, DataCollectionTestCaseEventHandler : Test case completing.
TpTrace Information: 0 : 8340, 5, 2020/11/29, 14:21:48.493, 1920393806959, datacollector.dll, Blame Collector : Test Case End
TpTrace Error: 0 : 8340, 5, 2020/11/29, 14:21:48.494, 1920393809311, datacollector.dll, DataCollectionAttachmentManager.GetAttachments: Fail to get attachments: System.Collections.Generic.KeyNotFoundException: The given key 'Microsoft.VisualStudio.TestPlatform.ObjectModel.DataCollection.DataCollectionContext' was not present in the dictionary.
   at System.Collections.Generic.Dictionary`2.get_Item(TKey key)
   at Microsoft.VisualStudio.TestPlatform.Common.DataCollector.DataCollectionAttachmentManager.GetAttachments(DataCollectionContext dataCollectionContext) 
TpTrace Information: 0 : 8340, 5, 2020/11/29, 14:21:48.494, 1920393811318, datacollector.dll, DataCollectionTestCaseEventHandler: Test case completed
TpTrace Information: 0 : 8340, 5, 2020/11/29, 14:21:48.502, 1920393894886, datacollector.dll, DataCollectionTestCaseEventHandler: Test case starting.
TpTrace Information: 0 : 8340, 5, 2020/11/29, 14:21:48.503, 1920393900152, datacollector.dll, Blame Collector : Test Case Start
TpTrace Information: 0 : 8340, 5, 2020/11/29, 14:21:48.503, 1920393901923, datacollector.dll, DataCollectionTestCaseEventHandler: Test case started.
TpTrace Information: 0 : 8340, 5, 2020/11/29, 14:21:48.505, 1920393926309, datacollector.dll, DataCollectionTestCaseEventHandler : Test case completing.
TpTrace Information: 0 : 8340, 5, 2020/11/29, 14:21:48.506, 1920393932934, datacollector.dll, Blame Collector : Test Case End
TpTrace Error: 0 : 8340, 5, 2020/11/29, 14:21:48.506, 1920393935646, datacollector.dll, DataCollectionAttachmentManager.GetAttachments: Fail to get attachments: System.Collections.Generic.KeyNotFoundException: The given key 'Microsoft.VisualStudio.TestPlatform.ObjectModel.DataCollection.DataCollectionContext' was not present in the dictionary.
   at System.Collections.Generic.Dictionary`2.get_Item(TKey key)
   at Microsoft.VisualStudio.TestPlatform.Common.DataCollector.DataCollectionAttachmentManager.GetAttachments(DataCollectionContext dataCollectionContext) 
TpTrace Information: 0 : 8340, 5, 2020/11/29, 14:21:48.506, 1920393937809, datacollector.dll, DataCollectionTestCaseEventHandler: Test case completed
TpTrace Information: 0 : 8340, 5, 2020/11/29, 14:21:48.508, 1920393950081, datacollector.dll, DataCollectionTestCaseEventHandler: Test case starting.
TpTrace Information: 0 : 8340, 5, 2020/11/29, 14:21:48.508, 1920393958015, datacollector.dll, Blame Collector : Test Case Start
TpTrace Information: 0 : 8340, 5, 2020/11/29, 14:21:48.509, 1920393960305, datacollector.dll, DataCollectionTestCaseEventHandler: Test case started.
TpTrace Information: 0 : 8340, 5, 2020/11/29, 14:21:48.512, 1920393995759, datacollector.dll, DataCollectionTestCaseEventHandler : Test case completing.
TpTrace Information: 0 : 8340, 5, 2020/11/29, 14:21:48.513, 1920394007091, datacollector.dll, Blame Collector : Test Case End
TpTrace Error: 0 : 8340, 5, 2020/11/29, 14:21:48.514, 1920394011400, datacollector.dll, DataCollectionAttachmentManager.GetAttachments: Fail to get attachments: System.Collections.Generic.KeyNotFoundException: The given key 'Microsoft.VisualStudio.TestPlatform.ObjectModel.DataCollection.DataCollectionContext' was not present in the dictionary.
   at System.Collections.Generic.Dictionary`2.get_Item(TKey key)
   at Microsoft.VisualStudio.TestPlatform.Common.DataCollector.DataCollectionAttachmentManager.GetAttachments(DataCollectionContext dataCollectionContext) 
TpTrace Information: 0 : 8340, 5, 2020/11/29, 14:21:48.514, 1920394014402, datacollector.dll, DataCollectionTestCaseEventHandler: Test case completed
TpTrace Information: 0 : 8340, 5, 2020/11/29, 14:21:48.516, 1920394029435, datacollector.dll, DataCollectionTestCaseEventHandler: Test case starting.
TpTrace Information: 0 : 8340, 5, 2020/11/29, 14:21:48.516, 1920394037207, datacollector.dll, Blame Collector : Test Case Start
TpTrace Information: 0 : 8340, 5, 2020/11/29, 14:21:48.517, 1920394039792, datacollector.dll, DataCollectionTestCaseEventHandler: Test case started.
TpTrace Information: 0 : 8340, 5, 2020/11/29, 14:21:48.528, 1920394150686, datacollector.dll, DataCollectionTestCaseEventHandler : Test case completing.
TpTrace Information: 0 : 8340, 5, 2020/11/29, 14:21:48.528, 1920394155801, datacollector.dll, Blame Collector : Test Case End
TpTrace Error: 0 : 8340, 5, 2020/11/29, 14:21:48.529, 1920394158126, datacollector.dll, DataCollectionAttachmentManager.GetAttachments: Fail to get attachments: System.Collections.Generic.KeyNotFoundException: The given key 'Microsoft.VisualStudio.TestPlatform.ObjectModel.DataCollection.DataCollectionContext' was not present in the dictionary.
   at System.Collections.Generic.Dictionary`2.get_Item(TKey key)
   at Microsoft.VisualStudio.TestPlatform.Common.DataCollector.DataCollectionAttachmentManager.GetAttachments(DataCollectionContext dataCollectionContext) 
TpTrace Information: 0 : 8340, 5, 2020/11/29, 14:21:48.529, 1920394159845, datacollector.dll, DataCollectionTestCaseEventHandler: Test case completed
TpTrace Information: 0 : 8340, 5, 2020/11/29, 14:21:48.530, 1920394174536, datacollector.dll, DataCollectionTestCaseEventHandler: Test case starting.
TpTrace Information: 0 : 8340, 5, 2020/11/29, 14:21:48.531, 1920394180064, datacollector.dll, Blame Collector : Test Case Start
TpTrace Information: 0 : 8340, 5, 2020/11/29, 14:21:48.531, 1920394181833, datacollector.dll, DataCollectionTestCaseEventHandler: Test case started.
TpTrace Information: 0 : 8340, 5, 2020/11/29, 14:21:48.535, 1920394227103, datacollector.dll, DataCollectionTestCaseEventHandler : Test case completing.
TpTrace Information: 0 : 8340, 5, 2020/11/29, 14:21:48.536, 1920394232119, datacollector.dll, Blame Collector : Test Case End
TpTrace Error: 0 : 8340, 5, 2020/11/29, 14:21:48.536, 1920394234376, datacollector.dll, DataCollectionAttachmentManager.GetAttachments: Fail to get attachments: System.Collections.Generic.KeyNotFoundException: The given key 'Microsoft.VisualStudio.TestPlatform.ObjectModel.DataCollection.DataCollectionContext' was not present in the dictionary.
   at System.Collections.Generic.Dictionary`2.get_Item(TKey key)
   at Microsoft.VisualStudio.TestPlatform.Common.DataCollector.DataCollectionAttachmentManager.GetAttachments(DataCollectionContext dataCollectionContext) 
TpTrace Information: 0 : 8340, 5, 2020/11/29, 14:21:48.536, 1920394237244, datacollector.dll, DataCollectionTestCaseEventHandler: Test case completed
TpTrace Information: 0 : 8340, 5, 2020/11/29, 14:21:48.537, 1920394247792, datacollector.dll, DataCollectionTestCaseEventHandler: Test case starting.
TpTrace Information: 0 : 8340, 5, 2020/11/29, 14:21:48.538, 1920394252552, datacollector.dll, Blame Collector : Test Case Start
TpTrace Information: 0 : 8340, 5, 2020/11/29, 14:21:48.538, 1920394254402, datacollector.dll, DataCollectionTestCaseEventHandler: Test case started.
TpTrace Information: 0 : 8340, 5, 2020/11/29, 14:21:48.541, 1920394286233, datacollector.dll, DataCollectionTestCaseEventHandler : Test case completing.
TpTrace Information: 0 : 8340, 5, 2020/11/29, 14:21:48.542, 1920394291260, datacollector.dll, Blame Collector : Test Case End
TpTrace Error: 0 : 8340, 5, 2020/11/29, 14:21:48.542, 1920394293619, datacollector.dll, DataCollectionAttachmentManager.GetAttachments: Fail to get attachments: System.Collections.Generic.KeyNotFoundException: The given key 'Microsoft.VisualStudio.TestPlatform.ObjectModel.DataCollection.DataCollectionContext' was not present in the dictionary.
   at System.Collections.Generic.Dictionary`2.get_Item(TKey key)
   at Microsoft.VisualStudio.TestPlatform.Common.DataCollector.DataCollectionAttachmentManager.GetAttachments(DataCollectionContext dataCollectionContext) 
TpTrace Information: 0 : 8340, 5, 2020/11/29, 14:21:48.542, 1920394295509, datacollector.dll, DataCollectionTestCaseEventHandler: Test case completed
TpTrace Information: 0 : 8340, 5, 2020/11/29, 14:21:48.543, 1920394305782, datacollector.dll, DataCollectionTestCaseEventHandler: Test case starting.
TpTrace Information: 0 : 8340, 5, 2020/11/29, 14:21:48.544, 1920394313783, datacollector.dll, Blame Collector : Test Case Start
TpTrace Information: 0 : 8340, 5, 2020/11/29, 14:21:48.544, 1920394316549, datacollector.dll, DataCollectionTestCaseEventHandler: Test case started.
TpTrace Information: 0 : 8340, 5, 2020/11/29, 14:21:48.555, 1920394427047, datacollector.dll, DataCollectionTestCaseEventHandler : Test case completing.
TpTrace Information: 0 : 8340, 5, 2020/11/29, 14:21:48.556, 1920394432348, datacollector.dll, Blame Collector : Test Case End
TpTrace Error: 0 : 8340, 5, 2020/11/29, 14:21:48.556, 1920394434674, datacollector.dll, DataCollectionAttachmentManager.GetAttachments: Fail to get attachments: System.Collections.Generic.KeyNotFoundException: The given key 'Microsoft.VisualStudio.TestPlatform.ObjectModel.DataCollection.DataCollectionContext' was not present in the dictionary.
   at System.Collections.Generic.Dictionary`2.get_Item(TKey key)
   at Microsoft.VisualStudio.TestPlatform.Common.DataCollector.DataCollectionAttachmentManager.GetAttachments(DataCollectionContext dataCollectionContext) 
TpTrace Information: 0 : 8340, 5, 2020/11/29, 14:21:48.556, 1920394436724, datacollector.dll, DataCollectionTestCaseEventHandler: Test case completed
TpTrace Information: 0 : 8340, 5, 2020/11/29, 14:21:48.560, 1920394473213, datacollector.dll, DataCollectionTestCaseEventHandler: Test case starting.
TpTrace Information: 0 : 8340, 5, 2020/11/29, 14:21:48.561, 1920394478595, datacollector.dll, Blame Collector : Test Case Start
TpTrace Information: 0 : 8340, 5, 2020/11/29, 14:21:48.561, 1920394480412, datacollector.dll, DataCollectionTestCaseEventHandler: Test case started.
TpTrace Information: 0 : 8340, 5, 2020/11/29, 14:21:48.563, 1920394507869, datacollector.dll, DataCollectionTestCaseEventHandler : Test case completing.
TpTrace Information: 0 : 8340, 5, 2020/11/29, 14:21:48.564, 1920394515275, datacollector.dll, Blame Collector : Test Case End
TpTrace Error: 0 : 8340, 5, 2020/11/29, 14:21:48.565, 1920394519864, datacollector.dll, DataCollectionAttachmentManager.GetAttachments: Fail to get attachments: System.Collections.Generic.KeyNotFoundException: The given key 'Microsoft.VisualStudio.TestPlatform.ObjectModel.DataCollection.DataCollectionContext' was not present in the dictionary.
   at System.Collections.Generic.Dictionary`2.get_Item(TKey key)
   at Microsoft.VisualStudio.TestPlatform.Common.DataCollector.DataCollectionAttachmentManager.GetAttachments(DataCollectionContext dataCollectionContext) 
TpTrace Information: 0 : 8340, 5, 2020/11/29, 14:21:48.565, 1920394522364, datacollector.dll, DataCollectionTestCaseEventHandler: Test case completed
TpTrace Information: 0 : 8340, 5, 2020/11/29, 14:21:48.566, 1920394534373, datacollector.dll, DataCollectionTestCaseEventHandler: Test case starting.
TpTrace Information: 0 : 8340, 5, 2020/11/29, 14:21:48.567, 1920394541723, datacollector.dll, Blame Collector : Test Case Start
TpTrace Information: 0 : 8340, 5, 2020/11/29, 14:21:48.567, 1920394543877, datacollector.dll, DataCollectionTestCaseEventHandler: Test case started.
TpTrace Information: 0 : 8340, 5, 2020/11/29, 14:21:48.569, 1920394566013, datacollector.dll, DataCollectionTestCaseEventHandler : Test case completing.
TpTrace Information: 0 : 8340, 5, 2020/11/29, 14:21:48.570, 1920394573269, datacollector.dll, Blame Collector : Test Case End
TpTrace Error: 0 : 8340, 5, 2020/11/29, 14:21:48.570, 1920394576677, datacollector.dll, DataCollectionAttachmentManager.GetAttachments: Fail to get attachments: System.Collections.Generic.KeyNotFoundException: The given key 'Microsoft.VisualStudio.TestPlatform.ObjectModel.DataCollection.DataCollectionContext' was not present in the dictionary.
   at System.Collections.Generic.Dictionary`2.get_Item(TKey key)
   at Microsoft.VisualStudio.TestPlatform.Common.DataCollector.DataCollectionAttachmentManager.GetAttachments(DataCollectionContext dataCollectionContext) 
TpTrace Information: 0 : 8340, 5, 2020/11/29, 14:21:48.571, 1920394579297, datacollector.dll, DataCollectionTestCaseEventHandler: Test case completed
TpTrace Information: 0 : 8340, 5, 2020/11/29, 14:21:48.572, 1920394591912, datacollector.dll, DataCollectionTestCaseEventHandler: Test case starting.
TpTrace Information: 0 : 8340, 5, 2020/11/29, 14:21:48.573, 1920394599394, datacollector.dll, Blame Collector : Test Case Start
TpTrace Information: 0 : 8340, 5, 2020/11/29, 14:21:48.573, 1920394601492, datacollector.dll, DataCollectionTestCaseEventHandler: Test case started.
TpTrace Information: 0 : 8340, 5, 2020/11/29, 14:21:48.577, 1920394641814, datacollector.dll, DataCollectionTestCaseEventHandler : Test case completing.
TpTrace Information: 0 : 8340, 5, 2020/11/29, 14:21:48.578, 1920394649747, datacollector.dll, Blame Collector : Test Case End
TpTrace Error: 0 : 8340, 5, 2020/11/29, 14:21:48.578, 1920394653238, datacollector.dll, DataCollectionAttachmentManager.GetAttachments: Fail to get attachments: System.Collections.Generic.KeyNotFoundException: The given key 'Microsoft.VisualStudio.TestPlatform.ObjectModel.DataCollection.DataCollectionContext' was not present in the dictionary.
   at System.Collections.Generic.Dictionary`2.get_Item(TKey key)
   at Microsoft.VisualStudio.TestPlatform.Common.DataCollector.DataCollectionAttachmentManager.GetAttachments(DataCollectionContext dataCollectionContext) 
TpTrace Information: 0 : 8340, 5, 2020/11/29, 14:21:48.578, 1920394655734, datacollector.dll, DataCollectionTestCaseEventHandler: Test case completed
TpTrace Information: 0 : 8340, 5, 2020/11/29, 14:21:48.583, 1920394706902, datacollector.dll, DataCollectionTestCaseEventHandler: Test session ended
TpTrace Information: 0 : 8340, 1, 2020/11/29, 14:21:48.657, 1920395446563, datacollector.dll, DataCollectionRequestHandler.ProcessRequests : Datacollector received message: (DataCollection.AfterTestRunEnd) -> false
TpTrace Information: 0 : 8340, 1, 2020/11/29, 14:21:48.658, 1920395457958, datacollector.dll, Blame Collector : Session End
TpTrace Error: 0 : 8340, 1, 2020/11/29, 14:21:48.659, 1920395463549, datacollector.dll, DataCollectionAttachmentManager.GetAttachments: Fail to get attachments: System.Collections.Generic.KeyNotFoundException: The given key 'Microsoft.VisualStudio.TestPlatform.ObjectModel.DataCollection.DataCollectionContext' was not present in the dictionary.
   at System.Collections.Generic.Dictionary`2.get_Item(TKey key)
   at Microsoft.VisualStudio.TestPlatform.Common.DataCollector.DataCollectionAttachmentManager.GetAttachments(DataCollectionContext dataCollectionContext) 
TpTrace Information: 0 : 8340, 1, 2020/11/29, 14:21:48.659, 1920395465259, datacollector.dll, DataCollectionManager.CleanupPlugins: CleanupPlugins called
TpTrace Verbose: 0 : 8340, 1, 2020/11/29, 14:21:48.659, 1920395466403, datacollector.dll, DataCollectionManager.CleanupPlugins: Cleaning up 1 plugins
TpTrace Verbose: 0 : 8340, 1, 2020/11/29, 14:21:48.660, 1920395468889, datacollector.dll, dataCollectorInfo.DisposeDataCollector: calling Dispose() on Microsoft.TestPlatform.Extensions.BlameDataCollector.BlameCollector
TpTrace Information: 0 : 8340, 1, 2020/11/29, 14:21:48.660, 1920395470509, datacollector.dll, DataCollectionManager.CleanupPlugins: CleanupPlugins finished
TpTrace Information: 0 : 8340, 1, 2020/11/29, 14:21:48.660, 1920395472758, datacollector.dll, DataCollectionRequestHandler.ProcessRequests : Session End message received from server. Closing the connection.
TpTrace Information: 0 : 8340, 1, 2020/11/29, 14:21:48.660, 1920395475257, datacollector.dll, Closing the connection !
TpTrace Information: 0 : 8340, 1, 2020/11/29, 14:21:48.660, 1920395476401, datacollector.dll, DataCollectionRequestHandler.ProcessRequests : DataCollection completed
TpTrace Information: 0 : 8340, 1, 2020/11/29, 14:21:48.660, 1920395477127, datacollector.dll, Program.Main: exiting datacollector process.
