TpTrace Information: 0 : 7580, 1, 2020/11/28, 22:19:38.512, 1340922257652, testhost.dll, DefaultEngineInvoker.Invoke: Testhost process started with args :[--port, 56884],[--endpoint, 127.0.0.1:056884],[--role, client],[--parentprocessid, 8280],[--diag, C:\Users\dzene\Source\Repos\VVS-Z2\Hypo Banka\Unit Testovi\bin\Debug\fine-code-coverage\_outputfolder\diagnostics.host.20-11-28_22-19-38_17708_4.log],[--tracelevel, 4],[--datacollectionport, 56883],[--telemetryoptedin, false]
TpTrace Information: 0 : 7580, 1, 2020/11/28, 22:19:38.523, 1340922308814, testhost.dll, DefaultEngineInvoker.SetParentProcessExitCallback: Monitoring parent process with id: '8280'
TpTrace Information: 0 : 7580, 1, 2020/11/28, 22:19:38.545, 1340922531394, testhost.dll, DefaultEngineInvoker.GetConnectionInfo: Initialize communication on endpoint address: '127.0.0.1:056884'
TpTrace Information: 0 : 7580, 1, 2020/11/28, 22:19:38.570, 1340922773696, testhost.dll, SocketClient.Start: connecting to server endpoint: 127.0.0.1:056884
TpTrace Information: 0 : 7580, 1, 2020/11/28, 22:19:38.579, 1340922863110, testhost.dll, DefaultEngineInvoker.ConnectToDatacollector: Connecting to datacollector, port: 56883
TpTrace Information: 0 : 7580, 5, 2020/11/28, 22:19:38.585, 1340922925674, testhost.dll, SocketClient.OnServerConnected: connected to server endpoint: 127.0.0.1:056884
TpTrace Information: 0 : 7580, 1, 2020/11/28, 22:19:38.589, 1340922963926, testhost.dll, Trying to connect to server on socket : 127.0.0.1:56883 
TpTrace Verbose: 0 : 7580, 5, 2020/11/28, 22:19:38.590, 1340922977255, testhost.dll, Connected to server, and starting MessageLoopAsync
TpTrace Verbose: 0 : 7580, 1, 2020/11/28, 22:19:38.590, 1340922977255, testhost.dll, SocketCommunicationManager : SetupClientAsync : Attempting to connect to the server.
TpTrace Information: 0 : 7580, 10, 2020/11/28, 22:19:38.595, 1340923022797, testhost.dll, Connected to the server successfully 
TpTrace Information: 0 : 7580, 10, 2020/11/28, 22:19:38.595, 1340923025683, testhost.dll, Using the buffer size of 16384 bytes
TpTrace Information: 0 : 7580, 1, 2020/11/28, 22:19:38.596, 1340923037085, testhost.dll, DefaultEngineInvoker.Invoke: Start Request Processing.
TpTrace Verbose: 0 : 7580, 9, 2020/11/28, 22:19:38.596, 1340923038975, testhost.dll, TcpClientExtensions.MessageLoopAsync: Polling on remoteEndPoint: [::ffff:127.0.0.1]:56884 localEndPoint: [::ffff:127.0.0.1]:56885
TpTrace Verbose: 0 : 7580, 9, 2020/11/28, 22:19:38.597, 1340923047042, testhost.dll, TcpClientExtensions.MessageLoopAsync: NotifyDataAvailable remoteEndPoint: [::ffff:127.0.0.1]:56884 localEndPoint: [::ffff:127.0.0.1]:56885
TpTrace Information: 0 : 7580, 11, 2020/11/28, 22:19:38.598, 1340923055799, testhost.dll, DefaultEngineInvoker.StartProcessingAsync: Connected to vstest.console, Starting process requests.
TpTrace Information: 0 : 7580, 9, 2020/11/28, 22:19:38.864, 1340925718058, testhost.dll, TestRequestHandler.ProcessRequests: received message: (ProtocolVersion) -> 2
TpTrace Verbose: 0 : 7580, 9, 2020/11/28, 22:19:38.928, 1340926355128, testhost.dll, TestRequestHandler.SendData:  sending data from testhost: {"Version":2,"MessageType":"TestSession.Message","Payload":{"MessageLevel":0,"Message":"Logging TestHost Diagnostics in file: C:\\Users\\dzene\\Source\\Repos\\VVS-Z2\\Hypo Banka\\Unit Testovi\\bin\\Debug\\fine-code-coverage\\_outputfolder\\diagnostics.host.20-11-28_22-19-38_17708_4.log"}}
TpTrace Verbose: 0 : 7580, 9, 2020/11/28, 22:19:38.928, 1340926358943, testhost.dll, TcpClientExtensions.MessageLoopAsync: Polling on remoteEndPoint: [::ffff:127.0.0.1]:56884 localEndPoint: [::ffff:127.0.0.1]:56885
TpTrace Verbose: 0 : 7580, 9, 2020/11/28, 22:19:38.928, 1340926361993, testhost.dll, TcpClientExtensions.MessageLoopAsync: NotifyDataAvailable remoteEndPoint: [::ffff:127.0.0.1]:56884 localEndPoint: [::ffff:127.0.0.1]:56885
TpTrace Information: 0 : 7580, 9, 2020/11/28, 22:19:38.936, 1340926432930, testhost.dll, TestRequestHandler.ProcessRequests: received message: (TestExecution.Initialize) -> [
  "C:\\Users\\dzene\\Source\\Repos\\VVS-Z2\\Hypo Banka\\Unit Testovi\\bin\\Debug\\fine-code-coverage\\Microsoft.VisualStudio.TestPlatform.MSTest.TestAdapter.dll"
]
TpTrace Information: 0 : 7580, 9, 2020/11/28, 22:19:38.936, 1340926436432, testhost.dll, Execution Session Initialize.
TpTrace Verbose: 0 : 7580, 9, 2020/11/28, 22:19:38.950, 1340926578625, testhost.dll, TcpClientExtensions.MessageLoopAsync: Polling on remoteEndPoint: [::ffff:127.0.0.1]:56884 localEndPoint: [::ffff:127.0.0.1]:56885
TpTrace Verbose: 0 : 7580, 9, 2020/11/28, 22:19:38.950, 1340926581830, testhost.dll, TcpClientExtensions.MessageLoopAsync: NotifyDataAvailable remoteEndPoint: [::ffff:127.0.0.1]:56884 localEndPoint: [::ffff:127.0.0.1]:56885
TpTrace Verbose: 0 : 7580, 4, 2020/11/28, 22:19:38.957, 1340926650937, testhost.dll, TestExecutorService: Loading the extensions
TpTrace Information: 0 : 7580, 9, 2020/11/28, 22:19:38.958, 1340926657572, testhost.dll, TestRequestHandler.ProcessRequests: received message: (TestExecution.StartWithSources) -> {
  "AdapterSourceMap": {
    "_none_": [
      "C:\\Users\\dzene\\Source\\Repos\\VVS-Z2\\Hypo Banka\\Unit Testovi\\bin\\Debug\\fine-code-coverage\\Unit Testovi.dll"
    ]
  },
  "RunSettings": "<RunSettings>\r\n  <RunConfiguration>\r\n    <ResultsDirectory>C:\\Users\\dzene\\Source\\Repos\\VVS-Z2\\Hypo Banka\\Unit Testovi\\bin\\Debug\\fine-code-coverage\\_outputfolder</ResultsDirectory>\r\n    <TargetPlatform>X64</TargetPlatform>\r\n    <TargetFrameworkVersion>.NETCoreApp,Version=v3.1</TargetFrameworkVersion>\r\n    <DesignMode>False</DesignMode>\r\n    <CollectSourceInformation>False</CollectSourceInformation>\r\n  </RunConfiguration>\r\n  <LoggerRunSettings>\r\n    <Loggers>\r\n      <Logger friendlyName=\"blame\" enabled=\"True\" />\r\n      <Logger friendlyName=\"Console\" uri=\"logger://microsoft/TestPlatform/ConsoleLogger/v1\" assemblyQualifiedName=\"Microsoft.VisualStudio.TestPlatform.CommandLine.Internal.ConsoleLogger, vstest.console, Version=15.0.0.0, Culture=neutral, PublicKeyToken=b03f5f7f11d50a3a\" codeBase=\"C:\\Program Files\\dotnet\\sdk\\3.1.201\\vstest.console.dll\" enabled=\"True\" />\r\n    </Loggers>\r\n  </LoggerRunSettings>\r\n  <DataCollectionRunSettings>\r\n    <DataCollectors>\r\n      <DataCollector friendlyName=\"blame\" enabled=\"True\">\r\n        <Configuration>\r\n          <ResultsDirectory>C:\\Users\\dzene\\Source\\Repos\\VVS-Z2\\Hypo Banka\\Unit Testovi\\bin\\Debug\\fine-code-coverage\\_outputfolder</ResultsDirectory>\r\n        </Configuration>\r\n      </DataCollector>\r\n    </DataCollectors>\r\n  </DataCollectionRunSettings>\r\n</RunSettings>",
  "TestExecutionContext": {
    "FrequencyOfRunStatsChangeEvent": 10,
    "RunStatsChangeEventTimeout": "00:00:01.5000000",
    "InIsolation": false,
    "KeepAlive": false,
    "AreTestCaseLevelEventsRequired": false,
    "IsDebug": false,
    "TestCaseFilter": null,
    "FilterOptions": null
  },
  "Package": null
}
TpTrace Information: 0 : 7580, 9, 2020/11/28, 22:19:38.958, 1340926660744, testhost.dll, Execution started.
TpTrace Verbose: 0 : 7580, 4, 2020/11/28, 22:19:38.962, 1340926701296, testhost.dll, TestPluginCache.DiscoverTestExtensions: finding test extensions in assemblies endswith: TestAdapter.dll TPluginInfo: Microsoft.VisualStudio.TestPlatform.Common.ExtensionFramework.Utilities.TestExecutorPluginInformation TExtension: Microsoft.VisualStudio.TestPlatform.ObjectModel.Adapter.ITestExecutor
TpTrace Verbose: 0 : 7580, 4, 2020/11/28, 22:19:38.966, 1340926736220, testhost.dll, TestPluginCache.GetExtensionPaths: Filtered extension paths: 
TpTrace Verbose: 0 : 7580, 4, 2020/11/28, 22:19:38.967, 1340926748470, testhost.dll, TestPluginCache.GetExtensionPaths: Added default extension paths: C:\Users\dzene\Source\Repos\VVS-Z2\Hypo Banka\Unit Testovi\bin\Debug\fine-code-coverage\Microsoft.VisualStudio.TestPlatform.MSTest.TestAdapter.dll
TpTrace Verbose: 0 : 7580, 4, 2020/11/28, 22:19:38.967, 1340926751157, testhost.dll, TestPluginCache.GetExtensionPaths: Added unfilterableExtensionPaths: 
TpTrace Information: 0 : 7580, 4, 2020/11/28, 22:19:38.974, 1340926816635, testhost.dll, AssemblyResolver.ctor: Creating AssemblyResolver with searchDirectories C:\Users\dzene\Source\Repos\VVS-Z2\Hypo Banka\Unit Testovi\bin\Debug\fine-code-coverage
TpTrace Verbose: 0 : 7580, 4, 2020/11/28, 22:19:38.979, 1340926866751, testhost.dll, TestPluginCache.DiscoverTestExtensions: Discovering the extensions using extension path.
TpTrace Verbose: 0 : 7580, 4, 2020/11/28, 22:19:38.979, 1340926871119, testhost.dll, TestPluginCache.GetExtensionPaths: Filtered extension paths: 
TpTrace Verbose: 0 : 7580, 4, 2020/11/28, 22:19:38.980, 1340926873670, testhost.dll, TestPluginCache.GetExtensionPaths: Added default extension paths: C:\Users\dzene\Source\Repos\VVS-Z2\Hypo Banka\Unit Testovi\bin\Debug\fine-code-coverage\Microsoft.VisualStudio.TestPlatform.MSTest.TestAdapter.dll
TpTrace Verbose: 0 : 7580, 4, 2020/11/28, 22:19:38.980, 1340926876147, testhost.dll, TestPluginCache.GetExtensionPaths: Added unfilterableExtensionPaths: 
TpTrace Verbose: 0 : 7580, 4, 2020/11/28, 22:19:38.980, 1340926879518, testhost.dll, TestPluginCache.DiscoverTestExtensions: Discovering the extensions using allExtensionPaths: C:\Users\dzene\Source\Repos\VVS-Z2\Hypo Banka\Unit Testovi\bin\Debug\fine-code-coverage\Microsoft.VisualStudio.TestPlatform.MSTest.TestAdapter.dll
TpTrace Information: 0 : 7580, 4, 2020/11/28, 22:19:38.985, 1340926924454, testhost.dll, AssemblyResolver.AddSearchDirectories: Adding more searchDirectories C:\Users\dzene\Source\Repos\VVS-Z2\Hypo Banka\Unit Testovi\bin\Debug\fine-code-coverage
TpTrace Information: 0 : 7580, 4, 2020/11/28, 22:19:38.997, 1340927051086, testhost.dll, AssemblyResolver.OnResolve: Microsoft.VisualStudio.TestPlatform.MSTest.TestAdapter: Resolving assembly.
TpTrace Information: 0 : 7580, 4, 2020/11/28, 22:19:39.002, 1340927094092, testhost.dll, AssemblyResolver.OnResolve: Resolved assembly: Microsoft.VisualStudio.TestPlatform.MSTest.TestAdapter, from path: C:\Users\dzene\Source\Repos\VVS-Z2\Hypo Banka\Unit Testovi\bin\Debug\fine-code-coverage\Microsoft.VisualStudio.TestPlatform.MSTest.TestAdapter.dll
TpTrace Information: 0 : 7580, 4, 2020/11/28, 22:19:39.007, 1340927144335, testhost.dll, AssemblyResolver.OnResolve: Microsoft.VisualStudio.TestPlatform.MSTestAdapter.PlatformServices.Interface: Resolving assembly.
TpTrace Information: 0 : 7580, 4, 2020/11/28, 22:19:39.008, 1340927160929, testhost.dll, AssemblyResolver.OnResolve: Resolved assembly: Microsoft.VisualStudio.TestPlatform.MSTestAdapter.PlatformServices.Interface, from path: C:\Users\dzene\Source\Repos\VVS-Z2\Hypo Banka\Unit Testovi\bin\Debug\fine-code-coverage\Microsoft.VisualStudio.TestPlatform.MSTestAdapter.PlatformServices.Interface.dll
TpTrace Information: 0 : 7580, 4, 2020/11/28, 22:19:39.009, 1340927169616, testhost.dll, AssemblyResolver.OnResolve: Microsoft.VisualStudio.TestPlatform.MSTestAdapter.PlatformServices: Resolving assembly.
TpTrace Information: 0 : 7580, 4, 2020/11/28, 22:19:39.170, 1340928781222, testhost.dll, AssemblyResolver.OnResolve: Resolved assembly: Microsoft.VisualStudio.TestPlatform.MSTestAdapter.PlatformServices, from path: C:\Users\dzene\Source\Repos\VVS-Z2\Hypo Banka\Unit Testovi\bin\Debug\fine-code-coverage\Microsoft.VisualStudio.TestPlatform.MSTestAdapter.PlatformServices.dll
TpTrace Verbose: 0 : 7580, 9, 2020/11/28, 22:19:39.183, 1340928910544, testhost.dll, TcpClientExtensions.MessageLoopAsync: Polling on remoteEndPoint: [::ffff:127.0.0.1]:56884 localEndPoint: [::ffff:127.0.0.1]:56885
TpTrace Verbose: 0 : 7580, 4, 2020/11/28, 22:19:39.183, 1340928911793, testhost.dll, TestPluginCache: Discovered the extensions using extension path ''.
TpTrace Verbose: 0 : 7580, 4, 2020/11/28, 22:19:39.184, 1340928921423, testhost.dll, TestPluginCache: Discoverers are ''.
TpTrace Verbose: 0 : 7580, 4, 2020/11/28, 22:19:39.185, 1340928923238, testhost.dll, TestPluginCache: Executors are 'executor://MSTestAdapter/v2'.
TpTrace Verbose: 0 : 7580, 4, 2020/11/28, 22:19:39.185, 1340928925358, testhost.dll, TestPluginCache: Setting providers are ''.
TpTrace Verbose: 0 : 7580, 4, 2020/11/28, 22:19:39.185, 1340928927446, testhost.dll, TestPluginCache: Loggers are ''.
TpTrace Information: 0 : 7580, 4, 2020/11/28, 22:19:39.196, 1340929036270, testhost.dll, TestPluginManager.CreateTestExtension: Attempting to load test extension: Microsoft.VisualStudio.TestPlatform.MSTest.TestAdapter.MSTestExecutor
TpTrace Verbose: 0 : 7580, 4, 2020/11/28, 22:19:39.203, 1340929103154, testhost.dll, TestExecutorExtensionManager: Loading executor Microsoft.VisualStudio.TestPlatform.MSTest.TestAdapter.MSTestExecutor
TpTrace Verbose: 0 : 7580, 4, 2020/11/28, 22:19:39.203, 1340929105129, testhost.dll, TestExecutorService: Loaded the executors
TpTrace Verbose: 0 : 7580, 4, 2020/11/28, 22:19:39.205, 1340929129596, testhost.dll, TestPluginCache.DiscoverTestExtensions: finding test extensions in assemblies endswith: TestAdapter.dll TPluginInfo: Microsoft.VisualStudio.TestPlatform.Common.ExtensionFramework.Utilities.TestSettingsProviderPluginInformation TExtension: Microsoft.VisualStudio.TestPlatform.ObjectModel.Adapter.ISettingsProvider
TpTrace Verbose: 0 : 7580, 4, 2020/11/28, 22:19:39.206, 1340929141927, testhost.dll, TestPluginCache.GetExtensionPaths: Filtered extension paths: 
TpTrace Verbose: 0 : 7580, 4, 2020/11/28, 22:19:39.207, 1340929143824, testhost.dll, TestPluginCache.GetExtensionPaths: Added default extension paths: C:\Users\dzene\Source\Repos\VVS-Z2\Hypo Banka\Unit Testovi\bin\Debug\fine-code-coverage\Microsoft.VisualStudio.TestPlatform.MSTest.TestAdapter.dll
TpTrace Verbose: 0 : 7580, 4, 2020/11/28, 22:19:39.207, 1340929145669, testhost.dll, TestPluginCache.GetExtensionPaths: Added unfilterableExtensionPaths: 
TpTrace Information: 0 : 7580, 4, 2020/11/28, 22:19:39.207, 1340929149460, testhost.dll, AssemblyResolver.AddSearchDirectories: Adding more searchDirectories C:\Users\dzene\Source\Repos\VVS-Z2\Hypo Banka\Unit Testovi\bin\Debug\fine-code-coverage
TpTrace Verbose: 0 : 7580, 4, 2020/11/28, 22:19:39.207, 1340929151084, testhost.dll, TestPluginCache.DiscoverTestExtensions: Discovering the extensions using extension path.
TpTrace Verbose: 0 : 7580, 4, 2020/11/28, 22:19:39.207, 1340929152338, testhost.dll, TestPluginCache.GetExtensionPaths: Filtered extension paths: 
TpTrace Verbose: 0 : 7580, 4, 2020/11/28, 22:19:39.208, 1340929153480, testhost.dll, TestPluginCache.GetExtensionPaths: Added default extension paths: C:\Users\dzene\Source\Repos\VVS-Z2\Hypo Banka\Unit Testovi\bin\Debug\fine-code-coverage\Microsoft.VisualStudio.TestPlatform.MSTest.TestAdapter.dll
TpTrace Verbose: 0 : 7580, 4, 2020/11/28, 22:19:39.208, 1340929154611, testhost.dll, TestPluginCache.GetExtensionPaths: Added unfilterableExtensionPaths: 
TpTrace Verbose: 0 : 7580, 4, 2020/11/28, 22:19:39.208, 1340929156169, testhost.dll, TestPluginCache.DiscoverTestExtensions: Discovering the extensions using allExtensionPaths: C:\Users\dzene\Source\Repos\VVS-Z2\Hypo Banka\Unit Testovi\bin\Debug\fine-code-coverage\Microsoft.VisualStudio.TestPlatform.MSTest.TestAdapter.dll
TpTrace Information: 0 : 7580, 4, 2020/11/28, 22:19:39.208, 1340929158041, testhost.dll, AssemblyResolver.AddSearchDirectories: Adding more searchDirectories C:\Users\dzene\Source\Repos\VVS-Z2\Hypo Banka\Unit Testovi\bin\Debug\fine-code-coverage
TpTrace Verbose: 0 : 7580, 4, 2020/11/28, 22:19:39.209, 1340929164756, testhost.dll, TestPluginCache: Discovered the extensions using extension path ''.
TpTrace Verbose: 0 : 7580, 4, 2020/11/28, 22:19:39.209, 1340929166142, testhost.dll, TestPluginCache: Discoverers are ''.
TpTrace Verbose: 0 : 7580, 4, 2020/11/28, 22:19:39.209, 1340929167521, testhost.dll, TestPluginCache: Executors are 'executor://MSTestAdapter/v2'.
TpTrace Verbose: 0 : 7580, 4, 2020/11/28, 22:19:39.209, 1340929169305, testhost.dll, TestPluginCache: Setting providers are ''.
TpTrace Verbose: 0 : 7580, 4, 2020/11/28, 22:19:39.209, 1340929170522, testhost.dll, TestPluginCache: Loggers are ''.
TpTrace Verbose: 0 : 7580, 4, 2020/11/28, 22:19:39.211, 1340929188196, testhost.dll, TestExecutorService: Loaded the settings providers
TpTrace Information: 0 : 7580, 4, 2020/11/28, 22:19:39.211, 1340929189705, testhost.dll, TestExecutorService: Loaded the extensions
TpTrace Information: 0 : 7580, 4, 2020/11/28, 22:19:39.351, 1340930587382, testhost.dll, TestDiscoveryManager: Discovering tests from sources C:\Users\dzene\Source\Repos\VVS-Z2\Hypo Banka\Unit Testovi\bin\Debug\fine-code-coverage\Unit Testovi.dll
TpTrace Verbose: 0 : 7580, 4, 2020/11/28, 22:19:39.355, 1340930628035, testhost.dll, TestPluginCache.DiscoverTestExtensions: finding test extensions in assemblies endswith: TestAdapter.dll TPluginInfo: Microsoft.VisualStudio.TestPlatform.Common.ExtensionFramework.Utilities.TestDiscovererPluginInformation TExtension: Microsoft.VisualStudio.TestPlatform.ObjectModel.Adapter.ITestDiscoverer
TpTrace Verbose: 0 : 7580, 4, 2020/11/28, 22:19:39.355, 1340930630911, testhost.dll, TestPluginCache.GetExtensionPaths: Filtered extension paths: 
TpTrace Verbose: 0 : 7580, 4, 2020/11/28, 22:19:39.355, 1340930632252, testhost.dll, TestPluginCache.GetExtensionPaths: Added default extension paths: C:\Users\dzene\Source\Repos\VVS-Z2\Hypo Banka\Unit Testovi\bin\Debug\fine-code-coverage\Microsoft.VisualStudio.TestPlatform.MSTest.TestAdapter.dll
TpTrace Verbose: 0 : 7580, 4, 2020/11/28, 22:19:39.356, 1340930633449, testhost.dll, TestPluginCache.GetExtensionPaths: Added unfilterableExtensionPaths: 
TpTrace Information: 0 : 7580, 4, 2020/11/28, 22:19:39.356, 1340930635856, testhost.dll, AssemblyResolver.AddSearchDirectories: Adding more searchDirectories C:\Users\dzene\Source\Repos\VVS-Z2\Hypo Banka\Unit Testovi\bin\Debug\fine-code-coverage
TpTrace Verbose: 0 : 7580, 4, 2020/11/28, 22:19:39.356, 1340930637227, testhost.dll, TestPluginCache.DiscoverTestExtensions: Discovering the extensions using extension path.
TpTrace Verbose: 0 : 7580, 4, 2020/11/28, 22:19:39.356, 1340930638451, testhost.dll, TestPluginCache.GetExtensionPaths: Filtered extension paths: 
TpTrace Verbose: 0 : 7580, 4, 2020/11/28, 22:19:39.356, 1340930639578, testhost.dll, TestPluginCache.GetExtensionPaths: Added default extension paths: C:\Users\dzene\Source\Repos\VVS-Z2\Hypo Banka\Unit Testovi\bin\Debug\fine-code-coverage\Microsoft.VisualStudio.TestPlatform.MSTest.TestAdapter.dll
TpTrace Verbose: 0 : 7580, 4, 2020/11/28, 22:19:39.356, 1340930640697, testhost.dll, TestPluginCache.GetExtensionPaths: Added unfilterableExtensionPaths: 
TpTrace Verbose: 0 : 7580, 4, 2020/11/28, 22:19:39.356, 1340930642009, testhost.dll, TestPluginCache.DiscoverTestExtensions: Discovering the extensions using allExtensionPaths: C:\Users\dzene\Source\Repos\VVS-Z2\Hypo Banka\Unit Testovi\bin\Debug\fine-code-coverage\Microsoft.VisualStudio.TestPlatform.MSTest.TestAdapter.dll
TpTrace Information: 0 : 7580, 4, 2020/11/28, 22:19:39.357, 1340930643341, testhost.dll, AssemblyResolver.AddSearchDirectories: Adding more searchDirectories C:\Users\dzene\Source\Repos\VVS-Z2\Hypo Banka\Unit Testovi\bin\Debug\fine-code-coverage
TpTrace Verbose: 0 : 7580, 4, 2020/11/28, 22:19:39.361, 1340930687259, testhost.dll, TestPluginCache: Discovered the extensions using extension path ''.
TpTrace Verbose: 0 : 7580, 4, 2020/11/28, 22:19:39.361, 1340930689436, testhost.dll, TestPluginCache: Discoverers are 'Microsoft.VisualStudio.TestPlatform.MSTest.TestAdapter.MSTestDiscoverer, Microsoft.VisualStudio.TestPlatform.MSTest.TestAdapter, Version=14.0.0.0, Culture=neutral, PublicKeyToken=b03f5f7f11d50a3a'.
TpTrace Verbose: 0 : 7580, 4, 2020/11/28, 22:19:39.361, 1340930690725, testhost.dll, TestPluginCache: Executors are 'executor://MSTestAdapter/v2'.
TpTrace Verbose: 0 : 7580, 4, 2020/11/28, 22:19:39.361, 1340930691881, testhost.dll, TestPluginCache: Setting providers are ''.
TpTrace Verbose: 0 : 7580, 4, 2020/11/28, 22:19:39.362, 1340930692983, testhost.dll, TestPluginCache: Loggers are ''.
TpTrace Verbose: 0 : 7580, 4, 2020/11/28, 22:19:39.370, 1340930782003, testhost.dll, BaseRunTests.RunTestInternalWithExecutors: Running tests for executor://MSTestAdapter/v2
TpTrace Information: 0 : 7580, 4, 2020/11/28, 22:19:39.486, 1340931934941, testhost.dll, AssemblyResolver.OnResolve: Microsoft.VisualStudio.TestPlatform.MSTestAdapter.PlatformServices.resources: Resolving assembly.
TpTrace Information: 0 : 7580, 4, 2020/11/28, 22:19:39.486, 1340931938434, testhost.dll, AssemblyResolver.OnResolve: Microsoft.VisualStudio.TestPlatform.MSTestAdapter.PlatformServices.resources: Failed to load assembly.
TpTrace Information: 0 : 7580, 4, 2020/11/28, 22:19:39.487, 1340931946362, testhost.dll, AssemblyResolver.OnResolve: Microsoft.VisualStudio.TestPlatform.MSTestAdapter.PlatformServices.resources: Resolving assembly.
TpTrace Information: 0 : 7580, 4, 2020/11/28, 22:19:39.487, 1340931949134, testhost.dll, AssemblyResolver.OnResolve: Microsoft.VisualStudio.TestPlatform.MSTestAdapter.PlatformServices.resources: Resolved from cache.
TpTrace Verbose: 0 : 7580, 4, 2020/11/28, 22:19:39.516, 1340932239882, testhost.dll, TestExecutionRecorder.RecordStart: Starting test: Unit_Testovi.BankaTests.BankaTest.
TpTrace Information: 0 : 7580, 4, 2020/11/28, 22:19:39.740, 1340934479426, testhost.dll, AssemblyResolver.OnResolve: Microsoft.VisualStudio.TestPlatform.TestFramework.resources: Resolving assembly.
TpTrace Information: 0 : 7580, 4, 2020/11/28, 22:19:39.741, 1340934484986, testhost.dll, AssemblyResolver.OnResolve: Microsoft.VisualStudio.TestPlatform.TestFramework.resources: Failed to load assembly.
TpTrace Verbose: 0 : 7580, 4, 2020/11/28, 22:19:39.825, 1340935326973, testhost.dll, TestExecutionRecorder.RecordEnd: test: Unit_Testovi.BankaTests.BankaTest execution completed.
TpTrace Verbose: 0 : 7580, 4, 2020/11/28, 22:19:39.919, 1340936268208, testhost.dll, TestExecutionRecorder.RecordResult: Received result for test: Unit_Testovi.BankaTests.BankaTest.
TpTrace Warning: 0 : 7580, 4, 2020/11/28, 22:19:39.925, 1340936329291, testhost.dll, InProgressTests is null
TpTrace Warning: 0 : 7580, 4, 2020/11/28, 22:19:39.929, 1340936367993, testhost.dll, TestRunCache: No test found corresponding to testResult 'BankaTest   Failed
  Message: Assert.Fail failed. 
  StackTrace:
   at Unit_Testovi.BankaTests.BankaTest() in C:\Users\dzene\Source\Repos\VVS-Z2\Hypo Banka\Unit Testovi\BankaTests.cs:line 15
' in inProgress list.
TpTrace Verbose: 0 : 7580, 4, 2020/11/28, 22:19:39.929, 1340936371518, testhost.dll, TestExecutionRecorder.RecordStart: Starting test: Unit_Testovi.BankaTests.RadSaKlijentomTest.
TpTrace Verbose: 0 : 7580, 4, 2020/11/28, 22:19:39.935, 1340936422548, testhost.dll, TestExecutionRecorder.RecordEnd: test: Unit_Testovi.BankaTests.RadSaKlijentomTest execution completed.
TpTrace Verbose: 0 : 7580, 4, 2020/11/28, 22:19:39.938, 1340936460243, testhost.dll, TestExecutionRecorder.RecordResult: Received result for test: Unit_Testovi.BankaTests.RadSaKlijentomTest.
TpTrace Warning: 0 : 7580, 4, 2020/11/28, 22:19:39.939, 1340936462713, testhost.dll, InProgressTests is null
TpTrace Warning: 0 : 7580, 4, 2020/11/28, 22:19:39.939, 1340936464270, testhost.dll, TestRunCache: No test found corresponding to testResult 'RadSaKlijentomTest  Failed
  Message: Assert.Fail failed. 
  StackTrace:
   at Unit_Testovi.BankaTests.RadSaKlijentomTest() in C:\Users\dzene\Source\Repos\VVS-Z2\Hypo Banka\Unit Testovi\BankaTests.cs:line 21
' in inProgress list.
TpTrace Verbose: 0 : 7580, 4, 2020/11/28, 22:19:39.939, 1340936465786, testhost.dll, TestExecutionRecorder.RecordStart: Starting test: Unit_Testovi.BankaTests.OtvaranjeNovogRačunaTest.
TpTrace Verbose: 0 : 7580, 4, 2020/11/28, 22:19:39.943, 1340936508183, testhost.dll, TestExecutionRecorder.RecordEnd: test: Unit_Testovi.BankaTests.OtvaranjeNovogRačunaTest execution completed.
TpTrace Verbose: 0 : 7580, 4, 2020/11/28, 22:19:39.951, 1340936587379, testhost.dll, TestExecutionRecorder.RecordResult: Received result for test: Unit_Testovi.BankaTests.OtvaranjeNovogRačunaTest.
TpTrace Warning: 0 : 7580, 4, 2020/11/28, 22:19:39.951, 1340936589418, testhost.dll, InProgressTests is null
TpTrace Warning: 0 : 7580, 4, 2020/11/28, 22:19:39.951, 1340936590901, testhost.dll, TestRunCache: No test found corresponding to testResult 'OtvaranjeNovogRačunaTest  Failed
  Message: Assert.Fail failed. 
  StackTrace:
   at Unit_Testovi.BankaTests.OtvaranjeNovogRačunaTest() in C:\Users\dzene\Source\Repos\VVS-Z2\Hypo Banka\Unit Testovi\BankaTests.cs:line 27
' in inProgress list.
TpTrace Verbose: 0 : 7580, 4, 2020/11/28, 22:19:39.952, 1340936602033, testhost.dll, TestExecutionRecorder.RecordStart: Starting test: Unit_Testovi.BankaTests.KlijentiSBlokiranimRačunimaTest.
TpTrace Information: 0 : 7580, 4, 2020/11/28, 22:19:39.965, 1340936724056, testhost.dll, AssemblyResolver.OnResolve: Microsoft.VisualStudio.TestPlatform.MSTest.TestAdapter.resources: Resolving assembly.
TpTrace Information: 0 : 7580, 4, 2020/11/28, 22:19:39.965, 1340936728747, testhost.dll, AssemblyResolver.OnResolve: Microsoft.VisualStudio.TestPlatform.MSTest.TestAdapter.resources: Failed to load assembly.
TpTrace Verbose: 0 : 7580, 4, 2020/11/28, 22:19:40.060, 1340937678941, testhost.dll, TestExecutionRecorder.RecordEnd: test: Unit_Testovi.BankaTests.KlijentiSBlokiranimRačunimaTest execution completed.
TpTrace Verbose: 0 : 7580, 4, 2020/11/28, 22:19:40.063, 1340937702550, testhost.dll, TestExecutionRecorder.RecordResult: Received result for test: Unit_Testovi.BankaTests.KlijentiSBlokiranimRačunimaTest.
TpTrace Warning: 0 : 7580, 4, 2020/11/28, 22:19:40.063, 1340937704892, testhost.dll, InProgressTests is null
TpTrace Warning: 0 : 7580, 4, 2020/11/28, 22:19:40.063, 1340937706652, testhost.dll, TestRunCache: No test found corresponding to testResult 'KlijentiSBlokiranimRačunimaTest  Failed
  Message: Test method Unit_Testovi.BankaTests.KlijentiSBlokiranimRačunimaTest threw exception: 
System.ArgumentException: Račun je prazan!
  StackTrace:
    at Hypo_Banka.Racun.set_Blokiran(Boolean value) in C:\Users\dzene\Source\Repos\VVS-Z2\Hypo Banka\Hypo Banka\Racun.cs:line 36
   at Hypo_Banka.Racun..ctor(Double pocetnoStanje) in C:\Users\dzene\Source\Repos\VVS-Z2\Hypo Banka\Hypo Banka\Racun.cs:line 51
   at Unit_Testovi.BankaTests.KlijentiSBlokiranimRačunimaTest() in C:\Users\dzene\Source\Repos\VVS-Z2\Hypo Banka\Unit Testovi\BankaTests.cs:line 39
' in inProgress list.
TpTrace Verbose: 0 : 7580, 4, 2020/11/28, 22:19:40.063, 1340937708621, testhost.dll, TestExecutionRecorder.RecordStart: Starting test: Unit_Testovi.BankaTests.PraznaListaKlijentiSBlokiranimRačunimaTest.
TpTrace Verbose: 0 : 7580, 4, 2020/11/28, 22:19:40.069, 1340937767453, testhost.dll, TestExecutionRecorder.RecordEnd: test: Unit_Testovi.BankaTests.PraznaListaKlijentiSBlokiranimRačunimaTest execution completed.
TpTrace Verbose: 0 : 7580, 4, 2020/11/28, 22:19:40.071, 1340937789967, testhost.dll, TestExecutionRecorder.RecordResult: Received result for test: Unit_Testovi.BankaTests.PraznaListaKlijentiSBlokiranimRačunimaTest.
TpTrace Warning: 0 : 7580, 4, 2020/11/28, 22:19:40.071, 1340937792393, testhost.dll, InProgressTests is null
TpTrace Warning: 0 : 7580, 4, 2020/11/28, 22:19:40.072, 1340937795694, testhost.dll, TestRunCache: No test found corresponding to testResult 'PraznaListaKlijentiSBlokiranimRačunimaTest  Passed' in inProgress list.
TpTrace Verbose: 0 : 7580, 4, 2020/11/28, 22:19:40.072, 1340937797239, testhost.dll, TestExecutionRecorder.RecordStart: Starting test: Unit_Testovi.BankaTests.PraznaListaKlijentiSBlokiranimRačunimaTest2.
TpTrace Verbose: 0 : 7580, 4, 2020/11/28, 22:19:40.075, 1340937829049, testhost.dll, TestExecutionRecorder.RecordEnd: test: Unit_Testovi.BankaTests.PraznaListaKlijentiSBlokiranimRačunimaTest2 execution completed.
TpTrace Verbose: 0 : 7580, 4, 2020/11/28, 22:19:40.077, 1340937850523, testhost.dll, TestExecutionRecorder.RecordResult: Received result for test: Unit_Testovi.BankaTests.PraznaListaKlijentiSBlokiranimRačunimaTest2.
TpTrace Warning: 0 : 7580, 4, 2020/11/28, 22:19:40.078, 1340937853041, testhost.dll, InProgressTests is null
TpTrace Warning: 0 : 7580, 4, 2020/11/28, 22:19:40.078, 1340937854474, testhost.dll, TestRunCache: No test found corresponding to testResult 'PraznaListaKlijentiSBlokiranimRačunimaTest2  Passed' in inProgress list.
TpTrace Verbose: 0 : 7580, 4, 2020/11/28, 22:19:40.078, 1340937855983, testhost.dll, TestExecutionRecorder.RecordStart: Starting test: Unit_Testovi.BankaTests.PraznaListaKlijentiSBlokiranimRačunimaTest3.
TpTrace Verbose: 0 : 7580, 4, 2020/11/28, 22:19:40.081, 1340937891885, testhost.dll, TestExecutionRecorder.RecordEnd: test: Unit_Testovi.BankaTests.PraznaListaKlijentiSBlokiranimRačunimaTest3 execution completed.
TpTrace Verbose: 0 : 7580, 4, 2020/11/28, 22:19:40.083, 1340937912219, testhost.dll, TestExecutionRecorder.RecordResult: Received result for test: Unit_Testovi.BankaTests.PraznaListaKlijentiSBlokiranimRačunimaTest3.
TpTrace Warning: 0 : 7580, 4, 2020/11/28, 22:19:40.084, 1340937914014, testhost.dll, InProgressTests is null
TpTrace Warning: 0 : 7580, 4, 2020/11/28, 22:19:40.084, 1340937915338, testhost.dll, TestRunCache: No test found corresponding to testResult 'PraznaListaKlijentiSBlokiranimRačunimaTest3  Passed' in inProgress list.
TpTrace Verbose: 0 : 7580, 4, 2020/11/28, 22:19:40.084, 1340937916712, testhost.dll, TestExecutionRecorder.RecordStart: Starting test: Unit_Testovi.BankaTests.DajKreditTest.
TpTrace Verbose: 0 : 7580, 4, 2020/11/28, 22:19:40.088, 1340937953247, testhost.dll, TestExecutionRecorder.RecordEnd: test: Unit_Testovi.BankaTests.DajKreditTest execution completed.
TpTrace Verbose: 0 : 7580, 4, 2020/11/28, 22:19:40.090, 1340937977035, testhost.dll, TestExecutionRecorder.RecordResult: Received result for test: Unit_Testovi.BankaTests.DajKreditTest.
TpTrace Warning: 0 : 7580, 4, 2020/11/28, 22:19:40.090, 1340937978910, testhost.dll, InProgressTests is null
TpTrace Warning: 0 : 7580, 4, 2020/11/28, 22:19:40.090, 1340937980326, testhost.dll, TestRunCache: No test found corresponding to testResult 'DajKreditTest  Failed
  Message: Assert.Fail failed. 
  StackTrace:
   at Unit_Testovi.BankaTests.DajKreditTest() in C:\Users\dzene\Source\Repos\VVS-Z2\Hypo Banka\Unit Testovi\BankaTests.cs:line 110
' in inProgress list.
TpTrace Verbose: 0 : 7580, 4, 2020/11/28, 22:19:40.090, 1340937981783, testhost.dll, TestExecutionRecorder.RecordStart: Starting test: Unit_Testovi.BankaTests.OdobriKreditTest.
TpTrace Verbose: 0 : 7580, 4, 2020/11/28, 22:19:40.093, 1340938009727, testhost.dll, TestExecutionRecorder.RecordEnd: test: Unit_Testovi.BankaTests.OdobriKreditTest execution completed.
TpTrace Verbose: 0 : 7580, 4, 2020/11/28, 22:19:40.095, 1340938030354, testhost.dll, TestExecutionRecorder.RecordResult: Received result for test: Unit_Testovi.BankaTests.OdobriKreditTest.
TpTrace Warning: 0 : 7580, 4, 2020/11/28, 22:19:40.095, 1340938032299, testhost.dll, InProgressTests is null
TpTrace Warning: 0 : 7580, 4, 2020/11/28, 22:19:40.096, 1340938033684, testhost.dll, TestRunCache: No test found corresponding to testResult 'OdobriKreditTest  Failed
  Message: Assert.Fail failed. 
  StackTrace:
   at Unit_Testovi.BankaTests.OdobriKreditTest() in C:\Users\dzene\Source\Repos\VVS-Z2\Hypo Banka\Unit Testovi\BankaTests.cs:line 116
' in inProgress list.
TpTrace Verbose: 0 : 7580, 4, 2020/11/28, 22:19:40.096, 1340938035051, testhost.dll, TestExecutionRecorder.RecordStart: Starting test: Unit_Testovi.KlijentTests.DajUkupanIznosNovcaNaSvimRačunimaTest.
TpTrace Information: 0 : 7580, 4, 2020/11/28, 22:19:40.099, 1340938070554, testhost.dll, Sending test run statistics
TpTrace Verbose: 0 : 7580, 9, 2020/11/28, 22:19:40.184, 1340938919092, testhost.dll, TcpClientExtensions.MessageLoopAsync: Polling on remoteEndPoint: [::ffff:127.0.0.1]:56884 localEndPoint: [::ffff:127.0.0.1]:56885
TpTrace Verbose: 0 : 7580, 4, 2020/11/28, 22:19:40.226, 1340939333669, testhost.dll, TestRequestHandler.SendData:  sending data from testhost: {"Version":2,"MessageType":"TestExecution.StatsChange","Payload":{"NewTestResults":[{"TestCase":{"Id":"c2245ec7-612e-2eb7-dda6-a997213d66f7","FullyQualifiedName":"Unit_Testovi.BankaTests.BankaTest","DisplayName":"BankaTest","ExecutorUri":"executor://MSTestAdapter/v2","Source":"C:\\Users\\dzene\\Source\\Repos\\VVS-Z2\\Hypo Banka\\Unit Testovi\\bin\\Debug\\fine-code-coverage\\Unit Testovi.dll","CodeFilePath":null,"LineNumber":-1,"Properties":[{"Key":{"Id":"MSTestDiscoverer.TestClassName","Label":"ClassName","Category":"","Description":"","Attributes":1,"ValueType":"System.String"},"Value":"Unit_Testovi.BankaTests"},{"Key":{"Id":"TestObject.Traits","Label":"Traits","Category":"","Description":"","Attributes":5,"ValueType":"System.Collections.Generic.KeyValuePair`2[[System.String],[System.String]][]"},"Value":[]}]},"Attachments":[],"Outcome":2,"ErrorMessage":"Assert.Fail failed. ","ErrorStackTrace":"   at Unit_Testovi.BankaTests.BankaTest() in C:\\Users\\dzene\\Source\\Repos\\VVS-Z2\\Hypo Banka\\Unit Testovi\\BankaTests.cs:line 15\r\n","DisplayName":null,"Messages":[],"ComputerName":null,"Duration":"00:00:00.1131627","StartTime":"2020-11-28T22:19:39.631897+01:00","EndTime":"2020-11-28T22:19:39.8132073+01:00","Properties":[{"Key":{"Id":"ExecutionId","Label":"ExecutionId","Category":"","Description":"","Attributes":1,"ValueType":"System.Guid"},"Value":"00000000-0000-0000-0000-000000000000"},{"Key":{"Id":"ParentExecId","Label":"ParentExecId","Category":"","Description":"","Attributes":1,"ValueType":"System.Guid"},"Value":"00000000-0000-0000-0000-000000000000"},{"Key":{"Id":"InnerResultsCount","Label":"InnerResultsCount","Category":"","Description":"","Attributes":1,"ValueType":"System.Int32"},"Value":0}]},{"TestCase":{"Id":"4e520575-537d-a0ef-c811-6619e214ccff","FullyQualifiedName":"Unit_Testovi.BankaTests.RadSaKlijentomTest","DisplayName":"RadSaKlijentomTest","ExecutorUri":"executor://MSTestAdapter/v2","Source":"C:\\Users\\dzene\\Source\\Repos\\VVS-Z2\\Hypo Banka\\Unit Testovi\\bin\\Debug\\fine-code-coverage\\Unit Testovi.dll","CodeFilePath":null,"LineNumber":-1,"Properties":[{"Key":{"Id":"MSTestDiscoverer.TestClassName","Label":"ClassName","Category":"","Description":"","Attributes":1,"ValueType":"System.String"},"Value":"Unit_Testovi.BankaTests"},{"Key":{"Id":"TestObject.Traits","Label":"Traits","Category":"","Description":"","Attributes":5,"ValueType":"System.Collections.Generic.KeyValuePair`2[[System.String],[System.String]][]"},"Value":[]}]},"Attachments":[],"Outcome":2,"ErrorMessage":"Assert.Fail failed. ","ErrorStackTrace":"   at Unit_Testovi.BankaTests.RadSaKlijentomTest() in C:\\Users\\dzene\\Source\\Repos\\VVS-Z2\\Hypo Banka\\Unit Testovi\\BankaTests.cs:line 21\r\n","DisplayName":null,"Messages":[],"ComputerName":null,"Duration":"00:00:00.0016153","StartTime":"2020-11-28T22:19:39.9330159+01:00","EndTime":"2020-11-28T22:19:39.9349717+01:00","Properties":[{"Key":{"Id":"ExecutionId","Label":"ExecutionId","Category":"","Description":"","Attributes":1,"ValueType":"System.Guid"},"Value":"00000000-0000-0000-0000-000000000000"},{"Key":{"Id":"ParentExecId","Label":"ParentExecId","Category":"","Description":"","Attributes":1,"ValueType":"System.Guid"},"Value":"00000000-0000-0000-0000-000000000000"},{"Key":{"Id":"InnerResultsCount","Label":"InnerResultsCount","Category":"","Description":"","Attributes":1,"ValueType":"System.Int32"},"Value":0}]},{"TestCase":{"Id":"18a4e423-7912-2ea3-64d1-3602e6b82a62","FullyQualifiedName":"Unit_Testovi.BankaTests.OtvaranjeNovogRačunaTest","DisplayName":"OtvaranjeNovogRačunaTest","ExecutorUri":"executor://MSTestAdapter/v2","Source":"C:\\Users\\dzene\\Source\\Repos\\VVS-Z2\\Hypo Banka\\Unit Testovi\\bin\\Debug\\fine-code-coverage\\Unit Testovi.dll","CodeFilePath":null,"LineNumber":-1,"Properties":[{"Key":{"Id":"MSTestDiscoverer.TestClassName","Label":"ClassName","Category":"","Description":"","Attributes":1,"ValueType":"System.String"},"Value":"Unit_Testovi.BankaTests"},{"Key":{"Id":"TestObject.Traits","Label":"Traits","Category":"","Description":"","Attributes":5,"ValueType":"System.Collections.Generic.KeyValuePair`2[[System.String],[System.String]][]"},"Value":[]}]},"Attachments":[],"Outcome":2,"ErrorMessage":"Assert.Fail failed. ","ErrorStackTrace":"   at Unit_Testovi.BankaTests.OtvaranjeNovogRačunaTest() in C:\\Users\\dzene\\Source\\Repos\\VVS-Z2\\Hypo Banka\\Unit Testovi\\BankaTests.cs:line 27\r\n","DisplayName":null,"Messages":[],"ComputerName":null,"Duration":"00:00:00.0014240","StartTime":"2020-11-28T22:19:39.9418207+01:00","EndTime":"2020-11-28T22:19:39.9435484+01:00","Properties":[{"Key":{"Id":"ExecutionId","Label":"ExecutionId","Category":"","Description":"","Attributes":1,"ValueType":"System.Guid"},"Value":"00000000-0000-0000-0000-000000000000"},{"Key":{"Id":"ParentExecId","Label":"ParentExecId","Category":"","Description":"","Attributes":1,"ValueType":"System.Guid"},"Value":"00000000-0000-0000-0000-000000000000"},{"Key":{"Id":"InnerResultsCount","Label":"InnerResultsCount","Category":"","Description":"","Attributes":1,"ValueType":"System.Int32"},"Value":0}]},{"TestCase":{"Id":"1b311cad-fe90-5ca0-5c94-bb6f702bc22c","FullyQualifiedName":"Unit_Testovi.BankaTests.KlijentiSBlokiranimRačunimaTest","DisplayName":"KlijentiSBlokiranimRačunimaTest","ExecutorUri":"executor://MSTestAdapter/v2","Source":"C:\\Users\\dzene\\Source\\Repos\\VVS-Z2\\Hypo Banka\\Unit Testovi\\bin\\Debug\\fine-code-coverage\\Unit Testovi.dll","CodeFilePath":null,"LineNumber":-1,"Properties":[{"Key":{"Id":"MSTestDiscoverer.TestClassName","Label":"ClassName","Category":"","Description":"","Attributes":1,"ValueType":"System.String"},"Value":"Unit_Testovi.BankaTests"},{"Key":{"Id":"TestObject.Traits","Label":"Traits","Category":"","Description":"","Attributes":5,"ValueType":"System.Collections.Generic.KeyValuePair`2[[System.String],[System.String]][]"},"Value":[]}]},"Attachments":[],"Outcome":2,"ErrorMessage":"Test method Unit_Testovi.BankaTests.KlijentiSBlokiranimRačunimaTest threw exception: \r\nSystem.ArgumentException: Račun je prazan!","ErrorStackTrace":"    at Hypo_Banka.Racun.set_Blokiran(Boolean value) in C:\\Users\\dzene\\Source\\Repos\\VVS-Z2\\Hypo Banka\\Hypo Banka\\Racun.cs:line 36\r\n   at Hypo_Banka.Racun..ctor(Double pocetnoStanje) in C:\\Users\\dzene\\Source\\Repos\\VVS-Z2\\Hypo Banka\\Hypo Banka\\Racun.cs:line 51\r\n   at Unit_Testovi.BankaTests.KlijentiSBlokiranimRačunimaTest() in C:\\Users\\dzene\\Source\\Repos\\VVS-Z2\\Hypo Banka\\Unit Testovi\\BankaTests.cs:line 39\r\n","DisplayName":null,"Messages":[],"ComputerName":null,"Duration":"00:00:00.1057531","StartTime":"2020-11-28T22:19:39.9546833+01:00","EndTime":"2020-11-28T22:19:40.06063+01:00","Properties":[{"Key":{"Id":"ExecutionId","Label":"ExecutionId","Category":"","Description":"","Attributes":1,"ValueType":"System.Guid"},"Value":"00000000-0000-0000-0000-000000000000"},{"Key":{"Id":"ParentExecId","Label":"ParentExecId","Category":"","Description":"","Attributes":1,"ValueType":"System.Guid"},"Value":"00000000-0000-0000-0000-000000000000"},{"Key":{"Id":"InnerResultsCount","Label":"InnerResultsCount","Category":"","Description":"","Attributes":1,"ValueType":"System.Int32"},"Value":0}]},{"TestCase":{"Id":"408dbc8c-088d-37e5-c524-008dff2d79ed","FullyQualifiedName":"Unit_Testovi.BankaTests.PraznaListaKlijentiSBlokiranimRačunimaTest","DisplayName":"PraznaListaKlijentiSBlokiranimRačunimaTest","ExecutorUri":"executor://MSTestAdapter/v2","Source":"C:\\Users\\dzene\\Source\\Repos\\VVS-Z2\\Hypo Banka\\Unit Testovi\\bin\\Debug\\fine-code-coverage\\Unit Testovi.dll","CodeFilePath":null,"LineNumber":-1,"Properties":[{"Key":{"Id":"MSTestDiscoverer.TestClassName","Label":"ClassName","Category":"","Description":"","Attributes":1,"ValueType":"System.String"},"Value":"Unit_Testovi.BankaTests"},{"Key":{"Id":"TestObject.Traits","Label":"Traits","Category":"","Description":"","Attributes":5,"ValueType":"System.Collections.Generic.KeyValuePair`2[[System.String],[System.String]][]"},"Value":[]}]},"Attachments":[],"Outcome":1,"ErrorMessage":null,"ErrorStackTrace":null,"DisplayName":null,"Messages":[],"ComputerName":null,"Duration":"00:00:00.0038327","StartTime":"2020-11-28T22:19:40.0653268+01:00","EndTime":"2020-11-28T22:19:40.0694774+01:00","Properties":[{"Key":{"Id":"ExecutionId","Label":"ExecutionId","Category":"","Description":"","Attributes":1,"ValueType":"System.Guid"},"Value":"00000000-0000-0000-0000-000000000000"},{"Key":{"Id":"ParentExecId","Label":"ParentExecId","Category":"","Description":"","Attributes":1,"ValueType":"System.Guid"},"Value":"00000000-0000-0000-0000-000000000000"},{"Key":{"Id":"InnerResultsCount","Label":"InnerResultsCount","Category":"","Description":"","Attributes":1,"ValueType":"System.Int32"},"Value":0}]},{"TestCase":{"Id":"b68b1648-dcba-2adb-037a-34e56c60e967","FullyQualifiedName":"Unit_Testovi.BankaTests.PraznaListaKlijentiSBlokiranimRačunimaTest2","DisplayName":"PraznaListaKlijentiSBlokiranimRačunimaTest2","ExecutorUri":"executor://MSTestAdapter/v2","Source":"C:\\Users\\dzene\\Source\\Repos\\VVS-Z2\\Hypo Banka\\Unit Testovi\\bin\\Debug\\fine-code-coverage\\Unit Testovi.dll","CodeFilePath":null,"LineNumber":-1,"Properties":[{"Key":{"Id":"MSTestDiscoverer.TestClassName","Label":"ClassName","Category":"","Description":"","Attributes":1,"ValueType":"System.String"},"Value":"Unit_Testovi.BankaTests"},{"Key":{"Id":"TestObject.Traits","Label":"Traits","Category":"","Description":"","Attributes":5,"ValueType":"System.Collections.Generic.KeyValuePair`2[[System.String],[System.String]][]"},"Value":[]}]},"Attachments":[],"Outcome":1,"ErrorMessage":null,"ErrorStackTrace":null,"DisplayName":null,"Messages":[],"ComputerName":null,"Duration":"00:00:00.0010187","StartTime":"2020-11-28T22:19:40.0742145+01:00","EndTime":"2020-11-28T22:19:40.0756401+01:00","Properties":[{"Key":{"Id":"ExecutionId","Label":"ExecutionId","Category":"","Description":"","Attributes":1,"ValueType":"System.Guid"},"Value":"00000000-0000-0000-0000-000000000000"},{"Key":{"Id":"ParentExecId","Label":"ParentExecId","Category":"","Description":"","Attributes":1,"ValueType":"System.Guid"},"Value":"00000000-0000-0000-0000-000000000000"},{"Key":{"Id":"InnerResultsCount","Label":"InnerResultsCount","Category":"","Description":"","Attributes":1,"ValueType":"System.Int32"},"Value":0}]},{"TestCase":{"Id":"fe2fc789-1350-434d-18cc-5bb729531d2a","FullyQualifiedName":"Unit_Testovi.BankaTests.PraznaListaKlijentiSBlokiranimRačunimaTest3","DisplayName":"PraznaListaKlijentiSBlokiranimRačunimaTest3","ExecutorUri":"executor://MSTestAdapter/v2","Source":"C:\\Users\\dzene\\Source\\Repos\\VVS-Z2\\Hypo Banka\\Unit Testovi\\bin\\Debug\\fine-code-coverage\\Unit Testovi.dll","CodeFilePath":null,"LineNumber":-1,"Properties":[{"Key":{"Id":"MSTestDiscoverer.TestClassName","Label":"ClassName","Category":"","Description":"","Attributes":1,"ValueType":"System.String"},"Value":"Unit_Testovi.BankaTests"},{"Key":{"Id":"TestObject.Traits","Label":"Traits","Category":"","Description":"","Attributes":5,"ValueType":"System.Collections.Generic.KeyValuePair`2[[System.String],[System.String]][]"},"Value":[]}]},"Attachments":[],"Outcome":1,"ErrorMessage":null,"ErrorStackTrace":null,"DisplayName":null,"Messages":[],"ComputerName":null,"Duration":"00:00:00.0014823","StartTime":"2020-11-28T22:19:40.0800653+01:00","EndTime":"2020-11-28T22:19:40.0819188+01:00","Properties":[{"Key":{"Id":"ExecutionId","Label":"ExecutionId","Category":"","Description":"","Attributes":1,"ValueType":"System.Guid"},"Value":"00000000-0000-0000-0000-000000000000"},{"Key":{"Id":"ParentExecId","Label":"ParentExecId","Category":"","Description":"","Attributes":1,"ValueType":"System.Guid"},"Value":"00000000-0000-0000-0000-000000000000"},{"Key":{"Id":"InnerResultsCount","Label":"InnerResultsCount","Category":"","Description":"","Attributes":1,"ValueType":"System.Int32"},"Value":0}]},{"TestCase":{"Id":"d6adb559-41f5-15aa-090d-017e555ec5b0","FullyQualifiedName":"Unit_Testovi.BankaTests.DajKreditTest","DisplayName":"DajKreditTest","ExecutorUri":"executor://MSTestAdapter/v2","Source":"C:\\Users\\dzene\\Source\\Repos\\VVS-Z2\\Hypo Banka\\Unit Testovi\\bin\\Debug\\fine-code-coverage\\Unit Testovi.dll","CodeFilePath":null,"LineNumber":-1,"Properties":[{"Key":{"Id":"MSTestDiscoverer.TestClassName","Label":"ClassName","Category":"","Description":"","Attributes":1,"ValueType":"System.String"},"Value":"Unit_Testovi.BankaTests"},{"Key":{"Id":"TestObject.Traits","Label":"Traits","Category":"","Description":"","Attributes":5,"ValueType":"System.Collections.Generic.KeyValuePair`2[[System.String],[System.String]][]"},"Value":[]}]},"Attachments":[],"Outcome":2,"ErrorMessage":"Assert.Fail failed. ","ErrorStackTrace":"   at Unit_Testovi.BankaTests.DajKreditTest() in C:\\Users\\dzene\\Source\\Repos\\VVS-Z2\\Hypo Banka\\Unit Testovi\\BankaTests.cs:line 110\r\n","DisplayName":null,"Messages":[],"ComputerName":null,"Duration":"00:00:00.0016988","StartTime":"2020-11-28T22:19:40.0860856+01:00","EndTime":"2020-11-28T22:19:40.088057+01:00","Properties":[{"Key":{"Id":"ExecutionId","Label":"ExecutionId","Category":"","Description":"","Attributes":1,"ValueType":"System.Guid"},"Value":"00000000-0000-0000-0000-000000000000"},{"Key":{"Id":"ParentExecId","Label":"ParentExecId","Category":"","Description":"","Attributes":1,"ValueType":"System.Guid"},"Value":"00000000-0000-0000-0000-000000000000"},{"Key":{"Id":"InnerResultsCount","Label":"InnerResultsCount","Category":"","Description":"","Attributes":1,"ValueType":"System.Int32"},"Value":0}]},{"TestCase":{"Id":"2e6ffa82-c500-78d4-c8f5-ab98869c82c7","FullyQualifiedName":"Unit_Testovi.BankaTests.OdobriKreditTest","DisplayName":"OdobriKreditTest","ExecutorUri":"executor://MSTestAdapter/v2","Source":"C:\\Users\\dzene\\Source\\Repos\\VVS-Z2\\Hypo Banka\\Unit Testovi\\bin\\Debug\\fine-code-coverage\\Unit Testovi.dll","CodeFilePath":null,"LineNumber":-1,"Properties":[{"Key":{"Id":"MSTestDiscoverer.TestClassName","Label":"ClassName","Category":"","Description":"","Attributes":1,"ValueType":"System.String"},"Value":"Unit_Testovi.BankaTests"},{"Key":{"Id":"TestObject.Traits","Label":"Traits","Category":"","Description":"","Attributes":5,"ValueType":"System.Collections.Generic.KeyValuePair`2[[System.String],[System.String]][]"},"Value":[]}]},"Attachments":[],"Outcome":2,"ErrorMessage":"Assert.Fail failed. ","ErrorStackTrace":"   at Unit_Testovi.BankaTests.OdobriKreditTest() in C:\\Users\\dzene\\Source\\Repos\\VVS-Z2\\Hypo Banka\\Unit Testovi\\BankaTests.cs:line 116\r\n","DisplayName":null,"Messages":[],"ComputerName":null,"Duration":"00:00:00.0010207","StartTime":"2020-11-28T22:19:40.0925026+01:00","EndTime":"2020-11-28T22:19:40.0937099+01:00","Properties":[{"Key":{"Id":"ExecutionId","Label":"ExecutionId","Category":"","Description":"","Attributes":1,"ValueType":"System.Guid"},"Value":"00000000-0000-0000-0000-000000000000"},{"Key":{"Id":"ParentExecId","Label":"ParentExecId","Category":"","Description":"","Attributes":1,"ValueType":"System.Guid"},"Value":"00000000-0000-0000-0000-000000000000"},{"Key":{"Id":"InnerResultsCount","Label":"InnerResultsCount","Category":"","Description":"","Attributes":1,"ValueType":"System.Int32"},"Value":0}]}],"TestRunStatistics":{"ExecutedTests":9,"Stats":{"Failed":6,"Passed":3}},"ActiveTests":[{"Id":"6b5f6e43-df49-ab6e-701e-14406ad0d200","FullyQualifiedName":"Unit_Testovi.KlijentTests.DajUkupanIznosNovcaNaSvimRačunimaTest","DisplayName":"DajUkupanIznosNovcaNaSvimRačunimaTest","ExecutorUri":"executor://MSTestAdapter/v2","Source":"C:\\Users\\dzene\\Source\\Repos\\VVS-Z2\\Hypo Banka\\Unit Testovi\\bin\\Debug\\fine-code-coverage\\Unit Testovi.dll","CodeFilePath":null,"LineNumber":-1,"Properties":[{"Key":{"Id":"MSTestDiscoverer.TestClassName","Label":"ClassName","Category":"","Description":"","Attributes":1,"ValueType":"System.String"},"Value":"Unit_Testovi.KlijentTests"},{"Key":{"Id":"TestObject.Traits","Label":"Traits","Category":"","Description":"","Attributes":5,"ValueType":"System.Collections.Generic.KeyValuePair`2[[System.String],[System.String]][]"},"Value":[]}]}]}}
TpTrace Verbose: 0 : 7580, 4, 2020/11/28, 22:19:40.227, 1340939347826, testhost.dll, TestRunCache: OnNewTestResult: Notified the onCacheHit callback.
TpTrace Verbose: 0 : 7580, 4, 2020/11/28, 22:19:40.236, 1340939432972, testhost.dll, TestExecutionRecorder.RecordEnd: test: Unit_Testovi.KlijentTests.DajUkupanIznosNovcaNaSvimRačunimaTest execution completed.
TpTrace Warning: 0 : 7580, 4, 2020/11/28, 22:19:40.236, 1340939435605, testhost.dll, InProgressTests is null
TpTrace Verbose: 0 : 7580, 4, 2020/11/28, 22:19:40.243, 1340939507524, testhost.dll, TestExecutionRecorder.RecordResult: Received result for test: Unit_Testovi.KlijentTests.DajUkupanIznosNovcaNaSvimRačunimaTest.
TpTrace Warning: 0 : 7580, 4, 2020/11/28, 22:19:40.243, 1340939511086, testhost.dll, InProgressTests is null
TpTrace Warning: 0 : 7580, 4, 2020/11/28, 22:19:40.244, 1340939513531, testhost.dll, TestRunCache: No test found corresponding to testResult 'DajUkupanIznosNovcaNaSvimRačunimaTest  Failed
  Message: Assert.Fail failed. 
  StackTrace:
   at Unit_Testovi.KlijentTests.DajUkupanIznosNovcaNaSvimRačunimaTest() in C:\Users\dzene\Source\Repos\VVS-Z2\Hypo Banka\Unit Testovi\KlijentTests.cs:line 15
' in inProgress list.
TpTrace Verbose: 0 : 7580, 4, 2020/11/28, 22:19:40.244, 1340939515904, testhost.dll, TestExecutionRecorder.RecordStart: Starting test: Unit_Testovi.KorisnikTests.AutomatskoGenerisanjePodatakaTest2.
TpTrace Verbose: 0 : 7580, 4, 2020/11/28, 22:19:40.254, 1340939616384, testhost.dll, TestExecutionRecorder.RecordEnd: test: Unit_Testovi.KorisnikTests.AutomatskoGenerisanjePodatakaTest2 execution completed.
TpTrace Verbose: 0 : 7580, 4, 2020/11/28, 22:19:40.260, 1340939673394, testhost.dll, TestExecutionRecorder.RecordResult: Received result for test: Unit_Testovi.KorisnikTests.AutomatskoGenerisanjePodatakaTest2.
TpTrace Warning: 0 : 7580, 4, 2020/11/28, 22:19:40.260, 1340939676519, testhost.dll, InProgressTests is null
TpTrace Warning: 0 : 7580, 4, 2020/11/28, 22:19:40.260, 1340939678849, testhost.dll, TestRunCache: No test found corresponding to testResult 'AutomatskoGenerisanjePodatakaTest2  Failed
  Message: Test method threw exception System.ArgumentException, but exception System.Exception was expected. Exception message: System.ArgumentException: Ime je neispravno!
  StackTrace:
   at Hypo_Banka.Korisnik.set_Ime(String value) in C:\Users\dzene\Source\Repos\VVS-Z2\Hypo Banka\Hypo Banka\Korisnik.cs:line 33
   at Unit_Testovi.KorisnikTests.AutomatskoGenerisanjePodatakaTest2() in C:\Users\dzene\Source\Repos\VVS-Z2\Hypo Banka\Unit Testovi\KorisnikTests.cs:line 18
' in inProgress list.
TpTrace Verbose: 0 : 7580, 4, 2020/11/28, 22:19:40.260, 1340939681542, testhost.dll, TestExecutionRecorder.RecordStart: Starting test: Unit_Testovi.KorisnikTests.AutomatskoGenerisanjePodatakaTest3.
TpTrace Verbose: 0 : 7580, 4, 2020/11/28, 22:19:40.274, 1340939816543, testhost.dll, TestExecutionRecorder.RecordEnd: test: Unit_Testovi.KorisnikTests.AutomatskoGenerisanjePodatakaTest3 execution completed.
TpTrace Verbose: 0 : 7580, 4, 2020/11/28, 22:19:40.279, 1340939864203, testhost.dll, TestExecutionRecorder.RecordResult: Received result for test: Unit_Testovi.KorisnikTests.AutomatskoGenerisanjePodatakaTest3.
TpTrace Warning: 0 : 7580, 4, 2020/11/28, 22:19:40.279, 1340939867347, testhost.dll, InProgressTests is null
TpTrace Warning: 0 : 7580, 4, 2020/11/28, 22:19:40.279, 1340939869753, testhost.dll, TestRunCache: No test found corresponding to testResult 'AutomatskoGenerisanjePodatakaTest3  Failed
  Message: Test method Unit_Testovi.KorisnikTests.AutomatskoGenerisanjePodatakaTest3 threw exception: 
System.ArgumentException: Korisničko ime je neispravno!
  StackTrace:
    at Hypo_Banka.Korisnik.set_KorisnickoIme(String value) in C:\Users\dzene\Source\Repos\VVS-Z2\Hypo Banka\Hypo Banka\Korisnik.cs:line 58
   at Hypo_Banka.Korisnik..ctor(String name, String surname, String username, String password) in C:\Users\dzene\Source\Repos\VVS-Z2\Hypo Banka\Hypo Banka\Korisnik.cs:line 86
   at Hypo_Banka.Klijent..ctor(String ime, String prezime, String korisnickoIme, String lozinka, DateTime rodenje, String licna) in C:\Users\dzene\Source\Repos\VVS-Z2\Hypo Banka\Hypo Banka\Klijent.cs:line 58
   at Unit_Testovi.KorisnikTests.AutomatskoGenerisanjePodatakaTest3() in C:\Users\dzene\Source\Repos\VVS-Z2\Hypo Banka\Unit Testovi\KorisnikTests.cs:line 25
' in inProgress list.
TpTrace Verbose: 0 : 7580, 4, 2020/11/28, 22:19:40.280, 1340939872560, testhost.dll, TestExecutionRecorder.RecordStart: Starting test: Unit_Testovi.KreditTest.Test.
TpTrace Verbose: 0 : 7580, 4, 2020/11/28, 22:19:40.294, 1340940018636, testhost.dll, TestExecutionRecorder.RecordEnd: test: Unit_Testovi.KreditTest.Test execution completed.
TpTrace Verbose: 0 : 7580, 4, 2020/11/28, 22:19:40.300, 1340940073648, testhost.dll, TestExecutionRecorder.RecordResult: Received result for test: Unit_Testovi.KreditTest.Test.
TpTrace Warning: 0 : 7580, 4, 2020/11/28, 22:19:40.300, 1340940076614, testhost.dll, InProgressTests is null
TpTrace Warning: 0 : 7580, 4, 2020/11/28, 22:19:40.300, 1340940078836, testhost.dll, TestRunCache: No test found corresponding to testResult 'Test        Passed' in inProgress list.
TpTrace Verbose: 0 : 7580, 4, 2020/11/28, 22:19:40.300, 1340940081130, testhost.dll, TestExecutionRecorder.RecordStart: Starting test: Unit_Testovi.NoviTestovi.TestZamjenskiObjekat.
TpTrace Verbose: 0 : 7580, 4, 2020/11/28, 22:19:40.309, 1340940168459, testhost.dll, TestExecutionRecorder.RecordEnd: test: Unit_Testovi.NoviTestovi.TestZamjenskiObjekat execution completed.
TpTrace Verbose: 0 : 7580, 4, 2020/11/28, 22:19:40.312, 1340940199649, testhost.dll, TestExecutionRecorder.RecordResult: Received result for test: Unit_Testovi.NoviTestovi.TestZamjenskiObjekat.
TpTrace Warning: 0 : 7580, 4, 2020/11/28, 22:19:40.313, 1340940202492, testhost.dll, InProgressTests is null
TpTrace Warning: 0 : 7580, 4, 2020/11/28, 22:19:40.313, 1340940204785, testhost.dll, TestRunCache: No test found corresponding to testResult 'TestZamjenskiObjekat  Failed
  Message: Test method Unit_Testovi.NoviTestovi.TestZamjenskiObjekat threw exception: 
System.NotImplementedException: The method or operation is not implemented.
  StackTrace:
    at Hypo_Banka.Zahtjev.DaLiJePovoljan() in C:\Users\dzene\Source\Repos\VVS-Z2\Hypo Banka\Hypo Banka\Zahtjev.cs:line 15
   at Hypo_Banka.Banka.OdobriKredit(IZahtjev zahtjev, Kredit kredit) in C:\Users\dzene\Source\Repos\VVS-Z2\Hypo Banka\Hypo Banka\Banka.cs:line 107
   at Unit_Testovi.NoviTestovi.TestZamjenskiObjekat() in C:\Users\dzene\Source\Repos\VVS-Z2\Hypo Banka\Unit Testovi\NoviTestovi.cs:line 25
' in inProgress list.
TpTrace Verbose: 0 : 7580, 4, 2020/11/28, 22:19:40.313, 1340940207295, testhost.dll, TestExecutionRecorder.RecordStart: Starting test: Unit_Testovi.NoviTestovi.TestSkidanjaIznosaSRačuna.
TpTrace Verbose: 0 : 7580, 4, 2020/11/28, 22:19:40.318, 1340940259013, testhost.dll, TestExecutionRecorder.RecordEnd: test: Unit_Testovi.NoviTestovi.TestSkidanjaIznosaSRačuna execution completed.
TpTrace Verbose: 0 : 7580, 4, 2020/11/28, 22:19:40.321, 1340940292129, testhost.dll, TestExecutionRecorder.RecordResult: Received result for test: Unit_Testovi.NoviTestovi.TestSkidanjaIznosaSRačuna.
TpTrace Warning: 0 : 7580, 4, 2020/11/28, 22:19:40.322, 1340940294971, testhost.dll, InProgressTests is null
TpTrace Warning: 0 : 7580, 4, 2020/11/28, 22:19:40.322, 1340940297262, testhost.dll, TestRunCache: No test found corresponding to testResult 'TestSkidanjaIznosaSRačuna  Failed
  Message: Test method Unit_Testovi.NoviTestovi.TestSkidanjaIznosaSRačuna threw exception: 
System.NotImplementedException: The method or operation is not implemented.
  StackTrace:
    at Hypo_Banka.Klijent.SkiniIznosSaNekogOdRačuna(Double ukupniIznos) in C:\Users\dzene\Source\Repos\VVS-Z2\Hypo Banka\Hypo Banka\Klijent.cs:line 101
   at Unit_Testovi.NoviTestovi.TestSkidanjaIznosaSRačuna() in C:\Users\dzene\Source\Repos\VVS-Z2\Hypo Banka\Unit Testovi\NoviTestovi.cs:line 43
' in inProgress list.
TpTrace Verbose: 0 : 7580, 4, 2020/11/28, 22:19:40.322, 1340940299716, testhost.dll, TestExecutionRecorder.RecordStart: Starting test: Unit_Testovi.NoviTestovi.TestSkidanjaIznosaSVišeRačuna.
TpTrace Verbose: 0 : 7580, 4, 2020/11/28, 22:19:40.327, 1340940345100, testhost.dll, TestExecutionRecorder.RecordEnd: test: Unit_Testovi.NoviTestovi.TestSkidanjaIznosaSVišeRačuna execution completed.
TpTrace Verbose: 0 : 7580, 4, 2020/11/28, 22:19:40.329, 1340940371361, testhost.dll, TestExecutionRecorder.RecordResult: Received result for test: Unit_Testovi.NoviTestovi.TestSkidanjaIznosaSVišeRačuna.
TpTrace Warning: 0 : 7580, 4, 2020/11/28, 22:19:40.330, 1340940375601, testhost.dll, InProgressTests is null
TpTrace Warning: 0 : 7580, 4, 2020/11/28, 22:19:40.330, 1340940378055, testhost.dll, TestRunCache: No test found corresponding to testResult 'TestSkidanjaIznosaSVišeRačuna  Failed
  Message: Test method Unit_Testovi.NoviTestovi.TestSkidanjaIznosaSVišeRačuna threw exception: 
System.NotImplementedException: The method or operation is not implemented.
  StackTrace:
    at Hypo_Banka.Klijent.SkiniIznosSaNekogOdRačuna(Double ukupniIznos) in C:\Users\dzene\Source\Repos\VVS-Z2\Hypo Banka\Hypo Banka\Klijent.cs:line 101
   at Unit_Testovi.NoviTestovi.TestSkidanjaIznosaSVišeRačuna() in C:\Users\dzene\Source\Repos\VVS-Z2\Hypo Banka\Unit Testovi\NoviTestovi.cs:line 62
' in inProgress list.
TpTrace Verbose: 0 : 7580, 4, 2020/11/28, 22:19:40.330, 1340940380635, testhost.dll, TestExecutionRecorder.RecordStart: Starting test: Unit_Testovi.NoviTestovi.TestSkidanjaIznosaIzuzetak.
TpTrace Verbose: 0 : 7580, 4, 2020/11/28, 22:19:40.335, 1340940424574, testhost.dll, TestExecutionRecorder.RecordEnd: test: Unit_Testovi.NoviTestovi.TestSkidanjaIznosaIzuzetak execution completed.
TpTrace Verbose: 0 : 7580, 4, 2020/11/28, 22:19:40.337, 1340940450143, testhost.dll, TestExecutionRecorder.RecordResult: Received result for test: Unit_Testovi.NoviTestovi.TestSkidanjaIznosaIzuzetak.
TpTrace Warning: 0 : 7580, 4, 2020/11/28, 22:19:40.338, 1340940452701, testhost.dll, InProgressTests is null
TpTrace Warning: 0 : 7580, 4, 2020/11/28, 22:19:40.338, 1340940454154, testhost.dll, TestRunCache: No test found corresponding to testResult 'TestSkidanjaIznosaIzuzetak  Failed
  Message: Test method threw exception System.NotImplementedException, but exception System.InvalidOperationException was expected. Exception message: System.NotImplementedException: The method or operation is not implemented.
  StackTrace:
   at Hypo_Banka.Klijent.SkiniIznosSaNekogOdRačuna(Double ukupniIznos) in C:\Users\dzene\Source\Repos\VVS-Z2\Hypo Banka\Hypo Banka\Klijent.cs:line 101
   at Unit_Testovi.NoviTestovi.TestSkidanjaIznosaIzuzetak() in C:\Users\dzene\Source\Repos\VVS-Z2\Hypo Banka\Unit Testovi\NoviTestovi.cs:line 85
' in inProgress list.
TpTrace Verbose: 0 : 7580, 4, 2020/11/28, 22:19:40.342, 1340940497423, testhost.dll, BaseRunTests.RunTestInternalWithExecutors: Completed running tests for executor://MSTestAdapter/v2
TpTrace Information: 0 : 7580, 4, 2020/11/28, 22:19:40.349, 1340940570277, testhost.dll, Sending test run complete
TpTrace Verbose: 0 : 7580, 4, 2020/11/28, 22:19:40.378, 1340940860562, testhost.dll, TestRequestHandler.SendData:  sending data from testhost: {"Version":2,"MessageType":"TestExecution.Completed","Payload":{"TestRunCompleteArgs":{"TestRunStatistics":{"ExecutedTests":17,"Stats":{"Failed":13,"Passed":4}},"IsCanceled":false,"IsAborted":false,"Error":null,"AttachmentSets":[],"ElapsedTimeInRunningTests":"00:00:00.9777683","Metrics":{}},"LastRunTests":{"NewTestResults":[{"TestCase":{"Id":"6b5f6e43-df49-ab6e-701e-14406ad0d200","FullyQualifiedName":"Unit_Testovi.KlijentTests.DajUkupanIznosNovcaNaSvimRačunimaTest","DisplayName":"DajUkupanIznosNovcaNaSvimRačunimaTest","ExecutorUri":"executor://MSTestAdapter/v2","Source":"C:\\Users\\dzene\\Source\\Repos\\VVS-Z2\\Hypo Banka\\Unit Testovi\\bin\\Debug\\fine-code-coverage\\Unit Testovi.dll","CodeFilePath":null,"LineNumber":-1,"Properties":[{"Key":{"Id":"MSTestDiscoverer.TestClassName","Label":"ClassName","Category":"","Description":"","Attributes":1,"ValueType":"System.String"},"Value":"Unit_Testovi.KlijentTests"},{"Key":{"Id":"TestObject.Traits","Label":"Traits","Category":"","Description":"","Attributes":5,"ValueType":"System.Collections.Generic.KeyValuePair`2[[System.String],[System.String]][]"},"Value":[]}]},"Attachments":[],"Outcome":2,"ErrorMessage":"Assert.Fail failed. ","ErrorStackTrace":"   at Unit_Testovi.KlijentTests.DajUkupanIznosNovcaNaSvimRačunimaTest() in C:\\Users\\dzene\\Source\\Repos\\VVS-Z2\\Hypo Banka\\Unit Testovi\\KlijentTests.cs:line 15\r\n","DisplayName":null,"Messages":[],"ComputerName":null,"Duration":"00:00:00.0015853","StartTime":"2020-11-28T22:19:40.2338665+01:00","EndTime":"2020-11-28T22:19:40.2360092+01:00","Properties":[{"Key":{"Id":"ExecutionId","Label":"ExecutionId","Category":"","Description":"","Attributes":1,"ValueType":"System.Guid"},"Value":"00000000-0000-0000-0000-000000000000"},{"Key":{"Id":"ParentExecId","Label":"ParentExecId","Category":"","Description":"","Attributes":1,"ValueType":"System.Guid"},"Value":"00000000-0000-0000-0000-000000000000"},{"Key":{"Id":"InnerResultsCount","Label":"InnerResultsCount","Category":"","Description":"","Attributes":1,"ValueType":"System.Int32"},"Value":0}]},{"TestCase":{"Id":"d275d30d-bf4a-380a-adc6-2e46a90104d2","FullyQualifiedName":"Unit_Testovi.KorisnikTests.AutomatskoGenerisanjePodatakaTest2","DisplayName":"AutomatskoGenerisanjePodatakaTest2","ExecutorUri":"executor://MSTestAdapter/v2","Source":"C:\\Users\\dzene\\Source\\Repos\\VVS-Z2\\Hypo Banka\\Unit Testovi\\bin\\Debug\\fine-code-coverage\\Unit Testovi.dll","CodeFilePath":null,"LineNumber":-1,"Properties":[{"Key":{"Id":"MSTestDiscoverer.TestClassName","Label":"ClassName","Category":"","Description":"","Attributes":1,"ValueType":"System.String"},"Value":"Unit_Testovi.KorisnikTests"},{"Key":{"Id":"TestObject.Traits","Label":"Traits","Category":"","Description":"","Attributes":5,"ValueType":"System.Collections.Generic.KeyValuePair`2[[System.String],[System.String]][]"},"Value":[]}]},"Attachments":[],"Outcome":2,"ErrorMessage":"Test method threw exception System.ArgumentException, but exception System.Exception was expected. Exception message: System.ArgumentException: Ime je neispravno!","ErrorStackTrace":"   at Hypo_Banka.Korisnik.set_Ime(String value) in C:\\Users\\dzene\\Source\\Repos\\VVS-Z2\\Hypo Banka\\Hypo Banka\\Korisnik.cs:line 33\r\n   at Unit_Testovi.KorisnikTests.AutomatskoGenerisanjePodatakaTest2() in C:\\Users\\dzene\\Source\\Repos\\VVS-Z2\\Hypo Banka\\Unit Testovi\\KorisnikTests.cs:line 18\r\n","DisplayName":null,"Messages":[],"ComputerName":null,"Duration":"00:00:00.0042782","StartTime":"2020-11-28T22:19:40.2493496+01:00","EndTime":"2020-11-28T22:19:40.2543608+01:00","Properties":[{"Key":{"Id":"ExecutionId","Label":"ExecutionId","Category":"","Description":"","Attributes":1,"ValueType":"System.Guid"},"Value":"00000000-0000-0000-0000-000000000000"},{"Key":{"Id":"ParentExecId","Label":"ParentExecId","Category":"","Description":"","Attributes":1,"ValueType":"System.Guid"},"Value":"00000000-0000-0000-0000-000000000000"},{"Key":{"Id":"InnerResultsCount","Label":"InnerResultsCount","Category":"","Description":"","Attributes":1,"ValueType":"System.Int32"},"Value":0}]},{"TestCase":{"Id":"e56dccf3-4dd3-dd26-fd75-304af3f42105","FullyQualifiedName":"Unit_Testovi.KorisnikTests.AutomatskoGenerisanjePodatakaTest3","DisplayName":"AutomatskoGenerisanjePodatakaTest3","ExecutorUri":"executor://MSTestAdapter/v2","Source":"C:\\Users\\dzene\\Source\\Repos\\VVS-Z2\\Hypo Banka\\Unit Testovi\\bin\\Debug\\fine-code-coverage\\Unit Testovi.dll","CodeFilePath":null,"LineNumber":-1,"Properties":[{"Key":{"Id":"MSTestDiscoverer.TestClassName","Label":"ClassName","Category":"","Description":"","Attributes":1,"ValueType":"System.String"},"Value":"Unit_Testovi.KorisnikTests"},{"Key":{"Id":"TestObject.Traits","Label":"Traits","Category":"","Description":"","Attributes":5,"ValueType":"System.Collections.Generic.KeyValuePair`2[[System.String],[System.String]][]"},"Value":[]}]},"Attachments":[],"Outcome":2,"ErrorMessage":"Test method Unit_Testovi.KorisnikTests.AutomatskoGenerisanjePodatakaTest3 threw exception: \r\nSystem.ArgumentException: Korisničko ime je neispravno!","ErrorStackTrace":"    at Hypo_Banka.Korisnik.set_KorisnickoIme(String value) in C:\\Users\\dzene\\Source\\Repos\\VVS-Z2\\Hypo Banka\\Hypo Banka\\Korisnik.cs:line 58\r\n   at Hypo_Banka.Korisnik..ctor(String name, String surname, String username, String password) in C:\\Users\\dzene\\Source\\Repos\\VVS-Z2\\Hypo Banka\\Hypo Banka\\Korisnik.cs:line 86\r\n   at Hypo_Banka.Klijent..ctor(String ime, String prezime, String korisnickoIme, String lozinka, DateTime rodenje, String licna) in C:\\Users\\dzene\\Source\\Repos\\VVS-Z2\\Hypo Banka\\Hypo Banka\\Klijent.cs:line 58\r\n   at Unit_Testovi.KorisnikTests.AutomatskoGenerisanjePodatakaTest3() in C:\\Users\\dzene\\Source\\Repos\\VVS-Z2\\Hypo Banka\\Unit Testovi\\KorisnikTests.cs:line 25\r\n","DisplayName":null,"Messages":[],"ComputerName":null,"Duration":"00:00:00.0086411","StartTime":"2020-11-28T22:19:40.2653844+01:00","EndTime":"2020-11-28T22:19:40.2743832+01:00","Properties":[{"Key":{"Id":"ExecutionId","Label":"ExecutionId","Category":"","Description":"","Attributes":1,"ValueType":"System.Guid"},"Value":"00000000-0000-0000-0000-000000000000"},{"Key":{"Id":"ParentExecId","Label":"ParentExecId","Category":"","Description":"","Attributes":1,"ValueType":"System.Guid"},"Value":"00000000-0000-0000-0000-000000000000"},{"Key":{"Id":"InnerResultsCount","Label":"InnerResultsCount","Category":"","Description":"","Attributes":1,"ValueType":"System.Int32"},"Value":0}]},{"TestCase":{"Id":"461ef46a-ca2c-10b1-3848-1fc4ab1e6bc6","FullyQualifiedName":"Unit_Testovi.KreditTest.Test","DisplayName":"Test","ExecutorUri":"executor://MSTestAdapter/v2","Source":"C:\\Users\\dzene\\Source\\Repos\\VVS-Z2\\Hypo Banka\\Unit Testovi\\bin\\Debug\\fine-code-coverage\\Unit Testovi.dll","CodeFilePath":null,"LineNumber":-1,"Properties":[{"Key":{"Id":"MSTestDiscoverer.TestClassName","Label":"ClassName","Category":"","Description":"","Attributes":1,"ValueType":"System.String"},"Value":"Unit_Testovi.KreditTest"},{"Key":{"Id":"TestObject.Traits","Label":"Traits","Category":"","Description":"","Attributes":5,"ValueType":"System.Collections.Generic.KeyValuePair`2[[System.String],[System.String]][]"},"Value":[]}]},"Attachments":[],"Outcome":1,"ErrorMessage":null,"ErrorStackTrace":null,"DisplayName":null,"Messages":[],"ComputerName":null,"Duration":"00:00:00.0099683","StartTime":"2020-11-28T22:19:40.2840006+01:00","EndTime":"2020-11-28T22:19:40.2945803+01:00","Properties":[{"Key":{"Id":"ExecutionId","Label":"ExecutionId","Category":"","Description":"","Attributes":1,"ValueType":"System.Guid"},"Value":"00000000-0000-0000-0000-000000000000"},{"Key":{"Id":"ParentExecId","Label":"ParentExecId","Category":"","Description":"","Attributes":1,"ValueType":"System.Guid"},"Value":"00000000-0000-0000-0000-000000000000"},{"Key":{"Id":"InnerResultsCount","Label":"InnerResultsCount","Category":"","Description":"","Attributes":1,"ValueType":"System.Int32"},"Value":0}]},{"TestCase":{"Id":"aef9dec6-1181-fac1-2596-b31421e8da47","FullyQualifiedName":"Unit_Testovi.NoviTestovi.TestZamjenskiObjekat","DisplayName":"TestZamjenskiObjekat","ExecutorUri":"executor://MSTestAdapter/v2","Source":"C:\\Users\\dzene\\Source\\Repos\\VVS-Z2\\Hypo Banka\\Unit Testovi\\bin\\Debug\\fine-code-coverage\\Unit Testovi.dll","CodeFilePath":null,"LineNumber":-1,"Properties":[{"Key":{"Id":"MSTestDiscoverer.TestClassName","Label":"ClassName","Category":"","Description":"","Attributes":1,"ValueType":"System.String"},"Value":"Unit_Testovi.NoviTestovi"},{"Key":{"Id":"TestObject.Traits","Label":"Traits","Category":"","Description":"","Attributes":5,"ValueType":"System.Collections.Generic.KeyValuePair`2[[System.String],[System.String]][]"},"Value":[]}]},"Attachments":[],"Outcome":2,"ErrorMessage":"Test method Unit_Testovi.NoviTestovi.TestZamjenskiObjekat threw exception: \r\nSystem.NotImplementedException: The method or operation is not implemented.","ErrorStackTrace":"    at Hypo_Banka.Zahtjev.DaLiJePovoljan() in C:\\Users\\dzene\\Source\\Repos\\VVS-Z2\\Hypo Banka\\Hypo Banka\\Zahtjev.cs:line 15\r\n   at Hypo_Banka.Banka.OdobriKredit(IZahtjev zahtjev, Kredit kredit) in C:\\Users\\dzene\\Source\\Repos\\VVS-Z2\\Hypo Banka\\Hypo Banka\\Banka.cs:line 107\r\n   at Unit_Testovi.NoviTestovi.TestZamjenskiObjekat() in C:\\Users\\dzene\\Source\\Repos\\VVS-Z2\\Hypo Banka\\Unit Testovi\\NoviTestovi.cs:line 25\r\n","DisplayName":null,"Messages":[],"ComputerName":null,"Duration":"00:00:00.0053541","StartTime":"2020-11-28T22:19:40.303619+01:00","EndTime":"2020-11-28T22:19:40.3095686+01:00","Properties":[{"Key":{"Id":"ExecutionId","Label":"ExecutionId","Category":"","Description":"","Attributes":1,"ValueType":"System.Guid"},"Value":"00000000-0000-0000-0000-000000000000"},{"Key":{"Id":"ParentExecId","Label":"ParentExecId","Category":"","Description":"","Attributes":1,"ValueType":"System.Guid"},"Value":"00000000-0000-0000-0000-000000000000"},{"Key":{"Id":"InnerResultsCount","Label":"InnerResultsCount","Category":"","Description":"","Attributes":1,"ValueType":"System.Int32"},"Value":0}]},{"TestCase":{"Id":"5cf3213e-7f5b-3dd9-a044-6f83efb0a78d","FullyQualifiedName":"Unit_Testovi.NoviTestovi.TestSkidanjaIznosaSRačuna","DisplayName":"TestSkidanjaIznosaSRačuna","ExecutorUri":"executor://MSTestAdapter/v2","Source":"C:\\Users\\dzene\\Source\\Repos\\VVS-Z2\\Hypo Banka\\Unit Testovi\\bin\\Debug\\fine-code-coverage\\Unit Testovi.dll","CodeFilePath":null,"LineNumber":-1,"Properties":[{"Key":{"Id":"MSTestDiscoverer.TestClassName","Label":"ClassName","Category":"","Description":"","Attributes":1,"ValueType":"System.String"},"Value":"Unit_Testovi.NoviTestovi"},{"Key":{"Id":"TestObject.Traits","Label":"Traits","Category":"","Description":"","Attributes":5,"ValueType":"System.Collections.Generic.KeyValuePair`2[[System.String],[System.String]][]"},"Value":[]}]},"Attachments":[],"Outcome":2,"ErrorMessage":"Test method Unit_Testovi.NoviTestovi.TestSkidanjaIznosaSRačuna threw exception: \r\nSystem.NotImplementedException: The method or operation is not implemented.","ErrorStackTrace":"    at Hypo_Banka.Klijent.SkiniIznosSaNekogOdRačuna(Double ukupniIznos) in C:\\Users\\dzene\\Source\\Repos\\VVS-Z2\\Hypo Banka\\Hypo Banka\\Klijent.cs:line 101\r\n   at Unit_Testovi.NoviTestovi.TestSkidanjaIznosaSRačuna() in C:\\Users\\dzene\\Source\\Repos\\VVS-Z2\\Hypo Banka\\Unit Testovi\\NoviTestovi.cs:line 43\r\n","DisplayName":null,"Messages":[],"ComputerName":null,"Duration":"00:00:00.0023014","StartTime":"2020-11-28T22:19:40.3160185+01:00","EndTime":"2020-11-28T22:19:40.3186262+01:00","Properties":[{"Key":{"Id":"ExecutionId","Label":"ExecutionId","Category":"","Description":"","Attributes":1,"ValueType":"System.Guid"},"Value":"00000000-0000-0000-0000-000000000000"},{"Key":{"Id":"ParentExecId","Label":"ParentExecId","Category":"","Description":"","Attributes":1,"ValueType":"System.Guid"},"Value":"00000000-0000-0000-0000-000000000000"},{"Key":{"Id":"InnerResultsCount","Label":"InnerResultsCount","Category":"","Description":"","Attributes":1,"ValueType":"System.Int32"},"Value":0}]},{"TestCase":{"Id":"d1ff441f-0941-1549-c823-437ca7a58d70","FullyQualifiedName":"Unit_Testovi.NoviTestovi.TestSkidanjaIznosaSVišeRačuna","DisplayName":"TestSkidanjaIznosaSVišeRačuna","ExecutorUri":"executor://MSTestAdapter/v2","Source":"C:\\Users\\dzene\\Source\\Repos\\VVS-Z2\\Hypo Banka\\Unit Testovi\\bin\\Debug\\fine-code-coverage\\Unit Testovi.dll","CodeFilePath":null,"LineNumber":-1,"Properties":[{"Key":{"Id":"MSTestDiscoverer.TestClassName","Label":"ClassName","Category":"","Description":"","Attributes":1,"ValueType":"System.String"},"Value":"Unit_Testovi.NoviTestovi"},{"Key":{"Id":"TestObject.Traits","Label":"Traits","Category":"","Description":"","Attributes":5,"ValueType":"System.Collections.Generic.KeyValuePair`2[[System.String],[System.String]][]"},"Value":[]}]},"Attachments":[],"Outcome":2,"ErrorMessage":"Test method Unit_Testovi.NoviTestovi.TestSkidanjaIznosaSVišeRačuna threw exception: \r\nSystem.NotImplementedException: The method or operation is not implemented.","ErrorStackTrace":"    at Hypo_Banka.Klijent.SkiniIznosSaNekogOdRačuna(Double ukupniIznos) in C:\\Users\\dzene\\Source\\Repos\\VVS-Z2\\Hypo Banka\\Hypo Banka\\Klijent.cs:line 101\r\n   at Unit_Testovi.NoviTestovi.TestSkidanjaIznosaSVišeRačuna() in C:\\Users\\dzene\\Source\\Repos\\VVS-Z2\\Hypo Banka\\Unit Testovi\\NoviTestovi.cs:line 62\r\n","DisplayName":null,"Messages":[],"ComputerName":null,"Duration":"00:00:00.0016145","StartTime":"2020-11-28T22:19:40.3252441+01:00","EndTime":"2020-11-28T22:19:40.3272451+01:00","Properties":[{"Key":{"Id":"ExecutionId","Label":"ExecutionId","Category":"","Description":"","Attributes":1,"ValueType":"System.Guid"},"Value":"00000000-0000-0000-0000-000000000000"},{"Key":{"Id":"ParentExecId","Label":"ParentExecId","Category":"","Description":"","Attributes":1,"ValueType":"System.Guid"},"Value":"00000000-0000-0000-0000-000000000000"},{"Key":{"Id":"InnerResultsCount","Label":"InnerResultsCount","Category":"","Description":"","Attributes":1,"ValueType":"System.Int32"},"Value":0}]},{"TestCase":{"Id":"20af2549-b915-3c8e-c4f0-37793dba0a97","FullyQualifiedName":"Unit_Testovi.NoviTestovi.TestSkidanjaIznosaIzuzetak","DisplayName":"TestSkidanjaIznosaIzuzetak","ExecutorUri":"executor://MSTestAdapter/v2","Source":"C:\\Users\\dzene\\Source\\Repos\\VVS-Z2\\Hypo Banka\\Unit Testovi\\bin\\Debug\\fine-code-coverage\\Unit Testovi.dll","CodeFilePath":null,"LineNumber":-1,"Properties":[{"Key":{"Id":"MSTestDiscoverer.TestClassName","Label":"ClassName","Category":"","Description":"","Attributes":1,"ValueType":"System.String"},"Value":"Unit_Testovi.NoviTestovi"},{"Key":{"Id":"TestObject.Traits","Label":"Traits","Category":"","Description":"","Attributes":5,"ValueType":"System.Collections.Generic.KeyValuePair`2[[System.String],[System.String]][]"},"Value":[]}]},"Attachments":[],"Outcome":2,"ErrorMessage":"Test method threw exception System.NotImplementedException, but exception System.InvalidOperationException was expected. Exception message: System.NotImplementedException: The method or operation is not implemented.","ErrorStackTrace":"   at Hypo_Banka.Klijent.SkiniIznosSaNekogOdRačuna(Double ukupniIznos) in C:\\Users\\dzene\\Source\\Repos\\VVS-Z2\\Hypo Banka\\Hypo Banka\\Klijent.cs:line 101\r\n   at Unit_Testovi.NoviTestovi.TestSkidanjaIznosaIzuzetak() in C:\\Users\\dzene\\Source\\Repos\\VVS-Z2\\Hypo Banka\\Unit Testovi\\NoviTestovi.cs:line 85\r\n","DisplayName":null,"Messages":[],"ComputerName":null,"Duration":"00:00:00.0013512","StartTime":"2020-11-28T22:19:40.3333793+01:00","EndTime":"2020-11-28T22:19:40.3351934+01:00","Properties":[{"Key":{"Id":"ExecutionId","Label":"ExecutionId","Category":"","Description":"","Attributes":1,"ValueType":"System.Guid"},"Value":"00000000-0000-0000-0000-000000000000"},{"Key":{"Id":"ParentExecId","Label":"ParentExecId","Category":"","Description":"","Attributes":1,"ValueType":"System.Guid"},"Value":"00000000-0000-0000-0000-000000000000"},{"Key":{"Id":"InnerResultsCount","Label":"InnerResultsCount","Category":"","Description":"","Attributes":1,"ValueType":"System.Int32"},"Value":0}]}],"TestRunStatistics":{"ExecutedTests":17,"Stats":{"Failed":13,"Passed":4}},"ActiveTests":[]},"RunAttachments":[],"ExecutorUris":["executor://mstestadapter/v2"]}}
TpTrace Verbose: 0 : 7580, 4, 2020/11/28, 22:19:40.380, 1340940877586, testhost.dll, BaseRunTests.RunTests: Run is complete.
TpTrace Verbose: 0 : 7580, 9, 2020/11/28, 22:19:40.420, 1340941281122, testhost.dll, TcpClientExtensions.MessageLoopAsync: NotifyDataAvailable remoteEndPoint: [::ffff:127.0.0.1]:56884 localEndPoint: [::ffff:127.0.0.1]:56885
TpTrace Information: 0 : 7580, 9, 2020/11/28, 22:19:40.421, 1340941284640, testhost.dll, TestRequestHandler.ProcessRequests: received message: (TestSession.Terminate) -> null
TpTrace Information: 0 : 7580, 9, 2020/11/28, 22:19:40.421, 1340941286658, testhost.dll, Session End message received from server. Closing the connection.
TpTrace Information: 0 : 7580, 9, 2020/11/28, 22:19:40.422, 1340941295800, testhost.dll, SocketClient.Stop: Stop communication from server endpoint: 127.0.0.1:056884
TpTrace Information: 0 : 7580, 9, 2020/11/28, 22:19:40.422, 1340941298689, testhost.dll, SocketClient: Stop: Cancellation requested. Stopping message loop.
TpTrace Verbose: 0 : 7580, 9, 2020/11/28, 22:19:40.423, 1340941308661, testhost.dll, LengthPrefixCommunicationChannel.Dispose: Dispose reader and writer.
TpTrace Information: 0 : 7580, 9, 2020/11/28, 22:19:40.423, 1340941311413, testhost.dll, Closing the connection !
TpTrace Information: 0 : 7580, 1, 2020/11/28, 22:19:40.424, 1340941313494, testhost.dll, Closing the connection !
TpTrace Information: 0 : 7580, 1, 2020/11/28, 22:19:40.424, 1340941316103, testhost.dll, SocketClient.Stop: Stop communication from server endpoint: 127.0.0.1:056884
TpTrace Information: 0 : 7580, 1, 2020/11/28, 22:19:40.424, 1340941318185, testhost.dll, SocketClient: Stop: Cancellation requested. Stopping message loop.
TpTrace Information: 0 : 7580, 9, 2020/11/28, 22:19:40.424, 1340941318911, testhost.dll, SocketClient.PrivateStop: Stop communication from server endpoint: 127.0.0.1:056884, error:
TpTrace Verbose: 0 : 7580, 1, 2020/11/28, 22:19:40.424, 1340941320484, testhost.dll, LengthPrefixCommunicationChannel.Dispose: Dispose reader and writer.
TpTrace Verbose: 0 : 7580, 9, 2020/11/28, 22:19:40.425, 1340941323969, testhost.dll, LengthPrefixCommunicationChannel.Dispose: Dispose reader and writer.
TpTrace Verbose: 0 : 7580, 9, 2020/11/28, 22:19:40.425, 1340941326379, testhost.dll, TcpClientExtensions.MessageLoopAsync: exiting MessageLoopAsync remoteEndPoint: [::ffff:127.0.0.1]:56884 localEndPoint: [::ffff:127.0.0.1]:56885
TpTrace Information: 0 : 7580, 1, 2020/11/28, 22:19:40.425, 1340941328250, testhost.dll, Testhost process exiting.
