TpTrace Information: 0 : 9496, 1, 2020/11/29, 17:47:48.776, 2041894653437, testhost.dll, DefaultEngineInvoker.Invoke: Testhost process started with args :[--port, 63247],[--endpoint, 127.0.0.1:063247],[--role, client],[--parentprocessid, 8868],[--diag, C:\Users\dzene\Source\Repos\VVS_zadaca2.5\Hypo Banka\Unit Testovi\bin\Debug\fine-code-coverage\_outputfolder\diagnostics.host.20-11-29_17-47-48_02205_5.log],[--tracelevel, 4],[--datacollectionport, 63246],[--telemetryoptedin, false]
TpTrace Information: 0 : 9496, 1, 2020/11/29, 17:47:48.790, 2041894707980, testhost.dll, DefaultEngineInvoker.SetParentProcessExitCallback: Monitoring parent process with id: '8868'
TpTrace Information: 0 : 9496, 1, 2020/11/29, 17:47:48.809, 2041894894166, testhost.dll, DefaultEngineInvoker.GetConnectionInfo: Initialize communication on endpoint address: '127.0.0.1:063247'
TpTrace Information: 0 : 9496, 1, 2020/11/29, 17:47:48.841, 2041895220856, testhost.dll, SocketClient.Start: connecting to server endpoint: 127.0.0.1:063247
TpTrace Information: 0 : 9496, 1, 2020/11/29, 17:47:48.851, 2041895316324, testhost.dll, DefaultEngineInvoker.ConnectToDatacollector: Connecting to datacollector, port: 63246
TpTrace Information: 0 : 9496, 4, 2020/11/29, 17:47:48.856, 2041895366245, testhost.dll, SocketClient.OnServerConnected: connected to server endpoint: 127.0.0.1:063247
TpTrace Verbose: 0 : 9496, 4, 2020/11/29, 17:47:48.860, 2041895407871, testhost.dll, Connected to server, and starting MessageLoopAsync
TpTrace Verbose: 0 : 9496, 9, 2020/11/29, 17:47:48.865, 2041895462163, testhost.dll, TcpClientExtensions.MessageLoopAsync: Polling on remoteEndPoint: [::ffff:127.0.0.1]:63247 localEndPoint: [::ffff:127.0.0.1]:63248
TpTrace Verbose: 0 : 9496, 9, 2020/11/29, 17:47:48.866, 2041895468660, testhost.dll, TcpClientExtensions.MessageLoopAsync: NotifyDataAvailable remoteEndPoint: [::ffff:127.0.0.1]:63247 localEndPoint: [::ffff:127.0.0.1]:63248
TpTrace Information: 0 : 9496, 1, 2020/11/29, 17:47:48.891, 2041895715151, testhost.dll, Trying to connect to server on socket : 127.0.0.1:63246 
TpTrace Verbose: 0 : 9496, 1, 2020/11/29, 17:47:48.892, 2041895724129, testhost.dll, SocketCommunicationManager : SetupClientAsync : Attempting to connect to the server.
TpTrace Information: 0 : 9496, 10, 2020/11/29, 17:47:48.896, 2041895769630, testhost.dll, Connected to the server successfully 
TpTrace Information: 0 : 9496, 10, 2020/11/29, 17:47:48.896, 2041895772596, testhost.dll, Using the buffer size of 16384 bytes
TpTrace Information: 0 : 9496, 1, 2020/11/29, 17:47:48.898, 2041895787130, testhost.dll, DefaultEngineInvoker.Invoke: Start Request Processing.
TpTrace Information: 0 : 9496, 11, 2020/11/29, 17:47:48.900, 2041895804347, testhost.dll, DefaultEngineInvoker.StartProcessingAsync: Connected to vstest.console, Starting process requests.
TpTrace Information: 0 : 9496, 9, 2020/11/29, 17:47:49.138, 2041898188480, testhost.dll, TestRequestHandler.ProcessRequests: received message: (ProtocolVersion) -> 2
TpTrace Verbose: 0 : 9496, 9, 2020/11/29, 17:47:49.211, 2041898917115, testhost.dll, TestRequestHandler.SendData:  sending data from testhost: {"Version":2,"MessageType":"TestSession.Message","Payload":{"MessageLevel":0,"Message":"Logging TestHost Diagnostics in file: C:\\Users\\dzene\\Source\\Repos\\VVS_zadaca2.5\\Hypo Banka\\Unit Testovi\\bin\\Debug\\fine-code-coverage\\_outputfolder\\diagnostics.host.20-11-29_17-47-48_02205_5.log"}}
TpTrace Verbose: 0 : 9496, 9, 2020/11/29, 17:47:49.211, 2041898920707, testhost.dll, TcpClientExtensions.MessageLoopAsync: Polling on remoteEndPoint: [::ffff:127.0.0.1]:63247 localEndPoint: [::ffff:127.0.0.1]:63248
TpTrace Verbose: 0 : 9496, 9, 2020/11/29, 17:47:49.212, 2041898923320, testhost.dll, TcpClientExtensions.MessageLoopAsync: NotifyDataAvailable remoteEndPoint: [::ffff:127.0.0.1]:63247 localEndPoint: [::ffff:127.0.0.1]:63248
TpTrace Information: 0 : 9496, 9, 2020/11/29, 17:47:49.222, 2041899026062, testhost.dll, TestRequestHandler.ProcessRequests: received message: (TestExecution.Initialize) -> [
  "C:\\Users\\dzene\\Source\\Repos\\VVS_zadaca2.5\\Hypo Banka\\Unit Testovi\\bin\\Debug\\fine-code-coverage\\Microsoft.VisualStudio.TestPlatform.MSTest.TestAdapter.dll"
]
TpTrace Information: 0 : 9496, 9, 2020/11/29, 17:47:49.222, 2041899031727, testhost.dll, Execution Session Initialize.
TpTrace Verbose: 0 : 9496, 9, 2020/11/29, 17:47:49.237, 2041899181287, testhost.dll, TcpClientExtensions.MessageLoopAsync: Polling on remoteEndPoint: [::ffff:127.0.0.1]:63247 localEndPoint: [::ffff:127.0.0.1]:63248
TpTrace Verbose: 0 : 9496, 9, 2020/11/29, 17:47:49.238, 2041899184473, testhost.dll, TcpClientExtensions.MessageLoopAsync: NotifyDataAvailable remoteEndPoint: [::ffff:127.0.0.1]:63247 localEndPoint: [::ffff:127.0.0.1]:63248
TpTrace Verbose: 0 : 9496, 5, 2020/11/29, 17:47:49.244, 2041899244991, testhost.dll, TestExecutorService: Loading the extensions
TpTrace Information: 0 : 9496, 9, 2020/11/29, 17:47:49.244, 2041899250689, testhost.dll, TestRequestHandler.ProcessRequests: received message: (TestExecution.StartWithSources) -> {
  "AdapterSourceMap": {
    "_none_": [
      "C:\\Users\\dzene\\Source\\Repos\\VVS_zadaca2.5\\Hypo Banka\\Unit Testovi\\bin\\Debug\\fine-code-coverage\\Unit Testovi.dll"
    ]
  },
  "RunSettings": "<RunSettings>\r\n  <RunConfiguration>\r\n    <ResultsDirectory>C:\\Users\\dzene\\Source\\Repos\\VVS_zadaca2.5\\Hypo Banka\\Unit Testovi\\bin\\Debug\\fine-code-coverage\\_outputfolder</ResultsDirectory>\r\n    <TargetPlatform>X64</TargetPlatform>\r\n    <TargetFrameworkVersion>.NETCoreApp,Version=v3.1</TargetFrameworkVersion>\r\n    <DesignMode>False</DesignMode>\r\n    <CollectSourceInformation>False</CollectSourceInformation>\r\n  </RunConfiguration>\r\n  <LoggerRunSettings>\r\n    <Loggers>\r\n      <Logger friendlyName=\"blame\" enabled=\"True\" />\r\n      <Logger friendlyName=\"Console\" uri=\"logger://microsoft/TestPlatform/ConsoleLogger/v1\" assemblyQualifiedName=\"Microsoft.VisualStudio.TestPlatform.CommandLine.Internal.ConsoleLogger, vstest.console, Version=15.0.0.0, Culture=neutral, PublicKeyToken=b03f5f7f11d50a3a\" codeBase=\"C:\\Program Files\\dotnet\\sdk\\3.1.201\\vstest.console.dll\" enabled=\"True\" />\r\n    </Loggers>\r\n  </LoggerRunSettings>\r\n  <DataCollectionRunSettings>\r\n    <DataCollectors>\r\n      <DataCollector friendlyName=\"blame\" enabled=\"True\">\r\n        <Configuration>\r\n          <ResultsDirectory>C:\\Users\\dzene\\Source\\Repos\\VVS_zadaca2.5\\Hypo Banka\\Unit Testovi\\bin\\Debug\\fine-code-coverage\\_outputfolder</ResultsDirectory>\r\n        </Configuration>\r\n      </DataCollector>\r\n    </DataCollectors>\r\n  </DataCollectionRunSettings>\r\n</RunSettings>",
  "TestExecutionContext": {
    "FrequencyOfRunStatsChangeEvent": 10,
    "RunStatsChangeEventTimeout": "00:00:01.5000000",
    "InIsolation": false,
    "KeepAlive": false,
    "AreTestCaseLevelEventsRequired": false,
    "IsDebug": false,
    "TestCaseFilter": null,
    "FilterOptions": null
  },
  "Package": null
}
TpTrace Information: 0 : 9496, 9, 2020/11/29, 17:47:49.245, 2041899253670, testhost.dll, Execution started.
TpTrace Verbose: 0 : 9496, 5, 2020/11/29, 17:47:49.247, 2041899280841, testhost.dll, TestPluginCache.DiscoverTestExtensions: finding test extensions in assemblies endswith: TestAdapter.dll TPluginInfo: Microsoft.VisualStudio.TestPlatform.Common.ExtensionFramework.Utilities.TestExecutorPluginInformation TExtension: Microsoft.VisualStudio.TestPlatform.ObjectModel.Adapter.ITestExecutor
TpTrace Verbose: 0 : 9496, 5, 2020/11/29, 17:47:49.249, 2041899302385, testhost.dll, TestPluginCache.GetExtensionPaths: Filtered extension paths: 
TpTrace Verbose: 0 : 9496, 5, 2020/11/29, 17:47:49.250, 2041899309751, testhost.dll, TestPluginCache.GetExtensionPaths: Added default extension paths: C:\Users\dzene\Source\Repos\VVS_zadaca2.5\Hypo Banka\Unit Testovi\bin\Debug\fine-code-coverage\Microsoft.VisualStudio.TestPlatform.MSTest.TestAdapter.dll
TpTrace Verbose: 0 : 9496, 5, 2020/11/29, 17:47:49.250, 2041899311567, testhost.dll, TestPluginCache.GetExtensionPaths: Added unfilterableExtensionPaths: 
TpTrace Information: 0 : 9496, 5, 2020/11/29, 17:47:49.255, 2041899361730, testhost.dll, AssemblyResolver.ctor: Creating AssemblyResolver with searchDirectories C:\Users\dzene\Source\Repos\VVS_zadaca2.5\Hypo Banka\Unit Testovi\bin\Debug\fine-code-coverage
TpTrace Verbose: 0 : 9496, 5, 2020/11/29, 17:47:49.259, 2041899396738, testhost.dll, TestPluginCache.DiscoverTestExtensions: Discovering the extensions using extension path.
TpTrace Verbose: 0 : 9496, 5, 2020/11/29, 17:47:49.259, 2041899399589, testhost.dll, TestPluginCache.GetExtensionPaths: Filtered extension paths: 
TpTrace Verbose: 0 : 9496, 5, 2020/11/29, 17:47:49.259, 2041899401125, testhost.dll, TestPluginCache.GetExtensionPaths: Added default extension paths: C:\Users\dzene\Source\Repos\VVS_zadaca2.5\Hypo Banka\Unit Testovi\bin\Debug\fine-code-coverage\Microsoft.VisualStudio.TestPlatform.MSTest.TestAdapter.dll
TpTrace Verbose: 0 : 9496, 5, 2020/11/29, 17:47:49.259, 2041899402550, testhost.dll, TestPluginCache.GetExtensionPaths: Added unfilterableExtensionPaths: 
TpTrace Verbose: 0 : 9496, 5, 2020/11/29, 17:47:49.260, 2041899404434, testhost.dll, TestPluginCache.DiscoverTestExtensions: Discovering the extensions using allExtensionPaths: C:\Users\dzene\Source\Repos\VVS_zadaca2.5\Hypo Banka\Unit Testovi\bin\Debug\fine-code-coverage\Microsoft.VisualStudio.TestPlatform.MSTest.TestAdapter.dll
TpTrace Information: 0 : 9496, 5, 2020/11/29, 17:47:49.261, 2041899422324, testhost.dll, AssemblyResolver.AddSearchDirectories: Adding more searchDirectories C:\Users\dzene\Source\Repos\VVS_zadaca2.5\Hypo Banka\Unit Testovi\bin\Debug\fine-code-coverage
TpTrace Information: 0 : 9496, 5, 2020/11/29, 17:47:49.272, 2041899528653, testhost.dll, AssemblyResolver.OnResolve: Microsoft.VisualStudio.TestPlatform.MSTest.TestAdapter: Resolving assembly.
TpTrace Information: 0 : 9496, 5, 2020/11/29, 17:47:49.275, 2041899561645, testhost.dll, AssemblyResolver.OnResolve: Resolved assembly: Microsoft.VisualStudio.TestPlatform.MSTest.TestAdapter, from path: C:\Users\dzene\Source\Repos\VVS_zadaca2.5\Hypo Banka\Unit Testovi\bin\Debug\fine-code-coverage\Microsoft.VisualStudio.TestPlatform.MSTest.TestAdapter.dll
TpTrace Information: 0 : 9496, 5, 2020/11/29, 17:47:49.279, 2041899600034, testhost.dll, AssemblyResolver.OnResolve: Microsoft.VisualStudio.TestPlatform.MSTestAdapter.PlatformServices.Interface: Resolving assembly.
TpTrace Information: 0 : 9496, 5, 2020/11/29, 17:47:49.281, 2041899621251, testhost.dll, AssemblyResolver.OnResolve: Resolved assembly: Microsoft.VisualStudio.TestPlatform.MSTestAdapter.PlatformServices.Interface, from path: C:\Users\dzene\Source\Repos\VVS_zadaca2.5\Hypo Banka\Unit Testovi\bin\Debug\fine-code-coverage\Microsoft.VisualStudio.TestPlatform.MSTestAdapter.PlatformServices.Interface.dll
TpTrace Information: 0 : 9496, 5, 2020/11/29, 17:47:49.282, 2041899629267, testhost.dll, AssemblyResolver.OnResolve: Microsoft.VisualStudio.TestPlatform.MSTestAdapter.PlatformServices: Resolving assembly.
TpTrace Information: 0 : 9496, 5, 2020/11/29, 17:47:49.284, 2041899645817, testhost.dll, AssemblyResolver.OnResolve: Resolved assembly: Microsoft.VisualStudio.TestPlatform.MSTestAdapter.PlatformServices, from path: C:\Users\dzene\Source\Repos\VVS_zadaca2.5\Hypo Banka\Unit Testovi\bin\Debug\fine-code-coverage\Microsoft.VisualStudio.TestPlatform.MSTestAdapter.PlatformServices.dll
TpTrace Verbose: 0 : 9496, 5, 2020/11/29, 17:47:49.299, 2041899797470, testhost.dll, TestPluginCache: Discovered the extensions using extension path ''.
TpTrace Verbose: 0 : 9496, 5, 2020/11/29, 17:47:49.300, 2041899806583, testhost.dll, TestPluginCache: Discoverers are ''.
TpTrace Verbose: 0 : 9496, 5, 2020/11/29, 17:47:49.300, 2041899808809, testhost.dll, TestPluginCache: Executors are 'executor://MSTestAdapter/v2'.
TpTrace Verbose: 0 : 9496, 5, 2020/11/29, 17:47:49.300, 2041899811117, testhost.dll, TestPluginCache: Setting providers are ''.
TpTrace Verbose: 0 : 9496, 5, 2020/11/29, 17:47:49.301, 2041899813206, testhost.dll, TestPluginCache: Loggers are ''.
TpTrace Information: 0 : 9496, 5, 2020/11/29, 17:47:49.314, 2041899945128, testhost.dll, TestPluginManager.CreateTestExtension: Attempting to load test extension: Microsoft.VisualStudio.TestPlatform.MSTest.TestAdapter.MSTestExecutor
TpTrace Verbose: 0 : 9496, 5, 2020/11/29, 17:47:49.321, 2041900016879, testhost.dll, TestExecutorExtensionManager: Loading executor Microsoft.VisualStudio.TestPlatform.MSTest.TestAdapter.MSTestExecutor
TpTrace Verbose: 0 : 9496, 5, 2020/11/29, 17:47:49.321, 2041900018818, testhost.dll, TestExecutorService: Loaded the executors
TpTrace Verbose: 0 : 9496, 5, 2020/11/29, 17:47:49.323, 2041900035316, testhost.dll, TestPluginCache.DiscoverTestExtensions: finding test extensions in assemblies endswith: TestAdapter.dll TPluginInfo: Microsoft.VisualStudio.TestPlatform.Common.ExtensionFramework.Utilities.TestSettingsProviderPluginInformation TExtension: Microsoft.VisualStudio.TestPlatform.ObjectModel.Adapter.ISettingsProvider
TpTrace Verbose: 0 : 9496, 5, 2020/11/29, 17:47:49.323, 2041900041411, testhost.dll, TestPluginCache.GetExtensionPaths: Filtered extension paths: 
TpTrace Verbose: 0 : 9496, 5, 2020/11/29, 17:47:49.323, 2041900042856, testhost.dll, TestPluginCache.GetExtensionPaths: Added default extension paths: C:\Users\dzene\Source\Repos\VVS_zadaca2.5\Hypo Banka\Unit Testovi\bin\Debug\fine-code-coverage\Microsoft.VisualStudio.TestPlatform.MSTest.TestAdapter.dll
TpTrace Verbose: 0 : 9496, 5, 2020/11/29, 17:47:49.324, 2041900044088, testhost.dll, TestPluginCache.GetExtensionPaths: Added unfilterableExtensionPaths: 
TpTrace Information: 0 : 9496, 5, 2020/11/29, 17:47:49.324, 2041900047498, testhost.dll, AssemblyResolver.AddSearchDirectories: Adding more searchDirectories C:\Users\dzene\Source\Repos\VVS_zadaca2.5\Hypo Banka\Unit Testovi\bin\Debug\fine-code-coverage
TpTrace Verbose: 0 : 9496, 5, 2020/11/29, 17:47:49.324, 2041900049048, testhost.dll, TestPluginCache.DiscoverTestExtensions: Discovering the extensions using extension path.
TpTrace Verbose: 0 : 9496, 5, 2020/11/29, 17:47:49.324, 2041900050258, testhost.dll, TestPluginCache.GetExtensionPaths: Filtered extension paths: 
TpTrace Verbose: 0 : 9496, 5, 2020/11/29, 17:47:49.324, 2041900051389, testhost.dll, TestPluginCache.GetExtensionPaths: Added default extension paths: C:\Users\dzene\Source\Repos\VVS_zadaca2.5\Hypo Banka\Unit Testovi\bin\Debug\fine-code-coverage\Microsoft.VisualStudio.TestPlatform.MSTest.TestAdapter.dll
TpTrace Verbose: 0 : 9496, 5, 2020/11/29, 17:47:49.324, 2041900052500, testhost.dll, TestPluginCache.GetExtensionPaths: Added unfilterableExtensionPaths: 
TpTrace Verbose: 0 : 9496, 5, 2020/11/29, 17:47:49.325, 2041900053652, testhost.dll, TestPluginCache.DiscoverTestExtensions: Discovering the extensions using allExtensionPaths: C:\Users\dzene\Source\Repos\VVS_zadaca2.5\Hypo Banka\Unit Testovi\bin\Debug\fine-code-coverage\Microsoft.VisualStudio.TestPlatform.MSTest.TestAdapter.dll
TpTrace Information: 0 : 9496, 5, 2020/11/29, 17:47:49.325, 2041900054990, testhost.dll, AssemblyResolver.AddSearchDirectories: Adding more searchDirectories C:\Users\dzene\Source\Repos\VVS_zadaca2.5\Hypo Banka\Unit Testovi\bin\Debug\fine-code-coverage
TpTrace Verbose: 0 : 9496, 5, 2020/11/29, 17:47:49.325, 2041900060701, testhost.dll, TestPluginCache: Discovered the extensions using extension path ''.
TpTrace Verbose: 0 : 9496, 5, 2020/11/29, 17:47:49.325, 2041900062099, testhost.dll, TestPluginCache: Discoverers are ''.
TpTrace Verbose: 0 : 9496, 5, 2020/11/29, 17:47:49.326, 2041900063455, testhost.dll, TestPluginCache: Executors are 'executor://MSTestAdapter/v2'.
TpTrace Verbose: 0 : 9496, 5, 2020/11/29, 17:47:49.326, 2041900065209, testhost.dll, TestPluginCache: Setting providers are ''.
TpTrace Verbose: 0 : 9496, 5, 2020/11/29, 17:47:49.326, 2041900066611, testhost.dll, TestPluginCache: Loggers are ''.
TpTrace Verbose: 0 : 9496, 5, 2020/11/29, 17:47:49.328, 2041900085066, testhost.dll, TestExecutorService: Loaded the settings providers
TpTrace Information: 0 : 9496, 5, 2020/11/29, 17:47:49.328, 2041900087010, testhost.dll, TestExecutorService: Loaded the extensions
TpTrace Verbose: 0 : 9496, 9, 2020/11/29, 17:47:49.347, 2041900281024, testhost.dll, TcpClientExtensions.MessageLoopAsync: Polling on remoteEndPoint: [::ffff:127.0.0.1]:63247 localEndPoint: [::ffff:127.0.0.1]:63248
TpTrace Information: 0 : 9496, 5, 2020/11/29, 17:47:49.686, 2041903672992, testhost.dll, TestDiscoveryManager: Discovering tests from sources C:\Users\dzene\Source\Repos\VVS_zadaca2.5\Hypo Banka\Unit Testovi\bin\Debug\fine-code-coverage\Unit Testovi.dll
TpTrace Verbose: 0 : 9496, 5, 2020/11/29, 17:47:49.691, 2041903714029, testhost.dll, TestPluginCache.DiscoverTestExtensions: finding test extensions in assemblies endswith: TestAdapter.dll TPluginInfo: Microsoft.VisualStudio.TestPlatform.Common.ExtensionFramework.Utilities.TestDiscovererPluginInformation TExtension: Microsoft.VisualStudio.TestPlatform.ObjectModel.Adapter.ITestDiscoverer
TpTrace Verbose: 0 : 9496, 5, 2020/11/29, 17:47:49.691, 2041903717128, testhost.dll, TestPluginCache.GetExtensionPaths: Filtered extension paths: 
TpTrace Verbose: 0 : 9496, 5, 2020/11/29, 17:47:49.691, 2041903718488, testhost.dll, TestPluginCache.GetExtensionPaths: Added default extension paths: C:\Users\dzene\Source\Repos\VVS_zadaca2.5\Hypo Banka\Unit Testovi\bin\Debug\fine-code-coverage\Microsoft.VisualStudio.TestPlatform.MSTest.TestAdapter.dll
TpTrace Verbose: 0 : 9496, 5, 2020/11/29, 17:47:49.691, 2041903719643, testhost.dll, TestPluginCache.GetExtensionPaths: Added unfilterableExtensionPaths: 
TpTrace Information: 0 : 9496, 5, 2020/11/29, 17:47:49.692, 2041903723050, testhost.dll, AssemblyResolver.AddSearchDirectories: Adding more searchDirectories C:\Users\dzene\Source\Repos\VVS_zadaca2.5\Hypo Banka\Unit Testovi\bin\Debug\fine-code-coverage
TpTrace Verbose: 0 : 9496, 5, 2020/11/29, 17:47:49.692, 2041903724569, testhost.dll, TestPluginCache.DiscoverTestExtensions: Discovering the extensions using extension path.
TpTrace Verbose: 0 : 9496, 5, 2020/11/29, 17:47:49.692, 2041903725808, testhost.dll, TestPluginCache.GetExtensionPaths: Filtered extension paths: 
TpTrace Verbose: 0 : 9496, 5, 2020/11/29, 17:47:49.692, 2041903726937, testhost.dll, TestPluginCache.GetExtensionPaths: Added default extension paths: C:\Users\dzene\Source\Repos\VVS_zadaca2.5\Hypo Banka\Unit Testovi\bin\Debug\fine-code-coverage\Microsoft.VisualStudio.TestPlatform.MSTest.TestAdapter.dll
TpTrace Verbose: 0 : 9496, 5, 2020/11/29, 17:47:49.692, 2041903728041, testhost.dll, TestPluginCache.GetExtensionPaths: Added unfilterableExtensionPaths: 
TpTrace Verbose: 0 : 9496, 5, 2020/11/29, 17:47:49.692, 2041903729387, testhost.dll, TestPluginCache.DiscoverTestExtensions: Discovering the extensions using allExtensionPaths: C:\Users\dzene\Source\Repos\VVS_zadaca2.5\Hypo Banka\Unit Testovi\bin\Debug\fine-code-coverage\Microsoft.VisualStudio.TestPlatform.MSTest.TestAdapter.dll
TpTrace Information: 0 : 9496, 5, 2020/11/29, 17:47:49.692, 2041903730806, testhost.dll, AssemblyResolver.AddSearchDirectories: Adding more searchDirectories C:\Users\dzene\Source\Repos\VVS_zadaca2.5\Hypo Banka\Unit Testovi\bin\Debug\fine-code-coverage
TpTrace Verbose: 0 : 9496, 5, 2020/11/29, 17:47:49.697, 2041903774740, testhost.dll, TestPluginCache: Discovered the extensions using extension path ''.
TpTrace Verbose: 0 : 9496, 5, 2020/11/29, 17:47:49.697, 2041903776677, testhost.dll, TestPluginCache: Discoverers are 'Microsoft.VisualStudio.TestPlatform.MSTest.TestAdapter.MSTestDiscoverer, Microsoft.VisualStudio.TestPlatform.MSTest.TestAdapter, Version=14.0.0.0, Culture=neutral, PublicKeyToken=b03f5f7f11d50a3a'.
TpTrace Verbose: 0 : 9496, 5, 2020/11/29, 17:47:49.697, 2041903777996, testhost.dll, TestPluginCache: Executors are 'executor://MSTestAdapter/v2'.
TpTrace Verbose: 0 : 9496, 5, 2020/11/29, 17:47:49.697, 2041903779175, testhost.dll, TestPluginCache: Setting providers are ''.
TpTrace Verbose: 0 : 9496, 5, 2020/11/29, 17:47:49.697, 2041903780306, testhost.dll, TestPluginCache: Loggers are ''.
TpTrace Verbose: 0 : 9496, 5, 2020/11/29, 17:47:49.774, 2041904550511, testhost.dll, BaseRunTests.RunTestInternalWithExecutors: Running tests for executor://MSTestAdapter/v2
TpTrace Information: 0 : 9496, 5, 2020/11/29, 17:47:49.900, 2041905812484, testhost.dll, AssemblyResolver.OnResolve: Microsoft.VisualStudio.TestPlatform.MSTestAdapter.PlatformServices.resources: Resolving assembly.
TpTrace Information: 0 : 9496, 5, 2020/11/29, 17:47:49.901, 2041905816324, testhost.dll, AssemblyResolver.OnResolve: Microsoft.VisualStudio.TestPlatform.MSTestAdapter.PlatformServices.resources: Failed to load assembly.
TpTrace Information: 0 : 9496, 5, 2020/11/29, 17:47:49.902, 2041905826966, testhost.dll, AssemblyResolver.OnResolve: Microsoft.VisualStudio.TestPlatform.MSTestAdapter.PlatformServices.resources: Resolving assembly.
TpTrace Information: 0 : 9496, 5, 2020/11/29, 17:47:49.902, 2041905829758, testhost.dll, AssemblyResolver.OnResolve: Microsoft.VisualStudio.TestPlatform.MSTestAdapter.PlatformServices.resources: Resolved from cache.
TpTrace Verbose: 0 : 9496, 5, 2020/11/29, 17:47:49.932, 2041906130172, testhost.dll, TestExecutionRecorder.RecordStart: Starting test: Unit_Testovi.BankaTests.BankaTest.
TpTrace Verbose: 0 : 9496, 9, 2020/11/29, 17:47:50.347, 2041910280648, testhost.dll, TcpClientExtensions.MessageLoopAsync: Polling on remoteEndPoint: [::ffff:127.0.0.1]:63247 localEndPoint: [::ffff:127.0.0.1]:63248
TpTrace Information: 0 : 9496, 5, 2020/11/29, 17:47:50.558, 2041912392744, testhost.dll, AssemblyResolver.OnResolve: Microsoft.VisualStudio.TestPlatform.TestFramework.resources: Resolving assembly.
TpTrace Information: 0 : 9496, 5, 2020/11/29, 17:47:50.560, 2041912407644, testhost.dll, AssemblyResolver.OnResolve: Microsoft.VisualStudio.TestPlatform.TestFramework.resources: Failed to load assembly.
TpTrace Verbose: 0 : 9496, 5, 2020/11/29, 17:47:51.058, 2041917383878, testhost.dll, TestExecutionRecorder.RecordEnd: test: Unit_Testovi.BankaTests.BankaTest execution completed.
TpTrace Verbose: 0 : 9496, 9, 2020/11/29, 17:47:51.462, 2041921427450, testhost.dll, TcpClientExtensions.MessageLoopAsync: Polling on remoteEndPoint: [::ffff:127.0.0.1]:63247 localEndPoint: [::ffff:127.0.0.1]:63248
TpTrace Verbose: 0 : 9496, 5, 2020/11/29, 17:47:51.679, 2041923598605, testhost.dll, TestExecutionRecorder.RecordResult: Received result for test: Unit_Testovi.BankaTests.BankaTest.
TpTrace Warning: 0 : 9496, 5, 2020/11/29, 17:47:51.692, 2041923731292, testhost.dll, InProgressTests is null
TpTrace Warning: 0 : 9496, 5, 2020/11/29, 17:47:51.697, 2041923781154, testhost.dll, TestRunCache: No test found corresponding to testResult 'BankaTest   Failed
  Message: Assert.Fail failed. 
  StackTrace:
   at Unit_Testovi.BankaTests.BankaTest() in C:\Users\dzene\Source\Repos\VVS_zadaca2.5\Hypo Banka\Unit Testovi\BankaTests.cs:line 15
' in inProgress list.
TpTrace Verbose: 0 : 9496, 5, 2020/11/29, 17:47:51.698, 2041923785186, testhost.dll, TestExecutionRecorder.RecordStart: Starting test: Unit_Testovi.BankaTests.RadSaKlijentomTest.
TpTrace Information: 0 : 9496, 5, 2020/11/29, 17:47:51.702, 2041923829699, testhost.dll, Sending test run statistics
TpTrace Verbose: 0 : 9496, 5, 2020/11/29, 17:47:52.045, 2041927260785, testhost.dll, TestRequestHandler.SendData:  sending data from testhost: {"Version":2,"MessageType":"TestExecution.StatsChange","Payload":{"NewTestResults":[{"TestCase":{"Id":"c2245ec7-612e-2eb7-dda6-a997213d66f7","FullyQualifiedName":"Unit_Testovi.BankaTests.BankaTest","DisplayName":"BankaTest","ExecutorUri":"executor://MSTestAdapter/v2","Source":"C:\\Users\\dzene\\Source\\Repos\\VVS_zadaca2.5\\Hypo Banka\\Unit Testovi\\bin\\Debug\\fine-code-coverage\\Unit Testovi.dll","CodeFilePath":null,"LineNumber":-1,"Properties":[{"Key":{"Id":"MSTestDiscoverer.TestClassName","Label":"ClassName","Category":"","Description":"","Attributes":1,"ValueType":"System.String"},"Value":"Unit_Testovi.BankaTests"},{"Key":{"Id":"TestObject.Traits","Label":"Traits","Category":"","Description":"","Attributes":5,"ValueType":"System.Collections.Generic.KeyValuePair`2[[System.String],[System.String]][]"},"Value":[]}]},"Attachments":[],"Outcome":2,"ErrorMessage":"Assert.Fail failed. ","ErrorStackTrace":"   at Unit_Testovi.BankaTests.BankaTest() in C:\\Users\\dzene\\Source\\Repos\\VVS_zadaca2.5\\Hypo Banka\\Unit Testovi\\BankaTests.cs:line 15\r\n","DisplayName":null,"Messages":[],"ComputerName":null,"Duration":"00:00:00.4770949","StartTime":"2020-11-29T17:47:50.4843998+01:00","EndTime":"2020-11-29T17:47:51.0396303+01:00","Properties":[{"Key":{"Id":"ExecutionId","Label":"ExecutionId","Category":"","Description":"","Attributes":1,"ValueType":"System.Guid"},"Value":"00000000-0000-0000-0000-000000000000"},{"Key":{"Id":"ParentExecId","Label":"ParentExecId","Category":"","Description":"","Attributes":1,"ValueType":"System.Guid"},"Value":"00000000-0000-0000-0000-000000000000"},{"Key":{"Id":"InnerResultsCount","Label":"InnerResultsCount","Category":"","Description":"","Attributes":1,"ValueType":"System.Int32"},"Value":0}]}],"TestRunStatistics":{"ExecutedTests":1,"Stats":{"Failed":1}},"ActiveTests":[{"Id":"4e520575-537d-a0ef-c811-6619e214ccff","FullyQualifiedName":"Unit_Testovi.BankaTests.RadSaKlijentomTest","DisplayName":"RadSaKlijentomTest","ExecutorUri":"executor://MSTestAdapter/v2","Source":"C:\\Users\\dzene\\Source\\Repos\\VVS_zadaca2.5\\Hypo Banka\\Unit Testovi\\bin\\Debug\\fine-code-coverage\\Unit Testovi.dll","CodeFilePath":null,"LineNumber":-1,"Properties":[{"Key":{"Id":"MSTestDiscoverer.TestClassName","Label":"ClassName","Category":"","Description":"","Attributes":1,"ValueType":"System.String"},"Value":"Unit_Testovi.BankaTests"},{"Key":{"Id":"TestObject.Traits","Label":"Traits","Category":"","Description":"","Attributes":5,"ValueType":"System.Collections.Generic.KeyValuePair`2[[System.String],[System.String]][]"},"Value":[]}]}]}}
TpTrace Verbose: 0 : 9496, 5, 2020/11/29, 17:47:52.046, 2041927269693, testhost.dll, TestRunCache: OnNewTestResult: Notified the onCacheHit callback.
TpTrace Verbose: 0 : 9496, 5, 2020/11/29, 17:47:52.059, 2041927397659, testhost.dll, TestExecutionRecorder.RecordEnd: test: Unit_Testovi.BankaTests.RadSaKlijentomTest execution completed.
TpTrace Warning: 0 : 9496, 5, 2020/11/29, 17:47:52.059, 2041927400329, testhost.dll, InProgressTests is null
TpTrace Verbose: 0 : 9496, 5, 2020/11/29, 17:47:52.067, 2041927478359, testhost.dll, TestExecutionRecorder.RecordResult: Received result for test: Unit_Testovi.BankaTests.RadSaKlijentomTest.
TpTrace Warning: 0 : 9496, 5, 2020/11/29, 17:47:52.067, 2041927481770, testhost.dll, InProgressTests is null
TpTrace Warning: 0 : 9496, 5, 2020/11/29, 17:47:52.068, 2041927485069, testhost.dll, TestRunCache: No test found corresponding to testResult 'RadSaKlijentomTest  Failed
  Message: Assert.Fail failed. 
  StackTrace:
   at Unit_Testovi.BankaTests.RadSaKlijentomTest() in C:\Users\dzene\Source\Repos\VVS_zadaca2.5\Hypo Banka\Unit Testovi\BankaTests.cs:line 21
' in inProgress list.
TpTrace Verbose: 0 : 9496, 5, 2020/11/29, 17:47:52.068, 2041927488734, testhost.dll, TestExecutionRecorder.RecordStart: Starting test: Unit_Testovi.BankaTests.OtvaranjeNovogRačunaTest.
TpTrace Verbose: 0 : 9496, 5, 2020/11/29, 17:47:52.111, 2041927914082, testhost.dll, TestExecutionRecorder.RecordEnd: test: Unit_Testovi.BankaTests.OtvaranjeNovogRačunaTest execution completed.
TpTrace Verbose: 0 : 9496, 5, 2020/11/29, 17:47:52.114, 2041927948277, testhost.dll, TestExecutionRecorder.RecordResult: Received result for test: Unit_Testovi.BankaTests.OtvaranjeNovogRačunaTest.
TpTrace Warning: 0 : 9496, 5, 2020/11/29, 17:47:52.114, 2041927950917, testhost.dll, InProgressTests is null
TpTrace Warning: 0 : 9496, 5, 2020/11/29, 17:47:52.114, 2041927952878, testhost.dll, TestRunCache: No test found corresponding to testResult 'OtvaranjeNovogRačunaTest  Failed
  Message: Assert.Fail failed. 
  StackTrace:
   at Unit_Testovi.BankaTests.OtvaranjeNovogRačunaTest() in C:\Users\dzene\Source\Repos\VVS_zadaca2.5\Hypo Banka\Unit Testovi\BankaTests.cs:line 27
' in inProgress list.
TpTrace Verbose: 0 : 9496, 5, 2020/11/29, 17:47:52.116, 2041927969942, testhost.dll, TestExecutionRecorder.RecordStart: Starting test: Unit_Testovi.BankaTests.KlijentiSBlokiranimRačunimaTest.
TpTrace Verbose: 0 : 9496, 5, 2020/11/29, 17:47:52.191, 2041928713614, testhost.dll, TestExecutionRecorder.RecordEnd: test: Unit_Testovi.BankaTests.KlijentiSBlokiranimRačunimaTest execution completed.
TpTrace Verbose: 0 : 9496, 5, 2020/11/29, 17:47:52.195, 2041928758161, testhost.dll, TestExecutionRecorder.RecordResult: Received result for test: Unit_Testovi.BankaTests.KlijentiSBlokiranimRačunimaTest.
TpTrace Warning: 0 : 9496, 5, 2020/11/29, 17:47:52.195, 2041928762399, testhost.dll, InProgressTests is null
TpTrace Warning: 0 : 9496, 5, 2020/11/29, 17:47:52.196, 2041928769270, testhost.dll, TestRunCache: No test found corresponding to testResult 'KlijentiSBlokiranimRačunimaTest  Passed' in inProgress list.
TpTrace Verbose: 0 : 9496, 5, 2020/11/29, 17:47:52.197, 2041928773009, testhost.dll, TestExecutionRecorder.RecordStart: Starting test: Unit_Testovi.BankaTests.PraznaListaKlijentiSBlokiranimRačunimaTest.
TpTrace Verbose: 0 : 9496, 5, 2020/11/29, 17:47:52.277, 2041929575827, testhost.dll, TestExecutionRecorder.RecordEnd: test: Unit_Testovi.BankaTests.PraznaListaKlijentiSBlokiranimRačunimaTest execution completed.
TpTrace Verbose: 0 : 9496, 5, 2020/11/29, 17:47:52.282, 2041929623174, testhost.dll, TestExecutionRecorder.RecordResult: Received result for test: Unit_Testovi.BankaTests.PraznaListaKlijentiSBlokiranimRačunimaTest.
TpTrace Warning: 0 : 9496, 5, 2020/11/29, 17:47:52.282, 2041929629097, testhost.dll, InProgressTests is null
TpTrace Warning: 0 : 9496, 5, 2020/11/29, 17:47:52.282, 2041929632129, testhost.dll, TestRunCache: No test found corresponding to testResult 'PraznaListaKlijentiSBlokiranimRačunimaTest  Passed' in inProgress list.
TpTrace Verbose: 0 : 9496, 5, 2020/11/29, 17:47:52.283, 2041929635177, testhost.dll, TestExecutionRecorder.RecordStart: Starting test: Unit_Testovi.BankaTests.PraznaListaKlijentiSBlokiranimRačunimaTest2.
TpTrace Verbose: 0 : 9496, 5, 2020/11/29, 17:47:52.289, 2041929701785, testhost.dll, TestExecutionRecorder.RecordEnd: test: Unit_Testovi.BankaTests.PraznaListaKlijentiSBlokiranimRačunimaTest2 execution completed.
TpTrace Verbose: 0 : 9496, 5, 2020/11/29, 17:47:52.293, 2041929734235, testhost.dll, TestExecutionRecorder.RecordResult: Received result for test: Unit_Testovi.BankaTests.PraznaListaKlijentiSBlokiranimRačunimaTest2.
TpTrace Warning: 0 : 9496, 5, 2020/11/29, 17:47:52.293, 2041929737957, testhost.dll, InProgressTests is null
TpTrace Warning: 0 : 9496, 5, 2020/11/29, 17:47:52.293, 2041929740048, testhost.dll, TestRunCache: No test found corresponding to testResult 'PraznaListaKlijentiSBlokiranimRačunimaTest2  Passed' in inProgress list.
TpTrace Verbose: 0 : 9496, 5, 2020/11/29, 17:47:52.293, 2041929742232, testhost.dll, TestExecutionRecorder.RecordStart: Starting test: Unit_Testovi.BankaTests.PraznaListaKlijentiSBlokiranimRačunimaTest3.
TpTrace Verbose: 0 : 9496, 5, 2020/11/29, 17:47:52.298, 2041929789873, testhost.dll, TestExecutionRecorder.RecordEnd: test: Unit_Testovi.BankaTests.PraznaListaKlijentiSBlokiranimRačunimaTest3 execution completed.
TpTrace Verbose: 0 : 9496, 5, 2020/11/29, 17:47:52.302, 2041929825522, testhost.dll, TestExecutionRecorder.RecordResult: Received result for test: Unit_Testovi.BankaTests.PraznaListaKlijentiSBlokiranimRačunimaTest3.
TpTrace Warning: 0 : 9496, 5, 2020/11/29, 17:47:52.302, 2041929828489, testhost.dll, InProgressTests is null
TpTrace Warning: 0 : 9496, 5, 2020/11/29, 17:47:52.302, 2041929830498, testhost.dll, TestRunCache: No test found corresponding to testResult 'PraznaListaKlijentiSBlokiranimRačunimaTest3  Passed' in inProgress list.
TpTrace Verbose: 0 : 9496, 5, 2020/11/29, 17:47:52.302, 2041929832544, testhost.dll, TestExecutionRecorder.RecordStart: Starting test: Unit_Testovi.BankaTests.DajKreditTest.
TpTrace Verbose: 0 : 9496, 5, 2020/11/29, 17:47:52.307, 2041929874996, testhost.dll, TestExecutionRecorder.RecordEnd: test: Unit_Testovi.BankaTests.DajKreditTest execution completed.
TpTrace Verbose: 0 : 9496, 5, 2020/11/29, 17:47:52.310, 2041929907614, testhost.dll, TestExecutionRecorder.RecordResult: Received result for test: Unit_Testovi.BankaTests.DajKreditTest.
TpTrace Warning: 0 : 9496, 5, 2020/11/29, 17:47:52.310, 2041929912511, testhost.dll, InProgressTests is null
TpTrace Warning: 0 : 9496, 5, 2020/11/29, 17:47:52.311, 2041929914802, testhost.dll, TestRunCache: No test found corresponding to testResult 'DajKreditTest  Failed
  Message: Assert.Fail failed. 
  StackTrace:
   at Unit_Testovi.BankaTests.DajKreditTest() in C:\Users\dzene\Source\Repos\VVS_zadaca2.5\Hypo Banka\Unit Testovi\BankaTests.cs:line 109
' in inProgress list.
TpTrace Verbose: 0 : 9496, 5, 2020/11/29, 17:47:52.311, 2041929917868, testhost.dll, TestExecutionRecorder.RecordStart: Starting test: Unit_Testovi.BankaTests.OdobriKreditTest.
TpTrace Verbose: 0 : 9496, 5, 2020/11/29, 17:47:52.316, 2041929963425, testhost.dll, TestExecutionRecorder.RecordEnd: test: Unit_Testovi.BankaTests.OdobriKreditTest execution completed.
TpTrace Verbose: 0 : 9496, 5, 2020/11/29, 17:47:52.319, 2041930002155, testhost.dll, TestExecutionRecorder.RecordResult: Received result for test: Unit_Testovi.BankaTests.OdobriKreditTest.
TpTrace Warning: 0 : 9496, 5, 2020/11/29, 17:47:52.320, 2041930005121, testhost.dll, InProgressTests is null
TpTrace Warning: 0 : 9496, 5, 2020/11/29, 17:47:52.320, 2041930008464, testhost.dll, TestRunCache: No test found corresponding to testResult 'OdobriKreditTest  Failed
  Message: Assert.Fail failed. 
  StackTrace:
   at Unit_Testovi.BankaTests.OdobriKreditTest() in C:\Users\dzene\Source\Repos\VVS_zadaca2.5\Hypo Banka\Unit Testovi\BankaTests.cs:line 115
' in inProgress list.
TpTrace Verbose: 0 : 9496, 5, 2020/11/29, 17:47:52.320, 2041930011649, testhost.dll, TestExecutionRecorder.RecordStart: Starting test: Unit_Testovi.KlijentTests.DajUkupanIznosNovcaNaSvimRačunimaTestNemaNijedanRacun.
TpTrace Verbose: 0 : 9496, 5, 2020/11/29, 17:47:52.340, 2041930205389, testhost.dll, TestExecutionRecorder.RecordEnd: test: Unit_Testovi.KlijentTests.DajUkupanIznosNovcaNaSvimRačunimaTestNemaNijedanRacun execution completed.
TpTrace Verbose: 0 : 9496, 5, 2020/11/29, 17:47:52.343, 2041930236268, testhost.dll, TestExecutionRecorder.RecordResult: Received result for test: Unit_Testovi.KlijentTests.DajUkupanIznosNovcaNaSvimRačunimaTestNemaNijedanRacun.
TpTrace Warning: 0 : 9496, 5, 2020/11/29, 17:47:52.343, 2041930239041, testhost.dll, InProgressTests is null
TpTrace Warning: 0 : 9496, 5, 2020/11/29, 17:47:52.343, 2041930241040, testhost.dll, TestRunCache: No test found corresponding to testResult 'DajUkupanIznosNovcaNaSvimRačunimaTestNemaNijedanRacun  Passed' in inProgress list.
TpTrace Verbose: 0 : 9496, 5, 2020/11/29, 17:47:52.344, 2041930243073, testhost.dll, TestExecutionRecorder.RecordStart: Starting test: Unit_Testovi.KlijentTests.DajUkupanIznosNovcaNaSvimRačunimaTest.
TpTrace Information: 0 : 9496, 5, 2020/11/29, 17:47:52.344, 2041930245370, testhost.dll, Sending test run statistics
TpTrace Verbose: 0 : 9496, 5, 2020/11/29, 17:47:52.347, 2041930280168, testhost.dll, TestRequestHandler.SendData:  sending data from testhost: {"Version":2,"MessageType":"TestExecution.StatsChange","Payload":{"NewTestResults":[{"TestCase":{"Id":"4e520575-537d-a0ef-c811-6619e214ccff","FullyQualifiedName":"Unit_Testovi.BankaTests.RadSaKlijentomTest","DisplayName":"RadSaKlijentomTest","ExecutorUri":"executor://MSTestAdapter/v2","Source":"C:\\Users\\dzene\\Source\\Repos\\VVS_zadaca2.5\\Hypo Banka\\Unit Testovi\\bin\\Debug\\fine-code-coverage\\Unit Testovi.dll","CodeFilePath":null,"LineNumber":-1,"Properties":[{"Key":{"Id":"MSTestDiscoverer.TestClassName","Label":"ClassName","Category":"","Description":"","Attributes":1,"ValueType":"System.String"},"Value":"Unit_Testovi.BankaTests"},{"Key":{"Id":"TestObject.Traits","Label":"Traits","Category":"","Description":"","Attributes":5,"ValueType":"System.Collections.Generic.KeyValuePair`2[[System.String],[System.String]][]"},"Value":[]}]},"Attachments":[],"Outcome":2,"ErrorMessage":"Assert.Fail failed. ","ErrorStackTrace":"   at Unit_Testovi.BankaTests.RadSaKlijentomTest() in C:\\Users\\dzene\\Source\\Repos\\VVS_zadaca2.5\\Hypo Banka\\Unit Testovi\\BankaTests.cs:line 21\r\n","DisplayName":null,"Messages":[],"ComputerName":null,"Duration":"00:00:00.0018111","StartTime":"2020-11-29T17:47:52.0563772+01:00","EndTime":"2020-11-29T17:47:52.059388+01:00","Properties":[{"Key":{"Id":"ExecutionId","Label":"ExecutionId","Category":"","Description":"","Attributes":1,"ValueType":"System.Guid"},"Value":"00000000-0000-0000-0000-000000000000"},{"Key":{"Id":"ParentExecId","Label":"ParentExecId","Category":"","Description":"","Attributes":1,"ValueType":"System.Guid"},"Value":"00000000-0000-0000-0000-000000000000"},{"Key":{"Id":"InnerResultsCount","Label":"InnerResultsCount","Category":"","Description":"","Attributes":1,"ValueType":"System.Int32"},"Value":0}]},{"TestCase":{"Id":"18a4e423-7912-2ea3-64d1-3602e6b82a62","FullyQualifiedName":"Unit_Testovi.BankaTests.OtvaranjeNovogRačunaTest","DisplayName":"OtvaranjeNovogRačunaTest","ExecutorUri":"executor://MSTestAdapter/v2","Source":"C:\\Users\\dzene\\Source\\Repos\\VVS_zadaca2.5\\Hypo Banka\\Unit Testovi\\bin\\Debug\\fine-code-coverage\\Unit Testovi.dll","CodeFilePath":null,"LineNumber":-1,"Properties":[{"Key":{"Id":"MSTestDiscoverer.TestClassName","Label":"ClassName","Category":"","Description":"","Attributes":1,"ValueType":"System.String"},"Value":"Unit_Testovi.BankaTests"},{"Key":{"Id":"TestObject.Traits","Label":"Traits","Category":"","Description":"","Attributes":5,"ValueType":"System.Collections.Generic.KeyValuePair`2[[System.String],[System.String]][]"},"Value":[]}]},"Attachments":[],"Outcome":2,"ErrorMessage":"Assert.Fail failed. ","ErrorStackTrace":"   at Unit_Testovi.BankaTests.OtvaranjeNovogRačunaTest() in C:\\Users\\dzene\\Source\\Repos\\VVS_zadaca2.5\\Hypo Banka\\Unit Testovi\\BankaTests.cs:line 27\r\n","DisplayName":null,"Messages":[],"ComputerName":null,"Duration":"00:00:00.0372650","StartTime":"2020-11-29T17:47:52.0732988+01:00","EndTime":"2020-11-29T17:47:52.1110662+01:00","Properties":[{"Key":{"Id":"ExecutionId","Label":"ExecutionId","Category":"","Description":"","Attributes":1,"ValueType":"System.Guid"},"Value":"00000000-0000-0000-0000-000000000000"},{"Key":{"Id":"ParentExecId","Label":"ParentExecId","Category":"","Description":"","Attributes":1,"ValueType":"System.Guid"},"Value":"00000000-0000-0000-0000-000000000000"},{"Key":{"Id":"InnerResultsCount","Label":"InnerResultsCount","Category":"","Description":"","Attributes":1,"ValueType":"System.Int32"},"Value":0}]},{"TestCase":{"Id":"1b311cad-fe90-5ca0-5c94-bb6f702bc22c","FullyQualifiedName":"Unit_Testovi.BankaTests.KlijentiSBlokiranimRačunimaTest","DisplayName":"KlijentiSBlokiranimRačunimaTest","ExecutorUri":"executor://MSTestAdapter/v2","Source":"C:\\Users\\dzene\\Source\\Repos\\VVS_zadaca2.5\\Hypo Banka\\Unit Testovi\\bin\\Debug\\fine-code-coverage\\Unit Testovi.dll","CodeFilePath":null,"LineNumber":-1,"Properties":[{"Key":{"Id":"MSTestDiscoverer.TestClassName","Label":"ClassName","Category":"","Description":"","Attributes":1,"ValueType":"System.String"},"Value":"Unit_Testovi.BankaTests"},{"Key":{"Id":"TestObject.Traits","Label":"Traits","Category":"","Description":"","Attributes":5,"ValueType":"System.Collections.Generic.KeyValuePair`2[[System.String],[System.String]][]"},"Value":[]}]},"Attachments":[],"Outcome":1,"ErrorMessage":null,"ErrorStackTrace":null,"DisplayName":null,"Messages":[],"ComputerName":null,"Duration":"00:00:00.0714345","StartTime":"2020-11-29T17:47:52.1192877+01:00","EndTime":"2020-11-29T17:47:52.1910157+01:00","Properties":[{"Key":{"Id":"ExecutionId","Label":"ExecutionId","Category":"","Description":"","Attributes":1,"ValueType":"System.Guid"},"Value":"00000000-0000-0000-0000-000000000000"},{"Key":{"Id":"ParentExecId","Label":"ParentExecId","Category":"","Description":"","Attributes":1,"ValueType":"System.Guid"},"Value":"00000000-0000-0000-0000-000000000000"},{"Key":{"Id":"InnerResultsCount","Label":"InnerResultsCount","Category":"","Description":"","Attributes":1,"ValueType":"System.Int32"},"Value":0}]},{"TestCase":{"Id":"408dbc8c-088d-37e5-c524-008dff2d79ed","FullyQualifiedName":"Unit_Testovi.BankaTests.PraznaListaKlijentiSBlokiranimRačunimaTest","DisplayName":"PraznaListaKlijentiSBlokiranimRačunimaTest","ExecutorUri":"executor://MSTestAdapter/v2","Source":"C:\\Users\\dzene\\Source\\Repos\\VVS_zadaca2.5\\Hypo Banka\\Unit Testovi\\bin\\Debug\\fine-code-coverage\\Unit Testovi.dll","CodeFilePath":null,"LineNumber":-1,"Properties":[{"Key":{"Id":"MSTestDiscoverer.TestClassName","Label":"ClassName","Category":"","Description":"","Attributes":1,"ValueType":"System.String"},"Value":"Unit_Testovi.BankaTests"},{"Key":{"Id":"TestObject.Traits","Label":"Traits","Category":"","Description":"","Attributes":5,"ValueType":"System.Collections.Generic.KeyValuePair`2[[System.String],[System.String]][]"},"Value":[]}]},"Attachments":[],"Outcome":1,"ErrorMessage":null,"ErrorStackTrace":null,"DisplayName":null,"Messages":[],"ComputerName":null,"Duration":"00:00:00.0758151","StartTime":"2020-11-29T17:47:52.2006977+01:00","EndTime":"2020-11-29T17:47:52.2772182+01:00","Properties":[{"Key":{"Id":"ExecutionId","Label":"ExecutionId","Category":"","Description":"","Attributes":1,"ValueType":"System.Guid"},"Value":"00000000-0000-0000-0000-000000000000"},{"Key":{"Id":"ParentExecId","Label":"ParentExecId","Category":"","Description":"","Attributes":1,"ValueType":"System.Guid"},"Value":"00000000-0000-0000-0000-000000000000"},{"Key":{"Id":"InnerResultsCount","Label":"InnerResultsCount","Category":"","Description":"","Attributes":1,"ValueType":"System.Int32"},"Value":0}]},{"TestCase":{"Id":"b68b1648-dcba-2adb-037a-34e56c60e967","FullyQualifiedName":"Unit_Testovi.BankaTests.PraznaListaKlijentiSBlokiranimRačunimaTest2","DisplayName":"PraznaListaKlijentiSBlokiranimRačunimaTest2","ExecutorUri":"executor://MSTestAdapter/v2","Source":"C:\\Users\\dzene\\Source\\Repos\\VVS_zadaca2.5\\Hypo Banka\\Unit Testovi\\bin\\Debug\\fine-code-coverage\\Unit Testovi.dll","CodeFilePath":null,"LineNumber":-1,"Properties":[{"Key":{"Id":"MSTestDiscoverer.TestClassName","Label":"ClassName","Category":"","Description":"","Attributes":1,"ValueType":"System.String"},"Value":"Unit_Testovi.BankaTests"},{"Key":{"Id":"TestObject.Traits","Label":"Traits","Category":"","Description":"","Attributes":5,"ValueType":"System.Collections.Generic.KeyValuePair`2[[System.String],[System.String]][]"},"Value":[]}]},"Attachments":[],"Outcome":1,"ErrorMessage":null,"ErrorStackTrace":null,"DisplayName":null,"Messages":[],"ComputerName":null,"Duration":"00:00:00.0017170","StartTime":"2020-11-29T17:47:52.2873429+01:00","EndTime":"2020-11-29T17:47:52.2898465+01:00","Properties":[{"Key":{"Id":"ExecutionId","Label":"ExecutionId","Category":"","Description":"","Attributes":1,"ValueType":"System.Guid"},"Value":"00000000-0000-0000-0000-000000000000"},{"Key":{"Id":"ParentExecId","Label":"ParentExecId","Category":"","Description":"","Attributes":1,"ValueType":"System.Guid"},"Value":"00000000-0000-0000-0000-000000000000"},{"Key":{"Id":"InnerResultsCount","Label":"InnerResultsCount","Category":"","Description":"","Attributes":1,"ValueType":"System.Int32"},"Value":0}]},{"TestCase":{"Id":"fe2fc789-1350-434d-18cc-5bb729531d2a","FullyQualifiedName":"Unit_Testovi.BankaTests.PraznaListaKlijentiSBlokiranimRačunimaTest3","DisplayName":"PraznaListaKlijentiSBlokiranimRačunimaTest3","ExecutorUri":"executor://MSTestAdapter/v2","Source":"C:\\Users\\dzene\\Source\\Repos\\VVS_zadaca2.5\\Hypo Banka\\Unit Testovi\\bin\\Debug\\fine-code-coverage\\Unit Testovi.dll","CodeFilePath":null,"LineNumber":-1,"Properties":[{"Key":{"Id":"MSTestDiscoverer.TestClassName","Label":"ClassName","Category":"","Description":"","Attributes":1,"ValueType":"System.String"},"Value":"Unit_Testovi.BankaTests"},{"Key":{"Id":"TestObject.Traits","Label":"Traits","Category":"","Description":"","Attributes":5,"ValueType":"System.Collections.Generic.KeyValuePair`2[[System.String],[System.String]][]"},"Value":[]}]},"Attachments":[],"Outcome":1,"ErrorMessage":null,"ErrorStackTrace":null,"DisplayName":null,"Messages":[],"ComputerName":null,"Duration":"00:00:00.0017536","StartTime":"2020-11-29T17:47:52.2963654+01:00","EndTime":"2020-11-29T17:47:52.2986552+01:00","Properties":[{"Key":{"Id":"ExecutionId","Label":"ExecutionId","Category":"","Description":"","Attributes":1,"ValueType":"System.Guid"},"Value":"00000000-0000-0000-0000-000000000000"},{"Key":{"Id":"ParentExecId","Label":"ParentExecId","Category":"","Description":"","Attributes":1,"ValueType":"System.Guid"},"Value":"00000000-0000-0000-0000-000000000000"},{"Key":{"Id":"InnerResultsCount","Label":"InnerResultsCount","Category":"","Description":"","Attributes":1,"ValueType":"System.Int32"},"Value":0}]},{"TestCase":{"Id":"d6adb559-41f5-15aa-090d-017e555ec5b0","FullyQualifiedName":"Unit_Testovi.BankaTests.DajKreditTest","DisplayName":"DajKreditTest","ExecutorUri":"executor://MSTestAdapter/v2","Source":"C:\\Users\\dzene\\Source\\Repos\\VVS_zadaca2.5\\Hypo Banka\\Unit Testovi\\bin\\Debug\\fine-code-coverage\\Unit Testovi.dll","CodeFilePath":null,"LineNumber":-1,"Properties":[{"Key":{"Id":"MSTestDiscoverer.TestClassName","Label":"ClassName","Category":"","Description":"","Attributes":1,"ValueType":"System.String"},"Value":"Unit_Testovi.BankaTests"},{"Key":{"Id":"TestObject.Traits","Label":"Traits","Category":"","Description":"","Attributes":5,"ValueType":"System.Collections.Generic.KeyValuePair`2[[System.String],[System.String]][]"},"Value":[]}]},"Attachments":[],"Outcome":2,"ErrorMessage":"Assert.Fail failed. ","ErrorStackTrace":"   at Unit_Testovi.BankaTests.DajKreditTest() in C:\\Users\\dzene\\Source\\Repos\\VVS_zadaca2.5\\Hypo Banka\\Unit Testovi\\BankaTests.cs:line 109\r\n","DisplayName":null,"Messages":[],"ComputerName":null,"Duration":"00:00:00.0013708","StartTime":"2020-11-29T17:47:52.3055318+01:00","EndTime":"2020-11-29T17:47:52.3071737+01:00","Properties":[{"Key":{"Id":"ExecutionId","Label":"ExecutionId","Category":"","Description":"","Attributes":1,"ValueType":"System.Guid"},"Value":"00000000-0000-0000-0000-000000000000"},{"Key":{"Id":"ParentExecId","Label":"ParentExecId","Category":"","Description":"","Attributes":1,"ValueType":"System.Guid"},"Value":"00000000-0000-0000-0000-000000000000"},{"Key":{"Id":"InnerResultsCount","Label":"InnerResultsCount","Category":"","Description":"","Attributes":1,"ValueType":"System.Int32"},"Value":0}]},{"TestCase":{"Id":"2e6ffa82-c500-78d4-c8f5-ab98869c82c7","FullyQualifiedName":"Unit_Testovi.BankaTests.OdobriKreditTest","DisplayName":"OdobriKreditTest","ExecutorUri":"executor://MSTestAdapter/v2","Source":"C:\\Users\\dzene\\Source\\Repos\\VVS_zadaca2.5\\Hypo Banka\\Unit Testovi\\bin\\Debug\\fine-code-coverage\\Unit Testovi.dll","CodeFilePath":null,"LineNumber":-1,"Properties":[{"Key":{"Id":"MSTestDiscoverer.TestClassName","Label":"ClassName","Category":"","Description":"","Attributes":1,"ValueType":"System.String"},"Value":"Unit_Testovi.BankaTests"},{"Key":{"Id":"TestObject.Traits","Label":"Traits","Category":"","Description":"","Attributes":5,"ValueType":"System.Collections.Generic.KeyValuePair`2[[System.String],[System.String]][]"},"Value":[]}]},"Attachments":[],"Outcome":2,"ErrorMessage":"Assert.Fail failed. ","ErrorStackTrace":"   at Unit_Testovi.BankaTests.OdobriKreditTest() in C:\\Users\\dzene\\Source\\Repos\\VVS_zadaca2.5\\Hypo Banka\\Unit Testovi\\BankaTests.cs:line 115\r\n","DisplayName":null,"Messages":[],"ComputerName":null,"Duration":"00:00:00.0016150","StartTime":"2020-11-29T17:47:52.3140235+01:00","EndTime":"2020-11-29T17:47:52.3160141+01:00","Properties":[{"Key":{"Id":"ExecutionId","Label":"ExecutionId","Category":"","Description":"","Attributes":1,"ValueType":"System.Guid"},"Value":"00000000-0000-0000-0000-000000000000"},{"Key":{"Id":"ParentExecId","Label":"ParentExecId","Category":"","Description":"","Attributes":1,"ValueType":"System.Guid"},"Value":"00000000-0000-0000-0000-000000000000"},{"Key":{"Id":"InnerResultsCount","Label":"InnerResultsCount","Category":"","Description":"","Attributes":1,"ValueType":"System.Int32"},"Value":0}]},{"TestCase":{"Id":"7963bcc5-e9fa-5f0b-bb02-6bfdd391c570","FullyQualifiedName":"Unit_Testovi.KlijentTests.DajUkupanIznosNovcaNaSvimRačunimaTestNemaNijedanRacun","DisplayName":"DajUkupanIznosNovcaNaSvimRačunimaTestNemaNijedanRacun","ExecutorUri":"executor://MSTestAdapter/v2","Source":"C:\\Users\\dzene\\Source\\Repos\\VVS_zadaca2.5\\Hypo Banka\\Unit Testovi\\bin\\Debug\\fine-code-coverage\\Unit Testovi.dll","CodeFilePath":null,"LineNumber":-1,"Properties":[{"Key":{"Id":"MSTestDiscoverer.TestClassName","Label":"ClassName","Category":"","Description":"","Attributes":1,"ValueType":"System.String"},"Value":"Unit_Testovi.KlijentTests"},{"Key":{"Id":"TestObject.Traits","Label":"Traits","Category":"","Description":"","Attributes":5,"ValueType":"System.Collections.Generic.KeyValuePair`2[[System.String],[System.String]][]"},"Value":[]}]},"Attachments":[],"Outcome":1,"ErrorMessage":null,"ErrorStackTrace":null,"DisplayName":null,"Messages":[],"ComputerName":null,"Duration":"00:00:00.0124741","StartTime":"2020-11-29T17:47:52.3264992+01:00","EndTime":"2020-11-29T17:47:52.3402056+01:00","Properties":[{"Key":{"Id":"ExecutionId","Label":"ExecutionId","Category":"","Description":"","Attributes":1,"ValueType":"System.Guid"},"Value":"00000000-0000-0000-0000-000000000000"},{"Key":{"Id":"ParentExecId","Label":"ParentExecId","Category":"","Description":"","Attributes":1,"ValueType":"System.Guid"},"Value":"00000000-0000-0000-0000-000000000000"},{"Key":{"Id":"InnerResultsCount","Label":"InnerResultsCount","Category":"","Description":"","Attributes":1,"ValueType":"System.Int32"},"Value":0}]}],"TestRunStatistics":{"ExecutedTests":10,"Stats":{"Failed":5,"Passed":5}},"ActiveTests":[{"Id":"6b5f6e43-df49-ab6e-701e-14406ad0d200","FullyQualifiedName":"Unit_Testovi.KlijentTests.DajUkupanIznosNovcaNaSvimRačunimaTest","DisplayName":"DajUkupanIznosNovcaNaSvimRačunimaTest","ExecutorUri":"executor://MSTestAdapter/v2","Source":"C:\\Users\\dzene\\Source\\Repos\\VVS_zadaca2.5\\Hypo Banka\\Unit Testovi\\bin\\Debug\\fine-code-coverage\\Unit Testovi.dll","CodeFilePath":null,"LineNumber":-1,"Properties":[{"Key":{"Id":"MSTestDiscoverer.TestClassName","Label":"ClassName","Category":"","Description":"","Attributes":1,"ValueType":"System.String"},"Value":"Unit_Testovi.KlijentTests"},{"Key":{"Id":"TestObject.Traits","Label":"Traits","Category":"","Description":"","Attributes":5,"ValueType":"System.Collections.Generic.KeyValuePair`2[[System.String],[System.String]][]"},"Value":[]}]}]}}
TpTrace Verbose: 0 : 9496, 5, 2020/11/29, 17:47:52.348, 2041930290941, testhost.dll, TestRunCache: OnNewTestResult: Notified the onCacheHit callback.
TpTrace Verbose: 0 : 9496, 9, 2020/11/29, 17:47:52.463, 2041931439519, testhost.dll, TcpClientExtensions.MessageLoopAsync: Polling on remoteEndPoint: [::ffff:127.0.0.1]:63247 localEndPoint: [::ffff:127.0.0.1]:63248
TpTrace Verbose: 0 : 9496, 5, 2020/11/29, 17:47:52.634, 2041933150310, testhost.dll, TestExecutionRecorder.RecordEnd: test: Unit_Testovi.KlijentTests.DajUkupanIznosNovcaNaSvimRačunimaTest execution completed.
TpTrace Warning: 0 : 9496, 5, 2020/11/29, 17:47:52.634, 2041933152826, testhost.dll, InProgressTests is null
TpTrace Verbose: 0 : 9496, 5, 2020/11/29, 17:47:52.640, 2041933207623, testhost.dll, TestExecutionRecorder.RecordResult: Received result for test: Unit_Testovi.KlijentTests.DajUkupanIznosNovcaNaSvimRačunimaTest.
TpTrace Warning: 0 : 9496, 5, 2020/11/29, 17:47:52.640, 2041933209615, testhost.dll, InProgressTests is null
TpTrace Warning: 0 : 9496, 5, 2020/11/29, 17:47:52.640, 2041933210990, testhost.dll, TestRunCache: No test found corresponding to testResult 'DajUkupanIznosNovcaNaSvimRačunimaTest  Passed' in inProgress list.
TpTrace Verbose: 0 : 9496, 5, 2020/11/29, 17:47:52.640, 2041933212315, testhost.dll, TestExecutionRecorder.RecordStart: Starting test: Unit_Testovi.KlijentTests.DajUkupanIznosNovcaNaSvimRačunimaTestBlokirani.
TpTrace Verbose: 0 : 9496, 5, 2020/11/29, 17:47:52.645, 2041933262337, testhost.dll, TestExecutionRecorder.RecordEnd: test: Unit_Testovi.KlijentTests.DajUkupanIznosNovcaNaSvimRačunimaTestBlokirani execution completed.
TpTrace Verbose: 0 : 9496, 5, 2020/11/29, 17:47:52.649, 2041933294851, testhost.dll, TestExecutionRecorder.RecordResult: Received result for test: Unit_Testovi.KlijentTests.DajUkupanIznosNovcaNaSvimRačunimaTestBlokirani.
TpTrace Warning: 0 : 9496, 5, 2020/11/29, 17:47:52.649, 2041933297752, testhost.dll, InProgressTests is null
TpTrace Warning: 0 : 9496, 5, 2020/11/29, 17:47:52.649, 2041933299902, testhost.dll, TestRunCache: No test found corresponding to testResult 'DajUkupanIznosNovcaNaSvimRačunimaTestBlokirani  Passed' in inProgress list.
TpTrace Verbose: 0 : 9496, 5, 2020/11/29, 17:47:52.649, 2041933302081, testhost.dll, TestExecutionRecorder.RecordStart: Starting test: Unit_Testovi.KorisnikTests.AutomatskoGenerisanjePodatakaTest1.
TpTrace Verbose: 0 : 9496, 5, 2020/11/29, 17:47:52.655, 2041933353805, testhost.dll, TestExecutionRecorder.RecordEnd: test: Unit_Testovi.KorisnikTests.AutomatskoGenerisanjePodatakaTest1 execution completed.
TpTrace Verbose: 0 : 9496, 5, 2020/11/29, 17:47:52.657, 2041933377889, testhost.dll, TestExecutionRecorder.RecordResult: Received result for test: Unit_Testovi.KorisnikTests.AutomatskoGenerisanjePodatakaTest1.
TpTrace Warning: 0 : 9496, 5, 2020/11/29, 17:47:52.657, 2041933380197, testhost.dll, InProgressTests is null
TpTrace Warning: 0 : 9496, 5, 2020/11/29, 17:47:52.657, 2041933381492, testhost.dll, TestRunCache: No test found corresponding to testResult 'AutomatskoGenerisanjePodatakaTest1  Passed' in inProgress list.
TpTrace Verbose: 0 : 9496, 5, 2020/11/29, 17:47:52.657, 2041933382794, testhost.dll, TestExecutionRecorder.RecordStart: Starting test: Unit_Testovi.KorisnikTests.AutomatskoGenerisanjePodatakaTest2.
TpTrace Verbose: 0 : 9496, 5, 2020/11/29, 17:47:52.660, 2041933412084, testhost.dll, TestExecutionRecorder.RecordEnd: test: Unit_Testovi.KorisnikTests.AutomatskoGenerisanjePodatakaTest2 execution completed.
TpTrace Verbose: 0 : 9496, 5, 2020/11/29, 17:47:52.663, 2041933435109, testhost.dll, TestExecutionRecorder.RecordResult: Received result for test: Unit_Testovi.KorisnikTests.AutomatskoGenerisanjePodatakaTest2.
TpTrace Warning: 0 : 9496, 5, 2020/11/29, 17:47:52.663, 2041933437500, testhost.dll, InProgressTests is null
TpTrace Warning: 0 : 9496, 5, 2020/11/29, 17:47:52.663, 2041933438810, testhost.dll, TestRunCache: No test found corresponding to testResult 'AutomatskoGenerisanjePodatakaTest2  Passed' in inProgress list.
TpTrace Verbose: 0 : 9496, 5, 2020/11/29, 17:47:52.663, 2041933440303, testhost.dll, TestExecutionRecorder.RecordStart: Starting test: Unit_Testovi.KorisnikTests.AutomatskoGenerisanjePodatakaTest3.
TpTrace Verbose: 0 : 9496, 5, 2020/11/29, 17:47:52.711, 2041933918176, testhost.dll, TestExecutionRecorder.RecordEnd: test: Unit_Testovi.KorisnikTests.AutomatskoGenerisanjePodatakaTest3 execution completed.
TpTrace Verbose: 0 : 9496, 5, 2020/11/29, 17:47:52.713, 2041933940122, testhost.dll, TestExecutionRecorder.RecordResult: Received result for test: Unit_Testovi.KorisnikTests.AutomatskoGenerisanjePodatakaTest3.
TpTrace Warning: 0 : 9496, 5, 2020/11/29, 17:47:52.713, 2041933942387, testhost.dll, InProgressTests is null
TpTrace Warning: 0 : 9496, 5, 2020/11/29, 17:47:52.714, 2041933943679, testhost.dll, TestRunCache: No test found corresponding to testResult 'AutomatskoGenerisanjePodatakaTest3  Passed' in inProgress list.
TpTrace Verbose: 0 : 9496, 5, 2020/11/29, 17:47:52.714, 2041933944977, testhost.dll, TestExecutionRecorder.RecordStart: Starting test: Unit_Testovi.KorisnikTests.AutomatskoGenerisanjePodatakaTest4.
TpTrace Verbose: 0 : 9496, 5, 2020/11/29, 17:47:52.744, 2041934247451, testhost.dll, TestExecutionRecorder.RecordEnd: test: Unit_Testovi.KorisnikTests.AutomatskoGenerisanjePodatakaTest4 execution completed.
TpTrace Verbose: 0 : 9496, 5, 2020/11/29, 17:47:52.747, 2041934279437, testhost.dll, TestExecutionRecorder.RecordResult: Received result for test: Unit_Testovi.KorisnikTests.AutomatskoGenerisanjePodatakaTest4.
TpTrace Warning: 0 : 9496, 5, 2020/11/29, 17:47:52.747, 2041934282213, testhost.dll, InProgressTests is null
TpTrace Warning: 0 : 9496, 5, 2020/11/29, 17:47:52.748, 2041934284496, testhost.dll, TestRunCache: No test found corresponding to testResult 'AutomatskoGenerisanjePodatakaTest4  Passed' in inProgress list.
TpTrace Verbose: 0 : 9496, 5, 2020/11/29, 17:47:52.748, 2041934286837, testhost.dll, TestExecutionRecorder.RecordStart: Starting test: Unit_Testovi.KreditTest.ProvjeriStanjeOtplateTest.
TpTrace Verbose: 0 : 9496, 5, 2020/11/29, 17:47:52.757, 2041934375797, testhost.dll, TestExecutionRecorder.RecordEnd: test: Unit_Testovi.KreditTest.ProvjeriStanjeOtplateTest execution completed.
TpTrace Verbose: 0 : 9496, 5, 2020/11/29, 17:47:52.760, 2041934412006, testhost.dll, TestExecutionRecorder.RecordResult: Received result for test: Unit_Testovi.KreditTest.ProvjeriStanjeOtplateTest.
TpTrace Warning: 0 : 9496, 5, 2020/11/29, 17:47:52.761, 2041934415162, testhost.dll, InProgressTests is null
TpTrace Warning: 0 : 9496, 5, 2020/11/29, 17:47:52.761, 2041934417704, testhost.dll, TestRunCache: No test found corresponding to testResult 'ProvjeriStanjeOtplateTest  Passed' in inProgress list.
TpTrace Verbose: 0 : 9496, 5, 2020/11/29, 17:47:52.761, 2041934420253, testhost.dll, TestExecutionRecorder.RecordStart: Starting test: Unit_Testovi.NoviTestovi.TestZamjenskiObjekat.
TpTrace Verbose: 0 : 9496, 5, 2020/11/29, 17:47:52.771, 2041934518330, testhost.dll, TestExecutionRecorder.RecordEnd: test: Unit_Testovi.NoviTestovi.TestZamjenskiObjekat execution completed.
TpTrace Verbose: 0 : 9496, 5, 2020/11/29, 17:47:52.786, 2041934669010, testhost.dll, TestExecutionRecorder.RecordResult: Received result for test: Unit_Testovi.NoviTestovi.TestZamjenskiObjekat.
TpTrace Warning: 0 : 9496, 5, 2020/11/29, 17:47:52.786, 2041934672419, testhost.dll, InProgressTests is null
TpTrace Warning: 0 : 9496, 5, 2020/11/29, 17:47:52.787, 2041934674350, testhost.dll, TestRunCache: No test found corresponding to testResult 'TestZamjenskiObjekat  Passed' in inProgress list.
TpTrace Verbose: 0 : 9496, 5, 2020/11/29, 17:47:52.787, 2041934676367, testhost.dll, TestExecutionRecorder.RecordStart: Starting test: Unit_Testovi.NoviTestovi.TestSkidanjaIznosaSRačuna.
TpTrace Information: 0 : 9496, 5, 2020/11/29, 17:47:52.807, 2041934874330, testhost.dll, AssemblyResolver.OnResolve: Microsoft.VisualStudio.TestPlatform.MSTest.TestAdapter.resources: Resolving assembly.
TpTrace Information: 0 : 9496, 5, 2020/11/29, 17:47:52.807, 2041934878319, testhost.dll, AssemblyResolver.OnResolve: Microsoft.VisualStudio.TestPlatform.MSTest.TestAdapter.resources: Failed to load assembly.
TpTrace Verbose: 0 : 9496, 5, 2020/11/29, 17:47:52.847, 2041935276183, testhost.dll, TestExecutionRecorder.RecordEnd: test: Unit_Testovi.NoviTestovi.TestSkidanjaIznosaSRačuna execution completed.
TpTrace Verbose: 0 : 9496, 5, 2020/11/29, 17:47:52.854, 2041935351040, testhost.dll, TestExecutionRecorder.RecordResult: Received result for test: Unit_Testovi.NoviTestovi.TestSkidanjaIznosaSRačuna.
TpTrace Warning: 0 : 9496, 5, 2020/11/29, 17:47:52.855, 2041935353648, testhost.dll, InProgressTests is null
TpTrace Warning: 0 : 9496, 5, 2020/11/29, 17:47:52.855, 2041935355095, testhost.dll, TestRunCache: No test found corresponding to testResult 'TestSkidanjaIznosaSRačuna  Failed
  Message: Test method Unit_Testovi.NoviTestovi.TestSkidanjaIznosaSRačuna threw exception: 
System.NotImplementedException: The method or operation is not implemented.
  StackTrace:
    at Hypo_Banka.Klijent.SkiniIznosSaNekogOdRačuna(Double ukupniIznos) in C:\Users\dzene\Source\Repos\VVS_zadaca2.5\Hypo Banka\Hypo Banka\Klijent.cs:line 101
   at Unit_Testovi.NoviTestovi.TestSkidanjaIznosaSRačuna() in C:\Users\dzene\Source\Repos\VVS_zadaca2.5\Hypo Banka\Unit Testovi\NoviTestovi.cs:line 46
' in inProgress list.
TpTrace Verbose: 0 : 9496, 5, 2020/11/29, 17:47:52.855, 2041935356716, testhost.dll, TestExecutionRecorder.RecordStart: Starting test: Unit_Testovi.NoviTestovi.TestSkidanjaIznosaSVišeRačuna.
TpTrace Information: 0 : 9496, 5, 2020/11/29, 17:47:52.855, 2041935357965, testhost.dll, Sending test run statistics
TpTrace Verbose: 0 : 9496, 5, 2020/11/29, 17:47:52.857, 2041935379297, testhost.dll, TestRequestHandler.SendData:  sending data from testhost: {"Version":2,"MessageType":"TestExecution.StatsChange","Payload":{"NewTestResults":[{"TestCase":{"Id":"6b5f6e43-df49-ab6e-701e-14406ad0d200","FullyQualifiedName":"Unit_Testovi.KlijentTests.DajUkupanIznosNovcaNaSvimRačunimaTest","DisplayName":"DajUkupanIznosNovcaNaSvimRačunimaTest","ExecutorUri":"executor://MSTestAdapter/v2","Source":"C:\\Users\\dzene\\Source\\Repos\\VVS_zadaca2.5\\Hypo Banka\\Unit Testovi\\bin\\Debug\\fine-code-coverage\\Unit Testovi.dll","CodeFilePath":null,"LineNumber":-1,"Properties":[{"Key":{"Id":"MSTestDiscoverer.TestClassName","Label":"ClassName","Category":"","Description":"","Attributes":1,"ValueType":"System.String"},"Value":"Unit_Testovi.KlijentTests"},{"Key":{"Id":"TestObject.Traits","Label":"Traits","Category":"","Description":"","Attributes":5,"ValueType":"System.Collections.Generic.KeyValuePair`2[[System.String],[System.String]][]"},"Value":[]}]},"Attachments":[],"Outcome":1,"ErrorMessage":null,"ErrorStackTrace":null,"DisplayName":null,"Messages":[],"ComputerName":null,"Duration":"00:00:00.2831709","StartTime":"2020-11-29T17:47:52.3511547+01:00","EndTime":"2020-11-29T17:47:52.634703+01:00","Properties":[{"Key":{"Id":"ExecutionId","Label":"ExecutionId","Category":"","Description":"","Attributes":1,"ValueType":"System.Guid"},"Value":"00000000-0000-0000-0000-000000000000"},{"Key":{"Id":"ParentExecId","Label":"ParentExecId","Category":"","Description":"","Attributes":1,"ValueType":"System.Guid"},"Value":"00000000-0000-0000-0000-000000000000"},{"Key":{"Id":"InnerResultsCount","Label":"InnerResultsCount","Category":"","Description":"","Attributes":1,"ValueType":"System.Int32"},"Value":0}]},{"TestCase":{"Id":"f00d9813-1f91-642b-4e1c-e90d25b9d5bc","FullyQualifiedName":"Unit_Testovi.KlijentTests.DajUkupanIznosNovcaNaSvimRačunimaTestBlokirani","DisplayName":"DajUkupanIznosNovcaNaSvimRačunimaTestBlokirani","ExecutorUri":"executor://MSTestAdapter/v2","Source":"C:\\Users\\dzene\\Source\\Repos\\VVS_zadaca2.5\\Hypo Banka\\Unit Testovi\\bin\\Debug\\fine-code-coverage\\Unit Testovi.dll","CodeFilePath":null,"LineNumber":-1,"Properties":[{"Key":{"Id":"MSTestDiscoverer.TestClassName","Label":"ClassName","Category":"","Description":"","Attributes":1,"ValueType":"System.String"},"Value":"Unit_Testovi.KlijentTests"},{"Key":{"Id":"TestObject.Traits","Label":"Traits","Category":"","Description":"","Attributes":5,"ValueType":"System.Collections.Generic.KeyValuePair`2[[System.String],[System.String]][]"},"Value":[]}]},"Attachments":[],"Outcome":1,"ErrorMessage":null,"ErrorStackTrace":null,"DisplayName":null,"Messages":[],"ComputerName":null,"Duration":"00:00:00.0011130","StartTime":"2020-11-29T17:47:52.6444352+01:00","EndTime":"2020-11-29T17:47:52.6459112+01:00","Properties":[{"Key":{"Id":"ExecutionId","Label":"ExecutionId","Category":"","Description":"","Attributes":1,"ValueType":"System.Guid"},"Value":"00000000-0000-0000-0000-000000000000"},{"Key":{"Id":"ParentExecId","Label":"ParentExecId","Category":"","Description":"","Attributes":1,"ValueType":"System.Guid"},"Value":"00000000-0000-0000-0000-000000000000"},{"Key":{"Id":"InnerResultsCount","Label":"InnerResultsCount","Category":"","Description":"","Attributes":1,"ValueType":"System.Int32"},"Value":0}]},{"TestCase":{"Id":"80dd9e45-895a-4693-f456-2b8d29c7c4d1","FullyQualifiedName":"Unit_Testovi.KorisnikTests.AutomatskoGenerisanjePodatakaTest1","DisplayName":"AutomatskoGenerisanjePodatakaTest1","ExecutorUri":"executor://MSTestAdapter/v2","Source":"C:\\Users\\dzene\\Source\\Repos\\VVS_zadaca2.5\\Hypo Banka\\Unit Testovi\\bin\\Debug\\fine-code-coverage\\Unit Testovi.dll","CodeFilePath":null,"LineNumber":-1,"Properties":[{"Key":{"Id":"MSTestDiscoverer.TestClassName","Label":"ClassName","Category":"","Description":"","Attributes":1,"ValueType":"System.String"},"Value":"Unit_Testovi.KorisnikTests"},{"Key":{"Id":"TestObject.Traits","Label":"Traits","Category":"","Description":"","Attributes":5,"ValueType":"System.Collections.Generic.KeyValuePair`2[[System.String],[System.String]][]"},"Value":[]}]},"Attachments":[],"Outcome":1,"ErrorMessage":null,"ErrorStackTrace":null,"DisplayName":null,"Messages":[],"ComputerName":null,"Duration":"00:00:00.0017468","StartTime":"2020-11-29T17:47:52.6525745+01:00","EndTime":"2020-11-29T17:47:52.6550485+01:00","Properties":[{"Key":{"Id":"ExecutionId","Label":"ExecutionId","Category":"","Description":"","Attributes":1,"ValueType":"System.Guid"},"Value":"00000000-0000-0000-0000-000000000000"},{"Key":{"Id":"ParentExecId","Label":"ParentExecId","Category":"","Description":"","Attributes":1,"ValueType":"System.Guid"},"Value":"00000000-0000-0000-0000-000000000000"},{"Key":{"Id":"InnerResultsCount","Label":"InnerResultsCount","Category":"","Description":"","Attributes":1,"ValueType":"System.Int32"},"Value":0}]},{"TestCase":{"Id":"d275d30d-bf4a-380a-adc6-2e46a90104d2","FullyQualifiedName":"Unit_Testovi.KorisnikTests.AutomatskoGenerisanjePodatakaTest2","DisplayName":"AutomatskoGenerisanjePodatakaTest2","ExecutorUri":"executor://MSTestAdapter/v2","Source":"C:\\Users\\dzene\\Source\\Repos\\VVS_zadaca2.5\\Hypo Banka\\Unit Testovi\\bin\\Debug\\fine-code-coverage\\Unit Testovi.dll","CodeFilePath":null,"LineNumber":-1,"Properties":[{"Key":{"Id":"MSTestDiscoverer.TestClassName","Label":"ClassName","Category":"","Description":"","Attributes":1,"ValueType":"System.String"},"Value":"Unit_Testovi.KorisnikTests"},{"Key":{"Id":"TestObject.Traits","Label":"Traits","Category":"","Description":"","Attributes":5,"ValueType":"System.Collections.Generic.KeyValuePair`2[[System.String],[System.String]][]"},"Value":[]}]},"Attachments":[],"Outcome":1,"ErrorMessage":null,"ErrorStackTrace":null,"DisplayName":null,"Messages":[],"ComputerName":null,"Duration":"00:00:00.0009735","StartTime":"2020-11-29T17:47:52.6596134+01:00","EndTime":"2020-11-29T17:47:52.6608794+01:00","Properties":[{"Key":{"Id":"ExecutionId","Label":"ExecutionId","Category":"","Description":"","Attributes":1,"ValueType":"System.Guid"},"Value":"00000000-0000-0000-0000-000000000000"},{"Key":{"Id":"ParentExecId","Label":"ParentExecId","Category":"","Description":"","Attributes":1,"ValueType":"System.Guid"},"Value":"00000000-0000-0000-0000-000000000000"},{"Key":{"Id":"InnerResultsCount","Label":"InnerResultsCount","Category":"","Description":"","Attributes":1,"ValueType":"System.Int32"},"Value":0}]},{"TestCase":{"Id":"e56dccf3-4dd3-dd26-fd75-304af3f42105","FullyQualifiedName":"Unit_Testovi.KorisnikTests.AutomatskoGenerisanjePodatakaTest3","DisplayName":"AutomatskoGenerisanjePodatakaTest3","ExecutorUri":"executor://MSTestAdapter/v2","Source":"C:\\Users\\dzene\\Source\\Repos\\VVS_zadaca2.5\\Hypo Banka\\Unit Testovi\\bin\\Debug\\fine-code-coverage\\Unit Testovi.dll","CodeFilePath":null,"LineNumber":-1,"Properties":[{"Key":{"Id":"MSTestDiscoverer.TestClassName","Label":"ClassName","Category":"","Description":"","Attributes":1,"ValueType":"System.String"},"Value":"Unit_Testovi.KorisnikTests"},{"Key":{"Id":"TestObject.Traits","Label":"Traits","Category":"","Description":"","Attributes":5,"ValueType":"System.Collections.Generic.KeyValuePair`2[[System.String],[System.String]][]"},"Value":[]}]},"Attachments":[],"Outcome":1,"ErrorMessage":null,"ErrorStackTrace":null,"DisplayName":null,"Messages":[],"ComputerName":null,"Duration":"00:00:00.0457700","StartTime":"2020-11-29T17:47:52.6655216+01:00","EndTime":"2020-11-29T17:47:52.7114923+01:00","Properties":[{"Key":{"Id":"ExecutionId","Label":"ExecutionId","Category":"","Description":"","Attributes":1,"ValueType":"System.Guid"},"Value":"00000000-0000-0000-0000-000000000000"},{"Key":{"Id":"ParentExecId","Label":"ParentExecId","Category":"","Description":"","Attributes":1,"ValueType":"System.Guid"},"Value":"00000000-0000-0000-0000-000000000000"},{"Key":{"Id":"InnerResultsCount","Label":"InnerResultsCount","Category":"","Description":"","Attributes":1,"ValueType":"System.Int32"},"Value":0}]},{"TestCase":{"Id":"8ebe7d1b-8437-5ccd-a863-67c3bd129874","FullyQualifiedName":"Unit_Testovi.KorisnikTests.AutomatskoGenerisanjePodatakaTest4","DisplayName":"AutomatskoGenerisanjePodatakaTest4","ExecutorUri":"executor://MSTestAdapter/v2","Source":"C:\\Users\\dzene\\Source\\Repos\\VVS_zadaca2.5\\Hypo Banka\\Unit Testovi\\bin\\Debug\\fine-code-coverage\\Unit Testovi.dll","CodeFilePath":null,"LineNumber":-1,"Properties":[{"Key":{"Id":"MSTestDiscoverer.TestClassName","Label":"ClassName","Category":"","Description":"","Attributes":1,"ValueType":"System.String"},"Value":"Unit_Testovi.KorisnikTests"},{"Key":{"Id":"TestObject.Traits","Label":"Traits","Category":"","Description":"","Attributes":5,"ValueType":"System.Collections.Generic.KeyValuePair`2[[System.String],[System.String]][]"},"Value":[]}]},"Attachments":[],"Outcome":1,"ErrorMessage":null,"ErrorStackTrace":null,"DisplayName":null,"Messages":[],"ComputerName":null,"Duration":"00:00:00.0281899","StartTime":"2020-11-29T17:47:52.7158759+01:00","EndTime":"2020-11-29T17:47:52.7444052+01:00","Properties":[{"Key":{"Id":"ExecutionId","Label":"ExecutionId","Category":"","Description":"","Attributes":1,"ValueType":"System.Guid"},"Value":"00000000-0000-0000-0000-000000000000"},{"Key":{"Id":"ParentExecId","Label":"ParentExecId","Category":"","Description":"","Attributes":1,"ValueType":"System.Guid"},"Value":"00000000-0000-0000-0000-000000000000"},{"Key":{"Id":"InnerResultsCount","Label":"InnerResultsCount","Category":"","Description":"","Attributes":1,"ValueType":"System.Int32"},"Value":0}]},{"TestCase":{"Id":"741ffac7-c42d-50bf-19c9-a69733933022","FullyQualifiedName":"Unit_Testovi.KreditTest.ProvjeriStanjeOtplateTest","DisplayName":"ProvjeriStanjeOtplateTest","ExecutorUri":"executor://MSTestAdapter/v2","Source":"C:\\Users\\dzene\\Source\\Repos\\VVS_zadaca2.5\\Hypo Banka\\Unit Testovi\\bin\\Debug\\fine-code-coverage\\Unit Testovi.dll","CodeFilePath":null,"LineNumber":-1,"Properties":[{"Key":{"Id":"MSTestDiscoverer.TestClassName","Label":"ClassName","Category":"","Description":"","Attributes":1,"ValueType":"System.String"},"Value":"Unit_Testovi.KreditTest"},{"Key":{"Id":"TestObject.Traits","Label":"Traits","Category":"","Description":"","Attributes":5,"ValueType":"System.Collections.Generic.KeyValuePair`2[[System.String],[System.String]][]"},"Value":[]}]},"Attachments":[],"Outcome":1,"ErrorMessage":null,"ErrorStackTrace":null,"DisplayName":null,"Messages":[],"ComputerName":null,"Duration":"00:00:00.0045538","StartTime":"2020-11-29T17:47:52.7518347+01:00","EndTime":"2020-11-29T17:47:52.7572329+01:00","Properties":[{"Key":{"Id":"ExecutionId","Label":"ExecutionId","Category":"","Description":"","Attributes":1,"ValueType":"System.Guid"},"Value":"00000000-0000-0000-0000-000000000000"},{"Key":{"Id":"ParentExecId","Label":"ParentExecId","Category":"","Description":"","Attributes":1,"ValueType":"System.Guid"},"Value":"00000000-0000-0000-0000-000000000000"},{"Key":{"Id":"InnerResultsCount","Label":"InnerResultsCount","Category":"","Description":"","Attributes":1,"ValueType":"System.Int32"},"Value":0}]},{"TestCase":{"Id":"aef9dec6-1181-fac1-2596-b31421e8da47","FullyQualifiedName":"Unit_Testovi.NoviTestovi.TestZamjenskiObjekat","DisplayName":"TestZamjenskiObjekat","ExecutorUri":"executor://MSTestAdapter/v2","Source":"C:\\Users\\dzene\\Source\\Repos\\VVS_zadaca2.5\\Hypo Banka\\Unit Testovi\\bin\\Debug\\fine-code-coverage\\Unit Testovi.dll","CodeFilePath":null,"LineNumber":-1,"Properties":[{"Key":{"Id":"MSTestDiscoverer.TestClassName","Label":"ClassName","Category":"","Description":"","Attributes":1,"ValueType":"System.String"},"Value":"Unit_Testovi.NoviTestovi"},{"Key":{"Id":"TestObject.Traits","Label":"Traits","Category":"","Description":"","Attributes":5,"ValueType":"System.Collections.Generic.KeyValuePair`2[[System.String],[System.String]][]"},"Value":[]}]},"Attachments":[],"Outcome":1,"ErrorMessage":null,"ErrorStackTrace":null,"DisplayName":null,"Messages":[],"ComputerName":null,"Duration":"00:00:00.0057076","StartTime":"2020-11-29T17:47:52.76495+01:00","EndTime":"2020-11-29T17:47:52.7715005+01:00","Properties":[{"Key":{"Id":"ExecutionId","Label":"ExecutionId","Category":"","Description":"","Attributes":1,"ValueType":"System.Guid"},"Value":"00000000-0000-0000-0000-000000000000"},{"Key":{"Id":"ParentExecId","Label":"ParentExecId","Category":"","Description":"","Attributes":1,"ValueType":"System.Guid"},"Value":"00000000-0000-0000-0000-000000000000"},{"Key":{"Id":"InnerResultsCount","Label":"InnerResultsCount","Category":"","Description":"","Attributes":1,"ValueType":"System.Int32"},"Value":0}]},{"TestCase":{"Id":"5cf3213e-7f5b-3dd9-a044-6f83efb0a78d","FullyQualifiedName":"Unit_Testovi.NoviTestovi.TestSkidanjaIznosaSRačuna","DisplayName":"TestSkidanjaIznosaSRačuna","ExecutorUri":"executor://MSTestAdapter/v2","Source":"C:\\Users\\dzene\\Source\\Repos\\VVS_zadaca2.5\\Hypo Banka\\Unit Testovi\\bin\\Debug\\fine-code-coverage\\Unit Testovi.dll","CodeFilePath":null,"LineNumber":-1,"Properties":[{"Key":{"Id":"MSTestDiscoverer.TestClassName","Label":"ClassName","Category":"","Description":"","Attributes":1,"ValueType":"System.String"},"Value":"Unit_Testovi.NoviTestovi"},{"Key":{"Id":"TestObject.Traits","Label":"Traits","Category":"","Description":"","Attributes":5,"ValueType":"System.Collections.Generic.KeyValuePair`2[[System.String],[System.String]][]"},"Value":[]}]},"Attachments":[],"Outcome":2,"ErrorMessage":"Test method Unit_Testovi.NoviTestovi.TestSkidanjaIznosaSRačuna threw exception: \r\nSystem.NotImplementedException: The method or operation is not implemented.","ErrorStackTrace":"    at Hypo_Banka.Klijent.SkiniIznosSaNekogOdRačuna(Double ukupniIznos) in C:\\Users\\dzene\\Source\\Repos\\VVS_zadaca2.5\\Hypo Banka\\Hypo Banka\\Klijent.cs:line 101\r\n   at Unit_Testovi.NoviTestovi.TestSkidanjaIznosaSRačuna() in C:\\Users\\dzene\\Source\\Repos\\VVS_zadaca2.5\\Hypo Banka\\Unit Testovi\\NoviTestovi.cs:line 46\r\n","DisplayName":null,"Messages":[],"ComputerName":null,"Duration":"00:00:00.0579898","StartTime":"2020-11-29T17:47:52.7890056+01:00","EndTime":"2020-11-29T17:47:52.8472838+01:00","Properties":[{"Key":{"Id":"ExecutionId","Label":"ExecutionId","Category":"","Description":"","Attributes":1,"ValueType":"System.Guid"},"Value":"00000000-0000-0000-0000-000000000000"},{"Key":{"Id":"ParentExecId","Label":"ParentExecId","Category":"","Description":"","Attributes":1,"ValueType":"System.Guid"},"Value":"00000000-0000-0000-0000-000000000000"},{"Key":{"Id":"InnerResultsCount","Label":"InnerResultsCount","Category":"","Description":"","Attributes":1,"ValueType":"System.Int32"},"Value":0}]}],"TestRunStatistics":{"ExecutedTests":19,"Stats":{"Failed":6,"Passed":13}},"ActiveTests":[{"Id":"d1ff441f-0941-1549-c823-437ca7a58d70","FullyQualifiedName":"Unit_Testovi.NoviTestovi.TestSkidanjaIznosaSVišeRačuna","DisplayName":"TestSkidanjaIznosaSVišeRačuna","ExecutorUri":"executor://MSTestAdapter/v2","Source":"C:\\Users\\dzene\\Source\\Repos\\VVS_zadaca2.5\\Hypo Banka\\Unit Testovi\\bin\\Debug\\fine-code-coverage\\Unit Testovi.dll","CodeFilePath":null,"LineNumber":-1,"Properties":[{"Key":{"Id":"MSTestDiscoverer.TestClassName","Label":"ClassName","Category":"","Description":"","Attributes":1,"ValueType":"System.String"},"Value":"Unit_Testovi.NoviTestovi"},{"Key":{"Id":"TestObject.Traits","Label":"Traits","Category":"","Description":"","Attributes":5,"ValueType":"System.Collections.Generic.KeyValuePair`2[[System.String],[System.String]][]"},"Value":[]}]}]}}
TpTrace Verbose: 0 : 9496, 5, 2020/11/29, 17:47:52.858, 2041935388048, testhost.dll, TestRunCache: OnNewTestResult: Notified the onCacheHit callback.
TpTrace Verbose: 0 : 9496, 5, 2020/11/29, 17:47:52.892, 2041935728165, testhost.dll, TestExecutionRecorder.RecordEnd: test: Unit_Testovi.NoviTestovi.TestSkidanjaIznosaSVišeRačuna execution completed.
TpTrace Warning: 0 : 9496, 5, 2020/11/29, 17:47:52.892, 2041935730748, testhost.dll, InProgressTests is null
TpTrace Verbose: 0 : 9496, 5, 2020/11/29, 17:47:52.895, 2041935762667, testhost.dll, TestExecutionRecorder.RecordResult: Received result for test: Unit_Testovi.NoviTestovi.TestSkidanjaIznosaSVišeRačuna.
TpTrace Warning: 0 : 9496, 5, 2020/11/29, 17:47:52.896, 2041935765792, testhost.dll, InProgressTests is null
TpTrace Warning: 0 : 9496, 5, 2020/11/29, 17:47:52.896, 2041935768156, testhost.dll, TestRunCache: No test found corresponding to testResult 'TestSkidanjaIznosaSVišeRačuna  Failed
  Message: Test method Unit_Testovi.NoviTestovi.TestSkidanjaIznosaSVišeRačuna threw exception: 
System.NotImplementedException: The method or operation is not implemented.
  StackTrace:
    at Hypo_Banka.Klijent.SkiniIznosSaNekogOdRačuna(Double ukupniIznos) in C:\Users\dzene\Source\Repos\VVS_zadaca2.5\Hypo Banka\Hypo Banka\Klijent.cs:line 101
   at Unit_Testovi.NoviTestovi.TestSkidanjaIznosaSVišeRačuna() in C:\Users\dzene\Source\Repos\VVS_zadaca2.5\Hypo Banka\Unit Testovi\NoviTestovi.cs:line 65
' in inProgress list.
TpTrace Verbose: 0 : 9496, 5, 2020/11/29, 17:47:52.896, 2041935771665, testhost.dll, TestExecutionRecorder.RecordStart: Starting test: Unit_Testovi.NoviTestovi.TestSkidanjaIznosaIzuzetak.
TpTrace Verbose: 0 : 9496, 5, 2020/11/29, 17:47:52.968, 2041936490223, testhost.dll, TestExecutionRecorder.RecordEnd: test: Unit_Testovi.NoviTestovi.TestSkidanjaIznosaIzuzetak execution completed.
TpTrace Verbose: 0 : 9496, 5, 2020/11/29, 17:47:52.971, 2041936513221, testhost.dll, TestExecutionRecorder.RecordResult: Received result for test: Unit_Testovi.NoviTestovi.TestSkidanjaIznosaIzuzetak.
TpTrace Warning: 0 : 9496, 5, 2020/11/29, 17:47:52.971, 2041936515767, testhost.dll, InProgressTests is null
TpTrace Warning: 0 : 9496, 5, 2020/11/29, 17:47:52.971, 2041936517263, testhost.dll, TestRunCache: No test found corresponding to testResult 'TestSkidanjaIznosaIzuzetak  Failed
  Message: Test method threw exception System.NotImplementedException, but exception System.InvalidOperationException was expected. Exception message: System.NotImplementedException: The method or operation is not implemented.
  StackTrace:
   at Hypo_Banka.Klijent.SkiniIznosSaNekogOdRačuna(Double ukupniIznos) in C:\Users\dzene\Source\Repos\VVS_zadaca2.5\Hypo Banka\Hypo Banka\Klijent.cs:line 101
   at Unit_Testovi.NoviTestovi.TestSkidanjaIznosaIzuzetak() in C:\Users\dzene\Source\Repos\VVS_zadaca2.5\Hypo Banka\Unit Testovi\NoviTestovi.cs:line 88
' in inProgress list.
TpTrace Verbose: 0 : 9496, 5, 2020/11/29, 17:47:52.974, 2041936552745, testhost.dll, BaseRunTests.RunTestInternalWithExecutors: Completed running tests for executor://MSTestAdapter/v2
TpTrace Information: 0 : 9496, 5, 2020/11/29, 17:47:52.981, 2041936613318, testhost.dll, Sending test run complete
TpTrace Verbose: 0 : 9496, 5, 2020/11/29, 17:47:53.102, 2041937825576, testhost.dll, TestRequestHandler.SendData:  sending data from testhost: {"Version":2,"MessageType":"TestExecution.Completed","Payload":{"TestRunCompleteArgs":{"TestRunStatistics":{"ExecutedTests":21,"Stats":{"Failed":8,"Passed":13}},"IsCanceled":false,"IsAborted":false,"Error":null,"AttachmentSets":[],"ElapsedTimeInRunningTests":"00:00:03.2175995","Metrics":{}},"LastRunTests":{"NewTestResults":[{"TestCase":{"Id":"d1ff441f-0941-1549-c823-437ca7a58d70","FullyQualifiedName":"Unit_Testovi.NoviTestovi.TestSkidanjaIznosaSVišeRačuna","DisplayName":"TestSkidanjaIznosaSVišeRačuna","ExecutorUri":"executor://MSTestAdapter/v2","Source":"C:\\Users\\dzene\\Source\\Repos\\VVS_zadaca2.5\\Hypo Banka\\Unit Testovi\\bin\\Debug\\fine-code-coverage\\Unit Testovi.dll","CodeFilePath":null,"LineNumber":-1,"Properties":[{"Key":{"Id":"MSTestDiscoverer.TestClassName","Label":"ClassName","Category":"","Description":"","Attributes":1,"ValueType":"System.String"},"Value":"Unit_Testovi.NoviTestovi"},{"Key":{"Id":"TestObject.Traits","Label":"Traits","Category":"","Description":"","Attributes":5,"ValueType":"System.Collections.Generic.KeyValuePair`2[[System.String],[System.String]][]"},"Value":[]}]},"Attachments":[],"Outcome":2,"ErrorMessage":"Test method Unit_Testovi.NoviTestovi.TestSkidanjaIznosaSVišeRačuna threw exception: \r\nSystem.NotImplementedException: The method or operation is not implemented.","ErrorStackTrace":"    at Hypo_Banka.Klijent.SkiniIznosSaNekogOdRačuna(Double ukupniIznos) in C:\\Users\\dzene\\Source\\Repos\\VVS_zadaca2.5\\Hypo Banka\\Hypo Banka\\Klijent.cs:line 101\r\n   at Unit_Testovi.NoviTestovi.TestSkidanjaIznosaSVišeRačuna() in C:\\Users\\dzene\\Source\\Repos\\VVS_zadaca2.5\\Hypo Banka\\Unit Testovi\\NoviTestovi.cs:line 65\r\n","DisplayName":null,"Messages":[],"ComputerName":null,"Duration":"00:00:00.0019950","StartTime":"2020-11-29T17:47:52.8901545+01:00","EndTime":"2020-11-29T17:47:52.8924854+01:00","Properties":[{"Key":{"Id":"ExecutionId","Label":"ExecutionId","Category":"","Description":"","Attributes":1,"ValueType":"System.Guid"},"Value":"00000000-0000-0000-0000-000000000000"},{"Key":{"Id":"ParentExecId","Label":"ParentExecId","Category":"","Description":"","Attributes":1,"ValueType":"System.Guid"},"Value":"00000000-0000-0000-0000-000000000000"},{"Key":{"Id":"InnerResultsCount","Label":"InnerResultsCount","Category":"","Description":"","Attributes":1,"ValueType":"System.Int32"},"Value":0}]},{"TestCase":{"Id":"20af2549-b915-3c8e-c4f0-37793dba0a97","FullyQualifiedName":"Unit_Testovi.NoviTestovi.TestSkidanjaIznosaIzuzetak","DisplayName":"TestSkidanjaIznosaIzuzetak","ExecutorUri":"executor://MSTestAdapter/v2","Source":"C:\\Users\\dzene\\Source\\Repos\\VVS_zadaca2.5\\Hypo Banka\\Unit Testovi\\bin\\Debug\\fine-code-coverage\\Unit Testovi.dll","CodeFilePath":null,"LineNumber":-1,"Properties":[{"Key":{"Id":"MSTestDiscoverer.TestClassName","Label":"ClassName","Category":"","Description":"","Attributes":1,"ValueType":"System.String"},"Value":"Unit_Testovi.NoviTestovi"},{"Key":{"Id":"TestObject.Traits","Label":"Traits","Category":"","Description":"","Attributes":5,"ValueType":"System.Collections.Generic.KeyValuePair`2[[System.String],[System.String]][]"},"Value":[]}]},"Attachments":[],"Outcome":2,"ErrorMessage":"Test method threw exception System.NotImplementedException, but exception System.InvalidOperationException was expected. Exception message: System.NotImplementedException: The method or operation is not implemented.","ErrorStackTrace":"   at Hypo_Banka.Klijent.SkiniIznosSaNekogOdRačuna(Double ukupniIznos) in C:\\Users\\dzene\\Source\\Repos\\VVS_zadaca2.5\\Hypo Banka\\Hypo Banka\\Klijent.cs:line 101\r\n   at Unit_Testovi.NoviTestovi.TestSkidanjaIznosaIzuzetak() in C:\\Users\\dzene\\Source\\Repos\\VVS_zadaca2.5\\Hypo Banka\\Unit Testovi\\NoviTestovi.cs:line 88\r\n","DisplayName":null,"Messages":[],"ComputerName":null,"Duration":"00:00:00.0689515","StartTime":"2020-11-29T17:47:52.8993003+01:00","EndTime":"2020-11-29T17:47:52.9686824+01:00","Properties":[{"Key":{"Id":"ExecutionId","Label":"ExecutionId","Category":"","Description":"","Attributes":1,"ValueType":"System.Guid"},"Value":"00000000-0000-0000-0000-000000000000"},{"Key":{"Id":"ParentExecId","Label":"ParentExecId","Category":"","Description":"","Attributes":1,"ValueType":"System.Guid"},"Value":"00000000-0000-0000-0000-000000000000"},{"Key":{"Id":"InnerResultsCount","Label":"InnerResultsCount","Category":"","Description":"","Attributes":1,"ValueType":"System.Int32"},"Value":0}]}],"TestRunStatistics":{"ExecutedTests":21,"Stats":{"Failed":8,"Passed":13}},"ActiveTests":[]},"RunAttachments":[],"ExecutorUris":["executor://mstestadapter/v2"]}}
TpTrace Verbose: 0 : 9496, 5, 2020/11/29, 17:47:53.104, 2041937845788, testhost.dll, BaseRunTests.RunTests: Run is complete.
TpTrace Verbose: 0 : 9496, 9, 2020/11/29, 17:47:53.107, 2041937877303, testhost.dll, TcpClientExtensions.MessageLoopAsync: NotifyDataAvailable remoteEndPoint: [::ffff:127.0.0.1]:63247 localEndPoint: [::ffff:127.0.0.1]:63248
TpTrace Information: 0 : 9496, 9, 2020/11/29, 17:47:53.107, 2041937881276, testhost.dll, TestRequestHandler.ProcessRequests: received message: (TestSession.Terminate) -> null
TpTrace Information: 0 : 9496, 9, 2020/11/29, 17:47:53.108, 2041937883383, testhost.dll, Session End message received from server. Closing the connection.
TpTrace Information: 0 : 9496, 9, 2020/11/29, 17:47:53.108, 2041937892784, testhost.dll, SocketClient.Stop: Stop communication from server endpoint: 127.0.0.1:063247
TpTrace Information: 0 : 9496, 9, 2020/11/29, 17:47:53.109, 2041937895201, testhost.dll, SocketClient: Stop: Cancellation requested. Stopping message loop.
TpTrace Information: 0 : 9496, 1, 2020/11/29, 17:47:53.110, 2041937904286, testhost.dll, Closing the connection !
TpTrace Information: 0 : 9496, 1, 2020/11/29, 17:47:53.110, 2041937906596, testhost.dll, SocketClient.Stop: Stop communication from server endpoint: 127.0.0.1:063247
TpTrace Verbose: 0 : 9496, 9, 2020/11/29, 17:47:53.110, 2041937906976, testhost.dll, LengthPrefixCommunicationChannel.Dispose: Dispose reader and writer.
TpTrace Information: 0 : 9496, 1, 2020/11/29, 17:47:53.110, 2041937908110, testhost.dll, SocketClient: Stop: Cancellation requested. Stopping message loop.
TpTrace Information: 0 : 9496, 9, 2020/11/29, 17:47:53.110, 2041937910325, testhost.dll, Closing the connection !
TpTrace Verbose: 0 : 9496, 1, 2020/11/29, 17:47:53.110, 2041937911931, testhost.dll, LengthPrefixCommunicationChannel.Dispose: Dispose reader and writer.
TpTrace Information: 0 : 9496, 1, 2020/11/29, 17:47:53.111, 2041937916624, testhost.dll, Testhost process exiting.
TpTrace Information: 0 : 9496, 9, 2020/11/29, 17:47:53.111, 2041937919416, testhost.dll, SocketClient.PrivateStop: Stop communication from server endpoint: 127.0.0.1:063247, error:
TpTrace Verbose: 0 : 9496, 9, 2020/11/29, 17:47:53.112, 2041937923271, testhost.dll, LengthPrefixCommunicationChannel.Dispose: Dispose reader and writer.
TpTrace Verbose: 0 : 9496, 9, 2020/11/29, 17:47:53.112, 2041937925713, testhost.dll, TcpClientExtensions.MessageLoopAsync: exiting MessageLoopAsync remoteEndPoint: [::ffff:127.0.0.1]:63247 localEndPoint: [::ffff:127.0.0.1]:63248
