TpTrace Information: 0 : 2544, 1, 2020/11/25, 00:47:16.400, 7731223346462, testhost.dll, DefaultEngineInvoker.Invoke: Testhost process started with args :[--port, 64312],[--endpoint, 127.0.0.1:064312],[--role, client],[--parentprocessid, 1984],[--diag, C:\Users\HP\Source\Repos\ekarahodza1\VVS_zadaca2\Hypo Banka\Unit Testovi\bin\Debug\fine-code-coverage\_outputfolder\diagnostics.host.20-11-25_00-47-16_16340_10.log],[--tracelevel, 4],[--datacollectionport, 64311],[--telemetryoptedin, false]
TpTrace Information: 0 : 2544, 1, 2020/11/25, 00:47:16.412, 7731223387092, testhost.dll, DefaultEngineInvoker.SetParentProcessExitCallback: Monitoring parent process with id: '1984'
TpTrace Information: 0 : 2544, 1, 2020/11/25, 00:47:16.431, 7731223579490, testhost.dll, DefaultEngineInvoker.GetConnectionInfo: Initialize communication on endpoint address: '127.0.0.1:064312'
TpTrace Information: 0 : 2544, 1, 2020/11/25, 00:47:16.463, 7731223897683, testhost.dll, SocketClient.Start: connecting to server endpoint: 127.0.0.1:064312
TpTrace Information: 0 : 2544, 1, 2020/11/25, 00:47:16.475, 7731224014644, testhost.dll, DefaultEngineInvoker.ConnectToDatacollector: Connecting to datacollector, port: 64311
TpTrace Information: 0 : 2544, 1, 2020/11/25, 00:47:16.481, 7731224080609, testhost.dll, Trying to connect to server on socket : 127.0.0.1:64311 
TpTrace Information: 0 : 2544, 5, 2020/11/25, 00:47:16.483, 7731224092243, testhost.dll, SocketClient.OnServerConnected: connected to server endpoint: 127.0.0.1:064312
TpTrace Verbose: 0 : 2544, 1, 2020/11/25, 00:47:16.483, 7731224092343, testhost.dll, SocketCommunicationManager : SetupClientAsync : Attempting to connect to the server.
TpTrace Verbose: 0 : 2544, 5, 2020/11/25, 00:47:16.489, 7731224160411, testhost.dll, Connected to server, and starting MessageLoopAsync
TpTrace Information: 0 : 2544, 9, 2020/11/25, 00:47:16.490, 7731224164377, testhost.dll, Connected to the server successfully 
TpTrace Information: 0 : 2544, 9, 2020/11/25, 00:47:16.490, 7731224165686, testhost.dll, Using the buffer size of 16384 bytes
TpTrace Information: 0 : 2544, 1, 2020/11/25, 00:47:16.491, 7731224173870, testhost.dll, DefaultEngineInvoker.Invoke: Start Request Processing.
TpTrace Verbose: 0 : 2544, 5, 2020/11/25, 00:47:16.495, 7731224216442, testhost.dll, TcpClientExtensions.MessageLoopAsync: Polling on remoteEndPoint: [::ffff:127.0.0.1]:64312 localEndPoint: [::ffff:127.0.0.1]:64313
TpTrace Verbose: 0 : 2544, 5, 2020/11/25, 00:47:16.496, 7731224223315, testhost.dll, TcpClientExtensions.MessageLoopAsync: NotifyDataAvailable remoteEndPoint: [::ffff:127.0.0.1]:64312 localEndPoint: [::ffff:127.0.0.1]:64313
TpTrace Information: 0 : 2544, 13, 2020/11/25, 00:47:16.496, 7731224228617, testhost.dll, DefaultEngineInvoker.StartProcessingAsync: Connected to vstest.console, Starting process requests.
TpTrace Information: 0 : 2544, 5, 2020/11/25, 00:47:16.755, 7731226820107, testhost.dll, TestRequestHandler.ProcessRequests: received message: (ProtocolVersion) -> 2
TpTrace Verbose: 0 : 2544, 5, 2020/11/25, 00:47:16.801, 7731227276497, testhost.dll, TestRequestHandler.SendData:  sending data from testhost: {"Version":2,"MessageType":"TestSession.Message","Payload":{"MessageLevel":0,"Message":"Logging TestHost Diagnostics in file: C:\\Users\\HP\\Source\\Repos\\ekarahodza1\\VVS_zadaca2\\Hypo Banka\\Unit Testovi\\bin\\Debug\\fine-code-coverage\\_outputfolder\\diagnostics.host.20-11-25_00-47-16_16340_10.log"}}
TpTrace Verbose: 0 : 2544, 5, 2020/11/25, 00:47:16.802, 7731227282845, testhost.dll, TcpClientExtensions.MessageLoopAsync: Polling on remoteEndPoint: [::ffff:127.0.0.1]:64312 localEndPoint: [::ffff:127.0.0.1]:64313
TpTrace Verbose: 0 : 2544, 5, 2020/11/25, 00:47:16.802, 7731227284584, testhost.dll, TcpClientExtensions.MessageLoopAsync: NotifyDataAvailable remoteEndPoint: [::ffff:127.0.0.1]:64312 localEndPoint: [::ffff:127.0.0.1]:64313
TpTrace Information: 0 : 2544, 5, 2020/11/25, 00:47:16.808, 7731227347609, testhost.dll, TestRequestHandler.ProcessRequests: received message: (TestExecution.Initialize) -> [
  "C:\\Users\\HP\\Source\\Repos\\ekarahodza1\\VVS_zadaca2\\Hypo Banka\\Unit Testovi\\bin\\Debug\\fine-code-coverage\\Microsoft.VisualStudio.TestPlatform.MSTest.TestAdapter.dll"
]
TpTrace Information: 0 : 2544, 5, 2020/11/25, 00:47:16.808, 7731227350633, testhost.dll, Execution Session Initialize.
TpTrace Verbose: 0 : 2544, 5, 2020/11/25, 00:47:16.819, 7731227452657, testhost.dll, TcpClientExtensions.MessageLoopAsync: Polling on remoteEndPoint: [::ffff:127.0.0.1]:64312 localEndPoint: [::ffff:127.0.0.1]:64313
TpTrace Verbose: 0 : 2544, 5, 2020/11/25, 00:47:16.819, 7731227454922, testhost.dll, TcpClientExtensions.MessageLoopAsync: NotifyDataAvailable remoteEndPoint: [::ffff:127.0.0.1]:64312 localEndPoint: [::ffff:127.0.0.1]:64313
TpTrace Verbose: 0 : 2544, 4, 2020/11/25, 00:47:16.822, 7731227486432, testhost.dll, TestExecutorService: Loading the extensions
TpTrace Information: 0 : 2544, 5, 2020/11/25, 00:47:16.824, 7731227503419, testhost.dll, TestRequestHandler.ProcessRequests: received message: (TestExecution.StartWithSources) -> {
  "AdapterSourceMap": {
    "_none_": [
      "C:\\Users\\HP\\Source\\Repos\\ekarahodza1\\VVS_zadaca2\\Hypo Banka\\Unit Testovi\\bin\\Debug\\fine-code-coverage\\Unit Testovi.dll"
    ]
  },
  "RunSettings": "<RunSettings>\r\n  <RunConfiguration>\r\n    <ResultsDirectory>C:\\Users\\HP\\Source\\Repos\\ekarahodza1\\VVS_zadaca2\\Hypo Banka\\Unit Testovi\\bin\\Debug\\fine-code-coverage\\_outputfolder</ResultsDirectory>\r\n    <TargetPlatform>X64</TargetPlatform>\r\n    <TargetFrameworkVersion>.NETCoreApp,Version=v3.1</TargetFrameworkVersion>\r\n    <DesignMode>False</DesignMode>\r\n    <CollectSourceInformation>False</CollectSourceInformation>\r\n  </RunConfiguration>\r\n  <LoggerRunSettings>\r\n    <Loggers>\r\n      <Logger friendlyName=\"blame\" enabled=\"True\" />\r\n      <Logger friendlyName=\"Console\" uri=\"logger://microsoft/TestPlatform/ConsoleLogger/v1\" assemblyQualifiedName=\"Microsoft.VisualStudio.TestPlatform.CommandLine.Internal.ConsoleLogger, vstest.console, Version=15.0.0.0, Culture=neutral, PublicKeyToken=b03f5f7f11d50a3a\" codeBase=\"C:\\Program Files\\dotnet\\sdk\\3.1.201\\vstest.console.dll\" enabled=\"True\" />\r\n    </Loggers>\r\n  </LoggerRunSettings>\r\n  <DataCollectionRunSettings>\r\n    <DataCollectors>\r\n      <DataCollector friendlyName=\"blame\" enabled=\"True\">\r\n        <Configuration>\r\n          <ResultsDirectory>C:\\Users\\HP\\Source\\Repos\\ekarahodza1\\VVS_zadaca2\\Hypo Banka\\Unit Testovi\\bin\\Debug\\fine-code-coverage\\_outputfolder</ResultsDirectory>\r\n        </Configuration>\r\n      </DataCollector>\r\n    </DataCollectors>\r\n  </DataCollectionRunSettings>\r\n</RunSettings>",
  "TestExecutionContext": {
    "FrequencyOfRunStatsChangeEvent": 10,
    "RunStatsChangeEventTimeout": "00:00:01.5000000",
    "InIsolation": false,
    "KeepAlive": false,
    "AreTestCaseLevelEventsRequired": false,
    "IsDebug": false,
    "TestCaseFilter": null,
    "FilterOptions": null
  },
  "Package": null
}
TpTrace Information: 0 : 2544, 5, 2020/11/25, 00:47:16.824, 7731227506255, testhost.dll, Execution started.
TpTrace Verbose: 0 : 2544, 4, 2020/11/25, 00:47:16.825, 7731227517453, testhost.dll, TestPluginCache.DiscoverTestExtensions: finding test extensions in assemblies endswith: TestAdapter.dll TPluginInfo: Microsoft.VisualStudio.TestPlatform.Common.ExtensionFramework.Utilities.TestExecutorPluginInformation TExtension: Microsoft.VisualStudio.TestPlatform.ObjectModel.Adapter.ITestExecutor
TpTrace Verbose: 0 : 2544, 4, 2020/11/25, 00:47:16.827, 7731227533886, testhost.dll, TestPluginCache.GetExtensionPaths: Filtered extension paths: 
TpTrace Verbose: 0 : 2544, 4, 2020/11/25, 00:47:16.827, 7731227539145, testhost.dll, TestPluginCache.GetExtensionPaths: Added default extension paths: C:\Users\HP\Source\Repos\ekarahodza1\VVS_zadaca2\Hypo Banka\Unit Testovi\bin\Debug\fine-code-coverage\Microsoft.VisualStudio.TestPlatform.MSTest.TestAdapter.dll
TpTrace Verbose: 0 : 2544, 4, 2020/11/25, 00:47:16.827, 7731227540266, testhost.dll, TestPluginCache.GetExtensionPaths: Added unfilterableExtensionPaths: 
TpTrace Information: 0 : 2544, 4, 2020/11/25, 00:47:16.830, 7731227568791, testhost.dll, AssemblyResolver.ctor: Creating AssemblyResolver with searchDirectories C:\Users\HP\Source\Repos\ekarahodza1\VVS_zadaca2\Hypo Banka\Unit Testovi\bin\Debug\fine-code-coverage
TpTrace Verbose: 0 : 2544, 4, 2020/11/25, 00:47:16.833, 7731227594538, testhost.dll, TestPluginCache.DiscoverTestExtensions: Discovering the extensions using extension path.
TpTrace Verbose: 0 : 2544, 4, 2020/11/25, 00:47:16.833, 7731227597644, testhost.dll, TestPluginCache.GetExtensionPaths: Filtered extension paths: 
TpTrace Verbose: 0 : 2544, 4, 2020/11/25, 00:47:16.833, 7731227598895, testhost.dll, TestPluginCache.GetExtensionPaths: Added default extension paths: C:\Users\HP\Source\Repos\ekarahodza1\VVS_zadaca2\Hypo Banka\Unit Testovi\bin\Debug\fine-code-coverage\Microsoft.VisualStudio.TestPlatform.MSTest.TestAdapter.dll
TpTrace Verbose: 0 : 2544, 4, 2020/11/25, 00:47:16.833, 7731227599764, testhost.dll, TestPluginCache.GetExtensionPaths: Added unfilterableExtensionPaths: 
TpTrace Verbose: 0 : 2544, 4, 2020/11/25, 00:47:16.833, 7731227601016, testhost.dll, TestPluginCache.DiscoverTestExtensions: Discovering the extensions using allExtensionPaths: C:\Users\HP\Source\Repos\ekarahodza1\VVS_zadaca2\Hypo Banka\Unit Testovi\bin\Debug\fine-code-coverage\Microsoft.VisualStudio.TestPlatform.MSTest.TestAdapter.dll
TpTrace Information: 0 : 2544, 4, 2020/11/25, 00:47:16.836, 7731227622615, testhost.dll, AssemblyResolver.AddSearchDirectories: Adding more searchDirectories C:\Users\HP\Source\Repos\ekarahodza1\VVS_zadaca2\Hypo Banka\Unit Testovi\bin\Debug\fine-code-coverage
TpTrace Information: 0 : 2544, 4, 2020/11/25, 00:47:16.843, 7731227697837, testhost.dll, AssemblyResolver.OnResolve: Microsoft.VisualStudio.TestPlatform.MSTest.TestAdapter: Resolving assembly.
TpTrace Information: 0 : 2544, 4, 2020/11/25, 00:47:16.846, 7731227728030, testhost.dll, AssemblyResolver.OnResolve: Resolved assembly: Microsoft.VisualStudio.TestPlatform.MSTest.TestAdapter, from path: C:\Users\HP\Source\Repos\ekarahodza1\VVS_zadaca2\Hypo Banka\Unit Testovi\bin\Debug\fine-code-coverage\Microsoft.VisualStudio.TestPlatform.MSTest.TestAdapter.dll
TpTrace Information: 0 : 2544, 4, 2020/11/25, 00:47:16.849, 7731227761226, testhost.dll, AssemblyResolver.OnResolve: Microsoft.VisualStudio.TestPlatform.MSTestAdapter.PlatformServices.Interface: Resolving assembly.
TpTrace Information: 0 : 2544, 4, 2020/11/25, 00:47:16.851, 7731227775680, testhost.dll, AssemblyResolver.OnResolve: Resolved assembly: Microsoft.VisualStudio.TestPlatform.MSTestAdapter.PlatformServices.Interface, from path: C:\Users\HP\Source\Repos\ekarahodza1\VVS_zadaca2\Hypo Banka\Unit Testovi\bin\Debug\fine-code-coverage\Microsoft.VisualStudio.TestPlatform.MSTestAdapter.PlatformServices.Interface.dll
TpTrace Information: 0 : 2544, 4, 2020/11/25, 00:47:16.851, 7731227781364, testhost.dll, AssemblyResolver.OnResolve: Microsoft.VisualStudio.TestPlatform.MSTestAdapter.PlatformServices: Resolving assembly.
TpTrace Information: 0 : 2544, 4, 2020/11/25, 00:47:16.853, 7731227795874, testhost.dll, AssemblyResolver.OnResolve: Resolved assembly: Microsoft.VisualStudio.TestPlatform.MSTestAdapter.PlatformServices, from path: C:\Users\HP\Source\Repos\ekarahodza1\VVS_zadaca2\Hypo Banka\Unit Testovi\bin\Debug\fine-code-coverage\Microsoft.VisualStudio.TestPlatform.MSTestAdapter.PlatformServices.dll
TpTrace Verbose: 0 : 2544, 4, 2020/11/25, 00:47:16.864, 7731227908528, testhost.dll, TestPluginCache: Discovered the extensions using extension path ''.
TpTrace Verbose: 0 : 2544, 4, 2020/11/25, 00:47:16.865, 7731227916833, testhost.dll, TestPluginCache: Discoverers are ''.
TpTrace Verbose: 0 : 2544, 4, 2020/11/25, 00:47:16.865, 7731227918859, testhost.dll, TestPluginCache: Executors are 'executor://MSTestAdapter/v2'.
TpTrace Verbose: 0 : 2544, 4, 2020/11/25, 00:47:16.865, 7731227921102, testhost.dll, TestPluginCache: Setting providers are ''.
TpTrace Verbose: 0 : 2544, 4, 2020/11/25, 00:47:16.866, 7731227923507, testhost.dll, TestPluginCache: Loggers are ''.
TpTrace Verbose: 0 : 2544, 5, 2020/11/25, 00:47:16.873, 7731227992302, testhost.dll, TcpClientExtensions.MessageLoopAsync: Polling on remoteEndPoint: [::ffff:127.0.0.1]:64312 localEndPoint: [::ffff:127.0.0.1]:64313
TpTrace Information: 0 : 2544, 4, 2020/11/25, 00:47:16.877, 7731228040819, testhost.dll, TestPluginManager.CreateTestExtension: Attempting to load test extension: Microsoft.VisualStudio.TestPlatform.MSTest.TestAdapter.MSTestExecutor
TpTrace Verbose: 0 : 2544, 4, 2020/11/25, 00:47:16.883, 7731228092535, testhost.dll, TestExecutorExtensionManager: Loading executor Microsoft.VisualStudio.TestPlatform.MSTest.TestAdapter.MSTestExecutor
TpTrace Verbose: 0 : 2544, 4, 2020/11/25, 00:47:16.883, 7731228094188, testhost.dll, TestExecutorService: Loaded the executors
TpTrace Verbose: 0 : 2544, 4, 2020/11/25, 00:47:16.884, 7731228111171, testhost.dll, TestPluginCache.DiscoverTestExtensions: finding test extensions in assemblies endswith: TestAdapter.dll TPluginInfo: Microsoft.VisualStudio.TestPlatform.Common.ExtensionFramework.Utilities.TestSettingsProviderPluginInformation TExtension: Microsoft.VisualStudio.TestPlatform.ObjectModel.Adapter.ISettingsProvider
TpTrace Verbose: 0 : 2544, 4, 2020/11/25, 00:47:16.885, 7731228120582, testhost.dll, TestPluginCache.GetExtensionPaths: Filtered extension paths: 
TpTrace Verbose: 0 : 2544, 4, 2020/11/25, 00:47:16.886, 7731228122100, testhost.dll, TestPluginCache.GetExtensionPaths: Added default extension paths: C:\Users\HP\Source\Repos\ekarahodza1\VVS_zadaca2\Hypo Banka\Unit Testovi\bin\Debug\fine-code-coverage\Microsoft.VisualStudio.TestPlatform.MSTest.TestAdapter.dll
TpTrace Verbose: 0 : 2544, 4, 2020/11/25, 00:47:16.886, 7731228122935, testhost.dll, TestPluginCache.GetExtensionPaths: Added unfilterableExtensionPaths: 
TpTrace Information: 0 : 2544, 4, 2020/11/25, 00:47:16.886, 7731228125683, testhost.dll, AssemblyResolver.AddSearchDirectories: Adding more searchDirectories C:\Users\HP\Source\Repos\ekarahodza1\VVS_zadaca2\Hypo Banka\Unit Testovi\bin\Debug\fine-code-coverage
TpTrace Verbose: 0 : 2544, 4, 2020/11/25, 00:47:16.886, 7731228128410, testhost.dll, TestPluginCache.DiscoverTestExtensions: Discovering the extensions using extension path.
TpTrace Verbose: 0 : 2544, 4, 2020/11/25, 00:47:16.886, 7731228130565, testhost.dll, TestPluginCache.GetExtensionPaths: Filtered extension paths: 
TpTrace Verbose: 0 : 2544, 4, 2020/11/25, 00:47:16.887, 7731228131795, testhost.dll, TestPluginCache.GetExtensionPaths: Added default extension paths: C:\Users\HP\Source\Repos\ekarahodza1\VVS_zadaca2\Hypo Banka\Unit Testovi\bin\Debug\fine-code-coverage\Microsoft.VisualStudio.TestPlatform.MSTest.TestAdapter.dll
TpTrace Verbose: 0 : 2544, 4, 2020/11/25, 00:47:16.887, 7731228132844, testhost.dll, TestPluginCache.GetExtensionPaths: Added unfilterableExtensionPaths: 
TpTrace Verbose: 0 : 2544, 4, 2020/11/25, 00:47:16.887, 7731228133969, testhost.dll, TestPluginCache.DiscoverTestExtensions: Discovering the extensions using allExtensionPaths: C:\Users\HP\Source\Repos\ekarahodza1\VVS_zadaca2\Hypo Banka\Unit Testovi\bin\Debug\fine-code-coverage\Microsoft.VisualStudio.TestPlatform.MSTest.TestAdapter.dll
TpTrace Information: 0 : 2544, 4, 2020/11/25, 00:47:16.887, 7731228135249, testhost.dll, AssemblyResolver.AddSearchDirectories: Adding more searchDirectories C:\Users\HP\Source\Repos\ekarahodza1\VVS_zadaca2\Hypo Banka\Unit Testovi\bin\Debug\fine-code-coverage
TpTrace Verbose: 0 : 2544, 4, 2020/11/25, 00:47:16.887, 7731228140131, testhost.dll, TestPluginCache: Discovered the extensions using extension path ''.
TpTrace Verbose: 0 : 2544, 4, 2020/11/25, 00:47:16.888, 7731228141741, testhost.dll, TestPluginCache: Discoverers are ''.
TpTrace Verbose: 0 : 2544, 4, 2020/11/25, 00:47:16.888, 7731228143062, testhost.dll, TestPluginCache: Executors are 'executor://MSTestAdapter/v2'.
TpTrace Verbose: 0 : 2544, 4, 2020/11/25, 00:47:16.888, 7731228144550, testhost.dll, TestPluginCache: Setting providers are ''.
TpTrace Verbose: 0 : 2544, 4, 2020/11/25, 00:47:16.888, 7731228145486, testhost.dll, TestPluginCache: Loggers are ''.
TpTrace Verbose: 0 : 2544, 4, 2020/11/25, 00:47:16.890, 7731228163518, testhost.dll, TestExecutorService: Loaded the settings providers
TpTrace Information: 0 : 2544, 4, 2020/11/25, 00:47:16.890, 7731228165671, testhost.dll, TestExecutorService: Loaded the extensions
TpTrace Information: 0 : 2544, 4, 2020/11/25, 00:47:16.986, 7731229131418, testhost.dll, TestDiscoveryManager: Discovering tests from sources C:\Users\HP\Source\Repos\ekarahodza1\VVS_zadaca2\Hypo Banka\Unit Testovi\bin\Debug\fine-code-coverage\Unit Testovi.dll
TpTrace Verbose: 0 : 2544, 4, 2020/11/25, 00:47:16.989, 7731229157754, testhost.dll, TestPluginCache.DiscoverTestExtensions: finding test extensions in assemblies endswith: TestAdapter.dll TPluginInfo: Microsoft.VisualStudio.TestPlatform.Common.ExtensionFramework.Utilities.TestDiscovererPluginInformation TExtension: Microsoft.VisualStudio.TestPlatform.ObjectModel.Adapter.ITestDiscoverer
TpTrace Verbose: 0 : 2544, 4, 2020/11/25, 00:47:16.989, 7731229160118, testhost.dll, TestPluginCache.GetExtensionPaths: Filtered extension paths: 
TpTrace Verbose: 0 : 2544, 4, 2020/11/25, 00:47:16.989, 7731229161137, testhost.dll, TestPluginCache.GetExtensionPaths: Added default extension paths: C:\Users\HP\Source\Repos\ekarahodza1\VVS_zadaca2\Hypo Banka\Unit Testovi\bin\Debug\fine-code-coverage\Microsoft.VisualStudio.TestPlatform.MSTest.TestAdapter.dll
TpTrace Verbose: 0 : 2544, 4, 2020/11/25, 00:47:16.990, 7731229161753, testhost.dll, TestPluginCache.GetExtensionPaths: Added unfilterableExtensionPaths: 
TpTrace Information: 0 : 2544, 4, 2020/11/25, 00:47:16.990, 7731229163426, testhost.dll, AssemblyResolver.AddSearchDirectories: Adding more searchDirectories C:\Users\HP\Source\Repos\ekarahodza1\VVS_zadaca2\Hypo Banka\Unit Testovi\bin\Debug\fine-code-coverage
TpTrace Verbose: 0 : 2544, 4, 2020/11/25, 00:47:16.990, 7731229164192, testhost.dll, TestPluginCache.DiscoverTestExtensions: Discovering the extensions using extension path.
TpTrace Verbose: 0 : 2544, 4, 2020/11/25, 00:47:16.990, 7731229164839, testhost.dll, TestPluginCache.GetExtensionPaths: Filtered extension paths: 
TpTrace Verbose: 0 : 2544, 4, 2020/11/25, 00:47:16.990, 7731229165413, testhost.dll, TestPluginCache.GetExtensionPaths: Added default extension paths: C:\Users\HP\Source\Repos\ekarahodza1\VVS_zadaca2\Hypo Banka\Unit Testovi\bin\Debug\fine-code-coverage\Microsoft.VisualStudio.TestPlatform.MSTest.TestAdapter.dll
TpTrace Verbose: 0 : 2544, 4, 2020/11/25, 00:47:16.990, 7731229166064, testhost.dll, TestPluginCache.GetExtensionPaths: Added unfilterableExtensionPaths: 
TpTrace Verbose: 0 : 2544, 4, 2020/11/25, 00:47:16.990, 7731229166672, testhost.dll, TestPluginCache.DiscoverTestExtensions: Discovering the extensions using allExtensionPaths: C:\Users\HP\Source\Repos\ekarahodza1\VVS_zadaca2\Hypo Banka\Unit Testovi\bin\Debug\fine-code-coverage\Microsoft.VisualStudio.TestPlatform.MSTest.TestAdapter.dll
TpTrace Information: 0 : 2544, 4, 2020/11/25, 00:47:16.990, 7731229167381, testhost.dll, AssemblyResolver.AddSearchDirectories: Adding more searchDirectories C:\Users\HP\Source\Repos\ekarahodza1\VVS_zadaca2\Hypo Banka\Unit Testovi\bin\Debug\fine-code-coverage
TpTrace Verbose: 0 : 2544, 4, 2020/11/25, 00:47:16.993, 7731229197327, testhost.dll, TestPluginCache: Discovered the extensions using extension path ''.
TpTrace Verbose: 0 : 2544, 4, 2020/11/25, 00:47:16.993, 7731229198881, testhost.dll, TestPluginCache: Discoverers are 'Microsoft.VisualStudio.TestPlatform.MSTest.TestAdapter.MSTestDiscoverer, Microsoft.VisualStudio.TestPlatform.MSTest.TestAdapter, Version=14.0.0.0, Culture=neutral, PublicKeyToken=b03f5f7f11d50a3a'.
TpTrace Verbose: 0 : 2544, 4, 2020/11/25, 00:47:16.993, 7731229199565, testhost.dll, TestPluginCache: Executors are 'executor://MSTestAdapter/v2'.
TpTrace Verbose: 0 : 2544, 4, 2020/11/25, 00:47:16.993, 7731229200151, testhost.dll, TestPluginCache: Setting providers are ''.
TpTrace Verbose: 0 : 2544, 4, 2020/11/25, 00:47:16.993, 7731229200719, testhost.dll, TestPluginCache: Loggers are ''.
TpTrace Verbose: 0 : 2544, 4, 2020/11/25, 00:47:16.999, 7731229258941, testhost.dll, BaseRunTests.RunTestInternalWithExecutors: Running tests for executor://MSTestAdapter/v2
TpTrace Information: 0 : 2544, 4, 2020/11/25, 00:47:17.070, 7731229964039, testhost.dll, AssemblyResolver.OnResolve: Microsoft.VisualStudio.TestPlatform.MSTestAdapter.PlatformServices.resources: Resolving assembly.
TpTrace Information: 0 : 2544, 4, 2020/11/25, 00:47:17.070, 7731229969275, testhost.dll, AssemblyResolver.OnResolve: Microsoft.VisualStudio.TestPlatform.MSTestAdapter.PlatformServices.resources: Failed to load assembly.
TpTrace Information: 0 : 2544, 4, 2020/11/25, 00:47:17.071, 7731229975814, testhost.dll, AssemblyResolver.OnResolve: Microsoft.VisualStudio.TestPlatform.MSTestAdapter.PlatformServices.resources: Resolving assembly.
TpTrace Information: 0 : 2544, 4, 2020/11/25, 00:47:17.071, 7731229977104, testhost.dll, AssemblyResolver.OnResolve: Microsoft.VisualStudio.TestPlatform.MSTestAdapter.PlatformServices.resources: Resolved from cache.
TpTrace Verbose: 0 : 2544, 4, 2020/11/25, 00:47:17.097, 7731230234709, testhost.dll, TestExecutionRecorder.RecordStart: Starting test: Unit_Testovi.KreditTest.provjeraRate.
TpTrace Verbose: 0 : 2544, 4, 2020/11/25, 00:47:17.291, 7731232179490, testhost.dll, TestExecutionRecorder.RecordEnd: test: Unit_Testovi.KreditTest.provjeraRate execution completed.
TpTrace Verbose: 0 : 2544, 4, 2020/11/25, 00:47:17.325, 7731232517131, testhost.dll, TestExecutionRecorder.RecordResult: Received result for test: Unit_Testovi.KreditTest.provjeraRate.
TpTrace Warning: 0 : 2544, 4, 2020/11/25, 00:47:17.330, 7731232564247, testhost.dll, InProgressTests is null
TpTrace Warning: 0 : 2544, 4, 2020/11/25, 00:47:17.332, 7731232587170, testhost.dll, TestRunCache: No test found corresponding to testResult 'provjeraRate  Passed' in inProgress list.
TpTrace Verbose: 0 : 2544, 4, 2020/11/25, 00:47:17.332, 7731232589244, testhost.dll, TestExecutionRecorder.RecordStart: Starting test: Unit_Testovi.NoviTestovi.TestZamjenskiObjekat.
TpTrace Information: 0 : 2544, 4, 2020/11/25, 00:47:17.341, 7731232679883, testhost.dll, AssemblyResolver.OnResolve: Microsoft.VisualStudio.TestPlatform.MSTest.TestAdapter.resources: Resolving assembly.
TpTrace Information: 0 : 2544, 4, 2020/11/25, 00:47:17.342, 7731232682480, testhost.dll, AssemblyResolver.OnResolve: Microsoft.VisualStudio.TestPlatform.MSTest.TestAdapter.resources: Failed to load assembly.
TpTrace Verbose: 0 : 2544, 4, 2020/11/25, 00:47:17.367, 7731232931932, testhost.dll, TestExecutionRecorder.RecordEnd: test: Unit_Testovi.NoviTestovi.TestZamjenskiObjekat execution completed.
TpTrace Verbose: 0 : 2544, 4, 2020/11/25, 00:47:17.368, 7731232949677, testhost.dll, TestExecutionRecorder.RecordResult: Received result for test: Unit_Testovi.NoviTestovi.TestZamjenskiObjekat.
TpTrace Warning: 0 : 2544, 4, 2020/11/25, 00:47:17.368, 7731232951047, testhost.dll, InProgressTests is null
TpTrace Warning: 0 : 2544, 4, 2020/11/25, 00:47:17.369, 7731232954659, testhost.dll, TestRunCache: No test found corresponding to testResult 'TestZamjenskiObjekat  Failed
  Message: Test method Unit_Testovi.NoviTestovi.TestZamjenskiObjekat threw exception: 
System.NotImplementedException: The method or operation is not implemented.
  StackTrace:
    at Hypo_Banka.Zahtjev.DaLiJePovoljan() in C:\Users\HP\Source\Repos\ekarahodza1\VVS_zadaca2\Hypo Banka\Hypo Banka\Zahtjev.cs:line 15
   at Hypo_Banka.Banka.OdobriKredit(IZahtjev zahtjev, Kredit kredit) in C:\Users\HP\Source\Repos\ekarahodza1\VVS_zadaca2\Hypo Banka\Hypo Banka\Banka.cs:line 107
   at Unit_Testovi.NoviTestovi.TestZamjenskiObjekat() in C:\Users\HP\Source\Repos\ekarahodza1\VVS_zadaca2\Hypo Banka\Unit Testovi\NoviTestovi.cs:line 25
' in inProgress list.
TpTrace Verbose: 0 : 2544, 4, 2020/11/25, 00:47:17.369, 7731232955711, testhost.dll, TestExecutionRecorder.RecordStart: Starting test: Unit_Testovi.NoviTestovi.TestSkidanjaIznosaSRačuna.
TpTrace Verbose: 0 : 2544, 4, 2020/11/25, 00:47:17.372, 7731232989209, testhost.dll, TestExecutionRecorder.RecordEnd: test: Unit_Testovi.NoviTestovi.TestSkidanjaIznosaSRačuna execution completed.
TpTrace Verbose: 0 : 2544, 4, 2020/11/25, 00:47:17.376, 7731233031226, testhost.dll, TestExecutionRecorder.RecordResult: Received result for test: Unit_Testovi.NoviTestovi.TestSkidanjaIznosaSRačuna.
TpTrace Warning: 0 : 2544, 4, 2020/11/25, 00:47:17.377, 7731233032536, testhost.dll, InProgressTests is null
TpTrace Warning: 0 : 2544, 4, 2020/11/25, 00:47:17.377, 7731233033330, testhost.dll, TestRunCache: No test found corresponding to testResult 'TestSkidanjaIznosaSRačuna  Failed
  Message: Test method Unit_Testovi.NoviTestovi.TestSkidanjaIznosaSRačuna threw exception: 
System.NotImplementedException: The method or operation is not implemented.
  StackTrace:
    at Hypo_Banka.Klijent.SkiniIznosSaNekogOdRačuna(Double ukupniIznos) in C:\Users\HP\Source\Repos\ekarahodza1\VVS_zadaca2\Hypo Banka\Hypo Banka\Klijent.cs:line 87
   at Unit_Testovi.NoviTestovi.TestSkidanjaIznosaSRačuna() in C:\Users\HP\Source\Repos\ekarahodza1\VVS_zadaca2\Hypo Banka\Unit Testovi\NoviTestovi.cs:line 43
' in inProgress list.
TpTrace Verbose: 0 : 2544, 4, 2020/11/25, 00:47:17.377, 7731233040553, testhost.dll, TestExecutionRecorder.RecordStart: Starting test: Unit_Testovi.NoviTestovi.TestSkidanjaIznosaSVišeRačuna.
TpTrace Verbose: 0 : 2544, 4, 2020/11/25, 00:47:17.380, 7731233070338, testhost.dll, TestExecutionRecorder.RecordEnd: test: Unit_Testovi.NoviTestovi.TestSkidanjaIznosaSVišeRačuna execution completed.
TpTrace Verbose: 0 : 2544, 4, 2020/11/25, 00:47:17.382, 7731233090876, testhost.dll, TestExecutionRecorder.RecordResult: Received result for test: Unit_Testovi.NoviTestovi.TestSkidanjaIznosaSVišeRačuna.
TpTrace Warning: 0 : 2544, 4, 2020/11/25, 00:47:17.383, 7731233092273, testhost.dll, InProgressTests is null
TpTrace Warning: 0 : 2544, 4, 2020/11/25, 00:47:17.383, 7731233093049, testhost.dll, TestRunCache: No test found corresponding to testResult 'TestSkidanjaIznosaSVišeRačuna  Failed
  Message: Test method Unit_Testovi.NoviTestovi.TestSkidanjaIznosaSVišeRačuna threw exception: 
System.NotImplementedException: The method or operation is not implemented.
  StackTrace:
    at Hypo_Banka.Klijent.SkiniIznosSaNekogOdRačuna(Double ukupniIznos) in C:\Users\HP\Source\Repos\ekarahodza1\VVS_zadaca2\Hypo Banka\Hypo Banka\Klijent.cs:line 87
   at Unit_Testovi.NoviTestovi.TestSkidanjaIznosaSVišeRačuna() in C:\Users\HP\Source\Repos\ekarahodza1\VVS_zadaca2\Hypo Banka\Unit Testovi\NoviTestovi.cs:line 62
' in inProgress list.
TpTrace Verbose: 0 : 2544, 4, 2020/11/25, 00:47:17.383, 7731233094097, testhost.dll, TestExecutionRecorder.RecordStart: Starting test: Unit_Testovi.NoviTestovi.TestSkidanjaIznosaIzuzetak.
TpTrace Information: 0 : 2544, 4, 2020/11/25, 00:47:17.386, 7731233130524, testhost.dll, AssemblyResolver.OnResolve: Microsoft.VisualStudio.TestPlatform.TestFramework.resources: Resolving assembly.
TpTrace Information: 0 : 2544, 4, 2020/11/25, 00:47:17.387, 7731233133303, testhost.dll, AssemblyResolver.OnResolve: Microsoft.VisualStudio.TestPlatform.TestFramework.resources: Failed to load assembly.
TpTrace Verbose: 0 : 2544, 4, 2020/11/25, 00:47:17.388, 7731233145836, testhost.dll, TestExecutionRecorder.RecordEnd: test: Unit_Testovi.NoviTestovi.TestSkidanjaIznosaIzuzetak execution completed.
TpTrace Verbose: 0 : 2544, 4, 2020/11/25, 00:47:17.389, 7731233161306, testhost.dll, TestExecutionRecorder.RecordResult: Received result for test: Unit_Testovi.NoviTestovi.TestSkidanjaIznosaIzuzetak.
TpTrace Warning: 0 : 2544, 4, 2020/11/25, 00:47:17.390, 7731233162568, testhost.dll, InProgressTests is null
TpTrace Warning: 0 : 2544, 4, 2020/11/25, 00:47:17.390, 7731233163341, testhost.dll, TestRunCache: No test found corresponding to testResult 'TestSkidanjaIznosaIzuzetak  Failed
  Message: Test method threw exception System.NotImplementedException, but exception System.InvalidOperationException was expected. Exception message: System.NotImplementedException: The method or operation is not implemented.
  StackTrace:
   at Hypo_Banka.Klijent.SkiniIznosSaNekogOdRačuna(Double ukupniIznos) in C:\Users\HP\Source\Repos\ekarahodza1\VVS_zadaca2\Hypo Banka\Hypo Banka\Klijent.cs:line 87
   at Unit_Testovi.NoviTestovi.TestSkidanjaIznosaIzuzetak() in C:\Users\HP\Source\Repos\ekarahodza1\VVS_zadaca2\Hypo Banka\Unit Testovi\NoviTestovi.cs:line 85
' in inProgress list.
TpTrace Verbose: 0 : 2544, 4, 2020/11/25, 00:47:17.392, 7731233184664, testhost.dll, BaseRunTests.RunTestInternalWithExecutors: Completed running tests for executor://MSTestAdapter/v2
TpTrace Information: 0 : 2544, 4, 2020/11/25, 00:47:17.397, 7731233234267, testhost.dll, Sending test run complete
TpTrace Verbose: 0 : 2544, 4, 2020/11/25, 00:47:17.442, 7731233684522, testhost.dll, TestRequestHandler.SendData:  sending data from testhost: {"Version":2,"MessageType":"TestExecution.Completed","Payload":{"TestRunCompleteArgs":{"TestRunStatistics":{"ExecutedTests":5,"Stats":{"Passed":1,"Failed":4}},"IsCanceled":false,"IsAborted":false,"Error":null,"AttachmentSets":[],"ElapsedTimeInRunningTests":"00:00:00.3964960","Metrics":{}},"LastRunTests":{"NewTestResults":[{"TestCase":{"Id":"76c30b20-4cc3-795d-8766-80fd65fb1760","FullyQualifiedName":"Unit_Testovi.KreditTest.provjeraRate","DisplayName":"provjeraRate","ExecutorUri":"executor://MSTestAdapter/v2","Source":"C:\\Users\\HP\\Source\\Repos\\ekarahodza1\\VVS_zadaca2\\Hypo Banka\\Unit Testovi\\bin\\Debug\\fine-code-coverage\\Unit Testovi.dll","CodeFilePath":null,"LineNumber":-1,"Properties":[{"Key":{"Id":"MSTestDiscoverer.TestClassName","Label":"ClassName","Category":"","Description":"","Attributes":1,"ValueType":"System.String"},"Value":"Unit_Testovi.KreditTest"},{"Key":{"Id":"TestObject.Traits","Label":"Traits","Category":"","Description":"","Attributes":5,"ValueType":"System.Collections.Generic.KeyValuePair`2[[System.String],[System.String]][]"},"Value":[]}]},"Attachments":[],"Outcome":1,"ErrorMessage":null,"ErrorStackTrace":null,"DisplayName":null,"Messages":[],"ComputerName":null,"Duration":"00:00:00.0269767","StartTime":"2020-11-25T00:47:17.2157911+01:00","EndTime":"2020-11-25T00:47:17.2859014+01:00","Properties":[{"Key":{"Id":"ExecutionId","Label":"ExecutionId","Category":"","Description":"","Attributes":1,"ValueType":"System.Guid"},"Value":"00000000-0000-0000-0000-000000000000"},{"Key":{"Id":"ParentExecId","Label":"ParentExecId","Category":"","Description":"","Attributes":1,"ValueType":"System.Guid"},"Value":"00000000-0000-0000-0000-000000000000"},{"Key":{"Id":"InnerResultsCount","Label":"InnerResultsCount","Category":"","Description":"","Attributes":1,"ValueType":"System.Int32"},"Value":0}]},{"TestCase":{"Id":"aef9dec6-1181-fac1-2596-b31421e8da47","FullyQualifiedName":"Unit_Testovi.NoviTestovi.TestZamjenskiObjekat","DisplayName":"TestZamjenskiObjekat","ExecutorUri":"executor://MSTestAdapter/v2","Source":"C:\\Users\\HP\\Source\\Repos\\ekarahodza1\\VVS_zadaca2\\Hypo Banka\\Unit Testovi\\bin\\Debug\\fine-code-coverage\\Unit Testovi.dll","CodeFilePath":null,"LineNumber":-1,"Properties":[{"Key":{"Id":"MSTestDiscoverer.TestClassName","Label":"ClassName","Category":"","Description":"","Attributes":1,"ValueType":"System.String"},"Value":"Unit_Testovi.NoviTestovi"},{"Key":{"Id":"TestObject.Traits","Label":"Traits","Category":"","Description":"","Attributes":5,"ValueType":"System.Collections.Generic.KeyValuePair`2[[System.String],[System.String]][]"},"Value":[]}]},"Attachments":[],"Outcome":2,"ErrorMessage":"Test method Unit_Testovi.NoviTestovi.TestZamjenskiObjekat threw exception: \r\nSystem.NotImplementedException: The method or operation is not implemented.","ErrorStackTrace":"    at Hypo_Banka.Zahtjev.DaLiJePovoljan() in C:\\Users\\HP\\Source\\Repos\\ekarahodza1\\VVS_zadaca2\\Hypo Banka\\Hypo Banka\\Zahtjev.cs:line 15\r\n   at Hypo_Banka.Banka.OdobriKredit(IZahtjev zahtjev, Kredit kredit) in C:\\Users\\HP\\Source\\Repos\\ekarahodza1\\VVS_zadaca2\\Hypo Banka\\Hypo Banka\\Banka.cs:line 107\r\n   at Unit_Testovi.NoviTestovi.TestZamjenskiObjekat() in C:\\Users\\HP\\Source\\Repos\\ekarahodza1\\VVS_zadaca2\\Hypo Banka\\Unit Testovi\\NoviTestovi.cs:line 25\r\n","DisplayName":null,"Messages":[],"ComputerName":null,"Duration":"00:00:00.0314204","StartTime":"2020-11-25T00:47:17.3344696+01:00","EndTime":"2020-11-25T00:47:17.3670185+01:00","Properties":[{"Key":{"Id":"ExecutionId","Label":"ExecutionId","Category":"","Description":"","Attributes":1,"ValueType":"System.Guid"},"Value":"00000000-0000-0000-0000-000000000000"},{"Key":{"Id":"ParentExecId","Label":"ParentExecId","Category":"","Description":"","Attributes":1,"ValueType":"System.Guid"},"Value":"00000000-0000-0000-0000-000000000000"},{"Key":{"Id":"InnerResultsCount","Label":"InnerResultsCount","Category":"","Description":"","Attributes":1,"ValueType":"System.Int32"},"Value":0}]},{"TestCase":{"Id":"5cf3213e-7f5b-3dd9-a044-6f83efb0a78d","FullyQualifiedName":"Unit_Testovi.NoviTestovi.TestSkidanjaIznosaSRačuna","DisplayName":"TestSkidanjaIznosaSRačuna","ExecutorUri":"executor://MSTestAdapter/v2","Source":"C:\\Users\\HP\\Source\\Repos\\ekarahodza1\\VVS_zadaca2\\Hypo Banka\\Unit Testovi\\bin\\Debug\\fine-code-coverage\\Unit Testovi.dll","CodeFilePath":null,"LineNumber":-1,"Properties":[{"Key":{"Id":"MSTestDiscoverer.TestClassName","Label":"ClassName","Category":"","Description":"","Attributes":1,"ValueType":"System.String"},"Value":"Unit_Testovi.NoviTestovi"},{"Key":{"Id":"TestObject.Traits","Label":"Traits","Category":"","Description":"","Attributes":5,"ValueType":"System.Collections.Generic.KeyValuePair`2[[System.String],[System.String]][]"},"Value":[]}]},"Attachments":[],"Outcome":2,"ErrorMessage":"Test method Unit_Testovi.NoviTestovi.TestSkidanjaIznosaSRačuna threw exception: \r\nSystem.NotImplementedException: The method or operation is not implemented.","ErrorStackTrace":"    at Hypo_Banka.Klijent.SkiniIznosSaNekogOdRačuna(Double ukupniIznos) in C:\\Users\\HP\\Source\\Repos\\ekarahodza1\\VVS_zadaca2\\Hypo Banka\\Hypo Banka\\Klijent.cs:line 87\r\n   at Unit_Testovi.NoviTestovi.TestSkidanjaIznosaSRačuna() in C:\\Users\\HP\\Source\\Repos\\ekarahodza1\\VVS_zadaca2\\Hypo Banka\\Unit Testovi\\NoviTestovi.cs:line 43\r\n","DisplayName":null,"Messages":[],"ComputerName":null,"Duration":"00:00:00.0010602","StartTime":"2020-11-25T00:47:17.3715242+01:00","EndTime":"2020-11-25T00:47:17.3727432+01:00","Properties":[{"Key":{"Id":"ExecutionId","Label":"ExecutionId","Category":"","Description":"","Attributes":1,"ValueType":"System.Guid"},"Value":"00000000-0000-0000-0000-000000000000"},{"Key":{"Id":"ParentExecId","Label":"ParentExecId","Category":"","Description":"","Attributes":1,"ValueType":"System.Guid"},"Value":"00000000-0000-0000-0000-000000000000"},{"Key":{"Id":"InnerResultsCount","Label":"InnerResultsCount","Category":"","Description":"","Attributes":1,"ValueType":"System.Int32"},"Value":0}]},{"TestCase":{"Id":"d1ff441f-0941-1549-c823-437ca7a58d70","FullyQualifiedName":"Unit_Testovi.NoviTestovi.TestSkidanjaIznosaSVišeRačuna","DisplayName":"TestSkidanjaIznosaSVišeRačuna","ExecutorUri":"executor://MSTestAdapter/v2","Source":"C:\\Users\\HP\\Source\\Repos\\ekarahodza1\\VVS_zadaca2\\Hypo Banka\\Unit Testovi\\bin\\Debug\\fine-code-coverage\\Unit Testovi.dll","CodeFilePath":null,"LineNumber":-1,"Properties":[{"Key":{"Id":"MSTestDiscoverer.TestClassName","Label":"ClassName","Category":"","Description":"","Attributes":1,"ValueType":"System.String"},"Value":"Unit_Testovi.NoviTestovi"},{"Key":{"Id":"TestObject.Traits","Label":"Traits","Category":"","Description":"","Attributes":5,"ValueType":"System.Collections.Generic.KeyValuePair`2[[System.String],[System.String]][]"},"Value":[]}]},"Attachments":[],"Outcome":2,"ErrorMessage":"Test method Unit_Testovi.NoviTestovi.TestSkidanjaIznosaSVišeRačuna threw exception: \r\nSystem.NotImplementedException: The method or operation is not implemented.","ErrorStackTrace":"    at Hypo_Banka.Klijent.SkiniIznosSaNekogOdRačuna(Double ukupniIznos) in C:\\Users\\HP\\Source\\Repos\\ekarahodza1\\VVS_zadaca2\\Hypo Banka\\Hypo Banka\\Klijent.cs:line 87\r\n   at Unit_Testovi.NoviTestovi.TestSkidanjaIznosaSVišeRačuna() in C:\\Users\\HP\\Source\\Repos\\ekarahodza1\\VVS_zadaca2\\Hypo Banka\\Unit Testovi\\NoviTestovi.cs:line 62\r\n","DisplayName":null,"Messages":[],"ComputerName":null,"Duration":"00:00:00.0013581","StartTime":"2020-11-25T00:47:17.3792443+01:00","EndTime":"2020-11-25T00:47:17.3807978+01:00","Properties":[{"Key":{"Id":"ExecutionId","Label":"ExecutionId","Category":"","Description":"","Attributes":1,"ValueType":"System.Guid"},"Value":"00000000-0000-0000-0000-000000000000"},{"Key":{"Id":"ParentExecId","Label":"ParentExecId","Category":"","Description":"","Attributes":1,"ValueType":"System.Guid"},"Value":"00000000-0000-0000-0000-000000000000"},{"Key":{"Id":"InnerResultsCount","Label":"InnerResultsCount","Category":"","Description":"","Attributes":1,"ValueType":"System.Int32"},"Value":0}]},{"TestCase":{"Id":"20af2549-b915-3c8e-c4f0-37793dba0a97","FullyQualifiedName":"Unit_Testovi.NoviTestovi.TestSkidanjaIznosaIzuzetak","DisplayName":"TestSkidanjaIznosaIzuzetak","ExecutorUri":"executor://MSTestAdapter/v2","Source":"C:\\Users\\HP\\Source\\Repos\\ekarahodza1\\VVS_zadaca2\\Hypo Banka\\Unit Testovi\\bin\\Debug\\fine-code-coverage\\Unit Testovi.dll","CodeFilePath":null,"LineNumber":-1,"Properties":[{"Key":{"Id":"MSTestDiscoverer.TestClassName","Label":"ClassName","Category":"","Description":"","Attributes":1,"ValueType":"System.String"},"Value":"Unit_Testovi.NoviTestovi"},{"Key":{"Id":"TestObject.Traits","Label":"Traits","Category":"","Description":"","Attributes":5,"ValueType":"System.Collections.Generic.KeyValuePair`2[[System.String],[System.String]][]"},"Value":[]}]},"Attachments":[],"Outcome":2,"ErrorMessage":"Test method threw exception System.NotImplementedException, but exception System.InvalidOperationException was expected. Exception message: System.NotImplementedException: The method or operation is not implemented.","ErrorStackTrace":"   at Hypo_Banka.Klijent.SkiniIznosSaNekogOdRačuna(Double ukupniIznos) in C:\\Users\\HP\\Source\\Repos\\ekarahodza1\\VVS_zadaca2\\Hypo Banka\\Hypo Banka\\Klijent.cs:line 87\r\n   at Unit_Testovi.NoviTestovi.TestSkidanjaIznosaIzuzetak() in C:\\Users\\HP\\Source\\Repos\\ekarahodza1\\VVS_zadaca2\\Hypo Banka\\Unit Testovi\\NoviTestovi.cs:line 85\r\n","DisplayName":null,"Messages":[],"ComputerName":null,"Duration":"00:00:00.0036416","StartTime":"2020-11-25T00:47:17.3845391+01:00","EndTime":"2020-11-25T00:47:17.3884192+01:00","Properties":[{"Key":{"Id":"ExecutionId","Label":"ExecutionId","Category":"","Description":"","Attributes":1,"ValueType":"System.Guid"},"Value":"00000000-0000-0000-0000-000000000000"},{"Key":{"Id":"ParentExecId","Label":"ParentExecId","Category":"","Description":"","Attributes":1,"ValueType":"System.Guid"},"Value":"00000000-0000-0000-0000-000000000000"},{"Key":{"Id":"InnerResultsCount","Label":"InnerResultsCount","Category":"","Description":"","Attributes":1,"ValueType":"System.Int32"},"Value":0}]}],"TestRunStatistics":{"ExecutedTests":5,"Stats":{"Passed":1,"Failed":4}},"ActiveTests":[]},"RunAttachments":[],"ExecutorUris":["executor://mstestadapter/v2"]}}
TpTrace Verbose: 0 : 2544, 4, 2020/11/25, 00:47:17.443, 7731233696481, testhost.dll, BaseRunTests.RunTests: Run is complete.
TpTrace Verbose: 0 : 2544, 5, 2020/11/25, 00:47:17.447, 7731233735137, testhost.dll, TcpClientExtensions.MessageLoopAsync: NotifyDataAvailable remoteEndPoint: [::ffff:127.0.0.1]:64312 localEndPoint: [::ffff:127.0.0.1]:64313
TpTrace Information: 0 : 2544, 5, 2020/11/25, 00:47:17.447, 7731233737789, testhost.dll, TestRequestHandler.ProcessRequests: received message: (TestSession.Terminate) -> null
TpTrace Information: 0 : 2544, 5, 2020/11/25, 00:47:17.447, 7731233738861, testhost.dll, Session End message received from server. Closing the connection.
TpTrace Information: 0 : 2544, 5, 2020/11/25, 00:47:17.448, 7731233745056, testhost.dll, SocketClient.Stop: Stop communication from server endpoint: 127.0.0.1:064312
TpTrace Information: 0 : 2544, 5, 2020/11/25, 00:47:17.448, 7731233746719, testhost.dll, SocketClient: Stop: Cancellation requested. Stopping message loop.
TpTrace Verbose: 0 : 2544, 5, 2020/11/25, 00:47:17.448, 7731233750872, testhost.dll, LengthPrefixCommunicationChannel.Dispose: Dispose reader and writer.
TpTrace Information: 0 : 2544, 5, 2020/11/25, 00:47:17.449, 7731233753131, testhost.dll, Closing the connection !
TpTrace Information: 0 : 2544, 1, 2020/11/25, 00:47:17.449, 7731233755295, testhost.dll, Closing the connection !
TpTrace Information: 0 : 2544, 1, 2020/11/25, 00:47:17.449, 7731233757190, testhost.dll, SocketClient.Stop: Stop communication from server endpoint: 127.0.0.1:064312
TpTrace Information: 0 : 2544, 5, 2020/11/25, 00:47:17.449, 7731233757847, testhost.dll, SocketClient.PrivateStop: Stop communication from server endpoint: 127.0.0.1:064312, error:
TpTrace Information: 0 : 2544, 1, 2020/11/25, 00:47:17.449, 7731233758564, testhost.dll, SocketClient: Stop: Cancellation requested. Stopping message loop.
TpTrace Verbose: 0 : 2544, 1, 2020/11/25, 00:47:17.449, 7731233760767, testhost.dll, LengthPrefixCommunicationChannel.Dispose: Dispose reader and writer.
TpTrace Verbose: 0 : 2544, 5, 2020/11/25, 00:47:17.450, 7731233761612, testhost.dll, LengthPrefixCommunicationChannel.Dispose: Dispose reader and writer.
TpTrace Information: 0 : 2544, 1, 2020/11/25, 00:47:17.450, 7731233762579, testhost.dll, Testhost process exiting.
TpTrace Verbose: 0 : 2544, 5, 2020/11/25, 00:47:17.450, 7731233762894, testhost.dll, TcpClientExtensions.MessageLoopAsync: exiting MessageLoopAsync remoteEndPoint: [::ffff:127.0.0.1]:64312 localEndPoint: [::ffff:127.0.0.1]:64313
