TpTrace Information: 0 : 11436, 1, 2020/12/02, 14:40:05.684, 207303532568, datacollector.dll, DataCollectorMain.Run: Starting data collector run with args: --port,54611,--parentprocessid,6708,--diag,C:\Users\dzene\Source\Repos\VVS_zadaca2.6\Hypo Banka\Unit Testovi\bin\Debug\fine-code-coverage\_outputfolder\diagnostics.datacollector.20-12-02_14-40-05_46637_4.log,--tracelevel,4
TpTrace Information: 0 : 11436, 1, 2020/12/02, 14:40:05.700, 207303594646, datacollector.dll, DataCollector: Monitoring parent process with id: '6708'
TpTrace Information: 0 : 11436, 1, 2020/12/02, 14:40:05.747, 207304067975, datacollector.dll, Trying to connect to server on socket : 127.0.0.1:54611 
TpTrace Verbose: 0 : 11436, 1, 2020/12/02, 14:40:05.782, 207304414860, datacollector.dll, SocketCommunicationManager : SetupClientAsync : Attempting to connect to the server.
TpTrace Information: 0 : 11436, 1, 2020/12/02, 14:40:05.810, 207304696999, datacollector.dll, Connected to the server successfully 
TpTrace Information: 0 : 11436, 1, 2020/12/02, 14:40:05.811, 207304699626, datacollector.dll, Using the buffer size of 16384 bytes
TpTrace Information: 0 : 11436, 1, 2020/12/02, 14:40:06.007, 207306666810, datacollector.dll, DataCollector: Start Request Processing.
TpTrace Information: 0 : 11436, 1, 2020/12/02, 14:40:06.021, 207306799806, datacollector.dll, DataCollectionRequestHandler.ProcessRequests : Datacollector received message: (DataCollection.BeforeTestRunStart) -> {
  "SettingsXml": "<RunSettings><RunConfiguration><ResultsDirectory>C:\\Users\\dzene\\Source\\Repos\\VVS_zadaca2.6\\Hypo Banka\\Unit Testovi\\bin\\Debug\\fine-code-coverage\\_outputfolder</ResultsDirectory><TargetPlatform>X64</TargetPlatform><TargetFrameworkVersion>.NETCoreApp,Version=v3.1</TargetFrameworkVersion><DesignMode>False</DesignMode><CollectSourceInformation>False</CollectSourceInformation><TestAdaptersPaths>C:\\Program Files\\dotnet\\sdk\\3.1.201\\Extensions</TestAdaptersPaths></RunConfiguration><LoggerRunSettings><Loggers><Logger friendlyName=\"blame\" enabled=\"True\" /><Logger friendlyName=\"Console\" uri=\"logger://microsoft/TestPlatform/ConsoleLogger/v1\" assemblyQualifiedName=\"Microsoft.VisualStudio.TestPlatform.CommandLine.Internal.ConsoleLogger, vstest.console, Version=15.0.0.0, Culture=neutral, PublicKeyToken=b03f5f7f11d50a3a\" codeBase=\"C:\\Program Files\\dotnet\\sdk\\3.1.201\\vstest.console.dll\" enabled=\"True\" /></Loggers></LoggerRunSettings><DataCollectionRunSettings><DataCollectors><DataCollector friendlyName=\"blame\" enabled=\"True\"><Configuration><ResultsDirectory>C:\\Users\\dzene\\Source\\Repos\\VVS_zadaca2.6\\Hypo Banka\\Unit Testovi\\bin\\Debug\\fine-code-coverage\\_outputfolder</ResultsDirectory></Configuration></DataCollector></DataCollectors></DataCollectionRunSettings></RunSettings>",
  "Sources": [
    "C:\\Users\\dzene\\Source\\Repos\\VVS_zadaca2.6\\Hypo Banka\\Unit Testovi\\bin\\Debug\\fine-code-coverage\\Unit Testovi.dll"
  ]
}
TpTrace Verbose: 0 : 11436, 1, 2020/12/02, 14:40:06.115, 207307746128, datacollector.dll, TestPluginCache: Update extensions started. Skip filter = False
TpTrace Verbose: 0 : 11436, 1, 2020/12/02, 14:40:06.117, 207307763295, datacollector.dll, TestPluginCache: Using directories for assembly resolution 'C:\Program Files\dotnet\sdk\3.1.201\Extensions'.
TpTrace Verbose: 0 : 11436, 1, 2020/12/02, 14:40:06.117, 207307765271, datacollector.dll, TestPluginCache: Updated the available extensions to 'C:\Program Files\dotnet\sdk\3.1.201\Extensions\Microsoft.TestPlatform.Extensions.BlameDataCollector.dll,C:\Program Files\dotnet\sdk\3.1.201\Extensions\Microsoft.TestPlatform.Extensions.EventLogCollector.dll'.
TpTrace Verbose: 0 : 11436, 1, 2020/12/02, 14:40:06.132, 207307915793, datacollector.dll, TestPluginCache.DiscoverTestExtensions: finding test extensions in assemblies endswith: Collector.dll TPluginInfo: Microsoft.VisualStudio.TestPlatform.Common.DataCollector.DataCollectorConfig TExtension: Microsoft.VisualStudio.TestPlatform.ObjectModel.DataCollection.DataCollector
TpTrace Verbose: 0 : 11436, 1, 2020/12/02, 14:40:06.133, 207307921231, datacollector.dll, TestPluginCache.GetExtensionPaths: Filtered extension paths: C:\Program Files\dotnet\sdk\3.1.201\Extensions\Microsoft.TestPlatform.Extensions.BlameDataCollector.dll
C:\Program Files\dotnet\sdk\3.1.201\Extensions\Microsoft.TestPlatform.Extensions.EventLogCollector.dll
TpTrace Verbose: 0 : 11436, 1, 2020/12/02, 14:40:06.133, 207307924685, datacollector.dll, TestPluginCache.GetExtensionPaths: Added default extension paths: 
TpTrace Verbose: 0 : 11436, 1, 2020/12/02, 14:40:06.133, 207307926763, datacollector.dll, TestPluginCache.GetExtensionPaths: Added unfilterableExtensionPaths: 
TpTrace Information: 0 : 11436, 1, 2020/12/02, 14:40:06.135, 207307942257, datacollector.dll, AssemblyResolver.ctor: Creating AssemblyResolver with searchDirectories C:\Program Files\dotnet\sdk\3.1.201\Extensions,C:\Program Files\dotnet\sdk\3.1.201
TpTrace Verbose: 0 : 11436, 1, 2020/12/02, 14:40:06.138, 207307976820, datacollector.dll, TestPluginCache.DiscoverTestExtensions: Discovering the extensions using extension path.
TpTrace Verbose: 0 : 11436, 1, 2020/12/02, 14:40:06.139, 207307981754, datacollector.dll, TestPluginCache.GetExtensionPaths: Filtered extension paths: C:\Program Files\dotnet\sdk\3.1.201\Extensions\Microsoft.TestPlatform.Extensions.BlameDataCollector.dll
C:\Program Files\dotnet\sdk\3.1.201\Extensions\Microsoft.TestPlatform.Extensions.EventLogCollector.dll
TpTrace Verbose: 0 : 11436, 1, 2020/12/02, 14:40:06.139, 207307983892, datacollector.dll, TestPluginCache.GetExtensionPaths: Added default extension paths: 
TpTrace Verbose: 0 : 11436, 1, 2020/12/02, 14:40:06.139, 207307985729, datacollector.dll, TestPluginCache.GetExtensionPaths: Added unfilterableExtensionPaths: 
TpTrace Verbose: 0 : 11436, 1, 2020/12/02, 14:40:06.139, 207307988277, datacollector.dll, TestPluginCache.DiscoverTestExtensions: Discovering the extensions using allExtensionPaths: C:\Program Files\dotnet\sdk\3.1.201\Extensions\Microsoft.TestPlatform.Extensions.BlameDataCollector.dll
C:\Program Files\dotnet\sdk\3.1.201\Extensions\Microsoft.TestPlatform.Extensions.EventLogCollector.dll
TpTrace Information: 0 : 11436, 1, 2020/12/02, 14:40:06.140, 207307991921, datacollector.dll, AssemblyResolver.AddSearchDirectories: Adding more searchDirectories C:\Program Files\dotnet\sdk\3.1.201\Extensions,C:\Program Files\dotnet\sdk\3.1.201
TpTrace Information: 0 : 11436, 1, 2020/12/02, 14:40:06.140, 207307994669, datacollector.dll, AssemblyResolver.AddSearchDirectories: Adding more searchDirectories C:\Program Files\dotnet\sdk\3.1.201\Extensions,C:\Program Files\dotnet\sdk\3.1.201
TpTrace Information: 0 : 11436, 1, 2020/12/02, 14:40:06.141, 207308007232, datacollector.dll, AssemblyResolver.OnResolve: Microsoft.TestPlatform.Extensions.BlameDataCollector: Resolving assembly.
TpTrace Information: 0 : 11436, 1, 2020/12/02, 14:40:06.144, 207308034687, datacollector.dll, AssemblyResolver.OnResolve: Resolved assembly: Microsoft.TestPlatform.Extensions.BlameDataCollector, from path: C:\Program Files\dotnet\sdk\3.1.201\Extensions\Microsoft.TestPlatform.Extensions.BlameDataCollector.dll
TpTrace Error: 0 : 11436, 1, 2020/12/02, 14:40:06.146, 207308049169, datacollector.dll, The type "Microsoft.TestPlatform.Extensions.BlameDataCollector.BlameCollector" defined in "Microsoft.TestPlatform.Extensions.BlameDataCollector.dll" does not have ExtensionUri attibute.
TpTrace Information: 0 : 11436, 1, 2020/12/02, 14:40:06.147, 207308062966, datacollector.dll, AssemblyResolver.OnResolve: Microsoft.TestPlatform.Extensions.EventLogCollector: Resolving assembly.
TpTrace Information: 0 : 11436, 1, 2020/12/02, 14:40:06.149, 207308080650, datacollector.dll, AssemblyResolver.OnResolve: Resolved assembly: Microsoft.TestPlatform.Extensions.EventLogCollector, from path: C:\Program Files\dotnet\sdk\3.1.201\Extensions\Microsoft.TestPlatform.Extensions.EventLogCollector.dll
TpTrace Error: 0 : 11436, 1, 2020/12/02, 14:40:06.152, 207308118008, datacollector.dll, The type "Microsoft.TestPlatform.Extensions.EventLogCollector.EventLogDataCollector" defined in "Microsoft.TestPlatform.Extensions.EventLogCollector.dll" does not have ExtensionUri attibute.
TpTrace Verbose: 0 : 11436, 1, 2020/12/02, 14:40:06.153, 207308128761, datacollector.dll, TestPluginCache: Discovered the extensions using extension path 'C:\Program Files\dotnet\sdk\3.1.201\Extensions\Microsoft.TestPlatform.Extensions.BlameDataCollector.dll,C:\Program Files\dotnet\sdk\3.1.201\Extensions\Microsoft.TestPlatform.Extensions.EventLogCollector.dll'.
TpTrace Verbose: 0 : 11436, 1, 2020/12/02, 14:40:06.154, 207308131426, datacollector.dll, TestPluginCache: Discoverers are ''.
TpTrace Verbose: 0 : 11436, 1, 2020/12/02, 14:40:06.154, 207308133329, datacollector.dll, TestPluginCache: Executors are ''.
TpTrace Verbose: 0 : 11436, 1, 2020/12/02, 14:40:06.154, 207308135125, datacollector.dll, TestPluginCache: Setting providers are ''.
TpTrace Verbose: 0 : 11436, 1, 2020/12/02, 14:40:06.154, 207308136874, datacollector.dll, TestPluginCache: Loggers are ''.
TpTrace Information: 0 : 11436, 1, 2020/12/02, 14:40:06.158, 207308171426, datacollector.dll, TestPluginManager.CreateTestExtension: Attempting to load test extension: Microsoft.TestPlatform.Extensions.BlameDataCollector.BlameCollector
TpTrace Error: 0 : 11436, 1, 2020/12/02, 14:40:06.158, 207308176074, datacollector.dll, The type "Microsoft.TestPlatform.Extensions.BlameDataCollector.BlameCollector" defined in "Microsoft.TestPlatform.Extensions.BlameDataCollector.dll" does not have ExtensionUri attibute.
TpTrace Information: 0 : 11436, 1, 2020/12/02, 14:40:06.171, 207308302686, datacollector.dll, Listening on Endpoint : 127.0.0.1:54613
TpTrace Information: 0 : 11436, 1, 2020/12/02, 14:40:06.191, 207308501330, datacollector.dll, DataCollectionRequestHandler.ProcessRequests : DataCollection started.
TpTrace Information: 0 : 11436, 1, 2020/12/02, 14:40:06.262, 207309210521, datacollector.dll, DataCollectionRequestHandler.ProcessRequests : Datacollector received message: (DataCollection.TestHostLaunched) -> {
  "ProcessId": 9476
}
TpTrace Information: 0 : 11436, 7, 2020/12/02, 14:40:06.595, 207312542679, datacollector.dll, Using the buffer size of 16384 bytes
TpTrace Information: 0 : 11436, 7, 2020/12/02, 14:40:06.595, 207312547567, datacollector.dll, Accepted Client request and set the flag
TpTrace Information: 0 : 11436, 4, 2020/12/02, 14:40:07.396, 207320559095, datacollector.dll, DataCollectionTestCaseEventHandler: Test case starting.
TpTrace Information: 0 : 11436, 4, 2020/12/02, 14:40:07.447, 207321062896, datacollector.dll, Blame Collector : Test Case Start
TpTrace Information: 0 : 11436, 4, 2020/12/02, 14:40:07.448, 207321070841, datacollector.dll, DataCollectionTestCaseEventHandler: Test case started.
TpTrace Information: 0 : 11436, 4, 2020/12/02, 14:40:07.532, 207321911463, datacollector.dll, DataCollectionTestCaseEventHandler : Test case completing.
TpTrace Information: 0 : 11436, 4, 2020/12/02, 14:40:07.537, 207321966575, datacollector.dll, Blame Collector : Test Case End
TpTrace Error: 0 : 11436, 4, 2020/12/02, 14:40:07.560, 207322194762, datacollector.dll, DataCollectionAttachmentManager.GetAttachments: Fail to get attachments: System.Collections.Generic.KeyNotFoundException: The given key 'Microsoft.VisualStudio.TestPlatform.ObjectModel.DataCollection.DataCollectionContext' was not present in the dictionary.
   at System.Collections.Generic.Dictionary`2.get_Item(TKey key)
   at Microsoft.VisualStudio.TestPlatform.Common.DataCollector.DataCollectionAttachmentManager.GetAttachments(DataCollectionContext dataCollectionContext) 
TpTrace Information: 0 : 11436, 4, 2020/12/02, 14:40:07.565, 207322242727, datacollector.dll, DataCollectionTestCaseEventHandler: Test case completed
TpTrace Information: 0 : 11436, 4, 2020/12/02, 14:40:07.583, 207322421964, datacollector.dll, DataCollectionTestCaseEventHandler: Test case starting.
TpTrace Information: 0 : 11436, 4, 2020/12/02, 14:40:07.583, 207322428088, datacollector.dll, Blame Collector : Test Case Start
TpTrace Information: 0 : 11436, 4, 2020/12/02, 14:40:07.584, 207322430974, datacollector.dll, DataCollectionTestCaseEventHandler: Test case started.
TpTrace Information: 0 : 11436, 4, 2020/12/02, 14:40:07.586, 207322448869, datacollector.dll, DataCollectionTestCaseEventHandler : Test case completing.
TpTrace Information: 0 : 11436, 4, 2020/12/02, 14:40:07.586, 207322455313, datacollector.dll, Blame Collector : Test Case End
TpTrace Error: 0 : 11436, 4, 2020/12/02, 14:40:07.587, 207322459108, datacollector.dll, DataCollectionAttachmentManager.GetAttachments: Fail to get attachments: System.Collections.Generic.KeyNotFoundException: The given key 'Microsoft.VisualStudio.TestPlatform.ObjectModel.DataCollection.DataCollectionContext' was not present in the dictionary.
   at System.Collections.Generic.Dictionary`2.get_Item(TKey key)
   at Microsoft.VisualStudio.TestPlatform.Common.DataCollector.DataCollectionAttachmentManager.GetAttachments(DataCollectionContext dataCollectionContext) 
TpTrace Information: 0 : 11436, 4, 2020/12/02, 14:40:07.587, 207322461958, datacollector.dll, DataCollectionTestCaseEventHandler: Test case completed
TpTrace Information: 0 : 11436, 4, 2020/12/02, 14:40:07.588, 207322475943, datacollector.dll, DataCollectionTestCaseEventHandler: Test case starting.
TpTrace Information: 0 : 11436, 4, 2020/12/02, 14:40:07.589, 207322481308, datacollector.dll, Blame Collector : Test Case Start
TpTrace Information: 0 : 11436, 4, 2020/12/02, 14:40:07.589, 207322483532, datacollector.dll, DataCollectionTestCaseEventHandler: Test case started.
TpTrace Information: 0 : 11436, 4, 2020/12/02, 14:40:07.611, 207322705133, datacollector.dll, DataCollectionTestCaseEventHandler : Test case completing.
TpTrace Information: 0 : 11436, 4, 2020/12/02, 14:40:07.616, 207322750855, datacollector.dll, Blame Collector : Test Case End
TpTrace Error: 0 : 11436, 4, 2020/12/02, 14:40:07.616, 207322754958, datacollector.dll, DataCollectionAttachmentManager.GetAttachments: Fail to get attachments: System.Collections.Generic.KeyNotFoundException: The given key 'Microsoft.VisualStudio.TestPlatform.ObjectModel.DataCollection.DataCollectionContext' was not present in the dictionary.
   at System.Collections.Generic.Dictionary`2.get_Item(TKey key)
   at Microsoft.VisualStudio.TestPlatform.Common.DataCollector.DataCollectionAttachmentManager.GetAttachments(DataCollectionContext dataCollectionContext) 
TpTrace Information: 0 : 11436, 4, 2020/12/02, 14:40:07.616, 207322757926, datacollector.dll, DataCollectionTestCaseEventHandler: Test case completed
TpTrace Information: 0 : 11436, 4, 2020/12/02, 14:40:07.619, 207322784480, datacollector.dll, DataCollectionTestCaseEventHandler: Test case starting.
TpTrace Information: 0 : 11436, 4, 2020/12/02, 14:40:07.620, 207322793963, datacollector.dll, Blame Collector : Test Case Start
TpTrace Information: 0 : 11436, 4, 2020/12/02, 14:40:07.620, 207322797972, datacollector.dll, DataCollectionTestCaseEventHandler: Test case started.
TpTrace Information: 0 : 11436, 4, 2020/12/02, 14:40:07.629, 207322882511, datacollector.dll, DataCollectionTestCaseEventHandler : Test case completing.
TpTrace Information: 0 : 11436, 4, 2020/12/02, 14:40:07.629, 207322888759, datacollector.dll, Blame Collector : Test Case End
TpTrace Error: 0 : 11436, 4, 2020/12/02, 14:40:07.630, 207322892074, datacollector.dll, DataCollectionAttachmentManager.GetAttachments: Fail to get attachments: System.Collections.Generic.KeyNotFoundException: The given key 'Microsoft.VisualStudio.TestPlatform.ObjectModel.DataCollection.DataCollectionContext' was not present in the dictionary.
   at System.Collections.Generic.Dictionary`2.get_Item(TKey key)
   at Microsoft.VisualStudio.TestPlatform.Common.DataCollector.DataCollectionAttachmentManager.GetAttachments(DataCollectionContext dataCollectionContext) 
TpTrace Information: 0 : 11436, 4, 2020/12/02, 14:40:07.630, 207322894876, datacollector.dll, DataCollectionTestCaseEventHandler: Test case completed
TpTrace Information: 0 : 11436, 4, 2020/12/02, 14:40:07.633, 207322922999, datacollector.dll, DataCollectionTestCaseEventHandler: Test case starting.
TpTrace Information: 0 : 11436, 4, 2020/12/02, 14:40:07.634, 207322933587, datacollector.dll, Blame Collector : Test Case Start
TpTrace Information: 0 : 11436, 4, 2020/12/02, 14:40:07.635, 207322941977, datacollector.dll, DataCollectionTestCaseEventHandler: Test case started.
TpTrace Information: 0 : 11436, 4, 2020/12/02, 14:40:07.638, 207322973246, datacollector.dll, DataCollectionTestCaseEventHandler : Test case completing.
TpTrace Information: 0 : 11436, 4, 2020/12/02, 14:40:07.639, 207322982818, datacollector.dll, Blame Collector : Test Case End
TpTrace Error: 0 : 11436, 4, 2020/12/02, 14:40:07.639, 207322987304, datacollector.dll, DataCollectionAttachmentManager.GetAttachments: Fail to get attachments: System.Collections.Generic.KeyNotFoundException: The given key 'Microsoft.VisualStudio.TestPlatform.ObjectModel.DataCollection.DataCollectionContext' was not present in the dictionary.
   at System.Collections.Generic.Dictionary`2.get_Item(TKey key)
   at Microsoft.VisualStudio.TestPlatform.Common.DataCollector.DataCollectionAttachmentManager.GetAttachments(DataCollectionContext dataCollectionContext) 
TpTrace Information: 0 : 11436, 4, 2020/12/02, 14:40:07.640, 207322992623, datacollector.dll, DataCollectionTestCaseEventHandler: Test case completed
TpTrace Information: 0 : 11436, 4, 2020/12/02, 14:40:07.642, 207323018022, datacollector.dll, DataCollectionTestCaseEventHandler: Test case starting.
TpTrace Information: 0 : 11436, 4, 2020/12/02, 14:40:07.643, 207323024741, datacollector.dll, Blame Collector : Test Case Start
TpTrace Information: 0 : 11436, 4, 2020/12/02, 14:40:07.643, 207323027316, datacollector.dll, DataCollectionTestCaseEventHandler: Test case started.
TpTrace Information: 0 : 11436, 4, 2020/12/02, 14:40:07.646, 207323051302, datacollector.dll, DataCollectionTestCaseEventHandler : Test case completing.
TpTrace Information: 0 : 11436, 4, 2020/12/02, 14:40:07.646, 207323057020, datacollector.dll, Blame Collector : Test Case End
TpTrace Error: 0 : 11436, 4, 2020/12/02, 14:40:07.647, 207323060367, datacollector.dll, DataCollectionAttachmentManager.GetAttachments: Fail to get attachments: System.Collections.Generic.KeyNotFoundException: The given key 'Microsoft.VisualStudio.TestPlatform.ObjectModel.DataCollection.DataCollectionContext' was not present in the dictionary.
   at System.Collections.Generic.Dictionary`2.get_Item(TKey key)
   at Microsoft.VisualStudio.TestPlatform.Common.DataCollector.DataCollectionAttachmentManager.GetAttachments(DataCollectionContext dataCollectionContext) 
TpTrace Information: 0 : 11436, 4, 2020/12/02, 14:40:07.647, 207323062965, datacollector.dll, DataCollectionTestCaseEventHandler: Test case completed
TpTrace Information: 0 : 11436, 4, 2020/12/02, 14:40:07.649, 207323082806, datacollector.dll, DataCollectionTestCaseEventHandler: Test case starting.
TpTrace Information: 0 : 11436, 4, 2020/12/02, 14:40:07.650, 207323092856, datacollector.dll, Blame Collector : Test Case Start
TpTrace Information: 0 : 11436, 4, 2020/12/02, 14:40:07.650, 207323096608, datacollector.dll, DataCollectionTestCaseEventHandler: Test case started.
TpTrace Information: 0 : 11436, 4, 2020/12/02, 14:40:07.661, 207323201909, datacollector.dll, DataCollectionTestCaseEventHandler : Test case completing.
TpTrace Information: 0 : 11436, 4, 2020/12/02, 14:40:07.662, 207323211922, datacollector.dll, Blame Collector : Test Case End
TpTrace Error: 0 : 11436, 4, 2020/12/02, 14:40:07.662, 207323216652, datacollector.dll, DataCollectionAttachmentManager.GetAttachments: Fail to get attachments: System.Collections.Generic.KeyNotFoundException: The given key 'Microsoft.VisualStudio.TestPlatform.ObjectModel.DataCollection.DataCollectionContext' was not present in the dictionary.
   at System.Collections.Generic.Dictionary`2.get_Item(TKey key)
   at Microsoft.VisualStudio.TestPlatform.Common.DataCollector.DataCollectionAttachmentManager.GetAttachments(DataCollectionContext dataCollectionContext) 
TpTrace Information: 0 : 11436, 4, 2020/12/02, 14:40:07.663, 207323220624, datacollector.dll, DataCollectionTestCaseEventHandler: Test case completed
TpTrace Information: 0 : 11436, 4, 2020/12/02, 14:40:07.664, 207323238797, datacollector.dll, DataCollectionTestCaseEventHandler: Test case starting.
TpTrace Information: 0 : 11436, 4, 2020/12/02, 14:40:07.665, 207323247581, datacollector.dll, Blame Collector : Test Case Start
TpTrace Information: 0 : 11436, 4, 2020/12/02, 14:40:07.666, 207323251300, datacollector.dll, DataCollectionTestCaseEventHandler: Test case started.
TpTrace Information: 0 : 11436, 4, 2020/12/02, 14:40:07.669, 207323281771, datacollector.dll, DataCollectionTestCaseEventHandler : Test case completing.
TpTrace Information: 0 : 11436, 4, 2020/12/02, 14:40:07.670, 207323292443, datacollector.dll, Blame Collector : Test Case End
TpTrace Error: 0 : 11436, 4, 2020/12/02, 14:40:07.670, 207323296451, datacollector.dll, DataCollectionAttachmentManager.GetAttachments: Fail to get attachments: System.Collections.Generic.KeyNotFoundException: The given key 'Microsoft.VisualStudio.TestPlatform.ObjectModel.DataCollection.DataCollectionContext' was not present in the dictionary.
   at System.Collections.Generic.Dictionary`2.get_Item(TKey key)
   at Microsoft.VisualStudio.TestPlatform.Common.DataCollector.DataCollectionAttachmentManager.GetAttachments(DataCollectionContext dataCollectionContext) 
TpTrace Information: 0 : 11436, 4, 2020/12/02, 14:40:07.671, 207323299326, datacollector.dll, DataCollectionTestCaseEventHandler: Test case completed
TpTrace Information: 0 : 11436, 4, 2020/12/02, 14:40:07.672, 207323314770, datacollector.dll, DataCollectionTestCaseEventHandler: Test case starting.
TpTrace Information: 0 : 11436, 4, 2020/12/02, 14:40:07.673, 207323320592, datacollector.dll, Blame Collector : Test Case Start
TpTrace Information: 0 : 11436, 4, 2020/12/02, 14:40:07.673, 207323323852, datacollector.dll, DataCollectionTestCaseEventHandler: Test case started.
TpTrace Information: 0 : 11436, 4, 2020/12/02, 14:40:07.676, 207323356562, datacollector.dll, DataCollectionTestCaseEventHandler : Test case completing.
TpTrace Information: 0 : 11436, 4, 2020/12/02, 14:40:07.677, 207323362696, datacollector.dll, Blame Collector : Test Case End
TpTrace Error: 0 : 11436, 4, 2020/12/02, 14:40:07.677, 207323365818, datacollector.dll, DataCollectionAttachmentManager.GetAttachments: Fail to get attachments: System.Collections.Generic.KeyNotFoundException: The given key 'Microsoft.VisualStudio.TestPlatform.ObjectModel.DataCollection.DataCollectionContext' was not present in the dictionary.
   at System.Collections.Generic.Dictionary`2.get_Item(TKey key)
   at Microsoft.VisualStudio.TestPlatform.Common.DataCollector.DataCollectionAttachmentManager.GetAttachments(DataCollectionContext dataCollectionContext) 
TpTrace Information: 0 : 11436, 4, 2020/12/02, 14:40:07.677, 207323368433, datacollector.dll, DataCollectionTestCaseEventHandler: Test case completed
TpTrace Information: 0 : 11436, 4, 2020/12/02, 14:40:07.755, 207324140008, datacollector.dll, DataCollectionTestCaseEventHandler: Test case starting.
TpTrace Information: 0 : 11436, 4, 2020/12/02, 14:40:07.755, 207324146041, datacollector.dll, Blame Collector : Test Case Start
TpTrace Information: 0 : 11436, 4, 2020/12/02, 14:40:07.755, 207324148760, datacollector.dll, DataCollectionTestCaseEventHandler: Test case started.
TpTrace Information: 0 : 11436, 4, 2020/12/02, 14:40:07.758, 207324177534, datacollector.dll, DataCollectionTestCaseEventHandler : Test case completing.
TpTrace Information: 0 : 11436, 4, 2020/12/02, 14:40:07.760, 207324189802, datacollector.dll, Blame Collector : Test Case End
TpTrace Error: 0 : 11436, 4, 2020/12/02, 14:40:07.760, 207324193469, datacollector.dll, DataCollectionAttachmentManager.GetAttachments: Fail to get attachments: System.Collections.Generic.KeyNotFoundException: The given key 'Microsoft.VisualStudio.TestPlatform.ObjectModel.DataCollection.DataCollectionContext' was not present in the dictionary.
   at System.Collections.Generic.Dictionary`2.get_Item(TKey key)
   at Microsoft.VisualStudio.TestPlatform.Common.DataCollector.DataCollectionAttachmentManager.GetAttachments(DataCollectionContext dataCollectionContext) 
TpTrace Information: 0 : 11436, 4, 2020/12/02, 14:40:07.760, 207324196563, datacollector.dll, DataCollectionTestCaseEventHandler: Test case completed
TpTrace Information: 0 : 11436, 4, 2020/12/02, 14:40:07.762, 207324210708, datacollector.dll, DataCollectionTestCaseEventHandler: Test case starting.
TpTrace Information: 0 : 11436, 4, 2020/12/02, 14:40:07.762, 207324216491, datacollector.dll, Blame Collector : Test Case Start
TpTrace Information: 0 : 11436, 4, 2020/12/02, 14:40:07.763, 207324219294, datacollector.dll, DataCollectionTestCaseEventHandler: Test case started.
TpTrace Information: 0 : 11436, 4, 2020/12/02, 14:40:07.769, 207324279721, datacollector.dll, DataCollectionTestCaseEventHandler : Test case completing.
TpTrace Information: 0 : 11436, 4, 2020/12/02, 14:40:07.769, 207324288743, datacollector.dll, Blame Collector : Test Case End
TpTrace Error: 0 : 11436, 4, 2020/12/02, 14:40:07.770, 207324293273, datacollector.dll, DataCollectionAttachmentManager.GetAttachments: Fail to get attachments: System.Collections.Generic.KeyNotFoundException: The given key 'Microsoft.VisualStudio.TestPlatform.ObjectModel.DataCollection.DataCollectionContext' was not present in the dictionary.
   at System.Collections.Generic.Dictionary`2.get_Item(TKey key)
   at Microsoft.VisualStudio.TestPlatform.Common.DataCollector.DataCollectionAttachmentManager.GetAttachments(DataCollectionContext dataCollectionContext) 
TpTrace Information: 0 : 11436, 4, 2020/12/02, 14:40:07.770, 207324297116, datacollector.dll, DataCollectionTestCaseEventHandler: Test case completed
TpTrace Information: 0 : 11436, 4, 2020/12/02, 14:40:07.772, 207324317085, datacollector.dll, DataCollectionTestCaseEventHandler: Test case starting.
TpTrace Information: 0 : 11436, 4, 2020/12/02, 14:40:07.773, 207324323151, datacollector.dll, Blame Collector : Test Case Start
TpTrace Information: 0 : 11436, 4, 2020/12/02, 14:40:07.773, 207324325656, datacollector.dll, DataCollectionTestCaseEventHandler: Test case started.
TpTrace Information: 0 : 11436, 4, 2020/12/02, 14:40:07.776, 207324357861, datacollector.dll, DataCollectionTestCaseEventHandler : Test case completing.
TpTrace Information: 0 : 11436, 4, 2020/12/02, 14:40:07.777, 207324364334, datacollector.dll, Blame Collector : Test Case End
TpTrace Error: 0 : 11436, 4, 2020/12/02, 14:40:07.777, 207324367677, datacollector.dll, DataCollectionAttachmentManager.GetAttachments: Fail to get attachments: System.Collections.Generic.KeyNotFoundException: The given key 'Microsoft.VisualStudio.TestPlatform.ObjectModel.DataCollection.DataCollectionContext' was not present in the dictionary.
   at System.Collections.Generic.Dictionary`2.get_Item(TKey key)
   at Microsoft.VisualStudio.TestPlatform.Common.DataCollector.DataCollectionAttachmentManager.GetAttachments(DataCollectionContext dataCollectionContext) 
TpTrace Information: 0 : 11436, 4, 2020/12/02, 14:40:07.778, 207324370553, datacollector.dll, DataCollectionTestCaseEventHandler: Test case completed
TpTrace Information: 0 : 11436, 4, 2020/12/02, 14:40:07.788, 207324475899, datacollector.dll, DataCollectionTestCaseEventHandler: Test case starting.
TpTrace Information: 0 : 11436, 4, 2020/12/02, 14:40:07.789, 207324482066, datacollector.dll, Blame Collector : Test Case Start
TpTrace Information: 0 : 11436, 4, 2020/12/02, 14:40:07.789, 207324484684, datacollector.dll, DataCollectionTestCaseEventHandler: Test case started.
TpTrace Information: 0 : 11436, 4, 2020/12/02, 14:40:07.793, 207324520335, datacollector.dll, DataCollectionTestCaseEventHandler : Test case completing.
TpTrace Information: 0 : 11436, 4, 2020/12/02, 14:40:07.794, 207324529440, datacollector.dll, Blame Collector : Test Case End
TpTrace Error: 0 : 11436, 4, 2020/12/02, 14:40:07.794, 207324534000, datacollector.dll, DataCollectionAttachmentManager.GetAttachments: Fail to get attachments: System.Collections.Generic.KeyNotFoundException: The given key 'Microsoft.VisualStudio.TestPlatform.ObjectModel.DataCollection.DataCollectionContext' was not present in the dictionary.
   at System.Collections.Generic.Dictionary`2.get_Item(TKey key)
   at Microsoft.VisualStudio.TestPlatform.Common.DataCollector.DataCollectionAttachmentManager.GetAttachments(DataCollectionContext dataCollectionContext) 
TpTrace Information: 0 : 11436, 4, 2020/12/02, 14:40:07.794, 207324537942, datacollector.dll, DataCollectionTestCaseEventHandler: Test case completed
TpTrace Information: 0 : 11436, 4, 2020/12/02, 14:40:07.796, 207324551962, datacollector.dll, DataCollectionTestCaseEventHandler: Test case starting.
TpTrace Information: 0 : 11436, 4, 2020/12/02, 14:40:07.796, 207324557848, datacollector.dll, Blame Collector : Test Case Start
TpTrace Information: 0 : 11436, 4, 2020/12/02, 14:40:07.797, 207324560217, datacollector.dll, DataCollectionTestCaseEventHandler: Test case started.
TpTrace Information: 0 : 11436, 4, 2020/12/02, 14:40:07.835, 207324944736, datacollector.dll, DataCollectionTestCaseEventHandler : Test case completing.
TpTrace Information: 0 : 11436, 4, 2020/12/02, 14:40:07.836, 207324953846, datacollector.dll, Blame Collector : Test Case End
TpTrace Error: 0 : 11436, 4, 2020/12/02, 14:40:07.836, 207324957365, datacollector.dll, DataCollectionAttachmentManager.GetAttachments: Fail to get attachments: System.Collections.Generic.KeyNotFoundException: The given key 'Microsoft.VisualStudio.TestPlatform.ObjectModel.DataCollection.DataCollectionContext' was not present in the dictionary.
   at System.Collections.Generic.Dictionary`2.get_Item(TKey key)
   at Microsoft.VisualStudio.TestPlatform.Common.DataCollector.DataCollectionAttachmentManager.GetAttachments(DataCollectionContext dataCollectionContext) 
TpTrace Information: 0 : 11436, 4, 2020/12/02, 14:40:07.837, 207324960674, datacollector.dll, DataCollectionTestCaseEventHandler: Test case completed
TpTrace Information: 0 : 11436, 4, 2020/12/02, 14:40:07.839, 207324986242, datacollector.dll, DataCollectionTestCaseEventHandler: Test case starting.
TpTrace Information: 0 : 11436, 4, 2020/12/02, 14:40:07.840, 207324995156, datacollector.dll, Blame Collector : Test Case Start
TpTrace Information: 0 : 11436, 4, 2020/12/02, 14:40:07.840, 207324998567, datacollector.dll, DataCollectionTestCaseEventHandler: Test case started.
TpTrace Information: 0 : 11436, 4, 2020/12/02, 14:40:07.844, 207325029787, datacollector.dll, DataCollectionTestCaseEventHandler : Test case completing.
TpTrace Information: 0 : 11436, 4, 2020/12/02, 14:40:07.844, 207325036283, datacollector.dll, Blame Collector : Test Case End
TpTrace Error: 0 : 11436, 4, 2020/12/02, 14:40:07.845, 207325039726, datacollector.dll, DataCollectionAttachmentManager.GetAttachments: Fail to get attachments: System.Collections.Generic.KeyNotFoundException: The given key 'Microsoft.VisualStudio.TestPlatform.ObjectModel.DataCollection.DataCollectionContext' was not present in the dictionary.
   at System.Collections.Generic.Dictionary`2.get_Item(TKey key)
   at Microsoft.VisualStudio.TestPlatform.Common.DataCollector.DataCollectionAttachmentManager.GetAttachments(DataCollectionContext dataCollectionContext) 
TpTrace Information: 0 : 11436, 4, 2020/12/02, 14:40:07.845, 207325042617, datacollector.dll, DataCollectionTestCaseEventHandler: Test case completed
TpTrace Information: 0 : 11436, 4, 2020/12/02, 14:40:07.847, 207325063393, datacollector.dll, DataCollectionTestCaseEventHandler: Test case starting.
TpTrace Information: 0 : 11436, 4, 2020/12/02, 14:40:07.848, 207325072640, datacollector.dll, Blame Collector : Test Case Start
TpTrace Information: 0 : 11436, 4, 2020/12/02, 14:40:07.848, 207325076134, datacollector.dll, DataCollectionTestCaseEventHandler: Test case started.
TpTrace Information: 0 : 11436, 4, 2020/12/02, 14:40:07.851, 207325102527, datacollector.dll, DataCollectionTestCaseEventHandler : Test case completing.
TpTrace Information: 0 : 11436, 4, 2020/12/02, 14:40:07.852, 207325111620, datacollector.dll, Blame Collector : Test Case End
TpTrace Error: 0 : 11436, 4, 2020/12/02, 14:40:07.852, 207325116380, datacollector.dll, DataCollectionAttachmentManager.GetAttachments: Fail to get attachments: System.Collections.Generic.KeyNotFoundException: The given key 'Microsoft.VisualStudio.TestPlatform.ObjectModel.DataCollection.DataCollectionContext' was not present in the dictionary.
   at System.Collections.Generic.Dictionary`2.get_Item(TKey key)
   at Microsoft.VisualStudio.TestPlatform.Common.DataCollector.DataCollectionAttachmentManager.GetAttachments(DataCollectionContext dataCollectionContext) 
TpTrace Information: 0 : 11436, 4, 2020/12/02, 14:40:07.853, 207325125844, datacollector.dll, DataCollectionTestCaseEventHandler: Test case completed
TpTrace Information: 0 : 11436, 4, 2020/12/02, 14:40:07.855, 207325146162, datacollector.dll, DataCollectionTestCaseEventHandler: Test case starting.
TpTrace Information: 0 : 11436, 4, 2020/12/02, 14:40:07.856, 207325152691, datacollector.dll, Blame Collector : Test Case Start
TpTrace Information: 0 : 11436, 4, 2020/12/02, 14:40:07.856, 207325155523, datacollector.dll, DataCollectionTestCaseEventHandler: Test case started.
TpTrace Information: 0 : 11436, 4, 2020/12/02, 14:40:07.859, 207325185780, datacollector.dll, DataCollectionTestCaseEventHandler : Test case completing.
TpTrace Information: 0 : 11436, 4, 2020/12/02, 14:40:07.860, 207325193887, datacollector.dll, Blame Collector : Test Case End
TpTrace Error: 0 : 11436, 4, 2020/12/02, 14:40:07.860, 207325197392, datacollector.dll, DataCollectionAttachmentManager.GetAttachments: Fail to get attachments: System.Collections.Generic.KeyNotFoundException: The given key 'Microsoft.VisualStudio.TestPlatform.ObjectModel.DataCollection.DataCollectionContext' was not present in the dictionary.
   at System.Collections.Generic.Dictionary`2.get_Item(TKey key)
   at Microsoft.VisualStudio.TestPlatform.Common.DataCollector.DataCollectionAttachmentManager.GetAttachments(DataCollectionContext dataCollectionContext) 
TpTrace Information: 0 : 11436, 4, 2020/12/02, 14:40:07.861, 207325200755, datacollector.dll, DataCollectionTestCaseEventHandler: Test case completed
TpTrace Information: 0 : 11436, 4, 2020/12/02, 14:40:07.862, 207325216738, datacollector.dll, DataCollectionTestCaseEventHandler: Test case starting.
TpTrace Information: 0 : 11436, 4, 2020/12/02, 14:40:07.863, 207325223371, datacollector.dll, Blame Collector : Test Case Start
TpTrace Information: 0 : 11436, 4, 2020/12/02, 14:40:07.863, 207325226090, datacollector.dll, DataCollectionTestCaseEventHandler: Test case started.
TpTrace Information: 0 : 11436, 4, 2020/12/02, 14:40:07.866, 207325249472, datacollector.dll, DataCollectionTestCaseEventHandler : Test case completing.
TpTrace Information: 0 : 11436, 4, 2020/12/02, 14:40:07.866, 207325258831, datacollector.dll, Blame Collector : Test Case End
TpTrace Error: 0 : 11436, 4, 2020/12/02, 14:40:07.867, 207325263505, datacollector.dll, DataCollectionAttachmentManager.GetAttachments: Fail to get attachments: System.Collections.Generic.KeyNotFoundException: The given key 'Microsoft.VisualStudio.TestPlatform.ObjectModel.DataCollection.DataCollectionContext' was not present in the dictionary.
   at System.Collections.Generic.Dictionary`2.get_Item(TKey key)
   at Microsoft.VisualStudio.TestPlatform.Common.DataCollector.DataCollectionAttachmentManager.GetAttachments(DataCollectionContext dataCollectionContext) 
TpTrace Information: 0 : 11436, 4, 2020/12/02, 14:40:07.867, 207325267370, datacollector.dll, DataCollectionTestCaseEventHandler: Test case completed
TpTrace Information: 0 : 11436, 4, 2020/12/02, 14:40:07.872, 207325317300, datacollector.dll, DataCollectionTestCaseEventHandler: Test case starting.
TpTrace Information: 0 : 11436, 4, 2020/12/02, 14:40:07.873, 207325323818, datacollector.dll, Blame Collector : Test Case Start
TpTrace Information: 0 : 11436, 4, 2020/12/02, 14:40:07.873, 207325326374, datacollector.dll, DataCollectionTestCaseEventHandler: Test case started.
TpTrace Information: 0 : 11436, 4, 2020/12/02, 14:40:07.883, 207325427059, datacollector.dll, DataCollectionTestCaseEventHandler : Test case completing.
TpTrace Information: 0 : 11436, 4, 2020/12/02, 14:40:07.884, 207325436799, datacollector.dll, Blame Collector : Test Case End
TpTrace Error: 0 : 11436, 4, 2020/12/02, 14:40:07.885, 207325441571, datacollector.dll, DataCollectionAttachmentManager.GetAttachments: Fail to get attachments: System.Collections.Generic.KeyNotFoundException: The given key 'Microsoft.VisualStudio.TestPlatform.ObjectModel.DataCollection.DataCollectionContext' was not present in the dictionary.
   at System.Collections.Generic.Dictionary`2.get_Item(TKey key)
   at Microsoft.VisualStudio.TestPlatform.Common.DataCollector.DataCollectionAttachmentManager.GetAttachments(DataCollectionContext dataCollectionContext) 
TpTrace Information: 0 : 11436, 4, 2020/12/02, 14:40:07.885, 207325445427, datacollector.dll, DataCollectionTestCaseEventHandler: Test case completed
TpTrace Information: 0 : 11436, 4, 2020/12/02, 14:40:07.889, 207325484045, datacollector.dll, DataCollectionTestCaseEventHandler: Test case starting.
TpTrace Information: 0 : 11436, 4, 2020/12/02, 14:40:07.890, 207325490090, datacollector.dll, Blame Collector : Test Case Start
TpTrace Information: 0 : 11436, 4, 2020/12/02, 14:40:07.890, 207325492422, datacollector.dll, DataCollectionTestCaseEventHandler: Test case started.
TpTrace Information: 0 : 11436, 4, 2020/12/02, 14:40:07.898, 207325573068, datacollector.dll, DataCollectionTestCaseEventHandler : Test case completing.
TpTrace Information: 0 : 11436, 4, 2020/12/02, 14:40:07.899, 207325579154, datacollector.dll, Blame Collector : Test Case End
TpTrace Error: 0 : 11436, 4, 2020/12/02, 14:40:07.899, 207325582335, datacollector.dll, DataCollectionAttachmentManager.GetAttachments: Fail to get attachments: System.Collections.Generic.KeyNotFoundException: The given key 'Microsoft.VisualStudio.TestPlatform.ObjectModel.DataCollection.DataCollectionContext' was not present in the dictionary.
   at System.Collections.Generic.Dictionary`2.get_Item(TKey key)
   at Microsoft.VisualStudio.TestPlatform.Common.DataCollector.DataCollectionAttachmentManager.GetAttachments(DataCollectionContext dataCollectionContext) 
TpTrace Information: 0 : 11436, 4, 2020/12/02, 14:40:07.899, 207325584786, datacollector.dll, DataCollectionTestCaseEventHandler: Test case completed
TpTrace Information: 0 : 11436, 4, 2020/12/02, 14:40:07.910, 207325689477, datacollector.dll, DataCollectionTestCaseEventHandler: Test case starting.
TpTrace Information: 0 : 11436, 4, 2020/12/02, 14:40:07.911, 207325699201, datacollector.dll, Blame Collector : Test Case Start
TpTrace Information: 0 : 11436, 4, 2020/12/02, 14:40:07.911, 207325702809, datacollector.dll, DataCollectionTestCaseEventHandler: Test case started.
TpTrace Information: 0 : 11436, 4, 2020/12/02, 14:40:07.914, 207325729869, datacollector.dll, DataCollectionTestCaseEventHandler : Test case completing.
TpTrace Information: 0 : 11436, 4, 2020/12/02, 14:40:07.914, 207325736058, datacollector.dll, Blame Collector : Test Case End
TpTrace Error: 0 : 11436, 4, 2020/12/02, 14:40:07.915, 207325739480, datacollector.dll, DataCollectionAttachmentManager.GetAttachments: Fail to get attachments: System.Collections.Generic.KeyNotFoundException: The given key 'Microsoft.VisualStudio.TestPlatform.ObjectModel.DataCollection.DataCollectionContext' was not present in the dictionary.
   at System.Collections.Generic.Dictionary`2.get_Item(TKey key)
   at Microsoft.VisualStudio.TestPlatform.Common.DataCollector.DataCollectionAttachmentManager.GetAttachments(DataCollectionContext dataCollectionContext) 
TpTrace Information: 0 : 11436, 4, 2020/12/02, 14:40:07.915, 207325742128, datacollector.dll, DataCollectionTestCaseEventHandler: Test case completed
TpTrace Information: 0 : 11436, 4, 2020/12/02, 14:40:07.916, 207325758825, datacollector.dll, DataCollectionTestCaseEventHandler: Test case starting.
TpTrace Information: 0 : 11436, 4, 2020/12/02, 14:40:07.917, 207325764833, datacollector.dll, Blame Collector : Test Case Start
TpTrace Information: 0 : 11436, 4, 2020/12/02, 14:40:07.917, 207325767996, datacollector.dll, DataCollectionTestCaseEventHandler: Test case started.
TpTrace Information: 0 : 11436, 4, 2020/12/02, 14:40:07.920, 207325797173, datacollector.dll, DataCollectionTestCaseEventHandler : Test case completing.
TpTrace Information: 0 : 11436, 4, 2020/12/02, 14:40:07.921, 207325803429, datacollector.dll, Blame Collector : Test Case End
TpTrace Error: 0 : 11436, 4, 2020/12/02, 14:40:07.921, 207325806744, datacollector.dll, DataCollectionAttachmentManager.GetAttachments: Fail to get attachments: System.Collections.Generic.KeyNotFoundException: The given key 'Microsoft.VisualStudio.TestPlatform.ObjectModel.DataCollection.DataCollectionContext' was not present in the dictionary.
   at System.Collections.Generic.Dictionary`2.get_Item(TKey key)
   at Microsoft.VisualStudio.TestPlatform.Common.DataCollector.DataCollectionAttachmentManager.GetAttachments(DataCollectionContext dataCollectionContext) 
TpTrace Information: 0 : 11436, 4, 2020/12/02, 14:40:07.922, 207325809332, datacollector.dll, DataCollectionTestCaseEventHandler: Test case completed
TpTrace Information: 0 : 11436, 4, 2020/12/02, 14:40:07.924, 207325829075, datacollector.dll, DataCollectionTestCaseEventHandler: Test case starting.
TpTrace Information: 0 : 11436, 4, 2020/12/02, 14:40:07.924, 207325838022, datacollector.dll, Blame Collector : Test Case Start
TpTrace Information: 0 : 11436, 4, 2020/12/02, 14:40:07.925, 207325841769, datacollector.dll, DataCollectionTestCaseEventHandler: Test case started.
TpTrace Information: 0 : 11436, 4, 2020/12/02, 14:40:07.932, 207325911355, datacollector.dll, DataCollectionTestCaseEventHandler : Test case completing.
TpTrace Information: 0 : 11436, 4, 2020/12/02, 14:40:07.932, 207325917741, datacollector.dll, Blame Collector : Test Case End
TpTrace Error: 0 : 11436, 4, 2020/12/02, 14:40:07.933, 207325921058, datacollector.dll, DataCollectionAttachmentManager.GetAttachments: Fail to get attachments: System.Collections.Generic.KeyNotFoundException: The given key 'Microsoft.VisualStudio.TestPlatform.ObjectModel.DataCollection.DataCollectionContext' was not present in the dictionary.
   at System.Collections.Generic.Dictionary`2.get_Item(TKey key)
   at Microsoft.VisualStudio.TestPlatform.Common.DataCollector.DataCollectionAttachmentManager.GetAttachments(DataCollectionContext dataCollectionContext) 
TpTrace Information: 0 : 11436, 4, 2020/12/02, 14:40:07.933, 207325923720, datacollector.dll, DataCollectionTestCaseEventHandler: Test case completed
TpTrace Information: 0 : 11436, 4, 2020/12/02, 14:40:07.935, 207325940136, datacollector.dll, DataCollectionTestCaseEventHandler: Test case starting.
TpTrace Information: 0 : 11436, 4, 2020/12/02, 14:40:07.935, 207325946977, datacollector.dll, Blame Collector : Test Case Start
TpTrace Information: 0 : 11436, 4, 2020/12/02, 14:40:07.936, 207325949364, datacollector.dll, DataCollectionTestCaseEventHandler: Test case started.
TpTrace Information: 0 : 11436, 4, 2020/12/02, 14:40:07.938, 207325974610, datacollector.dll, DataCollectionTestCaseEventHandler : Test case completing.
TpTrace Information: 0 : 11436, 4, 2020/12/02, 14:40:07.939, 207325980555, datacollector.dll, Blame Collector : Test Case End
TpTrace Error: 0 : 11436, 4, 2020/12/02, 14:40:07.939, 207325983825, datacollector.dll, DataCollectionAttachmentManager.GetAttachments: Fail to get attachments: System.Collections.Generic.KeyNotFoundException: The given key 'Microsoft.VisualStudio.TestPlatform.ObjectModel.DataCollection.DataCollectionContext' was not present in the dictionary.
   at System.Collections.Generic.Dictionary`2.get_Item(TKey key)
   at Microsoft.VisualStudio.TestPlatform.Common.DataCollector.DataCollectionAttachmentManager.GetAttachments(DataCollectionContext dataCollectionContext) 
TpTrace Information: 0 : 11436, 4, 2020/12/02, 14:40:07.939, 207325986417, datacollector.dll, DataCollectionTestCaseEventHandler: Test case completed
TpTrace Information: 0 : 11436, 4, 2020/12/02, 14:40:07.940, 207325998571, datacollector.dll, DataCollectionTestCaseEventHandler: Test case starting.
TpTrace Information: 0 : 11436, 4, 2020/12/02, 14:40:07.941, 207326004622, datacollector.dll, Blame Collector : Test Case Start
TpTrace Information: 0 : 11436, 4, 2020/12/02, 14:40:07.941, 207326007768, datacollector.dll, DataCollectionTestCaseEventHandler: Test case started.
TpTrace Information: 0 : 11436, 4, 2020/12/02, 14:40:07.945, 207326048221, datacollector.dll, DataCollectionTestCaseEventHandler : Test case completing.
TpTrace Information: 0 : 11436, 4, 2020/12/02, 14:40:07.946, 207326054259, datacollector.dll, Blame Collector : Test Case End
TpTrace Error: 0 : 11436, 4, 2020/12/02, 14:40:07.946, 207326057363, datacollector.dll, DataCollectionAttachmentManager.GetAttachments: Fail to get attachments: System.Collections.Generic.KeyNotFoundException: The given key 'Microsoft.VisualStudio.TestPlatform.ObjectModel.DataCollection.DataCollectionContext' was not present in the dictionary.
   at System.Collections.Generic.Dictionary`2.get_Item(TKey key)
   at Microsoft.VisualStudio.TestPlatform.Common.DataCollector.DataCollectionAttachmentManager.GetAttachments(DataCollectionContext dataCollectionContext) 
TpTrace Information: 0 : 11436, 4, 2020/12/02, 14:40:07.947, 207326060053, datacollector.dll, DataCollectionTestCaseEventHandler: Test case completed
TpTrace Information: 0 : 11436, 4, 2020/12/02, 14:40:07.953, 207326124040, datacollector.dll, DataCollectionTestCaseEventHandler: Test case starting.
TpTrace Information: 0 : 11436, 4, 2020/12/02, 14:40:07.954, 207326131440, datacollector.dll, Blame Collector : Test Case Start
TpTrace Information: 0 : 11436, 4, 2020/12/02, 14:40:07.954, 207326134253, datacollector.dll, DataCollectionTestCaseEventHandler: Test case started.
TpTrace Information: 0 : 11436, 4, 2020/12/02, 14:40:07.959, 207326188334, datacollector.dll, DataCollectionTestCaseEventHandler : Test case completing.
TpTrace Information: 0 : 11436, 4, 2020/12/02, 14:40:07.960, 207326194572, datacollector.dll, Blame Collector : Test Case End
TpTrace Error: 0 : 11436, 4, 2020/12/02, 14:40:07.960, 207326197926, datacollector.dll, DataCollectionAttachmentManager.GetAttachments: Fail to get attachments: System.Collections.Generic.KeyNotFoundException: The given key 'Microsoft.VisualStudio.TestPlatform.ObjectModel.DataCollection.DataCollectionContext' was not present in the dictionary.
   at System.Collections.Generic.Dictionary`2.get_Item(TKey key)
   at Microsoft.VisualStudio.TestPlatform.Common.DataCollector.DataCollectionAttachmentManager.GetAttachments(DataCollectionContext dataCollectionContext) 
TpTrace Information: 0 : 11436, 4, 2020/12/02, 14:40:07.961, 207326200699, datacollector.dll, DataCollectionTestCaseEventHandler: Test case completed
TpTrace Information: 0 : 11436, 4, 2020/12/02, 14:40:07.962, 207326215966, datacollector.dll, DataCollectionTestCaseEventHandler: Test case starting.
TpTrace Information: 0 : 11436, 4, 2020/12/02, 14:40:07.963, 207326226482, datacollector.dll, Blame Collector : Test Case Start
TpTrace Information: 0 : 11436, 4, 2020/12/02, 14:40:07.964, 207326229414, datacollector.dll, DataCollectionTestCaseEventHandler: Test case started.
TpTrace Information: 0 : 11436, 4, 2020/12/02, 14:40:07.967, 207326266773, datacollector.dll, DataCollectionTestCaseEventHandler : Test case completing.
TpTrace Information: 0 : 11436, 4, 2020/12/02, 14:40:07.968, 207326275982, datacollector.dll, Blame Collector : Test Case End
TpTrace Error: 0 : 11436, 4, 2020/12/02, 14:40:07.969, 207326280333, datacollector.dll, DataCollectionAttachmentManager.GetAttachments: Fail to get attachments: System.Collections.Generic.KeyNotFoundException: The given key 'Microsoft.VisualStudio.TestPlatform.ObjectModel.DataCollection.DataCollectionContext' was not present in the dictionary.
   at System.Collections.Generic.Dictionary`2.get_Item(TKey key)
   at Microsoft.VisualStudio.TestPlatform.Common.DataCollector.DataCollectionAttachmentManager.GetAttachments(DataCollectionContext dataCollectionContext) 
TpTrace Information: 0 : 11436, 4, 2020/12/02, 14:40:07.969, 207326283535, datacollector.dll, DataCollectionTestCaseEventHandler: Test case completed
TpTrace Information: 0 : 11436, 4, 2020/12/02, 14:40:07.970, 207326296963, datacollector.dll, DataCollectionTestCaseEventHandler: Test case starting.
TpTrace Information: 0 : 11436, 4, 2020/12/02, 14:40:07.971, 207326302552, datacollector.dll, Blame Collector : Test Case Start
TpTrace Information: 0 : 11436, 4, 2020/12/02, 14:40:07.971, 207326305485, datacollector.dll, DataCollectionTestCaseEventHandler: Test case started.
TpTrace Information: 0 : 11436, 4, 2020/12/02, 14:40:07.974, 207326330794, datacollector.dll, DataCollectionTestCaseEventHandler : Test case completing.
TpTrace Information: 0 : 11436, 4, 2020/12/02, 14:40:07.974, 207326338161, datacollector.dll, Blame Collector : Test Case End
TpTrace Error: 0 : 11436, 4, 2020/12/02, 14:40:07.975, 207326342497, datacollector.dll, DataCollectionAttachmentManager.GetAttachments: Fail to get attachments: System.Collections.Generic.KeyNotFoundException: The given key 'Microsoft.VisualStudio.TestPlatform.ObjectModel.DataCollection.DataCollectionContext' was not present in the dictionary.
   at System.Collections.Generic.Dictionary`2.get_Item(TKey key)
   at Microsoft.VisualStudio.TestPlatform.Common.DataCollector.DataCollectionAttachmentManager.GetAttachments(DataCollectionContext dataCollectionContext) 
TpTrace Information: 0 : 11436, 4, 2020/12/02, 14:40:07.975, 207326345247, datacollector.dll, DataCollectionTestCaseEventHandler: Test case completed
TpTrace Information: 0 : 11436, 4, 2020/12/02, 14:40:07.976, 207326358591, datacollector.dll, DataCollectionTestCaseEventHandler: Test case starting.
TpTrace Information: 0 : 11436, 4, 2020/12/02, 14:40:07.977, 207326364136, datacollector.dll, Blame Collector : Test Case Start
TpTrace Information: 0 : 11436, 4, 2020/12/02, 14:40:07.977, 207326366325, datacollector.dll, DataCollectionTestCaseEventHandler: Test case started.
TpTrace Information: 0 : 11436, 4, 2020/12/02, 14:40:07.979, 207326381584, datacollector.dll, DataCollectionTestCaseEventHandler : Test case completing.
TpTrace Information: 0 : 11436, 4, 2020/12/02, 14:40:07.979, 207326387056, datacollector.dll, Blame Collector : Test Case End
TpTrace Error: 0 : 11436, 4, 2020/12/02, 14:40:07.980, 207326390251, datacollector.dll, DataCollectionAttachmentManager.GetAttachments: Fail to get attachments: System.Collections.Generic.KeyNotFoundException: The given key 'Microsoft.VisualStudio.TestPlatform.ObjectModel.DataCollection.DataCollectionContext' was not present in the dictionary.
   at System.Collections.Generic.Dictionary`2.get_Item(TKey key)
   at Microsoft.VisualStudio.TestPlatform.Common.DataCollector.DataCollectionAttachmentManager.GetAttachments(DataCollectionContext dataCollectionContext) 
TpTrace Information: 0 : 11436, 4, 2020/12/02, 14:40:07.980, 207326392581, datacollector.dll, DataCollectionTestCaseEventHandler: Test case completed
TpTrace Information: 0 : 11436, 4, 2020/12/02, 14:40:07.981, 207326405556, datacollector.dll, DataCollectionTestCaseEventHandler: Test case starting.
TpTrace Information: 0 : 11436, 4, 2020/12/02, 14:40:07.982, 207326411254, datacollector.dll, Blame Collector : Test Case Start
TpTrace Information: 0 : 11436, 4, 2020/12/02, 14:40:07.982, 207326413801, datacollector.dll, DataCollectionTestCaseEventHandler: Test case started.
TpTrace Information: 0 : 11436, 4, 2020/12/02, 14:40:07.984, 207326431025, datacollector.dll, DataCollectionTestCaseEventHandler : Test case completing.
TpTrace Information: 0 : 11436, 4, 2020/12/02, 14:40:07.984, 207326436846, datacollector.dll, Blame Collector : Test Case End
TpTrace Error: 0 : 11436, 4, 2020/12/02, 14:40:07.985, 207326440359, datacollector.dll, DataCollectionAttachmentManager.GetAttachments: Fail to get attachments: System.Collections.Generic.KeyNotFoundException: The given key 'Microsoft.VisualStudio.TestPlatform.ObjectModel.DataCollection.DataCollectionContext' was not present in the dictionary.
   at System.Collections.Generic.Dictionary`2.get_Item(TKey key)
   at Microsoft.VisualStudio.TestPlatform.Common.DataCollector.DataCollectionAttachmentManager.GetAttachments(DataCollectionContext dataCollectionContext) 
TpTrace Information: 0 : 11436, 4, 2020/12/02, 14:40:07.985, 207326444308, datacollector.dll, DataCollectionTestCaseEventHandler: Test case completed
TpTrace Information: 0 : 11436, 4, 2020/12/02, 14:40:07.986, 207326458608, datacollector.dll, DataCollectionTestCaseEventHandler: Test case starting.
TpTrace Information: 0 : 11436, 4, 2020/12/02, 14:40:07.987, 207326464232, datacollector.dll, Blame Collector : Test Case Start
TpTrace Information: 0 : 11436, 4, 2020/12/02, 14:40:07.987, 207326466500, datacollector.dll, DataCollectionTestCaseEventHandler: Test case started.
TpTrace Information: 0 : 11436, 4, 2020/12/02, 14:40:07.990, 207326489200, datacollector.dll, DataCollectionTestCaseEventHandler : Test case completing.
TpTrace Information: 0 : 11436, 4, 2020/12/02, 14:40:07.990, 207326495761, datacollector.dll, Blame Collector : Test Case End
TpTrace Error: 0 : 11436, 4, 2020/12/02, 14:40:07.991, 207326499149, datacollector.dll, DataCollectionAttachmentManager.GetAttachments: Fail to get attachments: System.Collections.Generic.KeyNotFoundException: The given key 'Microsoft.VisualStudio.TestPlatform.ObjectModel.DataCollection.DataCollectionContext' was not present in the dictionary.
   at System.Collections.Generic.Dictionary`2.get_Item(TKey key)
   at Microsoft.VisualStudio.TestPlatform.Common.DataCollector.DataCollectionAttachmentManager.GetAttachments(DataCollectionContext dataCollectionContext) 
TpTrace Information: 0 : 11436, 4, 2020/12/02, 14:40:07.991, 207326501948, datacollector.dll, DataCollectionTestCaseEventHandler: Test case completed
TpTrace Information: 0 : 11436, 4, 2020/12/02, 14:40:07.992, 207326516323, datacollector.dll, DataCollectionTestCaseEventHandler: Test case starting.
TpTrace Information: 0 : 11436, 4, 2020/12/02, 14:40:07.993, 207326522058, datacollector.dll, Blame Collector : Test Case Start
TpTrace Information: 0 : 11436, 4, 2020/12/02, 14:40:07.993, 207326524256, datacollector.dll, DataCollectionTestCaseEventHandler: Test case started.
TpTrace Information: 0 : 11436, 4, 2020/12/02, 14:40:07.995, 207326540729, datacollector.dll, DataCollectionTestCaseEventHandler : Test case completing.
TpTrace Information: 0 : 11436, 4, 2020/12/02, 14:40:07.995, 207326546349, datacollector.dll, Blame Collector : Test Case End
TpTrace Error: 0 : 11436, 4, 2020/12/02, 14:40:07.996, 207326550381, datacollector.dll, DataCollectionAttachmentManager.GetAttachments: Fail to get attachments: System.Collections.Generic.KeyNotFoundException: The given key 'Microsoft.VisualStudio.TestPlatform.ObjectModel.DataCollection.DataCollectionContext' was not present in the dictionary.
   at System.Collections.Generic.Dictionary`2.get_Item(TKey key)
   at Microsoft.VisualStudio.TestPlatform.Common.DataCollector.DataCollectionAttachmentManager.GetAttachments(DataCollectionContext dataCollectionContext) 
TpTrace Information: 0 : 11436, 4, 2020/12/02, 14:40:07.996, 207326554166, datacollector.dll, DataCollectionTestCaseEventHandler: Test case completed
TpTrace Information: 0 : 11436, 4, 2020/12/02, 14:40:07.998, 207326569586, datacollector.dll, DataCollectionTestCaseEventHandler: Test case starting.
TpTrace Information: 0 : 11436, 4, 2020/12/02, 14:40:07.998, 207326575957, datacollector.dll, Blame Collector : Test Case Start
TpTrace Information: 0 : 11436, 4, 2020/12/02, 14:40:07.999, 207326579150, datacollector.dll, DataCollectionTestCaseEventHandler: Test case started.
TpTrace Information: 0 : 11436, 4, 2020/12/02, 14:40:08.001, 207326600564, datacollector.dll, DataCollectionTestCaseEventHandler : Test case completing.
TpTrace Information: 0 : 11436, 4, 2020/12/02, 14:40:08.001, 207326606279, datacollector.dll, Blame Collector : Test Case End
TpTrace Error: 0 : 11436, 4, 2020/12/02, 14:40:08.002, 207326609326, datacollector.dll, DataCollectionAttachmentManager.GetAttachments: Fail to get attachments: System.Collections.Generic.KeyNotFoundException: The given key 'Microsoft.VisualStudio.TestPlatform.ObjectModel.DataCollection.DataCollectionContext' was not present in the dictionary.
   at System.Collections.Generic.Dictionary`2.get_Item(TKey key)
   at Microsoft.VisualStudio.TestPlatform.Common.DataCollector.DataCollectionAttachmentManager.GetAttachments(DataCollectionContext dataCollectionContext) 
TpTrace Information: 0 : 11436, 4, 2020/12/02, 14:40:08.002, 207326611975, datacollector.dll, DataCollectionTestCaseEventHandler: Test case completed
TpTrace Information: 0 : 11436, 4, 2020/12/02, 14:40:08.006, 207326654690, datacollector.dll, DataCollectionTestCaseEventHandler: Test case starting.
TpTrace Information: 0 : 11436, 4, 2020/12/02, 14:40:08.007, 207326663742, datacollector.dll, Blame Collector : Test Case Start
TpTrace Information: 0 : 11436, 4, 2020/12/02, 14:40:08.007, 207326667134, datacollector.dll, DataCollectionTestCaseEventHandler: Test case started.
TpTrace Information: 0 : 11436, 4, 2020/12/02, 14:40:08.009, 207326687748, datacollector.dll, DataCollectionTestCaseEventHandler : Test case completing.
TpTrace Information: 0 : 11436, 4, 2020/12/02, 14:40:08.010, 207326696654, datacollector.dll, Blame Collector : Test Case End
TpTrace Error: 0 : 11436, 4, 2020/12/02, 14:40:08.011, 207326701443, datacollector.dll, DataCollectionAttachmentManager.GetAttachments: Fail to get attachments: System.Collections.Generic.KeyNotFoundException: The given key 'Microsoft.VisualStudio.TestPlatform.ObjectModel.DataCollection.DataCollectionContext' was not present in the dictionary.
   at System.Collections.Generic.Dictionary`2.get_Item(TKey key)
   at Microsoft.VisualStudio.TestPlatform.Common.DataCollector.DataCollectionAttachmentManager.GetAttachments(DataCollectionContext dataCollectionContext) 
TpTrace Information: 0 : 11436, 4, 2020/12/02, 14:40:08.011, 207326705080, datacollector.dll, DataCollectionTestCaseEventHandler: Test case completed
TpTrace Information: 0 : 11436, 4, 2020/12/02, 14:40:08.013, 207326720194, datacollector.dll, DataCollectionTestCaseEventHandler: Test case starting.
TpTrace Information: 0 : 11436, 4, 2020/12/02, 14:40:08.014, 207326728935, datacollector.dll, Blame Collector : Test Case Start
TpTrace Information: 0 : 11436, 4, 2020/12/02, 14:40:08.014, 207326732389, datacollector.dll, DataCollectionTestCaseEventHandler: Test case started.
TpTrace Information: 0 : 11436, 4, 2020/12/02, 14:40:08.019, 207326779989, datacollector.dll, DataCollectionTestCaseEventHandler : Test case completing.
TpTrace Information: 0 : 11436, 4, 2020/12/02, 14:40:08.020, 207326789286, datacollector.dll, Blame Collector : Test Case End
TpTrace Error: 0 : 11436, 4, 2020/12/02, 14:40:08.020, 207326792945, datacollector.dll, DataCollectionAttachmentManager.GetAttachments: Fail to get attachments: System.Collections.Generic.KeyNotFoundException: The given key 'Microsoft.VisualStudio.TestPlatform.ObjectModel.DataCollection.DataCollectionContext' was not present in the dictionary.
   at System.Collections.Generic.Dictionary`2.get_Item(TKey key)
   at Microsoft.VisualStudio.TestPlatform.Common.DataCollector.DataCollectionAttachmentManager.GetAttachments(DataCollectionContext dataCollectionContext) 
TpTrace Information: 0 : 11436, 4, 2020/12/02, 14:40:08.020, 207326796028, datacollector.dll, DataCollectionTestCaseEventHandler: Test case completed
TpTrace Information: 0 : 11436, 4, 2020/12/02, 14:40:08.024, 207326829610, datacollector.dll, DataCollectionTestCaseEventHandler: Test case starting.
TpTrace Information: 0 : 11436, 4, 2020/12/02, 14:40:08.024, 207326835480, datacollector.dll, Blame Collector : Test Case Start
TpTrace Information: 0 : 11436, 4, 2020/12/02, 14:40:08.024, 207326837965, datacollector.dll, DataCollectionTestCaseEventHandler: Test case started.
TpTrace Information: 0 : 11436, 4, 2020/12/02, 14:40:08.028, 207326873247, datacollector.dll, DataCollectionTestCaseEventHandler : Test case completing.
TpTrace Information: 0 : 11436, 4, 2020/12/02, 14:40:08.029, 207326880417, datacollector.dll, Blame Collector : Test Case End
TpTrace Error: 0 : 11436, 4, 2020/12/02, 14:40:08.029, 207326884681, datacollector.dll, DataCollectionAttachmentManager.GetAttachments: Fail to get attachments: System.Collections.Generic.KeyNotFoundException: The given key 'Microsoft.VisualStudio.TestPlatform.ObjectModel.DataCollection.DataCollectionContext' was not present in the dictionary.
   at System.Collections.Generic.Dictionary`2.get_Item(TKey key)
   at Microsoft.VisualStudio.TestPlatform.Common.DataCollector.DataCollectionAttachmentManager.GetAttachments(DataCollectionContext dataCollectionContext) 
TpTrace Information: 0 : 11436, 4, 2020/12/02, 14:40:08.030, 207326889124, datacollector.dll, DataCollectionTestCaseEventHandler: Test case completed
TpTrace Information: 0 : 11436, 4, 2020/12/02, 14:40:08.036, 207326956343, datacollector.dll, DataCollectionTestCaseEventHandler: Test case starting.
TpTrace Information: 0 : 11436, 4, 2020/12/02, 14:40:08.042, 207327015796, datacollector.dll, Blame Collector : Test Case Start
TpTrace Information: 0 : 11436, 4, 2020/12/02, 14:40:08.043, 207327025609, datacollector.dll, DataCollectionTestCaseEventHandler: Test case started.
TpTrace Information: 0 : 11436, 4, 2020/12/02, 14:40:08.050, 207327092160, datacollector.dll, DataCollectionTestCaseEventHandler : Test case completing.
TpTrace Information: 0 : 11436, 4, 2020/12/02, 14:40:08.052, 207327115146, datacollector.dll, Blame Collector : Test Case End
TpTrace Error: 0 : 11436, 4, 2020/12/02, 14:40:08.054, 207327130669, datacollector.dll, DataCollectionAttachmentManager.GetAttachments: Fail to get attachments: System.Collections.Generic.KeyNotFoundException: The given key 'Microsoft.VisualStudio.TestPlatform.ObjectModel.DataCollection.DataCollectionContext' was not present in the dictionary.
   at System.Collections.Generic.Dictionary`2.get_Item(TKey key)
   at Microsoft.VisualStudio.TestPlatform.Common.DataCollector.DataCollectionAttachmentManager.GetAttachments(DataCollectionContext dataCollectionContext) 
TpTrace Information: 0 : 11436, 4, 2020/12/02, 14:40:08.055, 207327141885, datacollector.dll, DataCollectionTestCaseEventHandler: Test case completed
TpTrace Information: 0 : 11436, 4, 2020/12/02, 14:40:08.064, 207327235239, datacollector.dll, DataCollectionTestCaseEventHandler: Test session ended
TpTrace Information: 0 : 11436, 1, 2020/12/02, 14:40:08.173, 207328323957, datacollector.dll, DataCollectionRequestHandler.ProcessRequests : Datacollector received message: (DataCollection.AfterTestRunEnd) -> false
TpTrace Information: 0 : 11436, 1, 2020/12/02, 14:40:08.175, 207328343090, datacollector.dll, Blame Collector : Session End
TpTrace Error: 0 : 11436, 1, 2020/12/02, 14:40:08.176, 207328352482, datacollector.dll, DataCollectionAttachmentManager.GetAttachments: Fail to get attachments: System.Collections.Generic.KeyNotFoundException: The given key 'Microsoft.VisualStudio.TestPlatform.ObjectModel.DataCollection.DataCollectionContext' was not present in the dictionary.
   at System.Collections.Generic.Dictionary`2.get_Item(TKey key)
   at Microsoft.VisualStudio.TestPlatform.Common.DataCollector.DataCollectionAttachmentManager.GetAttachments(DataCollectionContext dataCollectionContext) 
TpTrace Information: 0 : 11436, 1, 2020/12/02, 14:40:08.176, 207328354530, datacollector.dll, DataCollectionManager.CleanupPlugins: CleanupPlugins called
TpTrace Verbose: 0 : 11436, 1, 2020/12/02, 14:40:08.176, 207328355872, datacollector.dll, DataCollectionManager.CleanupPlugins: Cleaning up 1 plugins
TpTrace Verbose: 0 : 11436, 1, 2020/12/02, 14:40:08.176, 207328358329, datacollector.dll, dataCollectorInfo.DisposeDataCollector: calling Dispose() on Microsoft.TestPlatform.Extensions.BlameDataCollector.BlameCollector
TpTrace Information: 0 : 11436, 1, 2020/12/02, 14:40:08.177, 207328360101, datacollector.dll, DataCollectionManager.CleanupPlugins: CleanupPlugins finished
TpTrace Information: 0 : 11436, 1, 2020/12/02, 14:40:08.177, 207328364435, datacollector.dll, DataCollectionRequestHandler.ProcessRequests : Session End message received from server. Closing the connection.
TpTrace Information: 0 : 11436, 1, 2020/12/02, 14:40:08.177, 207328367496, datacollector.dll, Closing the connection !
TpTrace Information: 0 : 11436, 1, 2020/12/02, 14:40:08.178, 207328369735, datacollector.dll, DataCollectionRequestHandler.ProcessRequests : DataCollection completed
TpTrace Information: 0 : 11436, 1, 2020/12/02, 14:40:08.178, 207328371189, datacollector.dll, Program.Main: exiting datacollector process.
