TpTrace Information: 0 : 2260, 1, 2020/11/30, 14:15:14.919, 12536214507329, testhost.dll, DefaultEngineInvoker.Invoke: Testhost process started with args :[--port, 51731],[--endpoint, 127.0.0.1:051731],[--role, client],[--parentprocessid, 16184],[--diag, C:\Users\HP\Source\Repos\ekarahodza1\VVS_zadaca2\Hypo Banka\Unit Testovi\bin\Debug\fine-code-coverage\_outputfolder\diagnostics.host.20-11-30_14-15-14_65686_10.log],[--tracelevel, 4],[--datacollectionport, 51730],[--telemetryoptedin, false]
TpTrace Information: 0 : 2260, 1, 2020/11/30, 14:15:14.930, 12536214538194, testhost.dll, DefaultEngineInvoker.SetParentProcessExitCallback: Monitoring parent process with id: '16184'
TpTrace Information: 0 : 2260, 1, 2020/11/30, 14:15:14.947, 12536214711691, testhost.dll, DefaultEngineInvoker.GetConnectionInfo: Initialize communication on endpoint address: '127.0.0.1:051731'
TpTrace Information: 0 : 2260, 1, 2020/11/30, 14:15:14.968, 12536214920894, testhost.dll, SocketClient.Start: connecting to server endpoint: 127.0.0.1:051731
TpTrace Information: 0 : 2260, 1, 2020/11/30, 14:15:14.981, 12536215055790, testhost.dll, DefaultEngineInvoker.ConnectToDatacollector: Connecting to datacollector, port: 51730
TpTrace Information: 0 : 2260, 5, 2020/11/30, 14:15:14.984, 12536215078335, testhost.dll, SocketClient.OnServerConnected: connected to server endpoint: 127.0.0.1:051731
TpTrace Verbose: 0 : 2260, 5, 2020/11/30, 14:15:14.989, 12536215137548, testhost.dll, Connected to server, and starting MessageLoopAsync
TpTrace Information: 0 : 2260, 1, 2020/11/30, 14:15:14.990, 12536215141009, testhost.dll, Trying to connect to server on socket : 127.0.0.1:51730 
TpTrace Verbose: 0 : 2260, 1, 2020/11/30, 14:15:14.992, 12536215162507, testhost.dll, SocketCommunicationManager : SetupClientAsync : Attempting to connect to the server.
TpTrace Information: 0 : 2260, 1, 2020/11/30, 14:15:14.993, 12536215175393, testhost.dll, Connected to the server successfully 
TpTrace Information: 0 : 2260, 1, 2020/11/30, 14:15:14.993, 12536215177193, testhost.dll, Using the buffer size of 16384 bytes
TpTrace Information: 0 : 2260, 1, 2020/11/30, 14:15:14.994, 12536215187317, testhost.dll, DefaultEngineInvoker.Invoke: Start Request Processing.
TpTrace Verbose: 0 : 2260, 5, 2020/11/30, 14:15:14.996, 12536215198272, testhost.dll, TcpClientExtensions.MessageLoopAsync: Polling on remoteEndPoint: [::ffff:127.0.0.1]:51731 localEndPoint: [::ffff:127.0.0.1]:51732
TpTrace Information: 0 : 2260, 11, 2020/11/30, 14:15:14.996, 12536215206090, testhost.dll, DefaultEngineInvoker.StartProcessingAsync: Connected to vstest.console, Starting process requests.
TpTrace Verbose: 0 : 2260, 5, 2020/11/30, 14:15:14.996, 12536215207910, testhost.dll, TcpClientExtensions.MessageLoopAsync: NotifyDataAvailable remoteEndPoint: [::ffff:127.0.0.1]:51731 localEndPoint: [::ffff:127.0.0.1]:51732
TpTrace Information: 0 : 2260, 5, 2020/11/30, 14:15:15.189, 12536217129717, testhost.dll, TestRequestHandler.ProcessRequests: received message: (ProtocolVersion) -> 2
TpTrace Verbose: 0 : 2260, 5, 2020/11/30, 14:15:15.226, 12536217501287, testhost.dll, TestRequestHandler.SendData:  sending data from testhost: {"Version":2,"MessageType":"TestSession.Message","Payload":{"MessageLevel":0,"Message":"Logging TestHost Diagnostics in file: C:\\Users\\HP\\Source\\Repos\\ekarahodza1\\VVS_zadaca2\\Hypo Banka\\Unit Testovi\\bin\\Debug\\fine-code-coverage\\_outputfolder\\diagnostics.host.20-11-30_14-15-14_65686_10.log"}}
TpTrace Verbose: 0 : 2260, 5, 2020/11/30, 14:15:15.226, 12536217506412, testhost.dll, TcpClientExtensions.MessageLoopAsync: Polling on remoteEndPoint: [::ffff:127.0.0.1]:51731 localEndPoint: [::ffff:127.0.0.1]:51732
TpTrace Verbose: 0 : 2260, 5, 2020/11/30, 14:15:15.227, 12536217508945, testhost.dll, TcpClientExtensions.MessageLoopAsync: NotifyDataAvailable remoteEndPoint: [::ffff:127.0.0.1]:51731 localEndPoint: [::ffff:127.0.0.1]:51732
TpTrace Information: 0 : 2260, 5, 2020/11/30, 14:15:15.232, 12536217559353, testhost.dll, TestRequestHandler.ProcessRequests: received message: (TestExecution.Initialize) -> [
  "C:\\Users\\HP\\Source\\Repos\\ekarahodza1\\VVS_zadaca2\\Hypo Banka\\Unit Testovi\\bin\\Debug\\fine-code-coverage\\Microsoft.VisualStudio.TestPlatform.MSTest.TestAdapter.dll"
]
TpTrace Information: 0 : 2260, 5, 2020/11/30, 14:15:15.232, 12536217561522, testhost.dll, Execution Session Initialize.
TpTrace Verbose: 0 : 2260, 5, 2020/11/30, 14:15:15.243, 12536217672935, testhost.dll, TcpClientExtensions.MessageLoopAsync: Polling on remoteEndPoint: [::ffff:127.0.0.1]:51731 localEndPoint: [::ffff:127.0.0.1]:51732
TpTrace Verbose: 0 : 2260, 5, 2020/11/30, 14:15:15.243, 12536217674974, testhost.dll, TcpClientExtensions.MessageLoopAsync: NotifyDataAvailable remoteEndPoint: [::ffff:127.0.0.1]:51731 localEndPoint: [::ffff:127.0.0.1]:51732
TpTrace Verbose: 0 : 2260, 4, 2020/11/30, 14:15:15.246, 12536217706803, testhost.dll, TestExecutorService: Loading the extensions
TpTrace Information: 0 : 2260, 5, 2020/11/30, 14:15:15.247, 12536217714123, testhost.dll, TestRequestHandler.ProcessRequests: received message: (TestExecution.StartWithSources) -> {
  "AdapterSourceMap": {
    "_none_": [
      "C:\\Users\\HP\\Source\\Repos\\ekarahodza1\\VVS_zadaca2\\Hypo Banka\\Unit Testovi\\bin\\Debug\\fine-code-coverage\\Unit Testovi.dll"
    ]
  },
  "RunSettings": "<RunSettings>\r\n  <RunConfiguration>\r\n    <ResultsDirectory>C:\\Users\\HP\\Source\\Repos\\ekarahodza1\\VVS_zadaca2\\Hypo Banka\\Unit Testovi\\bin\\Debug\\fine-code-coverage\\_outputfolder</ResultsDirectory>\r\n    <TargetPlatform>X64</TargetPlatform>\r\n    <TargetFrameworkVersion>.NETCoreApp,Version=v3.1</TargetFrameworkVersion>\r\n    <DesignMode>False</DesignMode>\r\n    <CollectSourceInformation>False</CollectSourceInformation>\r\n  </RunConfiguration>\r\n  <LoggerRunSettings>\r\n    <Loggers>\r\n      <Logger friendlyName=\"blame\" enabled=\"True\" />\r\n      <Logger friendlyName=\"Console\" uri=\"logger://microsoft/TestPlatform/ConsoleLogger/v1\" assemblyQualifiedName=\"Microsoft.VisualStudio.TestPlatform.CommandLine.Internal.ConsoleLogger, vstest.console, Version=15.0.0.0, Culture=neutral, PublicKeyToken=b03f5f7f11d50a3a\" codeBase=\"C:\\Program Files\\dotnet\\sdk\\3.1.201\\vstest.console.dll\" enabled=\"True\" />\r\n    </Loggers>\r\n  </LoggerRunSettings>\r\n  <DataCollectionRunSettings>\r\n    <DataCollectors>\r\n      <DataCollector friendlyName=\"blame\" enabled=\"True\">\r\n        <Configuration>\r\n          <ResultsDirectory>C:\\Users\\HP\\Source\\Repos\\ekarahodza1\\VVS_zadaca2\\Hypo Banka\\Unit Testovi\\bin\\Debug\\fine-code-coverage\\_outputfolder</ResultsDirectory>\r\n        </Configuration>\r\n      </DataCollector>\r\n    </DataCollectors>\r\n  </DataCollectionRunSettings>\r\n</RunSettings>",
  "TestExecutionContext": {
    "FrequencyOfRunStatsChangeEvent": 10,
    "RunStatsChangeEventTimeout": "00:00:01.5000000",
    "InIsolation": false,
    "KeepAlive": false,
    "AreTestCaseLevelEventsRequired": false,
    "IsDebug": false,
    "TestCaseFilter": null,
    "FilterOptions": null
  },
  "Package": null
}
TpTrace Information: 0 : 2260, 5, 2020/11/30, 14:15:15.247, 12536217716465, testhost.dll, Execution started.
TpTrace Verbose: 0 : 2260, 4, 2020/11/30, 14:15:15.249, 12536217731852, testhost.dll, TestPluginCache.DiscoverTestExtensions: finding test extensions in assemblies endswith: TestAdapter.dll TPluginInfo: Microsoft.VisualStudio.TestPlatform.Common.ExtensionFramework.Utilities.TestExecutorPluginInformation TExtension: Microsoft.VisualStudio.TestPlatform.ObjectModel.Adapter.ITestExecutor
TpTrace Verbose: 0 : 2260, 4, 2020/11/30, 14:15:15.251, 12536217750335, testhost.dll, TestPluginCache.GetExtensionPaths: Filtered extension paths: 
TpTrace Verbose: 0 : 2260, 4, 2020/11/30, 14:15:15.251, 12536217757734, testhost.dll, TestPluginCache.GetExtensionPaths: Added default extension paths: C:\Users\HP\Source\Repos\ekarahodza1\VVS_zadaca2\Hypo Banka\Unit Testovi\bin\Debug\fine-code-coverage\Microsoft.VisualStudio.TestPlatform.MSTest.TestAdapter.dll
TpTrace Verbose: 0 : 2260, 4, 2020/11/30, 14:15:15.252, 12536217759283, testhost.dll, TestPluginCache.GetExtensionPaths: Added unfilterableExtensionPaths: 
TpTrace Information: 0 : 2260, 4, 2020/11/30, 14:15:15.255, 12536217793756, testhost.dll, AssemblyResolver.ctor: Creating AssemblyResolver with searchDirectories C:\Users\HP\Source\Repos\ekarahodza1\VVS_zadaca2\Hypo Banka\Unit Testovi\bin\Debug\fine-code-coverage
TpTrace Verbose: 0 : 2260, 4, 2020/11/30, 14:15:15.259, 12536217836475, testhost.dll, TestPluginCache.DiscoverTestExtensions: Discovering the extensions using extension path.
TpTrace Verbose: 0 : 2260, 4, 2020/11/30, 14:15:15.260, 12536217839479, testhost.dll, TestPluginCache.GetExtensionPaths: Filtered extension paths: 
TpTrace Verbose: 0 : 2260, 4, 2020/11/30, 14:15:15.260, 12536217841041, testhost.dll, TestPluginCache.GetExtensionPaths: Added default extension paths: C:\Users\HP\Source\Repos\ekarahodza1\VVS_zadaca2\Hypo Banka\Unit Testovi\bin\Debug\fine-code-coverage\Microsoft.VisualStudio.TestPlatform.MSTest.TestAdapter.dll
TpTrace Verbose: 0 : 2260, 4, 2020/11/30, 14:15:15.260, 12536217842169, testhost.dll, TestPluginCache.GetExtensionPaths: Added unfilterableExtensionPaths: 
TpTrace Verbose: 0 : 2260, 4, 2020/11/30, 14:15:15.260, 12536217844188, testhost.dll, TestPluginCache.DiscoverTestExtensions: Discovering the extensions using allExtensionPaths: C:\Users\HP\Source\Repos\ekarahodza1\VVS_zadaca2\Hypo Banka\Unit Testovi\bin\Debug\fine-code-coverage\Microsoft.VisualStudio.TestPlatform.MSTest.TestAdapter.dll
TpTrace Information: 0 : 2260, 4, 2020/11/30, 14:15:15.262, 12536217859390, testhost.dll, AssemblyResolver.AddSearchDirectories: Adding more searchDirectories C:\Users\HP\Source\Repos\ekarahodza1\VVS_zadaca2\Hypo Banka\Unit Testovi\bin\Debug\fine-code-coverage
TpTrace Information: 0 : 2260, 4, 2020/11/30, 14:15:15.270, 12536217938462, testhost.dll, AssemblyResolver.OnResolve: Microsoft.VisualStudio.TestPlatform.MSTest.TestAdapter: Resolving assembly.
TpTrace Information: 0 : 2260, 4, 2020/11/30, 14:15:15.272, 12536217966612, testhost.dll, AssemblyResolver.OnResolve: Resolved assembly: Microsoft.VisualStudio.TestPlatform.MSTest.TestAdapter, from path: C:\Users\HP\Source\Repos\ekarahodza1\VVS_zadaca2\Hypo Banka\Unit Testovi\bin\Debug\fine-code-coverage\Microsoft.VisualStudio.TestPlatform.MSTest.TestAdapter.dll
TpTrace Information: 0 : 2260, 4, 2020/11/30, 14:15:15.277, 12536218008687, testhost.dll, AssemblyResolver.OnResolve: Microsoft.VisualStudio.TestPlatform.MSTestAdapter.PlatformServices.Interface: Resolving assembly.
TpTrace Information: 0 : 2260, 4, 2020/11/30, 14:15:15.277, 12536218017875, testhost.dll, AssemblyResolver.OnResolve: Resolved assembly: Microsoft.VisualStudio.TestPlatform.MSTestAdapter.PlatformServices.Interface, from path: C:\Users\HP\Source\Repos\ekarahodza1\VVS_zadaca2\Hypo Banka\Unit Testovi\bin\Debug\fine-code-coverage\Microsoft.VisualStudio.TestPlatform.MSTestAdapter.PlatformServices.Interface.dll
TpTrace Information: 0 : 2260, 4, 2020/11/30, 14:15:15.278, 12536218021650, testhost.dll, AssemblyResolver.OnResolve: Microsoft.VisualStudio.TestPlatform.MSTestAdapter.PlatformServices: Resolving assembly.
TpTrace Information: 0 : 2260, 4, 2020/11/30, 14:15:15.279, 12536218029737, testhost.dll, AssemblyResolver.OnResolve: Resolved assembly: Microsoft.VisualStudio.TestPlatform.MSTestAdapter.PlatformServices, from path: C:\Users\HP\Source\Repos\ekarahodza1\VVS_zadaca2\Hypo Banka\Unit Testovi\bin\Debug\fine-code-coverage\Microsoft.VisualStudio.TestPlatform.MSTestAdapter.PlatformServices.dll
TpTrace Verbose: 0 : 2260, 4, 2020/11/30, 14:15:15.287, 12536218109576, testhost.dll, TestPluginCache: Discovered the extensions using extension path ''.
TpTrace Verbose: 0 : 2260, 4, 2020/11/30, 14:15:15.287, 12536218115044, testhost.dll, TestPluginCache: Discoverers are ''.
TpTrace Verbose: 0 : 2260, 4, 2020/11/30, 14:15:15.287, 12536218116508, testhost.dll, TestPluginCache: Executors are 'executor://MSTestAdapter/v2'.
TpTrace Verbose: 0 : 2260, 4, 2020/11/30, 14:15:15.287, 12536218117556, testhost.dll, TestPluginCache: Setting providers are ''.
TpTrace Verbose: 0 : 2260, 4, 2020/11/30, 14:15:15.288, 12536218118615, testhost.dll, TestPluginCache: Loggers are ''.
TpTrace Verbose: 0 : 2260, 5, 2020/11/30, 14:15:15.294, 12536218181486, testhost.dll, TcpClientExtensions.MessageLoopAsync: Polling on remoteEndPoint: [::ffff:127.0.0.1]:51731 localEndPoint: [::ffff:127.0.0.1]:51732
TpTrace Information: 0 : 2260, 4, 2020/11/30, 14:15:15.296, 12536218202553, testhost.dll, TestPluginManager.CreateTestExtension: Attempting to load test extension: Microsoft.VisualStudio.TestPlatform.MSTest.TestAdapter.MSTestExecutor
TpTrace Verbose: 0 : 2260, 4, 2020/11/30, 14:15:15.302, 12536218266664, testhost.dll, TestExecutorExtensionManager: Loading executor Microsoft.VisualStudio.TestPlatform.MSTest.TestAdapter.MSTestExecutor
TpTrace Verbose: 0 : 2260, 4, 2020/11/30, 14:15:15.303, 12536218268129, testhost.dll, TestExecutorService: Loaded the executors
TpTrace Verbose: 0 : 2260, 4, 2020/11/30, 14:15:15.303, 12536218278082, testhost.dll, TestPluginCache.DiscoverTestExtensions: finding test extensions in assemblies endswith: TestAdapter.dll TPluginInfo: Microsoft.VisualStudio.TestPlatform.Common.ExtensionFramework.Utilities.TestSettingsProviderPluginInformation TExtension: Microsoft.VisualStudio.TestPlatform.ObjectModel.Adapter.ISettingsProvider
TpTrace Verbose: 0 : 2260, 4, 2020/11/30, 14:15:15.304, 12536218281784, testhost.dll, TestPluginCache.GetExtensionPaths: Filtered extension paths: 
TpTrace Verbose: 0 : 2260, 4, 2020/11/30, 14:15:15.304, 12536218282660, testhost.dll, TestPluginCache.GetExtensionPaths: Added default extension paths: C:\Users\HP\Source\Repos\ekarahodza1\VVS_zadaca2\Hypo Banka\Unit Testovi\bin\Debug\fine-code-coverage\Microsoft.VisualStudio.TestPlatform.MSTest.TestAdapter.dll
TpTrace Verbose: 0 : 2260, 4, 2020/11/30, 14:15:15.304, 12536218283295, testhost.dll, TestPluginCache.GetExtensionPaths: Added unfilterableExtensionPaths: 
TpTrace Information: 0 : 2260, 4, 2020/11/30, 14:15:15.304, 12536218285556, testhost.dll, AssemblyResolver.AddSearchDirectories: Adding more searchDirectories C:\Users\HP\Source\Repos\ekarahodza1\VVS_zadaca2\Hypo Banka\Unit Testovi\bin\Debug\fine-code-coverage
TpTrace Verbose: 0 : 2260, 4, 2020/11/30, 14:15:15.304, 12536218286438, testhost.dll, TestPluginCache.DiscoverTestExtensions: Discovering the extensions using extension path.
TpTrace Verbose: 0 : 2260, 4, 2020/11/30, 14:15:15.304, 12536218287088, testhost.dll, TestPluginCache.GetExtensionPaths: Filtered extension paths: 
TpTrace Verbose: 0 : 2260, 4, 2020/11/30, 14:15:15.304, 12536218287679, testhost.dll, TestPluginCache.GetExtensionPaths: Added default extension paths: C:\Users\HP\Source\Repos\ekarahodza1\VVS_zadaca2\Hypo Banka\Unit Testovi\bin\Debug\fine-code-coverage\Microsoft.VisualStudio.TestPlatform.MSTest.TestAdapter.dll
TpTrace Verbose: 0 : 2260, 4, 2020/11/30, 14:15:15.305, 12536218288382, testhost.dll, TestPluginCache.GetExtensionPaths: Added unfilterableExtensionPaths: 
TpTrace Verbose: 0 : 2260, 4, 2020/11/30, 14:15:15.305, 12536218289071, testhost.dll, TestPluginCache.DiscoverTestExtensions: Discovering the extensions using allExtensionPaths: C:\Users\HP\Source\Repos\ekarahodza1\VVS_zadaca2\Hypo Banka\Unit Testovi\bin\Debug\fine-code-coverage\Microsoft.VisualStudio.TestPlatform.MSTest.TestAdapter.dll
TpTrace Information: 0 : 2260, 4, 2020/11/30, 14:15:15.305, 12536218289968, testhost.dll, AssemblyResolver.AddSearchDirectories: Adding more searchDirectories C:\Users\HP\Source\Repos\ekarahodza1\VVS_zadaca2\Hypo Banka\Unit Testovi\bin\Debug\fine-code-coverage
TpTrace Verbose: 0 : 2260, 4, 2020/11/30, 14:15:15.305, 12536218292553, testhost.dll, TestPluginCache: Discovered the extensions using extension path ''.
TpTrace Verbose: 0 : 2260, 4, 2020/11/30, 14:15:15.305, 12536218293299, testhost.dll, TestPluginCache: Discoverers are ''.
TpTrace Verbose: 0 : 2260, 4, 2020/11/30, 14:15:15.305, 12536218294055, testhost.dll, TestPluginCache: Executors are 'executor://MSTestAdapter/v2'.
TpTrace Verbose: 0 : 2260, 4, 2020/11/30, 14:15:15.305, 12536218295062, testhost.dll, TestPluginCache: Setting providers are ''.
TpTrace Verbose: 0 : 2260, 4, 2020/11/30, 14:15:15.305, 12536218296289, testhost.dll, TestPluginCache: Loggers are ''.
TpTrace Verbose: 0 : 2260, 4, 2020/11/30, 14:15:15.306, 12536218306413, testhost.dll, TestExecutorService: Loaded the settings providers
TpTrace Information: 0 : 2260, 4, 2020/11/30, 14:15:15.306, 12536218307541, testhost.dll, TestExecutorService: Loaded the extensions
TpTrace Information: 0 : 2260, 4, 2020/11/30, 14:15:15.406, 12536219304991, testhost.dll, TestDiscoveryManager: Discovering tests from sources C:\Users\HP\Source\Repos\ekarahodza1\VVS_zadaca2\Hypo Banka\Unit Testovi\bin\Debug\fine-code-coverage\Unit Testovi.dll
TpTrace Verbose: 0 : 2260, 4, 2020/11/30, 14:15:15.411, 12536219349226, testhost.dll, TestPluginCache.DiscoverTestExtensions: finding test extensions in assemblies endswith: TestAdapter.dll TPluginInfo: Microsoft.VisualStudio.TestPlatform.Common.ExtensionFramework.Utilities.TestDiscovererPluginInformation TExtension: Microsoft.VisualStudio.TestPlatform.ObjectModel.Adapter.ITestDiscoverer
TpTrace Verbose: 0 : 2260, 4, 2020/11/30, 14:15:15.411, 12536219352431, testhost.dll, TestPluginCache.GetExtensionPaths: Filtered extension paths: 
TpTrace Verbose: 0 : 2260, 4, 2020/11/30, 14:15:15.411, 12536219353618, testhost.dll, TestPluginCache.GetExtensionPaths: Added default extension paths: C:\Users\HP\Source\Repos\ekarahodza1\VVS_zadaca2\Hypo Banka\Unit Testovi\bin\Debug\fine-code-coverage\Microsoft.VisualStudio.TestPlatform.MSTest.TestAdapter.dll
TpTrace Verbose: 0 : 2260, 4, 2020/11/30, 14:15:15.411, 12536219354505, testhost.dll, TestPluginCache.GetExtensionPaths: Added unfilterableExtensionPaths: 
TpTrace Information: 0 : 2260, 4, 2020/11/30, 14:15:15.411, 12536219356856, testhost.dll, AssemblyResolver.AddSearchDirectories: Adding more searchDirectories C:\Users\HP\Source\Repos\ekarahodza1\VVS_zadaca2\Hypo Banka\Unit Testovi\bin\Debug\fine-code-coverage
TpTrace Verbose: 0 : 2260, 4, 2020/11/30, 14:15:15.411, 12536219358108, testhost.dll, TestPluginCache.DiscoverTestExtensions: Discovering the extensions using extension path.
TpTrace Verbose: 0 : 2260, 4, 2020/11/30, 14:15:15.412, 12536219359153, testhost.dll, TestPluginCache.GetExtensionPaths: Filtered extension paths: 
TpTrace Verbose: 0 : 2260, 4, 2020/11/30, 14:15:15.412, 12536219360142, testhost.dll, TestPluginCache.GetExtensionPaths: Added default extension paths: C:\Users\HP\Source\Repos\ekarahodza1\VVS_zadaca2\Hypo Banka\Unit Testovi\bin\Debug\fine-code-coverage\Microsoft.VisualStudio.TestPlatform.MSTest.TestAdapter.dll
TpTrace Verbose: 0 : 2260, 4, 2020/11/30, 14:15:15.412, 12536219361016, testhost.dll, TestPluginCache.GetExtensionPaths: Added unfilterableExtensionPaths: 
TpTrace Verbose: 0 : 2260, 4, 2020/11/30, 14:15:15.412, 12536219361963, testhost.dll, TestPluginCache.DiscoverTestExtensions: Discovering the extensions using allExtensionPaths: C:\Users\HP\Source\Repos\ekarahodza1\VVS_zadaca2\Hypo Banka\Unit Testovi\bin\Debug\fine-code-coverage\Microsoft.VisualStudio.TestPlatform.MSTest.TestAdapter.dll
TpTrace Information: 0 : 2260, 4, 2020/11/30, 14:15:15.413, 12536219370418, testhost.dll, AssemblyResolver.AddSearchDirectories: Adding more searchDirectories C:\Users\HP\Source\Repos\ekarahodza1\VVS_zadaca2\Hypo Banka\Unit Testovi\bin\Debug\fine-code-coverage
TpTrace Verbose: 0 : 2260, 4, 2020/11/30, 14:15:15.417, 12536219416423, testhost.dll, TestPluginCache: Discovered the extensions using extension path ''.
TpTrace Verbose: 0 : 2260, 4, 2020/11/30, 14:15:15.418, 12536219419456, testhost.dll, TestPluginCache: Discoverers are 'Microsoft.VisualStudio.TestPlatform.MSTest.TestAdapter.MSTestDiscoverer, Microsoft.VisualStudio.TestPlatform.MSTest.TestAdapter, Version=14.0.0.0, Culture=neutral, PublicKeyToken=b03f5f7f11d50a3a'.
TpTrace Verbose: 0 : 2260, 4, 2020/11/30, 14:15:15.418, 12536219420364, testhost.dll, TestPluginCache: Executors are 'executor://MSTestAdapter/v2'.
TpTrace Verbose: 0 : 2260, 4, 2020/11/30, 14:15:15.418, 12536219421065, testhost.dll, TestPluginCache: Setting providers are ''.
TpTrace Verbose: 0 : 2260, 4, 2020/11/30, 14:15:15.418, 12536219421764, testhost.dll, TestPluginCache: Loggers are ''.
TpTrace Verbose: 0 : 2260, 4, 2020/11/30, 14:15:15.429, 12536219528616, testhost.dll, BaseRunTests.RunTestInternalWithExecutors: Running tests for executor://MSTestAdapter/v2
TpTrace Information: 0 : 2260, 4, 2020/11/30, 14:15:15.505, 12536220294885, testhost.dll, AssemblyResolver.OnResolve: Microsoft.VisualStudio.TestPlatform.MSTestAdapter.PlatformServices.resources: Resolving assembly.
TpTrace Information: 0 : 2260, 4, 2020/11/30, 14:15:15.506, 12536220298864, testhost.dll, AssemblyResolver.OnResolve: Microsoft.VisualStudio.TestPlatform.MSTestAdapter.PlatformServices.resources: Failed to load assembly.
TpTrace Information: 0 : 2260, 4, 2020/11/30, 14:15:15.506, 12536220302647, testhost.dll, AssemblyResolver.OnResolve: Microsoft.VisualStudio.TestPlatform.MSTestAdapter.PlatformServices.resources: Resolving assembly.
TpTrace Information: 0 : 2260, 4, 2020/11/30, 14:15:15.506, 12536220303627, testhost.dll, AssemblyResolver.OnResolve: Microsoft.VisualStudio.TestPlatform.MSTestAdapter.PlatformServices.resources: Resolved from cache.
TpTrace Information: 0 : 2260, 4, 2020/11/30, 14:15:15.517, 12536220418129, testhost.dll, MSTestExecutor: Found that deployment items for source C:\Users\HP\Source\Repos\ekarahodza1\VVS_zadaca2\Hypo Banka\Unit Testovi\bin\Debug\fine-code-coverage\Unit Testovi.dll are: 
TpTrace Information: 0 : 2260, 4, 2020/11/30, 14:15:15.518, 12536220419766, testhost.dll, MSTestExecutor: SourcePath: - KorisnikIspravno.csv
TpTrace Information: 0 : 2260, 4, 2020/11/30, 14:15:15.518, 12536220420456, testhost.dll, MSTestExecutor: Using deployment directory C:\Users\HP\Source\Repos\ekarahodza1\VVS_zadaca2\Hypo Banka\Unit Testovi\bin\Debug\fine-code-coverage for source C:\Users\HP\Source\Repos\ekarahodza1\VVS_zadaca2\Hypo Banka\Unit Testovi\bin\Debug\fine-code-coverage\Unit Testovi.dll.
TpTrace Information: 0 : 2260, 4, 2020/11/30, 14:15:15.528, 12536220526223, testhost.dll, AssemblyResolver.OnResolve: System.IO.FileSystem.resources: Resolving assembly.
TpTrace Information: 0 : 2260, 4, 2020/11/30, 14:15:15.529, 12536220529696, testhost.dll, AssemblyResolver.OnResolve: System.IO.FileSystem.resources: Failed to load assembly.
TpTrace Information: 0 : 2260, 4, 2020/11/30, 14:15:15.529, 12536220533822, testhost.dll, AssemblyResolver.OnResolve: System.IO.FileSystem.resources: Resolving assembly.
TpTrace Information: 0 : 2260, 4, 2020/11/30, 14:15:15.529, 12536220535043, testhost.dll, AssemblyResolver.OnResolve: System.IO.FileSystem.resources: Resolved from cache.
TpTrace Warning: 0 : 2260, 4, 2020/11/30, 14:15:15.531, 12536220551723, testhost.dll, Test Run deployment issue: Failed to copy file 'C:\Users\HP\Source\Repos\ekarahodza1\VVS_zadaca2\Hypo Banka\Unit Testovi\bin\Debug\fine-code-coverage\KorisnikIspravno.csv' to 'C:\Users\HP\Source\Repos\ekarahodza1\VVS_zadaca2\Hypo Banka\Unit Testovi\bin\Debug\fine-code-coverage\KorisnikIspravno.csv': System.IO.IOException: The process cannot access the file 'C:\Users\HP\Source\Repos\ekarahodza1\VVS_zadaca2\Hypo Banka\Unit Testovi\bin\Debug\fine-code-coverage\KorisnikIspravno.csv' because it is being used by another process.
TpTrace Verbose: 0 : 2260, 4, 2020/11/30, 14:15:15.531, 12536220553921, testhost.dll, TestRequestHandler.SendData:  sending data from testhost: {"Version":2,"MessageType":"TestSession.Message","Payload":{"MessageLevel":1,"Message":"Test Run deployment issue: Failed to copy file 'C:\\Users\\HP\\Source\\Repos\\ekarahodza1\\VVS_zadaca2\\Hypo Banka\\Unit Testovi\\bin\\Debug\\fine-code-coverage\\KorisnikIspravno.csv' to 'C:\\Users\\HP\\Source\\Repos\\ekarahodza1\\VVS_zadaca2\\Hypo Banka\\Unit Testovi\\bin\\Debug\\fine-code-coverage\\KorisnikIspravno.csv': System.IO.IOException: The process cannot access the file 'C:\\Users\\HP\\Source\\Repos\\ekarahodza1\\VVS_zadaca2\\Hypo Banka\\Unit Testovi\\bin\\Debug\\fine-code-coverage\\KorisnikIspravno.csv' because it is being used by another process."}}
TpTrace Verbose: 0 : 2260, 4, 2020/11/30, 14:15:15.555, 12536220789635, testhost.dll, TestExecutionRecorder.RecordStart: Starting test: Unit_Testovi.BankaTests.RadSaKlijentomTestDodavanjeKlijenata.
TpTrace Verbose: 0 : 2260, 4, 2020/11/30, 14:15:15.717, 12536222411828, testhost.dll, TestExecutionRecorder.RecordEnd: test: Unit_Testovi.BankaTests.RadSaKlijentomTestDodavanjeKlijenata execution completed.
TpTrace Verbose: 0 : 2260, 4, 2020/11/30, 14:15:15.750, 12536222743636, testhost.dll, TestExecutionRecorder.RecordResult: Received result for test: Unit_Testovi.BankaTests.RadSaKlijentomTestDodavanjeKlijenata.
TpTrace Warning: 0 : 2260, 4, 2020/11/30, 14:15:15.755, 12536222793360, testhost.dll, InProgressTests is null
TpTrace Warning: 0 : 2260, 4, 2020/11/30, 14:15:15.758, 12536222822041, testhost.dll, TestRunCache: No test found corresponding to testResult 'RadSaKlijentomTestDodavanjeKlijenata  Passed' in inProgress list.
TpTrace Verbose: 0 : 2260, 4, 2020/11/30, 14:15:15.758, 12536222825086, testhost.dll, TestExecutionRecorder.RecordStart: Starting test: Unit_Testovi.BankaTests.RadSaKlijentomTestBrisanjeKlijenata.
TpTrace Verbose: 0 : 2260, 4, 2020/11/30, 14:15:15.761, 12536222851891, testhost.dll, TestExecutionRecorder.RecordEnd: test: Unit_Testovi.BankaTests.RadSaKlijentomTestBrisanjeKlijenata execution completed.
TpTrace Verbose: 0 : 2260, 4, 2020/11/30, 14:15:15.763, 12536222875257, testhost.dll, TestExecutionRecorder.RecordResult: Received result for test: Unit_Testovi.BankaTests.RadSaKlijentomTestBrisanjeKlijenata.
TpTrace Warning: 0 : 2260, 4, 2020/11/30, 14:15:15.763, 12536222877150, testhost.dll, InProgressTests is null
TpTrace Warning: 0 : 2260, 4, 2020/11/30, 14:15:15.764, 12536222878188, testhost.dll, TestRunCache: No test found corresponding to testResult 'RadSaKlijentomTestBrisanjeKlijenata  Passed' in inProgress list.
TpTrace Verbose: 0 : 2260, 4, 2020/11/30, 14:15:15.764, 12536222879234, testhost.dll, TestExecutionRecorder.RecordStart: Starting test: Unit_Testovi.BankaTests.RadSaKlijentomTestAutomatskoGenerisanje.
TpTrace Verbose: 0 : 2260, 4, 2020/11/30, 14:15:15.781, 12536223052090, testhost.dll, TestExecutionRecorder.RecordEnd: test: Unit_Testovi.BankaTests.RadSaKlijentomTestAutomatskoGenerisanje execution completed.
TpTrace Verbose: 0 : 2260, 4, 2020/11/30, 14:15:15.786, 12536223104168, testhost.dll, TestExecutionRecorder.RecordResult: Received result for test: Unit_Testovi.BankaTests.RadSaKlijentomTestAutomatskoGenerisanje.
TpTrace Warning: 0 : 2260, 4, 2020/11/30, 14:15:15.786, 12536223106558, testhost.dll, InProgressTests is null
TpTrace Warning: 0 : 2260, 4, 2020/11/30, 14:15:15.786, 12536223107676, testhost.dll, TestRunCache: No test found corresponding to testResult 'RadSaKlijentomTestAutomatskoGenerisanje  Passed' in inProgress list.
TpTrace Verbose: 0 : 2260, 4, 2020/11/30, 14:15:15.787, 12536223108877, testhost.dll, TestExecutionRecorder.RecordStart: Starting test: Unit_Testovi.BankaTests.OtvaranjeNovogRačunaTestKlijentNijeRegistrovan.
TpTrace Verbose: 0 : 2260, 4, 2020/11/30, 14:15:15.795, 12536223196053, testhost.dll, TestExecutionRecorder.RecordEnd: test: Unit_Testovi.BankaTests.OtvaranjeNovogRačunaTestKlijentNijeRegistrovan execution completed.
TpTrace Verbose: 0 : 2260, 4, 2020/11/30, 14:15:15.798, 12536223220035, testhost.dll, TestExecutionRecorder.RecordResult: Received result for test: Unit_Testovi.BankaTests.OtvaranjeNovogRačunaTestKlijentNijeRegistrovan.
TpTrace Warning: 0 : 2260, 4, 2020/11/30, 14:15:15.798, 12536223222266, testhost.dll, InProgressTests is null
TpTrace Warning: 0 : 2260, 4, 2020/11/30, 14:15:15.798, 12536223223502, testhost.dll, TestRunCache: No test found corresponding to testResult 'OtvaranjeNovogRačunaTestKlijentNijeRegistrovan  Passed' in inProgress list.
TpTrace Verbose: 0 : 2260, 4, 2020/11/30, 14:15:15.798, 12536223224797, testhost.dll, TestExecutionRecorder.RecordStart: Starting test: Unit_Testovi.BankaTests.OtvaranjeNovogRačunaTestVišeOd3Računa.
TpTrace Verbose: 0 : 2260, 4, 2020/11/30, 14:15:15.803, 12536223270452, testhost.dll, TestExecutionRecorder.RecordEnd: test: Unit_Testovi.BankaTests.OtvaranjeNovogRačunaTestVišeOd3Računa execution completed.
TpTrace Verbose: 0 : 2260, 4, 2020/11/30, 14:15:15.805, 12536223292787, testhost.dll, TestExecutionRecorder.RecordResult: Received result for test: Unit_Testovi.BankaTests.OtvaranjeNovogRačunaTestVišeOd3Računa.
TpTrace Warning: 0 : 2260, 4, 2020/11/30, 14:15:15.805, 12536223294484, testhost.dll, InProgressTests is null
TpTrace Warning: 0 : 2260, 4, 2020/11/30, 14:15:15.805, 12536223295541, testhost.dll, TestRunCache: No test found corresponding to testResult 'OtvaranjeNovogRačunaTestVišeOd3Računa  Passed' in inProgress list.
TpTrace Verbose: 0 : 2260, 4, 2020/11/30, 14:15:15.805, 12536223296965, testhost.dll, TestExecutionRecorder.RecordStart: Starting test: Unit_Testovi.BankaTests.OtvaranjeNovogRačunaTest.
TpTrace Verbose: 0 : 2260, 4, 2020/11/30, 14:15:15.808, 12536223320938, testhost.dll, TestExecutionRecorder.RecordEnd: test: Unit_Testovi.BankaTests.OtvaranjeNovogRačunaTest execution completed.
TpTrace Verbose: 0 : 2260, 4, 2020/11/30, 14:15:15.812, 12536223359397, testhost.dll, TestExecutionRecorder.RecordResult: Received result for test: Unit_Testovi.BankaTests.OtvaranjeNovogRačunaTest.
TpTrace Warning: 0 : 2260, 4, 2020/11/30, 14:15:15.812, 12536223361251, testhost.dll, InProgressTests is null
TpTrace Warning: 0 : 2260, 4, 2020/11/30, 14:15:15.812, 12536223362464, testhost.dll, TestRunCache: No test found corresponding to testResult 'OtvaranjeNovogRačunaTest  Passed' in inProgress list.
TpTrace Verbose: 0 : 2260, 4, 2020/11/30, 14:15:15.812, 12536223363672, testhost.dll, TestExecutionRecorder.RecordStart: Starting test: Unit_Testovi.BankaTests.KlijentiSBlokiranimRačunimaTest.
TpTrace Information: 0 : 2260, 4, 2020/11/30, 14:15:15.817, 12536223417494, testhost.dll, AssemblyResolver.OnResolve: Microsoft.VisualStudio.TestPlatform.TestFramework.resources: Resolving assembly.
TpTrace Information: 0 : 2260, 4, 2020/11/30, 14:15:15.818, 12536223420094, testhost.dll, AssemblyResolver.OnResolve: Microsoft.VisualStudio.TestPlatform.TestFramework.resources: Failed to load assembly.
TpTrace Verbose: 0 : 2260, 4, 2020/11/30, 14:15:15.818, 12536223421888, testhost.dll, TestExecutionRecorder.RecordEnd: test: Unit_Testovi.BankaTests.KlijentiSBlokiranimRačunimaTest execution completed.
TpTrace Verbose: 0 : 2260, 4, 2020/11/30, 14:15:15.820, 12536223441809, testhost.dll, TestExecutionRecorder.RecordResult: Received result for test: Unit_Testovi.BankaTests.KlijentiSBlokiranimRačunimaTest.
TpTrace Warning: 0 : 2260, 4, 2020/11/30, 14:15:15.820, 12536223443355, testhost.dll, InProgressTests is null
TpTrace Warning: 0 : 2260, 4, 2020/11/30, 14:15:15.820, 12536223444122, testhost.dll, TestRunCache: No test found corresponding to testResult 'KlijentiSBlokiranimRačunimaTest  Passed' in inProgress list.
TpTrace Verbose: 0 : 2260, 4, 2020/11/30, 14:15:15.820, 12536223444859, testhost.dll, TestExecutionRecorder.RecordStart: Starting test: Unit_Testovi.BankaTests.PraznaListaKlijentiSBlokiranimRačunimaTest.
TpTrace Verbose: 0 : 2260, 4, 2020/11/30, 14:15:15.823, 12536223474839, testhost.dll, TestExecutionRecorder.RecordEnd: test: Unit_Testovi.BankaTests.PraznaListaKlijentiSBlokiranimRačunimaTest execution completed.
TpTrace Verbose: 0 : 2260, 4, 2020/11/30, 14:15:15.825, 12536223494910, testhost.dll, TestExecutionRecorder.RecordResult: Received result for test: Unit_Testovi.BankaTests.PraznaListaKlijentiSBlokiranimRačunimaTest.
TpTrace Warning: 0 : 2260, 4, 2020/11/30, 14:15:15.825, 12536223496401, testhost.dll, InProgressTests is null
TpTrace Warning: 0 : 2260, 4, 2020/11/30, 14:15:15.825, 12536223497118, testhost.dll, TestRunCache: No test found corresponding to testResult 'PraznaListaKlijentiSBlokiranimRačunimaTest  Passed' in inProgress list.
TpTrace Verbose: 0 : 2260, 4, 2020/11/30, 14:15:15.825, 12536223497905, testhost.dll, TestExecutionRecorder.RecordStart: Starting test: Unit_Testovi.BankaTests.PraznaListaKlijentiSBlokiranimRačunimaTest2.
TpTrace Verbose: 0 : 2260, 4, 2020/11/30, 14:15:15.828, 12536223522434, testhost.dll, TestExecutionRecorder.RecordEnd: test: Unit_Testovi.BankaTests.PraznaListaKlijentiSBlokiranimRačunimaTest2 execution completed.
TpTrace Verbose: 0 : 2260, 4, 2020/11/30, 14:15:15.830, 12536223539242, testhost.dll, TestExecutionRecorder.RecordResult: Received result for test: Unit_Testovi.BankaTests.PraznaListaKlijentiSBlokiranimRačunimaTest2.
TpTrace Warning: 0 : 2260, 4, 2020/11/30, 14:15:15.830, 12536223541418, testhost.dll, InProgressTests is null
TpTrace Warning: 0 : 2260, 4, 2020/11/30, 14:15:15.830, 12536223542431, testhost.dll, TestRunCache: No test found corresponding to testResult 'PraznaListaKlijentiSBlokiranimRačunimaTest2  Passed' in inProgress list.
TpTrace Verbose: 0 : 2260, 4, 2020/11/30, 14:15:15.830, 12536223543466, testhost.dll, TestExecutionRecorder.RecordStart: Starting test: Unit_Testovi.BankaTests.PraznaListaKlijentiSBlokiranimRačunimaTest3.
TpTrace Information: 0 : 2260, 4, 2020/11/30, 14:15:15.832, 12536223566118, testhost.dll, Sending test run statistics
TpTrace Verbose: 0 : 2260, 4, 2020/11/30, 14:15:15.873, 12536223969379, testhost.dll, TestRequestHandler.SendData:  sending data from testhost: {"Version":2,"MessageType":"TestExecution.StatsChange","Payload":{"NewTestResults":[{"TestCase":{"Id":"9d62fd1d-1d02-fd6e-5641-7f0f9eb5a281","FullyQualifiedName":"Unit_Testovi.BankaTests.RadSaKlijentomTestDodavanjeKlijenata","DisplayName":"RadSaKlijentomTestDodavanjeKlijenata","ExecutorUri":"executor://MSTestAdapter/v2","Source":"C:\\Users\\HP\\Source\\Repos\\ekarahodza1\\VVS_zadaca2\\Hypo Banka\\Unit Testovi\\bin\\Debug\\fine-code-coverage\\Unit Testovi.dll","CodeFilePath":null,"LineNumber":-1,"Properties":[{"Key":{"Id":"MSTestDiscoverer.TestClassName","Label":"ClassName","Category":"","Description":"","Attributes":1,"ValueType":"System.String"},"Value":"Unit_Testovi.BankaTests"},{"Key":{"Id":"TestObject.Traits","Label":"Traits","Category":"","Description":"","Attributes":5,"ValueType":"System.Collections.Generic.KeyValuePair`2[[System.String],[System.String]][]"},"Value":[]}]},"Attachments":[],"Outcome":1,"ErrorMessage":null,"ErrorStackTrace":null,"DisplayName":null,"Messages":[],"ComputerName":null,"Duration":"00:00:00.0344151","StartTime":"2020-11-30T14:15:15.6432653+01:00","EndTime":"2020-11-30T14:15:15.7132022+01:00","Properties":[{"Key":{"Id":"ExecutionId","Label":"ExecutionId","Category":"","Description":"","Attributes":1,"ValueType":"System.Guid"},"Value":"00000000-0000-0000-0000-000000000000"},{"Key":{"Id":"ParentExecId","Label":"ParentExecId","Category":"","Description":"","Attributes":1,"ValueType":"System.Guid"},"Value":"00000000-0000-0000-0000-000000000000"},{"Key":{"Id":"InnerResultsCount","Label":"InnerResultsCount","Category":"","Description":"","Attributes":1,"ValueType":"System.Int32"},"Value":0}]},{"TestCase":{"Id":"6ba550b9-22b1-d1df-25ba-f36fa119bbce","FullyQualifiedName":"Unit_Testovi.BankaTests.RadSaKlijentomTestBrisanjeKlijenata","DisplayName":"RadSaKlijentomTestBrisanjeKlijenata","ExecutorUri":"executor://MSTestAdapter/v2","Source":"C:\\Users\\HP\\Source\\Repos\\ekarahodza1\\VVS_zadaca2\\Hypo Banka\\Unit Testovi\\bin\\Debug\\fine-code-coverage\\Unit Testovi.dll","CodeFilePath":null,"LineNumber":-1,"Properties":[{"Key":{"Id":"MSTestDiscoverer.TestClassName","Label":"ClassName","Category":"","Description":"","Attributes":1,"ValueType":"System.String"},"Value":"Unit_Testovi.BankaTests"},{"Key":{"Id":"TestObject.Traits","Label":"Traits","Category":"","Description":"","Attributes":5,"ValueType":"System.Collections.Generic.KeyValuePair`2[[System.String],[System.String]][]"},"Value":[]}]},"Attachments":[],"Outcome":1,"ErrorMessage":null,"ErrorStackTrace":null,"DisplayName":null,"Messages":[],"ComputerName":null,"Duration":"00:00:00.0003869","StartTime":"2020-11-30T14:15:15.760676+01:00","EndTime":"2020-11-30T14:15:15.7613492+01:00","Properties":[{"Key":{"Id":"ExecutionId","Label":"ExecutionId","Category":"","Description":"","Attributes":1,"ValueType":"System.Guid"},"Value":"00000000-0000-0000-0000-000000000000"},{"Key":{"Id":"ParentExecId","Label":"ParentExecId","Category":"","Description":"","Attributes":1,"ValueType":"System.Guid"},"Value":"00000000-0000-0000-0000-000000000000"},{"Key":{"Id":"InnerResultsCount","Label":"InnerResultsCount","Category":"","Description":"","Attributes":1,"ValueType":"System.Int32"},"Value":0}]},{"TestCase":{"Id":"3a600ba7-d2bc-8e0f-c248-4fec37042946","FullyQualifiedName":"Unit_Testovi.BankaTests.RadSaKlijentomTestAutomatskoGenerisanje","DisplayName":"RadSaKlijentomTestAutomatskoGenerisanje","ExecutorUri":"executor://MSTestAdapter/v2","Source":"C:\\Users\\HP\\Source\\Repos\\ekarahodza1\\VVS_zadaca2\\Hypo Banka\\Unit Testovi\\bin\\Debug\\fine-code-coverage\\Unit Testovi.dll","CodeFilePath":null,"LineNumber":-1,"Properties":[{"Key":{"Id":"MSTestDiscoverer.TestClassName","Label":"ClassName","Category":"","Description":"","Attributes":1,"ValueType":"System.String"},"Value":"Unit_Testovi.BankaTests"},{"Key":{"Id":"TestObject.Traits","Label":"Traits","Category":"","Description":"","Attributes":5,"ValueType":"System.Collections.Generic.KeyValuePair`2[[System.String],[System.String]][]"},"Value":[]}]},"Attachments":[],"Outcome":1,"ErrorMessage":null,"ErrorStackTrace":null,"DisplayName":null,"Messages":[],"ComputerName":null,"Duration":"00:00:00.0150735","StartTime":"2020-11-30T14:15:15.7660978+01:00","EndTime":"2020-11-30T14:15:15.7813773+01:00","Properties":[{"Key":{"Id":"ExecutionId","Label":"ExecutionId","Category":"","Description":"","Attributes":1,"ValueType":"System.Guid"},"Value":"00000000-0000-0000-0000-000000000000"},{"Key":{"Id":"ParentExecId","Label":"ParentExecId","Category":"","Description":"","Attributes":1,"ValueType":"System.Guid"},"Value":"00000000-0000-0000-0000-000000000000"},{"Key":{"Id":"InnerResultsCount","Label":"InnerResultsCount","Category":"","Description":"","Attributes":1,"ValueType":"System.Int32"},"Value":0}]},{"TestCase":{"Id":"48b93578-edca-6311-8276-6d6696bee106","FullyQualifiedName":"Unit_Testovi.BankaTests.OtvaranjeNovogRačunaTestKlijentNijeRegistrovan","DisplayName":"OtvaranjeNovogRačunaTestKlijentNijeRegistrovan","ExecutorUri":"executor://MSTestAdapter/v2","Source":"C:\\Users\\HP\\Source\\Repos\\ekarahodza1\\VVS_zadaca2\\Hypo Banka\\Unit Testovi\\bin\\Debug\\fine-code-coverage\\Unit Testovi.dll","CodeFilePath":null,"LineNumber":-1,"Properties":[{"Key":{"Id":"MSTestDiscoverer.TestClassName","Label":"ClassName","Category":"","Description":"","Attributes":1,"ValueType":"System.String"},"Value":"Unit_Testovi.BankaTests"},{"Key":{"Id":"TestObject.Traits","Label":"Traits","Category":"","Description":"","Attributes":5,"ValueType":"System.Collections.Generic.KeyValuePair`2[[System.String],[System.String]][]"},"Value":[]}]},"Attachments":[],"Outcome":1,"ErrorMessage":null,"ErrorStackTrace":null,"DisplayName":null,"Messages":[],"ComputerName":null,"Duration":"00:00:00.0057507","StartTime":"2020-11-30T14:15:15.7896548+01:00","EndTime":"2020-11-30T14:15:15.7957623+01:00","Properties":[{"Key":{"Id":"ExecutionId","Label":"ExecutionId","Category":"","Description":"","Attributes":1,"ValueType":"System.Guid"},"Value":"00000000-0000-0000-0000-000000000000"},{"Key":{"Id":"ParentExecId","Label":"ParentExecId","Category":"","Description":"","Attributes":1,"ValueType":"System.Guid"},"Value":"00000000-0000-0000-0000-000000000000"},{"Key":{"Id":"InnerResultsCount","Label":"InnerResultsCount","Category":"","Description":"","Attributes":1,"ValueType":"System.Int32"},"Value":0}]},{"TestCase":{"Id":"d6b2c2f0-1618-f2f2-2d10-7d34de80478c","FullyQualifiedName":"Unit_Testovi.BankaTests.OtvaranjeNovogRačunaTestVišeOd3Računa","DisplayName":"OtvaranjeNovogRačunaTestVišeOd3Računa","ExecutorUri":"executor://MSTestAdapter/v2","Source":"C:\\Users\\HP\\Source\\Repos\\ekarahodza1\\VVS_zadaca2\\Hypo Banka\\Unit Testovi\\bin\\Debug\\fine-code-coverage\\Unit Testovi.dll","CodeFilePath":null,"LineNumber":-1,"Properties":[{"Key":{"Id":"MSTestDiscoverer.TestClassName","Label":"ClassName","Category":"","Description":"","Attributes":1,"ValueType":"System.String"},"Value":"Unit_Testovi.BankaTests"},{"Key":{"Id":"TestObject.Traits","Label":"Traits","Category":"","Description":"","Attributes":5,"ValueType":"System.Collections.Generic.KeyValuePair`2[[System.String],[System.String]][]"},"Value":[]}]},"Attachments":[],"Outcome":1,"ErrorMessage":null,"ErrorStackTrace":null,"DisplayName":null,"Messages":[],"ComputerName":null,"Duration":"00:00:00.0012368","StartTime":"2020-11-30T14:15:15.801647+01:00","EndTime":"2020-11-30T14:15:15.8032123+01:00","Properties":[{"Key":{"Id":"ExecutionId","Label":"ExecutionId","Category":"","Description":"","Attributes":1,"ValueType":"System.Guid"},"Value":"00000000-0000-0000-0000-000000000000"},{"Key":{"Id":"ParentExecId","Label":"ParentExecId","Category":"","Description":"","Attributes":1,"ValueType":"System.Guid"},"Value":"00000000-0000-0000-0000-000000000000"},{"Key":{"Id":"InnerResultsCount","Label":"InnerResultsCount","Category":"","Description":"","Attributes":1,"ValueType":"System.Int32"},"Value":0}]},{"TestCase":{"Id":"18a4e423-7912-2ea3-64d1-3602e6b82a62","FullyQualifiedName":"Unit_Testovi.BankaTests.OtvaranjeNovogRačunaTest","DisplayName":"OtvaranjeNovogRačunaTest","ExecutorUri":"executor://MSTestAdapter/v2","Source":"C:\\Users\\HP\\Source\\Repos\\ekarahodza1\\VVS_zadaca2\\Hypo Banka\\Unit Testovi\\bin\\Debug\\fine-code-coverage\\Unit Testovi.dll","CodeFilePath":null,"LineNumber":-1,"Properties":[{"Key":{"Id":"MSTestDiscoverer.TestClassName","Label":"ClassName","Category":"","Description":"","Attributes":1,"ValueType":"System.String"},"Value":"Unit_Testovi.BankaTests"},{"Key":{"Id":"TestObject.Traits","Label":"Traits","Category":"","Description":"","Attributes":5,"ValueType":"System.Collections.Generic.KeyValuePair`2[[System.String],[System.String]][]"},"Value":[]}]},"Attachments":[],"Outcome":1,"ErrorMessage":null,"ErrorStackTrace":null,"DisplayName":null,"Messages":[],"ComputerName":null,"Duration":"00:00:00.0004618","StartTime":"2020-11-30T14:15:15.8076002+01:00","EndTime":"2020-11-30T14:15:15.8082672+01:00","Properties":[{"Key":{"Id":"ExecutionId","Label":"ExecutionId","Category":"","Description":"","Attributes":1,"ValueType":"System.Guid"},"Value":"00000000-0000-0000-0000-000000000000"},{"Key":{"Id":"ParentExecId","Label":"ParentExecId","Category":"","Description":"","Attributes":1,"ValueType":"System.Guid"},"Value":"00000000-0000-0000-0000-000000000000"},{"Key":{"Id":"InnerResultsCount","Label":"InnerResultsCount","Category":"","Description":"","Attributes":1,"ValueType":"System.Int32"},"Value":0}]},{"TestCase":{"Id":"1b311cad-fe90-5ca0-5c94-bb6f702bc22c","FullyQualifiedName":"Unit_Testovi.BankaTests.KlijentiSBlokiranimRačunimaTest","DisplayName":"KlijentiSBlokiranimRačunimaTest","ExecutorUri":"executor://MSTestAdapter/v2","Source":"C:\\Users\\HP\\Source\\Repos\\ekarahodza1\\VVS_zadaca2\\Hypo Banka\\Unit Testovi\\bin\\Debug\\fine-code-coverage\\Unit Testovi.dll","CodeFilePath":null,"LineNumber":-1,"Properties":[{"Key":{"Id":"MSTestDiscoverer.TestClassName","Label":"ClassName","Category":"","Description":"","Attributes":1,"ValueType":"System.String"},"Value":"Unit_Testovi.BankaTests"},{"Key":{"Id":"TestObject.Traits","Label":"Traits","Category":"","Description":"","Attributes":5,"ValueType":"System.Collections.Generic.KeyValuePair`2[[System.String],[System.String]][]"},"Value":[]}]},"Attachments":[],"Outcome":1,"ErrorMessage":null,"ErrorStackTrace":null,"DisplayName":null,"Messages":[],"ComputerName":null,"Duration":"00:00:00.0034495","StartTime":"2020-11-30T14:15:15.8146459+01:00","EndTime":"2020-11-30T14:15:15.8183645+01:00","Properties":[{"Key":{"Id":"ExecutionId","Label":"ExecutionId","Category":"","Description":"","Attributes":1,"ValueType":"System.Guid"},"Value":"00000000-0000-0000-0000-000000000000"},{"Key":{"Id":"ParentExecId","Label":"ParentExecId","Category":"","Description":"","Attributes":1,"ValueType":"System.Guid"},"Value":"00000000-0000-0000-0000-000000000000"},{"Key":{"Id":"InnerResultsCount","Label":"InnerResultsCount","Category":"","Description":"","Attributes":1,"ValueType":"System.Int32"},"Value":0}]},{"TestCase":{"Id":"408dbc8c-088d-37e5-c524-008dff2d79ed","FullyQualifiedName":"Unit_Testovi.BankaTests.PraznaListaKlijentiSBlokiranimRačunimaTest","DisplayName":"PraznaListaKlijentiSBlokiranimRačunimaTest","ExecutorUri":"executor://MSTestAdapter/v2","Source":"C:\\Users\\HP\\Source\\Repos\\ekarahodza1\\VVS_zadaca2\\Hypo Banka\\Unit Testovi\\bin\\Debug\\fine-code-coverage\\Unit Testovi.dll","CodeFilePath":null,"LineNumber":-1,"Properties":[{"Key":{"Id":"MSTestDiscoverer.TestClassName","Label":"ClassName","Category":"","Description":"","Attributes":1,"ValueType":"System.String"},"Value":"Unit_Testovi.BankaTests"},{"Key":{"Id":"TestObject.Traits","Label":"Traits","Category":"","Description":"","Attributes":5,"ValueType":"System.Collections.Generic.KeyValuePair`2[[System.String],[System.String]][]"},"Value":[]}]},"Attachments":[],"Outcome":1,"ErrorMessage":null,"ErrorStackTrace":null,"DisplayName":null,"Messages":[],"ComputerName":null,"Duration":"00:00:00.0012524","StartTime":"2020-11-30T14:15:15.8221123+01:00","EndTime":"2020-11-30T14:15:15.8236482+01:00","Properties":[{"Key":{"Id":"ExecutionId","Label":"ExecutionId","Category":"","Description":"","Attributes":1,"ValueType":"System.Guid"},"Value":"00000000-0000-0000-0000-000000000000"},{"Key":{"Id":"ParentExecId","Label":"ParentExecId","Category":"","Description":"","Attributes":1,"ValueType":"System.Guid"},"Value":"00000000-0000-0000-0000-000000000000"},{"Key":{"Id":"InnerResultsCount","Label":"InnerResultsCount","Category":"","Description":"","Attributes":1,"ValueType":"System.Int32"},"Value":0}]},{"TestCase":{"Id":"b68b1648-dcba-2adb-037a-34e56c60e967","FullyQualifiedName":"Unit_Testovi.BankaTests.PraznaListaKlijentiSBlokiranimRačunimaTest2","DisplayName":"PraznaListaKlijentiSBlokiranimRačunimaTest2","ExecutorUri":"executor://MSTestAdapter/v2","Source":"C:\\Users\\HP\\Source\\Repos\\ekarahodza1\\VVS_zadaca2\\Hypo Banka\\Unit Testovi\\bin\\Debug\\fine-code-coverage\\Unit Testovi.dll","CodeFilePath":null,"LineNumber":-1,"Properties":[{"Key":{"Id":"MSTestDiscoverer.TestClassName","Label":"ClassName","Category":"","Description":"","Attributes":1,"ValueType":"System.String"},"Value":"Unit_Testovi.BankaTests"},{"Key":{"Id":"TestObject.Traits","Label":"Traits","Category":"","Description":"","Attributes":5,"ValueType":"System.Collections.Generic.KeyValuePair`2[[System.String],[System.String]][]"},"Value":[]}]},"Attachments":[],"Outcome":1,"ErrorMessage":null,"ErrorStackTrace":null,"DisplayName":null,"Messages":[],"ComputerName":null,"Duration":"00:00:00.0006669","StartTime":"2020-11-30T14:15:15.8273803+01:00","EndTime":"2020-11-30T14:15:15.8284122+01:00","Properties":[{"Key":{"Id":"ExecutionId","Label":"ExecutionId","Category":"","Description":"","Attributes":1,"ValueType":"System.Guid"},"Value":"00000000-0000-0000-0000-000000000000"},{"Key":{"Id":"ParentExecId","Label":"ParentExecId","Category":"","Description":"","Attributes":1,"ValueType":"System.Guid"},"Value":"00000000-0000-0000-0000-000000000000"},{"Key":{"Id":"InnerResultsCount","Label":"InnerResultsCount","Category":"","Description":"","Attributes":1,"ValueType":"System.Int32"},"Value":0}]}],"TestRunStatistics":{"ExecutedTests":9,"Stats":{"Passed":9}},"ActiveTests":[{"Id":"fe2fc789-1350-434d-18cc-5bb729531d2a","FullyQualifiedName":"Unit_Testovi.BankaTests.PraznaListaKlijentiSBlokiranimRačunimaTest3","DisplayName":"PraznaListaKlijentiSBlokiranimRačunimaTest3","ExecutorUri":"executor://MSTestAdapter/v2","Source":"C:\\Users\\HP\\Source\\Repos\\ekarahodza1\\VVS_zadaca2\\Hypo Banka\\Unit Testovi\\bin\\Debug\\fine-code-coverage\\Unit Testovi.dll","CodeFilePath":null,"LineNumber":-1,"Properties":[{"Key":{"Id":"MSTestDiscoverer.TestClassName","Label":"ClassName","Category":"","Description":"","Attributes":1,"ValueType":"System.String"},"Value":"Unit_Testovi.BankaTests"},{"Key":{"Id":"TestObject.Traits","Label":"Traits","Category":"","Description":"","Attributes":5,"ValueType":"System.Collections.Generic.KeyValuePair`2[[System.String],[System.String]][]"},"Value":[]}]}]}}
TpTrace Verbose: 0 : 2260, 4, 2020/11/30, 14:15:15.873, 12536223976473, testhost.dll, TestRunCache: OnNewTestResult: Notified the onCacheHit callback.
TpTrace Verbose: 0 : 2260, 4, 2020/11/30, 14:15:15.878, 12536224019441, testhost.dll, TestExecutionRecorder.RecordEnd: test: Unit_Testovi.BankaTests.PraznaListaKlijentiSBlokiranimRačunimaTest3 execution completed.
TpTrace Warning: 0 : 2260, 4, 2020/11/30, 14:15:15.878, 12536224020816, testhost.dll, InProgressTests is null
TpTrace Verbose: 0 : 2260, 4, 2020/11/30, 14:15:15.880, 12536224041251, testhost.dll, TestExecutionRecorder.RecordResult: Received result for test: Unit_Testovi.BankaTests.PraznaListaKlijentiSBlokiranimRačunimaTest3.
TpTrace Warning: 0 : 2260, 4, 2020/11/30, 14:15:15.880, 12536224042745, testhost.dll, InProgressTests is null
TpTrace Warning: 0 : 2260, 4, 2020/11/30, 14:15:15.880, 12536224043609, testhost.dll, TestRunCache: No test found corresponding to testResult 'PraznaListaKlijentiSBlokiranimRačunimaTest3  Passed' in inProgress list.
TpTrace Verbose: 0 : 2260, 4, 2020/11/30, 14:15:15.880, 12536224044420, testhost.dll, TestExecutionRecorder.RecordStart: Starting test: Unit_Testovi.BankaTests.DajKreditTest.
TpTrace Verbose: 0 : 2260, 4, 2020/11/30, 14:15:15.884, 12536224081857, testhost.dll, TestExecutionRecorder.RecordEnd: test: Unit_Testovi.BankaTests.DajKreditTest execution completed.
TpTrace Verbose: 0 : 2260, 4, 2020/11/30, 14:15:15.886, 12536224104925, testhost.dll, TestExecutionRecorder.RecordResult: Received result for test: Unit_Testovi.BankaTests.DajKreditTest.
TpTrace Warning: 0 : 2260, 4, 2020/11/30, 14:15:15.886, 12536224106660, testhost.dll, InProgressTests is null
TpTrace Warning: 0 : 2260, 4, 2020/11/30, 14:15:15.886, 12536224107488, testhost.dll, TestRunCache: No test found corresponding to testResult 'DajKreditTest  Passed' in inProgress list.
TpTrace Verbose: 0 : 2260, 4, 2020/11/30, 14:15:15.887, 12536224108242, testhost.dll, TestExecutionRecorder.RecordStart: Starting test: Unit_Testovi.BankaTests.DajKreditTestKlijentNijeUBanci.
TpTrace Verbose: 0 : 2260, 4, 2020/11/30, 14:15:15.889, 12536224135286, testhost.dll, TestExecutionRecorder.RecordEnd: test: Unit_Testovi.BankaTests.DajKreditTestKlijentNijeUBanci execution completed.
TpTrace Verbose: 0 : 2260, 4, 2020/11/30, 14:15:15.892, 12536224159019, testhost.dll, TestExecutionRecorder.RecordResult: Received result for test: Unit_Testovi.BankaTests.DajKreditTestKlijentNijeUBanci.
TpTrace Warning: 0 : 2260, 4, 2020/11/30, 14:15:15.892, 12536224161166, testhost.dll, InProgressTests is null
TpTrace Warning: 0 : 2260, 4, 2020/11/30, 14:15:15.892, 12536224162369, testhost.dll, TestRunCache: No test found corresponding to testResult 'DajKreditTestKlijentNijeUBanci  Passed' in inProgress list.
TpTrace Verbose: 0 : 2260, 4, 2020/11/30, 14:15:15.892, 12536224163668, testhost.dll, TestExecutionRecorder.RecordStart: Starting test: Unit_Testovi.BankaTests.DajKreditTestPremašenBrojKredita.
TpTrace Verbose: 0 : 2260, 4, 2020/11/30, 14:15:15.900, 12536224244652, testhost.dll, TestExecutionRecorder.RecordEnd: test: Unit_Testovi.BankaTests.DajKreditTestPremašenBrojKredita execution completed.
TpTrace Verbose: 0 : 2260, 4, 2020/11/30, 14:15:15.902, 12536224263401, testhost.dll, TestExecutionRecorder.RecordResult: Received result for test: Unit_Testovi.BankaTests.DajKreditTestPremašenBrojKredita.
TpTrace Warning: 0 : 2260, 4, 2020/11/30, 14:15:15.902, 12536224265398, testhost.dll, InProgressTests is null
TpTrace Warning: 0 : 2260, 4, 2020/11/30, 14:15:15.902, 12536224266949, testhost.dll, TestRunCache: No test found corresponding to testResult 'DajKreditTestPremašenBrojKredita  Passed' in inProgress list.
TpTrace Verbose: 0 : 2260, 4, 2020/11/30, 14:15:15.902, 12536224268064, testhost.dll, TestExecutionRecorder.RecordStart: Starting test: Unit_Testovi.BankaTests.OdobriKreditTest.
TpTrace Verbose: 0 : 2260, 4, 2020/11/30, 14:15:15.929, 12536224533908, testhost.dll, TestExecutionRecorder.RecordEnd: test: Unit_Testovi.BankaTests.OdobriKreditTest execution completed.
TpTrace Verbose: 0 : 2260, 4, 2020/11/30, 14:15:15.937, 12536224617724, testhost.dll, TestExecutionRecorder.RecordResult: Received result for test: Unit_Testovi.BankaTests.OdobriKreditTest.
TpTrace Warning: 0 : 2260, 4, 2020/11/30, 14:15:15.938, 12536224620170, testhost.dll, InProgressTests is null
TpTrace Warning: 0 : 2260, 4, 2020/11/30, 14:15:15.938, 12536224623948, testhost.dll, TestRunCache: No test found corresponding to testResult 'OdobriKreditTest  Failed
  Message: Assert.Fail failed. 
  StackTrace:
   at Unit_Testovi.BankaTests.OdobriKreditTest() in C:\Users\HP\Source\Repos\ekarahodza1\VVS_zadaca2\Hypo Banka\Unit Testovi\BankaTests.cs:line 212
' in inProgress list.
TpTrace Verbose: 0 : 2260, 4, 2020/11/30, 14:15:15.938, 12536224625656, testhost.dll, TestExecutionRecorder.RecordStart: Starting test: Unit_Testovi.KlijentTests.DajUkupanIznosNovcaNaSvimRačunimaTestNemaNijedanRacun.
TpTrace Verbose: 0 : 2260, 4, 2020/11/30, 14:15:15.944, 12536224680033, testhost.dll, TestExecutionRecorder.RecordEnd: test: Unit_Testovi.KlijentTests.DajUkupanIznosNovcaNaSvimRačunimaTestNemaNijedanRacun execution completed.
TpTrace Verbose: 0 : 2260, 4, 2020/11/30, 14:15:15.947, 12536224712411, testhost.dll, TestExecutionRecorder.RecordResult: Received result for test: Unit_Testovi.KlijentTests.DajUkupanIznosNovcaNaSvimRačunimaTestNemaNijedanRacun.
TpTrace Warning: 0 : 2260, 4, 2020/11/30, 14:15:15.947, 12536224714857, testhost.dll, InProgressTests is null
TpTrace Warning: 0 : 2260, 4, 2020/11/30, 14:15:15.947, 12536224716271, testhost.dll, TestRunCache: No test found corresponding to testResult 'DajUkupanIznosNovcaNaSvimRačunimaTestNemaNijedanRacun  Passed' in inProgress list.
TpTrace Verbose: 0 : 2260, 4, 2020/11/30, 14:15:15.947, 12536224717319, testhost.dll, TestExecutionRecorder.RecordStart: Starting test: Unit_Testovi.KlijentTests.DajUkupanIznosNovcaNaSvimRačunimaTest.
TpTrace Verbose: 0 : 2260, 4, 2020/11/30, 14:15:15.951, 12536224749880, testhost.dll, TestExecutionRecorder.RecordEnd: test: Unit_Testovi.KlijentTests.DajUkupanIznosNovcaNaSvimRačunimaTest execution completed.
TpTrace Verbose: 0 : 2260, 4, 2020/11/30, 14:15:15.954, 12536224781374, testhost.dll, TestExecutionRecorder.RecordResult: Received result for test: Unit_Testovi.KlijentTests.DajUkupanIznosNovcaNaSvimRačunimaTest.
TpTrace Warning: 0 : 2260, 4, 2020/11/30, 14:15:15.954, 12536224784224, testhost.dll, InProgressTests is null
TpTrace Warning: 0 : 2260, 4, 2020/11/30, 14:15:15.954, 12536224785534, testhost.dll, TestRunCache: No test found corresponding to testResult 'DajUkupanIznosNovcaNaSvimRačunimaTest  Passed' in inProgress list.
TpTrace Verbose: 0 : 2260, 4, 2020/11/30, 14:15:15.954, 12536224786731, testhost.dll, TestExecutionRecorder.RecordStart: Starting test: Unit_Testovi.KlijentTests.DajUkupanIznosNovcaNaSvimRačunimaTestBlokirani.
TpTrace Verbose: 0 : 2260, 4, 2020/11/30, 14:15:15.958, 12536224825258, testhost.dll, TestExecutionRecorder.RecordEnd: test: Unit_Testovi.KlijentTests.DajUkupanIznosNovcaNaSvimRačunimaTestBlokirani execution completed.
TpTrace Verbose: 0 : 2260, 4, 2020/11/30, 14:15:15.961, 12536224854432, testhost.dll, TestExecutionRecorder.RecordResult: Received result for test: Unit_Testovi.KlijentTests.DajUkupanIznosNovcaNaSvimRačunimaTestBlokirani.
TpTrace Warning: 0 : 2260, 4, 2020/11/30, 14:15:15.961, 12536224856295, testhost.dll, InProgressTests is null
TpTrace Warning: 0 : 2260, 4, 2020/11/30, 14:15:15.961, 12536224857396, testhost.dll, TestRunCache: No test found corresponding to testResult 'DajUkupanIznosNovcaNaSvimRačunimaTestBlokirani  Passed' in inProgress list.
TpTrace Verbose: 0 : 2260, 4, 2020/11/30, 14:15:15.962, 12536224858596, testhost.dll, TestExecutionRecorder.RecordStart: Starting test: Unit_Testovi.KorisnikTests.KorisnikTest.
TpTrace Verbose: 0 : 2260, 4, 2020/11/30, 14:15:15.974, 12536224980857, testhost.dll, TestExecutionRecorder.RecordEnd: test: Unit_Testovi.KorisnikTests.KorisnikTest execution completed.
TpTrace Verbose: 0 : 2260, 4, 2020/11/30, 14:15:15.976, 12536225007409, testhost.dll, TestExecutionRecorder.RecordResult: Received result for test: Unit_Testovi.KorisnikTests.KorisnikTest.
TpTrace Warning: 0 : 2260, 4, 2020/11/30, 14:15:15.977, 12536225009107, testhost.dll, InProgressTests is null
TpTrace Warning: 0 : 2260, 4, 2020/11/30, 14:15:15.977, 12536225010892, testhost.dll, TestRunCache: No test found corresponding to testResult 'KorisnikTest  Skipped' in inProgress list.
TpTrace Verbose: 0 : 2260, 4, 2020/11/30, 14:15:15.977, 12536225011817, testhost.dll, TestExecutionRecorder.RecordEnd: test: Unit_Testovi.KorisnikTests.KorisnikTest execution completed.
TpTrace Warning: 0 : 2260, 4, 2020/11/30, 14:15:15.977, 12536225012585, testhost.dll, InProgressTests is null
TpTrace Verbose: 0 : 2260, 4, 2020/11/30, 14:15:15.977, 12536225013320, testhost.dll, TestExecutionRecorder.RecordResult: Received result for test: Unit_Testovi.KorisnikTests.KorisnikTest.
TpTrace Warning: 0 : 2260, 4, 2020/11/30, 14:15:15.977, 12536225014154, testhost.dll, InProgressTests is null
TpTrace Warning: 0 : 2260, 4, 2020/11/30, 14:15:15.977, 12536225014795, testhost.dll, TestRunCache: No test found corresponding to testResult 'KorisnikTest  Skipped' in inProgress list.
TpTrace Information: 0 : 2260, 4, 2020/11/30, 14:15:15.977, 12536225015531, testhost.dll, Sending test run statistics
TpTrace Verbose: 0 : 2260, 4, 2020/11/30, 14:15:15.979, 12536225028314, testhost.dll, TestRequestHandler.SendData:  sending data from testhost: {"Version":2,"MessageType":"TestExecution.StatsChange","Payload":{"NewTestResults":[{"TestCase":{"Id":"fe2fc789-1350-434d-18cc-5bb729531d2a","FullyQualifiedName":"Unit_Testovi.BankaTests.PraznaListaKlijentiSBlokiranimRačunimaTest3","DisplayName":"PraznaListaKlijentiSBlokiranimRačunimaTest3","ExecutorUri":"executor://MSTestAdapter/v2","Source":"C:\\Users\\HP\\Source\\Repos\\ekarahodza1\\VVS_zadaca2\\Hypo Banka\\Unit Testovi\\bin\\Debug\\fine-code-coverage\\Unit Testovi.dll","CodeFilePath":null,"LineNumber":-1,"Properties":[{"Key":{"Id":"MSTestDiscoverer.TestClassName","Label":"ClassName","Category":"","Description":"","Attributes":1,"ValueType":"System.String"},"Value":"Unit_Testovi.BankaTests"},{"Key":{"Id":"TestObject.Traits","Label":"Traits","Category":"","Description":"","Attributes":5,"ValueType":"System.Collections.Generic.KeyValuePair`2[[System.String],[System.String]][]"},"Value":[]}]},"Attachments":[],"Outcome":1,"ErrorMessage":null,"ErrorStackTrace":null,"DisplayName":null,"Messages":[],"ComputerName":null,"Duration":"00:00:00.0007246","StartTime":"2020-11-30T14:15:15.8771525+01:00","EndTime":"2020-11-30T14:15:15.8781151+01:00","Properties":[{"Key":{"Id":"ExecutionId","Label":"ExecutionId","Category":"","Description":"","Attributes":1,"ValueType":"System.Guid"},"Value":"00000000-0000-0000-0000-000000000000"},{"Key":{"Id":"ParentExecId","Label":"ParentExecId","Category":"","Description":"","Attributes":1,"ValueType":"System.Guid"},"Value":"00000000-0000-0000-0000-000000000000"},{"Key":{"Id":"InnerResultsCount","Label":"InnerResultsCount","Category":"","Description":"","Attributes":1,"ValueType":"System.Int32"},"Value":0}]},{"TestCase":{"Id":"d6adb559-41f5-15aa-090d-017e555ec5b0","FullyQualifiedName":"Unit_Testovi.BankaTests.DajKreditTest","DisplayName":"DajKreditTest","ExecutorUri":"executor://MSTestAdapter/v2","Source":"C:\\Users\\HP\\Source\\Repos\\ekarahodza1\\VVS_zadaca2\\Hypo Banka\\Unit Testovi\\bin\\Debug\\fine-code-coverage\\Unit Testovi.dll","CodeFilePath":null,"LineNumber":-1,"Properties":[{"Key":{"Id":"MSTestDiscoverer.TestClassName","Label":"ClassName","Category":"","Description":"","Attributes":1,"ValueType":"System.String"},"Value":"Unit_Testovi.BankaTests"},{"Key":{"Id":"TestObject.Traits","Label":"Traits","Category":"","Description":"","Attributes":5,"ValueType":"System.Collections.Generic.KeyValuePair`2[[System.String],[System.String]][]"},"Value":[]}]},"Attachments":[],"Outcome":1,"ErrorMessage":null,"ErrorStackTrace":null,"DisplayName":null,"Messages":[],"ComputerName":null,"Duration":"00:00:00.0018668","StartTime":"2020-11-30T14:15:15.8822598+01:00","EndTime":"2020-11-30T14:15:15.8843487+01:00","Properties":[{"Key":{"Id":"ExecutionId","Label":"ExecutionId","Category":"","Description":"","Attributes":1,"ValueType":"System.Guid"},"Value":"00000000-0000-0000-0000-000000000000"},{"Key":{"Id":"ParentExecId","Label":"ParentExecId","Category":"","Description":"","Attributes":1,"ValueType":"System.Guid"},"Value":"00000000-0000-0000-0000-000000000000"},{"Key":{"Id":"InnerResultsCount","Label":"InnerResultsCount","Category":"","Description":"","Attributes":1,"ValueType":"System.Int32"},"Value":0}]},{"TestCase":{"Id":"5f892e2b-61f3-2893-1643-9cad8316594f","FullyQualifiedName":"Unit_Testovi.BankaTests.DajKreditTestKlijentNijeUBanci","DisplayName":"DajKreditTestKlijentNijeUBanci","ExecutorUri":"executor://MSTestAdapter/v2","Source":"C:\\Users\\HP\\Source\\Repos\\ekarahodza1\\VVS_zadaca2\\Hypo Banka\\Unit Testovi\\bin\\Debug\\fine-code-coverage\\Unit Testovi.dll","CodeFilePath":null,"LineNumber":-1,"Properties":[{"Key":{"Id":"MSTestDiscoverer.TestClassName","Label":"ClassName","Category":"","Description":"","Attributes":1,"ValueType":"System.String"},"Value":"Unit_Testovi.BankaTests"},{"Key":{"Id":"TestObject.Traits","Label":"Traits","Category":"","Description":"","Attributes":5,"ValueType":"System.Collections.Generic.KeyValuePair`2[[System.String],[System.String]][]"},"Value":[]}]},"Attachments":[],"Outcome":1,"ErrorMessage":null,"ErrorStackTrace":null,"DisplayName":null,"Messages":[],"ComputerName":null,"Duration":"00:00:00.0008493","StartTime":"2020-11-30T14:15:15.8886149+01:00","EndTime":"2020-11-30T14:15:15.8896907+01:00","Properties":[{"Key":{"Id":"ExecutionId","Label":"ExecutionId","Category":"","Description":"","Attributes":1,"ValueType":"System.Guid"},"Value":"00000000-0000-0000-0000-000000000000"},{"Key":{"Id":"ParentExecId","Label":"ParentExecId","Category":"","Description":"","Attributes":1,"ValueType":"System.Guid"},"Value":"00000000-0000-0000-0000-000000000000"},{"Key":{"Id":"InnerResultsCount","Label":"InnerResultsCount","Category":"","Description":"","Attributes":1,"ValueType":"System.Int32"},"Value":0}]},{"TestCase":{"Id":"ec22376c-6e2b-d23f-33d1-9b9f7a069765","FullyQualifiedName":"Unit_Testovi.BankaTests.DajKreditTestPremašenBrojKredita","DisplayName":"DajKreditTestPremašenBrojKredita","ExecutorUri":"executor://MSTestAdapter/v2","Source":"C:\\Users\\HP\\Source\\Repos\\ekarahodza1\\VVS_zadaca2\\Hypo Banka\\Unit Testovi\\bin\\Debug\\fine-code-coverage\\Unit Testovi.dll","CodeFilePath":null,"LineNumber":-1,"Properties":[{"Key":{"Id":"MSTestDiscoverer.TestClassName","Label":"ClassName","Category":"","Description":"","Attributes":1,"ValueType":"System.String"},"Value":"Unit_Testovi.BankaTests"},{"Key":{"Id":"TestObject.Traits","Label":"Traits","Category":"","Description":"","Attributes":5,"ValueType":"System.Collections.Generic.KeyValuePair`2[[System.String],[System.String]][]"},"Value":[]}]},"Attachments":[],"Outcome":1,"ErrorMessage":null,"ErrorStackTrace":null,"DisplayName":null,"Messages":[],"ComputerName":null,"Duration":"00:00:00.0009374","StartTime":"2020-11-30T14:15:15.8994435+01:00","EndTime":"2020-11-30T14:15:15.9006326+01:00","Properties":[{"Key":{"Id":"ExecutionId","Label":"ExecutionId","Category":"","Description":"","Attributes":1,"ValueType":"System.Guid"},"Value":"00000000-0000-0000-0000-000000000000"},{"Key":{"Id":"ParentExecId","Label":"ParentExecId","Category":"","Description":"","Attributes":1,"ValueType":"System.Guid"},"Value":"00000000-0000-0000-0000-000000000000"},{"Key":{"Id":"InnerResultsCount","Label":"InnerResultsCount","Category":"","Description":"","Attributes":1,"ValueType":"System.Int32"},"Value":0}]},{"TestCase":{"Id":"2e6ffa82-c500-78d4-c8f5-ab98869c82c7","FullyQualifiedName":"Unit_Testovi.BankaTests.OdobriKreditTest","DisplayName":"OdobriKreditTest","ExecutorUri":"executor://MSTestAdapter/v2","Source":"C:\\Users\\HP\\Source\\Repos\\ekarahodza1\\VVS_zadaca2\\Hypo Banka\\Unit Testovi\\bin\\Debug\\fine-code-coverage\\Unit Testovi.dll","CodeFilePath":null,"LineNumber":-1,"Properties":[{"Key":{"Id":"MSTestDiscoverer.TestClassName","Label":"ClassName","Category":"","Description":"","Attributes":1,"ValueType":"System.String"},"Value":"Unit_Testovi.BankaTests"},{"Key":{"Id":"TestObject.Traits","Label":"Traits","Category":"","Description":"","Attributes":5,"ValueType":"System.Collections.Generic.KeyValuePair`2[[System.String],[System.String]][]"},"Value":[]}]},"Attachments":[],"Outcome":2,"ErrorMessage":"Assert.Fail failed. ","ErrorStackTrace":"   at Unit_Testovi.BankaTests.OdobriKreditTest() in C:\\Users\\HP\\Source\\Repos\\ekarahodza1\\VVS_zadaca2\\Hypo Banka\\Unit Testovi\\BankaTests.cs:line 212\r\n","DisplayName":null,"Messages":[],"ComputerName":null,"Duration":"00:00:00.0245341","StartTime":"2020-11-30T14:15:15.904564+01:00","EndTime":"2020-11-30T14:15:15.9295582+01:00","Properties":[{"Key":{"Id":"ExecutionId","Label":"ExecutionId","Category":"","Description":"","Attributes":1,"ValueType":"System.Guid"},"Value":"00000000-0000-0000-0000-000000000000"},{"Key":{"Id":"ParentExecId","Label":"ParentExecId","Category":"","Description":"","Attributes":1,"ValueType":"System.Guid"},"Value":"00000000-0000-0000-0000-000000000000"},{"Key":{"Id":"InnerResultsCount","Label":"InnerResultsCount","Category":"","Description":"","Attributes":1,"ValueType":"System.Int32"},"Value":0}]},{"TestCase":{"Id":"7963bcc5-e9fa-5f0b-bb02-6bfdd391c570","FullyQualifiedName":"Unit_Testovi.KlijentTests.DajUkupanIznosNovcaNaSvimRačunimaTestNemaNijedanRacun","DisplayName":"DajUkupanIznosNovcaNaSvimRačunimaTestNemaNijedanRacun","ExecutorUri":"executor://MSTestAdapter/v2","Source":"C:\\Users\\HP\\Source\\Repos\\ekarahodza1\\VVS_zadaca2\\Hypo Banka\\Unit Testovi\\bin\\Debug\\fine-code-coverage\\Unit Testovi.dll","CodeFilePath":null,"LineNumber":-1,"Properties":[{"Key":{"Id":"MSTestDiscoverer.TestClassName","Label":"ClassName","Category":"","Description":"","Attributes":1,"ValueType":"System.String"},"Value":"Unit_Testovi.KlijentTests"},{"Key":{"Id":"TestObject.Traits","Label":"Traits","Category":"","Description":"","Attributes":5,"ValueType":"System.Collections.Generic.KeyValuePair`2[[System.String],[System.String]][]"},"Value":[]}]},"Attachments":[],"Outcome":1,"ErrorMessage":null,"ErrorStackTrace":null,"DisplayName":null,"Messages":[],"ComputerName":null,"Duration":"00:00:00.0009703","StartTime":"2020-11-30T14:15:15.94272+01:00","EndTime":"2020-11-30T14:15:15.9441737+01:00","Properties":[{"Key":{"Id":"ExecutionId","Label":"ExecutionId","Category":"","Description":"","Attributes":1,"ValueType":"System.Guid"},"Value":"00000000-0000-0000-0000-000000000000"},{"Key":{"Id":"ParentExecId","Label":"ParentExecId","Category":"","Description":"","Attributes":1,"ValueType":"System.Guid"},"Value":"00000000-0000-0000-0000-000000000000"},{"Key":{"Id":"InnerResultsCount","Label":"InnerResultsCount","Category":"","Description":"","Attributes":1,"ValueType":"System.Int32"},"Value":0}]},{"TestCase":{"Id":"6b5f6e43-df49-ab6e-701e-14406ad0d200","FullyQualifiedName":"Unit_Testovi.KlijentTests.DajUkupanIznosNovcaNaSvimRačunimaTest","DisplayName":"DajUkupanIznosNovcaNaSvimRačunimaTest","ExecutorUri":"executor://MSTestAdapter/v2","Source":"C:\\Users\\HP\\Source\\Repos\\ekarahodza1\\VVS_zadaca2\\Hypo Banka\\Unit Testovi\\bin\\Debug\\fine-code-coverage\\Unit Testovi.dll","CodeFilePath":null,"LineNumber":-1,"Properties":[{"Key":{"Id":"MSTestDiscoverer.TestClassName","Label":"ClassName","Category":"","Description":"","Attributes":1,"ValueType":"System.String"},"Value":"Unit_Testovi.KlijentTests"},{"Key":{"Id":"TestObject.Traits","Label":"Traits","Category":"","Description":"","Attributes":5,"ValueType":"System.Collections.Generic.KeyValuePair`2[[System.String],[System.String]][]"},"Value":[]}]},"Attachments":[],"Outcome":1,"ErrorMessage":null,"ErrorStackTrace":null,"DisplayName":null,"Messages":[],"ComputerName":null,"Duration":"00:00:00.0007978","StartTime":"2020-11-30T14:15:15.9501051+01:00","EndTime":"2020-11-30T14:15:15.9511576+01:00","Properties":[{"Key":{"Id":"ExecutionId","Label":"ExecutionId","Category":"","Description":"","Attributes":1,"ValueType":"System.Guid"},"Value":"00000000-0000-0000-0000-000000000000"},{"Key":{"Id":"ParentExecId","Label":"ParentExecId","Category":"","Description":"","Attributes":1,"ValueType":"System.Guid"},"Value":"00000000-0000-0000-0000-000000000000"},{"Key":{"Id":"InnerResultsCount","Label":"InnerResultsCount","Category":"","Description":"","Attributes":1,"ValueType":"System.Int32"},"Value":0}]},{"TestCase":{"Id":"f00d9813-1f91-642b-4e1c-e90d25b9d5bc","FullyQualifiedName":"Unit_Testovi.KlijentTests.DajUkupanIznosNovcaNaSvimRačunimaTestBlokirani","DisplayName":"DajUkupanIznosNovcaNaSvimRačunimaTestBlokirani","ExecutorUri":"executor://MSTestAdapter/v2","Source":"C:\\Users\\HP\\Source\\Repos\\ekarahodza1\\VVS_zadaca2\\Hypo Banka\\Unit Testovi\\bin\\Debug\\fine-code-coverage\\Unit Testovi.dll","CodeFilePath":null,"LineNumber":-1,"Properties":[{"Key":{"Id":"MSTestDiscoverer.TestClassName","Label":"ClassName","Category":"","Description":"","Attributes":1,"ValueType":"System.String"},"Value":"Unit_Testovi.KlijentTests"},{"Key":{"Id":"TestObject.Traits","Label":"Traits","Category":"","Description":"","Attributes":5,"ValueType":"System.Collections.Generic.KeyValuePair`2[[System.String],[System.String]][]"},"Value":[]}]},"Attachments":[],"Outcome":1,"ErrorMessage":null,"ErrorStackTrace":null,"DisplayName":null,"Messages":[],"ComputerName":null,"Duration":"00:00:00.0009838","StartTime":"2020-11-30T14:15:15.9573232+01:00","EndTime":"2020-11-30T14:15:15.9586888+01:00","Properties":[{"Key":{"Id":"ExecutionId","Label":"ExecutionId","Category":"","Description":"","Attributes":1,"ValueType":"System.Guid"},"Value":"00000000-0000-0000-0000-000000000000"},{"Key":{"Id":"ParentExecId","Label":"ParentExecId","Category":"","Description":"","Attributes":1,"ValueType":"System.Guid"},"Value":"00000000-0000-0000-0000-000000000000"},{"Key":{"Id":"InnerResultsCount","Label":"InnerResultsCount","Category":"","Description":"","Attributes":1,"ValueType":"System.Int32"},"Value":0}]},{"TestCase":{"Id":"3b73558f-b86e-d4a9-3e8e-c551c448baf1","FullyQualifiedName":"Unit_Testovi.KorisnikTests.KorisnikTest","DisplayName":"KorisnikTest","ExecutorUri":"executor://MSTestAdapter/v2","Source":"C:\\Users\\HP\\Source\\Repos\\ekarahodza1\\VVS_zadaca2\\Hypo Banka\\Unit Testovi\\bin\\Debug\\fine-code-coverage\\Unit Testovi.dll","CodeFilePath":null,"LineNumber":-1,"Properties":[{"Key":{"Id":"MSTestDiscoverer.TestClassName","Label":"ClassName","Category":"","Description":"","Attributes":1,"ValueType":"System.String"},"Value":"Unit_Testovi.KorisnikTests"},{"Key":{"Id":"TestObject.Traits","Label":"Traits","Category":"","Description":"","Attributes":5,"ValueType":"System.Collections.Generic.KeyValuePair`2[[System.String],[System.String]][]"},"Value":[]},{"Key":{"Id":"MSTestDiscoverer.DeploymentItems","Label":"DeploymentItems","Category":"","Description":"","Attributes":1,"ValueType":"System.Collections.Generic.KeyValuePair`2[[System.String],[System.String]][]"},"Value":[{"Key":"KorisnikIspravno.csv","Value":""}]}]},"Attachments":[],"Outcome":3,"ErrorMessage":null,"ErrorStackTrace":null,"DisplayName":null,"Messages":[],"ComputerName":null,"Duration":"00:00:00.0002739","StartTime":"2020-11-30T14:15:15.9730293+01:00","EndTime":"2020-11-30T14:15:15.9742542+01:00","Properties":[{"Key":{"Id":"ExecutionId","Label":"ExecutionId","Category":"","Description":"","Attributes":1,"ValueType":"System.Guid"},"Value":"01af44dc-31e1-41cb-92e0-ace2f19a049b"},{"Key":{"Id":"ParentExecId","Label":"ParentExecId","Category":"","Description":"","Attributes":1,"ValueType":"System.Guid"},"Value":"00000000-0000-0000-0000-000000000000"},{"Key":{"Id":"InnerResultsCount","Label":"InnerResultsCount","Category":"","Description":"","Attributes":1,"ValueType":"System.Int32"},"Value":1}]},{"TestCase":{"Id":"3b73558f-b86e-d4a9-3e8e-c551c448baf1","FullyQualifiedName":"Unit_Testovi.KorisnikTests.KorisnikTest","DisplayName":"KorisnikTest","ExecutorUri":"executor://MSTestAdapter/v2","Source":"C:\\Users\\HP\\Source\\Repos\\ekarahodza1\\VVS_zadaca2\\Hypo Banka\\Unit Testovi\\bin\\Debug\\fine-code-coverage\\Unit Testovi.dll","CodeFilePath":null,"LineNumber":-1,"Properties":[{"Key":{"Id":"MSTestDiscoverer.TestClassName","Label":"ClassName","Category":"","Description":"","Attributes":1,"ValueType":"System.String"},"Value":"Unit_Testovi.KorisnikTests"},{"Key":{"Id":"TestObject.Traits","Label":"Traits","Category":"","Description":"","Attributes":5,"ValueType":"System.Collections.Generic.KeyValuePair`2[[System.String],[System.String]][]"},"Value":[]},{"Key":{"Id":"MSTestDiscoverer.DeploymentItems","Label":"DeploymentItems","Category":"","Description":"","Attributes":1,"ValueType":"System.Collections.Generic.KeyValuePair`2[[System.String],[System.String]][]"},"Value":[{"Key":"KorisnikIspravno.csv","Value":""}]}]},"Attachments":[],"Outcome":3,"ErrorMessage":null,"ErrorStackTrace":null,"DisplayName":null,"Messages":[],"ComputerName":null,"Duration":"00:00:00.0002482","StartTime":"2020-11-30T14:15:15.9730293+01:00","EndTime":"2020-11-30T14:15:15.9742542+01:00","Properties":[{"Key":{"Id":"ExecutionId","Label":"ExecutionId","Category":"","Description":"","Attributes":1,"ValueType":"System.Guid"},"Value":"4e94f78a-30a9-40bf-98a7-5ad1c3992cf8"},{"Key":{"Id":"ParentExecId","Label":"ParentExecId","Category":"","Description":"","Attributes":1,"ValueType":"System.Guid"},"Value":"01af44dc-31e1-41cb-92e0-ace2f19a049b"},{"Key":{"Id":"InnerResultsCount","Label":"InnerResultsCount","Category":"","Description":"","Attributes":1,"ValueType":"System.Int32"},"Value":0}]}],"TestRunStatistics":{"ExecutedTests":19,"Stats":{"Passed":16,"Failed":1,"Skipped":2}},"ActiveTests":[]}}
TpTrace Verbose: 0 : 2260, 4, 2020/11/30, 14:15:15.979, 12536225034029, testhost.dll, TestRunCache: OnNewTestResult: Notified the onCacheHit callback.
TpTrace Verbose: 0 : 2260, 4, 2020/11/30, 14:15:15.979, 12536225036586, testhost.dll, TestExecutionRecorder.RecordStart: Starting test: Unit_Testovi.KorisnikTests.AutomatskoGenerisanjePodatakaTest1.
TpTrace Verbose: 0 : 2260, 4, 2020/11/30, 14:15:15.983, 12536225069089, testhost.dll, TestExecutionRecorder.RecordEnd: test: Unit_Testovi.KorisnikTests.AutomatskoGenerisanjePodatakaTest1 execution completed.
TpTrace Verbose: 0 : 2260, 4, 2020/11/30, 14:15:15.985, 12536225091920, testhost.dll, TestExecutionRecorder.RecordResult: Received result for test: Unit_Testovi.KorisnikTests.AutomatskoGenerisanjePodatakaTest1.
TpTrace Warning: 0 : 2260, 4, 2020/11/30, 14:15:15.985, 12536225093633, testhost.dll, InProgressTests is null
TpTrace Warning: 0 : 2260, 4, 2020/11/30, 14:15:15.985, 12536225095004, testhost.dll, TestRunCache: No test found corresponding to testResult 'AutomatskoGenerisanjePodatakaTest1  Passed' in inProgress list.
TpTrace Verbose: 0 : 2260, 4, 2020/11/30, 14:15:15.985, 12536225096291, testhost.dll, TestExecutionRecorder.RecordStart: Starting test: Unit_Testovi.KorisnikTests.AutomatskoGenerisanjePodatakaTest2.
TpTrace Verbose: 0 : 2260, 4, 2020/11/30, 14:15:15.988, 12536225120791, testhost.dll, TestExecutionRecorder.RecordEnd: test: Unit_Testovi.KorisnikTests.AutomatskoGenerisanjePodatakaTest2 execution completed.
TpTrace Verbose: 0 : 2260, 4, 2020/11/30, 14:15:15.989, 12536225136746, testhost.dll, TestExecutionRecorder.RecordResult: Received result for test: Unit_Testovi.KorisnikTests.AutomatskoGenerisanjePodatakaTest2.
TpTrace Warning: 0 : 2260, 4, 2020/11/30, 14:15:15.990, 12536225138273, testhost.dll, InProgressTests is null
TpTrace Warning: 0 : 2260, 4, 2020/11/30, 14:15:15.990, 12536225139011, testhost.dll, TestRunCache: No test found corresponding to testResult 'AutomatskoGenerisanjePodatakaTest2  Passed' in inProgress list.
TpTrace Verbose: 0 : 2260, 4, 2020/11/30, 14:15:15.990, 12536225140156, testhost.dll, TestExecutionRecorder.RecordStart: Starting test: Unit_Testovi.KorisnikTests.AutomatskoGenerisanjePodatakaTest3.
TpTrace Verbose: 0 : 2260, 4, 2020/11/30, 14:15:15.992, 12536225163755, testhost.dll, TestExecutionRecorder.RecordEnd: test: Unit_Testovi.KorisnikTests.AutomatskoGenerisanjePodatakaTest3 execution completed.
TpTrace Verbose: 0 : 2260, 4, 2020/11/30, 14:15:15.994, 12536225180091, testhost.dll, TestExecutionRecorder.RecordResult: Received result for test: Unit_Testovi.KorisnikTests.AutomatskoGenerisanjePodatakaTest3.
TpTrace Warning: 0 : 2260, 4, 2020/11/30, 14:15:15.994, 12536225181618, testhost.dll, InProgressTests is null
TpTrace Warning: 0 : 2260, 4, 2020/11/30, 14:15:15.994, 12536225182508, testhost.dll, TestRunCache: No test found corresponding to testResult 'AutomatskoGenerisanjePodatakaTest3  Passed' in inProgress list.
TpTrace Verbose: 0 : 2260, 4, 2020/11/30, 14:15:15.994, 12536225183577, testhost.dll, TestExecutionRecorder.RecordStart: Starting test: Unit_Testovi.KorisnikTests.AutomatskoGenerisanjePodatakaTest4.
TpTrace Verbose: 0 : 2260, 4, 2020/11/30, 14:15:15.998, 12536225219062, testhost.dll, TestExecutionRecorder.RecordEnd: test: Unit_Testovi.KorisnikTests.AutomatskoGenerisanjePodatakaTest4 execution completed.
TpTrace Verbose: 0 : 2260, 4, 2020/11/30, 14:15:16.000, 12536225240362, testhost.dll, TestExecutionRecorder.RecordResult: Received result for test: Unit_Testovi.KorisnikTests.AutomatskoGenerisanjePodatakaTest4.
TpTrace Warning: 0 : 2260, 4, 2020/11/30, 14:15:16.000, 12536225242541, testhost.dll, InProgressTests is null
TpTrace Warning: 0 : 2260, 4, 2020/11/30, 14:15:16.000, 12536225243892, testhost.dll, TestRunCache: No test found corresponding to testResult 'AutomatskoGenerisanjePodatakaTest4  Passed' in inProgress list.
TpTrace Verbose: 0 : 2260, 4, 2020/11/30, 14:15:16.000, 12536225245400, testhost.dll, TestExecutionRecorder.RecordStart: Starting test: Unit_Testovi.KreditTest.ProvjeriStanjeOtplateTest.
TpTrace Verbose: 0 : 2260, 4, 2020/11/30, 14:15:16.003, 12536225276076, testhost.dll, TestExecutionRecorder.RecordEnd: test: Unit_Testovi.KreditTest.ProvjeriStanjeOtplateTest execution completed.
TpTrace Verbose: 0 : 2260, 4, 2020/11/30, 14:15:16.005, 12536225295286, testhost.dll, TestExecutionRecorder.RecordResult: Received result for test: Unit_Testovi.KreditTest.ProvjeriStanjeOtplateTest.
TpTrace Warning: 0 : 2260, 4, 2020/11/30, 14:15:16.005, 12536225297383, testhost.dll, InProgressTests is null
TpTrace Warning: 0 : 2260, 4, 2020/11/30, 14:15:16.006, 12536225298999, testhost.dll, TestRunCache: No test found corresponding to testResult 'ProvjeriStanjeOtplateTest  Passed' in inProgress list.
TpTrace Verbose: 0 : 2260, 4, 2020/11/30, 14:15:16.006, 12536225300215, testhost.dll, TestExecutionRecorder.RecordStart: Starting test: Unit_Testovi.NoviTestovi.TestZamjenskiObjekat.
TpTrace Verbose: 0 : 2260, 4, 2020/11/30, 14:15:16.008, 12536225323105, testhost.dll, TestExecutionRecorder.RecordEnd: test: Unit_Testovi.NoviTestovi.TestZamjenskiObjekat execution completed.
TpTrace Verbose: 0 : 2260, 4, 2020/11/30, 14:15:16.010, 12536225339923, testhost.dll, TestExecutionRecorder.RecordResult: Received result for test: Unit_Testovi.NoviTestovi.TestZamjenskiObjekat.
TpTrace Warning: 0 : 2260, 4, 2020/11/30, 14:15:16.010, 12536225341608, testhost.dll, InProgressTests is null
TpTrace Warning: 0 : 2260, 4, 2020/11/30, 14:15:16.010, 12536225342816, testhost.dll, TestRunCache: No test found corresponding to testResult 'TestZamjenskiObjekat  Passed' in inProgress list.
TpTrace Verbose: 0 : 2260, 4, 2020/11/30, 14:15:16.010, 12536225343976, testhost.dll, TestExecutionRecorder.RecordStart: Starting test: Unit_Testovi.NoviTestovi.TestSkidanjaIznosaSRačuna.
TpTrace Verbose: 0 : 2260, 4, 2020/11/30, 14:15:16.012, 12536225362880, testhost.dll, TestExecutionRecorder.RecordEnd: test: Unit_Testovi.NoviTestovi.TestSkidanjaIznosaSRačuna execution completed.
TpTrace Verbose: 0 : 2260, 4, 2020/11/30, 14:15:16.014, 12536225379086, testhost.dll, TestExecutionRecorder.RecordResult: Received result for test: Unit_Testovi.NoviTestovi.TestSkidanjaIznosaSRačuna.
TpTrace Warning: 0 : 2260, 4, 2020/11/30, 14:15:16.014, 12536225380331, testhost.dll, InProgressTests is null
TpTrace Warning: 0 : 2260, 4, 2020/11/30, 14:15:16.014, 12536225382056, testhost.dll, TestRunCache: No test found corresponding to testResult 'TestSkidanjaIznosaSRačuna  Passed' in inProgress list.
TpTrace Verbose: 0 : 2260, 4, 2020/11/30, 14:15:16.014, 12536225383370, testhost.dll, TestExecutionRecorder.RecordStart: Starting test: Unit_Testovi.NoviTestovi.TestSkidanjaIznosaSVišeRačuna.
TpTrace Verbose: 0 : 2260, 4, 2020/11/30, 14:15:16.016, 12536225404597, testhost.dll, TestExecutionRecorder.RecordEnd: test: Unit_Testovi.NoviTestovi.TestSkidanjaIznosaSVišeRačuna execution completed.
TpTrace Verbose: 0 : 2260, 4, 2020/11/30, 14:15:16.018, 12536225422882, testhost.dll, TestExecutionRecorder.RecordResult: Received result for test: Unit_Testovi.NoviTestovi.TestSkidanjaIznosaSVišeRačuna.
TpTrace Warning: 0 : 2260, 4, 2020/11/30, 14:15:16.018, 12536225424193, testhost.dll, InProgressTests is null
TpTrace Warning: 0 : 2260, 4, 2020/11/30, 14:15:16.018, 12536225425338, testhost.dll, TestRunCache: No test found corresponding to testResult 'TestSkidanjaIznosaSVišeRačuna  Passed' in inProgress list.
TpTrace Verbose: 0 : 2260, 4, 2020/11/30, 14:15:16.018, 12536225426971, testhost.dll, TestExecutionRecorder.RecordStart: Starting test: Unit_Testovi.NoviTestovi.TestSkidanjaIznosaIzuzetak.
TpTrace Verbose: 0 : 2260, 4, 2020/11/30, 14:15:16.021, 12536225448697, testhost.dll, TestExecutionRecorder.RecordEnd: test: Unit_Testovi.NoviTestovi.TestSkidanjaIznosaIzuzetak execution completed.
TpTrace Verbose: 0 : 2260, 4, 2020/11/30, 14:15:16.022, 12536225465393, testhost.dll, TestExecutionRecorder.RecordResult: Received result for test: Unit_Testovi.NoviTestovi.TestSkidanjaIznosaIzuzetak.
TpTrace Warning: 0 : 2260, 4, 2020/11/30, 14:15:16.022, 12536225467075, testhost.dll, InProgressTests is null
TpTrace Warning: 0 : 2260, 4, 2020/11/30, 14:15:16.023, 12536225468669, testhost.dll, TestRunCache: No test found corresponding to testResult 'TestSkidanjaIznosaIzuzetak  Passed' in inProgress list.
TpTrace Verbose: 0 : 2260, 4, 2020/11/30, 14:15:16.023, 12536225470268, testhost.dll, TestExecutionRecorder.RecordStart: Starting test: Unit_Testovi.RacunTests.RacunTest.
TpTrace Information: 0 : 2260, 4, 2020/11/30, 14:15:16.023, 12536225471377, testhost.dll, Sending test run statistics
TpTrace Verbose: 0 : 2260, 4, 2020/11/30, 14:15:16.024, 12536225482831, testhost.dll, TestRequestHandler.SendData:  sending data from testhost: {"Version":2,"MessageType":"TestExecution.StatsChange","Payload":{"NewTestResults":[{"TestCase":{"Id":"80dd9e45-895a-4693-f456-2b8d29c7c4d1","FullyQualifiedName":"Unit_Testovi.KorisnikTests.AutomatskoGenerisanjePodatakaTest1","DisplayName":"AutomatskoGenerisanjePodatakaTest1","ExecutorUri":"executor://MSTestAdapter/v2","Source":"C:\\Users\\HP\\Source\\Repos\\ekarahodza1\\VVS_zadaca2\\Hypo Banka\\Unit Testovi\\bin\\Debug\\fine-code-coverage\\Unit Testovi.dll","CodeFilePath":null,"LineNumber":-1,"Properties":[{"Key":{"Id":"MSTestDiscoverer.TestClassName","Label":"ClassName","Category":"","Description":"","Attributes":1,"ValueType":"System.String"},"Value":"Unit_Testovi.KorisnikTests"},{"Key":{"Id":"TestObject.Traits","Label":"Traits","Category":"","Description":"","Attributes":5,"ValueType":"System.Collections.Generic.KeyValuePair`2[[System.String],[System.String]][]"},"Value":[]}]},"Attachments":[],"Outcome":1,"ErrorMessage":null,"ErrorStackTrace":null,"DisplayName":null,"Messages":[],"ComputerName":null,"Duration":"00:00:00.0010005","StartTime":"2020-11-30T14:15:15.9817709+01:00","EndTime":"2020-11-30T14:15:15.9830782+01:00","Properties":[{"Key":{"Id":"ExecutionId","Label":"ExecutionId","Category":"","Description":"","Attributes":1,"ValueType":"System.Guid"},"Value":"00000000-0000-0000-0000-000000000000"},{"Key":{"Id":"ParentExecId","Label":"ParentExecId","Category":"","Description":"","Attributes":1,"ValueType":"System.Guid"},"Value":"00000000-0000-0000-0000-000000000000"},{"Key":{"Id":"InnerResultsCount","Label":"InnerResultsCount","Category":"","Description":"","Attributes":1,"ValueType":"System.Int32"},"Value":0}]},{"TestCase":{"Id":"d275d30d-bf4a-380a-adc6-2e46a90104d2","FullyQualifiedName":"Unit_Testovi.KorisnikTests.AutomatskoGenerisanjePodatakaTest2","DisplayName":"AutomatskoGenerisanjePodatakaTest2","ExecutorUri":"executor://MSTestAdapter/v2","Source":"C:\\Users\\HP\\Source\\Repos\\ekarahodza1\\VVS_zadaca2\\Hypo Banka\\Unit Testovi\\bin\\Debug\\fine-code-coverage\\Unit Testovi.dll","CodeFilePath":null,"LineNumber":-1,"Properties":[{"Key":{"Id":"MSTestDiscoverer.TestClassName","Label":"ClassName","Category":"","Description":"","Attributes":1,"ValueType":"System.String"},"Value":"Unit_Testovi.KorisnikTests"},{"Key":{"Id":"TestObject.Traits","Label":"Traits","Category":"","Description":"","Attributes":5,"ValueType":"System.Collections.Generic.KeyValuePair`2[[System.String],[System.String]][]"},"Value":[]}]},"Attachments":[],"Outcome":1,"ErrorMessage":null,"ErrorStackTrace":null,"DisplayName":null,"Messages":[],"ComputerName":null,"Duration":"00:00:00.0006563","StartTime":"2020-11-30T14:15:15.9873541+01:00","EndTime":"2020-11-30T14:15:15.9882524+01:00","Properties":[{"Key":{"Id":"ExecutionId","Label":"ExecutionId","Category":"","Description":"","Attributes":1,"ValueType":"System.Guid"},"Value":"00000000-0000-0000-0000-000000000000"},{"Key":{"Id":"ParentExecId","Label":"ParentExecId","Category":"","Description":"","Attributes":1,"ValueType":"System.Guid"},"Value":"00000000-0000-0000-0000-000000000000"},{"Key":{"Id":"InnerResultsCount","Label":"InnerResultsCount","Category":"","Description":"","Attributes":1,"ValueType":"System.Int32"},"Value":0}]},{"TestCase":{"Id":"e56dccf3-4dd3-dd26-fd75-304af3f42105","FullyQualifiedName":"Unit_Testovi.KorisnikTests.AutomatskoGenerisanjePodatakaTest3","DisplayName":"AutomatskoGenerisanjePodatakaTest3","ExecutorUri":"executor://MSTestAdapter/v2","Source":"C:\\Users\\HP\\Source\\Repos\\ekarahodza1\\VVS_zadaca2\\Hypo Banka\\Unit Testovi\\bin\\Debug\\fine-code-coverage\\Unit Testovi.dll","CodeFilePath":null,"LineNumber":-1,"Properties":[{"Key":{"Id":"MSTestDiscoverer.TestClassName","Label":"ClassName","Category":"","Description":"","Attributes":1,"ValueType":"System.String"},"Value":"Unit_Testovi.KorisnikTests"},{"Key":{"Id":"TestObject.Traits","Label":"Traits","Category":"","Description":"","Attributes":5,"ValueType":"System.Collections.Generic.KeyValuePair`2[[System.String],[System.String]][]"},"Value":[]}]},"Attachments":[],"Outcome":1,"ErrorMessage":null,"ErrorStackTrace":null,"DisplayName":null,"Messages":[],"ComputerName":null,"Duration":"00:00:00.0008697","StartTime":"2020-11-30T14:15:15.9914891+01:00","EndTime":"2020-11-30T14:15:15.9925459+01:00","Properties":[{"Key":{"Id":"ExecutionId","Label":"ExecutionId","Category":"","Description":"","Attributes":1,"ValueType":"System.Guid"},"Value":"00000000-0000-0000-0000-000000000000"},{"Key":{"Id":"ParentExecId","Label":"ParentExecId","Category":"","Description":"","Attributes":1,"ValueType":"System.Guid"},"Value":"00000000-0000-0000-0000-000000000000"},{"Key":{"Id":"InnerResultsCount","Label":"InnerResultsCount","Category":"","Description":"","Attributes":1,"ValueType":"System.Int32"},"Value":0}]},{"TestCase":{"Id":"8ebe7d1b-8437-5ccd-a863-67c3bd129874","FullyQualifiedName":"Unit_Testovi.KorisnikTests.AutomatskoGenerisanjePodatakaTest4","DisplayName":"AutomatskoGenerisanjePodatakaTest4","ExecutorUri":"executor://MSTestAdapter/v2","Source":"C:\\Users\\HP\\Source\\Repos\\ekarahodza1\\VVS_zadaca2\\Hypo Banka\\Unit Testovi\\bin\\Debug\\fine-code-coverage\\Unit Testovi.dll","CodeFilePath":null,"LineNumber":-1,"Properties":[{"Key":{"Id":"MSTestDiscoverer.TestClassName","Label":"ClassName","Category":"","Description":"","Attributes":1,"ValueType":"System.String"},"Value":"Unit_Testovi.KorisnikTests"},{"Key":{"Id":"TestObject.Traits","Label":"Traits","Category":"","Description":"","Attributes":5,"ValueType":"System.Collections.Generic.KeyValuePair`2[[System.String],[System.String]][]"},"Value":[]}]},"Attachments":[],"Outcome":1,"ErrorMessage":null,"ErrorStackTrace":null,"DisplayName":null,"Messages":[],"ComputerName":null,"Duration":"00:00:00.0021025","StartTime":"2020-11-30T14:15:15.9957924+01:00","EndTime":"2020-11-30T14:15:15.998077+01:00","Properties":[{"Key":{"Id":"ExecutionId","Label":"ExecutionId","Category":"","Description":"","Attributes":1,"ValueType":"System.Guid"},"Value":"00000000-0000-0000-0000-000000000000"},{"Key":{"Id":"ParentExecId","Label":"ParentExecId","Category":"","Description":"","Attributes":1,"ValueType":"System.Guid"},"Value":"00000000-0000-0000-0000-000000000000"},{"Key":{"Id":"InnerResultsCount","Label":"InnerResultsCount","Category":"","Description":"","Attributes":1,"ValueType":"System.Int32"},"Value":0}]},{"TestCase":{"Id":"741ffac7-c42d-50bf-19c9-a69733933022","FullyQualifiedName":"Unit_Testovi.KreditTest.ProvjeriStanjeOtplateTest","DisplayName":"ProvjeriStanjeOtplateTest","ExecutorUri":"executor://MSTestAdapter/v2","Source":"C:\\Users\\HP\\Source\\Repos\\ekarahodza1\\VVS_zadaca2\\Hypo Banka\\Unit Testovi\\bin\\Debug\\fine-code-coverage\\Unit Testovi.dll","CodeFilePath":null,"LineNumber":-1,"Properties":[{"Key":{"Id":"MSTestDiscoverer.TestClassName","Label":"ClassName","Category":"","Description":"","Attributes":1,"ValueType":"System.String"},"Value":"Unit_Testovi.KreditTest"},{"Key":{"Id":"TestObject.Traits","Label":"Traits","Category":"","Description":"","Attributes":5,"ValueType":"System.Collections.Generic.KeyValuePair`2[[System.String],[System.String]][]"},"Value":[]}]},"Attachments":[],"Outcome":1,"ErrorMessage":null,"ErrorStackTrace":null,"DisplayName":null,"Messages":[],"ComputerName":null,"Duration":"00:00:00.0009721","StartTime":"2020-11-30T14:15:16.0024388+01:00","EndTime":"2020-11-30T14:15:16.0037767+01:00","Properties":[{"Key":{"Id":"ExecutionId","Label":"ExecutionId","Category":"","Description":"","Attributes":1,"ValueType":"System.Guid"},"Value":"00000000-0000-0000-0000-000000000000"},{"Key":{"Id":"ParentExecId","Label":"ParentExecId","Category":"","Description":"","Attributes":1,"ValueType":"System.Guid"},"Value":"00000000-0000-0000-0000-000000000000"},{"Key":{"Id":"InnerResultsCount","Label":"InnerResultsCount","Category":"","Description":"","Attributes":1,"ValueType":"System.Int32"},"Value":0}]},{"TestCase":{"Id":"aef9dec6-1181-fac1-2596-b31421e8da47","FullyQualifiedName":"Unit_Testovi.NoviTestovi.TestZamjenskiObjekat","DisplayName":"TestZamjenskiObjekat","ExecutorUri":"executor://MSTestAdapter/v2","Source":"C:\\Users\\HP\\Source\\Repos\\ekarahodza1\\VVS_zadaca2\\Hypo Banka\\Unit Testovi\\bin\\Debug\\fine-code-coverage\\Unit Testovi.dll","CodeFilePath":null,"LineNumber":-1,"Properties":[{"Key":{"Id":"MSTestDiscoverer.TestClassName","Label":"ClassName","Category":"","Description":"","Attributes":1,"ValueType":"System.String"},"Value":"Unit_Testovi.NoviTestovi"},{"Key":{"Id":"TestObject.Traits","Label":"Traits","Category":"","Description":"","Attributes":5,"ValueType":"System.Collections.Generic.KeyValuePair`2[[System.String],[System.String]][]"},"Value":[]}]},"Attachments":[],"Outcome":1,"ErrorMessage":null,"ErrorStackTrace":null,"DisplayName":null,"Messages":[],"ComputerName":null,"Duration":"00:00:00.0006228","StartTime":"2020-11-30T14:15:16.0076138+01:00","EndTime":"2020-11-30T14:15:16.0084864+01:00","Properties":[{"Key":{"Id":"ExecutionId","Label":"ExecutionId","Category":"","Description":"","Attributes":1,"ValueType":"System.Guid"},"Value":"00000000-0000-0000-0000-000000000000"},{"Key":{"Id":"ParentExecId","Label":"ParentExecId","Category":"","Description":"","Attributes":1,"ValueType":"System.Guid"},"Value":"00000000-0000-0000-0000-000000000000"},{"Key":{"Id":"InnerResultsCount","Label":"InnerResultsCount","Category":"","Description":"","Attributes":1,"ValueType":"System.Int32"},"Value":0}]},{"TestCase":{"Id":"5cf3213e-7f5b-3dd9-a044-6f83efb0a78d","FullyQualifiedName":"Unit_Testovi.NoviTestovi.TestSkidanjaIznosaSRačuna","DisplayName":"TestSkidanjaIznosaSRačuna","ExecutorUri":"executor://MSTestAdapter/v2","Source":"C:\\Users\\HP\\Source\\Repos\\ekarahodza1\\VVS_zadaca2\\Hypo Banka\\Unit Testovi\\bin\\Debug\\fine-code-coverage\\Unit Testovi.dll","CodeFilePath":null,"LineNumber":-1,"Properties":[{"Key":{"Id":"MSTestDiscoverer.TestClassName","Label":"ClassName","Category":"","Description":"","Attributes":1,"ValueType":"System.String"},"Value":"Unit_Testovi.NoviTestovi"},{"Key":{"Id":"TestObject.Traits","Label":"Traits","Category":"","Description":"","Attributes":5,"ValueType":"System.Collections.Generic.KeyValuePair`2[[System.String],[System.String]][]"},"Value":[]}]},"Attachments":[],"Outcome":1,"ErrorMessage":null,"ErrorStackTrace":null,"DisplayName":null,"Messages":[],"ComputerName":null,"Duration":"00:00:00.0005604","StartTime":"2020-11-30T14:15:16.0117637+01:00","EndTime":"2020-11-30T14:15:16.0124625+01:00","Properties":[{"Key":{"Id":"ExecutionId","Label":"ExecutionId","Category":"","Description":"","Attributes":1,"ValueType":"System.Guid"},"Value":"00000000-0000-0000-0000-000000000000"},{"Key":{"Id":"ParentExecId","Label":"ParentExecId","Category":"","Description":"","Attributes":1,"ValueType":"System.Guid"},"Value":"00000000-0000-0000-0000-000000000000"},{"Key":{"Id":"InnerResultsCount","Label":"InnerResultsCount","Category":"","Description":"","Attributes":1,"ValueType":"System.Int32"},"Value":0}]},{"TestCase":{"Id":"d1ff441f-0941-1549-c823-437ca7a58d70","FullyQualifiedName":"Unit_Testovi.NoviTestovi.TestSkidanjaIznosaSVišeRačuna","DisplayName":"TestSkidanjaIznosaSVišeRačuna","ExecutorUri":"executor://MSTestAdapter/v2","Source":"C:\\Users\\HP\\Source\\Repos\\ekarahodza1\\VVS_zadaca2\\Hypo Banka\\Unit Testovi\\bin\\Debug\\fine-code-coverage\\Unit Testovi.dll","CodeFilePath":null,"LineNumber":-1,"Properties":[{"Key":{"Id":"MSTestDiscoverer.TestClassName","Label":"ClassName","Category":"","Description":"","Attributes":1,"ValueType":"System.String"},"Value":"Unit_Testovi.NoviTestovi"},{"Key":{"Id":"TestObject.Traits","Label":"Traits","Category":"","Description":"","Attributes":5,"ValueType":"System.Collections.Generic.KeyValuePair`2[[System.String],[System.String]][]"},"Value":[]}]},"Attachments":[],"Outcome":1,"ErrorMessage":null,"ErrorStackTrace":null,"DisplayName":null,"Messages":[],"ComputerName":null,"Duration":"00:00:00.0003064","StartTime":"2020-11-30T14:15:16.0161849+01:00","EndTime":"2020-11-30T14:15:16.0166356+01:00","Properties":[{"Key":{"Id":"ExecutionId","Label":"ExecutionId","Category":"","Description":"","Attributes":1,"ValueType":"System.Guid"},"Value":"00000000-0000-0000-0000-000000000000"},{"Key":{"Id":"ParentExecId","Label":"ParentExecId","Category":"","Description":"","Attributes":1,"ValueType":"System.Guid"},"Value":"00000000-0000-0000-0000-000000000000"},{"Key":{"Id":"InnerResultsCount","Label":"InnerResultsCount","Category":"","Description":"","Attributes":1,"ValueType":"System.Int32"},"Value":0}]},{"TestCase":{"Id":"20af2549-b915-3c8e-c4f0-37793dba0a97","FullyQualifiedName":"Unit_Testovi.NoviTestovi.TestSkidanjaIznosaIzuzetak","DisplayName":"TestSkidanjaIznosaIzuzetak","ExecutorUri":"executor://MSTestAdapter/v2","Source":"C:\\Users\\HP\\Source\\Repos\\ekarahodza1\\VVS_zadaca2\\Hypo Banka\\Unit Testovi\\bin\\Debug\\fine-code-coverage\\Unit Testovi.dll","CodeFilePath":null,"LineNumber":-1,"Properties":[{"Key":{"Id":"MSTestDiscoverer.TestClassName","Label":"ClassName","Category":"","Description":"","Attributes":1,"ValueType":"System.String"},"Value":"Unit_Testovi.NoviTestovi"},{"Key":{"Id":"TestObject.Traits","Label":"Traits","Category":"","Description":"","Attributes":5,"ValueType":"System.Collections.Generic.KeyValuePair`2[[System.String],[System.String]][]"},"Value":[]}]},"Attachments":[],"Outcome":1,"ErrorMessage":null,"ErrorStackTrace":null,"DisplayName":null,"Messages":[],"ComputerName":null,"Duration":"00:00:00.0006782","StartTime":"2020-11-30T14:15:16.020172+01:00","EndTime":"2020-11-30T14:15:16.0210427+01:00","Properties":[{"Key":{"Id":"ExecutionId","Label":"ExecutionId","Category":"","Description":"","Attributes":1,"ValueType":"System.Guid"},"Value":"00000000-0000-0000-0000-000000000000"},{"Key":{"Id":"ParentExecId","Label":"ParentExecId","Category":"","Description":"","Attributes":1,"ValueType":"System.Guid"},"Value":"00000000-0000-0000-0000-000000000000"},{"Key":{"Id":"InnerResultsCount","Label":"InnerResultsCount","Category":"","Description":"","Attributes":1,"ValueType":"System.Int32"},"Value":0}]}],"TestRunStatistics":{"ExecutedTests":28,"Stats":{"Passed":25,"Failed":1,"Skipped":2}},"ActiveTests":[{"Id":"472957d1-4367-b2ca-dfb6-536b047f9863","FullyQualifiedName":"Unit_Testovi.RacunTests.RacunTest","DisplayName":"RacunTest","ExecutorUri":"executor://MSTestAdapter/v2","Source":"C:\\Users\\HP\\Source\\Repos\\ekarahodza1\\VVS_zadaca2\\Hypo Banka\\Unit Testovi\\bin\\Debug\\fine-code-coverage\\Unit Testovi.dll","CodeFilePath":null,"LineNumber":-1,"Properties":[{"Key":{"Id":"MSTestDiscoverer.TestClassName","Label":"ClassName","Category":"","Description":"","Attributes":1,"ValueType":"System.String"},"Value":"Unit_Testovi.RacunTests"},{"Key":{"Id":"TestObject.Traits","Label":"Traits","Category":"","Description":"","Attributes":5,"ValueType":"System.Collections.Generic.KeyValuePair`2[[System.String],[System.String]][]"},"Value":[]}]}]}}
TpTrace Verbose: 0 : 2260, 4, 2020/11/30, 14:15:16.024, 12536225487434, testhost.dll, TestRunCache: OnNewTestResult: Notified the onCacheHit callback.
TpTrace Verbose: 0 : 2260, 4, 2020/11/30, 14:15:16.027, 12536225513257, testhost.dll, TestExecutionRecorder.RecordEnd: test: Unit_Testovi.RacunTests.RacunTest execution completed.
TpTrace Warning: 0 : 2260, 4, 2020/11/30, 14:15:16.027, 12536225514621, testhost.dll, InProgressTests is null
TpTrace Verbose: 0 : 2260, 4, 2020/11/30, 14:15:16.029, 12536225531083, testhost.dll, TestExecutionRecorder.RecordResult: Received result for test: Unit_Testovi.RacunTests.RacunTest.
TpTrace Warning: 0 : 2260, 4, 2020/11/30, 14:15:16.029, 12536225532988, testhost.dll, InProgressTests is null
TpTrace Warning: 0 : 2260, 4, 2020/11/30, 14:15:16.029, 12536225533943, testhost.dll, TestRunCache: No test found corresponding to testResult 'RacunTest   Failed
  Message: Assert.Fail failed. 
  StackTrace:
   at Unit_Testovi.RacunTests.RacunTest() in C:\Users\HP\Source\Repos\ekarahodza1\VVS_zadaca2\Hypo Banka\Unit Testovi\RacunTests.cs:line 15
' in inProgress list.
TpTrace Verbose: 0 : 2260, 4, 2020/11/30, 14:15:16.029, 12536225534816, testhost.dll, TestExecutionRecorder.RecordStart: Starting test: Unit_Testovi.RacunTests.PromijeniStanjeRačunaTestPogrešnaVerifikacija.
TpTrace Verbose: 0 : 2260, 4, 2020/11/30, 14:15:16.032, 12536225560714, testhost.dll, TestExecutionRecorder.RecordEnd: test: Unit_Testovi.RacunTests.PromijeniStanjeRačunaTestPogrešnaVerifikacija execution completed.
TpTrace Verbose: 0 : 2260, 4, 2020/11/30, 14:15:16.033, 12536225578034, testhost.dll, TestExecutionRecorder.RecordResult: Received result for test: Unit_Testovi.RacunTests.PromijeniStanjeRačunaTestPogrešnaVerifikacija.
TpTrace Warning: 0 : 2260, 4, 2020/11/30, 14:15:16.034, 12536225579577, testhost.dll, InProgressTests is null
TpTrace Warning: 0 : 2260, 4, 2020/11/30, 14:15:16.034, 12536225580346, testhost.dll, TestRunCache: No test found corresponding to testResult 'PromijeniStanjeRačunaTestPogrešnaVerifikacija  Passed' in inProgress list.
TpTrace Verbose: 0 : 2260, 4, 2020/11/30, 14:15:16.034, 12536225581222, testhost.dll, TestExecutionRecorder.RecordStart: Starting test: Unit_Testovi.RacunTests.PromijeniStanjeRačunaTest.
TpTrace Verbose: 0 : 2260, 4, 2020/11/30, 14:15:16.035, 12536225597807, testhost.dll, TestExecutionRecorder.RecordEnd: test: Unit_Testovi.RacunTests.PromijeniStanjeRačunaTest execution completed.
TpTrace Verbose: 0 : 2260, 4, 2020/11/30, 14:15:16.037, 12536225614136, testhost.dll, TestExecutionRecorder.RecordResult: Received result for test: Unit_Testovi.RacunTests.PromijeniStanjeRačunaTest.
TpTrace Warning: 0 : 2260, 4, 2020/11/30, 14:15:16.037, 12536225615699, testhost.dll, InProgressTests is null
TpTrace Warning: 0 : 2260, 4, 2020/11/30, 14:15:16.037, 12536225617447, testhost.dll, TestRunCache: No test found corresponding to testResult 'PromijeniStanjeRačunaTest  Passed' in inProgress list.
TpTrace Verbose: 0 : 2260, 4, 2020/11/30, 14:15:16.040, 12536225641774, testhost.dll, BaseRunTests.RunTestInternalWithExecutors: Completed running tests for executor://MSTestAdapter/v2
TpTrace Information: 0 : 2260, 4, 2020/11/30, 14:15:16.042, 12536225665884, testhost.dll, Sending test run complete
TpTrace Verbose: 0 : 2260, 4, 2020/11/30, 14:15:16.052, 12536225763843, testhost.dll, TestRequestHandler.SendData:  sending data from testhost: {"Version":2,"MessageType":"TestExecution.Completed","Payload":{"TestRunCompleteArgs":{"TestRunStatistics":{"ExecutedTests":31,"Stats":{"Passed":27,"Failed":2,"Skipped":2}},"IsCanceled":false,"IsAborted":false,"Error":null,"AttachmentSets":[],"ElapsedTimeInRunningTests":"00:00:00.6199641","Metrics":{}},"LastRunTests":{"NewTestResults":[{"TestCase":{"Id":"472957d1-4367-b2ca-dfb6-536b047f9863","FullyQualifiedName":"Unit_Testovi.RacunTests.RacunTest","DisplayName":"RacunTest","ExecutorUri":"executor://MSTestAdapter/v2","Source":"C:\\Users\\HP\\Source\\Repos\\ekarahodza1\\VVS_zadaca2\\Hypo Banka\\Unit Testovi\\bin\\Debug\\fine-code-coverage\\Unit Testovi.dll","CodeFilePath":null,"LineNumber":-1,"Properties":[{"Key":{"Id":"MSTestDiscoverer.TestClassName","Label":"ClassName","Category":"","Description":"","Attributes":1,"ValueType":"System.String"},"Value":"Unit_Testovi.RacunTests"},{"Key":{"Id":"TestObject.Traits","Label":"Traits","Category":"","Description":"","Attributes":5,"ValueType":"System.Collections.Generic.KeyValuePair`2[[System.String],[System.String]][]"},"Value":[]}]},"Attachments":[],"Outcome":2,"ErrorMessage":"Assert.Fail failed. ","ErrorStackTrace":"   at Unit_Testovi.RacunTests.RacunTest() in C:\\Users\\HP\\Source\\Repos\\ekarahodza1\\VVS_zadaca2\\Hypo Banka\\Unit Testovi\\RacunTests.cs:line 15\r\n","DisplayName":null,"Messages":[],"ComputerName":null,"Duration":"00:00:00.0007667","StartTime":"2020-11-30T14:15:16.0264283+01:00","EndTime":"2020-11-30T14:15:16.0274959+01:00","Properties":[{"Key":{"Id":"ExecutionId","Label":"ExecutionId","Category":"","Description":"","Attributes":1,"ValueType":"System.Guid"},"Value":"00000000-0000-0000-0000-000000000000"},{"Key":{"Id":"ParentExecId","Label":"ParentExecId","Category":"","Description":"","Attributes":1,"ValueType":"System.Guid"},"Value":"00000000-0000-0000-0000-000000000000"},{"Key":{"Id":"InnerResultsCount","Label":"InnerResultsCount","Category":"","Description":"","Attributes":1,"ValueType":"System.Int32"},"Value":0}]},{"TestCase":{"Id":"476dade0-c3e5-e391-dd88-07dfa7020b52","FullyQualifiedName":"Unit_Testovi.RacunTests.PromijeniStanjeRačunaTestPogrešnaVerifikacija","DisplayName":"PromijeniStanjeRačunaTestPogrešnaVerifikacija","ExecutorUri":"executor://MSTestAdapter/v2","Source":"C:\\Users\\HP\\Source\\Repos\\ekarahodza1\\VVS_zadaca2\\Hypo Banka\\Unit Testovi\\bin\\Debug\\fine-code-coverage\\Unit Testovi.dll","CodeFilePath":null,"LineNumber":-1,"Properties":[{"Key":{"Id":"MSTestDiscoverer.TestClassName","Label":"ClassName","Category":"","Description":"","Attributes":1,"ValueType":"System.String"},"Value":"Unit_Testovi.RacunTests"},{"Key":{"Id":"TestObject.Traits","Label":"Traits","Category":"","Description":"","Attributes":5,"ValueType":"System.Collections.Generic.KeyValuePair`2[[System.String],[System.String]][]"},"Value":[]}]},"Attachments":[],"Outcome":1,"ErrorMessage":null,"ErrorStackTrace":null,"DisplayName":null,"Messages":[],"ComputerName":null,"Duration":"00:00:00.0006026","StartTime":"2020-11-30T14:15:16.0314258+01:00","EndTime":"2020-11-30T14:15:16.0322437+01:00","Properties":[{"Key":{"Id":"ExecutionId","Label":"ExecutionId","Category":"","Description":"","Attributes":1,"ValueType":"System.Guid"},"Value":"00000000-0000-0000-0000-000000000000"},{"Key":{"Id":"ParentExecId","Label":"ParentExecId","Category":"","Description":"","Attributes":1,"ValueType":"System.Guid"},"Value":"00000000-0000-0000-0000-000000000000"},{"Key":{"Id":"InnerResultsCount","Label":"InnerResultsCount","Category":"","Description":"","Attributes":1,"ValueType":"System.Int32"},"Value":0}]},{"TestCase":{"Id":"3f86cf72-3664-7c02-0f96-01c2207d5356","FullyQualifiedName":"Unit_Testovi.RacunTests.PromijeniStanjeRačunaTest","DisplayName":"PromijeniStanjeRačunaTest","ExecutorUri":"executor://MSTestAdapter/v2","Source":"C:\\Users\\HP\\Source\\Repos\\ekarahodza1\\VVS_zadaca2\\Hypo Banka\\Unit Testovi\\bin\\Debug\\fine-code-coverage\\Unit Testovi.dll","CodeFilePath":null,"LineNumber":-1,"Properties":[{"Key":{"Id":"MSTestDiscoverer.TestClassName","Label":"ClassName","Category":"","Description":"","Attributes":1,"ValueType":"System.String"},"Value":"Unit_Testovi.RacunTests"},{"Key":{"Id":"TestObject.Traits","Label":"Traits","Category":"","Description":"","Attributes":5,"ValueType":"System.Collections.Generic.KeyValuePair`2[[System.String],[System.String]][]"},"Value":[]}]},"Attachments":[],"Outcome":1,"ErrorMessage":null,"ErrorStackTrace":null,"DisplayName":null,"Messages":[],"ComputerName":null,"Duration":"00:00:00.0002079","StartTime":"2020-11-30T14:15:16.0355752+01:00","EndTime":"2020-11-30T14:15:16.035956+01:00","Properties":[{"Key":{"Id":"ExecutionId","Label":"ExecutionId","Category":"","Description":"","Attributes":1,"ValueType":"System.Guid"},"Value":"00000000-0000-0000-0000-000000000000"},{"Key":{"Id":"ParentExecId","Label":"ParentExecId","Category":"","Description":"","Attributes":1,"ValueType":"System.Guid"},"Value":"00000000-0000-0000-0000-000000000000"},{"Key":{"Id":"InnerResultsCount","Label":"InnerResultsCount","Category":"","Description":"","Attributes":1,"ValueType":"System.Int32"},"Value":0}]}],"TestRunStatistics":{"ExecutedTests":31,"Stats":{"Passed":27,"Failed":2,"Skipped":2}},"ActiveTests":[]},"RunAttachments":[],"ExecutorUris":["executor://mstestadapter/v2"]}}
TpTrace Verbose: 0 : 2260, 4, 2020/11/30, 14:15:16.053, 12536225768981, testhost.dll, BaseRunTests.RunTests: Run is complete.
TpTrace Verbose: 0 : 2260, 5, 2020/11/30, 14:15:16.054, 12536225778384, testhost.dll, TcpClientExtensions.MessageLoopAsync: NotifyDataAvailable remoteEndPoint: [::ffff:127.0.0.1]:51731 localEndPoint: [::ffff:127.0.0.1]:51732
TpTrace Information: 0 : 2260, 5, 2020/11/30, 14:15:16.054, 12536225780385, testhost.dll, TestRequestHandler.ProcessRequests: received message: (TestSession.Terminate) -> null
TpTrace Information: 0 : 2260, 5, 2020/11/30, 14:15:16.054, 12536225781138, testhost.dll, Session End message received from server. Closing the connection.
TpTrace Information: 0 : 2260, 5, 2020/11/30, 14:15:16.054, 12536225785227, testhost.dll, SocketClient.Stop: Stop communication from server endpoint: 127.0.0.1:051731
TpTrace Information: 0 : 2260, 5, 2020/11/30, 14:15:16.054, 12536225786952, testhost.dll, SocketClient: Stop: Cancellation requested. Stopping message loop.
TpTrace Verbose: 0 : 2260, 5, 2020/11/30, 14:15:16.055, 12536225790394, testhost.dll, LengthPrefixCommunicationChannel.Dispose: Dispose reader and writer.
TpTrace Information: 0 : 2260, 5, 2020/11/30, 14:15:16.055, 12536225791787, testhost.dll, Closing the connection !
TpTrace Information: 0 : 2260, 5, 2020/11/30, 14:15:16.055, 12536225795422, testhost.dll, SocketClient.PrivateStop: Stop communication from server endpoint: 127.0.0.1:051731, error:
TpTrace Information: 0 : 2260, 1, 2020/11/30, 14:15:16.055, 12536225796632, testhost.dll, Closing the connection !
TpTrace Verbose: 0 : 2260, 5, 2020/11/30, 14:15:16.056, 12536225798365, testhost.dll, LengthPrefixCommunicationChannel.Dispose: Dispose reader and writer.
TpTrace Verbose: 0 : 2260, 5, 2020/11/30, 14:15:16.056, 12536225799389, testhost.dll, TcpClientExtensions.MessageLoopAsync: exiting MessageLoopAsync remoteEndPoint: [::ffff:127.0.0.1]:51731 localEndPoint: [::ffff:127.0.0.1]:51732
TpTrace Information: 0 : 2260, 1, 2020/11/30, 14:15:16.056, 12536225799464, testhost.dll, SocketClient.Stop: Stop communication from server endpoint: 127.0.0.1:051731
TpTrace Verbose: 0 : 2260, 1, 2020/11/30, 14:15:16.056, 12536225801235, testhost.dll, LengthPrefixCommunicationChannel.Dispose: Dispose reader and writer.
TpTrace Information: 0 : 2260, 1, 2020/11/30, 14:15:16.056, 12536225802442, testhost.dll, Testhost process exiting.
