TpTrace Information: 0 : 11696, 1, 2020/11/25, 01:31:21.869, 7757678017011, testhost.dll, DefaultEngineInvoker.Invoke: Testhost process started with args :[--port, 64500],[--endpoint, 127.0.0.1:064500],[--role, client],[--parentprocessid, 872],[--diag, C:\Users\HP\Source\Repos\ekarahodza1\VVS_zadaca2\Hypo Banka\Unit Testovi\bin\Debug\fine-code-coverage\_outputfolder\diagnostics.host.20-11-25_01-31-21_62897_4.log],[--tracelevel, 4],[--datacollectionport, 64499],[--telemetryoptedin, false]
TpTrace Information: 0 : 11696, 1, 2020/11/25, 01:31:21.880, 7757678065621, testhost.dll, DefaultEngineInvoker.SetParentProcessExitCallback: Monitoring parent process with id: '872'
TpTrace Information: 0 : 11696, 1, 2020/11/25, 01:31:21.899, 7757678257274, testhost.dll, DefaultEngineInvoker.GetConnectionInfo: Initialize communication on endpoint address: '127.0.0.1:064500'
TpTrace Information: 0 : 11696, 1, 2020/11/25, 01:31:21.924, 7757678503981, testhost.dll, SocketClient.Start: connecting to server endpoint: 127.0.0.1:064500
TpTrace Information: 0 : 11696, 1, 2020/11/25, 01:31:21.932, 7757678588189, testhost.dll, DefaultEngineInvoker.ConnectToDatacollector: Connecting to datacollector, port: 64499
TpTrace Information: 0 : 11696, 5, 2020/11/25, 01:31:21.937, 7757678632165, testhost.dll, SocketClient.OnServerConnected: connected to server endpoint: 127.0.0.1:064500
TpTrace Information: 0 : 11696, 1, 2020/11/25, 01:31:21.939, 7757678658319, testhost.dll, Trying to connect to server on socket : 127.0.0.1:64499 
TpTrace Verbose: 0 : 11696, 1, 2020/11/25, 01:31:21.940, 7757678666318, testhost.dll, SocketCommunicationManager : SetupClientAsync : Attempting to connect to the server.
TpTrace Verbose: 0 : 11696, 5, 2020/11/25, 01:31:21.941, 7757678675614, testhost.dll, Connected to server, and starting MessageLoopAsync
TpTrace Information: 0 : 11696, 1, 2020/11/25, 01:31:21.941, 7757678677663, testhost.dll, Connected to the server successfully 
TpTrace Information: 0 : 11696, 1, 2020/11/25, 01:31:21.941, 7757678679005, testhost.dll, Using the buffer size of 16384 bytes
TpTrace Information: 0 : 11696, 1, 2020/11/25, 01:31:21.943, 7757678695390, testhost.dll, DefaultEngineInvoker.Invoke: Start Request Processing.
TpTrace Information: 0 : 11696, 11, 2020/11/25, 01:31:21.946, 7757678722021, testhost.dll, DefaultEngineInvoker.StartProcessingAsync: Connected to vstest.console, Starting process requests.
TpTrace Verbose: 0 : 11696, 5, 2020/11/25, 01:31:21.946, 7757678729615, testhost.dll, TcpClientExtensions.MessageLoopAsync: Polling on remoteEndPoint: [::ffff:127.0.0.1]:64500 localEndPoint: [::ffff:127.0.0.1]:64501
TpTrace Verbose: 0 : 11696, 5, 2020/11/25, 01:31:21.947, 7757678734295, testhost.dll, TcpClientExtensions.MessageLoopAsync: NotifyDataAvailable remoteEndPoint: [::ffff:127.0.0.1]:64500 localEndPoint: [::ffff:127.0.0.1]:64501
TpTrace Information: 0 : 11696, 5, 2020/11/25, 01:31:22.191, 7757681180336, testhost.dll, TestRequestHandler.ProcessRequests: received message: (ProtocolVersion) -> 2
TpTrace Verbose: 0 : 11696, 5, 2020/11/25, 01:31:22.230, 7757681565907, testhost.dll, TestRequestHandler.SendData:  sending data from testhost: {"Version":2,"MessageType":"TestSession.Message","Payload":{"MessageLevel":0,"Message":"Logging TestHost Diagnostics in file: C:\\Users\\HP\\Source\\Repos\\ekarahodza1\\VVS_zadaca2\\Hypo Banka\\Unit Testovi\\bin\\Debug\\fine-code-coverage\\_outputfolder\\diagnostics.host.20-11-25_01-31-21_62897_4.log"}}
TpTrace Verbose: 0 : 11696, 5, 2020/11/25, 01:31:22.230, 7757681569113, testhost.dll, TcpClientExtensions.MessageLoopAsync: Polling on remoteEndPoint: [::ffff:127.0.0.1]:64500 localEndPoint: [::ffff:127.0.0.1]:64501
TpTrace Verbose: 0 : 11696, 5, 2020/11/25, 01:31:22.231, 7757681574405, testhost.dll, TcpClientExtensions.MessageLoopAsync: NotifyDataAvailable remoteEndPoint: [::ffff:127.0.0.1]:64500 localEndPoint: [::ffff:127.0.0.1]:64501
TpTrace Information: 0 : 11696, 5, 2020/11/25, 01:31:22.236, 7757681626236, testhost.dll, TestRequestHandler.ProcessRequests: received message: (TestExecution.Initialize) -> [
  "C:\\Users\\HP\\Source\\Repos\\ekarahodza1\\VVS_zadaca2\\Hypo Banka\\Unit Testovi\\bin\\Debug\\fine-code-coverage\\Microsoft.VisualStudio.TestPlatform.MSTest.TestAdapter.dll"
]
TpTrace Information: 0 : 11696, 5, 2020/11/25, 01:31:22.236, 7757681628892, testhost.dll, Execution Session Initialize.
TpTrace Verbose: 0 : 11696, 5, 2020/11/25, 01:31:22.245, 7757681717011, testhost.dll, TcpClientExtensions.MessageLoopAsync: Polling on remoteEndPoint: [::ffff:127.0.0.1]:64500 localEndPoint: [::ffff:127.0.0.1]:64501
TpTrace Verbose: 0 : 11696, 5, 2020/11/25, 01:31:22.245, 7757681718734, testhost.dll, TcpClientExtensions.MessageLoopAsync: NotifyDataAvailable remoteEndPoint: [::ffff:127.0.0.1]:64500 localEndPoint: [::ffff:127.0.0.1]:64501
TpTrace Verbose: 0 : 11696, 4, 2020/11/25, 01:31:22.249, 7757681756703, testhost.dll, TestExecutorService: Loading the extensions
TpTrace Information: 0 : 11696, 5, 2020/11/25, 01:31:22.250, 7757681764383, testhost.dll, TestRequestHandler.ProcessRequests: received message: (TestExecution.StartWithSources) -> {
  "AdapterSourceMap": {
    "_none_": [
      "C:\\Users\\HP\\Source\\Repos\\ekarahodza1\\VVS_zadaca2\\Hypo Banka\\Unit Testovi\\bin\\Debug\\fine-code-coverage\\Unit Testovi.dll"
    ]
  },
  "RunSettings": "<RunSettings>\r\n  <RunConfiguration>\r\n    <ResultsDirectory>C:\\Users\\HP\\Source\\Repos\\ekarahodza1\\VVS_zadaca2\\Hypo Banka\\Unit Testovi\\bin\\Debug\\fine-code-coverage\\_outputfolder</ResultsDirectory>\r\n    <TargetPlatform>X64</TargetPlatform>\r\n    <TargetFrameworkVersion>.NETCoreApp,Version=v3.1</TargetFrameworkVersion>\r\n    <DesignMode>False</DesignMode>\r\n    <CollectSourceInformation>False</CollectSourceInformation>\r\n  </RunConfiguration>\r\n  <LoggerRunSettings>\r\n    <Loggers>\r\n      <Logger friendlyName=\"blame\" enabled=\"True\" />\r\n      <Logger friendlyName=\"Console\" uri=\"logger://microsoft/TestPlatform/ConsoleLogger/v1\" assemblyQualifiedName=\"Microsoft.VisualStudio.TestPlatform.CommandLine.Internal.ConsoleLogger, vstest.console, Version=15.0.0.0, Culture=neutral, PublicKeyToken=b03f5f7f11d50a3a\" codeBase=\"C:\\Program Files\\dotnet\\sdk\\3.1.201\\vstest.console.dll\" enabled=\"True\" />\r\n    </Loggers>\r\n  </LoggerRunSettings>\r\n  <DataCollectionRunSettings>\r\n    <DataCollectors>\r\n      <DataCollector friendlyName=\"blame\" enabled=\"True\">\r\n        <Configuration>\r\n          <ResultsDirectory>C:\\Users\\HP\\Source\\Repos\\ekarahodza1\\VVS_zadaca2\\Hypo Banka\\Unit Testovi\\bin\\Debug\\fine-code-coverage\\_outputfolder</ResultsDirectory>\r\n        </Configuration>\r\n      </DataCollector>\r\n    </DataCollectors>\r\n  </DataCollectionRunSettings>\r\n</RunSettings>",
  "TestExecutionContext": {
    "FrequencyOfRunStatsChangeEvent": 10,
    "RunStatsChangeEventTimeout": "00:00:01.5000000",
    "InIsolation": false,
    "KeepAlive": false,
    "AreTestCaseLevelEventsRequired": false,
    "IsDebug": false,
    "TestCaseFilter": null,
    "FilterOptions": null
  },
  "Package": null
}
TpTrace Information: 0 : 11696, 5, 2020/11/25, 01:31:22.250, 7757681766830, testhost.dll, Execution started.
TpTrace Verbose: 0 : 11696, 4, 2020/11/25, 01:31:22.251, 7757681777851, testhost.dll, TestPluginCache.DiscoverTestExtensions: finding test extensions in assemblies endswith: TestAdapter.dll TPluginInfo: Microsoft.VisualStudio.TestPlatform.Common.ExtensionFramework.Utilities.TestExecutorPluginInformation TExtension: Microsoft.VisualStudio.TestPlatform.ObjectModel.Adapter.ITestExecutor
TpTrace Verbose: 0 : 11696, 4, 2020/11/25, 01:31:22.252, 7757681790866, testhost.dll, TestPluginCache.GetExtensionPaths: Filtered extension paths: 
TpTrace Verbose: 0 : 11696, 4, 2020/11/25, 01:31:22.253, 7757681795572, testhost.dll, TestPluginCache.GetExtensionPaths: Added default extension paths: C:\Users\HP\Source\Repos\ekarahodza1\VVS_zadaca2\Hypo Banka\Unit Testovi\bin\Debug\fine-code-coverage\Microsoft.VisualStudio.TestPlatform.MSTest.TestAdapter.dll
TpTrace Verbose: 0 : 11696, 4, 2020/11/25, 01:31:22.253, 7757681796551, testhost.dll, TestPluginCache.GetExtensionPaths: Added unfilterableExtensionPaths: 
TpTrace Information: 0 : 11696, 4, 2020/11/25, 01:31:22.257, 7757681832042, testhost.dll, AssemblyResolver.ctor: Creating AssemblyResolver with searchDirectories C:\Users\HP\Source\Repos\ekarahodza1\VVS_zadaca2\Hypo Banka\Unit Testovi\bin\Debug\fine-code-coverage
TpTrace Verbose: 0 : 11696, 4, 2020/11/25, 01:31:22.259, 7757681854856, testhost.dll, TestPluginCache.DiscoverTestExtensions: Discovering the extensions using extension path.
TpTrace Verbose: 0 : 11696, 4, 2020/11/25, 01:31:22.259, 7757681856871, testhost.dll, TestPluginCache.GetExtensionPaths: Filtered extension paths: 
TpTrace Verbose: 0 : 11696, 4, 2020/11/25, 01:31:22.259, 7757681857948, testhost.dll, TestPluginCache.GetExtensionPaths: Added default extension paths: C:\Users\HP\Source\Repos\ekarahodza1\VVS_zadaca2\Hypo Banka\Unit Testovi\bin\Debug\fine-code-coverage\Microsoft.VisualStudio.TestPlatform.MSTest.TestAdapter.dll
TpTrace Verbose: 0 : 11696, 4, 2020/11/25, 01:31:22.259, 7757681858561, testhost.dll, TestPluginCache.GetExtensionPaths: Added unfilterableExtensionPaths: 
TpTrace Verbose: 0 : 11696, 4, 2020/11/25, 01:31:22.259, 7757681859539, testhost.dll, TestPluginCache.DiscoverTestExtensions: Discovering the extensions using allExtensionPaths: C:\Users\HP\Source\Repos\ekarahodza1\VVS_zadaca2\Hypo Banka\Unit Testovi\bin\Debug\fine-code-coverage\Microsoft.VisualStudio.TestPlatform.MSTest.TestAdapter.dll
TpTrace Information: 0 : 11696, 4, 2020/11/25, 01:31:22.260, 7757681871049, testhost.dll, AssemblyResolver.AddSearchDirectories: Adding more searchDirectories C:\Users\HP\Source\Repos\ekarahodza1\VVS_zadaca2\Hypo Banka\Unit Testovi\bin\Debug\fine-code-coverage
TpTrace Information: 0 : 11696, 4, 2020/11/25, 01:31:22.266, 7757681931096, testhost.dll, AssemblyResolver.OnResolve: Microsoft.VisualStudio.TestPlatform.MSTest.TestAdapter: Resolving assembly.
TpTrace Information: 0 : 11696, 4, 2020/11/25, 01:31:22.269, 7757681954054, testhost.dll, AssemblyResolver.OnResolve: Resolved assembly: Microsoft.VisualStudio.TestPlatform.MSTest.TestAdapter, from path: C:\Users\HP\Source\Repos\ekarahodza1\VVS_zadaca2\Hypo Banka\Unit Testovi\bin\Debug\fine-code-coverage\Microsoft.VisualStudio.TestPlatform.MSTest.TestAdapter.dll
TpTrace Information: 0 : 11696, 4, 2020/11/25, 01:31:22.271, 7757681978163, testhost.dll, AssemblyResolver.OnResolve: Microsoft.VisualStudio.TestPlatform.MSTestAdapter.PlatformServices.Interface: Resolving assembly.
TpTrace Information: 0 : 11696, 4, 2020/11/25, 01:31:22.272, 7757681987645, testhost.dll, AssemblyResolver.OnResolve: Resolved assembly: Microsoft.VisualStudio.TestPlatform.MSTestAdapter.PlatformServices.Interface, from path: C:\Users\HP\Source\Repos\ekarahodza1\VVS_zadaca2\Hypo Banka\Unit Testovi\bin\Debug\fine-code-coverage\Microsoft.VisualStudio.TestPlatform.MSTestAdapter.PlatformServices.Interface.dll
TpTrace Information: 0 : 11696, 4, 2020/11/25, 01:31:22.273, 7757681993546, testhost.dll, AssemblyResolver.OnResolve: Microsoft.VisualStudio.TestPlatform.MSTestAdapter.PlatformServices: Resolving assembly.
TpTrace Information: 0 : 11696, 4, 2020/11/25, 01:31:22.274, 7757682002252, testhost.dll, AssemblyResolver.OnResolve: Resolved assembly: Microsoft.VisualStudio.TestPlatform.MSTestAdapter.PlatformServices, from path: C:\Users\HP\Source\Repos\ekarahodza1\VVS_zadaca2\Hypo Banka\Unit Testovi\bin\Debug\fine-code-coverage\Microsoft.VisualStudio.TestPlatform.MSTestAdapter.PlatformServices.dll
TpTrace Verbose: 0 : 11696, 4, 2020/11/25, 01:31:22.283, 7757682094100, testhost.dll, TestPluginCache: Discovered the extensions using extension path ''.
TpTrace Verbose: 0 : 11696, 4, 2020/11/25, 01:31:22.284, 7757682106715, testhost.dll, TestPluginCache: Discoverers are ''.
TpTrace Verbose: 0 : 11696, 4, 2020/11/25, 01:31:22.284, 7757682109582, testhost.dll, TestPluginCache: Executors are 'executor://MSTestAdapter/v2'.
TpTrace Verbose: 0 : 11696, 4, 2020/11/25, 01:31:22.285, 7757682113165, testhost.dll, TestPluginCache: Setting providers are ''.
TpTrace Verbose: 0 : 11696, 4, 2020/11/25, 01:31:22.286, 7757682123712, testhost.dll, TestPluginCache: Loggers are ''.
TpTrace Verbose: 0 : 11696, 5, 2020/11/25, 01:31:22.286, 7757682126073, testhost.dll, TcpClientExtensions.MessageLoopAsync: Polling on remoteEndPoint: [::ffff:127.0.0.1]:64500 localEndPoint: [::ffff:127.0.0.1]:64501
TpTrace Information: 0 : 11696, 4, 2020/11/25, 01:31:22.301, 7757682271909, testhost.dll, TestPluginManager.CreateTestExtension: Attempting to load test extension: Microsoft.VisualStudio.TestPlatform.MSTest.TestAdapter.MSTestExecutor
TpTrace Verbose: 0 : 11696, 4, 2020/11/25, 01:31:22.305, 7757682314220, testhost.dll, TestExecutorExtensionManager: Loading executor Microsoft.VisualStudio.TestPlatform.MSTest.TestAdapter.MSTestExecutor
TpTrace Verbose: 0 : 11696, 4, 2020/11/25, 01:31:22.305, 7757682315620, testhost.dll, TestExecutorService: Loaded the executors
TpTrace Verbose: 0 : 11696, 4, 2020/11/25, 01:31:22.306, 7757682328148, testhost.dll, TestPluginCache.DiscoverTestExtensions: finding test extensions in assemblies endswith: TestAdapter.dll TPluginInfo: Microsoft.VisualStudio.TestPlatform.Common.ExtensionFramework.Utilities.TestSettingsProviderPluginInformation TExtension: Microsoft.VisualStudio.TestPlatform.ObjectModel.Adapter.ISettingsProvider
TpTrace Verbose: 0 : 11696, 4, 2020/11/25, 01:31:22.307, 7757682332133, testhost.dll, TestPluginCache.GetExtensionPaths: Filtered extension paths: 
TpTrace Verbose: 0 : 11696, 4, 2020/11/25, 01:31:22.307, 7757682332996, testhost.dll, TestPluginCache.GetExtensionPaths: Added default extension paths: C:\Users\HP\Source\Repos\ekarahodza1\VVS_zadaca2\Hypo Banka\Unit Testovi\bin\Debug\fine-code-coverage\Microsoft.VisualStudio.TestPlatform.MSTest.TestAdapter.dll
TpTrace Verbose: 0 : 11696, 4, 2020/11/25, 01:31:22.307, 7757682333603, testhost.dll, TestPluginCache.GetExtensionPaths: Added unfilterableExtensionPaths: 
TpTrace Information: 0 : 11696, 4, 2020/11/25, 01:31:22.307, 7757682335848, testhost.dll, AssemblyResolver.AddSearchDirectories: Adding more searchDirectories C:\Users\HP\Source\Repos\ekarahodza1\VVS_zadaca2\Hypo Banka\Unit Testovi\bin\Debug\fine-code-coverage
TpTrace Verbose: 0 : 11696, 4, 2020/11/25, 01:31:22.307, 7757682336798, testhost.dll, TestPluginCache.DiscoverTestExtensions: Discovering the extensions using extension path.
TpTrace Verbose: 0 : 11696, 4, 2020/11/25, 01:31:22.307, 7757682337443, testhost.dll, TestPluginCache.GetExtensionPaths: Filtered extension paths: 
TpTrace Verbose: 0 : 11696, 4, 2020/11/25, 01:31:22.307, 7757682338015, testhost.dll, TestPluginCache.GetExtensionPaths: Added default extension paths: C:\Users\HP\Source\Repos\ekarahodza1\VVS_zadaca2\Hypo Banka\Unit Testovi\bin\Debug\fine-code-coverage\Microsoft.VisualStudio.TestPlatform.MSTest.TestAdapter.dll
TpTrace Verbose: 0 : 11696, 4, 2020/11/25, 01:31:22.307, 7757682338590, testhost.dll, TestPluginCache.GetExtensionPaths: Added unfilterableExtensionPaths: 
TpTrace Verbose: 0 : 11696, 4, 2020/11/25, 01:31:22.307, 7757682339187, testhost.dll, TestPluginCache.DiscoverTestExtensions: Discovering the extensions using allExtensionPaths: C:\Users\HP\Source\Repos\ekarahodza1\VVS_zadaca2\Hypo Banka\Unit Testovi\bin\Debug\fine-code-coverage\Microsoft.VisualStudio.TestPlatform.MSTest.TestAdapter.dll
TpTrace Information: 0 : 11696, 4, 2020/11/25, 01:31:22.307, 7757682339884, testhost.dll, AssemblyResolver.AddSearchDirectories: Adding more searchDirectories C:\Users\HP\Source\Repos\ekarahodza1\VVS_zadaca2\Hypo Banka\Unit Testovi\bin\Debug\fine-code-coverage
TpTrace Verbose: 0 : 11696, 4, 2020/11/25, 01:31:22.308, 7757682345989, testhost.dll, TestPluginCache: Discovered the extensions using extension path ''.
TpTrace Verbose: 0 : 11696, 4, 2020/11/25, 01:31:22.308, 7757682347934, testhost.dll, TestPluginCache: Discoverers are ''.
TpTrace Verbose: 0 : 11696, 4, 2020/11/25, 01:31:22.308, 7757682349636, testhost.dll, TestPluginCache: Executors are 'executor://MSTestAdapter/v2'.
TpTrace Verbose: 0 : 11696, 4, 2020/11/25, 01:31:22.308, 7757682351269, testhost.dll, TestPluginCache: Setting providers are ''.
TpTrace Verbose: 0 : 11696, 4, 2020/11/25, 01:31:22.309, 7757682352620, testhost.dll, TestPluginCache: Loggers are ''.
TpTrace Verbose: 0 : 11696, 4, 2020/11/25, 01:31:22.310, 7757682365910, testhost.dll, TestExecutorService: Loaded the settings providers
TpTrace Information: 0 : 11696, 4, 2020/11/25, 01:31:22.310, 7757682367260, testhost.dll, TestExecutorService: Loaded the extensions
TpTrace Information: 0 : 11696, 4, 2020/11/25, 01:31:22.405, 7757683312062, testhost.dll, TestDiscoveryManager: Discovering tests from sources C:\Users\HP\Source\Repos\ekarahodza1\VVS_zadaca2\Hypo Banka\Unit Testovi\bin\Debug\fine-code-coverage\Unit Testovi.dll
TpTrace Verbose: 0 : 11696, 4, 2020/11/25, 01:31:22.407, 7757683337416, testhost.dll, TestPluginCache.DiscoverTestExtensions: finding test extensions in assemblies endswith: TestAdapter.dll TPluginInfo: Microsoft.VisualStudio.TestPlatform.Common.ExtensionFramework.Utilities.TestDiscovererPluginInformation TExtension: Microsoft.VisualStudio.TestPlatform.ObjectModel.Adapter.ITestDiscoverer
TpTrace Verbose: 0 : 11696, 4, 2020/11/25, 01:31:22.407, 7757683339515, testhost.dll, TestPluginCache.GetExtensionPaths: Filtered extension paths: 
TpTrace Verbose: 0 : 11696, 4, 2020/11/25, 01:31:22.407, 7757683340288, testhost.dll, TestPluginCache.GetExtensionPaths: Added default extension paths: C:\Users\HP\Source\Repos\ekarahodza1\VVS_zadaca2\Hypo Banka\Unit Testovi\bin\Debug\fine-code-coverage\Microsoft.VisualStudio.TestPlatform.MSTest.TestAdapter.dll
TpTrace Verbose: 0 : 11696, 4, 2020/11/25, 01:31:22.407, 7757683340899, testhost.dll, TestPluginCache.GetExtensionPaths: Added unfilterableExtensionPaths: 
TpTrace Information: 0 : 11696, 4, 2020/11/25, 01:31:22.408, 7757683342590, testhost.dll, AssemblyResolver.AddSearchDirectories: Adding more searchDirectories C:\Users\HP\Source\Repos\ekarahodza1\VVS_zadaca2\Hypo Banka\Unit Testovi\bin\Debug\fine-code-coverage
TpTrace Verbose: 0 : 11696, 4, 2020/11/25, 01:31:22.408, 7757683343857, testhost.dll, TestPluginCache.DiscoverTestExtensions: Discovering the extensions using extension path.
TpTrace Verbose: 0 : 11696, 4, 2020/11/25, 01:31:22.408, 7757683344698, testhost.dll, TestPluginCache.GetExtensionPaths: Filtered extension paths: 
TpTrace Verbose: 0 : 11696, 4, 2020/11/25, 01:31:22.408, 7757683345367, testhost.dll, TestPluginCache.GetExtensionPaths: Added default extension paths: C:\Users\HP\Source\Repos\ekarahodza1\VVS_zadaca2\Hypo Banka\Unit Testovi\bin\Debug\fine-code-coverage\Microsoft.VisualStudio.TestPlatform.MSTest.TestAdapter.dll
TpTrace Verbose: 0 : 11696, 4, 2020/11/25, 01:31:22.408, 7757683345933, testhost.dll, TestPluginCache.GetExtensionPaths: Added unfilterableExtensionPaths: 
TpTrace Verbose: 0 : 11696, 4, 2020/11/25, 01:31:22.408, 7757683346662, testhost.dll, TestPluginCache.DiscoverTestExtensions: Discovering the extensions using allExtensionPaths: C:\Users\HP\Source\Repos\ekarahodza1\VVS_zadaca2\Hypo Banka\Unit Testovi\bin\Debug\fine-code-coverage\Microsoft.VisualStudio.TestPlatform.MSTest.TestAdapter.dll
TpTrace Information: 0 : 11696, 4, 2020/11/25, 01:31:22.408, 7757683347426, testhost.dll, AssemblyResolver.AddSearchDirectories: Adding more searchDirectories C:\Users\HP\Source\Repos\ekarahodza1\VVS_zadaca2\Hypo Banka\Unit Testovi\bin\Debug\fine-code-coverage
TpTrace Verbose: 0 : 11696, 4, 2020/11/25, 01:31:22.411, 7757683375366, testhost.dll, TestPluginCache: Discovered the extensions using extension path ''.
TpTrace Verbose: 0 : 11696, 4, 2020/11/25, 01:31:22.411, 7757683376764, testhost.dll, TestPluginCache: Discoverers are 'Microsoft.VisualStudio.TestPlatform.MSTest.TestAdapter.MSTestDiscoverer, Microsoft.VisualStudio.TestPlatform.MSTest.TestAdapter, Version=14.0.0.0, Culture=neutral, PublicKeyToken=b03f5f7f11d50a3a'.
TpTrace Verbose: 0 : 11696, 4, 2020/11/25, 01:31:22.411, 7757683377469, testhost.dll, TestPluginCache: Executors are 'executor://MSTestAdapter/v2'.
TpTrace Verbose: 0 : 11696, 4, 2020/11/25, 01:31:22.411, 7757683378055, testhost.dll, TestPluginCache: Setting providers are ''.
TpTrace Verbose: 0 : 11696, 4, 2020/11/25, 01:31:22.411, 7757683378644, testhost.dll, TestPluginCache: Loggers are ''.
TpTrace Verbose: 0 : 11696, 4, 2020/11/25, 01:31:22.417, 7757683440942, testhost.dll, BaseRunTests.RunTestInternalWithExecutors: Running tests for executor://MSTestAdapter/v2
TpTrace Information: 0 : 11696, 4, 2020/11/25, 01:31:22.484, 7757684102092, testhost.dll, AssemblyResolver.OnResolve: Microsoft.VisualStudio.TestPlatform.MSTestAdapter.PlatformServices.resources: Resolving assembly.
TpTrace Information: 0 : 11696, 4, 2020/11/25, 01:31:22.484, 7757684105849, testhost.dll, AssemblyResolver.OnResolve: Microsoft.VisualStudio.TestPlatform.MSTestAdapter.PlatformServices.resources: Failed to load assembly.
TpTrace Information: 0 : 11696, 4, 2020/11/25, 01:31:22.484, 7757684109851, testhost.dll, AssemblyResolver.OnResolve: Microsoft.VisualStudio.TestPlatform.MSTestAdapter.PlatformServices.resources: Resolving assembly.
TpTrace Information: 0 : 11696, 4, 2020/11/25, 01:31:22.484, 7757684110869, testhost.dll, AssemblyResolver.OnResolve: Microsoft.VisualStudio.TestPlatform.MSTestAdapter.PlatformServices.resources: Resolved from cache.
TpTrace Verbose: 0 : 11696, 4, 2020/11/25, 01:31:22.508, 7757684344679, testhost.dll, TestExecutionRecorder.RecordStart: Starting test: Unit_Testovi.KreditTest.Test.
TpTrace Verbose: 0 : 11696, 4, 2020/11/25, 01:31:22.657, 7757685834819, testhost.dll, TestExecutionRecorder.RecordEnd: test: Unit_Testovi.KreditTest.Test execution completed.
TpTrace Verbose: 0 : 11696, 4, 2020/11/25, 01:31:22.694, 7757686209525, testhost.dll, TestExecutionRecorder.RecordResult: Received result for test: Unit_Testovi.KreditTest.Test.
TpTrace Warning: 0 : 11696, 4, 2020/11/25, 01:31:22.699, 7757686257812, testhost.dll, InProgressTests is null
TpTrace Warning: 0 : 11696, 4, 2020/11/25, 01:31:22.702, 7757686285033, testhost.dll, TestRunCache: No test found corresponding to testResult 'Test        Passed' in inProgress list.
TpTrace Verbose: 0 : 11696, 4, 2020/11/25, 01:31:22.702, 7757686288122, testhost.dll, TestExecutionRecorder.RecordStart: Starting test: Unit_Testovi.KreditTest.Test2.
TpTrace Verbose: 0 : 11696, 4, 2020/11/25, 01:31:22.714, 7757686410164, testhost.dll, TestExecutionRecorder.RecordEnd: test: Unit_Testovi.KreditTest.Test2 execution completed.
TpTrace Verbose: 0 : 11696, 4, 2020/11/25, 01:31:22.716, 7757686431507, testhost.dll, TestExecutionRecorder.RecordResult: Received result for test: Unit_Testovi.KreditTest.Test2.
TpTrace Warning: 0 : 11696, 4, 2020/11/25, 01:31:22.717, 7757686433160, testhost.dll, InProgressTests is null
TpTrace Warning: 0 : 11696, 4, 2020/11/25, 01:31:22.717, 7757686434059, testhost.dll, TestRunCache: No test found corresponding to testResult 'Test2       Passed' in inProgress list.
TpTrace Verbose: 0 : 11696, 4, 2020/11/25, 01:31:22.717, 7757686434904, testhost.dll, TestExecutionRecorder.RecordStart: Starting test: Unit_Testovi.NoviTestovi.TestZamjenskiObjekat.
TpTrace Information: 0 : 11696, 4, 2020/11/25, 01:31:22.728, 7757686547770, testhost.dll, AssemblyResolver.OnResolve: Microsoft.VisualStudio.TestPlatform.MSTest.TestAdapter.resources: Resolving assembly.
TpTrace Information: 0 : 11696, 4, 2020/11/25, 01:31:22.729, 7757686556114, testhost.dll, AssemblyResolver.OnResolve: Microsoft.VisualStudio.TestPlatform.MSTest.TestAdapter.resources: Failed to load assembly.
TpTrace Verbose: 0 : 11696, 4, 2020/11/25, 01:31:22.769, 7757686953666, testhost.dll, TestExecutionRecorder.RecordEnd: test: Unit_Testovi.NoviTestovi.TestZamjenskiObjekat execution completed.
TpTrace Verbose: 0 : 11696, 4, 2020/11/25, 01:31:22.775, 7757687020402, testhost.dll, TestExecutionRecorder.RecordResult: Received result for test: Unit_Testovi.NoviTestovi.TestZamjenskiObjekat.
TpTrace Warning: 0 : 11696, 4, 2020/11/25, 01:31:22.776, 7757687022278, testhost.dll, InProgressTests is null
TpTrace Warning: 0 : 11696, 4, 2020/11/25, 01:31:22.776, 7757687029633, testhost.dll, TestRunCache: No test found corresponding to testResult 'TestZamjenskiObjekat  Failed
  Message: Test method Unit_Testovi.NoviTestovi.TestZamjenskiObjekat threw exception: 
System.NotImplementedException: The method or operation is not implemented.
  StackTrace:
    at Hypo_Banka.Zahtjev.DaLiJePovoljan() in C:\Users\HP\Source\Repos\ekarahodza1\VVS_zadaca2\Hypo Banka\Hypo Banka\Zahtjev.cs:line 15
   at Hypo_Banka.Banka.OdobriKredit(IZahtjev zahtjev, Kredit kredit) in C:\Users\HP\Source\Repos\ekarahodza1\VVS_zadaca2\Hypo Banka\Hypo Banka\Banka.cs:line 107
   at Unit_Testovi.NoviTestovi.TestZamjenskiObjekat() in C:\Users\HP\Source\Repos\ekarahodza1\VVS_zadaca2\Hypo Banka\Unit Testovi\NoviTestovi.cs:line 25
' in inProgress list.
TpTrace Verbose: 0 : 11696, 4, 2020/11/25, 01:31:22.777, 7757687031556, testhost.dll, TestExecutionRecorder.RecordStart: Starting test: Unit_Testovi.NoviTestovi.TestSkidanjaIznosaSRačuna.
TpTrace Verbose: 0 : 11696, 4, 2020/11/25, 01:31:22.781, 7757687074484, testhost.dll, TestExecutionRecorder.RecordEnd: test: Unit_Testovi.NoviTestovi.TestSkidanjaIznosaSRačuna execution completed.
TpTrace Verbose: 0 : 11696, 4, 2020/11/25, 01:31:22.783, 7757687093134, testhost.dll, TestExecutionRecorder.RecordResult: Received result for test: Unit_Testovi.NoviTestovi.TestSkidanjaIznosaSRačuna.
TpTrace Warning: 0 : 11696, 4, 2020/11/25, 01:31:22.783, 7757687095376, testhost.dll, InProgressTests is null
TpTrace Warning: 0 : 11696, 4, 2020/11/25, 01:31:22.783, 7757687096626, testhost.dll, TestRunCache: No test found corresponding to testResult 'TestSkidanjaIznosaSRačuna  Failed
  Message: Test method Unit_Testovi.NoviTestovi.TestSkidanjaIznosaSRačuna threw exception: 
System.NotImplementedException: The method or operation is not implemented.
  StackTrace:
    at Hypo_Banka.Klijent.SkiniIznosSaNekogOdRačuna(Double ukupniIznos) in C:\Users\HP\Source\Repos\ekarahodza1\VVS_zadaca2\Hypo Banka\Hypo Banka\Klijent.cs:line 87
   at Unit_Testovi.NoviTestovi.TestSkidanjaIznosaSRačuna() in C:\Users\HP\Source\Repos\ekarahodza1\VVS_zadaca2\Hypo Banka\Unit Testovi\NoviTestovi.cs:line 43
' in inProgress list.
TpTrace Verbose: 0 : 11696, 4, 2020/11/25, 01:31:22.784, 7757687109660, testhost.dll, TestExecutionRecorder.RecordStart: Starting test: Unit_Testovi.NoviTestovi.TestSkidanjaIznosaSVišeRačuna.
TpTrace Verbose: 0 : 11696, 4, 2020/11/25, 01:31:22.788, 7757687148048, testhost.dll, TestExecutionRecorder.RecordEnd: test: Unit_Testovi.NoviTestovi.TestSkidanjaIznosaSVišeRačuna execution completed.
TpTrace Verbose: 0 : 11696, 4, 2020/11/25, 01:31:22.791, 7757687174195, testhost.dll, TestExecutionRecorder.RecordResult: Received result for test: Unit_Testovi.NoviTestovi.TestSkidanjaIznosaSVišeRačuna.
TpTrace Warning: 0 : 11696, 4, 2020/11/25, 01:31:22.791, 7757687176233, testhost.dll, InProgressTests is null
TpTrace Warning: 0 : 11696, 4, 2020/11/25, 01:31:22.791, 7757687180281, testhost.dll, TestRunCache: No test found corresponding to testResult 'TestSkidanjaIznosaSVišeRačuna  Failed
  Message: Test method Unit_Testovi.NoviTestovi.TestSkidanjaIznosaSVišeRačuna threw exception: 
System.NotImplementedException: The method or operation is not implemented.
  StackTrace:
    at Hypo_Banka.Klijent.SkiniIznosSaNekogOdRačuna(Double ukupniIznos) in C:\Users\HP\Source\Repos\ekarahodza1\VVS_zadaca2\Hypo Banka\Hypo Banka\Klijent.cs:line 87
   at Unit_Testovi.NoviTestovi.TestSkidanjaIznosaSVišeRačuna() in C:\Users\HP\Source\Repos\ekarahodza1\VVS_zadaca2\Hypo Banka\Unit Testovi\NoviTestovi.cs:line 62
' in inProgress list.
TpTrace Verbose: 0 : 11696, 4, 2020/11/25, 01:31:22.792, 7757687182998, testhost.dll, TestExecutionRecorder.RecordStart: Starting test: Unit_Testovi.NoviTestovi.TestSkidanjaIznosaIzuzetak.
TpTrace Information: 0 : 11696, 4, 2020/11/25, 01:31:22.797, 7757687231818, testhost.dll, AssemblyResolver.OnResolve: Microsoft.VisualStudio.TestPlatform.TestFramework.resources: Resolving assembly.
TpTrace Information: 0 : 11696, 4, 2020/11/25, 01:31:22.797, 7757687235475, testhost.dll, AssemblyResolver.OnResolve: Microsoft.VisualStudio.TestPlatform.TestFramework.resources: Failed to load assembly.
TpTrace Verbose: 0 : 11696, 4, 2020/11/25, 01:31:22.799, 7757687254531, testhost.dll, TestExecutionRecorder.RecordEnd: test: Unit_Testovi.NoviTestovi.TestSkidanjaIznosaIzuzetak execution completed.
TpTrace Verbose: 0 : 11696, 4, 2020/11/25, 01:31:22.802, 7757687285483, testhost.dll, TestExecutionRecorder.RecordResult: Received result for test: Unit_Testovi.NoviTestovi.TestSkidanjaIznosaIzuzetak.
TpTrace Warning: 0 : 11696, 4, 2020/11/25, 01:31:22.802, 7757687287508, testhost.dll, InProgressTests is null
TpTrace Warning: 0 : 11696, 4, 2020/11/25, 01:31:22.802, 7757687288419, testhost.dll, TestRunCache: No test found corresponding to testResult 'TestSkidanjaIznosaIzuzetak  Failed
  Message: Test method threw exception System.NotImplementedException, but exception System.InvalidOperationException was expected. Exception message: System.NotImplementedException: The method or operation is not implemented.
  StackTrace:
   at Hypo_Banka.Klijent.SkiniIznosSaNekogOdRačuna(Double ukupniIznos) in C:\Users\HP\Source\Repos\ekarahodza1\VVS_zadaca2\Hypo Banka\Hypo Banka\Klijent.cs:line 87
   at Unit_Testovi.NoviTestovi.TestSkidanjaIznosaIzuzetak() in C:\Users\HP\Source\Repos\ekarahodza1\VVS_zadaca2\Hypo Banka\Unit Testovi\NoviTestovi.cs:line 85
' in inProgress list.
TpTrace Verbose: 0 : 11696, 4, 2020/11/25, 01:31:22.804, 7757687311494, testhost.dll, BaseRunTests.RunTestInternalWithExecutors: Completed running tests for executor://MSTestAdapter/v2
TpTrace Information: 0 : 11696, 4, 2020/11/25, 01:31:22.812, 7757687389256, testhost.dll, Sending test run complete
TpTrace Verbose: 0 : 11696, 4, 2020/11/25, 01:31:22.872, 7757687987338, testhost.dll, TestRequestHandler.SendData:  sending data from testhost: {"Version":2,"MessageType":"TestExecution.Completed","Payload":{"TestRunCompleteArgs":{"TestRunStatistics":{"ExecutedTests":6,"Stats":{"Passed":2,"Failed":4}},"IsCanceled":false,"IsAborted":false,"Error":null,"AttachmentSets":[],"ElapsedTimeInRunningTests":"00:00:00.3916069","Metrics":{}},"LastRunTests":{"NewTestResults":[{"TestCase":{"Id":"461ef46a-ca2c-10b1-3848-1fc4ab1e6bc6","FullyQualifiedName":"Unit_Testovi.KreditTest.Test","DisplayName":"Test","ExecutorUri":"executor://MSTestAdapter/v2","Source":"C:\\Users\\HP\\Source\\Repos\\ekarahodza1\\VVS_zadaca2\\Hypo Banka\\Unit Testovi\\bin\\Debug\\fine-code-coverage\\Unit Testovi.dll","CodeFilePath":null,"LineNumber":-1,"Properties":[{"Key":{"Id":"MSTestDiscoverer.TestClassName","Label":"ClassName","Category":"","Description":"","Attributes":1,"ValueType":"System.String"},"Value":"Unit_Testovi.KreditTest"},{"Key":{"Id":"TestObject.Traits","Label":"Traits","Category":"","Description":"","Attributes":5,"ValueType":"System.Collections.Generic.KeyValuePair`2[[System.String],[System.String]][]"},"Value":[]}]},"Attachments":[],"Outcome":1,"ErrorMessage":null,"ErrorStackTrace":null,"DisplayName":null,"Messages":[],"ComputerName":null,"Duration":"00:00:00.0300234","StartTime":"2020-11-25T01:31:22.5831041+01:00","EndTime":"2020-11-25T01:31:22.6525802+01:00","Properties":[{"Key":{"Id":"ExecutionId","Label":"ExecutionId","Category":"","Description":"","Attributes":1,"ValueType":"System.Guid"},"Value":"00000000-0000-0000-0000-000000000000"},{"Key":{"Id":"ParentExecId","Label":"ParentExecId","Category":"","Description":"","Attributes":1,"ValueType":"System.Guid"},"Value":"00000000-0000-0000-0000-000000000000"},{"Key":{"Id":"InnerResultsCount","Label":"InnerResultsCount","Category":"","Description":"","Attributes":1,"ValueType":"System.Int32"},"Value":0}]},{"TestCase":{"Id":"0a7f2f06-dc2e-d4ac-1752-cc5b5f9bddf8","FullyQualifiedName":"Unit_Testovi.KreditTest.Test2","DisplayName":"Test2","ExecutorUri":"executor://MSTestAdapter/v2","Source":"C:\\Users\\HP\\Source\\Repos\\ekarahodza1\\VVS_zadaca2\\Hypo Banka\\Unit Testovi\\bin\\Debug\\fine-code-coverage\\Unit Testovi.dll","CodeFilePath":null,"LineNumber":-1,"Properties":[{"Key":{"Id":"MSTestDiscoverer.TestClassName","Label":"ClassName","Category":"","Description":"","Attributes":1,"ValueType":"System.String"},"Value":"Unit_Testovi.KreditTest"},{"Key":{"Id":"TestObject.Traits","Label":"Traits","Category":"","Description":"","Attributes":5,"ValueType":"System.Collections.Generic.KeyValuePair`2[[System.String],[System.String]][]"},"Value":[]}]},"Attachments":[],"Outcome":1,"ErrorMessage":null,"ErrorStackTrace":null,"DisplayName":null,"Messages":[],"ComputerName":null,"Duration":"00:00:00.0096246","StartTime":"2020-11-25T01:31:22.7048258+01:00","EndTime":"2020-11-25T01:31:22.7148282+01:00","Properties":[{"Key":{"Id":"ExecutionId","Label":"ExecutionId","Category":"","Description":"","Attributes":1,"ValueType":"System.Guid"},"Value":"00000000-0000-0000-0000-000000000000"},{"Key":{"Id":"ParentExecId","Label":"ParentExecId","Category":"","Description":"","Attributes":1,"ValueType":"System.Guid"},"Value":"00000000-0000-0000-0000-000000000000"},{"Key":{"Id":"InnerResultsCount","Label":"InnerResultsCount","Category":"","Description":"","Attributes":1,"ValueType":"System.Int32"},"Value":0}]},{"TestCase":{"Id":"aef9dec6-1181-fac1-2596-b31421e8da47","FullyQualifiedName":"Unit_Testovi.NoviTestovi.TestZamjenskiObjekat","DisplayName":"TestZamjenskiObjekat","ExecutorUri":"executor://MSTestAdapter/v2","Source":"C:\\Users\\HP\\Source\\Repos\\ekarahodza1\\VVS_zadaca2\\Hypo Banka\\Unit Testovi\\bin\\Debug\\fine-code-coverage\\Unit Testovi.dll","CodeFilePath":null,"LineNumber":-1,"Properties":[{"Key":{"Id":"MSTestDiscoverer.TestClassName","Label":"ClassName","Category":"","Description":"","Attributes":1,"ValueType":"System.String"},"Value":"Unit_Testovi.NoviTestovi"},{"Key":{"Id":"TestObject.Traits","Label":"Traits","Category":"","Description":"","Attributes":5,"ValueType":"System.Collections.Generic.KeyValuePair`2[[System.String],[System.String]][]"},"Value":[]}]},"Attachments":[],"Outcome":2,"ErrorMessage":"Test method Unit_Testovi.NoviTestovi.TestZamjenskiObjekat threw exception: \r\nSystem.NotImplementedException: The method or operation is not implemented.","ErrorStackTrace":"    at Hypo_Banka.Zahtjev.DaLiJePovoljan() in C:\\Users\\HP\\Source\\Repos\\ekarahodza1\\VVS_zadaca2\\Hypo Banka\\Hypo Banka\\Zahtjev.cs:line 15\r\n   at Hypo_Banka.Banka.OdobriKredit(IZahtjev zahtjev, Kredit kredit) in C:\\Users\\HP\\Source\\Repos\\ekarahodza1\\VVS_zadaca2\\Hypo Banka\\Hypo Banka\\Banka.cs:line 107\r\n   at Unit_Testovi.NoviTestovi.TestZamjenskiObjekat() in C:\\Users\\HP\\Source\\Repos\\ekarahodza1\\VVS_zadaca2\\Hypo Banka\\Unit Testovi\\NoviTestovi.cs:line 25\r\n","DisplayName":null,"Messages":[],"ComputerName":null,"Duration":"00:00:00.0480417","StartTime":"2020-11-25T01:31:22.7192594+01:00","EndTime":"2020-11-25T01:31:22.7691916+01:00","Properties":[{"Key":{"Id":"ExecutionId","Label":"ExecutionId","Category":"","Description":"","Attributes":1,"ValueType":"System.Guid"},"Value":"00000000-0000-0000-0000-000000000000"},{"Key":{"Id":"ParentExecId","Label":"ParentExecId","Category":"","Description":"","Attributes":1,"ValueType":"System.Guid"},"Value":"00000000-0000-0000-0000-000000000000"},{"Key":{"Id":"InnerResultsCount","Label":"InnerResultsCount","Category":"","Description":"","Attributes":1,"ValueType":"System.Int32"},"Value":0}]},{"TestCase":{"Id":"5cf3213e-7f5b-3dd9-a044-6f83efb0a78d","FullyQualifiedName":"Unit_Testovi.NoviTestovi.TestSkidanjaIznosaSRačuna","DisplayName":"TestSkidanjaIznosaSRačuna","ExecutorUri":"executor://MSTestAdapter/v2","Source":"C:\\Users\\HP\\Source\\Repos\\ekarahodza1\\VVS_zadaca2\\Hypo Banka\\Unit Testovi\\bin\\Debug\\fine-code-coverage\\Unit Testovi.dll","CodeFilePath":null,"LineNumber":-1,"Properties":[{"Key":{"Id":"MSTestDiscoverer.TestClassName","Label":"ClassName","Category":"","Description":"","Attributes":1,"ValueType":"System.String"},"Value":"Unit_Testovi.NoviTestovi"},{"Key":{"Id":"TestObject.Traits","Label":"Traits","Category":"","Description":"","Attributes":5,"ValueType":"System.Collections.Generic.KeyValuePair`2[[System.String],[System.String]][]"},"Value":[]}]},"Attachments":[],"Outcome":2,"ErrorMessage":"Test method Unit_Testovi.NoviTestovi.TestSkidanjaIznosaSRačuna threw exception: \r\nSystem.NotImplementedException: The method or operation is not implemented.","ErrorStackTrace":"    at Hypo_Banka.Klijent.SkiniIznosSaNekogOdRačuna(Double ukupniIznos) in C:\\Users\\HP\\Source\\Repos\\ekarahodza1\\VVS_zadaca2\\Hypo Banka\\Hypo Banka\\Klijent.cs:line 87\r\n   at Unit_Testovi.NoviTestovi.TestSkidanjaIznosaSRačuna() in C:\\Users\\HP\\Source\\Repos\\ekarahodza1\\VVS_zadaca2\\Hypo Banka\\Unit Testovi\\NoviTestovi.cs:line 43\r\n","DisplayName":null,"Messages":[],"ComputerName":null,"Duration":"00:00:00.0014937","StartTime":"2020-11-25T01:31:22.7795374+01:00","EndTime":"2020-11-25T01:31:22.7812713+01:00","Properties":[{"Key":{"Id":"ExecutionId","Label":"ExecutionId","Category":"","Description":"","Attributes":1,"ValueType":"System.Guid"},"Value":"00000000-0000-0000-0000-000000000000"},{"Key":{"Id":"ParentExecId","Label":"ParentExecId","Category":"","Description":"","Attributes":1,"ValueType":"System.Guid"},"Value":"00000000-0000-0000-0000-000000000000"},{"Key":{"Id":"InnerResultsCount","Label":"InnerResultsCount","Category":"","Description":"","Attributes":1,"ValueType":"System.Int32"},"Value":0}]},{"TestCase":{"Id":"d1ff441f-0941-1549-c823-437ca7a58d70","FullyQualifiedName":"Unit_Testovi.NoviTestovi.TestSkidanjaIznosaSVišeRačuna","DisplayName":"TestSkidanjaIznosaSVišeRačuna","ExecutorUri":"executor://MSTestAdapter/v2","Source":"C:\\Users\\HP\\Source\\Repos\\ekarahodza1\\VVS_zadaca2\\Hypo Banka\\Unit Testovi\\bin\\Debug\\fine-code-coverage\\Unit Testovi.dll","CodeFilePath":null,"LineNumber":-1,"Properties":[{"Key":{"Id":"MSTestDiscoverer.TestClassName","Label":"ClassName","Category":"","Description":"","Attributes":1,"ValueType":"System.String"},"Value":"Unit_Testovi.NoviTestovi"},{"Key":{"Id":"TestObject.Traits","Label":"Traits","Category":"","Description":"","Attributes":5,"ValueType":"System.Collections.Generic.KeyValuePair`2[[System.String],[System.String]][]"},"Value":[]}]},"Attachments":[],"Outcome":2,"ErrorMessage":"Test method Unit_Testovi.NoviTestovi.TestSkidanjaIznosaSVišeRačuna threw exception: \r\nSystem.NotImplementedException: The method or operation is not implemented.","ErrorStackTrace":"    at Hypo_Banka.Klijent.SkiniIznosSaNekogOdRačuna(Double ukupniIznos) in C:\\Users\\HP\\Source\\Repos\\ekarahodza1\\VVS_zadaca2\\Hypo Banka\\Hypo Banka\\Klijent.cs:line 87\r\n   at Unit_Testovi.NoviTestovi.TestSkidanjaIznosaSVišeRačuna() in C:\\Users\\HP\\Source\\Repos\\ekarahodza1\\VVS_zadaca2\\Hypo Banka\\Unit Testovi\\NoviTestovi.cs:line 62\r\n","DisplayName":null,"Messages":[],"ComputerName":null,"Duration":"00:00:00.0014531","StartTime":"2020-11-25T01:31:22.7868619+01:00","EndTime":"2020-11-25T01:31:22.7886329+01:00","Properties":[{"Key":{"Id":"ExecutionId","Label":"ExecutionId","Category":"","Description":"","Attributes":1,"ValueType":"System.Guid"},"Value":"00000000-0000-0000-0000-000000000000"},{"Key":{"Id":"ParentExecId","Label":"ParentExecId","Category":"","Description":"","Attributes":1,"ValueType":"System.Guid"},"Value":"00000000-0000-0000-0000-000000000000"},{"Key":{"Id":"InnerResultsCount","Label":"InnerResultsCount","Category":"","Description":"","Attributes":1,"ValueType":"System.Int32"},"Value":0}]},{"TestCase":{"Id":"20af2549-b915-3c8e-c4f0-37793dba0a97","FullyQualifiedName":"Unit_Testovi.NoviTestovi.TestSkidanjaIznosaIzuzetak","DisplayName":"TestSkidanjaIznosaIzuzetak","ExecutorUri":"executor://MSTestAdapter/v2","Source":"C:\\Users\\HP\\Source\\Repos\\ekarahodza1\\VVS_zadaca2\\Hypo Banka\\Unit Testovi\\bin\\Debug\\fine-code-coverage\\Unit Testovi.dll","CodeFilePath":null,"LineNumber":-1,"Properties":[{"Key":{"Id":"MSTestDiscoverer.TestClassName","Label":"ClassName","Category":"","Description":"","Attributes":1,"ValueType":"System.String"},"Value":"Unit_Testovi.NoviTestovi"},{"Key":{"Id":"TestObject.Traits","Label":"Traits","Category":"","Description":"","Attributes":5,"ValueType":"System.Collections.Generic.KeyValuePair`2[[System.String],[System.String]][]"},"Value":[]}]},"Attachments":[],"Outcome":2,"ErrorMessage":"Test method threw exception System.NotImplementedException, but exception System.InvalidOperationException was expected. Exception message: System.NotImplementedException: The method or operation is not implemented.","ErrorStackTrace":"   at Hypo_Banka.Klijent.SkiniIznosSaNekogOdRačuna(Double ukupniIznos) in C:\\Users\\HP\\Source\\Repos\\ekarahodza1\\VVS_zadaca2\\Hypo Banka\\Hypo Banka\\Klijent.cs:line 87\r\n   at Unit_Testovi.NoviTestovi.TestSkidanjaIznosaIzuzetak() in C:\\Users\\HP\\Source\\Repos\\ekarahodza1\\VVS_zadaca2\\Hypo Banka\\Unit Testovi\\NoviTestovi.cs:line 85\r\n","DisplayName":null,"Messages":[],"ComputerName":null,"Duration":"00:00:00.0048665","StartTime":"2020-11-25T01:31:22.7940276+01:00","EndTime":"2020-11-25T01:31:22.7992776+01:00","Properties":[{"Key":{"Id":"ExecutionId","Label":"ExecutionId","Category":"","Description":"","Attributes":1,"ValueType":"System.Guid"},"Value":"00000000-0000-0000-0000-000000000000"},{"Key":{"Id":"ParentExecId","Label":"ParentExecId","Category":"","Description":"","Attributes":1,"ValueType":"System.Guid"},"Value":"00000000-0000-0000-0000-000000000000"},{"Key":{"Id":"InnerResultsCount","Label":"InnerResultsCount","Category":"","Description":"","Attributes":1,"ValueType":"System.Int32"},"Value":0}]}],"TestRunStatistics":{"ExecutedTests":6,"Stats":{"Passed":2,"Failed":4}},"ActiveTests":[]},"RunAttachments":[],"ExecutorUris":["executor://mstestadapter/v2"]}}
TpTrace Verbose: 0 : 11696, 4, 2020/11/25, 01:31:22.874, 7757688003385, testhost.dll, BaseRunTests.RunTests: Run is complete.
TpTrace Verbose: 0 : 11696, 5, 2020/11/25, 01:31:22.878, 7757688041920, testhost.dll, TcpClientExtensions.MessageLoopAsync: NotifyDataAvailable remoteEndPoint: [::ffff:127.0.0.1]:64500 localEndPoint: [::ffff:127.0.0.1]:64501
TpTrace Information: 0 : 11696, 5, 2020/11/25, 01:31:22.878, 7757688045379, testhost.dll, TestRequestHandler.ProcessRequests: received message: (TestSession.Terminate) -> null
TpTrace Information: 0 : 11696, 5, 2020/11/25, 01:31:22.878, 7757688047307, testhost.dll, Session End message received from server. Closing the connection.
TpTrace Information: 0 : 11696, 5, 2020/11/25, 01:31:22.879, 7757688054617, testhost.dll, SocketClient.Stop: Stop communication from server endpoint: 127.0.0.1:064500
TpTrace Information: 0 : 11696, 5, 2020/11/25, 01:31:22.879, 7757688056625, testhost.dll, SocketClient: Stop: Cancellation requested. Stopping message loop.
TpTrace Verbose: 0 : 11696, 5, 2020/11/25, 01:31:22.880, 7757688061597, testhost.dll, LengthPrefixCommunicationChannel.Dispose: Dispose reader and writer.
TpTrace Information: 0 : 11696, 5, 2020/11/25, 01:31:22.880, 7757688064007, testhost.dll, Closing the connection !
TpTrace Information: 0 : 11696, 1, 2020/11/25, 01:31:22.880, 7757688067147, testhost.dll, Closing the connection !
TpTrace Information: 0 : 11696, 1, 2020/11/25, 01:31:22.880, 7757688068949, testhost.dll, SocketClient.Stop: Stop communication from server endpoint: 127.0.0.1:064500
TpTrace Information: 0 : 11696, 5, 2020/11/25, 01:31:22.880, 7757688069000, testhost.dll, SocketClient.PrivateStop: Stop communication from server endpoint: 127.0.0.1:064500, error:
TpTrace Information: 0 : 11696, 1, 2020/11/25, 01:31:22.880, 7757688070239, testhost.dll, SocketClient: Stop: Cancellation requested. Stopping message loop.
TpTrace Verbose: 0 : 11696, 1, 2020/11/25, 01:31:22.881, 7757688072659, testhost.dll, LengthPrefixCommunicationChannel.Dispose: Dispose reader and writer.
TpTrace Verbose: 0 : 11696, 5, 2020/11/25, 01:31:22.881, 7757688072932, testhost.dll, LengthPrefixCommunicationChannel.Dispose: Dispose reader and writer.
TpTrace Verbose: 0 : 11696, 5, 2020/11/25, 01:31:22.881, 7757688075185, testhost.dll, TcpClientExtensions.MessageLoopAsync: exiting MessageLoopAsync remoteEndPoint: [::ffff:127.0.0.1]:64500 localEndPoint: [::ffff:127.0.0.1]:64501
TpTrace Information: 0 : 11696, 1, 2020/11/25, 01:31:22.881, 7757688075655, testhost.dll, Testhost process exiting.
