TpTrace Information: 0 : 16296, 1, 2020/11/30, 13:13:59.756, 12499462846934, datacollector.dll, DataCollectorMain.Run: Starting data collector run with args: --port,51337,--parentprocessid,17916,--diag,C:\Users\HP\Source\Repos\ekarahodza1\VVS_zadaca2\Hypo Banka\Unit Testovi\bin\Debug\fine-code-coverage\_outputfolder\diagnostics.datacollector.20-11-30_13-13-59_57272_4.log,--tracelevel,4
TpTrace Information: 0 : 16296, 1, 2020/11/30, 13:13:59.763, 12499462874392, datacollector.dll, DataCollector: Monitoring parent process with id: '17916'
TpTrace Information: 0 : 16296, 1, 2020/11/30, 13:13:59.782, 12499463059464, datacollector.dll, Trying to connect to server on socket : 127.0.0.1:51337 
TpTrace Verbose: 0 : 16296, 1, 2020/11/30, 13:13:59.802, 12499463266560, datacollector.dll, SocketCommunicationManager : SetupClientAsync : Attempting to connect to the server.
TpTrace Information: 0 : 16296, 6, 2020/11/30, 13:13:59.819, 12499463436129, datacollector.dll, Connected to the server successfully 
TpTrace Information: 0 : 16296, 6, 2020/11/30, 13:13:59.819, 12499463437552, datacollector.dll, Using the buffer size of 16384 bytes
TpTrace Information: 0 : 16296, 1, 2020/11/30, 13:13:59.907, 12499464312194, datacollector.dll, DataCollector: Start Request Processing.
TpTrace Information: 0 : 16296, 1, 2020/11/30, 13:13:59.911, 12499464352549, datacollector.dll, DataCollectionRequestHandler.ProcessRequests : Datacollector received message: (DataCollection.BeforeTestRunStart) -> {
  "SettingsXml": "<RunSettings><RunConfiguration><ResultsDirectory>C:\\Users\\HP\\Source\\Repos\\ekarahodza1\\VVS_zadaca2\\Hypo Banka\\Unit Testovi\\bin\\Debug\\fine-code-coverage\\_outputfolder</ResultsDirectory><TargetPlatform>X64</TargetPlatform><TargetFrameworkVersion>.NETCoreApp,Version=v3.1</TargetFrameworkVersion><DesignMode>False</DesignMode><CollectSourceInformation>False</CollectSourceInformation><TestAdaptersPaths>C:\\Program Files\\dotnet\\sdk\\3.1.201\\Extensions</TestAdaptersPaths></RunConfiguration><LoggerRunSettings><Loggers><Logger friendlyName=\"blame\" enabled=\"True\" /><Logger friendlyName=\"Console\" uri=\"logger://microsoft/TestPlatform/ConsoleLogger/v1\" assemblyQualifiedName=\"Microsoft.VisualStudio.TestPlatform.CommandLine.Internal.ConsoleLogger, vstest.console, Version=15.0.0.0, Culture=neutral, PublicKeyToken=b03f5f7f11d50a3a\" codeBase=\"C:\\Program Files\\dotnet\\sdk\\3.1.201\\vstest.console.dll\" enabled=\"True\" /></Loggers></LoggerRunSettings><DataCollectionRunSettings><DataCollectors><DataCollector friendlyName=\"blame\" enabled=\"True\"><Configuration><ResultsDirectory>C:\\Users\\HP\\Source\\Repos\\ekarahodza1\\VVS_zadaca2\\Hypo Banka\\Unit Testovi\\bin\\Debug\\fine-code-coverage\\_outputfolder</ResultsDirectory></Configuration></DataCollector></DataCollectors></DataCollectionRunSettings></RunSettings>",
  "Sources": [
    "C:\\Users\\HP\\Source\\Repos\\ekarahodza1\\VVS_zadaca2\\Hypo Banka\\Unit Testovi\\bin\\Debug\\fine-code-coverage\\Unit Testovi.dll"
  ]
}
TpTrace Verbose: 0 : 16296, 1, 2020/11/30, 13:13:59.966, 12499464903190, datacollector.dll, TestPluginCache: Update extensions started. Skip filter = False
TpTrace Verbose: 0 : 16296, 1, 2020/11/30, 13:13:59.967, 12499464916141, datacollector.dll, TestPluginCache: Using directories for assembly resolution 'C:\Program Files\dotnet\sdk\3.1.201\Extensions'.
TpTrace Verbose: 0 : 16296, 1, 2020/11/30, 13:13:59.967, 12499464917931, datacollector.dll, TestPluginCache: Updated the available extensions to 'C:\Program Files\dotnet\sdk\3.1.201\Extensions\Microsoft.TestPlatform.Extensions.BlameDataCollector.dll,C:\Program Files\dotnet\sdk\3.1.201\Extensions\Microsoft.TestPlatform.Extensions.EventLogCollector.dll'.
TpTrace Verbose: 0 : 16296, 1, 2020/11/30, 13:13:59.982, 12499465058980, datacollector.dll, TestPluginCache.DiscoverTestExtensions: finding test extensions in assemblies endswith: Collector.dll TPluginInfo: Microsoft.VisualStudio.TestPlatform.Common.DataCollector.DataCollectorConfig TExtension: Microsoft.VisualStudio.TestPlatform.ObjectModel.DataCollection.DataCollector
TpTrace Verbose: 0 : 16296, 1, 2020/11/30, 13:13:59.982, 12499465061938, datacollector.dll, TestPluginCache.GetExtensionPaths: Filtered extension paths: C:\Program Files\dotnet\sdk\3.1.201\Extensions\Microsoft.TestPlatform.Extensions.BlameDataCollector.dll
C:\Program Files\dotnet\sdk\3.1.201\Extensions\Microsoft.TestPlatform.Extensions.EventLogCollector.dll
TpTrace Verbose: 0 : 16296, 1, 2020/11/30, 13:13:59.982, 12499465062910, datacollector.dll, TestPluginCache.GetExtensionPaths: Added default extension paths: 
TpTrace Verbose: 0 : 16296, 1, 2020/11/30, 13:13:59.982, 12499465063598, datacollector.dll, TestPluginCache.GetExtensionPaths: Added unfilterableExtensionPaths: 
TpTrace Information: 0 : 16296, 1, 2020/11/30, 13:13:59.983, 12499465070908, datacollector.dll, AssemblyResolver.ctor: Creating AssemblyResolver with searchDirectories C:\Program Files\dotnet\sdk\3.1.201\Extensions,C:\Program Files\dotnet\sdk\3.1.201
TpTrace Verbose: 0 : 16296, 1, 2020/11/30, 13:13:59.985, 12499465088593, datacollector.dll, TestPluginCache.DiscoverTestExtensions: Discovering the extensions using extension path.
TpTrace Verbose: 0 : 16296, 1, 2020/11/30, 13:13:59.985, 12499465090935, datacollector.dll, TestPluginCache.GetExtensionPaths: Filtered extension paths: C:\Program Files\dotnet\sdk\3.1.201\Extensions\Microsoft.TestPlatform.Extensions.BlameDataCollector.dll
C:\Program Files\dotnet\sdk\3.1.201\Extensions\Microsoft.TestPlatform.Extensions.EventLogCollector.dll
TpTrace Verbose: 0 : 16296, 1, 2020/11/30, 13:13:59.985, 12499465091743, datacollector.dll, TestPluginCache.GetExtensionPaths: Added default extension paths: 
TpTrace Verbose: 0 : 16296, 1, 2020/11/30, 13:13:59.985, 12499465092359, datacollector.dll, TestPluginCache.GetExtensionPaths: Added unfilterableExtensionPaths: 
TpTrace Verbose: 0 : 16296, 1, 2020/11/30, 13:13:59.985, 12499465093499, datacollector.dll, TestPluginCache.DiscoverTestExtensions: Discovering the extensions using allExtensionPaths: C:\Program Files\dotnet\sdk\3.1.201\Extensions\Microsoft.TestPlatform.Extensions.BlameDataCollector.dll
C:\Program Files\dotnet\sdk\3.1.201\Extensions\Microsoft.TestPlatform.Extensions.EventLogCollector.dll
TpTrace Information: 0 : 16296, 1, 2020/11/30, 13:13:59.985, 12499465095132, datacollector.dll, AssemblyResolver.AddSearchDirectories: Adding more searchDirectories C:\Program Files\dotnet\sdk\3.1.201\Extensions,C:\Program Files\dotnet\sdk\3.1.201
TpTrace Information: 0 : 16296, 1, 2020/11/30, 13:13:59.985, 12499465097696, datacollector.dll, AssemblyResolver.AddSearchDirectories: Adding more searchDirectories C:\Program Files\dotnet\sdk\3.1.201\Extensions,C:\Program Files\dotnet\sdk\3.1.201
TpTrace Information: 0 : 16296, 1, 2020/11/30, 13:13:59.986, 12499465107533, datacollector.dll, AssemblyResolver.OnResolve: Microsoft.TestPlatform.Extensions.BlameDataCollector: Resolving assembly.
TpTrace Information: 0 : 16296, 1, 2020/11/30, 13:13:59.988, 12499465127966, datacollector.dll, AssemblyResolver.OnResolve: Resolved assembly: Microsoft.TestPlatform.Extensions.BlameDataCollector, from path: C:\Program Files\dotnet\sdk\3.1.201\Extensions\Microsoft.TestPlatform.Extensions.BlameDataCollector.dll
TpTrace Error: 0 : 16296, 1, 2020/11/30, 13:13:59.990, 12499465146257, datacollector.dll, The type "Microsoft.TestPlatform.Extensions.BlameDataCollector.BlameCollector" defined in "Microsoft.TestPlatform.Extensions.BlameDataCollector.dll" does not have ExtensionUri attibute.
TpTrace Information: 0 : 16296, 1, 2020/11/30, 13:13:59.992, 12499465161812, datacollector.dll, AssemblyResolver.OnResolve: Microsoft.TestPlatform.Extensions.EventLogCollector: Resolving assembly.
TpTrace Information: 0 : 16296, 1, 2020/11/30, 13:13:59.993, 12499465171376, datacollector.dll, AssemblyResolver.OnResolve: Resolved assembly: Microsoft.TestPlatform.Extensions.EventLogCollector, from path: C:\Program Files\dotnet\sdk\3.1.201\Extensions\Microsoft.TestPlatform.Extensions.EventLogCollector.dll
TpTrace Error: 0 : 16296, 1, 2020/11/30, 13:13:59.995, 12499465191705, datacollector.dll, The type "Microsoft.TestPlatform.Extensions.EventLogCollector.EventLogDataCollector" defined in "Microsoft.TestPlatform.Extensions.EventLogCollector.dll" does not have ExtensionUri attibute.
TpTrace Verbose: 0 : 16296, 1, 2020/11/30, 13:13:59.995, 12499465196786, datacollector.dll, TestPluginCache: Discovered the extensions using extension path 'C:\Program Files\dotnet\sdk\3.1.201\Extensions\Microsoft.TestPlatform.Extensions.BlameDataCollector.dll,C:\Program Files\dotnet\sdk\3.1.201\Extensions\Microsoft.TestPlatform.Extensions.EventLogCollector.dll'.
TpTrace Verbose: 0 : 16296, 1, 2020/11/30, 13:13:59.996, 12499465198626, datacollector.dll, TestPluginCache: Discoverers are ''.
TpTrace Verbose: 0 : 16296, 1, 2020/11/30, 13:13:59.996, 12499465199730, datacollector.dll, TestPluginCache: Executors are ''.
TpTrace Verbose: 0 : 16296, 1, 2020/11/30, 13:13:59.996, 12499465200688, datacollector.dll, TestPluginCache: Setting providers are ''.
TpTrace Verbose: 0 : 16296, 1, 2020/11/30, 13:13:59.996, 12499465201663, datacollector.dll, TestPluginCache: Loggers are ''.
TpTrace Information: 0 : 16296, 1, 2020/11/30, 13:13:59.998, 12499465227201, datacollector.dll, TestPluginManager.CreateTestExtension: Attempting to load test extension: Microsoft.TestPlatform.Extensions.BlameDataCollector.BlameCollector
TpTrace Error: 0 : 16296, 1, 2020/11/30, 13:13:59.999, 12499465230241, datacollector.dll, The type "Microsoft.TestPlatform.Extensions.BlameDataCollector.BlameCollector" defined in "Microsoft.TestPlatform.Extensions.BlameDataCollector.dll" does not have ExtensionUri attibute.
TpTrace Information: 0 : 16296, 1, 2020/11/30, 13:14:00.011, 12499465348540, datacollector.dll, Listening on Endpoint : 127.0.0.1:51339
TpTrace Information: 0 : 16296, 1, 2020/11/30, 13:14:00.027, 12499465512838, datacollector.dll, DataCollectionRequestHandler.ProcessRequests : DataCollection started.
TpTrace Information: 0 : 16296, 1, 2020/11/30, 13:14:00.096, 12499466200536, datacollector.dll, DataCollectionRequestHandler.ProcessRequests : Datacollector received message: (DataCollection.TestHostLaunched) -> {
  "ProcessId": 15868
}
TpTrace Information: 0 : 16296, 5, 2020/11/30, 13:14:00.418, 12499469420736, datacollector.dll, Using the buffer size of 16384 bytes
TpTrace Information: 0 : 16296, 5, 2020/11/30, 13:14:00.418, 12499469424879, datacollector.dll, Accepted Client request and set the flag
TpTrace Information: 0 : 16296, 6, 2020/11/30, 13:14:01.106, 12499476300616, datacollector.dll, DataCollectionTestCaseEventHandler: Test case starting.
TpTrace Information: 0 : 16296, 6, 2020/11/30, 13:14:01.157, 12499476810087, datacollector.dll, Blame Collector : Test Case Start
TpTrace Information: 0 : 16296, 6, 2020/11/30, 13:14:01.157, 12499476816451, datacollector.dll, DataCollectionTestCaseEventHandler: Test case started.
TpTrace Information: 0 : 16296, 6, 2020/11/30, 13:14:01.251, 12499477756961, datacollector.dll, DataCollectionTestCaseEventHandler : Test case completing.
TpTrace Information: 0 : 16296, 6, 2020/11/30, 13:14:01.256, 12499477806443, datacollector.dll, Blame Collector : Test Case End
TpTrace Error: 0 : 16296, 6, 2020/11/30, 13:14:01.278, 12499478024615, datacollector.dll, DataCollectionAttachmentManager.GetAttachments: Fail to get attachments: System.Collections.Generic.KeyNotFoundException: The given key 'Microsoft.VisualStudio.TestPlatform.ObjectModel.DataCollection.DataCollectionContext' was not present in the dictionary.
   at System.Collections.Generic.Dictionary`2.get_Item(TKey key)
   at Microsoft.VisualStudio.TestPlatform.Common.DataCollector.DataCollectionAttachmentManager.GetAttachments(DataCollectionContext dataCollectionContext) 
TpTrace Information: 0 : 16296, 6, 2020/11/30, 13:14:01.284, 12499478078685, datacollector.dll, DataCollectionTestCaseEventHandler: Test case completed
TpTrace Information: 0 : 16296, 6, 2020/11/30, 13:14:01.299, 12499478236347, datacollector.dll, DataCollectionTestCaseEventHandler: Test case starting.
TpTrace Information: 0 : 16296, 6, 2020/11/30, 13:14:01.300, 12499478245010, datacollector.dll, Blame Collector : Test Case Start
TpTrace Information: 0 : 16296, 6, 2020/11/30, 13:14:01.301, 12499478249292, datacollector.dll, DataCollectionTestCaseEventHandler: Test case started.
TpTrace Information: 0 : 16296, 6, 2020/11/30, 13:14:01.303, 12499478268377, datacollector.dll, DataCollectionTestCaseEventHandler : Test case completing.
TpTrace Information: 0 : 16296, 6, 2020/11/30, 13:14:01.303, 12499478275172, datacollector.dll, Blame Collector : Test Case End
TpTrace Error: 0 : 16296, 6, 2020/11/30, 13:14:01.304, 12499478278457, datacollector.dll, DataCollectionAttachmentManager.GetAttachments: Fail to get attachments: System.Collections.Generic.KeyNotFoundException: The given key 'Microsoft.VisualStudio.TestPlatform.ObjectModel.DataCollection.DataCollectionContext' was not present in the dictionary.
   at System.Collections.Generic.Dictionary`2.get_Item(TKey key)
   at Microsoft.VisualStudio.TestPlatform.Common.DataCollector.DataCollectionAttachmentManager.GetAttachments(DataCollectionContext dataCollectionContext) 
TpTrace Information: 0 : 16296, 6, 2020/11/30, 13:14:01.304, 12499478281136, datacollector.dll, DataCollectionTestCaseEventHandler: Test case completed
TpTrace Information: 0 : 16296, 6, 2020/11/30, 13:14:01.305, 12499478292492, datacollector.dll, DataCollectionTestCaseEventHandler: Test case starting.
TpTrace Information: 0 : 16296, 6, 2020/11/30, 13:14:01.305, 12499478296118, datacollector.dll, Blame Collector : Test Case Start
TpTrace Information: 0 : 16296, 6, 2020/11/30, 13:14:01.305, 12499478297757, datacollector.dll, DataCollectionTestCaseEventHandler: Test case started.
TpTrace Information: 0 : 16296, 6, 2020/11/30, 13:14:01.321, 12499478448442, datacollector.dll, DataCollectionTestCaseEventHandler : Test case completing.
TpTrace Information: 0 : 16296, 6, 2020/11/30, 13:14:01.324, 12499478485029, datacollector.dll, Blame Collector : Test Case End
TpTrace Error: 0 : 16296, 6, 2020/11/30, 13:14:01.325, 12499478488543, datacollector.dll, DataCollectionAttachmentManager.GetAttachments: Fail to get attachments: System.Collections.Generic.KeyNotFoundException: The given key 'Microsoft.VisualStudio.TestPlatform.ObjectModel.DataCollection.DataCollectionContext' was not present in the dictionary.
   at System.Collections.Generic.Dictionary`2.get_Item(TKey key)
   at Microsoft.VisualStudio.TestPlatform.Common.DataCollector.DataCollectionAttachmentManager.GetAttachments(DataCollectionContext dataCollectionContext) 
TpTrace Information: 0 : 16296, 6, 2020/11/30, 13:14:01.325, 12499478490966, datacollector.dll, DataCollectionTestCaseEventHandler: Test case completed
TpTrace Information: 0 : 16296, 6, 2020/11/30, 13:14:01.326, 12499478504012, datacollector.dll, DataCollectionTestCaseEventHandler: Test case starting.
TpTrace Information: 0 : 16296, 6, 2020/11/30, 13:14:01.326, 12499478507858, datacollector.dll, Blame Collector : Test Case Start
TpTrace Information: 0 : 16296, 6, 2020/11/30, 13:14:01.327, 12499478509818, datacollector.dll, DataCollectionTestCaseEventHandler: Test case started.
TpTrace Information: 0 : 16296, 6, 2020/11/30, 13:14:01.331, 12499478552356, datacollector.dll, DataCollectionTestCaseEventHandler : Test case completing.
TpTrace Information: 0 : 16296, 6, 2020/11/30, 13:14:01.332, 12499478560421, datacollector.dll, Blame Collector : Test Case End
TpTrace Error: 0 : 16296, 6, 2020/11/30, 13:14:01.332, 12499478564949, datacollector.dll, DataCollectionAttachmentManager.GetAttachments: Fail to get attachments: System.Collections.Generic.KeyNotFoundException: The given key 'Microsoft.VisualStudio.TestPlatform.ObjectModel.DataCollection.DataCollectionContext' was not present in the dictionary.
   at System.Collections.Generic.Dictionary`2.get_Item(TKey key)
   at Microsoft.VisualStudio.TestPlatform.Common.DataCollector.DataCollectionAttachmentManager.GetAttachments(DataCollectionContext dataCollectionContext) 
TpTrace Information: 0 : 16296, 6, 2020/11/30, 13:14:01.333, 12499478568282, datacollector.dll, DataCollectionTestCaseEventHandler: Test case completed
TpTrace Information: 0 : 16296, 6, 2020/11/30, 13:14:01.334, 12499478583315, datacollector.dll, DataCollectionTestCaseEventHandler: Test case starting.
TpTrace Information: 0 : 16296, 6, 2020/11/30, 13:14:01.334, 12499478587220, datacollector.dll, Blame Collector : Test Case Start
TpTrace Information: 0 : 16296, 6, 2020/11/30, 13:14:01.335, 12499478589220, datacollector.dll, DataCollectionTestCaseEventHandler: Test case started.
TpTrace Information: 0 : 16296, 6, 2020/11/30, 13:14:01.337, 12499478608461, datacollector.dll, DataCollectionTestCaseEventHandler : Test case completing.
TpTrace Information: 0 : 16296, 6, 2020/11/30, 13:14:01.337, 12499478612229, datacollector.dll, Blame Collector : Test Case End
TpTrace Error: 0 : 16296, 6, 2020/11/30, 13:14:01.337, 12499478614322, datacollector.dll, DataCollectionAttachmentManager.GetAttachments: Fail to get attachments: System.Collections.Generic.KeyNotFoundException: The given key 'Microsoft.VisualStudio.TestPlatform.ObjectModel.DataCollection.DataCollectionContext' was not present in the dictionary.
   at System.Collections.Generic.Dictionary`2.get_Item(TKey key)
   at Microsoft.VisualStudio.TestPlatform.Common.DataCollector.DataCollectionAttachmentManager.GetAttachments(DataCollectionContext dataCollectionContext) 
TpTrace Information: 0 : 16296, 6, 2020/11/30, 13:14:01.337, 12499478616092, datacollector.dll, DataCollectionTestCaseEventHandler: Test case completed
TpTrace Information: 0 : 16296, 6, 2020/11/30, 13:14:01.338, 12499478627253, datacollector.dll, DataCollectionTestCaseEventHandler: Test case starting.
TpTrace Information: 0 : 16296, 6, 2020/11/30, 13:14:01.339, 12499478632987, datacollector.dll, Blame Collector : Test Case Start
TpTrace Information: 0 : 16296, 6, 2020/11/30, 13:14:01.339, 12499478635089, datacollector.dll, DataCollectionTestCaseEventHandler: Test case started.
TpTrace Information: 0 : 16296, 6, 2020/11/30, 13:14:01.340, 12499478646332, datacollector.dll, DataCollectionTestCaseEventHandler : Test case completing.
TpTrace Information: 0 : 16296, 6, 2020/11/30, 13:14:01.341, 12499478649958, datacollector.dll, Blame Collector : Test Case End
TpTrace Error: 0 : 16296, 6, 2020/11/30, 13:14:01.341, 12499478651762, datacollector.dll, DataCollectionAttachmentManager.GetAttachments: Fail to get attachments: System.Collections.Generic.KeyNotFoundException: The given key 'Microsoft.VisualStudio.TestPlatform.ObjectModel.DataCollection.DataCollectionContext' was not present in the dictionary.
   at System.Collections.Generic.Dictionary`2.get_Item(TKey key)
   at Microsoft.VisualStudio.TestPlatform.Common.DataCollector.DataCollectionAttachmentManager.GetAttachments(DataCollectionContext dataCollectionContext) 
TpTrace Information: 0 : 16296, 6, 2020/11/30, 13:14:01.341, 12499478653525, datacollector.dll, DataCollectionTestCaseEventHandler: Test case completed
TpTrace Information: 0 : 16296, 6, 2020/11/30, 13:14:01.342, 12499478662381, datacollector.dll, DataCollectionTestCaseEventHandler: Test case starting.
TpTrace Information: 0 : 16296, 6, 2020/11/30, 13:14:01.342, 12499478665841, datacollector.dll, Blame Collector : Test Case Start
TpTrace Information: 0 : 16296, 6, 2020/11/30, 13:14:01.342, 12499478667464, datacollector.dll, DataCollectionTestCaseEventHandler: Test case started.
TpTrace Information: 0 : 16296, 6, 2020/11/30, 13:14:01.346, 12499478706472, datacollector.dll, DataCollectionTestCaseEventHandler : Test case completing.
TpTrace Information: 0 : 16296, 6, 2020/11/30, 13:14:01.347, 12499478710131, datacollector.dll, Blame Collector : Test Case End
TpTrace Error: 0 : 16296, 6, 2020/11/30, 13:14:01.347, 12499478712310, datacollector.dll, DataCollectionAttachmentManager.GetAttachments: Fail to get attachments: System.Collections.Generic.KeyNotFoundException: The given key 'Microsoft.VisualStudio.TestPlatform.ObjectModel.DataCollection.DataCollectionContext' was not present in the dictionary.
   at System.Collections.Generic.Dictionary`2.get_Item(TKey key)
   at Microsoft.VisualStudio.TestPlatform.Common.DataCollector.DataCollectionAttachmentManager.GetAttachments(DataCollectionContext dataCollectionContext) 
TpTrace Information: 0 : 16296, 6, 2020/11/30, 13:14:01.347, 12499478715764, datacollector.dll, DataCollectionTestCaseEventHandler: Test case completed
TpTrace Information: 0 : 16296, 6, 2020/11/30, 13:14:01.349, 12499478729703, datacollector.dll, DataCollectionTestCaseEventHandler: Test case starting.
TpTrace Information: 0 : 16296, 6, 2020/11/30, 13:14:01.349, 12499478735890, datacollector.dll, Blame Collector : Test Case Start
TpTrace Information: 0 : 16296, 6, 2020/11/30, 13:14:01.350, 12499478738139, datacollector.dll, DataCollectionTestCaseEventHandler: Test case started.
TpTrace Information: 0 : 16296, 6, 2020/11/30, 13:14:01.351, 12499478756691, datacollector.dll, DataCollectionTestCaseEventHandler : Test case completing.
TpTrace Information: 0 : 16296, 6, 2020/11/30, 13:14:01.352, 12499478762040, datacollector.dll, Blame Collector : Test Case End
TpTrace Error: 0 : 16296, 6, 2020/11/30, 13:14:01.352, 12499478764492, datacollector.dll, DataCollectionAttachmentManager.GetAttachments: Fail to get attachments: System.Collections.Generic.KeyNotFoundException: The given key 'Microsoft.VisualStudio.TestPlatform.ObjectModel.DataCollection.DataCollectionContext' was not present in the dictionary.
   at System.Collections.Generic.Dictionary`2.get_Item(TKey key)
   at Microsoft.VisualStudio.TestPlatform.Common.DataCollector.DataCollectionAttachmentManager.GetAttachments(DataCollectionContext dataCollectionContext) 
TpTrace Information: 0 : 16296, 6, 2020/11/30, 13:14:01.352, 12499478766572, datacollector.dll, DataCollectionTestCaseEventHandler: Test case completed
TpTrace Information: 0 : 16296, 6, 2020/11/30, 13:14:01.353, 12499478775959, datacollector.dll, DataCollectionTestCaseEventHandler: Test case starting.
TpTrace Information: 0 : 16296, 6, 2020/11/30, 13:14:01.354, 12499478781684, datacollector.dll, Blame Collector : Test Case Start
TpTrace Information: 0 : 16296, 6, 2020/11/30, 13:14:01.354, 12499478784029, datacollector.dll, DataCollectionTestCaseEventHandler: Test case started.
TpTrace Information: 0 : 16296, 6, 2020/11/30, 13:14:01.356, 12499478799317, datacollector.dll, DataCollectionTestCaseEventHandler : Test case completing.
TpTrace Information: 0 : 16296, 6, 2020/11/30, 13:14:01.356, 12499478803017, datacollector.dll, Blame Collector : Test Case End
TpTrace Error: 0 : 16296, 6, 2020/11/30, 13:14:01.356, 12499478805119, datacollector.dll, DataCollectionAttachmentManager.GetAttachments: Fail to get attachments: System.Collections.Generic.KeyNotFoundException: The given key 'Microsoft.VisualStudio.TestPlatform.ObjectModel.DataCollection.DataCollectionContext' was not present in the dictionary.
   at System.Collections.Generic.Dictionary`2.get_Item(TKey key)
   at Microsoft.VisualStudio.TestPlatform.Common.DataCollector.DataCollectionAttachmentManager.GetAttachments(DataCollectionContext dataCollectionContext) 
TpTrace Information: 0 : 16296, 6, 2020/11/30, 13:14:01.356, 12499478806889, datacollector.dll, DataCollectionTestCaseEventHandler: Test case completed
TpTrace Information: 0 : 16296, 6, 2020/11/30, 13:14:01.401, 12499479248756, datacollector.dll, DataCollectionTestCaseEventHandler: Test case starting.
TpTrace Information: 0 : 16296, 6, 2020/11/30, 13:14:01.401, 12499479256447, datacollector.dll, Blame Collector : Test Case Start
TpTrace Information: 0 : 16296, 6, 2020/11/30, 13:14:01.402, 12499479259847, datacollector.dll, DataCollectionTestCaseEventHandler: Test case started.
TpTrace Information: 0 : 16296, 6, 2020/11/30, 13:14:01.404, 12499479284862, datacollector.dll, DataCollectionTestCaseEventHandler : Test case completing.
TpTrace Information: 0 : 16296, 6, 2020/11/30, 13:14:01.405, 12499479291324, datacollector.dll, Blame Collector : Test Case End
TpTrace Error: 0 : 16296, 6, 2020/11/30, 13:14:01.405, 12499479294269, datacollector.dll, DataCollectionAttachmentManager.GetAttachments: Fail to get attachments: System.Collections.Generic.KeyNotFoundException: The given key 'Microsoft.VisualStudio.TestPlatform.ObjectModel.DataCollection.DataCollectionContext' was not present in the dictionary.
   at System.Collections.Generic.Dictionary`2.get_Item(TKey key)
   at Microsoft.VisualStudio.TestPlatform.Common.DataCollector.DataCollectionAttachmentManager.GetAttachments(DataCollectionContext dataCollectionContext) 
TpTrace Information: 0 : 16296, 6, 2020/11/30, 13:14:01.405, 12499479296980, datacollector.dll, DataCollectionTestCaseEventHandler: Test case completed
TpTrace Information: 0 : 16296, 6, 2020/11/30, 13:14:01.407, 12499479309903, datacollector.dll, DataCollectionTestCaseEventHandler: Test case starting.
TpTrace Information: 0 : 16296, 6, 2020/11/30, 13:14:01.407, 12499479315578, datacollector.dll, Blame Collector : Test Case Start
TpTrace Information: 0 : 16296, 6, 2020/11/30, 13:14:01.408, 12499479318245, datacollector.dll, DataCollectionTestCaseEventHandler: Test case started.
TpTrace Information: 0 : 16296, 6, 2020/11/30, 13:14:01.411, 12499479355000, datacollector.dll, DataCollectionTestCaseEventHandler : Test case completing.
TpTrace Information: 0 : 16296, 6, 2020/11/30, 13:14:01.412, 12499479361395, datacollector.dll, Blame Collector : Test Case End
TpTrace Error: 0 : 16296, 6, 2020/11/30, 13:14:01.412, 12499479363919, datacollector.dll, DataCollectionAttachmentManager.GetAttachments: Fail to get attachments: System.Collections.Generic.KeyNotFoundException: The given key 'Microsoft.VisualStudio.TestPlatform.ObjectModel.DataCollection.DataCollectionContext' was not present in the dictionary.
   at System.Collections.Generic.Dictionary`2.get_Item(TKey key)
   at Microsoft.VisualStudio.TestPlatform.Common.DataCollector.DataCollectionAttachmentManager.GetAttachments(DataCollectionContext dataCollectionContext) 
TpTrace Information: 0 : 16296, 6, 2020/11/30, 13:14:01.412, 12499479366867, datacollector.dll, DataCollectionTestCaseEventHandler: Test case completed
TpTrace Information: 0 : 16296, 6, 2020/11/30, 13:14:01.414, 12499479380101, datacollector.dll, DataCollectionTestCaseEventHandler: Test case starting.
TpTrace Information: 0 : 16296, 6, 2020/11/30, 13:14:01.414, 12499479386172, datacollector.dll, Blame Collector : Test Case Start
TpTrace Information: 0 : 16296, 6, 2020/11/30, 13:14:01.415, 12499479388870, datacollector.dll, DataCollectionTestCaseEventHandler: Test case started.
TpTrace Information: 0 : 16296, 6, 2020/11/30, 13:14:01.417, 12499479411487, datacollector.dll, DataCollectionTestCaseEventHandler : Test case completing.
TpTrace Information: 0 : 16296, 6, 2020/11/30, 13:14:01.417, 12499479417748, datacollector.dll, Blame Collector : Test Case End
TpTrace Error: 0 : 16296, 6, 2020/11/30, 13:14:01.418, 12499479420477, datacollector.dll, DataCollectionAttachmentManager.GetAttachments: Fail to get attachments: System.Collections.Generic.KeyNotFoundException: The given key 'Microsoft.VisualStudio.TestPlatform.ObjectModel.DataCollection.DataCollectionContext' was not present in the dictionary.
   at System.Collections.Generic.Dictionary`2.get_Item(TKey key)
   at Microsoft.VisualStudio.TestPlatform.Common.DataCollector.DataCollectionAttachmentManager.GetAttachments(DataCollectionContext dataCollectionContext) 
TpTrace Information: 0 : 16296, 6, 2020/11/30, 13:14:01.418, 12499479423699, datacollector.dll, DataCollectionTestCaseEventHandler: Test case completed
TpTrace Information: 0 : 16296, 6, 2020/11/30, 13:14:01.419, 12499479437212, datacollector.dll, DataCollectionTestCaseEventHandler: Test case starting.
TpTrace Information: 0 : 16296, 6, 2020/11/30, 13:14:01.420, 12499479441832, datacollector.dll, Blame Collector : Test Case Start
TpTrace Information: 0 : 16296, 6, 2020/11/30, 13:14:01.420, 12499479443821, datacollector.dll, DataCollectionTestCaseEventHandler: Test case started.
TpTrace Information: 0 : 16296, 6, 2020/11/30, 13:14:01.422, 12499479462518, datacollector.dll, DataCollectionTestCaseEventHandler : Test case completing.
TpTrace Information: 0 : 16296, 6, 2020/11/30, 13:14:01.423, 12499479469350, datacollector.dll, Blame Collector : Test Case End
TpTrace Error: 0 : 16296, 6, 2020/11/30, 13:14:01.423, 12499479472567, datacollector.dll, DataCollectionAttachmentManager.GetAttachments: Fail to get attachments: System.Collections.Generic.KeyNotFoundException: The given key 'Microsoft.VisualStudio.TestPlatform.ObjectModel.DataCollection.DataCollectionContext' was not present in the dictionary.
   at System.Collections.Generic.Dictionary`2.get_Item(TKey key)
   at Microsoft.VisualStudio.TestPlatform.Common.DataCollector.DataCollectionAttachmentManager.GetAttachments(DataCollectionContext dataCollectionContext) 
TpTrace Information: 0 : 16296, 6, 2020/11/30, 13:14:01.423, 12499479475112, datacollector.dll, DataCollectionTestCaseEventHandler: Test case completed
TpTrace Information: 0 : 16296, 6, 2020/11/30, 13:14:01.430, 12499479544869, datacollector.dll, DataCollectionTestCaseEventHandler: Test case starting.
TpTrace Information: 0 : 16296, 6, 2020/11/30, 13:14:01.431, 12499479551282, datacollector.dll, Blame Collector : Test Case Start
TpTrace Information: 0 : 16296, 6, 2020/11/30, 13:14:01.431, 12499479553830, datacollector.dll, DataCollectionTestCaseEventHandler: Test case started.
TpTrace Information: 0 : 16296, 6, 2020/11/30, 13:14:01.460, 12499479842314, datacollector.dll, DataCollectionTestCaseEventHandler : Test case completing.
TpTrace Information: 0 : 16296, 6, 2020/11/30, 13:14:01.461, 12499479849147, datacollector.dll, Blame Collector : Test Case End
TpTrace Error: 0 : 16296, 6, 2020/11/30, 13:14:01.461, 12499479852027, datacollector.dll, DataCollectionAttachmentManager.GetAttachments: Fail to get attachments: System.Collections.Generic.KeyNotFoundException: The given key 'Microsoft.VisualStudio.TestPlatform.ObjectModel.DataCollection.DataCollectionContext' was not present in the dictionary.
   at System.Collections.Generic.Dictionary`2.get_Item(TKey key)
   at Microsoft.VisualStudio.TestPlatform.Common.DataCollector.DataCollectionAttachmentManager.GetAttachments(DataCollectionContext dataCollectionContext) 
TpTrace Information: 0 : 16296, 6, 2020/11/30, 13:14:01.461, 12499479855191, datacollector.dll, DataCollectionTestCaseEventHandler: Test case completed
TpTrace Information: 0 : 16296, 6, 2020/11/30, 13:14:01.463, 12499479871711, datacollector.dll, DataCollectionTestCaseEventHandler: Test case starting.
TpTrace Information: 0 : 16296, 6, 2020/11/30, 13:14:01.464, 12499479886953, datacollector.dll, Blame Collector : Test Case Start
TpTrace Information: 0 : 16296, 6, 2020/11/30, 13:14:01.465, 12499479890887, datacollector.dll, DataCollectionTestCaseEventHandler: Test case started.
TpTrace Information: 0 : 16296, 6, 2020/11/30, 13:14:01.467, 12499479917598, datacollector.dll, DataCollectionTestCaseEventHandler : Test case completing.
TpTrace Information: 0 : 16296, 6, 2020/11/30, 13:14:01.468, 12499479923977, datacollector.dll, Blame Collector : Test Case End
TpTrace Error: 0 : 16296, 6, 2020/11/30, 13:14:01.468, 12499479926905, datacollector.dll, DataCollectionAttachmentManager.GetAttachments: Fail to get attachments: System.Collections.Generic.KeyNotFoundException: The given key 'Microsoft.VisualStudio.TestPlatform.ObjectModel.DataCollection.DataCollectionContext' was not present in the dictionary.
   at System.Collections.Generic.Dictionary`2.get_Item(TKey key)
   at Microsoft.VisualStudio.TestPlatform.Common.DataCollector.DataCollectionAttachmentManager.GetAttachments(DataCollectionContext dataCollectionContext) 
TpTrace Information: 0 : 16296, 6, 2020/11/30, 13:14:01.469, 12499479929924, datacollector.dll, DataCollectionTestCaseEventHandler: Test case completed
TpTrace Information: 0 : 16296, 6, 2020/11/30, 13:14:01.470, 12499479942534, datacollector.dll, DataCollectionTestCaseEventHandler: Test case starting.
TpTrace Information: 0 : 16296, 6, 2020/11/30, 13:14:01.471, 12499479948828, datacollector.dll, Blame Collector : Test Case Start
TpTrace Information: 0 : 16296, 6, 2020/11/30, 13:14:01.471, 12499479951523, datacollector.dll, DataCollectionTestCaseEventHandler: Test case started.
TpTrace Information: 0 : 16296, 6, 2020/11/30, 13:14:01.473, 12499479973821, datacollector.dll, DataCollectionTestCaseEventHandler : Test case completing.
TpTrace Information: 0 : 16296, 6, 2020/11/30, 13:14:01.474, 12499479980908, datacollector.dll, Blame Collector : Test Case End
TpTrace Error: 0 : 16296, 6, 2020/11/30, 13:14:01.474, 12499479984542, datacollector.dll, DataCollectionAttachmentManager.GetAttachments: Fail to get attachments: System.Collections.Generic.KeyNotFoundException: The given key 'Microsoft.VisualStudio.TestPlatform.ObjectModel.DataCollection.DataCollectionContext' was not present in the dictionary.
   at System.Collections.Generic.Dictionary`2.get_Item(TKey key)
   at Microsoft.VisualStudio.TestPlatform.Common.DataCollector.DataCollectionAttachmentManager.GetAttachments(DataCollectionContext dataCollectionContext) 
TpTrace Information: 0 : 16296, 6, 2020/11/30, 13:14:01.474, 12499479988044, datacollector.dll, DataCollectionTestCaseEventHandler: Test case completed
TpTrace Information: 0 : 16296, 6, 2020/11/30, 13:14:01.476, 12499480000034, datacollector.dll, DataCollectionTestCaseEventHandler: Test case starting.
TpTrace Information: 0 : 16296, 6, 2020/11/30, 13:14:01.476, 12499480005790, datacollector.dll, Blame Collector : Test Case Start
TpTrace Information: 0 : 16296, 6, 2020/11/30, 13:14:01.476, 12499480008108, datacollector.dll, DataCollectionTestCaseEventHandler: Test case started.
TpTrace Information: 0 : 16296, 6, 2020/11/30, 13:14:01.479, 12499480031635, datacollector.dll, DataCollectionTestCaseEventHandler : Test case completing.
TpTrace Information: 0 : 16296, 6, 2020/11/30, 13:14:01.480, 12499480039194, datacollector.dll, Blame Collector : Test Case End
TpTrace Error: 0 : 16296, 6, 2020/11/30, 13:14:01.480, 12499480043536, datacollector.dll, DataCollectionAttachmentManager.GetAttachments: Fail to get attachments: System.Collections.Generic.KeyNotFoundException: The given key 'Microsoft.VisualStudio.TestPlatform.ObjectModel.DataCollection.DataCollectionContext' was not present in the dictionary.
   at System.Collections.Generic.Dictionary`2.get_Item(TKey key)
   at Microsoft.VisualStudio.TestPlatform.Common.DataCollector.DataCollectionAttachmentManager.GetAttachments(DataCollectionContext dataCollectionContext) 
TpTrace Information: 0 : 16296, 6, 2020/11/30, 13:14:01.481, 12499480049414, datacollector.dll, DataCollectionTestCaseEventHandler: Test case completed
TpTrace Information: 0 : 16296, 6, 2020/11/30, 13:14:01.482, 12499480059929, datacollector.dll, DataCollectionTestCaseEventHandler: Test case starting.
TpTrace Information: 0 : 16296, 6, 2020/11/30, 13:14:01.482, 12499480066165, datacollector.dll, Blame Collector : Test Case Start
TpTrace Information: 0 : 16296, 6, 2020/11/30, 13:14:01.483, 12499480068920, datacollector.dll, DataCollectionTestCaseEventHandler: Test case started.
TpTrace Information: 0 : 16296, 6, 2020/11/30, 13:14:01.485, 12499480091383, datacollector.dll, DataCollectionTestCaseEventHandler : Test case completing.
TpTrace Information: 0 : 16296, 6, 2020/11/30, 13:14:01.485, 12499480096659, datacollector.dll, Blame Collector : Test Case End
TpTrace Error: 0 : 16296, 6, 2020/11/30, 13:14:01.486, 12499480099709, datacollector.dll, DataCollectionAttachmentManager.GetAttachments: Fail to get attachments: System.Collections.Generic.KeyNotFoundException: The given key 'Microsoft.VisualStudio.TestPlatform.ObjectModel.DataCollection.DataCollectionContext' was not present in the dictionary.
   at System.Collections.Generic.Dictionary`2.get_Item(TKey key)
   at Microsoft.VisualStudio.TestPlatform.Common.DataCollector.DataCollectionAttachmentManager.GetAttachments(DataCollectionContext dataCollectionContext) 
TpTrace Information: 0 : 16296, 6, 2020/11/30, 13:14:01.486, 12499480102237, datacollector.dll, DataCollectionTestCaseEventHandler: Test case completed
TpTrace Information: 0 : 16296, 6, 2020/11/30, 13:14:01.490, 12499480142137, datacollector.dll, DataCollectionTestCaseEventHandler: Test case starting.
TpTrace Information: 0 : 16296, 6, 2020/11/30, 13:14:01.491, 12499480148298, datacollector.dll, Blame Collector : Test Case Start
TpTrace Information: 0 : 16296, 6, 2020/11/30, 13:14:01.491, 12499480150952, datacollector.dll, DataCollectionTestCaseEventHandler: Test case started.
TpTrace Information: 0 : 16296, 6, 2020/11/30, 13:14:01.493, 12499480172428, datacollector.dll, DataCollectionTestCaseEventHandler : Test case completing.
TpTrace Information: 0 : 16296, 6, 2020/11/30, 13:14:01.494, 12499480178727, datacollector.dll, Blame Collector : Test Case End
TpTrace Error: 0 : 16296, 6, 2020/11/30, 13:14:01.494, 12499480181484, datacollector.dll, DataCollectionAttachmentManager.GetAttachments: Fail to get attachments: System.Collections.Generic.KeyNotFoundException: The given key 'Microsoft.VisualStudio.TestPlatform.ObjectModel.DataCollection.DataCollectionContext' was not present in the dictionary.
   at System.Collections.Generic.Dictionary`2.get_Item(TKey key)
   at Microsoft.VisualStudio.TestPlatform.Common.DataCollector.DataCollectionAttachmentManager.GetAttachments(DataCollectionContext dataCollectionContext) 
TpTrace Information: 0 : 16296, 6, 2020/11/30, 13:14:01.494, 12499480184090, datacollector.dll, DataCollectionTestCaseEventHandler: Test case completed
TpTrace Information: 0 : 16296, 6, 2020/11/30, 13:14:01.495, 12499480196667, datacollector.dll, DataCollectionTestCaseEventHandler: Test case starting.
TpTrace Information: 0 : 16296, 6, 2020/11/30, 13:14:01.497, 12499480208767, datacollector.dll, Blame Collector : Test Case Start
TpTrace Information: 0 : 16296, 6, 2020/11/30, 13:14:01.498, 12499480220586, datacollector.dll, DataCollectionTestCaseEventHandler: Test case started.
TpTrace Information: 0 : 16296, 6, 2020/11/30, 13:14:01.500, 12499480241523, datacollector.dll, DataCollectionTestCaseEventHandler : Test case completing.
TpTrace Information: 0 : 16296, 6, 2020/11/30, 13:14:01.501, 12499480248317, datacollector.dll, Blame Collector : Test Case End
TpTrace Error: 0 : 16296, 6, 2020/11/30, 13:14:01.501, 12499480251015, datacollector.dll, DataCollectionAttachmentManager.GetAttachments: Fail to get attachments: System.Collections.Generic.KeyNotFoundException: The given key 'Microsoft.VisualStudio.TestPlatform.ObjectModel.DataCollection.DataCollectionContext' was not present in the dictionary.
   at System.Collections.Generic.Dictionary`2.get_Item(TKey key)
   at Microsoft.VisualStudio.TestPlatform.Common.DataCollector.DataCollectionAttachmentManager.GetAttachments(DataCollectionContext dataCollectionContext) 
TpTrace Information: 0 : 16296, 6, 2020/11/30, 13:14:01.501, 12499480253583, datacollector.dll, DataCollectionTestCaseEventHandler: Test case completed
TpTrace Information: 0 : 16296, 6, 2020/11/30, 13:14:01.502, 12499480266747, datacollector.dll, DataCollectionTestCaseEventHandler: Test case starting.
TpTrace Information: 0 : 16296, 6, 2020/11/30, 13:14:01.503, 12499480272703, datacollector.dll, Blame Collector : Test Case Start
TpTrace Information: 0 : 16296, 6, 2020/11/30, 13:14:01.503, 12499480275188, datacollector.dll, DataCollectionTestCaseEventHandler: Test case started.
TpTrace Information: 0 : 16296, 6, 2020/11/30, 13:14:01.507, 12499480317934, datacollector.dll, DataCollectionTestCaseEventHandler : Test case completing.
TpTrace Information: 0 : 16296, 6, 2020/11/30, 13:14:01.508, 12499480324114, datacollector.dll, Blame Collector : Test Case End
TpTrace Error: 0 : 16296, 6, 2020/11/30, 13:14:01.508, 12499480327009, datacollector.dll, DataCollectionAttachmentManager.GetAttachments: Fail to get attachments: System.Collections.Generic.KeyNotFoundException: The given key 'Microsoft.VisualStudio.TestPlatform.ObjectModel.DataCollection.DataCollectionContext' was not present in the dictionary.
   at System.Collections.Generic.Dictionary`2.get_Item(TKey key)
   at Microsoft.VisualStudio.TestPlatform.Common.DataCollector.DataCollectionAttachmentManager.GetAttachments(DataCollectionContext dataCollectionContext) 
TpTrace Information: 0 : 16296, 6, 2020/11/30, 13:14:01.509, 12499480330112, datacollector.dll, DataCollectionTestCaseEventHandler: Test case completed
TpTrace Information: 0 : 16296, 6, 2020/11/30, 13:14:01.510, 12499480344089, datacollector.dll, DataCollectionTestCaseEventHandler: Test case starting.
TpTrace Information: 0 : 16296, 6, 2020/11/30, 13:14:01.511, 12499480350624, datacollector.dll, Blame Collector : Test Case Start
TpTrace Information: 0 : 16296, 6, 2020/11/30, 13:14:01.511, 12499480353413, datacollector.dll, DataCollectionTestCaseEventHandler: Test case started.
TpTrace Information: 0 : 16296, 6, 2020/11/30, 13:14:01.513, 12499480376102, datacollector.dll, DataCollectionTestCaseEventHandler : Test case completing.
TpTrace Information: 0 : 16296, 6, 2020/11/30, 13:14:01.514, 12499480382804, datacollector.dll, Blame Collector : Test Case End
TpTrace Error: 0 : 16296, 6, 2020/11/30, 13:14:01.514, 12499480386168, datacollector.dll, DataCollectionAttachmentManager.GetAttachments: Fail to get attachments: System.Collections.Generic.KeyNotFoundException: The given key 'Microsoft.VisualStudio.TestPlatform.ObjectModel.DataCollection.DataCollectionContext' was not present in the dictionary.
   at System.Collections.Generic.Dictionary`2.get_Item(TKey key)
   at Microsoft.VisualStudio.TestPlatform.Common.DataCollector.DataCollectionAttachmentManager.GetAttachments(DataCollectionContext dataCollectionContext) 
TpTrace Information: 0 : 16296, 6, 2020/11/30, 13:14:01.515, 12499480390358, datacollector.dll, DataCollectionTestCaseEventHandler: Test case completed
TpTrace Information: 0 : 16296, 6, 2020/11/30, 13:14:01.516, 12499480403501, datacollector.dll, DataCollectionTestCaseEventHandler: Test case starting.
TpTrace Information: 0 : 16296, 6, 2020/11/30, 13:14:01.517, 12499480409209, datacollector.dll, Blame Collector : Test Case Start
TpTrace Information: 0 : 16296, 6, 2020/11/30, 13:14:01.517, 12499480411481, datacollector.dll, DataCollectionTestCaseEventHandler: Test case started.
TpTrace Information: 0 : 16296, 6, 2020/11/30, 13:14:01.519, 12499480433751, datacollector.dll, DataCollectionTestCaseEventHandler : Test case completing.
TpTrace Information: 0 : 16296, 6, 2020/11/30, 13:14:01.520, 12499480439468, datacollector.dll, Blame Collector : Test Case End
TpTrace Error: 0 : 16296, 6, 2020/11/30, 13:14:01.520, 12499480441945, datacollector.dll, DataCollectionAttachmentManager.GetAttachments: Fail to get attachments: System.Collections.Generic.KeyNotFoundException: The given key 'Microsoft.VisualStudio.TestPlatform.ObjectModel.DataCollection.DataCollectionContext' was not present in the dictionary.
   at System.Collections.Generic.Dictionary`2.get_Item(TKey key)
   at Microsoft.VisualStudio.TestPlatform.Common.DataCollector.DataCollectionAttachmentManager.GetAttachments(DataCollectionContext dataCollectionContext) 
TpTrace Information: 0 : 16296, 6, 2020/11/30, 13:14:01.520, 12499480444429, datacollector.dll, DataCollectionTestCaseEventHandler: Test case completed
TpTrace Information: 0 : 16296, 6, 2020/11/30, 13:14:01.521, 12499480457149, datacollector.dll, DataCollectionTestCaseEventHandler: Test case starting.
TpTrace Information: 0 : 16296, 6, 2020/11/30, 13:14:01.522, 12499480462282, datacollector.dll, Blame Collector : Test Case Start
TpTrace Information: 0 : 16296, 6, 2020/11/30, 13:14:01.522, 12499480464580, datacollector.dll, DataCollectionTestCaseEventHandler: Test case started.
TpTrace Information: 0 : 16296, 6, 2020/11/30, 13:14:01.524, 12499480483425, datacollector.dll, DataCollectionTestCaseEventHandler : Test case completing.
TpTrace Information: 0 : 16296, 6, 2020/11/30, 13:14:01.525, 12499480488813, datacollector.dll, Blame Collector : Test Case End
TpTrace Error: 0 : 16296, 6, 2020/11/30, 13:14:01.525, 12499480491277, datacollector.dll, DataCollectionAttachmentManager.GetAttachments: Fail to get attachments: System.Collections.Generic.KeyNotFoundException: The given key 'Microsoft.VisualStudio.TestPlatform.ObjectModel.DataCollection.DataCollectionContext' was not present in the dictionary.
   at System.Collections.Generic.Dictionary`2.get_Item(TKey key)
   at Microsoft.VisualStudio.TestPlatform.Common.DataCollector.DataCollectionAttachmentManager.GetAttachments(DataCollectionContext dataCollectionContext) 
TpTrace Information: 0 : 16296, 6, 2020/11/30, 13:14:01.525, 12499480493680, datacollector.dll, DataCollectionTestCaseEventHandler: Test case completed
TpTrace Information: 0 : 16296, 6, 2020/11/30, 13:14:01.526, 12499480507249, datacollector.dll, DataCollectionTestCaseEventHandler: Test case starting.
TpTrace Information: 0 : 16296, 6, 2020/11/30, 13:14:01.527, 12499480512586, datacollector.dll, Blame Collector : Test Case Start
TpTrace Information: 0 : 16296, 6, 2020/11/30, 13:14:01.527, 12499480514786, datacollector.dll, DataCollectionTestCaseEventHandler: Test case started.
TpTrace Information: 0 : 16296, 6, 2020/11/30, 13:14:01.529, 12499480532351, datacollector.dll, DataCollectionTestCaseEventHandler : Test case completing.
TpTrace Information: 0 : 16296, 6, 2020/11/30, 13:14:01.530, 12499480538307, datacollector.dll, Blame Collector : Test Case End
TpTrace Error: 0 : 16296, 6, 2020/11/30, 13:14:01.530, 12499480541096, datacollector.dll, DataCollectionAttachmentManager.GetAttachments: Fail to get attachments: System.Collections.Generic.KeyNotFoundException: The given key 'Microsoft.VisualStudio.TestPlatform.ObjectModel.DataCollection.DataCollectionContext' was not present in the dictionary.
   at System.Collections.Generic.Dictionary`2.get_Item(TKey key)
   at Microsoft.VisualStudio.TestPlatform.Common.DataCollector.DataCollectionAttachmentManager.GetAttachments(DataCollectionContext dataCollectionContext) 
TpTrace Information: 0 : 16296, 6, 2020/11/30, 13:14:01.530, 12499480544097, datacollector.dll, DataCollectionTestCaseEventHandler: Test case completed
TpTrace Information: 0 : 16296, 6, 2020/11/30, 13:14:01.531, 12499480556804, datacollector.dll, DataCollectionTestCaseEventHandler: Test case starting.
TpTrace Information: 0 : 16296, 6, 2020/11/30, 13:14:01.532, 12499480563248, datacollector.dll, Blame Collector : Test Case Start
TpTrace Information: 0 : 16296, 6, 2020/11/30, 13:14:01.532, 12499480566441, datacollector.dll, DataCollectionTestCaseEventHandler: Test case started.
TpTrace Information: 0 : 16296, 6, 2020/11/30, 13:14:01.535, 12499480589864, datacollector.dll, DataCollectionTestCaseEventHandler : Test case completing.
TpTrace Information: 0 : 16296, 6, 2020/11/30, 13:14:01.535, 12499480595971, datacollector.dll, Blame Collector : Test Case End
TpTrace Error: 0 : 16296, 6, 2020/11/30, 13:14:01.536, 12499480599006, datacollector.dll, DataCollectionAttachmentManager.GetAttachments: Fail to get attachments: System.Collections.Generic.KeyNotFoundException: The given key 'Microsoft.VisualStudio.TestPlatform.ObjectModel.DataCollection.DataCollectionContext' was not present in the dictionary.
   at System.Collections.Generic.Dictionary`2.get_Item(TKey key)
   at Microsoft.VisualStudio.TestPlatform.Common.DataCollector.DataCollectionAttachmentManager.GetAttachments(DataCollectionContext dataCollectionContext) 
TpTrace Information: 0 : 16296, 6, 2020/11/30, 13:14:01.536, 12499480601600, datacollector.dll, DataCollectionTestCaseEventHandler: Test case completed
TpTrace Information: 0 : 16296, 6, 2020/11/30, 13:14:01.541, 12499480650977, datacollector.dll, DataCollectionTestCaseEventHandler: Test session ended
TpTrace Information: 0 : 16296, 1, 2020/11/30, 13:14:01.665, 12499481889284, datacollector.dll, DataCollectionRequestHandler.ProcessRequests : Datacollector received message: (DataCollection.AfterTestRunEnd) -> false
TpTrace Information: 0 : 16296, 1, 2020/11/30, 13:14:01.665, 12499481897829, datacollector.dll, Blame Collector : Session End
TpTrace Error: 0 : 16296, 1, 2020/11/30, 13:14:01.666, 12499481901747, datacollector.dll, DataCollectionAttachmentManager.GetAttachments: Fail to get attachments: System.Collections.Generic.KeyNotFoundException: The given key 'Microsoft.VisualStudio.TestPlatform.ObjectModel.DataCollection.DataCollectionContext' was not present in the dictionary.
   at System.Collections.Generic.Dictionary`2.get_Item(TKey key)
   at Microsoft.VisualStudio.TestPlatform.Common.DataCollector.DataCollectionAttachmentManager.GetAttachments(DataCollectionContext dataCollectionContext) 
TpTrace Information: 0 : 16296, 1, 2020/11/30, 13:14:01.666, 12499481903336, datacollector.dll, DataCollectionManager.CleanupPlugins: CleanupPlugins called
TpTrace Verbose: 0 : 16296, 1, 2020/11/30, 13:14:01.666, 12499481904373, datacollector.dll, DataCollectionManager.CleanupPlugins: Cleaning up 1 plugins
TpTrace Verbose: 0 : 16296, 1, 2020/11/30, 13:14:01.666, 12499481906406, datacollector.dll, dataCollectorInfo.DisposeDataCollector: calling Dispose() on Microsoft.TestPlatform.Extensions.BlameDataCollector.BlameCollector
TpTrace Information: 0 : 16296, 1, 2020/11/30, 13:14:01.666, 12499481907695, datacollector.dll, DataCollectionManager.CleanupPlugins: CleanupPlugins finished
TpTrace Information: 0 : 16296, 1, 2020/11/30, 13:14:01.667, 12499481909995, datacollector.dll, DataCollectionRequestHandler.ProcessRequests : Session End message received from server. Closing the connection.
TpTrace Information: 0 : 16296, 1, 2020/11/30, 13:14:01.667, 12499481912426, datacollector.dll, Closing the connection !
TpTrace Information: 0 : 16296, 1, 2020/11/30, 13:14:01.667, 12499481913480, datacollector.dll, DataCollectionRequestHandler.ProcessRequests : DataCollection completed
TpTrace Information: 0 : 16296, 1, 2020/11/30, 13:14:01.667, 12499481914373, datacollector.dll, Program.Main: exiting datacollector process.
