TpTrace Information: 0 : 1984, 1, 2020/11/25, 00:47:15.435, 7731213664266, vstest.console.dll, FilePatternParser: The given file C:\Users\HP\Source\Repos\ekarahodza1\VVS_zadaca2\Hypo Banka\Unit Testovi\bin\Debug\fine-code-coverage\Unit Testovi.dll is a full path.
TpTrace Verbose: 0 : 1984, 1, 2020/11/25, 00:47:15.449, 7731213759106, vstest.console.dll, TestPluginCache.DiscoverTestExtensions: finding test extensions in assemblies endswith: RuntimeProvider.dll TPluginInfo: Microsoft.VisualStudio.TestPlatform.Common.ExtensionFramework.Utilities.TestRuntimePluginInformation TExtension: Microsoft.VisualStudio.TestPlatform.ObjectModel.Host.ITestRuntimeProvider
TpTrace Verbose: 0 : 1984, 1, 2020/11/25, 00:47:15.456, 7731213829206, vstest.console.dll, TestPluginCache.GetExtensionPaths: Filtered extension paths: 
TpTrace Verbose: 0 : 1984, 1, 2020/11/25, 00:47:15.456, 7731213831122, vstest.console.dll, TestPluginCache.GetExtensionPaths: Added default extension paths: C:\Program Files\dotnet\sdk\3.1.201\Extensions\Microsoft.TestPlatform.Extensions.BlameDataCollector.dll
C:\Program Files\dotnet\sdk\3.1.201\Extensions\Microsoft.TestPlatform.Extensions.EventLogCollector.dll
C:\Program Files\dotnet\sdk\3.1.201\Extensions\Microsoft.TestPlatform.TestHostRuntimeProvider.dll
C:\Program Files\dotnet\sdk\3.1.201\Extensions\Microsoft.VisualStudio.TestPlatform.Extensions.Html.TestLogger.dll
C:\Program Files\dotnet\sdk\3.1.201\Extensions\Microsoft.VisualStudio.TestPlatform.Extensions.Trx.TestLogger.dll
TpTrace Verbose: 0 : 1984, 1, 2020/11/25, 00:47:15.457, 7731213831885, vstest.console.dll, TestPluginCache.GetExtensionPaths: Added unfilterableExtensionPaths: 
TpTrace Information: 0 : 1984, 1, 2020/11/25, 00:47:15.457, 7731213841127, vstest.console.dll, AssemblyResolver.ctor: Creating AssemblyResolver with searchDirectories C:\Program Files\dotnet\sdk\3.1.201\Extensions,C:\Program Files\dotnet\sdk\3.1.201
TpTrace Verbose: 0 : 1984, 1, 2020/11/25, 00:47:15.459, 7731213855462, vstest.console.dll, TestPluginCache.DiscoverTestExtensions: Discovering the extensions using extension path.
TpTrace Verbose: 0 : 1984, 1, 2020/11/25, 00:47:15.459, 7731213857430, vstest.console.dll, TestPluginCache.GetExtensionPaths: Filtered extension paths: 
TpTrace Verbose: 0 : 1984, 1, 2020/11/25, 00:47:15.459, 7731213858194, vstest.console.dll, TestPluginCache.GetExtensionPaths: Added default extension paths: C:\Program Files\dotnet\sdk\3.1.201\Extensions\Microsoft.TestPlatform.Extensions.BlameDataCollector.dll
C:\Program Files\dotnet\sdk\3.1.201\Extensions\Microsoft.TestPlatform.Extensions.EventLogCollector.dll
C:\Program Files\dotnet\sdk\3.1.201\Extensions\Microsoft.TestPlatform.TestHostRuntimeProvider.dll
C:\Program Files\dotnet\sdk\3.1.201\Extensions\Microsoft.VisualStudio.TestPlatform.Extensions.Html.TestLogger.dll
C:\Program Files\dotnet\sdk\3.1.201\Extensions\Microsoft.VisualStudio.TestPlatform.Extensions.Trx.TestLogger.dll
TpTrace Verbose: 0 : 1984, 1, 2020/11/25, 00:47:15.459, 7731213858877, vstest.console.dll, TestPluginCache.GetExtensionPaths: Added unfilterableExtensionPaths: 
TpTrace Verbose: 0 : 1984, 1, 2020/11/25, 00:47:15.459, 7731213859970, vstest.console.dll, TestPluginCache.DiscoverTestExtensions: Discovering the extensions using allExtensionPaths: C:\Program Files\dotnet\sdk\3.1.201\Extensions\Microsoft.TestPlatform.Extensions.BlameDataCollector.dll
C:\Program Files\dotnet\sdk\3.1.201\Extensions\Microsoft.TestPlatform.Extensions.EventLogCollector.dll
C:\Program Files\dotnet\sdk\3.1.201\Extensions\Microsoft.TestPlatform.TestHostRuntimeProvider.dll
C:\Program Files\dotnet\sdk\3.1.201\Extensions\Microsoft.VisualStudio.TestPlatform.Extensions.Html.TestLogger.dll
C:\Program Files\dotnet\sdk\3.1.201\Extensions\Microsoft.VisualStudio.TestPlatform.Extensions.Trx.TestLogger.dll
TpTrace Information: 0 : 1984, 1, 2020/11/25, 00:47:15.460, 7731213861495, vstest.console.dll, AssemblyResolver.AddSearchDirectories: Adding more searchDirectories C:\Program Files\dotnet\sdk\3.1.201\Extensions,C:\Program Files\dotnet\sdk\3.1.201
TpTrace Information: 0 : 1984, 1, 2020/11/25, 00:47:15.460, 7731213862410, vstest.console.dll, AssemblyResolver.AddSearchDirectories: Adding more searchDirectories C:\Program Files\dotnet\sdk\3.1.201\Extensions,C:\Program Files\dotnet\sdk\3.1.201
TpTrace Information: 0 : 1984, 1, 2020/11/25, 00:47:15.460, 7731213863689, vstest.console.dll, AssemblyResolver.AddSearchDirectories: Adding more searchDirectories C:\Program Files\dotnet\sdk\3.1.201\Extensions,C:\Program Files\dotnet\sdk\3.1.201
TpTrace Information: 0 : 1984, 1, 2020/11/25, 00:47:15.460, 7731213864421, vstest.console.dll, AssemblyResolver.AddSearchDirectories: Adding more searchDirectories C:\Program Files\dotnet\sdk\3.1.201\Extensions,C:\Program Files\dotnet\sdk\3.1.201
TpTrace Information: 0 : 1984, 1, 2020/11/25, 00:47:15.460, 7731213865074, vstest.console.dll, AssemblyResolver.AddSearchDirectories: Adding more searchDirectories C:\Program Files\dotnet\sdk\3.1.201\Extensions,C:\Program Files\dotnet\sdk\3.1.201
TpTrace Information: 0 : 1984, 1, 2020/11/25, 00:47:15.461, 7731213871834, vstest.console.dll, AssemblyResolver.OnResolve: Microsoft.TestPlatform.Extensions.BlameDataCollector: Resolving assembly.
TpTrace Information: 0 : 1984, 1, 2020/11/25, 00:47:15.462, 7731213885453, vstest.console.dll, AssemblyResolver.OnResolve: Resolved assembly: Microsoft.TestPlatform.Extensions.BlameDataCollector, from path: C:\Program Files\dotnet\sdk\3.1.201\Extensions\Microsoft.TestPlatform.Extensions.BlameDataCollector.dll
TpTrace Information: 0 : 1984, 1, 2020/11/25, 00:47:15.463, 7731213891805, vstest.console.dll, AssemblyResolver.OnResolve: Microsoft.TestPlatform.Extensions.EventLogCollector: Resolving assembly.
TpTrace Information: 0 : 1984, 1, 2020/11/25, 00:47:15.463, 7731213899976, vstest.console.dll, AssemblyResolver.OnResolve: Resolved assembly: Microsoft.TestPlatform.Extensions.EventLogCollector, from path: C:\Program Files\dotnet\sdk\3.1.201\Extensions\Microsoft.TestPlatform.Extensions.EventLogCollector.dll
TpTrace Information: 0 : 1984, 1, 2020/11/25, 00:47:15.465, 7731213918148, vstest.console.dll, AssemblyResolver.OnResolve: Microsoft.TestPlatform.TestHostRuntimeProvider: Resolving assembly.
TpTrace Information: 0 : 1984, 1, 2020/11/25, 00:47:15.466, 7731213926845, vstest.console.dll, AssemblyResolver.OnResolve: Resolved assembly: Microsoft.TestPlatform.TestHostRuntimeProvider, from path: C:\Program Files\dotnet\sdk\3.1.201\Extensions\Microsoft.TestPlatform.TestHostRuntimeProvider.dll
TpTrace Information: 0 : 1984, 1, 2020/11/25, 00:47:15.468, 7731213950212, vstest.console.dll, AssemblyResolver.OnResolve: Microsoft.VisualStudio.TestPlatform.Extensions.Html.TestLogger: Resolving assembly.
TpTrace Information: 0 : 1984, 1, 2020/11/25, 00:47:15.470, 7731213964929, vstest.console.dll, AssemblyResolver.OnResolve: Resolved assembly: Microsoft.VisualStudio.TestPlatform.Extensions.Html.TestLogger, from path: C:\Program Files\dotnet\sdk\3.1.201\Extensions\Microsoft.VisualStudio.TestPlatform.Extensions.Html.TestLogger.dll
TpTrace Information: 0 : 1984, 1, 2020/11/25, 00:47:15.470, 7731213970668, vstest.console.dll, AssemblyResolver.OnResolve: Microsoft.VisualStudio.TestPlatform.Extensions.Trx.TestLogger: Resolving assembly.
TpTrace Information: 0 : 1984, 1, 2020/11/25, 00:47:15.471, 7731213981357, vstest.console.dll, AssemblyResolver.OnResolve: Resolved assembly: Microsoft.VisualStudio.TestPlatform.Extensions.Trx.TestLogger, from path: C:\Program Files\dotnet\sdk\3.1.201\Extensions\Microsoft.VisualStudio.TestPlatform.Extensions.Trx.TestLogger.dll
TpTrace Verbose: 0 : 1984, 1, 2020/11/25, 00:47:15.473, 7731213994694, vstest.console.dll, TestPluginCache: Discovered the extensions using extension path ''.
TpTrace Verbose: 0 : 1984, 1, 2020/11/25, 00:47:15.473, 7731213995804, vstest.console.dll, TestPluginCache: Discoverers are ''.
TpTrace Verbose: 0 : 1984, 1, 2020/11/25, 00:47:15.473, 7731213996428, vstest.console.dll, TestPluginCache: Executors are ''.
TpTrace Verbose: 0 : 1984, 1, 2020/11/25, 00:47:15.473, 7731213997022, vstest.console.dll, TestPluginCache: Setting providers are ''.
TpTrace Verbose: 0 : 1984, 1, 2020/11/25, 00:47:15.473, 7731213998193, vstest.console.dll, TestPluginCache: Loggers are ''.
TpTrace Information: 0 : 1984, 1, 2020/11/25, 00:47:15.477, 7731214033302, vstest.console.dll, RunTestsArgumentProcessor:Execute: Test run is starting.
TpTrace Verbose: 0 : 1984, 1, 2020/11/25, 00:47:15.477, 7731214035199, vstest.console.dll, RunTestsArgumentProcessor:Execute: Queuing Test run.
TpTrace Information: 0 : 1984, 1, 2020/11/25, 00:47:15.477, 7731214037601, vstest.console.dll, TestRequestManager.RunTests: run tests started.
TpTrace Information: 0 : 1984, 1, 2020/11/25, 00:47:15.496, 7731214223380, vstest.console.dll, AssemblyMetadataProvider.GetFrameWork: Determined framework:'.NETCoreApp,Version=v3.1' for source: 'C:\Users\HP\Source\Repos\ekarahodza1\VVS_zadaca2\Hypo Banka\Unit Testovi\bin\Debug\fine-code-coverage\Unit Testovi.dll'
TpTrace Information: 0 : 1984, 1, 2020/11/25, 00:47:15.496, 7731214226074, vstest.console.dll, Determined framework for all sources: .NETCoreApp,Version=v3.1
TpTrace Information: 0 : 1984, 1, 2020/11/25, 00:47:15.508, 7731214345833, vstest.console.dll, AssemblyMetadataProvider.GetArchitecture: Determined architecture:AnyCPU info for assembly: C:\Users\HP\Source\Repos\ekarahodza1\VVS_zadaca2\Hypo Banka\Unit Testovi\bin\Debug\fine-code-coverage\Unit Testovi.dll
TpTrace Information: 0 : 1984, 1, 2020/11/25, 00:47:15.510, 7731214366360, vstest.console.dll, Determined platform for all sources: X64
TpTrace Information: 0 : 1984, 1, 2020/11/25, 00:47:15.513, 7731214393420, vstest.console.dll, Compatible sources list : 
TpTrace Information: 0 : 1984, 1, 2020/11/25, 00:47:15.513, 7731214394943, vstest.console.dll, C:\Users\HP\Source\Repos\ekarahodza1\VVS_zadaca2\Hypo Banka\Unit Testovi\bin\Debug\fine-code-coverage\Unit Testovi.dll
TpTrace Information: 0 : 1984, 1, 2020/11/25, 00:47:15.515, 7731214420698, vstest.console.dll, InferRunSettingsHelper.IsTestSettingsEnabled: Unable to navigate to RunSettings/MSTest. Current node: RunSettings
TpTrace Verbose: 0 : 1984, 1, 2020/11/25, 00:47:15.527, 7731214534784, vstest.console.dll, TestPluginCache.DiscoverTestExtensions: finding test extensions in assemblies endswith: TestLogger.dll TPluginInfo: Microsoft.VisualStudio.TestPlatform.Common.ExtensionFramework.Utilities.TestLoggerPluginInformation TExtension: Microsoft.VisualStudio.TestPlatform.ObjectModel.Client.ITestLogger
TpTrace Verbose: 0 : 1984, 1, 2020/11/25, 00:47:15.527, 7731214536350, vstest.console.dll, TestPluginCache.GetExtensionPaths: Filtered extension paths: 
TpTrace Verbose: 0 : 1984, 1, 2020/11/25, 00:47:15.527, 7731214537105, vstest.console.dll, TestPluginCache.GetExtensionPaths: Added default extension paths: C:\Program Files\dotnet\sdk\3.1.201\Extensions\Microsoft.TestPlatform.Extensions.BlameDataCollector.dll
C:\Program Files\dotnet\sdk\3.1.201\Extensions\Microsoft.TestPlatform.Extensions.EventLogCollector.dll
C:\Program Files\dotnet\sdk\3.1.201\Extensions\Microsoft.TestPlatform.TestHostRuntimeProvider.dll
C:\Program Files\dotnet\sdk\3.1.201\Extensions\Microsoft.VisualStudio.TestPlatform.Extensions.Html.TestLogger.dll
C:\Program Files\dotnet\sdk\3.1.201\Extensions\Microsoft.VisualStudio.TestPlatform.Extensions.Trx.TestLogger.dll
TpTrace Verbose: 0 : 1984, 1, 2020/11/25, 00:47:15.527, 7731214537787, vstest.console.dll, TestPluginCache.GetExtensionPaths: Added unfilterableExtensionPaths: 
TpTrace Information: 0 : 1984, 1, 2020/11/25, 00:47:15.527, 7731214539791, vstest.console.dll, AssemblyResolver.AddSearchDirectories: Adding more searchDirectories C:\Program Files\dotnet\sdk\3.1.201\Extensions,C:\Program Files\dotnet\sdk\3.1.201
TpTrace Verbose: 0 : 1984, 1, 2020/11/25, 00:47:15.527, 7731214540622, vstest.console.dll, TestPluginCache.DiscoverTestExtensions: Discovering the extensions using extension path.
TpTrace Verbose: 0 : 1984, 1, 2020/11/25, 00:47:15.527, 7731214541265, vstest.console.dll, TestPluginCache.GetExtensionPaths: Filtered extension paths: 
TpTrace Verbose: 0 : 1984, 1, 2020/11/25, 00:47:15.528, 7731214541960, vstest.console.dll, TestPluginCache.GetExtensionPaths: Added default extension paths: C:\Program Files\dotnet\sdk\3.1.201\Extensions\Microsoft.TestPlatform.Extensions.BlameDataCollector.dll
C:\Program Files\dotnet\sdk\3.1.201\Extensions\Microsoft.TestPlatform.Extensions.EventLogCollector.dll
C:\Program Files\dotnet\sdk\3.1.201\Extensions\Microsoft.TestPlatform.TestHostRuntimeProvider.dll
C:\Program Files\dotnet\sdk\3.1.201\Extensions\Microsoft.VisualStudio.TestPlatform.Extensions.Html.TestLogger.dll
C:\Program Files\dotnet\sdk\3.1.201\Extensions\Microsoft.VisualStudio.TestPlatform.Extensions.Trx.TestLogger.dll
TpTrace Verbose: 0 : 1984, 1, 2020/11/25, 00:47:15.528, 7731214542617, vstest.console.dll, TestPluginCache.GetExtensionPaths: Added unfilterableExtensionPaths: 
TpTrace Verbose: 0 : 1984, 1, 2020/11/25, 00:47:15.528, 7731214545161, vstest.console.dll, TestPluginCache.DiscoverTestExtensions: Discovering the extensions using allExtensionPaths: C:\Program Files\dotnet\sdk\3.1.201\Extensions\Microsoft.TestPlatform.Extensions.BlameDataCollector.dll
C:\Program Files\dotnet\sdk\3.1.201\Extensions\Microsoft.TestPlatform.Extensions.EventLogCollector.dll
C:\Program Files\dotnet\sdk\3.1.201\Extensions\Microsoft.TestPlatform.TestHostRuntimeProvider.dll
C:\Program Files\dotnet\sdk\3.1.201\Extensions\Microsoft.VisualStudio.TestPlatform.Extensions.Html.TestLogger.dll
C:\Program Files\dotnet\sdk\3.1.201\Extensions\Microsoft.VisualStudio.TestPlatform.Extensions.Trx.TestLogger.dll
TpTrace Information: 0 : 1984, 1, 2020/11/25, 00:47:15.528, 7731214545984, vstest.console.dll, AssemblyResolver.AddSearchDirectories: Adding more searchDirectories C:\Program Files\dotnet\sdk\3.1.201\Extensions,C:\Program Files\dotnet\sdk\3.1.201
TpTrace Information: 0 : 1984, 1, 2020/11/25, 00:47:15.528, 7731214546656, vstest.console.dll, AssemblyResolver.AddSearchDirectories: Adding more searchDirectories C:\Program Files\dotnet\sdk\3.1.201\Extensions,C:\Program Files\dotnet\sdk\3.1.201
TpTrace Information: 0 : 1984, 1, 2020/11/25, 00:47:15.528, 7731214547355, vstest.console.dll, AssemblyResolver.AddSearchDirectories: Adding more searchDirectories C:\Program Files\dotnet\sdk\3.1.201\Extensions,C:\Program Files\dotnet\sdk\3.1.201
TpTrace Information: 0 : 1984, 1, 2020/11/25, 00:47:15.528, 7731214547981, vstest.console.dll, AssemblyResolver.AddSearchDirectories: Adding more searchDirectories C:\Program Files\dotnet\sdk\3.1.201\Extensions,C:\Program Files\dotnet\sdk\3.1.201
TpTrace Information: 0 : 1984, 1, 2020/11/25, 00:47:15.528, 7731214548587, vstest.console.dll, AssemblyResolver.AddSearchDirectories: Adding more searchDirectories C:\Program Files\dotnet\sdk\3.1.201\Extensions,C:\Program Files\dotnet\sdk\3.1.201
TpTrace Verbose: 0 : 1984, 1, 2020/11/25, 00:47:15.529, 7731214552843, vstest.console.dll, TestPluginCache: Discovered the extensions using extension path ''.
TpTrace Verbose: 0 : 1984, 1, 2020/11/25, 00:47:15.529, 7731214553642, vstest.console.dll, TestPluginCache: Discoverers are ''.
TpTrace Verbose: 0 : 1984, 1, 2020/11/25, 00:47:15.529, 7731214554220, vstest.console.dll, TestPluginCache: Executors are ''.
TpTrace Verbose: 0 : 1984, 1, 2020/11/25, 00:47:15.529, 7731214554794, vstest.console.dll, TestPluginCache: Setting providers are ''.
TpTrace Verbose: 0 : 1984, 1, 2020/11/25, 00:47:15.529, 7731214555720, vstest.console.dll, TestPluginCache: Loggers are 'logger://Microsoft/TestPlatform/Extensions/Blame/v1,logger://Microsoft/TestPlatform/HtmlLogger/v1,logger://Microsoft/TestPlatform/TrxLogger/v1'.
TpTrace Information: 0 : 1984, 1, 2020/11/25, 00:47:15.530, 7731214571256, vstest.console.dll, TestPluginManager.CreateTestExtension: Attempting to load test extension: Microsoft.TestPlatform.Extensions.BlameDataCollector.BlameLogger
TpTrace Information: 0 : 1984, 1, 2020/11/25, 00:47:15.536, 7731214629091, vstest.console.dll, TestPluginManager.CreateTestExtension: Attempting to load test extension: Microsoft.VisualStudio.TestPlatform.CrossPlatEngine.Hosting.DefaultTestHostManager
TpTrace Information: 0 : 1984, 1, 2020/11/25, 00:47:15.537, 7731214632877, vstest.console.dll, TestPluginManager.CreateTestExtension: Attempting to load test extension: Microsoft.VisualStudio.TestPlatform.CrossPlatEngine.Hosting.DotnetTestHostManager
TpTrace Verbose: 0 : 1984, 1, 2020/11/25, 00:47:15.538, 7731214650337, vstest.console.dll, TestEngine: Initializing Parallel Execution as MaxCpuCount is set to: 1
TpTrace Information: 0 : 1984, 1, 2020/11/25, 00:47:15.539, 7731214657555, vstest.console.dll, InferRunSettingsHelper.IsTestSettingsEnabled: Unable to navigate to RunSettings/MSTest. Current node: RunSettings
TpTrace Verbose: 0 : 1984, 1, 2020/11/25, 00:47:15.554, 7731214804226, vstest.console.dll, TestRequestSender is acting as server
TpTrace Verbose: 0 : 1984, 4, 2020/11/25, 00:47:15.561, 7731214876481, vstest.console.dll, DataCollectionRequestSender.InitializeCommunication : Initialize communication. 
TpTrace Information: 0 : 1984, 4, 2020/11/25, 00:47:15.588, 7731215148581, vstest.console.dll, Listening on Endpoint : 127.0.0.1:64309
TpTrace Verbose: 0 : 1984, 4, 2020/11/25, 00:47:15.601, 7731215273365, vstest.console.dll, DotnetDataCollectionLauncher: Full path of dotnet.exe is C:\Program Files\dotnet\dotnet.exe
TpTrace Verbose: 0 : 1984, 4, 2020/11/25, 00:47:15.601, 7731215276023, vstest.console.dll, DotnetDataCollectionLauncher: Adding  --runtimeconfig "C:\Program Files\dotnet\sdk\3.1.201\datacollector.runtimeconfig.json" in args
TpTrace Verbose: 0 : 1984, 4, 2020/11/25, 00:47:15.601, 7731215277369, vstest.console.dll, DotnetDataCollectionLauncher: Adding  --depsfile "C:\Program Files\dotnet\sdk\3.1.201\datacollector.deps.json" in args
TpTrace Information: 0 : 1984, 4, 2020/11/25, 00:47:15.624, 7731215504015, vstest.console.dll, ProxyDataCollectionManager.Initialize: Launched datacollector processId: 944 port: 64309
TpTrace Information: 0 : 1984, 4, 2020/11/25, 00:47:15.624, 7731215508111, vstest.console.dll, ProxyDataCollectionManager.Initialize: waiting for connection with timeout: 90 seconds
TpTrace Verbose: 0 : 1984, 4, 2020/11/25, 00:47:15.624, 7731215510258, vstest.console.dll, DataCollectionRequestSender.WaitForRequestHandlerConnection : Waiting for connection with timeout: 90000
TpTrace Information: 0 : 1984, 7, 2020/11/25, 00:47:15.896, 7731218229332, vstest.console.dll, Using the buffer size of 16384 bytes
TpTrace Verbose: 0 : 1984, 4, 2020/11/25, 00:47:15.896, 7731218229339, vstest.console.dll, ProxyDataCollectionManager.InvokeDataCollectionServiceAction: Starting.
TpTrace Information: 0 : 1984, 7, 2020/11/25, 00:47:15.897, 7731218234048, vstest.console.dll, Accepted Client request and set the flag
TpTrace Information: 0 : 1984, 4, 2020/11/25, 00:47:15.897, 7731218236172, vstest.console.dll, ProxyDataCollectionManager.BeforeTestRunStart: Get env variable and port for datacollector processId: 944 port: 64309
TpTrace Verbose: 0 : 1984, 4, 2020/11/25, 00:47:15.897, 7731218238913, vstest.console.dll, DataCollectionRequestSender.SendBeforeTestRunStartAndGetResult : Send BeforeTestRunStart message with settingsXml <RunSettings><RunConfiguration><ResultsDirectory>C:\Users\HP\Source\Repos\ekarahodza1\VVS_zadaca2\Hypo Banka\Unit Testovi\bin\Debug\fine-code-coverage\_outputfolder</ResultsDirectory><TargetPlatform>X64</TargetPlatform><TargetFrameworkVersion>.NETCoreApp,Version=v3.1</TargetFrameworkVersion><DesignMode>False</DesignMode><CollectSourceInformation>False</CollectSourceInformation><TestAdaptersPaths>C:\Program Files\dotnet\sdk\3.1.201\Extensions</TestAdaptersPaths></RunConfiguration><LoggerRunSettings><Loggers><Logger friendlyName="blame" enabled="True" /><Logger friendlyName="Console" uri="logger://microsoft/TestPlatform/ConsoleLogger/v1" assemblyQualifiedName="Microsoft.VisualStudio.TestPlatform.CommandLine.Internal.ConsoleLogger, vstest.console, Version=15.0.0.0, Culture=neutral, PublicKeyToken=b03f5f7f11d50a3a" codeBase="C:\Program Files\dotnet\sdk\3.1.201\vstest.console.dll" enabled="True" /></Loggers></LoggerRunSettings><DataCollectionRunSettings><DataCollectors><DataCollector friendlyName="blame" enabled="True"><Configuration><ResultsDirectory>C:\Users\HP\Source\Repos\ekarahodza1\VVS_zadaca2\Hypo Banka\Unit Testovi\bin\Debug\fine-code-coverage\_outputfolder</ResultsDirectory></Configuration></DataCollector></DataCollectors></DataCollectionRunSettings></RunSettings> and sources System.Linq.Enumerable+Concat2Iterator`1[System.String]: 
TpTrace Verbose: 0 : 1984, 4, 2020/11/25, 00:47:16.054, 7731219809097, vstest.console.dll, DataCollectionRequestSender.SendBeforeTestRunStartAndGetResult : Received message: (DataCollection.SendMessage) -> {
  "FriendlyName": null,
  "Uri": null,
  "TestCaseId": "00000000-0000-0000-0000-000000000000",
  "Message": "Logging DataCollector Diagnostics in file: C:\\Users\\HP\\Source\\Repos\\ekarahodza1\\VVS_zadaca2\\Hypo Banka\\Unit Testovi\\bin\\Debug\\fine-code-coverage\\_outputfolder\\diagnostics.datacollector.20-11-25_00-47-15_59613_4.log",
  "Level": 0
}
TpTrace Verbose: 0 : 1984, 4, 2020/11/25, 00:47:16.151, 7731220781209, vstest.console.dll, DataCollectionRequestSender.SendBeforeTestRunStartAndGetResult : Received message: (DataCollection.BeforeTestRunStartResult) -> {
  "EnvironmentVariables": {},
  "DataCollectionEventsPort": 64311
}
TpTrace Information: 0 : 1984, 4, 2020/11/25, 00:47:16.156, 7731220831283, vstest.console.dll, ProxyDataCollectionManager.BeforeTestRunStart: SendBeforeTestRunStartAndGetResult successful, env variable from datacollector:   and testhost port: 64311
TpTrace Information: 0 : 1984, 4, 2020/11/25, 00:47:16.157, 7731220832880, vstest.console.dll, ProxyDataCollectionManager.InvokeDataCollectionServiceAction: Completed.
TpTrace Verbose: 0 : 1984, 1, 2020/11/25, 00:47:16.157, 7731220835295, vstest.console.dll, TestRunRequest.ExecuteAsync: Creating test run request.
TpTrace Verbose: 0 : 1984, 1, 2020/11/25, 00:47:16.158, 7731220845347, vstest.console.dll, TestRunRequest.ExecuteAsync: Starting.
TpTrace Information: 0 : 1984, 1, 2020/11/25, 00:47:16.158, 7731220848954, vstest.console.dll, TestRunRequest.ExecuteAsync: Starting run with settings:TestRunCriteria:
   KeepAlive=False,FrequencyOfRunStatsChangeEvent=10,RunStatsChangeEventTimeout=00:00:01.5000000,TestCaseFilter=,TestExecutorLauncher=
   Settingsxml=<RunSettings>
  <RunConfiguration>
    <ResultsDirectory>C:\Users\HP\Source\Repos\ekarahodza1\VVS_zadaca2\Hypo Banka\Unit Testovi\bin\Debug\fine-code-coverage\_outputfolder</ResultsDirectory>
    <TargetPlatform>X64</TargetPlatform>
    <TargetFrameworkVersion>.NETCoreApp,Version=v3.1</TargetFrameworkVersion>
    <DesignMode>False</DesignMode>
    <CollectSourceInformation>False</CollectSourceInformation>
  </RunConfiguration>
  <LoggerRunSettings>
    <Loggers>
      <Logger friendlyName="blame" enabled="True" />
      <Logger friendlyName="Console" uri="logger://microsoft/TestPlatform/ConsoleLogger/v1" assemblyQualifiedName="Microsoft.VisualStudio.TestPlatform.CommandLine.Internal.ConsoleLogger, vstest.console, Version=15.0.0.0, Culture=neutral, PublicKeyToken=b03f5f7f11d50a3a" codeBase="C:\Program Files\dotnet\sdk\3.1.201\vstest.console.dll" enabled="True" />
    </Loggers>
  </LoggerRunSettings>
  <DataCollectionRunSettings>
    <DataCollectors>
      <DataCollector friendlyName="blame" enabled="True">
        <Configuration>
          <ResultsDirectory>C:\Users\HP\Source\Repos\ekarahodza1\VVS_zadaca2\Hypo Banka\Unit Testovi\bin\Debug\fine-code-coverage\_outputfolder</ResultsDirectory>
        </Configuration>
      </DataCollector>
    </DataCollectors>
  </DataCollectionRunSettings>
</RunSettings>

TpTrace Verbose: 0 : 1984, 1, 2020/11/25, 00:47:16.158, 7731220849966, vstest.console.dll, TestRunRequest.ExecuteAsync: Wait for the first run request is over.
TpTrace Verbose: 0 : 1984, 1, 2020/11/25, 00:47:16.159, 7731220857016, vstest.console.dll, ParallelProxyExecutionManager: Start execution. Total sources: 1
TpTrace Information: 0 : 1984, 1, 2020/11/25, 00:47:16.160, 7731220866031, vstest.console.dll, ProxyParallelExecutionManager: Triggering test run for next source: C:\Users\HP\Source\Repos\ekarahodza1\VVS_zadaca2\Hypo Banka\Unit Testovi\bin\Debug\fine-code-coverage\Unit Testovi.dll
TpTrace Verbose: 0 : 1984, 1, 2020/11/25, 00:47:16.160, 7731220868579, vstest.console.dll, ProxyParallelExecutionManager: No sources available for execution.
TpTrace Information: 0 : 1984, 1, 2020/11/25, 00:47:16.160, 7731220869881, vstest.console.dll, TestRunRequest.ExecuteAsync: Started.
TpTrace Verbose: 0 : 1984, 10, 2020/11/25, 00:47:16.160, 7731220868890, vstest.console.dll, ParallelProxyExecutionManager: Execution started. Started clients: 1
TpTrace Verbose: 0 : 1984, 1, 2020/11/25, 00:47:16.160, 7731220870955, vstest.console.dll, TestRunRequest.WaitForCompletion: Waiting with timeout -1.
TpTrace Verbose: 0 : 1984, 10, 2020/11/25, 00:47:16.161, 7731220876805, vstest.console.dll, TestRunRequest:SendTestRunMessage: Starting.
TpTrace Information: 0 : 1984, 10, 2020/11/25, 00:47:16.161, 7731220878740, vstest.console.dll, TestRunRequest:SendTestRunMessage: Completed.
TpTrace Verbose: 0 : 1984, 10, 2020/11/25, 00:47:16.161, 7731220881112, vstest.console.dll, ProxyExecutionManager: Test host is always Lazy initialize.
TpTrace Verbose: 0 : 1984, 10, 2020/11/25, 00:47:16.162, 7731220884368, vstest.console.dll, TestRequestSender.InitializeCommunication: initialize communication. 
TpTrace Information: 0 : 1984, 10, 2020/11/25, 00:47:16.162, 7731220891339, vstest.console.dll, SocketServer.Start: Listening on endpoint : 127.0.0.1:64312
TpTrace Verbose: 0 : 1984, 10, 2020/11/25, 00:47:16.163, 7731220901210, vstest.console.dll, DotnetTestHostmanager: Adding  --runtimeconfig "C:\Users\HP\Source\Repos\ekarahodza1\VVS_zadaca2\Hypo Banka\Unit Testovi\bin\Debug\fine-code-coverage\Unit Testovi.runtimeconfig.json" in args
TpTrace Verbose: 0 : 1984, 10, 2020/11/25, 00:47:16.164, 7731220902744, vstest.console.dll, DotnetTestHostmanager: Adding  --depsfile "C:\Users\HP\Source\Repos\ekarahodza1\VVS_zadaca2\Hypo Banka\Unit Testovi\bin\Debug\fine-code-coverage\Unit Testovi.deps.json" in args
TpTrace Information: 0 : 1984, 10, 2020/11/25, 00:47:16.164, 7731220906772, vstest.console.dll, AssemblyResolver.OnResolve: Microsoft.Extensions.DependencyModel: Resolving assembly.
TpTrace Information: 0 : 1984, 10, 2020/11/25, 00:47:16.165, 7731220918383, vstest.console.dll, AssemblyResolver.OnResolve: Resolved assembly: Microsoft.Extensions.DependencyModel, from path: C:\Program Files\dotnet\sdk\3.1.201\Microsoft.Extensions.DependencyModel.dll
TpTrace Verbose: 0 : 1984, 10, 2020/11/25, 00:47:16.166, 7731220922969, vstest.console.dll, DotnetTestHostmanager: Reading file C:\Users\HP\Source\Repos\ekarahodza1\VVS_zadaca2\Hypo Banka\Unit Testovi\bin\Debug\fine-code-coverage\Unit Testovi.deps.json to get path of testhost.dll
TpTrace Verbose: 0 : 1984, 10, 2020/11/25, 00:47:16.188, 7731221143243, vstest.console.dll, DotnetTestHostmanager: Relative path of testhost.dll with respect to package folder is microsoft.testplatform.testhost/16.5.0\lib/netcoreapp2.1/testhost.dll
TpTrace Verbose: 0 : 1984, 10, 2020/11/25, 00:47:16.188, 7731221151484, vstest.console.dll, DotnetTestHostmanager: Looking for path microsoft.testplatform.testhost/16.5.0\lib/netcoreapp2.1/testhost.dll in folder C:\Users\HP\.dotnet\store\|arch|\|tfm|
TpTrace Verbose: 0 : 1984, 10, 2020/11/25, 00:47:16.189, 7731221153305, vstest.console.dll, DotnetTestHostmanager: Looking for path microsoft.testplatform.testhost/16.5.0\lib/netcoreapp2.1/testhost.dll in folder C:\Users\HP\.nuget\packages
TpTrace Verbose: 0 : 1984, 10, 2020/11/25, 00:47:16.189, 7731221155872, vstest.console.dll, DotnetTestHostManager: Testhost.exe/testhost.x86.exe found at path: C:\Users\HP\.nuget\packages\microsoft.testplatform.testhost\16.5.0\build\netcoreapp2.1\x64\testhost.exe
TpTrace Verbose: 0 : 1984, 10, 2020/11/25, 00:47:16.189, 7731221156721, vstest.console.dll, DotnetTestHostmanager: Full path of host exe is C:\Users\HP\.nuget\packages\microsoft.testplatform.testhost\16.5.0\build\netcoreapp2.1\x64\testhost.exe
TpTrace Verbose: 0 : 1984, 4, 2020/11/25, 00:47:16.190, 7731221167042, vstest.console.dll, DotnetTestHostManager: Starting process 'C:\Users\HP\.nuget\packages\microsoft.testplatform.testhost\16.5.0\build\netcoreapp2.1\x64\testhost.exe' with command line ' --runtimeconfig "C:\Users\HP\Source\Repos\ekarahodza1\VVS_zadaca2\Hypo Banka\Unit Testovi\bin\Debug\fine-code-coverage\Unit Testovi.runtimeconfig.json" --depsfile "C:\Users\HP\Source\Repos\ekarahodza1\VVS_zadaca2\Hypo Banka\Unit Testovi\bin\Debug\fine-code-coverage\Unit Testovi.deps.json" --port 64312 --endpoint 127.0.0.1:064312 --role client --parentprocessid 1984 --diag "C:\Users\HP\Source\Repos\ekarahodza1\VVS_zadaca2\Hypo Banka\Unit Testovi\bin\Debug\fine-code-coverage\_outputfolder\diagnostics.host.20-11-25_00-47-16_16340_10.log" --tracelevel 4 --datacollectionport 64311 --telemetryoptedin false'
TpTrace Verbose: 0 : 1984, 4, 2020/11/25, 00:47:16.202, 7731221285658, vstest.console.dll, Test Runtime launched
TpTrace Verbose: 0 : 1984, 10, 2020/11/25, 00:47:16.203, 7731221297906, vstest.console.dll, TestRequestSender.WaitForRequestHandlerConnection: waiting for connection with timeout: 90000
TpTrace Verbose: 0 : 1984, 4, 2020/11/25, 00:47:16.480, 7731224068982, vstest.console.dll, SocketServer.OnClientConnected: Client connected for endPoint: 127.0.0.1:64312, starting MessageLoopAsync:
TpTrace Verbose: 0 : 1984, 4, 2020/11/25, 00:47:16.481, 7731224075054, vstest.console.dll, TcpClientExtensions.MessageLoopAsync: Polling on remoteEndPoint: 127.0.0.1:64313 localEndPoint: 127.0.0.1:64312
TpTrace Verbose: 0 : 1984, 4, 2020/11/25, 00:47:16.780, 7731227062437, vstest.console.dll, TcpClientExtensions.MessageLoopAsync: NotifyDataAvailable remoteEndPoint: 127.0.0.1:64313 localEndPoint: 127.0.0.1:64312
TpTrace Verbose: 0 : 1984, 4, 2020/11/25, 00:47:16.780, 7731227066960, vstest.console.dll, TestRequestSender.CheckVersionWithTestHost: onMessageReceived received message: (ProtocolVersion) -> 2
TpTrace Verbose: 0 : 1984, 4, 2020/11/25, 00:47:16.781, 7731227073215, vstest.console.dll, TcpClientExtensions.MessageLoopAsync: Polling on remoteEndPoint: 127.0.0.1:64313 localEndPoint: 127.0.0.1:64312
TpTrace Verbose: 0 : 1984, 10, 2020/11/25, 00:47:16.781, 7731227074189, vstest.console.dll, TestPluginCache.GetExtensionPaths: Filtered extension paths: 
TpTrace Verbose: 0 : 1984, 10, 2020/11/25, 00:47:16.781, 7731227076081, vstest.console.dll, TestPluginCache.GetExtensionPaths: Added default extension paths: C:\Program Files\dotnet\sdk\3.1.201\Extensions\Microsoft.TestPlatform.Extensions.BlameDataCollector.dll
C:\Program Files\dotnet\sdk\3.1.201\Extensions\Microsoft.TestPlatform.Extensions.EventLogCollector.dll
C:\Program Files\dotnet\sdk\3.1.201\Extensions\Microsoft.TestPlatform.TestHostRuntimeProvider.dll
C:\Program Files\dotnet\sdk\3.1.201\Extensions\Microsoft.VisualStudio.TestPlatform.Extensions.Html.TestLogger.dll
C:\Program Files\dotnet\sdk\3.1.201\Extensions\Microsoft.VisualStudio.TestPlatform.Extensions.Trx.TestLogger.dll
TpTrace Verbose: 0 : 1984, 10, 2020/11/25, 00:47:16.781, 7731227076765, vstest.console.dll, TestPluginCache.GetExtensionPaths: Added unfilterableExtensionPaths: 
TpTrace Verbose: 0 : 1984, 10, 2020/11/25, 00:47:16.786, 7731227122089, vstest.console.dll, TestRequestSender.InitializeExecution: Sending initializing execution with message: {"Version":2,"MessageType":"TestExecution.Initialize","Payload":["C:\\Users\\HP\\Source\\Repos\\ekarahodza1\\VVS_zadaca2\\Hypo Banka\\Unit Testovi\\bin\\Debug\\fine-code-coverage\\Microsoft.VisualStudio.TestPlatform.MSTest.TestAdapter.dll"]}
TpTrace Verbose: 0 : 1984, 10, 2020/11/25, 00:47:16.796, 7731227230410, vstest.console.dll, TestRequestSender.StartTestRun: Sending test run with message: {"Version":2,"MessageType":"TestExecution.StartWithSources","Payload":{"AdapterSourceMap":{"_none_":["C:\\Users\\HP\\Source\\Repos\\ekarahodza1\\VVS_zadaca2\\Hypo Banka\\Unit Testovi\\bin\\Debug\\fine-code-coverage\\Unit Testovi.dll"]},"RunSettings":"<RunSettings>\r\n  <RunConfiguration>\r\n    <ResultsDirectory>C:\\Users\\HP\\Source\\Repos\\ekarahodza1\\VVS_zadaca2\\Hypo Banka\\Unit Testovi\\bin\\Debug\\fine-code-coverage\\_outputfolder</ResultsDirectory>\r\n    <TargetPlatform>X64</TargetPlatform>\r\n    <TargetFrameworkVersion>.NETCoreApp,Version=v3.1</TargetFrameworkVersion>\r\n    <DesignMode>False</DesignMode>\r\n    <CollectSourceInformation>False</CollectSourceInformation>\r\n  </RunConfiguration>\r\n  <LoggerRunSettings>\r\n    <Loggers>\r\n      <Logger friendlyName=\"blame\" enabled=\"True\" />\r\n      <Logger friendlyName=\"Console\" uri=\"logger://microsoft/TestPlatform/ConsoleLogger/v1\" assemblyQualifiedName=\"Microsoft.VisualStudio.TestPlatform.CommandLine.Internal.ConsoleLogger, vstest.console, Version=15.0.0.0, Culture=neutral, PublicKeyToken=b03f5f7f11d50a3a\" codeBase=\"C:\\Program Files\\dotnet\\sdk\\3.1.201\\vstest.console.dll\" enabled=\"True\" />\r\n    </Loggers>\r\n  </LoggerRunSettings>\r\n  <DataCollectionRunSettings>\r\n    <DataCollectors>\r\n      <DataCollector friendlyName=\"blame\" enabled=\"True\">\r\n        <Configuration>\r\n          <ResultsDirectory>C:\\Users\\HP\\Source\\Repos\\ekarahodza1\\VVS_zadaca2\\Hypo Banka\\Unit Testovi\\bin\\Debug\\fine-code-coverage\\_outputfolder</ResultsDirectory>\r\n        </Configuration>\r\n      </DataCollector>\r\n    </DataCollectors>\r\n  </DataCollectionRunSettings>\r\n</RunSettings>","TestExecutionContext":{"FrequencyOfRunStatsChangeEvent":10,"RunStatsChangeEventTimeout":"00:00:01.5000000","InIsolation":false,"KeepAlive":false,"AreTestCaseLevelEventsRequired":false,"IsDebug":false,"TestCaseFilter":null,"FilterOptions":null},"Package":null}}
TpTrace Verbose: 0 : 1984, 4, 2020/11/25, 00:47:16.801, 7731227279970, vstest.console.dll, TcpClientExtensions.MessageLoopAsync: NotifyDataAvailable remoteEndPoint: 127.0.0.1:64313 localEndPoint: 127.0.0.1:64312
TpTrace Verbose: 0 : 1984, 4, 2020/11/25, 00:47:16.802, 7731227283783, vstest.console.dll, TestRequestSender.OnExecutionMessageReceived: Received message: {"Version":2,"MessageType":"TestSession.Message","Payload":{"MessageLevel":0,"Message":"Logging TestHost Diagnostics in file: C:\\Users\\HP\\Source\\Repos\\ekarahodza1\\VVS_zadaca2\\Hypo Banka\\Unit Testovi\\bin\\Debug\\fine-code-coverage\\_outputfolder\\diagnostics.host.20-11-25_00-47-16_16340_10.log"}}
TpTrace Verbose: 0 : 1984, 4, 2020/11/25, 00:47:16.805, 7731227321490, vstest.console.dll, TestRunRequest:SendTestRunMessage: Starting.
TpTrace Information: 0 : 1984, 4, 2020/11/25, 00:47:16.806, 7731227324320, vstest.console.dll, TestRunRequest:SendTestRunMessage: Completed.
TpTrace Verbose: 0 : 1984, 4, 2020/11/25, 00:47:16.806, 7731227325562, vstest.console.dll, TcpClientExtensions.MessageLoopAsync: Polling on remoteEndPoint: 127.0.0.1:64313 localEndPoint: 127.0.0.1:64312
TpTrace Verbose: 0 : 1984, 4, 2020/11/25, 00:47:17.443, 7731233694055, vstest.console.dll, TcpClientExtensions.MessageLoopAsync: NotifyDataAvailable remoteEndPoint: 127.0.0.1:64313 localEndPoint: 127.0.0.1:64312
TpTrace Verbose: 0 : 1984, 4, 2020/11/25, 00:47:17.444, 7731233707364, vstest.console.dll, TestRequestSender.OnExecutionMessageReceived: Received message: {"Version":2,"MessageType":"TestExecution.Completed","Payload":{"TestRunCompleteArgs":{"TestRunStatistics":{"ExecutedTests":5,"Stats":{"Passed":1,"Failed":4}},"IsCanceled":false,"IsAborted":false,"Error":null,"AttachmentSets":[],"ElapsedTimeInRunningTests":"00:00:00.3964960","Metrics":{}},"LastRunTests":{"NewTestResults":[{"TestCase":{"Id":"76c30b20-4cc3-795d-8766-80fd65fb1760","FullyQualifiedName":"Unit_Testovi.KreditTest.provjeraRate","DisplayName":"provjeraRate","ExecutorUri":"executor://MSTestAdapter/v2","Source":"C:\\Users\\HP\\Source\\Repos\\ekarahodza1\\VVS_zadaca2\\Hypo Banka\\Unit Testovi\\bin\\Debug\\fine-code-coverage\\Unit Testovi.dll","CodeFilePath":null,"LineNumber":-1,"Properties":[{"Key":{"Id":"MSTestDiscoverer.TestClassName","Label":"ClassName","Category":"","Description":"","Attributes":1,"ValueType":"System.String"},"Value":"Unit_Testovi.KreditTest"},{"Key":{"Id":"TestObject.Traits","Label":"Traits","Category":"","Description":"","Attributes":5,"ValueType":"System.Collections.Generic.KeyValuePair`2[[System.String],[System.String]][]"},"Value":[]}]},"Attachments":[],"Outcome":1,"ErrorMessage":null,"ErrorStackTrace":null,"DisplayName":null,"Messages":[],"ComputerName":null,"Duration":"00:00:00.0269767","StartTime":"2020-11-25T00:47:17.2157911+01:00","EndTime":"2020-11-25T00:47:17.2859014+01:00","Properties":[{"Key":{"Id":"ExecutionId","Label":"ExecutionId","Category":"","Description":"","Attributes":1,"ValueType":"System.Guid"},"Value":"00000000-0000-0000-0000-000000000000"},{"Key":{"Id":"ParentExecId","Label":"ParentExecId","Category":"","Description":"","Attributes":1,"ValueType":"System.Guid"},"Value":"00000000-0000-0000-0000-000000000000"},{"Key":{"Id":"InnerResultsCount","Label":"InnerResultsCount","Category":"","Description":"","Attributes":1,"ValueType":"System.Int32"},"Value":0}]},{"TestCase":{"Id":"aef9dec6-1181-fac1-2596-b31421e8da47","FullyQualifiedName":"Unit_Testovi.NoviTestovi.TestZamjenskiObjekat","DisplayName":"TestZamjenskiObjekat","ExecutorUri":"executor://MSTestAdapter/v2","Source":"C:\\Users\\HP\\Source\\Repos\\ekarahodza1\\VVS_zadaca2\\Hypo Banka\\Unit Testovi\\bin\\Debug\\fine-code-coverage\\Unit Testovi.dll","CodeFilePath":null,"LineNumber":-1,"Properties":[{"Key":{"Id":"MSTestDiscoverer.TestClassName","Label":"ClassName","Category":"","Description":"","Attributes":1,"ValueType":"System.String"},"Value":"Unit_Testovi.NoviTestovi"},{"Key":{"Id":"TestObject.Traits","Label":"Traits","Category":"","Description":"","Attributes":5,"ValueType":"System.Collections.Generic.KeyValuePair`2[[System.String],[System.String]][]"},"Value":[]}]},"Attachments":[],"Outcome":2,"ErrorMessage":"Test method Unit_Testovi.NoviTestovi.TestZamjenskiObjekat threw exception: \r\nSystem.NotImplementedException: The method or operation is not implemented.","ErrorStackTrace":"    at Hypo_Banka.Zahtjev.DaLiJePovoljan() in C:\\Users\\HP\\Source\\Repos\\ekarahodza1\\VVS_zadaca2\\Hypo Banka\\Hypo Banka\\Zahtjev.cs:line 15\r\n   at Hypo_Banka.Banka.OdobriKredit(IZahtjev zahtjev, Kredit kredit) in C:\\Users\\HP\\Source\\Repos\\ekarahodza1\\VVS_zadaca2\\Hypo Banka\\Hypo Banka\\Banka.cs:line 107\r\n   at Unit_Testovi.NoviTestovi.TestZamjenskiObjekat() in C:\\Users\\HP\\Source\\Repos\\ekarahodza1\\VVS_zadaca2\\Hypo Banka\\Unit Testovi\\NoviTestovi.cs:line 25\r\n","DisplayName":null,"Messages":[],"ComputerName":null,"Duration":"00:00:00.0314204","StartTime":"2020-11-25T00:47:17.3344696+01:00","EndTime":"2020-11-25T00:47:17.3670185+01:00","Properties":[{"Key":{"Id":"ExecutionId","Label":"ExecutionId","Category":"","Description":"","Attributes":1,"ValueType":"System.Guid"},"Value":"00000000-0000-0000-0000-000000000000"},{"Key":{"Id":"ParentExecId","Label":"ParentExecId","Category":"","Description":"","Attributes":1,"ValueType":"System.Guid"},"Value":"00000000-0000-0000-0000-000000000000"},{"Key":{"Id":"InnerResultsCount","Label":"InnerResultsCount","Category":"","Description":"","Attributes":1,"ValueType":"System.Int32"},"Value":0}]},{"TestCase":{"Id":"5cf3213e-7f5b-3dd9-a044-6f83efb0a78d","FullyQualifiedName":"Unit_Testovi.NoviTestovi.TestSkidanjaIznosaSRačuna","DisplayName":"TestSkidanjaIznosaSRačuna","ExecutorUri":"executor://MSTestAdapter/v2","Source":"C:\\Users\\HP\\Source\\Repos\\ekarahodza1\\VVS_zadaca2\\Hypo Banka\\Unit Testovi\\bin\\Debug\\fine-code-coverage\\Unit Testovi.dll","CodeFilePath":null,"LineNumber":-1,"Properties":[{"Key":{"Id":"MSTestDiscoverer.TestClassName","Label":"ClassName","Category":"","Description":"","Attributes":1,"ValueType":"System.String"},"Value":"Unit_Testovi.NoviTestovi"},{"Key":{"Id":"TestObject.Traits","Label":"Traits","Category":"","Description":"","Attributes":5,"ValueType":"System.Collections.Generic.KeyValuePair`2[[System.String],[System.String]][]"},"Value":[]}]},"Attachments":[],"Outcome":2,"ErrorMessage":"Test method Unit_Testovi.NoviTestovi.TestSkidanjaIznosaSRačuna threw exception: \r\nSystem.NotImplementedException: The method or operation is not implemented.","ErrorStackTrace":"    at Hypo_Banka.Klijent.SkiniIznosSaNekogOdRačuna(Double ukupniIznos) in C:\\Users\\HP\\Source\\Repos\\ekarahodza1\\VVS_zadaca2\\Hypo Banka\\Hypo Banka\\Klijent.cs:line 87\r\n   at Unit_Testovi.NoviTestovi.TestSkidanjaIznosaSRačuna() in C:\\Users\\HP\\Source\\Repos\\ekarahodza1\\VVS_zadaca2\\Hypo Banka\\Unit Testovi\\NoviTestovi.cs:line 43\r\n","DisplayName":null,"Messages":[],"ComputerName":null,"Duration":"00:00:00.0010602","StartTime":"2020-11-25T00:47:17.3715242+01:00","EndTime":"2020-11-25T00:47:17.3727432+01:00","Properties":[{"Key":{"Id":"ExecutionId","Label":"ExecutionId","Category":"","Description":"","Attributes":1,"ValueType":"System.Guid"},"Value":"00000000-0000-0000-0000-000000000000"},{"Key":{"Id":"ParentExecId","Label":"ParentExecId","Category":"","Description":"","Attributes":1,"ValueType":"System.Guid"},"Value":"00000000-0000-0000-0000-000000000000"},{"Key":{"Id":"InnerResultsCount","Label":"InnerResultsCount","Category":"","Description":"","Attributes":1,"ValueType":"System.Int32"},"Value":0}]},{"TestCase":{"Id":"d1ff441f-0941-1549-c823-437ca7a58d70","FullyQualifiedName":"Unit_Testovi.NoviTestovi.TestSkidanjaIznosaSVišeRačuna","DisplayName":"TestSkidanjaIznosaSVišeRačuna","ExecutorUri":"executor://MSTestAdapter/v2","Source":"C:\\Users\\HP\\Source\\Repos\\ekarahodza1\\VVS_zadaca2\\Hypo Banka\\Unit Testovi\\bin\\Debug\\fine-code-coverage\\Unit Testovi.dll","CodeFilePath":null,"LineNumber":-1,"Properties":[{"Key":{"Id":"MSTestDiscoverer.TestClassName","Label":"ClassName","Category":"","Description":"","Attributes":1,"ValueType":"System.String"},"Value":"Unit_Testovi.NoviTestovi"},{"Key":{"Id":"TestObject.Traits","Label":"Traits","Category":"","Description":"","Attributes":5,"ValueType":"System.Collections.Generic.KeyValuePair`2[[System.String],[System.String]][]"},"Value":[]}]},"Attachments":[],"Outcome":2,"ErrorMessage":"Test method Unit_Testovi.NoviTestovi.TestSkidanjaIznosaSVišeRačuna threw exception: \r\nSystem.NotImplementedException: The method or operation is not implemented.","ErrorStackTrace":"    at Hypo_Banka.Klijent.SkiniIznosSaNekogOdRačuna(Double ukupniIznos) in C:\\Users\\HP\\Source\\Repos\\ekarahodza1\\VVS_zadaca2\\Hypo Banka\\Hypo Banka\\Klijent.cs:line 87\r\n   at Unit_Testovi.NoviTestovi.TestSkidanjaIznosaSVišeRačuna() in C:\\Users\\HP\\Source\\Repos\\ekarahodza1\\VVS_zadaca2\\Hypo Banka\\Unit Testovi\\NoviTestovi.cs:line 62\r\n","DisplayName":null,"Messages":[],"ComputerName":null,"Duration":"00:00:00.0013581","StartTime":"2020-11-25T00:47:17.3792443+01:00","EndTime":"2020-11-25T00:47:17.3807978+01:00","Properties":[{"Key":{"Id":"ExecutionId","Label":"ExecutionId","Category":"","Description":"","Attributes":1,"ValueType":"System.Guid"},"Value":"00000000-0000-0000-0000-000000000000"},{"Key":{"Id":"ParentExecId","Label":"ParentExecId","Category":"","Description":"","Attributes":1,"ValueType":"System.Guid"},"Value":"00000000-0000-0000-0000-000000000000"},{"Key":{"Id":"InnerResultsCount","Label":"InnerResultsCount","Category":"","Description":"","Attributes":1,"ValueType":"System.Int32"},"Value":0}]},{"TestCase":{"Id":"20af2549-b915-3c8e-c4f0-37793dba0a97","FullyQualifiedName":"Unit_Testovi.NoviTestovi.TestSkidanjaIznosaIzuzetak","DisplayName":"TestSkidanjaIznosaIzuzetak","ExecutorUri":"executor://MSTestAdapter/v2","Source":"C:\\Users\\HP\\Source\\Repos\\ekarahodza1\\VVS_zadaca2\\Hypo Banka\\Unit Testovi\\bin\\Debug\\fine-code-coverage\\Unit Testovi.dll","CodeFilePath":null,"LineNumber":-1,"Properties":[{"Key":{"Id":"MSTestDiscoverer.TestClassName","Label":"ClassName","Category":"","Description":"","Attributes":1,"ValueType":"System.String"},"Value":"Unit_Testovi.NoviTestovi"},{"Key":{"Id":"TestObject.Traits","Label":"Traits","Category":"","Description":"","Attributes":5,"ValueType":"System.Collections.Generic.KeyValuePair`2[[System.String],[System.String]][]"},"Value":[]}]},"Attachments":[],"Outcome":2,"ErrorMessage":"Test method threw exception System.NotImplementedException, but exception System.InvalidOperationException was expected. Exception message: System.NotImplementedException: The method or operation is not implemented.","ErrorStackTrace":"   at Hypo_Banka.Klijent.SkiniIznosSaNekogOdRačuna(Double ukupniIznos) in C:\\Users\\HP\\Source\\Repos\\ekarahodza1\\VVS_zadaca2\\Hypo Banka\\Hypo Banka\\Klijent.cs:line 87\r\n   at Unit_Testovi.NoviTestovi.TestSkidanjaIznosaIzuzetak() in C:\\Users\\HP\\Source\\Repos\\ekarahodza1\\VVS_zadaca2\\Hypo Banka\\Unit Testovi\\NoviTestovi.cs:line 85\r\n","DisplayName":null,"Messages":[],"ComputerName":null,"Duration":"00:00:00.0036416","StartTime":"2020-11-25T00:47:17.3845391+01:00","EndTime":"2020-11-25T00:47:17.3884192+01:00","Properties":[{"Key":{"Id":"ExecutionId","Label":"ExecutionId","Category":"","Description":"","Attributes":1,"ValueType":"System.Guid"},"Value":"00000000-0000-0000-0000-000000000000"},{"Key":{"Id":"ParentExecId","Label":"ParentExecId","Category":"","Description":"","Attributes":1,"ValueType":"System.Guid"},"Value":"00000000-0000-0000-0000-000000000000"},{"Key":{"Id":"InnerResultsCount","Label":"InnerResultsCount","Category":"","Description":"","Attributes":1,"ValueType":"System.Int32"},"Value":0}]}],"TestRunStatistics":{"ExecutedTests":5,"Stats":{"Passed":1,"Failed":4}},"ActiveTests":[]},"RunAttachments":[],"ExecutorUris":["executor://mstestadapter/v2"]}}
TpTrace Verbose: 0 : 1984, 4, 2020/11/25, 00:47:17.447, 7731233731511, vstest.console.dll, TestRequestSender.EndSession: Sending end session.
TpTrace Warning: 0 : 1984, 9, 2020/11/25, 00:47:17.482, 7731234087029, vstest.console.dll, TestHostManagerCallbacks.ErrorReceivedCallback Test host standard error line: 
TpTrace Information: 0 : 1984, 7, 2020/11/25, 00:47:17.489, 7731234161190, vstest.console.dll, TestHostManagerCallbacks.ExitCallBack: Testhost processId: 2544 exited with exitcode: 0 error: ''
TpTrace Information: 0 : 1984, 7, 2020/11/25, 00:47:17.490, 7731234163609, vstest.console.dll, TestRequestSender.OnClientProcessExit: Test host process exited. Standard error: 
TpTrace Information: 0 : 1984, 7, 2020/11/25, 00:47:17.490, 7731234165034, vstest.console.dll, SocketServer.Stop: Stop server endPoint: 127.0.0.1:64312
TpTrace Information: 0 : 1984, 7, 2020/11/25, 00:47:17.490, 7731234165997, vstest.console.dll, SocketServer.Stop: Cancellation requested. Stopping message loop.
TpTrace Warning: 0 : 1984, 4, 2020/11/25, 00:47:17.490, 7731234169146, vstest.console.dll, ProxyOperationManager: Timed out waiting for test host to exit. Will terminate process.
TpTrace Verbose: 0 : 1984, 4, 2020/11/25, 00:47:17.491, 7731234181000, vstest.console.dll, ProxyDataCollectionManager.InvokeDataCollectionServiceAction: Starting.
TpTrace Information: 0 : 1984, 4, 2020/11/25, 00:47:17.492, 7731234183100, vstest.console.dll, ProxyDataCollectionManager.AfterTestRunEnd: Get attachment set for datacollector processId: 944 port: 64309
TpTrace Verbose: 0 : 1984, 4, 2020/11/25, 00:47:17.492, 7731234184757, vstest.console.dll, DataCollectionRequestSender.SendAfterTestRunStartAndGetResult : Send AfterTestRunEnd message with isCancelled: False
TpTrace Verbose: 0 : 1984, 4, 2020/11/25, 00:47:17.495, 7731234215129, vstest.console.dll, DataCollectionRequestSender.SendAfterTestRunStartAndGetResult : Received message: (DataCollection.AfterTestRunEndResult) -> []
TpTrace Information: 0 : 1984, 4, 2020/11/25, 00:47:17.504, 7731234309281, vstest.console.dll, ProxyDataCollectionManager.InvokeDataCollectionServiceAction: Completed.
TpTrace Warning: 0 : 1984, 6, 2020/11/25, 00:47:17.508, 7731234343664, vstest.console.dll, DataCollectionLauncher.ErrorReceivedCallback datacollector standard error line: 
TpTrace Information: 0 : 1984, 7, 2020/11/25, 00:47:17.513, 7731234398283, vstest.console.dll, DataCollectionLauncher.ExitCallBack: Data collector exited with exitcode: 0 error: ''
TpTrace Verbose: 0 : 1984, 4, 2020/11/25, 00:47:17.592, 7731235186153, vstest.console.dll, TestRunRequest:SendTestRunStatsChange: Starting.
TpTrace Information: 0 : 1984, 4, 2020/11/25, 00:47:17.592, 7731235189530, vstest.console.dll, TestRunRequest:SendTestRunStatsChange: Completed.
TpTrace Verbose: 0 : 1984, 4, 2020/11/25, 00:47:17.593, 7731235192020, vstest.console.dll, ParallelProxyExecutionManager: HandlePartialRunComplete: Total completed clients = 1, Run complete = True, Run canceled: False.
TpTrace Verbose: 0 : 1984, 4, 2020/11/25, 00:47:17.614, 7731235403592, vstest.console.dll, TestRunRequest:TestRunComplete: Starting. IsAborted:False IsCanceled:False.
TpTrace Verbose: 0 : 1984, 4, 2020/11/25, 00:47:17.614, 7731235405914, vstest.console.dll, TestLoggerManager.HandleTestRunComplete: Ignoring as the object is disposed.
TpTrace Information: 0 : 1984, 4, 2020/11/25, 00:47:17.614, 7731235410156, vstest.console.dll, TestRunRequest:TestRunComplete: Completed.
TpTrace Verbose: 0 : 1984, 1, 2020/11/25, 00:47:17.614, 7731235410600, vstest.console.dll, TestRunRequest.Dispose: Starting.
TpTrace Verbose: 0 : 1984, 4, 2020/11/25, 00:47:17.615, 7731235411977, vstest.console.dll, TestRequestSender.SetOperationComplete: Setting operation complete.
TpTrace Information: 0 : 1984, 1, 2020/11/25, 00:47:17.615, 7731235413335, vstest.console.dll, TestRunRequest.Dispose: Completed.
TpTrace Information: 0 : 1984, 4, 2020/11/25, 00:47:17.615, 7731235414616, vstest.console.dll, SocketServer.Stop: Stop server endPoint: 127.0.0.1:64312
TpTrace Information: 0 : 1984, 1, 2020/11/25, 00:47:17.615, 7731235415774, vstest.console.dll, TestRequestManager.RunTests: run tests completed.
TpTrace Information: 0 : 1984, 4, 2020/11/25, 00:47:17.615, 7731235416593, vstest.console.dll, SocketServer.Stop: Cancellation requested. Stopping message loop.
TpTrace Information: 0 : 1984, 1, 2020/11/25, 00:47:17.616, 7731235422832, vstest.console.dll, RunTestsArgumentProcessor:Execute: Test run is completed.
TpTrace Information: 0 : 1984, 4, 2020/11/25, 00:47:17.616, 7731235422832, vstest.console.dll, SocketServer.PrivateStop: Stopp server endPoint: 127.0.0.1:64312 error: 
TpTrace Verbose: 0 : 1984, 1, 2020/11/25, 00:47:17.616, 7731235424271, vstest.console.dll, Executor.Execute: Exiting with exit code of 1
TpTrace Verbose: 0 : 1984, 4, 2020/11/25, 00:47:17.617, 7731235433467, vstest.console.dll, LengthPrefixCommunicationChannel.Dispose: Dispose reader and writer.
