TpTrace Information: 0 : 12164, 1, 2020/11/30, 14:15:14.365, 12536208956176, datacollector.dll, DataCollectorMain.Run: Starting data collector run with args: --port,51728,--parentprocessid,16184,--diag,C:\Users\HP\Source\Repos\ekarahodza1\VVS_zadaca2\Hypo Banka\Unit Testovi\bin\Debug\fine-code-coverage\_outputfolder\diagnostics.datacollector.20-11-30_14-15-14_15900_4.log,--tracelevel,4
TpTrace Information: 0 : 12164, 1, 2020/11/30, 14:15:14.375, 12536208989743, datacollector.dll, DataCollector: Monitoring parent process with id: '16184'
TpTrace Information: 0 : 12164, 1, 2020/11/30, 14:15:14.393, 12536209171724, datacollector.dll, Trying to connect to server on socket : 127.0.0.1:51728 
TpTrace Verbose: 0 : 12164, 1, 2020/11/30, 14:15:14.416, 12536209401567, datacollector.dll, SocketCommunicationManager : SetupClientAsync : Attempting to connect to the server.
TpTrace Information: 0 : 12164, 5, 2020/11/30, 14:15:14.432, 12536209563431, datacollector.dll, Connected to the server successfully 
TpTrace Information: 0 : 12164, 5, 2020/11/30, 14:15:14.432, 12536209565277, datacollector.dll, Using the buffer size of 16384 bytes
TpTrace Information: 0 : 12164, 1, 2020/11/30, 14:15:14.535, 12536210591215, datacollector.dll, DataCollector: Start Request Processing.
TpTrace Information: 0 : 12164, 1, 2020/11/30, 14:15:14.539, 12536210636915, datacollector.dll, DataCollectionRequestHandler.ProcessRequests : Datacollector received message: (DataCollection.BeforeTestRunStart) -> {
  "SettingsXml": "<RunSettings><RunConfiguration><ResultsDirectory>C:\\Users\\HP\\Source\\Repos\\ekarahodza1\\VVS_zadaca2\\Hypo Banka\\Unit Testovi\\bin\\Debug\\fine-code-coverage\\_outputfolder</ResultsDirectory><TargetPlatform>X64</TargetPlatform><TargetFrameworkVersion>.NETCoreApp,Version=v3.1</TargetFrameworkVersion><DesignMode>False</DesignMode><CollectSourceInformation>False</CollectSourceInformation><TestAdaptersPaths>C:\\Program Files\\dotnet\\sdk\\3.1.201\\Extensions</TestAdaptersPaths></RunConfiguration><LoggerRunSettings><Loggers><Logger friendlyName=\"blame\" enabled=\"True\" /><Logger friendlyName=\"Console\" uri=\"logger://microsoft/TestPlatform/ConsoleLogger/v1\" assemblyQualifiedName=\"Microsoft.VisualStudio.TestPlatform.CommandLine.Internal.ConsoleLogger, vstest.console, Version=15.0.0.0, Culture=neutral, PublicKeyToken=b03f5f7f11d50a3a\" codeBase=\"C:\\Program Files\\dotnet\\sdk\\3.1.201\\vstest.console.dll\" enabled=\"True\" /></Loggers></LoggerRunSettings><DataCollectionRunSettings><DataCollectors><DataCollector friendlyName=\"blame\" enabled=\"True\"><Configuration><ResultsDirectory>C:\\Users\\HP\\Source\\Repos\\ekarahodza1\\VVS_zadaca2\\Hypo Banka\\Unit Testovi\\bin\\Debug\\fine-code-coverage\\_outputfolder</ResultsDirectory></Configuration></DataCollector></DataCollectors></DataCollectionRunSettings></RunSettings>",
  "Sources": [
    "C:\\Users\\HP\\Source\\Repos\\ekarahodza1\\VVS_zadaca2\\Hypo Banka\\Unit Testovi\\bin\\Debug\\fine-code-coverage\\Unit Testovi.dll"
  ]
}
TpTrace Verbose: 0 : 12164, 1, 2020/11/30, 14:15:14.599, 12536211229344, datacollector.dll, TestPluginCache: Update extensions started. Skip filter = False
TpTrace Verbose: 0 : 12164, 1, 2020/11/30, 14:15:14.600, 12536211238394, datacollector.dll, TestPluginCache: Using directories for assembly resolution 'C:\Program Files\dotnet\sdk\3.1.201\Extensions'.
TpTrace Verbose: 0 : 12164, 1, 2020/11/30, 14:15:14.600, 12536211239982, datacollector.dll, TestPluginCache: Updated the available extensions to 'C:\Program Files\dotnet\sdk\3.1.201\Extensions\Microsoft.TestPlatform.Extensions.BlameDataCollector.dll,C:\Program Files\dotnet\sdk\3.1.201\Extensions\Microsoft.TestPlatform.Extensions.EventLogCollector.dll'.
TpTrace Verbose: 0 : 12164, 1, 2020/11/30, 14:15:14.615, 12536211389621, datacollector.dll, TestPluginCache.DiscoverTestExtensions: finding test extensions in assemblies endswith: Collector.dll TPluginInfo: Microsoft.VisualStudio.TestPlatform.Common.DataCollector.DataCollectorConfig TExtension: Microsoft.VisualStudio.TestPlatform.ObjectModel.DataCollection.DataCollector
TpTrace Verbose: 0 : 12164, 1, 2020/11/30, 14:15:14.615, 12536211394503, datacollector.dll, TestPluginCache.GetExtensionPaths: Filtered extension paths: C:\Program Files\dotnet\sdk\3.1.201\Extensions\Microsoft.TestPlatform.Extensions.BlameDataCollector.dll
C:\Program Files\dotnet\sdk\3.1.201\Extensions\Microsoft.TestPlatform.Extensions.EventLogCollector.dll
TpTrace Verbose: 0 : 12164, 1, 2020/11/30, 14:15:14.615, 12536211395895, datacollector.dll, TestPluginCache.GetExtensionPaths: Added default extension paths: 
TpTrace Verbose: 0 : 12164, 1, 2020/11/30, 14:15:14.615, 12536211396899, datacollector.dll, TestPluginCache.GetExtensionPaths: Added unfilterableExtensionPaths: 
TpTrace Information: 0 : 12164, 1, 2020/11/30, 14:15:14.616, 12536211404369, datacollector.dll, AssemblyResolver.ctor: Creating AssemblyResolver with searchDirectories C:\Program Files\dotnet\sdk\3.1.201\Extensions,C:\Program Files\dotnet\sdk\3.1.201
TpTrace Verbose: 0 : 12164, 1, 2020/11/30, 14:15:14.618, 12536211421844, datacollector.dll, TestPluginCache.DiscoverTestExtensions: Discovering the extensions using extension path.
TpTrace Verbose: 0 : 12164, 1, 2020/11/30, 14:15:14.618, 12536211424177, datacollector.dll, TestPluginCache.GetExtensionPaths: Filtered extension paths: C:\Program Files\dotnet\sdk\3.1.201\Extensions\Microsoft.TestPlatform.Extensions.BlameDataCollector.dll
C:\Program Files\dotnet\sdk\3.1.201\Extensions\Microsoft.TestPlatform.Extensions.EventLogCollector.dll
TpTrace Verbose: 0 : 12164, 1, 2020/11/30, 14:15:14.618, 12536211425007, datacollector.dll, TestPluginCache.GetExtensionPaths: Added default extension paths: 
TpTrace Verbose: 0 : 12164, 1, 2020/11/30, 14:15:14.618, 12536211425684, datacollector.dll, TestPluginCache.GetExtensionPaths: Added unfilterableExtensionPaths: 
TpTrace Verbose: 0 : 12164, 1, 2020/11/30, 14:15:14.618, 12536211426711, datacollector.dll, TestPluginCache.DiscoverTestExtensions: Discovering the extensions using allExtensionPaths: C:\Program Files\dotnet\sdk\3.1.201\Extensions\Microsoft.TestPlatform.Extensions.BlameDataCollector.dll
C:\Program Files\dotnet\sdk\3.1.201\Extensions\Microsoft.TestPlatform.Extensions.EventLogCollector.dll
TpTrace Information: 0 : 12164, 1, 2020/11/30, 14:15:14.619, 12536211428280, datacollector.dll, AssemblyResolver.AddSearchDirectories: Adding more searchDirectories C:\Program Files\dotnet\sdk\3.1.201\Extensions,C:\Program Files\dotnet\sdk\3.1.201
TpTrace Information: 0 : 12164, 1, 2020/11/30, 14:15:14.619, 12536211429243, datacollector.dll, AssemblyResolver.AddSearchDirectories: Adding more searchDirectories C:\Program Files\dotnet\sdk\3.1.201\Extensions,C:\Program Files\dotnet\sdk\3.1.201
TpTrace Information: 0 : 12164, 1, 2020/11/30, 14:15:14.619, 12536211434547, datacollector.dll, AssemblyResolver.OnResolve: Microsoft.TestPlatform.Extensions.BlameDataCollector: Resolving assembly.
TpTrace Information: 0 : 12164, 1, 2020/11/30, 14:15:14.620, 12536211446163, datacollector.dll, AssemblyResolver.OnResolve: Resolved assembly: Microsoft.TestPlatform.Extensions.BlameDataCollector, from path: C:\Program Files\dotnet\sdk\3.1.201\Extensions\Microsoft.TestPlatform.Extensions.BlameDataCollector.dll
TpTrace Error: 0 : 12164, 1, 2020/11/30, 14:15:14.621, 12536211456710, datacollector.dll, The type "Microsoft.TestPlatform.Extensions.BlameDataCollector.BlameCollector" defined in "Microsoft.TestPlatform.Extensions.BlameDataCollector.dll" does not have ExtensionUri attibute.
TpTrace Information: 0 : 12164, 1, 2020/11/30, 14:15:14.622, 12536211466217, datacollector.dll, AssemblyResolver.OnResolve: Microsoft.TestPlatform.Extensions.EventLogCollector: Resolving assembly.
TpTrace Information: 0 : 12164, 1, 2020/11/30, 14:15:14.623, 12536211474908, datacollector.dll, AssemblyResolver.OnResolve: Resolved assembly: Microsoft.TestPlatform.Extensions.EventLogCollector, from path: C:\Program Files\dotnet\sdk\3.1.201\Extensions\Microsoft.TestPlatform.Extensions.EventLogCollector.dll
TpTrace Error: 0 : 12164, 1, 2020/11/30, 14:15:14.625, 12536211494160, datacollector.dll, The type "Microsoft.TestPlatform.Extensions.EventLogCollector.EventLogDataCollector" defined in "Microsoft.TestPlatform.Extensions.EventLogCollector.dll" does not have ExtensionUri attibute.
TpTrace Verbose: 0 : 12164, 1, 2020/11/30, 14:15:14.626, 12536211500061, datacollector.dll, TestPluginCache: Discovered the extensions using extension path 'C:\Program Files\dotnet\sdk\3.1.201\Extensions\Microsoft.TestPlatform.Extensions.BlameDataCollector.dll,C:\Program Files\dotnet\sdk\3.1.201\Extensions\Microsoft.TestPlatform.Extensions.EventLogCollector.dll'.
TpTrace Verbose: 0 : 12164, 1, 2020/11/30, 14:15:14.626, 12536211501721, datacollector.dll, TestPluginCache: Discoverers are ''.
TpTrace Verbose: 0 : 12164, 1, 2020/11/30, 14:15:14.626, 12536211502491, datacollector.dll, TestPluginCache: Executors are ''.
TpTrace Verbose: 0 : 12164, 1, 2020/11/30, 14:15:14.626, 12536211503063, datacollector.dll, TestPluginCache: Setting providers are ''.
TpTrace Verbose: 0 : 12164, 1, 2020/11/30, 14:15:14.626, 12536211503636, datacollector.dll, TestPluginCache: Loggers are ''.
TpTrace Information: 0 : 12164, 1, 2020/11/30, 14:15:14.628, 12536211522627, datacollector.dll, TestPluginManager.CreateTestExtension: Attempting to load test extension: Microsoft.TestPlatform.Extensions.BlameDataCollector.BlameCollector
TpTrace Error: 0 : 12164, 1, 2020/11/30, 14:15:14.628, 12536211525894, datacollector.dll, The type "Microsoft.TestPlatform.Extensions.BlameDataCollector.BlameCollector" defined in "Microsoft.TestPlatform.Extensions.BlameDataCollector.dll" does not have ExtensionUri attibute.
TpTrace Information: 0 : 12164, 1, 2020/11/30, 14:15:14.637, 12536211610450, datacollector.dll, Listening on Endpoint : 127.0.0.1:51730
TpTrace Information: 0 : 12164, 1, 2020/11/30, 14:15:14.647, 12536211708701, datacollector.dll, DataCollectionRequestHandler.ProcessRequests : DataCollection started.
TpTrace Information: 0 : 12164, 1, 2020/11/30, 14:15:14.704, 12536212280385, datacollector.dll, DataCollectionRequestHandler.ProcessRequests : Datacollector received message: (DataCollection.TestHostLaunched) -> {
  "ProcessId": 2260
}
TpTrace Information: 0 : 12164, 6, 2020/11/30, 14:15:14.996, 12536215199437, datacollector.dll, Using the buffer size of 16384 bytes
TpTrace Information: 0 : 12164, 6, 2020/11/30, 14:15:14.996, 12536215203716, datacollector.dll, Accepted Client request and set the flag
TpTrace Information: 0 : 12164, 5, 2020/11/30, 14:15:15.601, 12536221249371, datacollector.dll, DataCollectionTestCaseEventHandler: Test case starting.
TpTrace Information: 0 : 12164, 5, 2020/11/30, 14:15:15.642, 12536221662277, datacollector.dll, Blame Collector : Test Case Start
TpTrace Information: 0 : 12164, 5, 2020/11/30, 14:15:15.643, 12536221669155, datacollector.dll, DataCollectionTestCaseEventHandler: Test case started.
TpTrace Information: 0 : 12164, 5, 2020/11/30, 14:15:15.724, 12536222478774, datacollector.dll, DataCollectionTestCaseEventHandler : Test case completing.
TpTrace Information: 0 : 12164, 5, 2020/11/30, 14:15:15.729, 12536222530398, datacollector.dll, Blame Collector : Test Case End
TpTrace Error: 0 : 12164, 5, 2020/11/30, 14:15:15.743, 12536222678126, datacollector.dll, DataCollectionAttachmentManager.GetAttachments: Fail to get attachments: System.Collections.Generic.KeyNotFoundException: The given key 'Microsoft.VisualStudio.TestPlatform.ObjectModel.DataCollection.DataCollectionContext' was not present in the dictionary.
   at System.Collections.Generic.Dictionary`2.get_Item(TKey key)
   at Microsoft.VisualStudio.TestPlatform.Common.DataCollector.DataCollectionAttachmentManager.GetAttachments(DataCollectionContext dataCollectionContext) 
TpTrace Information: 0 : 12164, 5, 2020/11/30, 14:15:15.746, 12536222706998, datacollector.dll, DataCollectionTestCaseEventHandler: Test case completed
TpTrace Information: 0 : 12164, 5, 2020/11/30, 14:15:15.759, 12536222835369, datacollector.dll, DataCollectionTestCaseEventHandler: Test case starting.
TpTrace Information: 0 : 12164, 5, 2020/11/30, 14:15:15.760, 12536222841433, datacollector.dll, Blame Collector : Test Case Start
TpTrace Information: 0 : 12164, 5, 2020/11/30, 14:15:15.760, 12536222844507, datacollector.dll, DataCollectionTestCaseEventHandler: Test case started.
TpTrace Information: 0 : 12164, 5, 2020/11/30, 14:15:15.762, 12536222861696, datacollector.dll, DataCollectionTestCaseEventHandler : Test case completing.
TpTrace Information: 0 : 12164, 5, 2020/11/30, 14:15:15.762, 12536222867753, datacollector.dll, Blame Collector : Test Case End
TpTrace Error: 0 : 12164, 5, 2020/11/30, 14:15:15.763, 12536222871032, datacollector.dll, DataCollectionAttachmentManager.GetAttachments: Fail to get attachments: System.Collections.Generic.KeyNotFoundException: The given key 'Microsoft.VisualStudio.TestPlatform.ObjectModel.DataCollection.DataCollectionContext' was not present in the dictionary.
   at System.Collections.Generic.Dictionary`2.get_Item(TKey key)
   at Microsoft.VisualStudio.TestPlatform.Common.DataCollector.DataCollectionAttachmentManager.GetAttachments(DataCollectionContext dataCollectionContext) 
TpTrace Information: 0 : 12164, 5, 2020/11/30, 14:15:15.763, 12536222873942, datacollector.dll, DataCollectionTestCaseEventHandler: Test case completed
TpTrace Information: 0 : 12164, 5, 2020/11/30, 14:15:15.765, 12536222888569, datacollector.dll, DataCollectionTestCaseEventHandler: Test case starting.
TpTrace Information: 0 : 12164, 5, 2020/11/30, 14:15:15.765, 12536222895615, datacollector.dll, Blame Collector : Test Case Start
TpTrace Information: 0 : 12164, 5, 2020/11/30, 14:15:15.766, 12536222898341, datacollector.dll, DataCollectionTestCaseEventHandler: Test case started.
TpTrace Information: 0 : 12164, 5, 2020/11/30, 14:15:15.782, 12536223061929, datacollector.dll, DataCollectionTestCaseEventHandler : Test case completing.
TpTrace Information: 0 : 12164, 5, 2020/11/30, 14:15:15.785, 12536223096695, datacollector.dll, Blame Collector : Test Case End
TpTrace Error: 0 : 12164, 5, 2020/11/30, 14:15:15.786, 12536223100425, datacollector.dll, DataCollectionAttachmentManager.GetAttachments: Fail to get attachments: System.Collections.Generic.KeyNotFoundException: The given key 'Microsoft.VisualStudio.TestPlatform.ObjectModel.DataCollection.DataCollectionContext' was not present in the dictionary.
   at System.Collections.Generic.Dictionary`2.get_Item(TKey key)
   at Microsoft.VisualStudio.TestPlatform.Common.DataCollector.DataCollectionAttachmentManager.GetAttachments(DataCollectionContext dataCollectionContext) 
TpTrace Information: 0 : 12164, 5, 2020/11/30, 14:15:15.786, 12536223103450, datacollector.dll, DataCollectionTestCaseEventHandler: Test case completed
TpTrace Information: 0 : 12164, 5, 2020/11/30, 14:15:15.788, 12536223124311, datacollector.dll, DataCollectionTestCaseEventHandler: Test case starting.
TpTrace Information: 0 : 12164, 5, 2020/11/30, 14:15:15.789, 12536223130948, datacollector.dll, Blame Collector : Test Case Start
TpTrace Information: 0 : 12164, 5, 2020/11/30, 14:15:15.789, 12536223134265, datacollector.dll, DataCollectionTestCaseEventHandler: Test case started.
TpTrace Information: 0 : 12164, 5, 2020/11/30, 14:15:15.796, 12536223207024, datacollector.dll, DataCollectionTestCaseEventHandler : Test case completing.
TpTrace Information: 0 : 12164, 5, 2020/11/30, 14:15:15.797, 12536223213419, datacollector.dll, Blame Collector : Test Case End
TpTrace Error: 0 : 12164, 5, 2020/11/30, 14:15:15.797, 12536223216391, datacollector.dll, DataCollectionAttachmentManager.GetAttachments: Fail to get attachments: System.Collections.Generic.KeyNotFoundException: The given key 'Microsoft.VisualStudio.TestPlatform.ObjectModel.DataCollection.DataCollectionContext' was not present in the dictionary.
   at System.Collections.Generic.Dictionary`2.get_Item(TKey key)
   at Microsoft.VisualStudio.TestPlatform.Common.DataCollector.DataCollectionAttachmentManager.GetAttachments(DataCollectionContext dataCollectionContext) 
TpTrace Information: 0 : 12164, 5, 2020/11/30, 14:15:15.798, 12536223219335, datacollector.dll, DataCollectionTestCaseEventHandler: Test case completed
TpTrace Information: 0 : 12164, 5, 2020/11/30, 14:15:15.800, 12536223244529, datacollector.dll, DataCollectionTestCaseEventHandler: Test case starting.
TpTrace Information: 0 : 12164, 5, 2020/11/30, 14:15:15.801, 12536223251026, datacollector.dll, Blame Collector : Test Case Start
TpTrace Information: 0 : 12164, 5, 2020/11/30, 14:15:15.801, 12536223254161, datacollector.dll, DataCollectionTestCaseEventHandler: Test case started.
TpTrace Information: 0 : 12164, 5, 2020/11/30, 14:15:15.804, 12536223279785, datacollector.dll, DataCollectionTestCaseEventHandler : Test case completing.
TpTrace Information: 0 : 12164, 5, 2020/11/30, 14:15:15.804, 12536223285897, datacollector.dll, Blame Collector : Test Case End
TpTrace Error: 0 : 12164, 5, 2020/11/30, 14:15:15.805, 12536223288988, datacollector.dll, DataCollectionAttachmentManager.GetAttachments: Fail to get attachments: System.Collections.Generic.KeyNotFoundException: The given key 'Microsoft.VisualStudio.TestPlatform.ObjectModel.DataCollection.DataCollectionContext' was not present in the dictionary.
   at System.Collections.Generic.Dictionary`2.get_Item(TKey key)
   at Microsoft.VisualStudio.TestPlatform.Common.DataCollector.DataCollectionAttachmentManager.GetAttachments(DataCollectionContext dataCollectionContext) 
TpTrace Information: 0 : 12164, 5, 2020/11/30, 14:15:15.805, 12536223291998, datacollector.dll, DataCollectionTestCaseEventHandler: Test case completed
TpTrace Information: 0 : 12164, 5, 2020/11/30, 14:15:15.806, 12536223305269, datacollector.dll, DataCollectionTestCaseEventHandler: Test case starting.
TpTrace Information: 0 : 12164, 5, 2020/11/30, 14:15:15.807, 12536223311438, datacollector.dll, Blame Collector : Test Case Start
TpTrace Information: 0 : 12164, 5, 2020/11/30, 14:15:15.807, 12536223313820, datacollector.dll, DataCollectionTestCaseEventHandler: Test case started.
TpTrace Information: 0 : 12164, 5, 2020/11/30, 14:15:15.809, 12536223331442, datacollector.dll, DataCollectionTestCaseEventHandler : Test case completing.
TpTrace Information: 0 : 12164, 5, 2020/11/30, 14:15:15.810, 12536223345001, datacollector.dll, Blame Collector : Test Case End
TpTrace Error: 0 : 12164, 5, 2020/11/30, 14:15:15.811, 12536223350772, datacollector.dll, DataCollectionAttachmentManager.GetAttachments: Fail to get attachments: System.Collections.Generic.KeyNotFoundException: The given key 'Microsoft.VisualStudio.TestPlatform.ObjectModel.DataCollection.DataCollectionContext' was not present in the dictionary.
   at System.Collections.Generic.Dictionary`2.get_Item(TKey key)
   at Microsoft.VisualStudio.TestPlatform.Common.DataCollector.DataCollectionAttachmentManager.GetAttachments(DataCollectionContext dataCollectionContext) 
TpTrace Information: 0 : 12164, 5, 2020/11/30, 14:15:15.811, 12536223356488, datacollector.dll, DataCollectionTestCaseEventHandler: Test case completed
TpTrace Information: 0 : 12164, 5, 2020/11/30, 14:15:15.813, 12536223373408, datacollector.dll, DataCollectionTestCaseEventHandler: Test case starting.
TpTrace Information: 0 : 12164, 5, 2020/11/30, 14:15:15.814, 12536223379637, datacollector.dll, Blame Collector : Test Case Start
TpTrace Information: 0 : 12164, 5, 2020/11/30, 14:15:15.814, 12536223383087, datacollector.dll, DataCollectionTestCaseEventHandler: Test case started.
TpTrace Information: 0 : 12164, 5, 2020/11/30, 14:15:15.819, 12536223429727, datacollector.dll, DataCollectionTestCaseEventHandler : Test case completing.
TpTrace Information: 0 : 12164, 5, 2020/11/30, 14:15:15.819, 12536223435676, datacollector.dll, Blame Collector : Test Case End
TpTrace Error: 0 : 12164, 5, 2020/11/30, 14:15:15.820, 12536223438316, datacollector.dll, DataCollectionAttachmentManager.GetAttachments: Fail to get attachments: System.Collections.Generic.KeyNotFoundException: The given key 'Microsoft.VisualStudio.TestPlatform.ObjectModel.DataCollection.DataCollectionContext' was not present in the dictionary.
   at System.Collections.Generic.Dictionary`2.get_Item(TKey key)
   at Microsoft.VisualStudio.TestPlatform.Common.DataCollector.DataCollectionAttachmentManager.GetAttachments(DataCollectionContext dataCollectionContext) 
TpTrace Information: 0 : 12164, 5, 2020/11/30, 14:15:15.820, 12536223441330, datacollector.dll, DataCollectionTestCaseEventHandler: Test case completed
TpTrace Information: 0 : 12164, 5, 2020/11/30, 14:15:15.821, 12536223452311, datacollector.dll, DataCollectionTestCaseEventHandler: Test case starting.
TpTrace Information: 0 : 12164, 5, 2020/11/30, 14:15:15.821, 12536223456702, datacollector.dll, Blame Collector : Test Case Start
TpTrace Information: 0 : 12164, 5, 2020/11/30, 14:15:15.822, 12536223458755, datacollector.dll, DataCollectionTestCaseEventHandler: Test case started.
TpTrace Information: 0 : 12164, 5, 2020/11/30, 14:15:15.824, 12536223484928, datacollector.dll, DataCollectionTestCaseEventHandler : Test case completing.
TpTrace Information: 0 : 12164, 5, 2020/11/30, 14:15:15.825, 12536223489240, datacollector.dll, Blame Collector : Test Case End
TpTrace Error: 0 : 12164, 5, 2020/11/30, 14:15:15.825, 12536223491564, datacollector.dll, DataCollectionAttachmentManager.GetAttachments: Fail to get attachments: System.Collections.Generic.KeyNotFoundException: The given key 'Microsoft.VisualStudio.TestPlatform.ObjectModel.DataCollection.DataCollectionContext' was not present in the dictionary.
   at System.Collections.Generic.Dictionary`2.get_Item(TKey key)
   at Microsoft.VisualStudio.TestPlatform.Common.DataCollector.DataCollectionAttachmentManager.GetAttachments(DataCollectionContext dataCollectionContext) 
TpTrace Information: 0 : 12164, 5, 2020/11/30, 14:15:15.825, 12536223494187, datacollector.dll, DataCollectionTestCaseEventHandler: Test case completed
TpTrace Information: 0 : 12164, 5, 2020/11/30, 14:15:15.826, 12536223504682, datacollector.dll, DataCollectionTestCaseEventHandler: Test case starting.
TpTrace Information: 0 : 12164, 5, 2020/11/30, 14:15:15.827, 12536223509168, datacollector.dll, Blame Collector : Test Case Start
TpTrace Information: 0 : 12164, 5, 2020/11/30, 14:15:15.827, 12536223511605, datacollector.dll, DataCollectionTestCaseEventHandler: Test case started.
TpTrace Information: 0 : 12164, 5, 2020/11/30, 14:15:15.829, 12536223529865, datacollector.dll, DataCollectionTestCaseEventHandler : Test case completing.
TpTrace Information: 0 : 12164, 5, 2020/11/30, 14:15:15.829, 12536223534377, datacollector.dll, Blame Collector : Test Case End
TpTrace Error: 0 : 12164, 5, 2020/11/30, 14:15:15.829, 12536223536346, datacollector.dll, DataCollectionAttachmentManager.GetAttachments: Fail to get attachments: System.Collections.Generic.KeyNotFoundException: The given key 'Microsoft.VisualStudio.TestPlatform.ObjectModel.DataCollection.DataCollectionContext' was not present in the dictionary.
   at System.Collections.Generic.Dictionary`2.get_Item(TKey key)
   at Microsoft.VisualStudio.TestPlatform.Common.DataCollector.DataCollectionAttachmentManager.GetAttachments(DataCollectionContext dataCollectionContext) 
TpTrace Information: 0 : 12164, 5, 2020/11/30, 14:15:15.830, 12536223538381, datacollector.dll, DataCollectionTestCaseEventHandler: Test case completed
TpTrace Information: 0 : 12164, 5, 2020/11/30, 14:15:15.876, 12536223998306, datacollector.dll, DataCollectionTestCaseEventHandler: Test case starting.
TpTrace Information: 0 : 12164, 5, 2020/11/30, 14:15:15.876, 12536224005821, datacollector.dll, Blame Collector : Test Case Start
TpTrace Information: 0 : 12164, 5, 2020/11/30, 14:15:15.877, 12536224009109, datacollector.dll, DataCollectionTestCaseEventHandler: Test case started.
TpTrace Information: 0 : 12164, 5, 2020/11/30, 14:15:15.879, 12536224029003, datacollector.dll, DataCollectionTestCaseEventHandler : Test case completing.
TpTrace Information: 0 : 12164, 5, 2020/11/30, 14:15:15.879, 12536224034737, datacollector.dll, Blame Collector : Test Case End
TpTrace Error: 0 : 12164, 5, 2020/11/30, 14:15:15.879, 12536224037223, datacollector.dll, DataCollectionAttachmentManager.GetAttachments: Fail to get attachments: System.Collections.Generic.KeyNotFoundException: The given key 'Microsoft.VisualStudio.TestPlatform.ObjectModel.DataCollection.DataCollectionContext' was not present in the dictionary.
   at System.Collections.Generic.Dictionary`2.get_Item(TKey key)
   at Microsoft.VisualStudio.TestPlatform.Common.DataCollector.DataCollectionAttachmentManager.GetAttachments(DataCollectionContext dataCollectionContext) 
TpTrace Information: 0 : 12164, 5, 2020/11/30, 14:15:15.880, 12536224039909, datacollector.dll, DataCollectionTestCaseEventHandler: Test case completed
TpTrace Information: 0 : 12164, 5, 2020/11/30, 14:15:15.881, 12536224051950, datacollector.dll, DataCollectionTestCaseEventHandler: Test case starting.
TpTrace Information: 0 : 12164, 5, 2020/11/30, 14:15:15.881, 12536224057966, datacollector.dll, Blame Collector : Test Case Start
TpTrace Information: 0 : 12164, 5, 2020/11/30, 14:15:15.882, 12536224060044, datacollector.dll, DataCollectionTestCaseEventHandler: Test case started.
TpTrace Information: 0 : 12164, 5, 2020/11/30, 14:15:15.885, 12536224091580, datacollector.dll, DataCollectionTestCaseEventHandler : Test case completing.
TpTrace Information: 0 : 12164, 5, 2020/11/30, 14:15:15.885, 12536224098044, datacollector.dll, Blame Collector : Test Case End
TpTrace Error: 0 : 12164, 5, 2020/11/30, 14:15:15.886, 12536224101473, datacollector.dll, DataCollectionAttachmentManager.GetAttachments: Fail to get attachments: System.Collections.Generic.KeyNotFoundException: The given key 'Microsoft.VisualStudio.TestPlatform.ObjectModel.DataCollection.DataCollectionContext' was not present in the dictionary.
   at System.Collections.Generic.Dictionary`2.get_Item(TKey key)
   at Microsoft.VisualStudio.TestPlatform.Common.DataCollector.DataCollectionAttachmentManager.GetAttachments(DataCollectionContext dataCollectionContext) 
TpTrace Information: 0 : 12164, 5, 2020/11/30, 14:15:15.886, 12536224103840, datacollector.dll, DataCollectionTestCaseEventHandler: Test case completed
TpTrace Information: 0 : 12164, 5, 2020/11/30, 14:15:15.887, 12536224115000, datacollector.dll, DataCollectionTestCaseEventHandler: Test case starting.
TpTrace Information: 0 : 12164, 5, 2020/11/30, 14:15:15.888, 12536224120710, datacollector.dll, Blame Collector : Test Case Start
TpTrace Information: 0 : 12164, 5, 2020/11/30, 14:15:15.888, 12536224123392, datacollector.dll, DataCollectionTestCaseEventHandler: Test case started.
TpTrace Information: 0 : 12164, 5, 2020/11/30, 14:15:15.890, 12536224145968, datacollector.dll, DataCollectionTestCaseEventHandler : Test case completing.
TpTrace Information: 0 : 12164, 5, 2020/11/30, 14:15:15.891, 12536224152925, datacollector.dll, Blame Collector : Test Case End
TpTrace Error: 0 : 12164, 5, 2020/11/30, 14:15:15.891, 12536224155850, datacollector.dll, DataCollectionAttachmentManager.GetAttachments: Fail to get attachments: System.Collections.Generic.KeyNotFoundException: The given key 'Microsoft.VisualStudio.TestPlatform.ObjectModel.DataCollection.DataCollectionContext' was not present in the dictionary.
   at System.Collections.Generic.Dictionary`2.get_Item(TKey key)
   at Microsoft.VisualStudio.TestPlatform.Common.DataCollector.DataCollectionAttachmentManager.GetAttachments(DataCollectionContext dataCollectionContext) 
TpTrace Information: 0 : 12164, 5, 2020/11/30, 14:15:15.892, 12536224158365, datacollector.dll, DataCollectionTestCaseEventHandler: Test case completed
TpTrace Information: 0 : 12164, 5, 2020/11/30, 14:15:15.898, 12536224224501, datacollector.dll, DataCollectionTestCaseEventHandler: Test case starting.
TpTrace Information: 0 : 12164, 5, 2020/11/30, 14:15:15.899, 12536224229400, datacollector.dll, Blame Collector : Test Case Start
TpTrace Information: 0 : 12164, 5, 2020/11/30, 14:15:15.899, 12536224231920, datacollector.dll, DataCollectionTestCaseEventHandler: Test case started.
TpTrace Information: 0 : 12164, 5, 2020/11/30, 14:15:15.901, 12536224253072, datacollector.dll, DataCollectionTestCaseEventHandler : Test case completing.
TpTrace Information: 0 : 12164, 5, 2020/11/30, 14:15:15.901, 12536224258014, datacollector.dll, Blame Collector : Test Case End
TpTrace Error: 0 : 12164, 5, 2020/11/30, 14:15:15.902, 12536224260343, datacollector.dll, DataCollectionAttachmentManager.GetAttachments: Fail to get attachments: System.Collections.Generic.KeyNotFoundException: The given key 'Microsoft.VisualStudio.TestPlatform.ObjectModel.DataCollection.DataCollectionContext' was not present in the dictionary.
   at System.Collections.Generic.Dictionary`2.get_Item(TKey key)
   at Microsoft.VisualStudio.TestPlatform.Common.DataCollector.DataCollectionAttachmentManager.GetAttachments(DataCollectionContext dataCollectionContext) 
TpTrace Information: 0 : 12164, 5, 2020/11/30, 14:15:15.902, 12536224262604, datacollector.dll, DataCollectionTestCaseEventHandler: Test case completed
TpTrace Information: 0 : 12164, 5, 2020/11/30, 14:15:15.903, 12536224276217, datacollector.dll, DataCollectionTestCaseEventHandler: Test case starting.
TpTrace Information: 0 : 12164, 5, 2020/11/30, 14:15:15.904, 12536224281038, datacollector.dll, Blame Collector : Test Case Start
TpTrace Information: 0 : 12164, 5, 2020/11/30, 14:15:15.904, 12536224283235, datacollector.dll, DataCollectionTestCaseEventHandler: Test case started.
TpTrace Information: 0 : 12164, 5, 2020/11/30, 14:15:15.932, 12536224566535, datacollector.dll, DataCollectionTestCaseEventHandler : Test case completing.
TpTrace Information: 0 : 12164, 5, 2020/11/30, 14:15:15.935, 12536224596306, datacollector.dll, Blame Collector : Test Case End
TpTrace Error: 0 : 12164, 5, 2020/11/30, 14:15:15.936, 12536224607630, datacollector.dll, DataCollectionAttachmentManager.GetAttachments: Fail to get attachments: System.Collections.Generic.KeyNotFoundException: The given key 'Microsoft.VisualStudio.TestPlatform.ObjectModel.DataCollection.DataCollectionContext' was not present in the dictionary.
   at System.Collections.Generic.Dictionary`2.get_Item(TKey key)
   at Microsoft.VisualStudio.TestPlatform.Common.DataCollector.DataCollectionAttachmentManager.GetAttachments(DataCollectionContext dataCollectionContext) 
TpTrace Information: 0 : 12164, 5, 2020/11/30, 14:15:15.937, 12536224617702, datacollector.dll, DataCollectionTestCaseEventHandler: Test case completed
TpTrace Information: 0 : 12164, 5, 2020/11/30, 14:15:15.940, 12536224639167, datacollector.dll, DataCollectionTestCaseEventHandler: Test case starting.
TpTrace Information: 0 : 12164, 5, 2020/11/30, 14:15:15.942, 12536224660047, datacollector.dll, Blame Collector : Test Case Start
TpTrace Information: 0 : 12164, 5, 2020/11/30, 14:15:15.942, 12536224665491, datacollector.dll, DataCollectionTestCaseEventHandler: Test case started.
TpTrace Information: 0 : 12164, 5, 2020/11/30, 14:15:15.945, 12536224688697, datacollector.dll, DataCollectionTestCaseEventHandler : Test case completing.
TpTrace Information: 0 : 12164, 5, 2020/11/30, 14:15:15.946, 12536224700368, datacollector.dll, Blame Collector : Test Case End
TpTrace Error: 0 : 12164, 5, 2020/11/30, 14:15:15.946, 12536224706403, datacollector.dll, DataCollectionAttachmentManager.GetAttachments: Fail to get attachments: System.Collections.Generic.KeyNotFoundException: The given key 'Microsoft.VisualStudio.TestPlatform.ObjectModel.DataCollection.DataCollectionContext' was not present in the dictionary.
   at System.Collections.Generic.Dictionary`2.get_Item(TKey key)
   at Microsoft.VisualStudio.TestPlatform.Common.DataCollector.DataCollectionAttachmentManager.GetAttachments(DataCollectionContext dataCollectionContext) 
TpTrace Information: 0 : 12164, 5, 2020/11/30, 14:15:15.947, 12536224712123, datacollector.dll, DataCollectionTestCaseEventHandler: Test case completed
TpTrace Information: 0 : 12164, 5, 2020/11/30, 14:15:15.948, 12536224724674, datacollector.dll, DataCollectionTestCaseEventHandler: Test case starting.
TpTrace Information: 0 : 12164, 5, 2020/11/30, 14:15:15.949, 12536224734343, datacollector.dll, Blame Collector : Test Case Start
TpTrace Information: 0 : 12164, 5, 2020/11/30, 14:15:15.950, 12536224739152, datacollector.dll, DataCollectionTestCaseEventHandler: Test case started.
TpTrace Information: 0 : 12164, 5, 2020/11/30, 14:15:15.951, 12536224758096, datacollector.dll, DataCollectionTestCaseEventHandler : Test case completing.
TpTrace Information: 0 : 12164, 5, 2020/11/30, 14:15:15.952, 12536224767266, datacollector.dll, Blame Collector : Test Case End
TpTrace Error: 0 : 12164, 5, 2020/11/30, 14:15:15.953, 12536224774269, datacollector.dll, DataCollectionAttachmentManager.GetAttachments: Fail to get attachments: System.Collections.Generic.KeyNotFoundException: The given key 'Microsoft.VisualStudio.TestPlatform.ObjectModel.DataCollection.DataCollectionContext' was not present in the dictionary.
   at System.Collections.Generic.Dictionary`2.get_Item(TKey key)
   at Microsoft.VisualStudio.TestPlatform.Common.DataCollector.DataCollectionAttachmentManager.GetAttachments(DataCollectionContext dataCollectionContext) 
TpTrace Information: 0 : 12164, 5, 2020/11/30, 14:15:15.954, 12536224780895, datacollector.dll, DataCollectionTestCaseEventHandler: Test case completed
TpTrace Information: 0 : 12164, 5, 2020/11/30, 14:15:15.955, 12536224797313, datacollector.dll, DataCollectionTestCaseEventHandler: Test case starting.
TpTrace Information: 0 : 12164, 5, 2020/11/30, 14:15:15.956, 12536224805398, datacollector.dll, Blame Collector : Test Case Start
TpTrace Information: 0 : 12164, 5, 2020/11/30, 14:15:15.957, 12536224811183, datacollector.dll, DataCollectionTestCaseEventHandler: Test case started.
TpTrace Information: 0 : 12164, 5, 2020/11/30, 14:15:15.959, 12536224835804, datacollector.dll, DataCollectionTestCaseEventHandler : Test case completing.
TpTrace Information: 0 : 12164, 5, 2020/11/30, 14:15:15.960, 12536224844998, datacollector.dll, Blame Collector : Test Case End
TpTrace Error: 0 : 12164, 5, 2020/11/30, 14:15:15.961, 12536224849468, datacollector.dll, DataCollectionAttachmentManager.GetAttachments: Fail to get attachments: System.Collections.Generic.KeyNotFoundException: The given key 'Microsoft.VisualStudio.TestPlatform.ObjectModel.DataCollection.DataCollectionContext' was not present in the dictionary.
   at System.Collections.Generic.Dictionary`2.get_Item(TKey key)
   at Microsoft.VisualStudio.TestPlatform.Common.DataCollector.DataCollectionAttachmentManager.GetAttachments(DataCollectionContext dataCollectionContext) 
TpTrace Information: 0 : 12164, 5, 2020/11/30, 14:15:15.961, 12536224853841, datacollector.dll, DataCollectionTestCaseEventHandler: Test case completed
TpTrace Information: 0 : 12164, 5, 2020/11/30, 14:15:15.964, 12536224879591, datacollector.dll, DataCollectionTestCaseEventHandler: Test case starting.
TpTrace Information: 0 : 12164, 5, 2020/11/30, 14:15:15.966, 12536224899716, datacollector.dll, AssemblyResolver.OnResolve: System.Private.DataContractSerialization.resources: Resolving assembly.
TpTrace Information: 0 : 12164, 5, 2020/11/30, 14:15:15.966, 12536224904107, datacollector.dll, AssemblyResolver.OnResolve: System.Private.DataContractSerialization.resources: Failed to load assembly.
TpTrace Information: 0 : 12164, 5, 2020/11/30, 14:15:15.966, 12536224907180, datacollector.dll, AssemblyResolver.OnResolve: System.Private.DataContractSerialization.resources: Resolving assembly.
TpTrace Information: 0 : 12164, 5, 2020/11/30, 14:15:15.966, 12536224908078, datacollector.dll, AssemblyResolver.OnResolve: System.Private.DataContractSerialization.resources: Resolved from cache.
TpTrace Information: 0 : 12164, 5, 2020/11/30, 14:15:15.972, 12536224963609, datacollector.dll, Blame Collector : Test Case Start
TpTrace Information: 0 : 12164, 5, 2020/11/30, 14:15:15.972, 12536224967695, datacollector.dll, DataCollectionTestCaseEventHandler: Test case started.
TpTrace Information: 0 : 12164, 5, 2020/11/30, 14:15:15.975, 12536224989401, datacollector.dll, DataCollectionTestCaseEventHandler : Test case completing.
TpTrace Information: 0 : 12164, 5, 2020/11/30, 14:15:15.975, 12536224998040, datacollector.dll, Blame Collector : Test Case End
TpTrace Error: 0 : 12164, 5, 2020/11/30, 14:15:15.976, 12536225002371, datacollector.dll, DataCollectionAttachmentManager.GetAttachments: Fail to get attachments: System.Collections.Generic.KeyNotFoundException: The given key 'Microsoft.VisualStudio.TestPlatform.ObjectModel.DataCollection.DataCollectionContext' was not present in the dictionary.
   at System.Collections.Generic.Dictionary`2.get_Item(TKey key)
   at Microsoft.VisualStudio.TestPlatform.Common.DataCollector.DataCollectionAttachmentManager.GetAttachments(DataCollectionContext dataCollectionContext) 
TpTrace Information: 0 : 12164, 5, 2020/11/30, 14:15:15.976, 12536225006377, datacollector.dll, DataCollectionTestCaseEventHandler: Test case completed
TpTrace Information: 0 : 12164, 5, 2020/11/30, 14:15:15.980, 12536225045774, datacollector.dll, DataCollectionTestCaseEventHandler: Test case starting.
TpTrace Information: 0 : 12164, 5, 2020/11/30, 14:15:15.981, 12536225052982, datacollector.dll, Blame Collector : Test Case Start
TpTrace Information: 0 : 12164, 5, 2020/11/30, 14:15:15.981, 12536225055336, datacollector.dll, DataCollectionTestCaseEventHandler: Test case started.
TpTrace Information: 0 : 12164, 5, 2020/11/30, 14:15:15.983, 12536225078037, datacollector.dll, DataCollectionTestCaseEventHandler : Test case completing.
TpTrace Information: 0 : 12164, 5, 2020/11/30, 14:15:15.984, 12536225082956, datacollector.dll, Blame Collector : Test Case End
TpTrace Error: 0 : 12164, 5, 2020/11/30, 14:15:15.984, 12536225085594, datacollector.dll, DataCollectionAttachmentManager.GetAttachments: Fail to get attachments: System.Collections.Generic.KeyNotFoundException: The given key 'Microsoft.VisualStudio.TestPlatform.ObjectModel.DataCollection.DataCollectionContext' was not present in the dictionary.
   at System.Collections.Generic.Dictionary`2.get_Item(TKey key)
   at Microsoft.VisualStudio.TestPlatform.Common.DataCollector.DataCollectionAttachmentManager.GetAttachments(DataCollectionContext dataCollectionContext) 
TpTrace Information: 0 : 12164, 5, 2020/11/30, 14:15:15.985, 12536225089332, datacollector.dll, DataCollectionTestCaseEventHandler: Test case completed
TpTrace Information: 0 : 12164, 5, 2020/11/30, 14:15:15.986, 12536225103295, datacollector.dll, DataCollectionTestCaseEventHandler: Test case starting.
TpTrace Information: 0 : 12164, 5, 2020/11/30, 14:15:15.987, 12536225109327, datacollector.dll, Blame Collector : Test Case Start
TpTrace Information: 0 : 12164, 5, 2020/11/30, 14:15:15.987, 12536225111370, datacollector.dll, DataCollectionTestCaseEventHandler: Test case started.
TpTrace Information: 0 : 12164, 5, 2020/11/30, 14:15:15.988, 12536225127425, datacollector.dll, DataCollectionTestCaseEventHandler : Test case completing.
TpTrace Information: 0 : 12164, 5, 2020/11/30, 14:15:15.989, 12536225131689, datacollector.dll, Blame Collector : Test Case End
TpTrace Error: 0 : 12164, 5, 2020/11/30, 14:15:15.989, 12536225133970, datacollector.dll, DataCollectionAttachmentManager.GetAttachments: Fail to get attachments: System.Collections.Generic.KeyNotFoundException: The given key 'Microsoft.VisualStudio.TestPlatform.ObjectModel.DataCollection.DataCollectionContext' was not present in the dictionary.
   at System.Collections.Generic.Dictionary`2.get_Item(TKey key)
   at Microsoft.VisualStudio.TestPlatform.Common.DataCollector.DataCollectionAttachmentManager.GetAttachments(DataCollectionContext dataCollectionContext) 
TpTrace Information: 0 : 12164, 5, 2020/11/30, 14:15:15.989, 12536225136103, datacollector.dll, DataCollectionTestCaseEventHandler: Test case completed
TpTrace Information: 0 : 12164, 5, 2020/11/30, 14:15:15.990, 12536225146227, datacollector.dll, DataCollectionTestCaseEventHandler: Test case starting.
TpTrace Information: 0 : 12164, 5, 2020/11/30, 14:15:15.991, 12536225150517, datacollector.dll, Blame Collector : Test Case Start
TpTrace Information: 0 : 12164, 5, 2020/11/30, 14:15:15.991, 12536225152627, datacollector.dll, DataCollectionTestCaseEventHandler: Test case started.
TpTrace Information: 0 : 12164, 5, 2020/11/30, 14:15:15.993, 12536225170588, datacollector.dll, DataCollectionTestCaseEventHandler : Test case completing.
TpTrace Information: 0 : 12164, 5, 2020/11/30, 14:15:15.993, 12536225174584, datacollector.dll, Blame Collector : Test Case End
TpTrace Error: 0 : 12164, 5, 2020/11/30, 14:15:15.993, 12536225177064, datacollector.dll, DataCollectionAttachmentManager.GetAttachments: Fail to get attachments: System.Collections.Generic.KeyNotFoundException: The given key 'Microsoft.VisualStudio.TestPlatform.ObjectModel.DataCollection.DataCollectionContext' was not present in the dictionary.
   at System.Collections.Generic.Dictionary`2.get_Item(TKey key)
   at Microsoft.VisualStudio.TestPlatform.Common.DataCollector.DataCollectionAttachmentManager.GetAttachments(DataCollectionContext dataCollectionContext) 
TpTrace Information: 0 : 12164, 5, 2020/11/30, 14:15:15.994, 12536225179440, datacollector.dll, DataCollectionTestCaseEventHandler: Test case completed
TpTrace Information: 0 : 12164, 5, 2020/11/30, 14:15:15.995, 12536225189180, datacollector.dll, DataCollectionTestCaseEventHandler: Test case starting.
TpTrace Information: 0 : 12164, 5, 2020/11/30, 14:15:15.995, 12536225193516, datacollector.dll, Blame Collector : Test Case Start
TpTrace Information: 0 : 12164, 5, 2020/11/30, 14:15:15.995, 12536225195657, datacollector.dll, DataCollectionTestCaseEventHandler: Test case started.
TpTrace Information: 0 : 12164, 5, 2020/11/30, 14:15:15.998, 12536225226052, datacollector.dll, DataCollectionTestCaseEventHandler : Test case completing.
TpTrace Information: 0 : 12164, 5, 2020/11/30, 14:15:15.999, 12536225232051, datacollector.dll, Blame Collector : Test Case End
TpTrace Error: 0 : 12164, 5, 2020/11/30, 14:15:15.999, 12536225235502, datacollector.dll, DataCollectionAttachmentManager.GetAttachments: Fail to get attachments: System.Collections.Generic.KeyNotFoundException: The given key 'Microsoft.VisualStudio.TestPlatform.ObjectModel.DataCollection.DataCollectionContext' was not present in the dictionary.
   at System.Collections.Generic.Dictionary`2.get_Item(TKey key)
   at Microsoft.VisualStudio.TestPlatform.Common.DataCollector.DataCollectionAttachmentManager.GetAttachments(DataCollectionContext dataCollectionContext) 
TpTrace Information: 0 : 12164, 5, 2020/11/30, 14:15:16.000, 12536225239250, datacollector.dll, DataCollectionTestCaseEventHandler: Test case completed
TpTrace Information: 0 : 12164, 5, 2020/11/30, 14:15:16.001, 12536225254177, datacollector.dll, DataCollectionTestCaseEventHandler: Test case starting.
TpTrace Information: 0 : 12164, 5, 2020/11/30, 14:15:16.002, 12536225259848, datacollector.dll, Blame Collector : Test Case Start
TpTrace Information: 0 : 12164, 5, 2020/11/30, 14:15:16.002, 12536225262003, datacollector.dll, DataCollectionTestCaseEventHandler: Test case started.
TpTrace Information: 0 : 12164, 5, 2020/11/30, 14:15:16.004, 12536225285511, datacollector.dll, DataCollectionTestCaseEventHandler : Test case completing.
TpTrace Information: 0 : 12164, 5, 2020/11/30, 14:15:16.005, 12536225290442, datacollector.dll, Blame Collector : Test Case End
TpTrace Error: 0 : 12164, 5, 2020/11/30, 14:15:16.005, 12536225292541, datacollector.dll, DataCollectionAttachmentManager.GetAttachments: Fail to get attachments: System.Collections.Generic.KeyNotFoundException: The given key 'Microsoft.VisualStudio.TestPlatform.ObjectModel.DataCollection.DataCollectionContext' was not present in the dictionary.
   at System.Collections.Generic.Dictionary`2.get_Item(TKey key)
   at Microsoft.VisualStudio.TestPlatform.Common.DataCollector.DataCollectionAttachmentManager.GetAttachments(DataCollectionContext dataCollectionContext) 
TpTrace Information: 0 : 12164, 5, 2020/11/30, 14:15:16.005, 12536225294669, datacollector.dll, DataCollectionTestCaseEventHandler: Test case completed
TpTrace Information: 0 : 12164, 5, 2020/11/30, 14:15:16.006, 12536225307540, datacollector.dll, DataCollectionTestCaseEventHandler: Test case starting.
TpTrace Information: 0 : 12164, 5, 2020/11/30, 14:15:16.007, 12536225312198, datacollector.dll, Blame Collector : Test Case Start
TpTrace Information: 0 : 12164, 5, 2020/11/30, 14:15:16.007, 12536225313951, datacollector.dll, DataCollectionTestCaseEventHandler: Test case started.
TpTrace Information: 0 : 12164, 5, 2020/11/30, 14:15:16.009, 12536225330328, datacollector.dll, DataCollectionTestCaseEventHandler : Test case completing.
TpTrace Information: 0 : 12164, 5, 2020/11/30, 14:15:16.009, 12536225335351, datacollector.dll, Blame Collector : Test Case End
TpTrace Error: 0 : 12164, 5, 2020/11/30, 14:15:16.009, 12536225337279, datacollector.dll, DataCollectionAttachmentManager.GetAttachments: Fail to get attachments: System.Collections.Generic.KeyNotFoundException: The given key 'Microsoft.VisualStudio.TestPlatform.ObjectModel.DataCollection.DataCollectionContext' was not present in the dictionary.
   at System.Collections.Generic.Dictionary`2.get_Item(TKey key)
   at Microsoft.VisualStudio.TestPlatform.Common.DataCollector.DataCollectionAttachmentManager.GetAttachments(DataCollectionContext dataCollectionContext) 
TpTrace Information: 0 : 12164, 5, 2020/11/30, 14:15:16.010, 12536225339320, datacollector.dll, DataCollectionTestCaseEventHandler: Test case completed
TpTrace Information: 0 : 12164, 5, 2020/11/30, 14:15:16.011, 12536225350277, datacollector.dll, DataCollectionTestCaseEventHandler: Test case starting.
TpTrace Information: 0 : 12164, 5, 2020/11/30, 14:15:16.011, 12536225353848, datacollector.dll, Blame Collector : Test Case Start
TpTrace Information: 0 : 12164, 5, 2020/11/30, 14:15:16.011, 12536225355484, datacollector.dll, DataCollectionTestCaseEventHandler: Test case started.
TpTrace Information: 0 : 12164, 5, 2020/11/30, 14:15:16.013, 12536225369520, datacollector.dll, DataCollectionTestCaseEventHandler : Test case completing.
TpTrace Information: 0 : 12164, 5, 2020/11/30, 14:15:16.013, 12536225374435, datacollector.dll, Blame Collector : Test Case End
TpTrace Error: 0 : 12164, 5, 2020/11/30, 14:15:16.013, 12536225376512, datacollector.dll, DataCollectionAttachmentManager.GetAttachments: Fail to get attachments: System.Collections.Generic.KeyNotFoundException: The given key 'Microsoft.VisualStudio.TestPlatform.ObjectModel.DataCollection.DataCollectionContext' was not present in the dictionary.
   at System.Collections.Generic.Dictionary`2.get_Item(TKey key)
   at Microsoft.VisualStudio.TestPlatform.Common.DataCollector.DataCollectionAttachmentManager.GetAttachments(DataCollectionContext dataCollectionContext) 
TpTrace Information: 0 : 12164, 5, 2020/11/30, 14:15:16.014, 12536225378485, datacollector.dll, DataCollectionTestCaseEventHandler: Test case completed
TpTrace Information: 0 : 12164, 5, 2020/11/30, 14:15:16.015, 12536225391044, datacollector.dll, DataCollectionTestCaseEventHandler: Test case starting.
TpTrace Information: 0 : 12164, 5, 2020/11/30, 14:15:16.015, 12536225397103, datacollector.dll, Blame Collector : Test Case Start
TpTrace Information: 0 : 12164, 5, 2020/11/30, 14:15:16.016, 12536225399592, datacollector.dll, DataCollectionTestCaseEventHandler: Test case started.
TpTrace Information: 0 : 12164, 5, 2020/11/30, 14:15:16.017, 12536225412595, datacollector.dll, DataCollectionTestCaseEventHandler : Test case completing.
TpTrace Information: 0 : 12164, 5, 2020/11/30, 14:15:16.017, 12536225417709, datacollector.dll, Blame Collector : Test Case End
TpTrace Error: 0 : 12164, 5, 2020/11/30, 14:15:16.018, 12536225419830, datacollector.dll, DataCollectionAttachmentManager.GetAttachments: Fail to get attachments: System.Collections.Generic.KeyNotFoundException: The given key 'Microsoft.VisualStudio.TestPlatform.ObjectModel.DataCollection.DataCollectionContext' was not present in the dictionary.
   at System.Collections.Generic.Dictionary`2.get_Item(TKey key)
   at Microsoft.VisualStudio.TestPlatform.Common.DataCollector.DataCollectionAttachmentManager.GetAttachments(DataCollectionContext dataCollectionContext) 
TpTrace Information: 0 : 12164, 5, 2020/11/30, 14:15:16.018, 12536225421926, datacollector.dll, DataCollectionTestCaseEventHandler: Test case completed
TpTrace Information: 0 : 12164, 5, 2020/11/30, 14:15:16.019, 12536225433140, datacollector.dll, DataCollectionTestCaseEventHandler: Test case starting.
TpTrace Information: 0 : 12164, 5, 2020/11/30, 14:15:16.019, 12536225437628, datacollector.dll, Blame Collector : Test Case Start
TpTrace Information: 0 : 12164, 5, 2020/11/30, 14:15:16.020, 12536225439506, datacollector.dll, DataCollectionTestCaseEventHandler: Test case started.
TpTrace Information: 0 : 12164, 5, 2020/11/30, 14:15:16.021, 12536225456008, datacollector.dll, DataCollectionTestCaseEventHandler : Test case completing.
TpTrace Information: 0 : 12164, 5, 2020/11/30, 14:15:16.022, 12536225460526, datacollector.dll, Blame Collector : Test Case End
TpTrace Error: 0 : 12164, 5, 2020/11/30, 14:15:16.022, 12536225462809, datacollector.dll, DataCollectionAttachmentManager.GetAttachments: Fail to get attachments: System.Collections.Generic.KeyNotFoundException: The given key 'Microsoft.VisualStudio.TestPlatform.ObjectModel.DataCollection.DataCollectionContext' was not present in the dictionary.
   at System.Collections.Generic.Dictionary`2.get_Item(TKey key)
   at Microsoft.VisualStudio.TestPlatform.Common.DataCollector.DataCollectionAttachmentManager.GetAttachments(DataCollectionContext dataCollectionContext) 
TpTrace Information: 0 : 12164, 5, 2020/11/30, 14:15:16.022, 12536225464805, datacollector.dll, DataCollectionTestCaseEventHandler: Test case completed
TpTrace Information: 0 : 12164, 5, 2020/11/30, 14:15:16.025, 12536225494694, datacollector.dll, DataCollectionTestCaseEventHandler: Test case starting.
TpTrace Information: 0 : 12164, 5, 2020/11/30, 14:15:16.026, 12536225499786, datacollector.dll, Blame Collector : Test Case Start
TpTrace Information: 0 : 12164, 5, 2020/11/30, 14:15:16.026, 12536225502036, datacollector.dll, DataCollectionTestCaseEventHandler: Test case started.
TpTrace Information: 0 : 12164, 5, 2020/11/30, 14:15:16.028, 12536225521370, datacollector.dll, DataCollectionTestCaseEventHandler : Test case completing.
TpTrace Information: 0 : 12164, 5, 2020/11/30, 14:15:16.028, 12536225526037, datacollector.dll, Blame Collector : Test Case End
TpTrace Error: 0 : 12164, 5, 2020/11/30, 14:15:16.029, 12536225528331, datacollector.dll, DataCollectionAttachmentManager.GetAttachments: Fail to get attachments: System.Collections.Generic.KeyNotFoundException: The given key 'Microsoft.VisualStudio.TestPlatform.ObjectModel.DataCollection.DataCollectionContext' was not present in the dictionary.
   at System.Collections.Generic.Dictionary`2.get_Item(TKey key)
   at Microsoft.VisualStudio.TestPlatform.Common.DataCollector.DataCollectionAttachmentManager.GetAttachments(DataCollectionContext dataCollectionContext) 
TpTrace Information: 0 : 12164, 5, 2020/11/30, 14:15:16.029, 12536225530574, datacollector.dll, DataCollectionTestCaseEventHandler: Test case completed
TpTrace Information: 0 : 12164, 5, 2020/11/30, 14:15:16.030, 12536225541807, datacollector.dll, DataCollectionTestCaseEventHandler: Test case starting.
TpTrace Information: 0 : 12164, 5, 2020/11/30, 14:15:16.031, 12536225549043, datacollector.dll, Blame Collector : Test Case Start
TpTrace Information: 0 : 12164, 5, 2020/11/30, 14:15:16.031, 12536225551734, datacollector.dll, DataCollectionTestCaseEventHandler: Test case started.
TpTrace Information: 0 : 12164, 5, 2020/11/30, 14:15:16.032, 12536225568005, datacollector.dll, DataCollectionTestCaseEventHandler : Test case completing.
TpTrace Information: 0 : 12164, 5, 2020/11/30, 14:15:16.033, 12536225572582, datacollector.dll, Blame Collector : Test Case End
TpTrace Error: 0 : 12164, 5, 2020/11/30, 14:15:16.033, 12536225574992, datacollector.dll, DataCollectionAttachmentManager.GetAttachments: Fail to get attachments: System.Collections.Generic.KeyNotFoundException: The given key 'Microsoft.VisualStudio.TestPlatform.ObjectModel.DataCollection.DataCollectionContext' was not present in the dictionary.
   at System.Collections.Generic.Dictionary`2.get_Item(TKey key)
   at Microsoft.VisualStudio.TestPlatform.Common.DataCollector.DataCollectionAttachmentManager.GetAttachments(DataCollectionContext dataCollectionContext) 
TpTrace Information: 0 : 12164, 5, 2020/11/30, 14:15:16.033, 12536225577304, datacollector.dll, DataCollectionTestCaseEventHandler: Test case completed
TpTrace Information: 0 : 12164, 5, 2020/11/30, 14:15:16.034, 12536225586775, datacollector.dll, DataCollectionTestCaseEventHandler: Test case starting.
TpTrace Information: 0 : 12164, 5, 2020/11/30, 14:15:16.035, 12536225591337, datacollector.dll, Blame Collector : Test Case Start
TpTrace Information: 0 : 12164, 5, 2020/11/30, 14:15:16.035, 12536225593485, datacollector.dll, DataCollectionTestCaseEventHandler: Test case started.
TpTrace Information: 0 : 12164, 5, 2020/11/30, 14:15:16.036, 12536225604137, datacollector.dll, DataCollectionTestCaseEventHandler : Test case completing.
TpTrace Information: 0 : 12164, 5, 2020/11/30, 14:15:16.037, 12536225608571, datacollector.dll, Blame Collector : Test Case End
TpTrace Error: 0 : 12164, 5, 2020/11/30, 14:15:16.037, 12536225610956, datacollector.dll, DataCollectionAttachmentManager.GetAttachments: Fail to get attachments: System.Collections.Generic.KeyNotFoundException: The given key 'Microsoft.VisualStudio.TestPlatform.ObjectModel.DataCollection.DataCollectionContext' was not present in the dictionary.
   at System.Collections.Generic.Dictionary`2.get_Item(TKey key)
   at Microsoft.VisualStudio.TestPlatform.Common.DataCollector.DataCollectionAttachmentManager.GetAttachments(DataCollectionContext dataCollectionContext) 
TpTrace Information: 0 : 12164, 5, 2020/11/30, 14:15:16.037, 12536225613294, datacollector.dll, DataCollectionTestCaseEventHandler: Test case completed
TpTrace Information: 0 : 12164, 5, 2020/11/30, 14:15:16.041, 12536225655226, datacollector.dll, DataCollectionTestCaseEventHandler: Test session ended
TpTrace Information: 0 : 12164, 1, 2020/11/30, 14:15:16.092, 12536226161389, datacollector.dll, DataCollectionRequestHandler.ProcessRequests : Datacollector received message: (DataCollection.AfterTestRunEnd) -> false
TpTrace Information: 0 : 12164, 1, 2020/11/30, 14:15:16.093, 12536226172647, datacollector.dll, Blame Collector : Session End
TpTrace Error: 0 : 12164, 1, 2020/11/30, 14:15:16.093, 12536226176205, datacollector.dll, DataCollectionAttachmentManager.GetAttachments: Fail to get attachments: System.Collections.Generic.KeyNotFoundException: The given key 'Microsoft.VisualStudio.TestPlatform.ObjectModel.DataCollection.DataCollectionContext' was not present in the dictionary.
   at System.Collections.Generic.Dictionary`2.get_Item(TKey key)
   at Microsoft.VisualStudio.TestPlatform.Common.DataCollector.DataCollectionAttachmentManager.GetAttachments(DataCollectionContext dataCollectionContext) 
TpTrace Information: 0 : 12164, 1, 2020/11/30, 14:15:16.093, 12536226177493, datacollector.dll, DataCollectionManager.CleanupPlugins: CleanupPlugins called
TpTrace Verbose: 0 : 12164, 1, 2020/11/30, 14:15:16.094, 12536226178391, datacollector.dll, DataCollectionManager.CleanupPlugins: Cleaning up 1 plugins
TpTrace Verbose: 0 : 12164, 1, 2020/11/30, 14:15:16.094, 12536226180062, datacollector.dll, dataCollectorInfo.DisposeDataCollector: calling Dispose() on Microsoft.TestPlatform.Extensions.BlameDataCollector.BlameCollector
TpTrace Information: 0 : 12164, 1, 2020/11/30, 14:15:16.094, 12536226181238, datacollector.dll, DataCollectionManager.CleanupPlugins: CleanupPlugins finished
TpTrace Information: 0 : 12164, 1, 2020/11/30, 14:15:16.094, 12536226183665, datacollector.dll, DataCollectionRequestHandler.ProcessRequests : Session End message received from server. Closing the connection.
TpTrace Information: 0 : 12164, 1, 2020/11/30, 14:15:16.094, 12536226185877, datacollector.dll, Closing the connection !
TpTrace Information: 0 : 12164, 1, 2020/11/30, 14:15:16.094, 12536226186989, datacollector.dll, DataCollectionRequestHandler.ProcessRequests : DataCollection completed
TpTrace Information: 0 : 12164, 1, 2020/11/30, 14:15:16.094, 12536226187727, datacollector.dll, Program.Main: exiting datacollector process.
