TpTrace Information: 0 : 12184, 1, 2020/11/29, 18:21:55.356, 2064462492661, datacollector.dll, DataCollectorMain.Run: Starting data collector run with args: --port,61453,--parentprocessid,5332,--diag,C:\Users\Korisnik\source\repos\VVS_zadaca2\Hypo Banka\Unit Testovi\bin\Debug\fine-code-coverage\_outputfolder\diagnostics.datacollector.20-11-29_18-21-55_16651_4.log,--tracelevel,4
TpTrace Information: 0 : 12184, 1, 2020/11/29, 18:21:55.367, 2064462542978, datacollector.dll, DataCollector: Monitoring parent process with id: '5332'
TpTrace Information: 0 : 12184, 1, 2020/11/29, 18:21:55.386, 2064462734657, datacollector.dll, Trying to connect to server on socket : 127.0.0.1:61453 
TpTrace Verbose: 0 : 12184, 1, 2020/11/29, 18:21:55.412, 2064462988324, datacollector.dll, SocketCommunicationManager : SetupClientAsync : Attempting to connect to the server.
TpTrace Information: 0 : 12184, 5, 2020/11/29, 18:21:55.434, 2064463214002, datacollector.dll, Connected to the server successfully 
TpTrace Information: 0 : 12184, 5, 2020/11/29, 18:21:55.434, 2064463215652, datacollector.dll, Using the buffer size of 16384 bytes
TpTrace Information: 0 : 12184, 1, 2020/11/29, 18:21:55.554, 2064464416696, datacollector.dll, DataCollector: Start Request Processing.
TpTrace Information: 0 : 12184, 1, 2020/11/29, 18:21:55.560, 2064464474436, datacollector.dll, DataCollectionRequestHandler.ProcessRequests : Datacollector received message: (DataCollection.BeforeTestRunStart) -> {
  "SettingsXml": "<RunSettings><RunConfiguration><ResultsDirectory>C:\\Users\\Korisnik\\source\\repos\\VVS_zadaca2\\Hypo Banka\\Unit Testovi\\bin\\Debug\\fine-code-coverage\\_outputfolder</ResultsDirectory><TargetPlatform>X64</TargetPlatform><TargetFrameworkVersion>.NETCoreApp,Version=v3.1</TargetFrameworkVersion><DesignMode>False</DesignMode><CollectSourceInformation>False</CollectSourceInformation><TestAdaptersPaths>C:\\Program Files\\dotnet\\sdk\\3.1.201\\Extensions</TestAdaptersPaths></RunConfiguration><LoggerRunSettings><Loggers><Logger friendlyName=\"blame\" enabled=\"True\" /><Logger friendlyName=\"Console\" uri=\"logger://microsoft/TestPlatform/ConsoleLogger/v1\" assemblyQualifiedName=\"Microsoft.VisualStudio.TestPlatform.CommandLine.Internal.ConsoleLogger, vstest.console, Version=15.0.0.0, Culture=neutral, PublicKeyToken=b03f5f7f11d50a3a\" codeBase=\"C:\\Program Files\\dotnet\\sdk\\3.1.201\\vstest.console.dll\" enabled=\"True\" /></Loggers></LoggerRunSettings><DataCollectionRunSettings><DataCollectors><DataCollector friendlyName=\"blame\" enabled=\"True\"><Configuration><ResultsDirectory>C:\\Users\\Korisnik\\source\\repos\\VVS_zadaca2\\Hypo Banka\\Unit Testovi\\bin\\Debug\\fine-code-coverage\\_outputfolder</ResultsDirectory></Configuration></DataCollector></DataCollectors></DataCollectionRunSettings></RunSettings>",
  "Sources": [
    "C:\\Users\\Korisnik\\source\\repos\\VVS_zadaca2\\Hypo Banka\\Unit Testovi\\bin\\Debug\\fine-code-coverage\\Unit Testovi.dll"
  ]
}
TpTrace Verbose: 0 : 12184, 1, 2020/11/29, 18:21:55.636, 2064465233330, datacollector.dll, TestPluginCache: Update extensions started. Skip filter = False
TpTrace Verbose: 0 : 12184, 1, 2020/11/29, 18:21:55.637, 2064465246583, datacollector.dll, TestPluginCache: Using directories for assembly resolution 'C:\Program Files\dotnet\sdk\3.1.201\Extensions'.
TpTrace Verbose: 0 : 12184, 1, 2020/11/29, 18:21:55.637, 2064465247926, datacollector.dll, TestPluginCache: Updated the available extensions to 'C:\Program Files\dotnet\sdk\3.1.201\Extensions\Microsoft.TestPlatform.Extensions.BlameDataCollector.dll,C:\Program Files\dotnet\sdk\3.1.201\Extensions\Microsoft.TestPlatform.Extensions.EventLogCollector.dll'.
TpTrace Verbose: 0 : 12184, 1, 2020/11/29, 18:21:55.647, 2064465344288, datacollector.dll, TestPluginCache.DiscoverTestExtensions: finding test extensions in assemblies endswith: Collector.dll TPluginInfo: Microsoft.VisualStudio.TestPlatform.Common.DataCollector.DataCollectorConfig TExtension: Microsoft.VisualStudio.TestPlatform.ObjectModel.DataCollection.DataCollector
TpTrace Verbose: 0 : 12184, 1, 2020/11/29, 18:21:55.647, 2064465347388, datacollector.dll, TestPluginCache.GetExtensionPaths: Filtered extension paths: C:\Program Files\dotnet\sdk\3.1.201\Extensions\Microsoft.TestPlatform.Extensions.BlameDataCollector.dll
C:\Program Files\dotnet\sdk\3.1.201\Extensions\Microsoft.TestPlatform.Extensions.EventLogCollector.dll
TpTrace Verbose: 0 : 12184, 1, 2020/11/29, 18:21:55.648, 2064465349678, datacollector.dll, TestPluginCache.GetExtensionPaths: Added default extension paths: 
TpTrace Verbose: 0 : 12184, 1, 2020/11/29, 18:21:55.648, 2064465350578, datacollector.dll, TestPluginCache.GetExtensionPaths: Added unfilterableExtensionPaths: 
TpTrace Information: 0 : 12184, 1, 2020/11/29, 18:21:55.649, 2064465360499, datacollector.dll, AssemblyResolver.ctor: Creating AssemblyResolver with searchDirectories C:\Program Files\dotnet\sdk\3.1.201\Extensions,C:\Program Files\dotnet\sdk\3.1.201
TpTrace Verbose: 0 : 12184, 1, 2020/11/29, 18:21:55.651, 2064465380526, datacollector.dll, TestPluginCache.DiscoverTestExtensions: Discovering the extensions using extension path.
TpTrace Verbose: 0 : 12184, 1, 2020/11/29, 18:21:55.651, 2064465382862, datacollector.dll, TestPluginCache.GetExtensionPaths: Filtered extension paths: C:\Program Files\dotnet\sdk\3.1.201\Extensions\Microsoft.TestPlatform.Extensions.BlameDataCollector.dll
C:\Program Files\dotnet\sdk\3.1.201\Extensions\Microsoft.TestPlatform.Extensions.EventLogCollector.dll
TpTrace Verbose: 0 : 12184, 1, 2020/11/29, 18:21:55.651, 2064465383511, datacollector.dll, TestPluginCache.GetExtensionPaths: Added default extension paths: 
TpTrace Verbose: 0 : 12184, 1, 2020/11/29, 18:21:55.651, 2064465384101, datacollector.dll, TestPluginCache.GetExtensionPaths: Added unfilterableExtensionPaths: 
TpTrace Verbose: 0 : 12184, 1, 2020/11/29, 18:21:55.651, 2064465384941, datacollector.dll, TestPluginCache.DiscoverTestExtensions: Discovering the extensions using allExtensionPaths: C:\Program Files\dotnet\sdk\3.1.201\Extensions\Microsoft.TestPlatform.Extensions.BlameDataCollector.dll
C:\Program Files\dotnet\sdk\3.1.201\Extensions\Microsoft.TestPlatform.Extensions.EventLogCollector.dll
TpTrace Information: 0 : 12184, 1, 2020/11/29, 18:21:55.651, 2064465386685, datacollector.dll, AssemblyResolver.AddSearchDirectories: Adding more searchDirectories C:\Program Files\dotnet\sdk\3.1.201\Extensions,C:\Program Files\dotnet\sdk\3.1.201
TpTrace Information: 0 : 12184, 1, 2020/11/29, 18:21:55.651, 2064465387581, datacollector.dll, AssemblyResolver.AddSearchDirectories: Adding more searchDirectories C:\Program Files\dotnet\sdk\3.1.201\Extensions,C:\Program Files\dotnet\sdk\3.1.201
TpTrace Information: 0 : 12184, 1, 2020/11/29, 18:21:55.652, 2064465393703, datacollector.dll, AssemblyResolver.OnResolve: Microsoft.TestPlatform.Extensions.BlameDataCollector: Resolving assembly.
TpTrace Information: 0 : 12184, 1, 2020/11/29, 18:21:55.653, 2064465404941, datacollector.dll, AssemblyResolver.OnResolve: Resolved assembly: Microsoft.TestPlatform.Extensions.BlameDataCollector, from path: C:\Program Files\dotnet\sdk\3.1.201\Extensions\Microsoft.TestPlatform.Extensions.BlameDataCollector.dll
TpTrace Error: 0 : 12184, 1, 2020/11/29, 18:21:55.654, 2064465417301, datacollector.dll, The type "Microsoft.TestPlatform.Extensions.BlameDataCollector.BlameCollector" defined in "Microsoft.TestPlatform.Extensions.BlameDataCollector.dll" does not have ExtensionUri attibute.
TpTrace Information: 0 : 12184, 1, 2020/11/29, 18:21:55.655, 2064465426867, datacollector.dll, AssemblyResolver.OnResolve: Microsoft.TestPlatform.Extensions.EventLogCollector: Resolving assembly.
TpTrace Information: 0 : 12184, 1, 2020/11/29, 18:21:55.656, 2064465435267, datacollector.dll, AssemblyResolver.OnResolve: Resolved assembly: Microsoft.TestPlatform.Extensions.EventLogCollector, from path: C:\Program Files\dotnet\sdk\3.1.201\Extensions\Microsoft.TestPlatform.Extensions.EventLogCollector.dll
TpTrace Error: 0 : 12184, 1, 2020/11/29, 18:21:55.658, 2064465453509, datacollector.dll, The type "Microsoft.TestPlatform.Extensions.EventLogCollector.EventLogDataCollector" defined in "Microsoft.TestPlatform.Extensions.EventLogCollector.dll" does not have ExtensionUri attibute.
TpTrace Verbose: 0 : 12184, 1, 2020/11/29, 18:21:55.659, 2064465458647, datacollector.dll, TestPluginCache: Discovered the extensions using extension path 'C:\Program Files\dotnet\sdk\3.1.201\Extensions\Microsoft.TestPlatform.Extensions.BlameDataCollector.dll,C:\Program Files\dotnet\sdk\3.1.201\Extensions\Microsoft.TestPlatform.Extensions.EventLogCollector.dll'.
TpTrace Verbose: 0 : 12184, 1, 2020/11/29, 18:21:55.659, 2064465459520, datacollector.dll, TestPluginCache: Discoverers are ''.
TpTrace Verbose: 0 : 12184, 1, 2020/11/29, 18:21:55.659, 2064465460113, datacollector.dll, TestPluginCache: Executors are ''.
TpTrace Verbose: 0 : 12184, 1, 2020/11/29, 18:21:55.659, 2064465460536, datacollector.dll, TestPluginCache: Setting providers are ''.
TpTrace Verbose: 0 : 12184, 1, 2020/11/29, 18:21:55.659, 2064465460933, datacollector.dll, TestPluginCache: Loggers are ''.
TpTrace Information: 0 : 12184, 1, 2020/11/29, 18:21:55.661, 2064465480858, datacollector.dll, TestPluginManager.CreateTestExtension: Attempting to load test extension: Microsoft.TestPlatform.Extensions.BlameDataCollector.BlameCollector
TpTrace Error: 0 : 12184, 1, 2020/11/29, 18:21:55.661, 2064465483093, datacollector.dll, The type "Microsoft.TestPlatform.Extensions.BlameDataCollector.BlameCollector" defined in "Microsoft.TestPlatform.Extensions.BlameDataCollector.dll" does not have ExtensionUri attibute.
TpTrace Information: 0 : 12184, 1, 2020/11/29, 18:21:55.669, 2064465561340, datacollector.dll, Listening on Endpoint : 127.0.0.1:61455
TpTrace Information: 0 : 12184, 1, 2020/11/29, 18:21:55.681, 2064465683760, datacollector.dll, DataCollectionRequestHandler.ProcessRequests : DataCollection started.
TpTrace Information: 0 : 12184, 1, 2020/11/29, 18:21:55.733, 2064466199690, datacollector.dll, DataCollectionRequestHandler.ProcessRequests : Datacollector received message: (DataCollection.TestHostLaunched) -> {
  "ProcessId": 7660
}
TpTrace Information: 0 : 12184, 6, 2020/11/29, 18:21:56.023, 2064469108736, datacollector.dll, Using the buffer size of 16384 bytes
TpTrace Information: 0 : 12184, 6, 2020/11/29, 18:21:56.024, 2064469114185, datacollector.dll, Accepted Client request and set the flag
TpTrace Information: 0 : 12184, 5, 2020/11/29, 18:21:56.699, 2064475867500, datacollector.dll, DataCollectionTestCaseEventHandler: Test case starting.
TpTrace Information: 0 : 12184, 5, 2020/11/29, 18:21:56.744, 2064476308458, datacollector.dll, Blame Collector : Test Case Start
TpTrace Information: 0 : 12184, 5, 2020/11/29, 18:21:56.744, 2064476313400, datacollector.dll, DataCollectionTestCaseEventHandler: Test case started.
TpTrace Information: 0 : 12184, 5, 2020/11/29, 18:21:56.839, 2064477260164, datacollector.dll, DataCollectionTestCaseEventHandler : Test case completing.
TpTrace Information: 0 : 12184, 5, 2020/11/29, 18:21:56.843, 2064477305722, datacollector.dll, Blame Collector : Test Case End
TpTrace Error: 0 : 12184, 5, 2020/11/29, 18:21:56.862, 2064477491940, datacollector.dll, DataCollectionAttachmentManager.GetAttachments: Fail to get attachments: System.Collections.Generic.KeyNotFoundException: The given key 'Microsoft.VisualStudio.TestPlatform.ObjectModel.DataCollection.DataCollectionContext' was not present in the dictionary.
   at System.Collections.Generic.Dictionary`2.get_Item(TKey key)
   at Microsoft.VisualStudio.TestPlatform.Common.DataCollector.DataCollectionAttachmentManager.GetAttachments(DataCollectionContext dataCollectionContext) 
TpTrace Information: 0 : 12184, 5, 2020/11/29, 18:21:56.866, 2064477536834, datacollector.dll, DataCollectionTestCaseEventHandler: Test case completed
TpTrace Information: 0 : 12184, 5, 2020/11/29, 18:21:56.881, 2064477678786, datacollector.dll, DataCollectionTestCaseEventHandler: Test case starting.
TpTrace Information: 0 : 12184, 5, 2020/11/29, 18:21:56.881, 2064477683885, datacollector.dll, Blame Collector : Test Case Start
TpTrace Information: 0 : 12184, 5, 2020/11/29, 18:21:56.881, 2064477685798, datacollector.dll, DataCollectionTestCaseEventHandler: Test case started.
TpTrace Information: 0 : 12184, 5, 2020/11/29, 18:21:56.883, 2064477706134, datacollector.dll, DataCollectionTestCaseEventHandler : Test case completing.
TpTrace Information: 0 : 12184, 5, 2020/11/29, 18:21:56.884, 2064477715063, datacollector.dll, Blame Collector : Test Case End
TpTrace Error: 0 : 12184, 5, 2020/11/29, 18:21:56.885, 2064477719408, datacollector.dll, DataCollectionAttachmentManager.GetAttachments: Fail to get attachments: System.Collections.Generic.KeyNotFoundException: The given key 'Microsoft.VisualStudio.TestPlatform.ObjectModel.DataCollection.DataCollectionContext' was not present in the dictionary.
   at System.Collections.Generic.Dictionary`2.get_Item(TKey key)
   at Microsoft.VisualStudio.TestPlatform.Common.DataCollector.DataCollectionAttachmentManager.GetAttachments(DataCollectionContext dataCollectionContext) 
TpTrace Information: 0 : 12184, 5, 2020/11/29, 18:21:56.885, 2064477721717, datacollector.dll, DataCollectionTestCaseEventHandler: Test case completed
TpTrace Information: 0 : 12184, 5, 2020/11/29, 18:21:56.887, 2064477740164, datacollector.dll, DataCollectionTestCaseEventHandler: Test case starting.
TpTrace Information: 0 : 12184, 5, 2020/11/29, 18:21:56.887, 2064477745184, datacollector.dll, Blame Collector : Test Case Start
TpTrace Information: 0 : 12184, 5, 2020/11/29, 18:21:56.887, 2064477746597, datacollector.dll, DataCollectionTestCaseEventHandler: Test case started.
TpTrace Information: 0 : 12184, 5, 2020/11/29, 18:21:56.889, 2064477765476, datacollector.dll, DataCollectionTestCaseEventHandler : Test case completing.
TpTrace Information: 0 : 12184, 5, 2020/11/29, 18:21:56.894, 2064477813985, datacollector.dll, Blame Collector : Test Case End
TpTrace Error: 0 : 12184, 5, 2020/11/29, 18:21:56.894, 2064477817198, datacollector.dll, DataCollectionAttachmentManager.GetAttachments: Fail to get attachments: System.Collections.Generic.KeyNotFoundException: The given key 'Microsoft.VisualStudio.TestPlatform.ObjectModel.DataCollection.DataCollectionContext' was not present in the dictionary.
   at System.Collections.Generic.Dictionary`2.get_Item(TKey key)
   at Microsoft.VisualStudio.TestPlatform.Common.DataCollector.DataCollectionAttachmentManager.GetAttachments(DataCollectionContext dataCollectionContext) 
TpTrace Information: 0 : 12184, 5, 2020/11/29, 18:21:56.895, 2064477819082, datacollector.dll, DataCollectionTestCaseEventHandler: Test case completed
TpTrace Information: 0 : 12184, 5, 2020/11/29, 18:21:56.897, 2064477838439, datacollector.dll, DataCollectionTestCaseEventHandler: Test case starting.
TpTrace Information: 0 : 12184, 5, 2020/11/29, 18:21:56.897, 2064477843754, datacollector.dll, Blame Collector : Test Case Start
TpTrace Information: 0 : 12184, 5, 2020/11/29, 18:21:56.897, 2064477845548, datacollector.dll, DataCollectionTestCaseEventHandler: Test case started.
TpTrace Information: 0 : 12184, 5, 2020/11/29, 18:21:56.909, 2064477961722, datacollector.dll, DataCollectionTestCaseEventHandler : Test case completing.
TpTrace Information: 0 : 12184, 5, 2020/11/29, 18:21:56.909, 2064477966153, datacollector.dll, Blame Collector : Test Case End
TpTrace Error: 0 : 12184, 5, 2020/11/29, 18:21:56.910, 2064477968156, datacollector.dll, DataCollectionAttachmentManager.GetAttachments: Fail to get attachments: System.Collections.Generic.KeyNotFoundException: The given key 'Microsoft.VisualStudio.TestPlatform.ObjectModel.DataCollection.DataCollectionContext' was not present in the dictionary.
   at System.Collections.Generic.Dictionary`2.get_Item(TKey key)
   at Microsoft.VisualStudio.TestPlatform.Common.DataCollector.DataCollectionAttachmentManager.GetAttachments(DataCollectionContext dataCollectionContext) 
TpTrace Information: 0 : 12184, 5, 2020/11/29, 18:21:56.910, 2064477969690, datacollector.dll, DataCollectionTestCaseEventHandler: Test case completed
TpTrace Information: 0 : 12184, 5, 2020/11/29, 18:21:56.911, 2064477981386, datacollector.dll, DataCollectionTestCaseEventHandler: Test case starting.
TpTrace Information: 0 : 12184, 5, 2020/11/29, 18:21:56.911, 2064477985775, datacollector.dll, Blame Collector : Test Case Start
TpTrace Information: 0 : 12184, 5, 2020/11/29, 18:21:56.911, 2064477987559, datacollector.dll, DataCollectionTestCaseEventHandler: Test case started.
TpTrace Information: 0 : 12184, 5, 2020/11/29, 18:21:56.914, 2064478018042, datacollector.dll, DataCollectionTestCaseEventHandler : Test case completing.
TpTrace Information: 0 : 12184, 5, 2020/11/29, 18:21:56.915, 2064478025152, datacollector.dll, Blame Collector : Test Case End
TpTrace Error: 0 : 12184, 5, 2020/11/29, 18:21:56.915, 2064478027404, datacollector.dll, DataCollectionAttachmentManager.GetAttachments: Fail to get attachments: System.Collections.Generic.KeyNotFoundException: The given key 'Microsoft.VisualStudio.TestPlatform.ObjectModel.DataCollection.DataCollectionContext' was not present in the dictionary.
   at System.Collections.Generic.Dictionary`2.get_Item(TKey key)
   at Microsoft.VisualStudio.TestPlatform.Common.DataCollector.DataCollectionAttachmentManager.GetAttachments(DataCollectionContext dataCollectionContext) 
TpTrace Information: 0 : 12184, 5, 2020/11/29, 18:21:56.916, 2064478029158, datacollector.dll, DataCollectionTestCaseEventHandler: Test case completed
TpTrace Information: 0 : 12184, 5, 2020/11/29, 18:21:56.917, 2064478039487, datacollector.dll, DataCollectionTestCaseEventHandler: Test case starting.
TpTrace Information: 0 : 12184, 5, 2020/11/29, 18:21:56.917, 2064478043774, datacollector.dll, Blame Collector : Test Case Start
TpTrace Information: 0 : 12184, 5, 2020/11/29, 18:21:56.917, 2064478045127, datacollector.dll, DataCollectionTestCaseEventHandler: Test case started.
TpTrace Information: 0 : 12184, 5, 2020/11/29, 18:21:56.919, 2064478062501, datacollector.dll, DataCollectionTestCaseEventHandler : Test case completing.
TpTrace Information: 0 : 12184, 5, 2020/11/29, 18:21:56.919, 2064478066922, datacollector.dll, Blame Collector : Test Case End
TpTrace Error: 0 : 12184, 5, 2020/11/29, 18:21:56.920, 2064478068939, datacollector.dll, DataCollectionAttachmentManager.GetAttachments: Fail to get attachments: System.Collections.Generic.KeyNotFoundException: The given key 'Microsoft.VisualStudio.TestPlatform.ObjectModel.DataCollection.DataCollectionContext' was not present in the dictionary.
   at System.Collections.Generic.Dictionary`2.get_Item(TKey key)
   at Microsoft.VisualStudio.TestPlatform.Common.DataCollector.DataCollectionAttachmentManager.GetAttachments(DataCollectionContext dataCollectionContext) 
TpTrace Information: 0 : 12184, 5, 2020/11/29, 18:21:56.920, 2064478070476, datacollector.dll, DataCollectionTestCaseEventHandler: Test case completed
TpTrace Information: 0 : 12184, 5, 2020/11/29, 18:21:56.921, 2064478080375, datacollector.dll, DataCollectionTestCaseEventHandler: Test case starting.
TpTrace Information: 0 : 12184, 5, 2020/11/29, 18:21:56.921, 2064478084482, datacollector.dll, Blame Collector : Test Case Start
TpTrace Information: 0 : 12184, 5, 2020/11/29, 18:21:56.921, 2064478085782, datacollector.dll, DataCollectionTestCaseEventHandler: Test case started.
TpTrace Information: 0 : 12184, 5, 2020/11/29, 18:21:56.923, 2064478105544, datacollector.dll, DataCollectionTestCaseEventHandler : Test case completing.
TpTrace Information: 0 : 12184, 5, 2020/11/29, 18:21:56.924, 2064478110884, datacollector.dll, Blame Collector : Test Case End
TpTrace Error: 0 : 12184, 5, 2020/11/29, 18:21:56.924, 2064478112979, datacollector.dll, DataCollectionAttachmentManager.GetAttachments: Fail to get attachments: System.Collections.Generic.KeyNotFoundException: The given key 'Microsoft.VisualStudio.TestPlatform.ObjectModel.DataCollection.DataCollectionContext' was not present in the dictionary.
   at System.Collections.Generic.Dictionary`2.get_Item(TKey key)
   at Microsoft.VisualStudio.TestPlatform.Common.DataCollector.DataCollectionAttachmentManager.GetAttachments(DataCollectionContext dataCollectionContext) 
TpTrace Information: 0 : 12184, 5, 2020/11/29, 18:21:56.924, 2064478114614, datacollector.dll, DataCollectionTestCaseEventHandler: Test case completed
TpTrace Information: 0 : 12184, 5, 2020/11/29, 18:21:56.925, 2064478125156, datacollector.dll, DataCollectionTestCaseEventHandler: Test case starting.
TpTrace Information: 0 : 12184, 5, 2020/11/29, 18:21:56.926, 2064478129644, datacollector.dll, Blame Collector : Test Case Start
TpTrace Information: 0 : 12184, 5, 2020/11/29, 18:21:56.926, 2064478131144, datacollector.dll, DataCollectionTestCaseEventHandler: Test case started.
TpTrace Information: 0 : 12184, 5, 2020/11/29, 18:21:56.928, 2064478149334, datacollector.dll, DataCollectionTestCaseEventHandler : Test case completing.
TpTrace Information: 0 : 12184, 5, 2020/11/29, 18:21:56.928, 2064478153801, datacollector.dll, Blame Collector : Test Case End
TpTrace Error: 0 : 12184, 5, 2020/11/29, 18:21:56.928, 2064478155744, datacollector.dll, DataCollectionAttachmentManager.GetAttachments: Fail to get attachments: System.Collections.Generic.KeyNotFoundException: The given key 'Microsoft.VisualStudio.TestPlatform.ObjectModel.DataCollection.DataCollectionContext' was not present in the dictionary.
   at System.Collections.Generic.Dictionary`2.get_Item(TKey key)
   at Microsoft.VisualStudio.TestPlatform.Common.DataCollector.DataCollectionAttachmentManager.GetAttachments(DataCollectionContext dataCollectionContext) 
TpTrace Information: 0 : 12184, 5, 2020/11/29, 18:21:56.928, 2064478157307, datacollector.dll, DataCollectionTestCaseEventHandler: Test case completed
TpTrace Information: 0 : 12184, 5, 2020/11/29, 18:21:56.929, 2064478167625, datacollector.dll, DataCollectionTestCaseEventHandler: Test case starting.
TpTrace Information: 0 : 12184, 5, 2020/11/29, 18:21:56.930, 2064478172425, datacollector.dll, Blame Collector : Test Case Start
TpTrace Information: 0 : 12184, 5, 2020/11/29, 18:21:56.930, 2064478174554, datacollector.dll, DataCollectionTestCaseEventHandler: Test case started.
TpTrace Information: 0 : 12184, 5, 2020/11/29, 18:21:56.932, 2064478195616, datacollector.dll, DataCollectionTestCaseEventHandler : Test case completing.
TpTrace Information: 0 : 12184, 5, 2020/11/29, 18:21:56.933, 2064478200650, datacollector.dll, Blame Collector : Test Case End
TpTrace Error: 0 : 12184, 5, 2020/11/29, 18:21:56.933, 2064478202659, datacollector.dll, DataCollectionAttachmentManager.GetAttachments: Fail to get attachments: System.Collections.Generic.KeyNotFoundException: The given key 'Microsoft.VisualStudio.TestPlatform.ObjectModel.DataCollection.DataCollectionContext' was not present in the dictionary.
   at System.Collections.Generic.Dictionary`2.get_Item(TKey key)
   at Microsoft.VisualStudio.TestPlatform.Common.DataCollector.DataCollectionAttachmentManager.GetAttachments(DataCollectionContext dataCollectionContext) 
TpTrace Information: 0 : 12184, 5, 2020/11/29, 18:21:56.933, 2064478204237, datacollector.dll, DataCollectionTestCaseEventHandler: Test case completed
TpTrace Information: 0 : 12184, 5, 2020/11/29, 18:21:56.988, 2064478756951, datacollector.dll, DataCollectionTestCaseEventHandler: Test case starting.
TpTrace Information: 0 : 12184, 5, 2020/11/29, 18:21:56.989, 2064478761818, datacollector.dll, Blame Collector : Test Case Start
TpTrace Information: 0 : 12184, 5, 2020/11/29, 18:21:56.989, 2064478763606, datacollector.dll, DataCollectionTestCaseEventHandler: Test case started.
TpTrace Information: 0 : 12184, 5, 2020/11/29, 18:21:56.992, 2064478792867, datacollector.dll, DataCollectionTestCaseEventHandler : Test case completing.
TpTrace Information: 0 : 12184, 5, 2020/11/29, 18:21:56.993, 2064478798384, datacollector.dll, Blame Collector : Test Case End
TpTrace Error: 0 : 12184, 5, 2020/11/29, 18:21:56.993, 2064478800803, datacollector.dll, DataCollectionAttachmentManager.GetAttachments: Fail to get attachments: System.Collections.Generic.KeyNotFoundException: The given key 'Microsoft.VisualStudio.TestPlatform.ObjectModel.DataCollection.DataCollectionContext' was not present in the dictionary.
   at System.Collections.Generic.Dictionary`2.get_Item(TKey key)
   at Microsoft.VisualStudio.TestPlatform.Common.DataCollector.DataCollectionAttachmentManager.GetAttachments(DataCollectionContext dataCollectionContext) 
TpTrace Information: 0 : 12184, 5, 2020/11/29, 18:21:56.993, 2064478802831, datacollector.dll, DataCollectionTestCaseEventHandler: Test case completed
TpTrace Information: 0 : 12184, 5, 2020/11/29, 18:21:56.994, 2064478814962, datacollector.dll, DataCollectionTestCaseEventHandler: Test case starting.
TpTrace Information: 0 : 12184, 5, 2020/11/29, 18:21:56.995, 2064478820119, datacollector.dll, Blame Collector : Test Case Start
TpTrace Information: 0 : 12184, 5, 2020/11/29, 18:21:56.995, 2064478821831, datacollector.dll, DataCollectionTestCaseEventHandler: Test case started.
TpTrace Information: 0 : 12184, 5, 2020/11/29, 18:21:57.001, 2064478882197, datacollector.dll, DataCollectionTestCaseEventHandler : Test case completing.
TpTrace Information: 0 : 12184, 5, 2020/11/29, 18:21:57.001, 2064478887364, datacollector.dll, Blame Collector : Test Case End
TpTrace Error: 0 : 12184, 5, 2020/11/29, 18:21:57.002, 2064478889579, datacollector.dll, DataCollectionAttachmentManager.GetAttachments: Fail to get attachments: System.Collections.Generic.KeyNotFoundException: The given key 'Microsoft.VisualStudio.TestPlatform.ObjectModel.DataCollection.DataCollectionContext' was not present in the dictionary.
   at System.Collections.Generic.Dictionary`2.get_Item(TKey key)
   at Microsoft.VisualStudio.TestPlatform.Common.DataCollector.DataCollectionAttachmentManager.GetAttachments(DataCollectionContext dataCollectionContext) 
TpTrace Information: 0 : 12184, 5, 2020/11/29, 18:21:57.002, 2064478891457, datacollector.dll, DataCollectionTestCaseEventHandler: Test case completed
TpTrace Information: 0 : 12184, 5, 2020/11/29, 18:21:57.003, 2064478902373, datacollector.dll, DataCollectionTestCaseEventHandler: Test case starting.
TpTrace Information: 0 : 12184, 5, 2020/11/29, 18:21:57.004, 2064478908610, datacollector.dll, Blame Collector : Test Case Start
TpTrace Information: 0 : 12184, 5, 2020/11/29, 18:21:57.004, 2064478910396, datacollector.dll, DataCollectionTestCaseEventHandler: Test case started.
TpTrace Information: 0 : 12184, 5, 2020/11/29, 18:21:57.006, 2064478937851, datacollector.dll, DataCollectionTestCaseEventHandler : Test case completing.
TpTrace Information: 0 : 12184, 5, 2020/11/29, 18:21:57.007, 2064478942972, datacollector.dll, Blame Collector : Test Case End
TpTrace Error: 0 : 12184, 5, 2020/11/29, 18:21:57.007, 2064478945225, datacollector.dll, DataCollectionAttachmentManager.GetAttachments: Fail to get attachments: System.Collections.Generic.KeyNotFoundException: The given key 'Microsoft.VisualStudio.TestPlatform.ObjectModel.DataCollection.DataCollectionContext' was not present in the dictionary.
   at System.Collections.Generic.Dictionary`2.get_Item(TKey key)
   at Microsoft.VisualStudio.TestPlatform.Common.DataCollector.DataCollectionAttachmentManager.GetAttachments(DataCollectionContext dataCollectionContext) 
TpTrace Information: 0 : 12184, 5, 2020/11/29, 18:21:57.007, 2064478947265, datacollector.dll, DataCollectionTestCaseEventHandler: Test case completed
TpTrace Information: 0 : 12184, 5, 2020/11/29, 18:21:57.015, 2064479026711, datacollector.dll, DataCollectionTestCaseEventHandler: Test case starting.
TpTrace Information: 0 : 12184, 5, 2020/11/29, 18:21:57.016, 2064479034374, datacollector.dll, Blame Collector : Test Case Start
TpTrace Information: 0 : 12184, 5, 2020/11/29, 18:21:57.016, 2064479036462, datacollector.dll, DataCollectionTestCaseEventHandler: Test case started.
TpTrace Information: 0 : 12184, 5, 2020/11/29, 18:21:57.019, 2064479059767, datacollector.dll, DataCollectionTestCaseEventHandler : Test case completing.
TpTrace Information: 0 : 12184, 5, 2020/11/29, 18:21:57.019, 2064479067434, datacollector.dll, Blame Collector : Test Case End
TpTrace Error: 0 : 12184, 5, 2020/11/29, 18:21:57.020, 2064479069855, datacollector.dll, DataCollectionAttachmentManager.GetAttachments: Fail to get attachments: System.Collections.Generic.KeyNotFoundException: The given key 'Microsoft.VisualStudio.TestPlatform.ObjectModel.DataCollection.DataCollectionContext' was not present in the dictionary.
   at System.Collections.Generic.Dictionary`2.get_Item(TKey key)
   at Microsoft.VisualStudio.TestPlatform.Common.DataCollector.DataCollectionAttachmentManager.GetAttachments(DataCollectionContext dataCollectionContext) 
TpTrace Information: 0 : 12184, 5, 2020/11/29, 18:21:57.020, 2064479072015, datacollector.dll, DataCollectionTestCaseEventHandler: Test case completed
TpTrace Information: 0 : 12184, 5, 2020/11/29, 18:21:57.021, 2064479083194, datacollector.dll, DataCollectionTestCaseEventHandler: Test case starting.
TpTrace Information: 0 : 12184, 5, 2020/11/29, 18:21:57.022, 2064479088294, datacollector.dll, Blame Collector : Test Case Start
TpTrace Information: 0 : 12184, 5, 2020/11/29, 18:21:57.022, 2064479090109, datacollector.dll, DataCollectionTestCaseEventHandler: Test case started.
TpTrace Information: 0 : 12184, 5, 2020/11/29, 18:21:57.024, 2064479113699, datacollector.dll, DataCollectionTestCaseEventHandler : Test case completing.
TpTrace Information: 0 : 12184, 5, 2020/11/29, 18:21:57.025, 2064479119433, datacollector.dll, Blame Collector : Test Case End
TpTrace Error: 0 : 12184, 5, 2020/11/29, 18:21:57.025, 2064479121874, datacollector.dll, DataCollectionAttachmentManager.GetAttachments: Fail to get attachments: System.Collections.Generic.KeyNotFoundException: The given key 'Microsoft.VisualStudio.TestPlatform.ObjectModel.DataCollection.DataCollectionContext' was not present in the dictionary.
   at System.Collections.Generic.Dictionary`2.get_Item(TKey key)
   at Microsoft.VisualStudio.TestPlatform.Common.DataCollector.DataCollectionAttachmentManager.GetAttachments(DataCollectionContext dataCollectionContext) 
TpTrace Information: 0 : 12184, 5, 2020/11/29, 18:21:57.025, 2064479123934, datacollector.dll, DataCollectionTestCaseEventHandler: Test case completed
TpTrace Information: 0 : 12184, 5, 2020/11/29, 18:21:57.026, 2064479134517, datacollector.dll, DataCollectionTestCaseEventHandler: Test case starting.
TpTrace Information: 0 : 12184, 5, 2020/11/29, 18:21:57.027, 2064479139790, datacollector.dll, Blame Collector : Test Case Start
TpTrace Information: 0 : 12184, 5, 2020/11/29, 18:21:57.027, 2064479141629, datacollector.dll, DataCollectionTestCaseEventHandler: Test case started.
TpTrace Information: 0 : 12184, 5, 2020/11/29, 18:21:57.034, 2064479213105, datacollector.dll, DataCollectionTestCaseEventHandler : Test case completing.
TpTrace Information: 0 : 12184, 5, 2020/11/29, 18:21:57.035, 2064479218455, datacollector.dll, Blame Collector : Test Case End
TpTrace Error: 0 : 12184, 5, 2020/11/29, 18:21:57.035, 2064479220782, datacollector.dll, DataCollectionAttachmentManager.GetAttachments: Fail to get attachments: System.Collections.Generic.KeyNotFoundException: The given key 'Microsoft.VisualStudio.TestPlatform.ObjectModel.DataCollection.DataCollectionContext' was not present in the dictionary.
   at System.Collections.Generic.Dictionary`2.get_Item(TKey key)
   at Microsoft.VisualStudio.TestPlatform.Common.DataCollector.DataCollectionAttachmentManager.GetAttachments(DataCollectionContext dataCollectionContext) 
TpTrace Information: 0 : 12184, 5, 2020/11/29, 18:21:57.035, 2064479222807, datacollector.dll, DataCollectionTestCaseEventHandler: Test case completed
TpTrace Information: 0 : 12184, 5, 2020/11/29, 18:21:57.036, 2064479233426, datacollector.dll, DataCollectionTestCaseEventHandler: Test case starting.
TpTrace Information: 0 : 12184, 5, 2020/11/29, 18:21:57.037, 2064479238502, datacollector.dll, Blame Collector : Test Case Start
TpTrace Information: 0 : 12184, 5, 2020/11/29, 18:21:57.037, 2064479240247, datacollector.dll, DataCollectionTestCaseEventHandler: Test case started.
TpTrace Information: 0 : 12184, 5, 2020/11/29, 18:21:57.042, 2064479292506, datacollector.dll, DataCollectionTestCaseEventHandler : Test case completing.
TpTrace Information: 0 : 12184, 5, 2020/11/29, 18:21:57.042, 2064479297768, datacollector.dll, Blame Collector : Test Case End
TpTrace Error: 0 : 12184, 5, 2020/11/29, 18:21:57.043, 2064479300899, datacollector.dll, DataCollectionAttachmentManager.GetAttachments: Fail to get attachments: System.Collections.Generic.KeyNotFoundException: The given key 'Microsoft.VisualStudio.TestPlatform.ObjectModel.DataCollection.DataCollectionContext' was not present in the dictionary.
   at System.Collections.Generic.Dictionary`2.get_Item(TKey key)
   at Microsoft.VisualStudio.TestPlatform.Common.DataCollector.DataCollectionAttachmentManager.GetAttachments(DataCollectionContext dataCollectionContext) 
TpTrace Information: 0 : 12184, 5, 2020/11/29, 18:21:57.043, 2064479303072, datacollector.dll, DataCollectionTestCaseEventHandler: Test case completed
TpTrace Information: 0 : 12184, 5, 2020/11/29, 18:21:57.044, 2064479316920, datacollector.dll, DataCollectionTestCaseEventHandler: Test case starting.
TpTrace Information: 0 : 12184, 5, 2020/11/29, 18:21:57.045, 2064479324044, datacollector.dll, Blame Collector : Test Case Start
TpTrace Information: 0 : 12184, 5, 2020/11/29, 18:21:57.045, 2064479325986, datacollector.dll, DataCollectionTestCaseEventHandler: Test case started.
TpTrace Information: 0 : 12184, 5, 2020/11/29, 18:21:57.049, 2064479361380, datacollector.dll, DataCollectionTestCaseEventHandler : Test case completing.
TpTrace Information: 0 : 12184, 5, 2020/11/29, 18:21:57.049, 2064479366637, datacollector.dll, Blame Collector : Test Case End
TpTrace Error: 0 : 12184, 5, 2020/11/29, 18:21:57.050, 2064479369108, datacollector.dll, DataCollectionAttachmentManager.GetAttachments: Fail to get attachments: System.Collections.Generic.KeyNotFoundException: The given key 'Microsoft.VisualStudio.TestPlatform.ObjectModel.DataCollection.DataCollectionContext' was not present in the dictionary.
   at System.Collections.Generic.Dictionary`2.get_Item(TKey key)
   at Microsoft.VisualStudio.TestPlatform.Common.DataCollector.DataCollectionAttachmentManager.GetAttachments(DataCollectionContext dataCollectionContext) 
TpTrace Information: 0 : 12184, 5, 2020/11/29, 18:21:57.050, 2064479371197, datacollector.dll, DataCollectionTestCaseEventHandler: Test case completed
TpTrace Information: 0 : 12184, 5, 2020/11/29, 18:21:57.051, 2064479381631, datacollector.dll, DataCollectionTestCaseEventHandler: Test case starting.
TpTrace Information: 0 : 12184, 5, 2020/11/29, 18:21:57.051, 2064479386765, datacollector.dll, Blame Collector : Test Case Start
TpTrace Information: 0 : 12184, 5, 2020/11/29, 18:21:57.052, 2064479388590, datacollector.dll, DataCollectionTestCaseEventHandler: Test case started.
TpTrace Information: 0 : 12184, 5, 2020/11/29, 18:21:57.056, 2064479433362, datacollector.dll, DataCollectionTestCaseEventHandler : Test case completing.
TpTrace Information: 0 : 12184, 5, 2020/11/29, 18:21:57.057, 2064479440984, datacollector.dll, Blame Collector : Test Case End
TpTrace Error: 0 : 12184, 5, 2020/11/29, 18:21:57.057, 2064479444140, datacollector.dll, DataCollectionAttachmentManager.GetAttachments: Fail to get attachments: System.Collections.Generic.KeyNotFoundException: The given key 'Microsoft.VisualStudio.TestPlatform.ObjectModel.DataCollection.DataCollectionContext' was not present in the dictionary.
   at System.Collections.Generic.Dictionary`2.get_Item(TKey key)
   at Microsoft.VisualStudio.TestPlatform.Common.DataCollector.DataCollectionAttachmentManager.GetAttachments(DataCollectionContext dataCollectionContext) 
TpTrace Information: 0 : 12184, 5, 2020/11/29, 18:21:57.057, 2064479446776, datacollector.dll, DataCollectionTestCaseEventHandler: Test case completed
TpTrace Information: 0 : 12184, 5, 2020/11/29, 18:21:57.061, 2064479482186, datacollector.dll, DataCollectionTestCaseEventHandler: Test case starting.
TpTrace Information: 0 : 12184, 5, 2020/11/29, 18:21:57.061, 2064479487427, datacollector.dll, Blame Collector : Test Case Start
TpTrace Information: 0 : 12184, 5, 2020/11/29, 18:21:57.062, 2064479489159, datacollector.dll, DataCollectionTestCaseEventHandler: Test case started.
TpTrace Information: 0 : 12184, 5, 2020/11/29, 18:21:57.064, 2064479514549, datacollector.dll, DataCollectionTestCaseEventHandler : Test case completing.
TpTrace Information: 0 : 12184, 5, 2020/11/29, 18:21:57.065, 2064479520054, datacollector.dll, Blame Collector : Test Case End
TpTrace Error: 0 : 12184, 5, 2020/11/29, 18:21:57.065, 2064479522331, datacollector.dll, DataCollectionAttachmentManager.GetAttachments: Fail to get attachments: System.Collections.Generic.KeyNotFoundException: The given key 'Microsoft.VisualStudio.TestPlatform.ObjectModel.DataCollection.DataCollectionContext' was not present in the dictionary.
   at System.Collections.Generic.Dictionary`2.get_Item(TKey key)
   at Microsoft.VisualStudio.TestPlatform.Common.DataCollector.DataCollectionAttachmentManager.GetAttachments(DataCollectionContext dataCollectionContext) 
TpTrace Information: 0 : 12184, 5, 2020/11/29, 18:21:57.065, 2064479524302, datacollector.dll, DataCollectionTestCaseEventHandler: Test case completed
TpTrace Information: 0 : 12184, 5, 2020/11/29, 18:21:57.066, 2064479534846, datacollector.dll, DataCollectionTestCaseEventHandler: Test case starting.
TpTrace Information: 0 : 12184, 5, 2020/11/29, 18:21:57.067, 2064479539911, datacollector.dll, Blame Collector : Test Case Start
TpTrace Information: 0 : 12184, 5, 2020/11/29, 18:21:57.067, 2064479541717, datacollector.dll, DataCollectionTestCaseEventHandler: Test case started.
TpTrace Information: 0 : 12184, 5, 2020/11/29, 18:21:57.068, 2064479556465, datacollector.dll, DataCollectionTestCaseEventHandler : Test case completing.
TpTrace Information: 0 : 12184, 5, 2020/11/29, 18:21:57.069, 2064479563089, datacollector.dll, Blame Collector : Test Case End
TpTrace Error: 0 : 12184, 5, 2020/11/29, 18:21:57.069, 2064479565630, datacollector.dll, DataCollectionAttachmentManager.GetAttachments: Fail to get attachments: System.Collections.Generic.KeyNotFoundException: The given key 'Microsoft.VisualStudio.TestPlatform.ObjectModel.DataCollection.DataCollectionContext' was not present in the dictionary.
   at System.Collections.Generic.Dictionary`2.get_Item(TKey key)
   at Microsoft.VisualStudio.TestPlatform.Common.DataCollector.DataCollectionAttachmentManager.GetAttachments(DataCollectionContext dataCollectionContext) 
TpTrace Information: 0 : 12184, 5, 2020/11/29, 18:21:57.069, 2064479567824, datacollector.dll, DataCollectionTestCaseEventHandler: Test case completed
TpTrace Information: 0 : 12184, 5, 2020/11/29, 18:21:57.070, 2064479578136, datacollector.dll, DataCollectionTestCaseEventHandler: Test case starting.
TpTrace Information: 0 : 12184, 5, 2020/11/29, 18:21:57.071, 2064479583069, datacollector.dll, Blame Collector : Test Case Start
TpTrace Information: 0 : 12184, 5, 2020/11/29, 18:21:57.071, 2064479584804, datacollector.dll, DataCollectionTestCaseEventHandler: Test case started.
TpTrace Information: 0 : 12184, 5, 2020/11/29, 18:21:57.073, 2064479605123, datacollector.dll, DataCollectionTestCaseEventHandler : Test case completing.
TpTrace Information: 0 : 12184, 5, 2020/11/29, 18:21:57.074, 2064479610367, datacollector.dll, Blame Collector : Test Case End
TpTrace Error: 0 : 12184, 5, 2020/11/29, 18:21:57.074, 2064479612858, datacollector.dll, DataCollectionAttachmentManager.GetAttachments: Fail to get attachments: System.Collections.Generic.KeyNotFoundException: The given key 'Microsoft.VisualStudio.TestPlatform.ObjectModel.DataCollection.DataCollectionContext' was not present in the dictionary.
   at System.Collections.Generic.Dictionary`2.get_Item(TKey key)
   at Microsoft.VisualStudio.TestPlatform.Common.DataCollector.DataCollectionAttachmentManager.GetAttachments(DataCollectionContext dataCollectionContext) 
TpTrace Information: 0 : 12184, 5, 2020/11/29, 18:21:57.074, 2064479615131, datacollector.dll, DataCollectionTestCaseEventHandler: Test case completed
TpTrace Information: 0 : 12184, 5, 2020/11/29, 18:21:57.079, 2064479663846, datacollector.dll, DataCollectionTestCaseEventHandler: Test session ended
TpTrace Information: 0 : 12184, 1, 2020/11/29, 18:21:57.159, 2064480462754, datacollector.dll, DataCollectionRequestHandler.ProcessRequests : Datacollector received message: (DataCollection.AfterTestRunEnd) -> false
TpTrace Information: 0 : 12184, 1, 2020/11/29, 18:21:57.160, 2064480472540, datacollector.dll, Blame Collector : Session End
TpTrace Error: 0 : 12184, 1, 2020/11/29, 18:21:57.160, 2064480477259, datacollector.dll, DataCollectionAttachmentManager.GetAttachments: Fail to get attachments: System.Collections.Generic.KeyNotFoundException: The given key 'Microsoft.VisualStudio.TestPlatform.ObjectModel.DataCollection.DataCollectionContext' was not present in the dictionary.
   at System.Collections.Generic.Dictionary`2.get_Item(TKey key)
   at Microsoft.VisualStudio.TestPlatform.Common.DataCollector.DataCollectionAttachmentManager.GetAttachments(DataCollectionContext dataCollectionContext) 
TpTrace Information: 0 : 12184, 1, 2020/11/29, 18:21:57.161, 2064480479460, datacollector.dll, DataCollectionManager.CleanupPlugins: CleanupPlugins called
TpTrace Verbose: 0 : 12184, 1, 2020/11/29, 18:21:57.161, 2064480480698, datacollector.dll, DataCollectionManager.CleanupPlugins: Cleaning up 1 plugins
TpTrace Verbose: 0 : 12184, 1, 2020/11/29, 18:21:57.161, 2064480483427, datacollector.dll, dataCollectorInfo.DisposeDataCollector: calling Dispose() on Microsoft.TestPlatform.Extensions.BlameDataCollector.BlameCollector
TpTrace Information: 0 : 12184, 1, 2020/11/29, 18:21:57.161, 2064480485317, datacollector.dll, DataCollectionManager.CleanupPlugins: CleanupPlugins finished
TpTrace Information: 0 : 12184, 1, 2020/11/29, 18:21:57.161, 2064480487581, datacollector.dll, DataCollectionRequestHandler.ProcessRequests : Session End message received from server. Closing the connection.
TpTrace Information: 0 : 12184, 1, 2020/11/29, 18:21:57.162, 2064480489966, datacollector.dll, Closing the connection !
TpTrace Information: 0 : 12184, 1, 2020/11/29, 18:21:57.162, 2064480490734, datacollector.dll, DataCollectionRequestHandler.ProcessRequests : DataCollection completed
TpTrace Information: 0 : 12184, 1, 2020/11/29, 18:21:57.162, 2064480491166, datacollector.dll, Program.Main: exiting datacollector process.
