TpTrace Information: 0 : 16684, 1, 2020/11/29, 14:21:47.418, 1920383123992, testhost.dll, DefaultEngineInvoker.Invoke: Testhost process started with args :[--port, 50335],[--endpoint, 127.0.0.1:050335],[--role, client],[--parentprocessid, 464],[--diag, C:\Users\Korisnik\source\repos\VVS_zadaca2\Hypo Banka\Unit Testovi\bin\Debug\fine-code-coverage\_outputfolder\diagnostics.host.20-11-29_14-21-47_12727_6.log],[--tracelevel, 4],[--datacollectionport, 50334],[--telemetryoptedin, false]
TpTrace Information: 0 : 16684, 1, 2020/11/29, 14:21:47.430, 1920383176344, testhost.dll, DefaultEngineInvoker.SetParentProcessExitCallback: Monitoring parent process with id: '464'
TpTrace Information: 0 : 16684, 1, 2020/11/29, 14:21:47.446, 1920383334703, testhost.dll, DefaultEngineInvoker.GetConnectionInfo: Initialize communication on endpoint address: '127.0.0.1:050335'
TpTrace Information: 0 : 16684, 1, 2020/11/29, 14:21:47.471, 1920383583685, testhost.dll, SocketClient.Start: connecting to server endpoint: 127.0.0.1:050335
TpTrace Information: 0 : 16684, 1, 2020/11/29, 14:21:47.481, 1920383684487, testhost.dll, DefaultEngineInvoker.ConnectToDatacollector: Connecting to datacollector, port: 50334
TpTrace Information: 0 : 16684, 5, 2020/11/29, 14:21:47.485, 1920383723137, testhost.dll, SocketClient.OnServerConnected: connected to server endpoint: 127.0.0.1:050335
TpTrace Information: 0 : 16684, 1, 2020/11/29, 14:21:47.489, 1920383762728, testhost.dll, Trying to connect to server on socket : 127.0.0.1:50334 
TpTrace Verbose: 0 : 16684, 5, 2020/11/29, 14:21:47.489, 1920383762988, testhost.dll, Connected to server, and starting MessageLoopAsync
TpTrace Verbose: 0 : 16684, 1, 2020/11/29, 14:21:47.490, 1920383772690, testhost.dll, SocketCommunicationManager : SetupClientAsync : Attempting to connect to the server.
TpTrace Information: 0 : 16684, 5, 2020/11/29, 14:21:47.494, 1920383810311, testhost.dll, Connected to the server successfully 
TpTrace Information: 0 : 16684, 5, 2020/11/29, 14:21:47.494, 1920383812022, testhost.dll, Using the buffer size of 16384 bytes
TpTrace Information: 0 : 16684, 1, 2020/11/29, 14:21:47.495, 1920383821552, testhost.dll, DefaultEngineInvoker.Invoke: Start Request Processing.
TpTrace Verbose: 0 : 16684, 9, 2020/11/29, 14:21:47.497, 1920383838682, testhost.dll, TcpClientExtensions.MessageLoopAsync: Polling on remoteEndPoint: [::ffff:127.0.0.1]:50335 localEndPoint: [::ffff:127.0.0.1]:50336
TpTrace Information: 0 : 16684, 11, 2020/11/29, 14:21:47.497, 1920383839114, testhost.dll, DefaultEngineInvoker.StartProcessingAsync: Connected to vstest.console, Starting process requests.
TpTrace Verbose: 0 : 16684, 9, 2020/11/29, 14:21:47.498, 1920383848884, testhost.dll, TcpClientExtensions.MessageLoopAsync: NotifyDataAvailable remoteEndPoint: [::ffff:127.0.0.1]:50335 localEndPoint: [::ffff:127.0.0.1]:50336
TpTrace Information: 0 : 16684, 9, 2020/11/29, 14:21:47.705, 1920385926143, testhost.dll, TestRequestHandler.ProcessRequests: received message: (ProtocolVersion) -> 2
TpTrace Verbose: 0 : 16684, 9, 2020/11/29, 14:21:47.755, 1920386418870, testhost.dll, TestRequestHandler.SendData:  sending data from testhost: {"Version":2,"MessageType":"TestSession.Message","Payload":{"MessageLevel":0,"Message":"Logging TestHost Diagnostics in file: C:\\Users\\Korisnik\\source\\repos\\VVS_zadaca2\\Hypo Banka\\Unit Testovi\\bin\\Debug\\fine-code-coverage\\_outputfolder\\diagnostics.host.20-11-29_14-21-47_12727_6.log"}}
TpTrace Verbose: 0 : 16684, 9, 2020/11/29, 14:21:47.755, 1920386422021, testhost.dll, TcpClientExtensions.MessageLoopAsync: Polling on remoteEndPoint: [::ffff:127.0.0.1]:50335 localEndPoint: [::ffff:127.0.0.1]:50336
TpTrace Verbose: 0 : 16684, 9, 2020/11/29, 14:21:47.755, 1920386425083, testhost.dll, TcpClientExtensions.MessageLoopAsync: NotifyDataAvailable remoteEndPoint: [::ffff:127.0.0.1]:50335 localEndPoint: [::ffff:127.0.0.1]:50336
TpTrace Information: 0 : 16684, 9, 2020/11/29, 14:21:47.762, 1920386490603, testhost.dll, TestRequestHandler.ProcessRequests: received message: (TestExecution.Initialize) -> [
  "C:\\Users\\Korisnik\\source\\repos\\VVS_zadaca2\\Hypo Banka\\Unit Testovi\\bin\\Debug\\fine-code-coverage\\Microsoft.VisualStudio.TestPlatform.MSTest.TestAdapter.dll"
]
TpTrace Information: 0 : 16684, 9, 2020/11/29, 14:21:47.762, 1920386493209, testhost.dll, Execution Session Initialize.
TpTrace Verbose: 0 : 16684, 9, 2020/11/29, 14:21:47.773, 1920386606068, testhost.dll, TcpClientExtensions.MessageLoopAsync: Polling on remoteEndPoint: [::ffff:127.0.0.1]:50335 localEndPoint: [::ffff:127.0.0.1]:50336
TpTrace Verbose: 0 : 16684, 9, 2020/11/29, 14:21:47.773, 1920386607585, testhost.dll, TcpClientExtensions.MessageLoopAsync: NotifyDataAvailable remoteEndPoint: [::ffff:127.0.0.1]:50335 localEndPoint: [::ffff:127.0.0.1]:50336
TpTrace Verbose: 0 : 16684, 4, 2020/11/29, 14:21:47.778, 1920386650540, testhost.dll, TestExecutorService: Loading the extensions
TpTrace Information: 0 : 16684, 9, 2020/11/29, 14:21:47.779, 1920386660314, testhost.dll, TestRequestHandler.ProcessRequests: received message: (TestExecution.StartWithSources) -> {
  "AdapterSourceMap": {
    "_none_": [
      "C:\\Users\\Korisnik\\source\\repos\\VVS_zadaca2\\Hypo Banka\\Unit Testovi\\bin\\Debug\\fine-code-coverage\\Unit Testovi.dll"
    ]
  },
  "RunSettings": "<RunSettings>\r\n  <RunConfiguration>\r\n    <ResultsDirectory>C:\\Users\\Korisnik\\source\\repos\\VVS_zadaca2\\Hypo Banka\\Unit Testovi\\bin\\Debug\\fine-code-coverage\\_outputfolder</ResultsDirectory>\r\n    <TargetPlatform>X64</TargetPlatform>\r\n    <TargetFrameworkVersion>.NETCoreApp,Version=v3.1</TargetFrameworkVersion>\r\n    <DesignMode>False</DesignMode>\r\n    <CollectSourceInformation>False</CollectSourceInformation>\r\n  </RunConfiguration>\r\n  <LoggerRunSettings>\r\n    <Loggers>\r\n      <Logger friendlyName=\"blame\" enabled=\"True\" />\r\n      <Logger friendlyName=\"Console\" uri=\"logger://microsoft/TestPlatform/ConsoleLogger/v1\" assemblyQualifiedName=\"Microsoft.VisualStudio.TestPlatform.CommandLine.Internal.ConsoleLogger, vstest.console, Version=15.0.0.0, Culture=neutral, PublicKeyToken=b03f5f7f11d50a3a\" codeBase=\"C:\\Program Files\\dotnet\\sdk\\3.1.201\\vstest.console.dll\" enabled=\"True\" />\r\n    </Loggers>\r\n  </LoggerRunSettings>\r\n  <DataCollectionRunSettings>\r\n    <DataCollectors>\r\n      <DataCollector friendlyName=\"blame\" enabled=\"True\">\r\n        <Configuration>\r\n          <ResultsDirectory>C:\\Users\\Korisnik\\source\\repos\\VVS_zadaca2\\Hypo Banka\\Unit Testovi\\bin\\Debug\\fine-code-coverage\\_outputfolder</ResultsDirectory>\r\n        </Configuration>\r\n      </DataCollector>\r\n    </DataCollectors>\r\n  </DataCollectionRunSettings>\r\n</RunSettings>",
  "TestExecutionContext": {
    "FrequencyOfRunStatsChangeEvent": 10,
    "RunStatsChangeEventTimeout": "00:00:01.5000000",
    "InIsolation": false,
    "KeepAlive": false,
    "AreTestCaseLevelEventsRequired": false,
    "IsDebug": false,
    "TestCaseFilter": null,
    "FilterOptions": null
  },
  "Package": null
}
TpTrace Information: 0 : 16684, 9, 2020/11/29, 14:21:47.779, 1920386662504, testhost.dll, Execution started.
TpTrace Verbose: 0 : 16684, 4, 2020/11/29, 14:21:47.781, 1920386683647, testhost.dll, TestPluginCache.DiscoverTestExtensions: finding test extensions in assemblies endswith: TestAdapter.dll TPluginInfo: Microsoft.VisualStudio.TestPlatform.Common.ExtensionFramework.Utilities.TestExecutorPluginInformation TExtension: Microsoft.VisualStudio.TestPlatform.ObjectModel.Adapter.ITestExecutor
TpTrace Verbose: 0 : 16684, 4, 2020/11/29, 14:21:47.783, 1920386700213, testhost.dll, TestPluginCache.GetExtensionPaths: Filtered extension paths: 
TpTrace Verbose: 0 : 16684, 4, 2020/11/29, 14:21:47.783, 1920386706805, testhost.dll, TestPluginCache.GetExtensionPaths: Added default extension paths: C:\Users\Korisnik\source\repos\VVS_zadaca2\Hypo Banka\Unit Testovi\bin\Debug\fine-code-coverage\Microsoft.VisualStudio.TestPlatform.MSTest.TestAdapter.dll
TpTrace Verbose: 0 : 16684, 4, 2020/11/29, 14:21:47.783, 1920386707783, testhost.dll, TestPluginCache.GetExtensionPaths: Added unfilterableExtensionPaths: 
TpTrace Information: 0 : 16684, 4, 2020/11/29, 14:21:47.787, 1920386744526, testhost.dll, AssemblyResolver.ctor: Creating AssemblyResolver with searchDirectories C:\Users\Korisnik\source\repos\VVS_zadaca2\Hypo Banka\Unit Testovi\bin\Debug\fine-code-coverage
TpTrace Verbose: 0 : 16684, 4, 2020/11/29, 14:21:47.790, 1920386773579, testhost.dll, TestPluginCache.DiscoverTestExtensions: Discovering the extensions using extension path.
TpTrace Verbose: 0 : 16684, 4, 2020/11/29, 14:21:47.790, 1920386775607, testhost.dll, TestPluginCache.GetExtensionPaths: Filtered extension paths: 
TpTrace Verbose: 0 : 16684, 4, 2020/11/29, 14:21:47.790, 1920386776409, testhost.dll, TestPluginCache.GetExtensionPaths: Added default extension paths: C:\Users\Korisnik\source\repos\VVS_zadaca2\Hypo Banka\Unit Testovi\bin\Debug\fine-code-coverage\Microsoft.VisualStudio.TestPlatform.MSTest.TestAdapter.dll
TpTrace Verbose: 0 : 16684, 4, 2020/11/29, 14:21:47.790, 1920386776930, testhost.dll, TestPluginCache.GetExtensionPaths: Added unfilterableExtensionPaths: 
TpTrace Verbose: 0 : 16684, 4, 2020/11/29, 14:21:47.790, 1920386777904, testhost.dll, TestPluginCache.DiscoverTestExtensions: Discovering the extensions using allExtensionPaths: C:\Users\Korisnik\source\repos\VVS_zadaca2\Hypo Banka\Unit Testovi\bin\Debug\fine-code-coverage\Microsoft.VisualStudio.TestPlatform.MSTest.TestAdapter.dll
TpTrace Information: 0 : 16684, 4, 2020/11/29, 14:21:47.792, 1920386792887, testhost.dll, AssemblyResolver.AddSearchDirectories: Adding more searchDirectories C:\Users\Korisnik\source\repos\VVS_zadaca2\Hypo Banka\Unit Testovi\bin\Debug\fine-code-coverage
TpTrace Information: 0 : 16684, 4, 2020/11/29, 14:21:47.800, 1920386868572, testhost.dll, AssemblyResolver.OnResolve: Microsoft.VisualStudio.TestPlatform.MSTest.TestAdapter: Resolving assembly.
TpTrace Information: 0 : 16684, 4, 2020/11/29, 14:21:47.802, 1920386894375, testhost.dll, AssemblyResolver.OnResolve: Resolved assembly: Microsoft.VisualStudio.TestPlatform.MSTest.TestAdapter, from path: C:\Users\Korisnik\source\repos\VVS_zadaca2\Hypo Banka\Unit Testovi\bin\Debug\fine-code-coverage\Microsoft.VisualStudio.TestPlatform.MSTest.TestAdapter.dll
TpTrace Information: 0 : 16684, 4, 2020/11/29, 14:21:47.805, 1920386925226, testhost.dll, AssemblyResolver.OnResolve: Microsoft.VisualStudio.TestPlatform.MSTestAdapter.PlatformServices.Interface: Resolving assembly.
TpTrace Information: 0 : 16684, 4, 2020/11/29, 14:21:47.806, 1920386937806, testhost.dll, AssemblyResolver.OnResolve: Resolved assembly: Microsoft.VisualStudio.TestPlatform.MSTestAdapter.PlatformServices.Interface, from path: C:\Users\Korisnik\source\repos\VVS_zadaca2\Hypo Banka\Unit Testovi\bin\Debug\fine-code-coverage\Microsoft.VisualStudio.TestPlatform.MSTestAdapter.PlatformServices.Interface.dll
TpTrace Information: 0 : 16684, 4, 2020/11/29, 14:21:47.807, 1920386942039, testhost.dll, AssemblyResolver.OnResolve: Microsoft.VisualStudio.TestPlatform.MSTestAdapter.PlatformServices: Resolving assembly.
TpTrace Information: 0 : 16684, 4, 2020/11/29, 14:21:47.808, 1920386950742, testhost.dll, AssemblyResolver.OnResolve: Resolved assembly: Microsoft.VisualStudio.TestPlatform.MSTestAdapter.PlatformServices, from path: C:\Users\Korisnik\source\repos\VVS_zadaca2\Hypo Banka\Unit Testovi\bin\Debug\fine-code-coverage\Microsoft.VisualStudio.TestPlatform.MSTestAdapter.PlatformServices.dll
TpTrace Verbose: 0 : 16684, 4, 2020/11/29, 14:21:47.818, 1920387055256, testhost.dll, TestPluginCache: Discovered the extensions using extension path ''.
TpTrace Verbose: 0 : 16684, 4, 2020/11/29, 14:21:47.819, 1920387065304, testhost.dll, TestPluginCache: Discoverers are ''.
TpTrace Verbose: 0 : 16684, 4, 2020/11/29, 14:21:47.819, 1920387067085, testhost.dll, TestPluginCache: Executors are 'executor://MSTestAdapter/v2'.
TpTrace Verbose: 0 : 16684, 4, 2020/11/29, 14:21:47.820, 1920387068590, testhost.dll, TestPluginCache: Setting providers are ''.
TpTrace Verbose: 0 : 16684, 4, 2020/11/29, 14:21:47.820, 1920387070105, testhost.dll, TestPluginCache: Loggers are ''.
TpTrace Verbose: 0 : 16684, 9, 2020/11/29, 14:21:47.825, 1920387123253, testhost.dll, TcpClientExtensions.MessageLoopAsync: Polling on remoteEndPoint: [::ffff:127.0.0.1]:50335 localEndPoint: [::ffff:127.0.0.1]:50336
TpTrace Information: 0 : 16684, 4, 2020/11/29, 14:21:47.830, 1920387171548, testhost.dll, TestPluginManager.CreateTestExtension: Attempting to load test extension: Microsoft.VisualStudio.TestPlatform.MSTest.TestAdapter.MSTestExecutor
TpTrace Verbose: 0 : 16684, 4, 2020/11/29, 14:21:47.836, 1920387228475, testhost.dll, TestExecutorExtensionManager: Loading executor Microsoft.VisualStudio.TestPlatform.MSTest.TestAdapter.MSTestExecutor
TpTrace Verbose: 0 : 16684, 4, 2020/11/29, 14:21:47.836, 1920387229782, testhost.dll, TestExecutorService: Loaded the executors
TpTrace Verbose: 0 : 16684, 4, 2020/11/29, 14:21:47.837, 1920387246015, testhost.dll, TestPluginCache.DiscoverTestExtensions: finding test extensions in assemblies endswith: TestAdapter.dll TPluginInfo: Microsoft.VisualStudio.TestPlatform.Common.ExtensionFramework.Utilities.TestSettingsProviderPluginInformation TExtension: Microsoft.VisualStudio.TestPlatform.ObjectModel.Adapter.ISettingsProvider
TpTrace Verbose: 0 : 16684, 4, 2020/11/29, 14:21:47.838, 1920387250660, testhost.dll, TestPluginCache.GetExtensionPaths: Filtered extension paths: 
TpTrace Verbose: 0 : 16684, 4, 2020/11/29, 14:21:47.838, 1920387251579, testhost.dll, TestPluginCache.GetExtensionPaths: Added default extension paths: C:\Users\Korisnik\source\repos\VVS_zadaca2\Hypo Banka\Unit Testovi\bin\Debug\fine-code-coverage\Microsoft.VisualStudio.TestPlatform.MSTest.TestAdapter.dll
TpTrace Verbose: 0 : 16684, 4, 2020/11/29, 14:21:47.838, 1920387252144, testhost.dll, TestPluginCache.GetExtensionPaths: Added unfilterableExtensionPaths: 
TpTrace Information: 0 : 16684, 4, 2020/11/29, 14:21:47.838, 1920387254689, testhost.dll, AssemblyResolver.AddSearchDirectories: Adding more searchDirectories C:\Users\Korisnik\source\repos\VVS_zadaca2\Hypo Banka\Unit Testovi\bin\Debug\fine-code-coverage
TpTrace Verbose: 0 : 16684, 4, 2020/11/29, 14:21:47.838, 1920387255544, testhost.dll, TestPluginCache.DiscoverTestExtensions: Discovering the extensions using extension path.
TpTrace Verbose: 0 : 16684, 4, 2020/11/29, 14:21:47.838, 1920387256110, testhost.dll, TestPluginCache.GetExtensionPaths: Filtered extension paths: 
TpTrace Verbose: 0 : 16684, 4, 2020/11/29, 14:21:47.838, 1920387256613, testhost.dll, TestPluginCache.GetExtensionPaths: Added default extension paths: C:\Users\Korisnik\source\repos\VVS_zadaca2\Hypo Banka\Unit Testovi\bin\Debug\fine-code-coverage\Microsoft.VisualStudio.TestPlatform.MSTest.TestAdapter.dll
TpTrace Verbose: 0 : 16684, 4, 2020/11/29, 14:21:47.838, 1920387257103, testhost.dll, TestPluginCache.GetExtensionPaths: Added unfilterableExtensionPaths: 
TpTrace Verbose: 0 : 16684, 4, 2020/11/29, 14:21:47.838, 1920387257632, testhost.dll, TestPluginCache.DiscoverTestExtensions: Discovering the extensions using allExtensionPaths: C:\Users\Korisnik\source\repos\VVS_zadaca2\Hypo Banka\Unit Testovi\bin\Debug\fine-code-coverage\Microsoft.VisualStudio.TestPlatform.MSTest.TestAdapter.dll
TpTrace Information: 0 : 16684, 4, 2020/11/29, 14:21:47.839, 1920387258340, testhost.dll, AssemblyResolver.AddSearchDirectories: Adding more searchDirectories C:\Users\Korisnik\source\repos\VVS_zadaca2\Hypo Banka\Unit Testovi\bin\Debug\fine-code-coverage
TpTrace Verbose: 0 : 16684, 4, 2020/11/29, 14:21:47.839, 1920387261191, testhost.dll, TestPluginCache: Discovered the extensions using extension path ''.
TpTrace Verbose: 0 : 16684, 4, 2020/11/29, 14:21:47.839, 1920387261939, testhost.dll, TestPluginCache: Discoverers are ''.
TpTrace Verbose: 0 : 16684, 4, 2020/11/29, 14:21:47.839, 1920387262762, testhost.dll, TestPluginCache: Executors are 'executor://MSTestAdapter/v2'.
TpTrace Verbose: 0 : 16684, 4, 2020/11/29, 14:21:47.839, 1920387263748, testhost.dll, TestPluginCache: Setting providers are ''.
TpTrace Verbose: 0 : 16684, 4, 2020/11/29, 14:21:47.839, 1920387264252, testhost.dll, TestPluginCache: Loggers are ''.
TpTrace Verbose: 0 : 16684, 4, 2020/11/29, 14:21:47.841, 1920387279672, testhost.dll, TestExecutorService: Loaded the settings providers
TpTrace Information: 0 : 16684, 4, 2020/11/29, 14:21:47.841, 1920387280639, testhost.dll, TestExecutorService: Loaded the extensions
TpTrace Information: 0 : 16684, 4, 2020/11/29, 14:21:47.956, 1920388437046, testhost.dll, TestDiscoveryManager: Discovering tests from sources C:\Users\Korisnik\source\repos\VVS_zadaca2\Hypo Banka\Unit Testovi\bin\Debug\fine-code-coverage\Unit Testovi.dll
TpTrace Verbose: 0 : 16684, 4, 2020/11/29, 14:21:47.961, 1920388481529, testhost.dll, TestPluginCache.DiscoverTestExtensions: finding test extensions in assemblies endswith: TestAdapter.dll TPluginInfo: Microsoft.VisualStudio.TestPlatform.Common.ExtensionFramework.Utilities.TestDiscovererPluginInformation TExtension: Microsoft.VisualStudio.TestPlatform.ObjectModel.Adapter.ITestDiscoverer
TpTrace Verbose: 0 : 16684, 4, 2020/11/29, 14:21:47.961, 1920388484792, testhost.dll, TestPluginCache.GetExtensionPaths: Filtered extension paths: 
TpTrace Verbose: 0 : 16684, 4, 2020/11/29, 14:21:47.961, 1920388486341, testhost.dll, TestPluginCache.GetExtensionPaths: Added default extension paths: C:\Users\Korisnik\source\repos\VVS_zadaca2\Hypo Banka\Unit Testovi\bin\Debug\fine-code-coverage\Microsoft.VisualStudio.TestPlatform.MSTest.TestAdapter.dll
TpTrace Verbose: 0 : 16684, 4, 2020/11/29, 14:21:47.961, 1920388487896, testhost.dll, TestPluginCache.GetExtensionPaths: Added unfilterableExtensionPaths: 
TpTrace Information: 0 : 16684, 4, 2020/11/29, 14:21:47.962, 1920388490677, testhost.dll, AssemblyResolver.AddSearchDirectories: Adding more searchDirectories C:\Users\Korisnik\source\repos\VVS_zadaca2\Hypo Banka\Unit Testovi\bin\Debug\fine-code-coverage
TpTrace Verbose: 0 : 16684, 4, 2020/11/29, 14:21:47.962, 1920388491720, testhost.dll, TestPluginCache.DiscoverTestExtensions: Discovering the extensions using extension path.
TpTrace Verbose: 0 : 16684, 4, 2020/11/29, 14:21:47.962, 1920388492248, testhost.dll, TestPluginCache.GetExtensionPaths: Filtered extension paths: 
TpTrace Verbose: 0 : 16684, 4, 2020/11/29, 14:21:47.962, 1920388492691, testhost.dll, TestPluginCache.GetExtensionPaths: Added default extension paths: C:\Users\Korisnik\source\repos\VVS_zadaca2\Hypo Banka\Unit Testovi\bin\Debug\fine-code-coverage\Microsoft.VisualStudio.TestPlatform.MSTest.TestAdapter.dll
TpTrace Verbose: 0 : 16684, 4, 2020/11/29, 14:21:47.962, 1920388493135, testhost.dll, TestPluginCache.GetExtensionPaths: Added unfilterableExtensionPaths: 
TpTrace Verbose: 0 : 16684, 4, 2020/11/29, 14:21:47.962, 1920388493652, testhost.dll, TestPluginCache.DiscoverTestExtensions: Discovering the extensions using allExtensionPaths: C:\Users\Korisnik\source\repos\VVS_zadaca2\Hypo Banka\Unit Testovi\bin\Debug\fine-code-coverage\Microsoft.VisualStudio.TestPlatform.MSTest.TestAdapter.dll
TpTrace Information: 0 : 16684, 4, 2020/11/29, 14:21:47.962, 1920388494374, testhost.dll, AssemblyResolver.AddSearchDirectories: Adding more searchDirectories C:\Users\Korisnik\source\repos\VVS_zadaca2\Hypo Banka\Unit Testovi\bin\Debug\fine-code-coverage
TpTrace Verbose: 0 : 16684, 4, 2020/11/29, 14:21:47.966, 1920388531669, testhost.dll, TestPluginCache: Discovered the extensions using extension path ''.
TpTrace Verbose: 0 : 16684, 4, 2020/11/29, 14:21:47.966, 1920388533061, testhost.dll, TestPluginCache: Discoverers are 'Microsoft.VisualStudio.TestPlatform.MSTest.TestAdapter.MSTestDiscoverer, Microsoft.VisualStudio.TestPlatform.MSTest.TestAdapter, Version=14.0.0.0, Culture=neutral, PublicKeyToken=b03f5f7f11d50a3a'.
TpTrace Verbose: 0 : 16684, 4, 2020/11/29, 14:21:47.966, 1920388533612, testhost.dll, TestPluginCache: Executors are 'executor://MSTestAdapter/v2'.
TpTrace Verbose: 0 : 16684, 4, 2020/11/29, 14:21:47.966, 1920388534086, testhost.dll, TestPluginCache: Setting providers are ''.
TpTrace Verbose: 0 : 16684, 4, 2020/11/29, 14:21:47.966, 1920388534508, testhost.dll, TestPluginCache: Loggers are ''.
TpTrace Verbose: 0 : 16684, 4, 2020/11/29, 14:21:47.973, 1920388607254, testhost.dll, BaseRunTests.RunTestInternalWithExecutors: Running tests for executor://MSTestAdapter/v2
TpTrace Information: 0 : 16684, 4, 2020/11/29, 14:21:48.056, 1920389437635, testhost.dll, AssemblyResolver.OnResolve: Microsoft.VisualStudio.TestPlatform.MSTestAdapter.PlatformServices.resources: Resolving assembly.
TpTrace Information: 0 : 16684, 4, 2020/11/29, 14:21:48.057, 1920389440350, testhost.dll, AssemblyResolver.OnResolve: Microsoft.VisualStudio.TestPlatform.MSTestAdapter.PlatformServices.resources: Failed to load assembly.
TpTrace Information: 0 : 16684, 4, 2020/11/29, 14:21:48.057, 1920389444365, testhost.dll, AssemblyResolver.OnResolve: Microsoft.VisualStudio.TestPlatform.MSTestAdapter.PlatformServices.resources: Resolving assembly.
TpTrace Information: 0 : 16684, 4, 2020/11/29, 14:21:48.057, 1920389445193, testhost.dll, AssemblyResolver.OnResolve: Microsoft.VisualStudio.TestPlatform.MSTestAdapter.PlatformServices.resources: Resolved from cache.
TpTrace Verbose: 0 : 16684, 4, 2020/11/29, 14:21:48.086, 1920389735788, testhost.dll, TestExecutionRecorder.RecordStart: Starting test: Unit_Testovi.BankaTests.BankaTest.
TpTrace Information: 0 : 16684, 4, 2020/11/29, 14:21:48.229, 1920391162830, testhost.dll, AssemblyResolver.OnResolve: Microsoft.VisualStudio.TestPlatform.TestFramework.resources: Resolving assembly.
TpTrace Information: 0 : 16684, 4, 2020/11/29, 14:21:48.229, 1920391167897, testhost.dll, AssemblyResolver.OnResolve: Microsoft.VisualStudio.TestPlatform.TestFramework.resources: Failed to load assembly.
TpTrace Verbose: 0 : 16684, 4, 2020/11/29, 14:21:48.272, 1920391590335, testhost.dll, TestExecutionRecorder.RecordEnd: test: Unit_Testovi.BankaTests.BankaTest execution completed.
TpTrace Verbose: 0 : 16684, 4, 2020/11/29, 14:21:48.319, 1920392066905, testhost.dll, TestExecutionRecorder.RecordResult: Received result for test: Unit_Testovi.BankaTests.BankaTest.
TpTrace Warning: 0 : 16684, 4, 2020/11/29, 14:21:48.329, 1920392163429, testhost.dll, InProgressTests is null
TpTrace Warning: 0 : 16684, 4, 2020/11/29, 14:21:48.334, 1920392216111, testhost.dll, TestRunCache: No test found corresponding to testResult 'BankaTest   Failed
  Message: Assert.Fail failed. 
  StackTrace:
   at Unit_Testovi.BankaTests.BankaTest() in C:\Users\Korisnik\source\repos\VVS_zadaca2\Hypo Banka\Unit Testovi\BankaTests.cs:line 15
' in inProgress list.
TpTrace Verbose: 0 : 16684, 4, 2020/11/29, 14:21:48.335, 1920392219280, testhost.dll, TestExecutionRecorder.RecordStart: Starting test: Unit_Testovi.BankaTests.RadSaKlijentomTest.
TpTrace Verbose: 0 : 16684, 4, 2020/11/29, 14:21:48.339, 1920392259988, testhost.dll, TestExecutionRecorder.RecordEnd: test: Unit_Testovi.BankaTests.RadSaKlijentomTest execution completed.
TpTrace Verbose: 0 : 16684, 4, 2020/11/29, 14:21:48.341, 1920392280061, testhost.dll, TestExecutionRecorder.RecordResult: Received result for test: Unit_Testovi.BankaTests.RadSaKlijentomTest.
TpTrace Warning: 0 : 16684, 4, 2020/11/29, 14:21:48.341, 1920392281249, testhost.dll, InProgressTests is null
TpTrace Warning: 0 : 16684, 4, 2020/11/29, 14:21:48.341, 1920392282087, testhost.dll, TestRunCache: No test found corresponding to testResult 'RadSaKlijentomTest  Failed
  Message: Assert.Fail failed. 
  StackTrace:
   at Unit_Testovi.BankaTests.RadSaKlijentomTest() in C:\Users\Korisnik\source\repos\VVS_zadaca2\Hypo Banka\Unit Testovi\BankaTests.cs:line 21
' in inProgress list.
TpTrace Verbose: 0 : 16684, 4, 2020/11/29, 14:21:48.341, 1920392283702, testhost.dll, TestExecutionRecorder.RecordStart: Starting test: Unit_Testovi.BankaTests.OtvaranjeNovogRačunaTest.
TpTrace Verbose: 0 : 16684, 4, 2020/11/29, 14:21:48.346, 1920392331557, testhost.dll, TestExecutionRecorder.RecordEnd: test: Unit_Testovi.BankaTests.OtvaranjeNovogRačunaTest execution completed.
TpTrace Verbose: 0 : 16684, 4, 2020/11/29, 14:21:48.353, 1920392407570, testhost.dll, TestExecutionRecorder.RecordResult: Received result for test: Unit_Testovi.BankaTests.OtvaranjeNovogRačunaTest.
TpTrace Warning: 0 : 16684, 4, 2020/11/29, 14:21:48.354, 1920392410018, testhost.dll, InProgressTests is null
TpTrace Warning: 0 : 16684, 4, 2020/11/29, 14:21:48.354, 1920392410845, testhost.dll, TestRunCache: No test found corresponding to testResult 'OtvaranjeNovogRačunaTest  Failed
  Message: Assert.Fail failed. 
  StackTrace:
   at Unit_Testovi.BankaTests.OtvaranjeNovogRačunaTest() in C:\Users\Korisnik\source\repos\VVS_zadaca2\Hypo Banka\Unit Testovi\BankaTests.cs:line 27
' in inProgress list.
TpTrace Verbose: 0 : 16684, 4, 2020/11/29, 14:21:48.355, 1920392419734, testhost.dll, TestExecutionRecorder.RecordStart: Starting test: Unit_Testovi.BankaTests.KlijentiSBlokiranimRačunimaTest.
TpTrace Verbose: 0 : 16684, 4, 2020/11/29, 14:21:48.376, 1920392634196, testhost.dll, TestExecutionRecorder.RecordEnd: test: Unit_Testovi.BankaTests.KlijentiSBlokiranimRačunimaTest execution completed.
TpTrace Verbose: 0 : 16684, 4, 2020/11/29, 14:21:48.378, 1920392652612, testhost.dll, TestExecutionRecorder.RecordResult: Received result for test: Unit_Testovi.BankaTests.KlijentiSBlokiranimRačunimaTest.
TpTrace Warning: 0 : 16684, 4, 2020/11/29, 14:21:48.378, 1920392654135, testhost.dll, InProgressTests is null
TpTrace Warning: 0 : 16684, 4, 2020/11/29, 14:21:48.378, 1920392656185, testhost.dll, TestRunCache: No test found corresponding to testResult 'KlijentiSBlokiranimRačunimaTest  Passed' in inProgress list.
TpTrace Verbose: 0 : 16684, 4, 2020/11/29, 14:21:48.378, 1920392657049, testhost.dll, TestExecutionRecorder.RecordStart: Starting test: Unit_Testovi.BankaTests.PraznaListaKlijentiSBlokiranimRačunimaTest.
TpTrace Verbose: 0 : 16684, 4, 2020/11/29, 14:21:48.384, 1920392710191, testhost.dll, TestExecutionRecorder.RecordEnd: test: Unit_Testovi.BankaTests.PraznaListaKlijentiSBlokiranimRačunimaTest execution completed.
TpTrace Verbose: 0 : 16684, 4, 2020/11/29, 14:21:48.385, 1920392727800, testhost.dll, TestExecutionRecorder.RecordResult: Received result for test: Unit_Testovi.BankaTests.PraznaListaKlijentiSBlokiranimRačunimaTest.
TpTrace Warning: 0 : 16684, 4, 2020/11/29, 14:21:48.386, 1920392729124, testhost.dll, InProgressTests is null
TpTrace Warning: 0 : 16684, 4, 2020/11/29, 14:21:48.386, 1920392729861, testhost.dll, TestRunCache: No test found corresponding to testResult 'PraznaListaKlijentiSBlokiranimRačunimaTest  Passed' in inProgress list.
TpTrace Verbose: 0 : 16684, 4, 2020/11/29, 14:21:48.386, 1920392730557, testhost.dll, TestExecutionRecorder.RecordStart: Starting test: Unit_Testovi.BankaTests.PraznaListaKlijentiSBlokiranimRačunimaTest2.
TpTrace Verbose: 0 : 16684, 4, 2020/11/29, 14:21:48.388, 1920392755744, testhost.dll, TestExecutionRecorder.RecordEnd: test: Unit_Testovi.BankaTests.PraznaListaKlijentiSBlokiranimRačunimaTest2 execution completed.
TpTrace Verbose: 0 : 16684, 4, 2020/11/29, 14:21:48.391, 1920392781570, testhost.dll, TestExecutionRecorder.RecordResult: Received result for test: Unit_Testovi.BankaTests.PraznaListaKlijentiSBlokiranimRačunimaTest2.
TpTrace Warning: 0 : 16684, 4, 2020/11/29, 14:21:48.391, 1920392782989, testhost.dll, InProgressTests is null
TpTrace Warning: 0 : 16684, 4, 2020/11/29, 14:21:48.391, 1920392783568, testhost.dll, TestRunCache: No test found corresponding to testResult 'PraznaListaKlijentiSBlokiranimRačunimaTest2  Passed' in inProgress list.
TpTrace Verbose: 0 : 16684, 4, 2020/11/29, 14:21:48.391, 1920392784229, testhost.dll, TestExecutionRecorder.RecordStart: Starting test: Unit_Testovi.BankaTests.PraznaListaKlijentiSBlokiranimRačunimaTest3.
TpTrace Verbose: 0 : 16684, 4, 2020/11/29, 14:21:48.394, 1920392811231, testhost.dll, TestExecutionRecorder.RecordEnd: test: Unit_Testovi.BankaTests.PraznaListaKlijentiSBlokiranimRačunimaTest3 execution completed.
TpTrace Verbose: 0 : 16684, 4, 2020/11/29, 14:21:48.396, 1920392828940, testhost.dll, TestExecutionRecorder.RecordResult: Received result for test: Unit_Testovi.BankaTests.PraznaListaKlijentiSBlokiranimRačunimaTest3.
TpTrace Warning: 0 : 16684, 4, 2020/11/29, 14:21:48.396, 1920392830264, testhost.dll, InProgressTests is null
TpTrace Warning: 0 : 16684, 4, 2020/11/29, 14:21:48.396, 1920392832788, testhost.dll, TestRunCache: No test found corresponding to testResult 'PraznaListaKlijentiSBlokiranimRačunimaTest3  Passed' in inProgress list.
TpTrace Verbose: 0 : 16684, 4, 2020/11/29, 14:21:48.396, 1920392834137, testhost.dll, TestExecutionRecorder.RecordStart: Starting test: Unit_Testovi.BankaTests.DajKreditTest.
TpTrace Verbose: 0 : 16684, 4, 2020/11/29, 14:21:48.400, 1920392868296, testhost.dll, TestExecutionRecorder.RecordEnd: test: Unit_Testovi.BankaTests.DajKreditTest execution completed.
TpTrace Verbose: 0 : 16684, 4, 2020/11/29, 14:21:48.401, 1920392887641, testhost.dll, TestExecutionRecorder.RecordResult: Received result for test: Unit_Testovi.BankaTests.DajKreditTest.
TpTrace Warning: 0 : 16684, 4, 2020/11/29, 14:21:48.402, 1920392889232, testhost.dll, InProgressTests is null
TpTrace Warning: 0 : 16684, 4, 2020/11/29, 14:21:48.402, 1920392890215, testhost.dll, TestRunCache: No test found corresponding to testResult 'DajKreditTest  Failed
  Message: Assert.Fail failed. 
  StackTrace:
   at Unit_Testovi.BankaTests.DajKreditTest() in C:\Users\Korisnik\source\repos\VVS_zadaca2\Hypo Banka\Unit Testovi\BankaTests.cs:line 109
' in inProgress list.
TpTrace Verbose: 0 : 16684, 4, 2020/11/29, 14:21:48.402, 1920392891251, testhost.dll, TestExecutionRecorder.RecordStart: Starting test: Unit_Testovi.BankaTests.OdobriKreditTest.
TpTrace Verbose: 0 : 16684, 4, 2020/11/29, 14:21:48.405, 1920392921071, testhost.dll, TestExecutionRecorder.RecordEnd: test: Unit_Testovi.BankaTests.OdobriKreditTest execution completed.
TpTrace Verbose: 0 : 16684, 4, 2020/11/29, 14:21:48.407, 1920392941948, testhost.dll, TestExecutionRecorder.RecordResult: Received result for test: Unit_Testovi.BankaTests.OdobriKreditTest.
TpTrace Warning: 0 : 16684, 4, 2020/11/29, 14:21:48.407, 1920392943125, testhost.dll, InProgressTests is null
TpTrace Warning: 0 : 16684, 4, 2020/11/29, 14:21:48.407, 1920392943704, testhost.dll, TestRunCache: No test found corresponding to testResult 'OdobriKreditTest  Failed
  Message: Assert.Fail failed. 
  StackTrace:
   at Unit_Testovi.BankaTests.OdobriKreditTest() in C:\Users\Korisnik\source\repos\VVS_zadaca2\Hypo Banka\Unit Testovi\BankaTests.cs:line 115
' in inProgress list.
TpTrace Verbose: 0 : 16684, 4, 2020/11/29, 14:21:48.407, 1920392944449, testhost.dll, TestExecutionRecorder.RecordStart: Starting test: Unit_Testovi.KlijentTests.DajUkupanIznosNovcaNaSvimRačunimaTestNemaNijedanRacun.
TpTrace Information: 0 : 16684, 4, 2020/11/29, 14:21:48.410, 1920392969482, testhost.dll, Sending test run statistics
TpTrace Verbose: 0 : 16684, 4, 2020/11/29, 14:21:48.469, 1920393565031, testhost.dll, TestRequestHandler.SendData:  sending data from testhost: {"Version":2,"MessageType":"TestExecution.StatsChange","Payload":{"NewTestResults":[{"TestCase":{"Id":"c2245ec7-612e-2eb7-dda6-a997213d66f7","FullyQualifiedName":"Unit_Testovi.BankaTests.BankaTest","DisplayName":"BankaTest","ExecutorUri":"executor://MSTestAdapter/v2","Source":"C:\\Users\\Korisnik\\source\\repos\\VVS_zadaca2\\Hypo Banka\\Unit Testovi\\bin\\Debug\\fine-code-coverage\\Unit Testovi.dll","CodeFilePath":null,"LineNumber":-1,"Properties":[{"Key":{"Id":"MSTestDiscoverer.TestClassName","Label":"ClassName","Category":"","Description":"","Attributes":1,"ValueType":"System.String"},"Value":"Unit_Testovi.BankaTests"},{"Key":{"Id":"TestObject.Traits","Label":"Traits","Category":"","Description":"","Attributes":5,"ValueType":"System.Collections.Generic.KeyValuePair`2[[System.String],[System.String]][]"},"Value":[]}]},"Attachments":[],"Outcome":2,"ErrorMessage":"Assert.Fail failed. ","ErrorStackTrace":"   at Unit_Testovi.BankaTests.BankaTest() in C:\\Users\\Korisnik\\source\\repos\\VVS_zadaca2\\Hypo Banka\\Unit Testovi\\BankaTests.cs:line 15\r\n","DisplayName":null,"Messages":[],"ComputerName":null,"Duration":"00:00:00.0371832","StartTime":"2020-11-29T14:21:48.1816565+01:00","EndTime":"2020-11-29T14:21:48.2655356+01:00","Properties":[{"Key":{"Id":"ExecutionId","Label":"ExecutionId","Category":"","Description":"","Attributes":1,"ValueType":"System.Guid"},"Value":"00000000-0000-0000-0000-000000000000"},{"Key":{"Id":"ParentExecId","Label":"ParentExecId","Category":"","Description":"","Attributes":1,"ValueType":"System.Guid"},"Value":"00000000-0000-0000-0000-000000000000"},{"Key":{"Id":"InnerResultsCount","Label":"InnerResultsCount","Category":"","Description":"","Attributes":1,"ValueType":"System.Int32"},"Value":0}]},{"TestCase":{"Id":"4e520575-537d-a0ef-c811-6619e214ccff","FullyQualifiedName":"Unit_Testovi.BankaTests.RadSaKlijentomTest","DisplayName":"RadSaKlijentomTest","ExecutorUri":"executor://MSTestAdapter/v2","Source":"C:\\Users\\Korisnik\\source\\repos\\VVS_zadaca2\\Hypo Banka\\Unit Testovi\\bin\\Debug\\fine-code-coverage\\Unit Testovi.dll","CodeFilePath":null,"LineNumber":-1,"Properties":[{"Key":{"Id":"MSTestDiscoverer.TestClassName","Label":"ClassName","Category":"","Description":"","Attributes":1,"ValueType":"System.String"},"Value":"Unit_Testovi.BankaTests"},{"Key":{"Id":"TestObject.Traits","Label":"Traits","Category":"","Description":"","Attributes":5,"ValueType":"System.Collections.Generic.KeyValuePair`2[[System.String],[System.String]][]"},"Value":[]}]},"Attachments":[],"Outcome":2,"ErrorMessage":"Assert.Fail failed. ","ErrorStackTrace":"   at Unit_Testovi.BankaTests.RadSaKlijentomTest() in C:\\Users\\Korisnik\\source\\repos\\VVS_zadaca2\\Hypo Banka\\Unit Testovi\\BankaTests.cs:line 21\r\n","DisplayName":null,"Messages":[],"ComputerName":null,"Duration":"00:00:00.0011571","StartTime":"2020-11-29T14:21:48.3376962+01:00","EndTime":"2020-11-29T14:21:48.3391547+01:00","Properties":[{"Key":{"Id":"ExecutionId","Label":"ExecutionId","Category":"","Description":"","Attributes":1,"ValueType":"System.Guid"},"Value":"00000000-0000-0000-0000-000000000000"},{"Key":{"Id":"ParentExecId","Label":"ParentExecId","Category":"","Description":"","Attributes":1,"ValueType":"System.Guid"},"Value":"00000000-0000-0000-0000-000000000000"},{"Key":{"Id":"InnerResultsCount","Label":"InnerResultsCount","Category":"","Description":"","Attributes":1,"ValueType":"System.Int32"},"Value":0}]},{"TestCase":{"Id":"18a4e423-7912-2ea3-64d1-3602e6b82a62","FullyQualifiedName":"Unit_Testovi.BankaTests.OtvaranjeNovogRačunaTest","DisplayName":"OtvaranjeNovogRačunaTest","ExecutorUri":"executor://MSTestAdapter/v2","Source":"C:\\Users\\Korisnik\\source\\repos\\VVS_zadaca2\\Hypo Banka\\Unit Testovi\\bin\\Debug\\fine-code-coverage\\Unit Testovi.dll","CodeFilePath":null,"LineNumber":-1,"Properties":[{"Key":{"Id":"MSTestDiscoverer.TestClassName","Label":"ClassName","Category":"","Description":"","Attributes":1,"ValueType":"System.String"},"Value":"Unit_Testovi.BankaTests"},{"Key":{"Id":"TestObject.Traits","Label":"Traits","Category":"","Description":"","Attributes":5,"ValueType":"System.Collections.Generic.KeyValuePair`2[[System.String],[System.String]][]"},"Value":[]}]},"Attachments":[],"Outcome":2,"ErrorMessage":"Assert.Fail failed. ","ErrorStackTrace":"   at Unit_Testovi.BankaTests.OtvaranjeNovogRačunaTest() in C:\\Users\\Korisnik\\source\\repos\\VVS_zadaca2\\Hypo Banka\\Unit Testovi\\BankaTests.cs:line 27\r\n","DisplayName":null,"Messages":[],"ComputerName":null,"Duration":"00:00:00.0011951","StartTime":"2020-11-29T14:21:48.3447599+01:00","EndTime":"2020-11-29T14:21:48.3463101+01:00","Properties":[{"Key":{"Id":"ExecutionId","Label":"ExecutionId","Category":"","Description":"","Attributes":1,"ValueType":"System.Guid"},"Value":"00000000-0000-0000-0000-000000000000"},{"Key":{"Id":"ParentExecId","Label":"ParentExecId","Category":"","Description":"","Attributes":1,"ValueType":"System.Guid"},"Value":"00000000-0000-0000-0000-000000000000"},{"Key":{"Id":"InnerResultsCount","Label":"InnerResultsCount","Category":"","Description":"","Attributes":1,"ValueType":"System.Int32"},"Value":0}]},{"TestCase":{"Id":"1b311cad-fe90-5ca0-5c94-bb6f702bc22c","FullyQualifiedName":"Unit_Testovi.BankaTests.KlijentiSBlokiranimRačunimaTest","DisplayName":"KlijentiSBlokiranimRačunimaTest","ExecutorUri":"executor://MSTestAdapter/v2","Source":"C:\\Users\\Korisnik\\source\\repos\\VVS_zadaca2\\Hypo Banka\\Unit Testovi\\bin\\Debug\\fine-code-coverage\\Unit Testovi.dll","CodeFilePath":null,"LineNumber":-1,"Properties":[{"Key":{"Id":"MSTestDiscoverer.TestClassName","Label":"ClassName","Category":"","Description":"","Attributes":1,"ValueType":"System.String"},"Value":"Unit_Testovi.BankaTests"},{"Key":{"Id":"TestObject.Traits","Label":"Traits","Category":"","Description":"","Attributes":5,"ValueType":"System.Collections.Generic.KeyValuePair`2[[System.String],[System.String]][]"},"Value":[]}]},"Attachments":[],"Outcome":1,"ErrorMessage":null,"ErrorStackTrace":null,"DisplayName":null,"Messages":[],"ComputerName":null,"Duration":"00:00:00.0190054","StartTime":"2020-11-29T14:21:48.3572463+01:00","EndTime":"2020-11-29T14:21:48.3765764+01:00","Properties":[{"Key":{"Id":"ExecutionId","Label":"ExecutionId","Category":"","Description":"","Attributes":1,"ValueType":"System.Guid"},"Value":"00000000-0000-0000-0000-000000000000"},{"Key":{"Id":"ParentExecId","Label":"ParentExecId","Category":"","Description":"","Attributes":1,"ValueType":"System.Guid"},"Value":"00000000-0000-0000-0000-000000000000"},{"Key":{"Id":"InnerResultsCount","Label":"InnerResultsCount","Category":"","Description":"","Attributes":1,"ValueType":"System.Int32"},"Value":0}]},{"TestCase":{"Id":"408dbc8c-088d-37e5-c524-008dff2d79ed","FullyQualifiedName":"Unit_Testovi.BankaTests.PraznaListaKlijentiSBlokiranimRačunimaTest","DisplayName":"PraznaListaKlijentiSBlokiranimRačunimaTest","ExecutorUri":"executor://MSTestAdapter/v2","Source":"C:\\Users\\Korisnik\\source\\repos\\VVS_zadaca2\\Hypo Banka\\Unit Testovi\\bin\\Debug\\fine-code-coverage\\Unit Testovi.dll","CodeFilePath":null,"LineNumber":-1,"Properties":[{"Key":{"Id":"MSTestDiscoverer.TestClassName","Label":"ClassName","Category":"","Description":"","Attributes":1,"ValueType":"System.String"},"Value":"Unit_Testovi.BankaTests"},{"Key":{"Id":"TestObject.Traits","Label":"Traits","Category":"","Description":"","Attributes":5,"ValueType":"System.Collections.Generic.KeyValuePair`2[[System.String],[System.String]][]"},"Value":[]}]},"Attachments":[],"Outcome":1,"ErrorMessage":null,"ErrorStackTrace":null,"DisplayName":null,"Messages":[],"ComputerName":null,"Duration":"00:00:00.0024674","StartTime":"2020-11-29T14:21:48.3808959+01:00","EndTime":"2020-11-29T14:21:48.384181+01:00","Properties":[{"Key":{"Id":"ExecutionId","Label":"ExecutionId","Category":"","Description":"","Attributes":1,"ValueType":"System.Guid"},"Value":"00000000-0000-0000-0000-000000000000"},{"Key":{"Id":"ParentExecId","Label":"ParentExecId","Category":"","Description":"","Attributes":1,"ValueType":"System.Guid"},"Value":"00000000-0000-0000-0000-000000000000"},{"Key":{"Id":"InnerResultsCount","Label":"InnerResultsCount","Category":"","Description":"","Attributes":1,"ValueType":"System.Int32"},"Value":0}]},{"TestCase":{"Id":"b68b1648-dcba-2adb-037a-34e56c60e967","FullyQualifiedName":"Unit_Testovi.BankaTests.PraznaListaKlijentiSBlokiranimRačunimaTest2","DisplayName":"PraznaListaKlijentiSBlokiranimRačunimaTest2","ExecutorUri":"executor://MSTestAdapter/v2","Source":"C:\\Users\\Korisnik\\source\\repos\\VVS_zadaca2\\Hypo Banka\\Unit Testovi\\bin\\Debug\\fine-code-coverage\\Unit Testovi.dll","CodeFilePath":null,"LineNumber":-1,"Properties":[{"Key":{"Id":"MSTestDiscoverer.TestClassName","Label":"ClassName","Category":"","Description":"","Attributes":1,"ValueType":"System.String"},"Value":"Unit_Testovi.BankaTests"},{"Key":{"Id":"TestObject.Traits","Label":"Traits","Category":"","Description":"","Attributes":5,"ValueType":"System.Collections.Generic.KeyValuePair`2[[System.String],[System.String]][]"},"Value":[]}]},"Attachments":[],"Outcome":1,"ErrorMessage":null,"ErrorStackTrace":null,"DisplayName":null,"Messages":[],"ComputerName":null,"Duration":"00:00:00.0007155","StartTime":"2020-11-29T14:21:48.3877018+01:00","EndTime":"2020-11-29T14:21:48.388737+01:00","Properties":[{"Key":{"Id":"ExecutionId","Label":"ExecutionId","Category":"","Description":"","Attributes":1,"ValueType":"System.Guid"},"Value":"00000000-0000-0000-0000-000000000000"},{"Key":{"Id":"ParentExecId","Label":"ParentExecId","Category":"","Description":"","Attributes":1,"ValueType":"System.Guid"},"Value":"00000000-0000-0000-0000-000000000000"},{"Key":{"Id":"InnerResultsCount","Label":"InnerResultsCount","Category":"","Description":"","Attributes":1,"ValueType":"System.Int32"},"Value":0}]},{"TestCase":{"Id":"fe2fc789-1350-434d-18cc-5bb729531d2a","FullyQualifiedName":"Unit_Testovi.BankaTests.PraznaListaKlijentiSBlokiranimRačunimaTest3","DisplayName":"PraznaListaKlijentiSBlokiranimRačunimaTest3","ExecutorUri":"executor://MSTestAdapter/v2","Source":"C:\\Users\\Korisnik\\source\\repos\\VVS_zadaca2\\Hypo Banka\\Unit Testovi\\bin\\Debug\\fine-code-coverage\\Unit Testovi.dll","CodeFilePath":null,"LineNumber":-1,"Properties":[{"Key":{"Id":"MSTestDiscoverer.TestClassName","Label":"ClassName","Category":"","Description":"","Attributes":1,"ValueType":"System.String"},"Value":"Unit_Testovi.BankaTests"},{"Key":{"Id":"TestObject.Traits","Label":"Traits","Category":"","Description":"","Attributes":5,"ValueType":"System.Collections.Generic.KeyValuePair`2[[System.String],[System.String]][]"},"Value":[]}]},"Attachments":[],"Outcome":1,"ErrorMessage":null,"ErrorStackTrace":null,"DisplayName":null,"Messages":[],"ComputerName":null,"Duration":"00:00:00.0009441","StartTime":"2020-11-29T14:21:48.3930469+01:00","EndTime":"2020-11-29T14:21:48.394291+01:00","Properties":[{"Key":{"Id":"ExecutionId","Label":"ExecutionId","Category":"","Description":"","Attributes":1,"ValueType":"System.Guid"},"Value":"00000000-0000-0000-0000-000000000000"},{"Key":{"Id":"ParentExecId","Label":"ParentExecId","Category":"","Description":"","Attributes":1,"ValueType":"System.Guid"},"Value":"00000000-0000-0000-0000-000000000000"},{"Key":{"Id":"InnerResultsCount","Label":"InnerResultsCount","Category":"","Description":"","Attributes":1,"ValueType":"System.Int32"},"Value":0}]},{"TestCase":{"Id":"d6adb559-41f5-15aa-090d-017e555ec5b0","FullyQualifiedName":"Unit_Testovi.BankaTests.DajKreditTest","DisplayName":"DajKreditTest","ExecutorUri":"executor://MSTestAdapter/v2","Source":"C:\\Users\\Korisnik\\source\\repos\\VVS_zadaca2\\Hypo Banka\\Unit Testovi\\bin\\Debug\\fine-code-coverage\\Unit Testovi.dll","CodeFilePath":null,"LineNumber":-1,"Properties":[{"Key":{"Id":"MSTestDiscoverer.TestClassName","Label":"ClassName","Category":"","Description":"","Attributes":1,"ValueType":"System.String"},"Value":"Unit_Testovi.BankaTests"},{"Key":{"Id":"TestObject.Traits","Label":"Traits","Category":"","Description":"","Attributes":5,"ValueType":"System.Collections.Generic.KeyValuePair`2[[System.String],[System.String]][]"},"Value":[]}]},"Attachments":[],"Outcome":2,"ErrorMessage":"Assert.Fail failed. ","ErrorStackTrace":"   at Unit_Testovi.BankaTests.DajKreditTest() in C:\\Users\\Korisnik\\source\\repos\\VVS_zadaca2\\Hypo Banka\\Unit Testovi\\BankaTests.cs:line 109\r\n","DisplayName":null,"Messages":[],"ComputerName":null,"Duration":"00:00:00.0010730","StartTime":"2020-11-29T14:21:48.3986549+01:00","EndTime":"2020-11-29T14:21:48.3999905+01:00","Properties":[{"Key":{"Id":"ExecutionId","Label":"ExecutionId","Category":"","Description":"","Attributes":1,"ValueType":"System.Guid"},"Value":"00000000-0000-0000-0000-000000000000"},{"Key":{"Id":"ParentExecId","Label":"ParentExecId","Category":"","Description":"","Attributes":1,"ValueType":"System.Guid"},"Value":"00000000-0000-0000-0000-000000000000"},{"Key":{"Id":"InnerResultsCount","Label":"InnerResultsCount","Category":"","Description":"","Attributes":1,"ValueType":"System.Int32"},"Value":0}]},{"TestCase":{"Id":"2e6ffa82-c500-78d4-c8f5-ab98869c82c7","FullyQualifiedName":"Unit_Testovi.BankaTests.OdobriKreditTest","DisplayName":"OdobriKreditTest","ExecutorUri":"executor://MSTestAdapter/v2","Source":"C:\\Users\\Korisnik\\source\\repos\\VVS_zadaca2\\Hypo Banka\\Unit Testovi\\bin\\Debug\\fine-code-coverage\\Unit Testovi.dll","CodeFilePath":null,"LineNumber":-1,"Properties":[{"Key":{"Id":"MSTestDiscoverer.TestClassName","Label":"ClassName","Category":"","Description":"","Attributes":1,"ValueType":"System.String"},"Value":"Unit_Testovi.BankaTests"},{"Key":{"Id":"TestObject.Traits","Label":"Traits","Category":"","Description":"","Attributes":5,"ValueType":"System.Collections.Generic.KeyValuePair`2[[System.String],[System.String]][]"},"Value":[]}]},"Attachments":[],"Outcome":2,"ErrorMessage":"Assert.Fail failed. ","ErrorStackTrace":"   at Unit_Testovi.BankaTests.OdobriKreditTest() in C:\\Users\\Korisnik\\source\\repos\\VVS_zadaca2\\Hypo Banka\\Unit Testovi\\BankaTests.cs:line 115\r\n","DisplayName":null,"Messages":[],"ComputerName":null,"Duration":"00:00:00.0010716","StartTime":"2020-11-29T14:21:48.4039377+01:00","EndTime":"2020-11-29T14:21:48.4052636+01:00","Properties":[{"Key":{"Id":"ExecutionId","Label":"ExecutionId","Category":"","Description":"","Attributes":1,"ValueType":"System.Guid"},"Value":"00000000-0000-0000-0000-000000000000"},{"Key":{"Id":"ParentExecId","Label":"ParentExecId","Category":"","Description":"","Attributes":1,"ValueType":"System.Guid"},"Value":"00000000-0000-0000-0000-000000000000"},{"Key":{"Id":"InnerResultsCount","Label":"InnerResultsCount","Category":"","Description":"","Attributes":1,"ValueType":"System.Int32"},"Value":0}]}],"TestRunStatistics":{"ExecutedTests":9,"Stats":{"Failed":5,"Passed":4}},"ActiveTests":[{"Id":"7963bcc5-e9fa-5f0b-bb02-6bfdd391c570","FullyQualifiedName":"Unit_Testovi.KlijentTests.DajUkupanIznosNovcaNaSvimRačunimaTestNemaNijedanRacun","DisplayName":"DajUkupanIznosNovcaNaSvimRačunimaTestNemaNijedanRacun","ExecutorUri":"executor://MSTestAdapter/v2","Source":"C:\\Users\\Korisnik\\source\\repos\\VVS_zadaca2\\Hypo Banka\\Unit Testovi\\bin\\Debug\\fine-code-coverage\\Unit Testovi.dll","CodeFilePath":null,"LineNumber":-1,"Properties":[{"Key":{"Id":"MSTestDiscoverer.TestClassName","Label":"ClassName","Category":"","Description":"","Attributes":1,"ValueType":"System.String"},"Value":"Unit_Testovi.KlijentTests"},{"Key":{"Id":"TestObject.Traits","Label":"Traits","Category":"","Description":"","Attributes":5,"ValueType":"System.Collections.Generic.KeyValuePair`2[[System.String],[System.String]][]"},"Value":[]}]}]}}
TpTrace Verbose: 0 : 16684, 4, 2020/11/29, 14:21:48.470, 1920393571143, testhost.dll, TestRunCache: OnNewTestResult: Notified the onCacheHit callback.
TpTrace Verbose: 0 : 16684, 4, 2020/11/29, 14:21:48.475, 1920393622109, testhost.dll, TestExecutionRecorder.RecordEnd: test: Unit_Testovi.KlijentTests.DajUkupanIznosNovcaNaSvimRačunimaTestNemaNijedanRacun execution completed.
TpTrace Warning: 0 : 16684, 4, 2020/11/29, 14:21:48.475, 1920393623394, testhost.dll, InProgressTests is null
TpTrace Verbose: 0 : 16684, 4, 2020/11/29, 14:21:48.478, 1920393648286, testhost.dll, TestExecutionRecorder.RecordResult: Received result for test: Unit_Testovi.KlijentTests.DajUkupanIznosNovcaNaSvimRačunimaTestNemaNijedanRacun.
TpTrace Warning: 0 : 16684, 4, 2020/11/29, 14:21:48.478, 1920393650077, testhost.dll, InProgressTests is null
TpTrace Warning: 0 : 16684, 4, 2020/11/29, 14:21:48.478, 1920393650955, testhost.dll, TestRunCache: No test found corresponding to testResult 'DajUkupanIznosNovcaNaSvimRačunimaTestNemaNijedanRacun  Passed' in inProgress list.
TpTrace Verbose: 0 : 16684, 4, 2020/11/29, 14:21:48.478, 1920393651921, testhost.dll, TestExecutionRecorder.RecordStart: Starting test: Unit_Testovi.KlijentTests.DajUkupanIznosNovcaNaSvimRačunimaTest.
TpTrace Verbose: 0 : 16684, 4, 2020/11/29, 14:21:48.487, 1920393744797, testhost.dll, TestExecutionRecorder.RecordEnd: test: Unit_Testovi.KlijentTests.DajUkupanIznosNovcaNaSvimRačunimaTest execution completed.
TpTrace Verbose: 0 : 16684, 4, 2020/11/29, 14:21:48.489, 1920393763375, testhost.dll, TestExecutionRecorder.RecordResult: Received result for test: Unit_Testovi.KlijentTests.DajUkupanIznosNovcaNaSvimRačunimaTest.
TpTrace Warning: 0 : 16684, 4, 2020/11/29, 14:21:48.489, 1920393764807, testhost.dll, InProgressTests is null
TpTrace Warning: 0 : 16684, 4, 2020/11/29, 14:21:48.489, 1920393765407, testhost.dll, TestRunCache: No test found corresponding to testResult 'DajUkupanIznosNovcaNaSvimRačunimaTest  Passed' in inProgress list.
TpTrace Verbose: 0 : 16684, 4, 2020/11/29, 14:21:48.489, 1920393766127, testhost.dll, TestExecutionRecorder.RecordStart: Starting test: Unit_Testovi.KlijentTests.DajUkupanIznosNovcaNaSvimRačunimaTestBlokirani.
TpTrace Verbose: 0 : 16684, 4, 2020/11/29, 14:21:48.492, 1920393793693, testhost.dll, TestExecutionRecorder.RecordEnd: test: Unit_Testovi.KlijentTests.DajUkupanIznosNovcaNaSvimRačunimaTestBlokirani execution completed.
TpTrace Verbose: 0 : 16684, 4, 2020/11/29, 14:21:48.494, 1920393812427, testhost.dll, TestExecutionRecorder.RecordResult: Received result for test: Unit_Testovi.KlijentTests.DajUkupanIznosNovcaNaSvimRačunimaTestBlokirani.
TpTrace Warning: 0 : 16684, 4, 2020/11/29, 14:21:48.494, 1920393813782, testhost.dll, InProgressTests is null
TpTrace Warning: 0 : 16684, 4, 2020/11/29, 14:21:48.494, 1920393814440, testhost.dll, TestRunCache: No test found corresponding to testResult 'DajUkupanIznosNovcaNaSvimRačunimaTestBlokirani  Passed' in inProgress list.
TpTrace Verbose: 0 : 16684, 4, 2020/11/29, 14:21:48.494, 1920393815164, testhost.dll, TestExecutionRecorder.RecordStart: Starting test: Unit_Testovi.KorisnikTests.AutomatskoGenerisanjePodatakaTest1.
TpTrace Verbose: 0 : 16684, 4, 2020/11/29, 14:21:48.504, 1920393917083, testhost.dll, TestExecutionRecorder.RecordEnd: test: Unit_Testovi.KorisnikTests.AutomatskoGenerisanjePodatakaTest1 execution completed.
TpTrace Verbose: 0 : 16684, 4, 2020/11/29, 14:21:48.507, 1920393938800, testhost.dll, TestExecutionRecorder.RecordResult: Received result for test: Unit_Testovi.KorisnikTests.AutomatskoGenerisanjePodatakaTest1.
TpTrace Warning: 0 : 16684, 4, 2020/11/29, 14:21:48.507, 1920393940285, testhost.dll, InProgressTests is null
TpTrace Warning: 0 : 16684, 4, 2020/11/29, 14:21:48.507, 1920393940980, testhost.dll, TestRunCache: No test found corresponding to testResult 'AutomatskoGenerisanjePodatakaTest1  Passed' in inProgress list.
TpTrace Verbose: 0 : 16684, 4, 2020/11/29, 14:21:48.507, 1920393941712, testhost.dll, TestExecutionRecorder.RecordStart: Starting test: Unit_Testovi.KorisnikTests.AutomatskoGenerisanjePodatakaTest2.
TpTrace Verbose: 0 : 16684, 4, 2020/11/29, 14:21:48.511, 1920393982689, testhost.dll, TestExecutionRecorder.RecordEnd: test: Unit_Testovi.KorisnikTests.AutomatskoGenerisanjePodatakaTest2 execution completed.
TpTrace Verbose: 0 : 16684, 4, 2020/11/29, 14:21:48.514, 1920394015122, testhost.dll, TestExecutionRecorder.RecordResult: Received result for test: Unit_Testovi.KorisnikTests.AutomatskoGenerisanjePodatakaTest2.
TpTrace Warning: 0 : 16684, 4, 2020/11/29, 14:21:48.514, 1920394016622, testhost.dll, InProgressTests is null
TpTrace Warning: 0 : 16684, 4, 2020/11/29, 14:21:48.514, 1920394017560, testhost.dll, TestRunCache: No test found corresponding to testResult 'AutomatskoGenerisanjePodatakaTest2  Passed' in inProgress list.
TpTrace Verbose: 0 : 16684, 4, 2020/11/29, 14:21:48.515, 1920394018549, testhost.dll, TestExecutionRecorder.RecordStart: Starting test: Unit_Testovi.KorisnikTests.AutomatskoGenerisanjePodatakaTest3.
TpTrace Verbose: 0 : 16684, 4, 2020/11/29, 14:21:48.527, 1920394141474, testhost.dll, TestExecutionRecorder.RecordEnd: test: Unit_Testovi.KorisnikTests.AutomatskoGenerisanjePodatakaTest3 execution completed.
TpTrace Verbose: 0 : 16684, 4, 2020/11/29, 14:21:48.529, 1920394160975, testhost.dll, TestExecutionRecorder.RecordResult: Received result for test: Unit_Testovi.KorisnikTests.AutomatskoGenerisanjePodatakaTest3.
TpTrace Warning: 0 : 16684, 4, 2020/11/29, 14:21:48.529, 1920394162625, testhost.dll, InProgressTests is null
TpTrace Warning: 0 : 16684, 4, 2020/11/29, 14:21:48.529, 1920394163877, testhost.dll, TestRunCache: No test found corresponding to testResult 'AutomatskoGenerisanjePodatakaTest3  Passed' in inProgress list.
TpTrace Verbose: 0 : 16684, 4, 2020/11/29, 14:21:48.529, 1920394165043, testhost.dll, TestExecutionRecorder.RecordStart: Starting test: Unit_Testovi.KorisnikTests.AutomatskoGenerisanjePodatakaTest4.
TpTrace Verbose: 0 : 16684, 4, 2020/11/29, 14:21:48.535, 1920394218565, testhost.dll, TestExecutionRecorder.RecordEnd: test: Unit_Testovi.KorisnikTests.AutomatskoGenerisanjePodatakaTest4 execution completed.
TpTrace Verbose: 0 : 16684, 4, 2020/11/29, 14:21:48.536, 1920394238094, testhost.dll, TestExecutionRecorder.RecordResult: Received result for test: Unit_Testovi.KorisnikTests.AutomatskoGenerisanjePodatakaTest4.
TpTrace Warning: 0 : 16684, 4, 2020/11/29, 14:21:48.537, 1920394239527, testhost.dll, InProgressTests is null
TpTrace Warning: 0 : 16684, 4, 2020/11/29, 14:21:48.537, 1920394240188, testhost.dll, TestRunCache: No test found corresponding to testResult 'AutomatskoGenerisanjePodatakaTest4  Passed' in inProgress list.
TpTrace Verbose: 0 : 16684, 4, 2020/11/29, 14:21:48.537, 1920394240848, testhost.dll, TestExecutionRecorder.RecordStart: Starting test: Unit_Testovi.KreditTest.ProvjeriStanjeOtplateTest.
TpTrace Verbose: 0 : 16684, 4, 2020/11/29, 14:21:48.541, 1920394278457, testhost.dll, TestExecutionRecorder.RecordEnd: test: Unit_Testovi.KreditTest.ProvjeriStanjeOtplateTest execution completed.
TpTrace Verbose: 0 : 16684, 4, 2020/11/29, 14:21:48.542, 1920394296443, testhost.dll, TestExecutionRecorder.RecordResult: Received result for test: Unit_Testovi.KreditTest.ProvjeriStanjeOtplateTest.
TpTrace Warning: 0 : 16684, 4, 2020/11/29, 14:21:48.542, 1920394297793, testhost.dll, InProgressTests is null
TpTrace Warning: 0 : 16684, 4, 2020/11/29, 14:21:48.543, 1920394298411, testhost.dll, TestRunCache: No test found corresponding to testResult 'ProvjeriStanjeOtplateTest  Passed' in inProgress list.
TpTrace Verbose: 0 : 16684, 4, 2020/11/29, 14:21:48.543, 1920394299043, testhost.dll, TestExecutionRecorder.RecordStart: Starting test: Unit_Testovi.NoviTestovi.TestZamjenskiObjekat.
TpTrace Information: 0 : 16684, 4, 2020/11/29, 14:21:48.549, 1920394365473, testhost.dll, AssemblyResolver.OnResolve: Microsoft.VisualStudio.TestPlatform.MSTest.TestAdapter.resources: Resolving assembly.
TpTrace Information: 0 : 16684, 4, 2020/11/29, 14:21:48.550, 1920394369323, testhost.dll, AssemblyResolver.OnResolve: Microsoft.VisualStudio.TestPlatform.MSTest.TestAdapter.resources: Failed to load assembly.
TpTrace Verbose: 0 : 16684, 4, 2020/11/29, 14:21:48.554, 1920394417500, testhost.dll, TestExecutionRecorder.RecordEnd: test: Unit_Testovi.NoviTestovi.TestZamjenskiObjekat execution completed.
TpTrace Verbose: 0 : 16684, 4, 2020/11/29, 14:21:48.556, 1920394437538, testhost.dll, TestExecutionRecorder.RecordResult: Received result for test: Unit_Testovi.NoviTestovi.TestZamjenskiObjekat.
TpTrace Warning: 0 : 16684, 4, 2020/11/29, 14:21:48.557, 1920394438830, testhost.dll, InProgressTests is null
TpTrace Warning: 0 : 16684, 4, 2020/11/29, 14:21:48.557, 1920394439457, testhost.dll, TestRunCache: No test found corresponding to testResult 'TestZamjenskiObjekat  Failed
  Message: Test method Unit_Testovi.NoviTestovi.TestZamjenskiObjekat threw exception: 
System.NotImplementedException: The method or operation is not implemented.
  StackTrace:
    at Hypo_Banka.Zahtjev.DaLiJePovoljan() in C:\Users\Korisnik\source\repos\VVS_zadaca2\Hypo Banka\Hypo Banka\Zahtjev.cs:line 15
   at Hypo_Banka.Banka.OdobriKredit(IZahtjev zahtjev, Kredit kredit) in C:\Users\Korisnik\source\repos\VVS_zadaca2\Hypo Banka\Hypo Banka\Banka.cs:line 109
   at Unit_Testovi.NoviTestovi.TestZamjenskiObjekat() in C:\Users\Korisnik\source\repos\VVS_zadaca2\Hypo Banka\Unit Testovi\NoviTestovi.cs:line 28
' in inProgress list.
TpTrace Verbose: 0 : 16684, 4, 2020/11/29, 14:21:48.557, 1920394440159, testhost.dll, TestExecutionRecorder.RecordStart: Starting test: Unit_Testovi.NoviTestovi.TestSkidanjaIznosaSRačuna.
TpTrace Information: 0 : 16684, 4, 2020/11/29, 14:21:48.557, 1920394440946, testhost.dll, Sending test run statistics
TpTrace Verbose: 0 : 16684, 4, 2020/11/29, 14:21:48.559, 1920394461211, testhost.dll, TestRequestHandler.SendData:  sending data from testhost: {"Version":2,"MessageType":"TestExecution.StatsChange","Payload":{"NewTestResults":[{"TestCase":{"Id":"7963bcc5-e9fa-5f0b-bb02-6bfdd391c570","FullyQualifiedName":"Unit_Testovi.KlijentTests.DajUkupanIznosNovcaNaSvimRačunimaTestNemaNijedanRacun","DisplayName":"DajUkupanIznosNovcaNaSvimRačunimaTestNemaNijedanRacun","ExecutorUri":"executor://MSTestAdapter/v2","Source":"C:\\Users\\Korisnik\\source\\repos\\VVS_zadaca2\\Hypo Banka\\Unit Testovi\\bin\\Debug\\fine-code-coverage\\Unit Testovi.dll","CodeFilePath":null,"LineNumber":-1,"Properties":[{"Key":{"Id":"MSTestDiscoverer.TestClassName","Label":"ClassName","Category":"","Description":"","Attributes":1,"ValueType":"System.String"},"Value":"Unit_Testovi.KlijentTests"},{"Key":{"Id":"TestObject.Traits","Label":"Traits","Category":"","Description":"","Attributes":5,"ValueType":"System.Collections.Generic.KeyValuePair`2[[System.String],[System.String]][]"},"Value":[]}]},"Attachments":[],"Outcome":1,"ErrorMessage":null,"ErrorStackTrace":null,"DisplayName":null,"Messages":[],"ComputerName":null,"Duration":"00:00:00.0022200","StartTime":"2020-11-29T14:21:48.4725002+01:00","EndTime":"2020-11-29T14:21:48.4753657+01:00","Properties":[{"Key":{"Id":"ExecutionId","Label":"ExecutionId","Category":"","Description":"","Attributes":1,"ValueType":"System.Guid"},"Value":"00000000-0000-0000-0000-000000000000"},{"Key":{"Id":"ParentExecId","Label":"ParentExecId","Category":"","Description":"","Attributes":1,"ValueType":"System.Guid"},"Value":"00000000-0000-0000-0000-000000000000"},{"Key":{"Id":"InnerResultsCount","Label":"InnerResultsCount","Category":"","Description":"","Attributes":1,"ValueType":"System.Int32"},"Value":0}]},{"TestCase":{"Id":"6b5f6e43-df49-ab6e-701e-14406ad0d200","FullyQualifiedName":"Unit_Testovi.KlijentTests.DajUkupanIznosNovcaNaSvimRačunimaTest","DisplayName":"DajUkupanIznosNovcaNaSvimRačunimaTest","ExecutorUri":"executor://MSTestAdapter/v2","Source":"C:\\Users\\Korisnik\\source\\repos\\VVS_zadaca2\\Hypo Banka\\Unit Testovi\\bin\\Debug\\fine-code-coverage\\Unit Testovi.dll","CodeFilePath":null,"LineNumber":-1,"Properties":[{"Key":{"Id":"MSTestDiscoverer.TestClassName","Label":"ClassName","Category":"","Description":"","Attributes":1,"ValueType":"System.String"},"Value":"Unit_Testovi.KlijentTests"},{"Key":{"Id":"TestObject.Traits","Label":"Traits","Category":"","Description":"","Attributes":5,"ValueType":"System.Collections.Generic.KeyValuePair`2[[System.String],[System.String]][]"},"Value":[]}]},"Attachments":[],"Outcome":1,"ErrorMessage":null,"ErrorStackTrace":null,"DisplayName":null,"Messages":[],"ComputerName":null,"Duration":"00:00:00.0061640","StartTime":"2020-11-29T14:21:48.4809756+01:00","EndTime":"2020-11-29T14:21:48.4876402+01:00","Properties":[{"Key":{"Id":"ExecutionId","Label":"ExecutionId","Category":"","Description":"","Attributes":1,"ValueType":"System.Guid"},"Value":"00000000-0000-0000-0000-000000000000"},{"Key":{"Id":"ParentExecId","Label":"ParentExecId","Category":"","Description":"","Attributes":1,"ValueType":"System.Guid"},"Value":"00000000-0000-0000-0000-000000000000"},{"Key":{"Id":"InnerResultsCount","Label":"InnerResultsCount","Category":"","Description":"","Attributes":1,"ValueType":"System.Int32"},"Value":0}]},{"TestCase":{"Id":"f00d9813-1f91-642b-4e1c-e90d25b9d5bc","FullyQualifiedName":"Unit_Testovi.KlijentTests.DajUkupanIznosNovcaNaSvimRačunimaTestBlokirani","DisplayName":"DajUkupanIznosNovcaNaSvimRačunimaTestBlokirani","ExecutorUri":"executor://MSTestAdapter/v2","Source":"C:\\Users\\Korisnik\\source\\repos\\VVS_zadaca2\\Hypo Banka\\Unit Testovi\\bin\\Debug\\fine-code-coverage\\Unit Testovi.dll","CodeFilePath":null,"LineNumber":-1,"Properties":[{"Key":{"Id":"MSTestDiscoverer.TestClassName","Label":"ClassName","Category":"","Description":"","Attributes":1,"ValueType":"System.String"},"Value":"Unit_Testovi.KlijentTests"},{"Key":{"Id":"TestObject.Traits","Label":"Traits","Category":"","Description":"","Attributes":5,"ValueType":"System.Collections.Generic.KeyValuePair`2[[System.String],[System.String]][]"},"Value":[]}]},"Attachments":[],"Outcome":1,"ErrorMessage":null,"ErrorStackTrace":null,"DisplayName":null,"Messages":[],"ComputerName":null,"Duration":"00:00:00.0009233","StartTime":"2020-11-29T14:21:48.4912732+01:00","EndTime":"2020-11-29T14:21:48.4925207+01:00","Properties":[{"Key":{"Id":"ExecutionId","Label":"ExecutionId","Category":"","Description":"","Attributes":1,"ValueType":"System.Guid"},"Value":"00000000-0000-0000-0000-000000000000"},{"Key":{"Id":"ParentExecId","Label":"ParentExecId","Category":"","Description":"","Attributes":1,"ValueType":"System.Guid"},"Value":"00000000-0000-0000-0000-000000000000"},{"Key":{"Id":"InnerResultsCount","Label":"InnerResultsCount","Category":"","Description":"","Attributes":1,"ValueType":"System.Int32"},"Value":0}]},{"TestCase":{"Id":"80dd9e45-895a-4693-f456-2b8d29c7c4d1","FullyQualifiedName":"Unit_Testovi.KorisnikTests.AutomatskoGenerisanjePodatakaTest1","DisplayName":"AutomatskoGenerisanjePodatakaTest1","ExecutorUri":"executor://MSTestAdapter/v2","Source":"C:\\Users\\Korisnik\\source\\repos\\VVS_zadaca2\\Hypo Banka\\Unit Testovi\\bin\\Debug\\fine-code-coverage\\Unit Testovi.dll","CodeFilePath":null,"LineNumber":-1,"Properties":[{"Key":{"Id":"MSTestDiscoverer.TestClassName","Label":"ClassName","Category":"","Description":"","Attributes":1,"ValueType":"System.String"},"Value":"Unit_Testovi.KorisnikTests"},{"Key":{"Id":"TestObject.Traits","Label":"Traits","Category":"","Description":"","Attributes":5,"ValueType":"System.Collections.Generic.KeyValuePair`2[[System.String],[System.String]][]"},"Value":[]}]},"Attachments":[],"Outcome":1,"ErrorMessage":null,"ErrorStackTrace":null,"DisplayName":null,"Messages":[],"ComputerName":null,"Duration":"00:00:00.0009226","StartTime":"2020-11-29T14:21:48.5034304+01:00","EndTime":"2020-11-29T14:21:48.5048683+01:00","Properties":[{"Key":{"Id":"ExecutionId","Label":"ExecutionId","Category":"","Description":"","Attributes":1,"ValueType":"System.Guid"},"Value":"00000000-0000-0000-0000-000000000000"},{"Key":{"Id":"ParentExecId","Label":"ParentExecId","Category":"","Description":"","Attributes":1,"ValueType":"System.Guid"},"Value":"00000000-0000-0000-0000-000000000000"},{"Key":{"Id":"InnerResultsCount","Label":"InnerResultsCount","Category":"","Description":"","Attributes":1,"ValueType":"System.Int32"},"Value":0}]},{"TestCase":{"Id":"d275d30d-bf4a-380a-adc6-2e46a90104d2","FullyQualifiedName":"Unit_Testovi.KorisnikTests.AutomatskoGenerisanjePodatakaTest2","DisplayName":"AutomatskoGenerisanjePodatakaTest2","ExecutorUri":"executor://MSTestAdapter/v2","Source":"C:\\Users\\Korisnik\\source\\repos\\VVS_zadaca2\\Hypo Banka\\Unit Testovi\\bin\\Debug\\fine-code-coverage\\Unit Testovi.dll","CodeFilePath":null,"LineNumber":-1,"Properties":[{"Key":{"Id":"MSTestDiscoverer.TestClassName","Label":"ClassName","Category":"","Description":"","Attributes":1,"ValueType":"System.String"},"Value":"Unit_Testovi.KorisnikTests"},{"Key":{"Id":"TestObject.Traits","Label":"Traits","Category":"","Description":"","Attributes":5,"ValueType":"System.Collections.Generic.KeyValuePair`2[[System.String],[System.String]][]"},"Value":[]}]},"Attachments":[],"Outcome":1,"ErrorMessage":null,"ErrorStackTrace":null,"DisplayName":null,"Messages":[],"ComputerName":null,"Duration":"00:00:00.0013924","StartTime":"2020-11-29T14:21:48.5094847+01:00","EndTime":"2020-11-29T14:21:48.5114205+01:00","Properties":[{"Key":{"Id":"ExecutionId","Label":"ExecutionId","Category":"","Description":"","Attributes":1,"ValueType":"System.Guid"},"Value":"00000000-0000-0000-0000-000000000000"},{"Key":{"Id":"ParentExecId","Label":"ParentExecId","Category":"","Description":"","Attributes":1,"ValueType":"System.Guid"},"Value":"00000000-0000-0000-0000-000000000000"},{"Key":{"Id":"InnerResultsCount","Label":"InnerResultsCount","Category":"","Description":"","Attributes":1,"ValueType":"System.Int32"},"Value":0}]},{"TestCase":{"Id":"e56dccf3-4dd3-dd26-fd75-304af3f42105","FullyQualifiedName":"Unit_Testovi.KorisnikTests.AutomatskoGenerisanjePodatakaTest3","DisplayName":"AutomatskoGenerisanjePodatakaTest3","ExecutorUri":"executor://MSTestAdapter/v2","Source":"C:\\Users\\Korisnik\\source\\repos\\VVS_zadaca2\\Hypo Banka\\Unit Testovi\\bin\\Debug\\fine-code-coverage\\Unit Testovi.dll","CodeFilePath":null,"LineNumber":-1,"Properties":[{"Key":{"Id":"MSTestDiscoverer.TestClassName","Label":"ClassName","Category":"","Description":"","Attributes":1,"ValueType":"System.String"},"Value":"Unit_Testovi.KorisnikTests"},{"Key":{"Id":"TestObject.Traits","Label":"Traits","Category":"","Description":"","Attributes":5,"ValueType":"System.Collections.Generic.KeyValuePair`2[[System.String],[System.String]][]"},"Value":[]}]},"Attachments":[],"Outcome":1,"ErrorMessage":null,"ErrorStackTrace":null,"DisplayName":null,"Messages":[],"ComputerName":null,"Duration":"00:00:00.0097782","StartTime":"2020-11-29T14:21:48.5172104+01:00","EndTime":"2020-11-29T14:21:48.5272891+01:00","Properties":[{"Key":{"Id":"ExecutionId","Label":"ExecutionId","Category":"","Description":"","Attributes":1,"ValueType":"System.Guid"},"Value":"00000000-0000-0000-0000-000000000000"},{"Key":{"Id":"ParentExecId","Label":"ParentExecId","Category":"","Description":"","Attributes":1,"ValueType":"System.Guid"},"Value":"00000000-0000-0000-0000-000000000000"},{"Key":{"Id":"InnerResultsCount","Label":"InnerResultsCount","Category":"","Description":"","Attributes":1,"ValueType":"System.Int32"},"Value":0}]},{"TestCase":{"Id":"8ebe7d1b-8437-5ccd-a863-67c3bd129874","FullyQualifiedName":"Unit_Testovi.KorisnikTests.AutomatskoGenerisanjePodatakaTest4","DisplayName":"AutomatskoGenerisanjePodatakaTest4","ExecutorUri":"executor://MSTestAdapter/v2","Source":"C:\\Users\\Korisnik\\source\\repos\\VVS_zadaca2\\Hypo Banka\\Unit Testovi\\bin\\Debug\\fine-code-coverage\\Unit Testovi.dll","CodeFilePath":null,"LineNumber":-1,"Properties":[{"Key":{"Id":"MSTestDiscoverer.TestClassName","Label":"ClassName","Category":"","Description":"","Attributes":1,"ValueType":"System.String"},"Value":"Unit_Testovi.KorisnikTests"},{"Key":{"Id":"TestObject.Traits","Label":"Traits","Category":"","Description":"","Attributes":5,"ValueType":"System.Collections.Generic.KeyValuePair`2[[System.String],[System.String]][]"},"Value":[]}]},"Attachments":[],"Outcome":1,"ErrorMessage":null,"ErrorStackTrace":null,"DisplayName":null,"Messages":[],"ComputerName":null,"Duration":"00:00:00.0033682","StartTime":"2020-11-29T14:21:48.5314151+01:00","EndTime":"2020-11-29T14:21:48.5350179+01:00","Properties":[{"Key":{"Id":"ExecutionId","Label":"ExecutionId","Category":"","Description":"","Attributes":1,"ValueType":"System.Guid"},"Value":"00000000-0000-0000-0000-000000000000"},{"Key":{"Id":"ParentExecId","Label":"ParentExecId","Category":"","Description":"","Attributes":1,"ValueType":"System.Guid"},"Value":"00000000-0000-0000-0000-000000000000"},{"Key":{"Id":"InnerResultsCount","Label":"InnerResultsCount","Category":"","Description":"","Attributes":1,"ValueType":"System.Int32"},"Value":0}]},{"TestCase":{"Id":"741ffac7-c42d-50bf-19c9-a69733933022","FullyQualifiedName":"Unit_Testovi.KreditTest.ProvjeriStanjeOtplateTest","DisplayName":"ProvjeriStanjeOtplateTest","ExecutorUri":"executor://MSTestAdapter/v2","Source":"C:\\Users\\Korisnik\\source\\repos\\VVS_zadaca2\\Hypo Banka\\Unit Testovi\\bin\\Debug\\fine-code-coverage\\Unit Testovi.dll","CodeFilePath":null,"LineNumber":-1,"Properties":[{"Key":{"Id":"MSTestDiscoverer.TestClassName","Label":"ClassName","Category":"","Description":"","Attributes":1,"ValueType":"System.String"},"Value":"Unit_Testovi.KreditTest"},{"Key":{"Id":"TestObject.Traits","Label":"Traits","Category":"","Description":"","Attributes":5,"ValueType":"System.Collections.Generic.KeyValuePair`2[[System.String],[System.String]][]"},"Value":[]}]},"Attachments":[],"Outcome":1,"ErrorMessage":null,"ErrorStackTrace":null,"DisplayName":null,"Messages":[],"ComputerName":null,"Duration":"00:00:00.0019763","StartTime":"2020-11-29T14:21:48.5386758+01:00","EndTime":"2020-11-29T14:21:48.5410113+01:00","Properties":[{"Key":{"Id":"ExecutionId","Label":"ExecutionId","Category":"","Description":"","Attributes":1,"ValueType":"System.Guid"},"Value":"00000000-0000-0000-0000-000000000000"},{"Key":{"Id":"ParentExecId","Label":"ParentExecId","Category":"","Description":"","Attributes":1,"ValueType":"System.Guid"},"Value":"00000000-0000-0000-0000-000000000000"},{"Key":{"Id":"InnerResultsCount","Label":"InnerResultsCount","Category":"","Description":"","Attributes":1,"ValueType":"System.Int32"},"Value":0}]},{"TestCase":{"Id":"aef9dec6-1181-fac1-2596-b31421e8da47","FullyQualifiedName":"Unit_Testovi.NoviTestovi.TestZamjenskiObjekat","DisplayName":"TestZamjenskiObjekat","ExecutorUri":"executor://MSTestAdapter/v2","Source":"C:\\Users\\Korisnik\\source\\repos\\VVS_zadaca2\\Hypo Banka\\Unit Testovi\\bin\\Debug\\fine-code-coverage\\Unit Testovi.dll","CodeFilePath":null,"LineNumber":-1,"Properties":[{"Key":{"Id":"MSTestDiscoverer.TestClassName","Label":"ClassName","Category":"","Description":"","Attributes":1,"ValueType":"System.String"},"Value":"Unit_Testovi.NoviTestovi"},{"Key":{"Id":"TestObject.Traits","Label":"Traits","Category":"","Description":"","Attributes":5,"ValueType":"System.Collections.Generic.KeyValuePair`2[[System.String],[System.String]][]"},"Value":[]}]},"Attachments":[],"Outcome":2,"ErrorMessage":"Test method Unit_Testovi.NoviTestovi.TestZamjenskiObjekat threw exception: \r\nSystem.NotImplementedException: The method or operation is not implemented.","ErrorStackTrace":"    at Hypo_Banka.Zahtjev.DaLiJePovoljan() in C:\\Users\\Korisnik\\source\\repos\\VVS_zadaca2\\Hypo Banka\\Hypo Banka\\Zahtjev.cs:line 15\r\n   at Hypo_Banka.Banka.OdobriKredit(IZahtjev zahtjev, Kredit kredit) in C:\\Users\\Korisnik\\source\\repos\\VVS_zadaca2\\Hypo Banka\\Hypo Banka\\Banka.cs:line 109\r\n   at Unit_Testovi.NoviTestovi.TestZamjenskiObjekat() in C:\\Users\\Korisnik\\source\\repos\\VVS_zadaca2\\Hypo Banka\\Unit Testovi\\NoviTestovi.cs:line 28\r\n","DisplayName":null,"Messages":[],"ComputerName":null,"Duration":"00:00:00.0095186","StartTime":"2020-11-29T14:21:48.5448847+01:00","EndTime":"2020-11-29T14:21:48.5549083+01:00","Properties":[{"Key":{"Id":"ExecutionId","Label":"ExecutionId","Category":"","Description":"","Attributes":1,"ValueType":"System.Guid"},"Value":"00000000-0000-0000-0000-000000000000"},{"Key":{"Id":"ParentExecId","Label":"ParentExecId","Category":"","Description":"","Attributes":1,"ValueType":"System.Guid"},"Value":"00000000-0000-0000-0000-000000000000"},{"Key":{"Id":"InnerResultsCount","Label":"InnerResultsCount","Category":"","Description":"","Attributes":1,"ValueType":"System.Int32"},"Value":0}]}],"TestRunStatistics":{"ExecutedTests":18,"Stats":{"Failed":6,"Passed":12}},"ActiveTests":[{"Id":"5cf3213e-7f5b-3dd9-a044-6f83efb0a78d","FullyQualifiedName":"Unit_Testovi.NoviTestovi.TestSkidanjaIznosaSRačuna","DisplayName":"TestSkidanjaIznosaSRačuna","ExecutorUri":"executor://MSTestAdapter/v2","Source":"C:\\Users\\Korisnik\\source\\repos\\VVS_zadaca2\\Hypo Banka\\Unit Testovi\\bin\\Debug\\fine-code-coverage\\Unit Testovi.dll","CodeFilePath":null,"LineNumber":-1,"Properties":[{"Key":{"Id":"MSTestDiscoverer.TestClassName","Label":"ClassName","Category":"","Description":"","Attributes":1,"ValueType":"System.String"},"Value":"Unit_Testovi.NoviTestovi"},{"Key":{"Id":"TestObject.Traits","Label":"Traits","Category":"","Description":"","Attributes":5,"ValueType":"System.Collections.Generic.KeyValuePair`2[[System.String],[System.String]][]"},"Value":[]}]}]}}
TpTrace Verbose: 0 : 16684, 4, 2020/11/29, 14:21:48.559, 1920394465833, testhost.dll, TestRunCache: OnNewTestResult: Notified the onCacheHit callback.
TpTrace Verbose: 0 : 16684, 4, 2020/11/29, 14:21:48.562, 1920394495807, testhost.dll, TestExecutionRecorder.RecordEnd: test: Unit_Testovi.NoviTestovi.TestSkidanjaIznosaSRačuna execution completed.
TpTrace Warning: 0 : 16684, 4, 2020/11/29, 14:21:48.562, 1920394497143, testhost.dll, InProgressTests is null
TpTrace Verbose: 0 : 16684, 4, 2020/11/29, 14:21:48.565, 1920394523218, testhost.dll, TestExecutionRecorder.RecordResult: Received result for test: Unit_Testovi.NoviTestovi.TestSkidanjaIznosaSRačuna.
TpTrace Warning: 0 : 16684, 4, 2020/11/29, 14:21:48.565, 1920394524469, testhost.dll, InProgressTests is null
TpTrace Warning: 0 : 16684, 4, 2020/11/29, 14:21:48.565, 1920394525100, testhost.dll, TestRunCache: No test found corresponding to testResult 'TestSkidanjaIznosaSRačuna  Failed
  Message: Test method Unit_Testovi.NoviTestovi.TestSkidanjaIznosaSRačuna threw exception: 
System.NotImplementedException: The method or operation is not implemented.
  StackTrace:
    at Hypo_Banka.Klijent.SkiniIznosSaNekogOdRačuna(Double ukupniIznos) in C:\Users\Korisnik\source\repos\VVS_zadaca2\Hypo Banka\Hypo Banka\Klijent.cs:line 101
   at Unit_Testovi.NoviTestovi.TestSkidanjaIznosaSRačuna() in C:\Users\Korisnik\source\repos\VVS_zadaca2\Hypo Banka\Unit Testovi\NoviTestovi.cs:line 46
' in inProgress list.
TpTrace Verbose: 0 : 16684, 4, 2020/11/29, 14:21:48.565, 1920394525930, testhost.dll, TestExecutionRecorder.RecordStart: Starting test: Unit_Testovi.NoviTestovi.TestSkidanjaIznosaSVišeRačuna.
TpTrace Verbose: 0 : 16684, 4, 2020/11/29, 14:21:48.568, 1920394556849, testhost.dll, TestExecutionRecorder.RecordEnd: test: Unit_Testovi.NoviTestovi.TestSkidanjaIznosaSVišeRačuna execution completed.
TpTrace Verbose: 0 : 16684, 4, 2020/11/29, 14:21:48.571, 1920394580366, testhost.dll, TestExecutionRecorder.RecordResult: Received result for test: Unit_Testovi.NoviTestovi.TestSkidanjaIznosaSVišeRačuna.
TpTrace Warning: 0 : 16684, 4, 2020/11/29, 14:21:48.571, 1920394581665, testhost.dll, InProgressTests is null
TpTrace Warning: 0 : 16684, 4, 2020/11/29, 14:21:48.571, 1920394582310, testhost.dll, TestRunCache: No test found corresponding to testResult 'TestSkidanjaIznosaSVišeRačuna  Failed
  Message: Test method Unit_Testovi.NoviTestovi.TestSkidanjaIznosaSVišeRačuna threw exception: 
System.NotImplementedException: The method or operation is not implemented.
  StackTrace:
    at Hypo_Banka.Klijent.SkiniIznosSaNekogOdRačuna(Double ukupniIznos) in C:\Users\Korisnik\source\repos\VVS_zadaca2\Hypo Banka\Hypo Banka\Klijent.cs:line 101
   at Unit_Testovi.NoviTestovi.TestSkidanjaIznosaSVišeRačuna() in C:\Users\Korisnik\source\repos\VVS_zadaca2\Hypo Banka\Unit Testovi\NoviTestovi.cs:line 65
' in inProgress list.
TpTrace Verbose: 0 : 16684, 4, 2020/11/29, 14:21:48.571, 1920394583095, testhost.dll, TestExecutionRecorder.RecordStart: Starting test: Unit_Testovi.NoviTestovi.TestSkidanjaIznosaIzuzetak.
TpTrace Verbose: 0 : 16684, 4, 2020/11/29, 14:21:48.576, 1920394631935, testhost.dll, TestExecutionRecorder.RecordEnd: test: Unit_Testovi.NoviTestovi.TestSkidanjaIznosaIzuzetak execution completed.
TpTrace Verbose: 0 : 16684, 4, 2020/11/29, 14:21:48.578, 1920394656702, testhost.dll, TestExecutionRecorder.RecordResult: Received result for test: Unit_Testovi.NoviTestovi.TestSkidanjaIznosaIzuzetak.
TpTrace Warning: 0 : 16684, 4, 2020/11/29, 14:21:48.578, 1920394657959, testhost.dll, InProgressTests is null
TpTrace Warning: 0 : 16684, 4, 2020/11/29, 14:21:48.579, 1920394658595, testhost.dll, TestRunCache: No test found corresponding to testResult 'TestSkidanjaIznosaIzuzetak  Failed
  Message: Test method threw exception System.NotImplementedException, but exception System.InvalidOperationException was expected. Exception message: System.NotImplementedException: The method or operation is not implemented.
  StackTrace:
   at Hypo_Banka.Klijent.SkiniIznosSaNekogOdRačuna(Double ukupniIznos) in C:\Users\Korisnik\source\repos\VVS_zadaca2\Hypo Banka\Hypo Banka\Klijent.cs:line 101
   at Unit_Testovi.NoviTestovi.TestSkidanjaIznosaIzuzetak() in C:\Users\Korisnik\source\repos\VVS_zadaca2\Hypo Banka\Unit Testovi\NoviTestovi.cs:line 88
' in inProgress list.
TpTrace Verbose: 0 : 16684, 4, 2020/11/29, 14:21:48.581, 1920394688080, testhost.dll, BaseRunTests.RunTestInternalWithExecutors: Completed running tests for executor://MSTestAdapter/v2
TpTrace Information: 0 : 16684, 4, 2020/11/29, 14:21:48.586, 1920394728555, testhost.dll, Sending test run complete
TpTrace Verbose: 0 : 16684, 4, 2020/11/29, 14:21:48.604, 1920394911862, testhost.dll, TestRequestHandler.SendData:  sending data from testhost: {"Version":2,"MessageType":"TestExecution.Completed","Payload":{"TestRunCompleteArgs":{"TestRunStatistics":{"ExecutedTests":21,"Stats":{"Failed":9,"Passed":12}},"IsCanceled":false,"IsAborted":false,"Error":null,"AttachmentSets":[],"ElapsedTimeInRunningTests":"00:00:00.6135807","Metrics":{}},"LastRunTests":{"NewTestResults":[{"TestCase":{"Id":"5cf3213e-7f5b-3dd9-a044-6f83efb0a78d","FullyQualifiedName":"Unit_Testovi.NoviTestovi.TestSkidanjaIznosaSRačuna","DisplayName":"TestSkidanjaIznosaSRačuna","ExecutorUri":"executor://MSTestAdapter/v2","Source":"C:\\Users\\Korisnik\\source\\repos\\VVS_zadaca2\\Hypo Banka\\Unit Testovi\\bin\\Debug\\fine-code-coverage\\Unit Testovi.dll","CodeFilePath":null,"LineNumber":-1,"Properties":[{"Key":{"Id":"MSTestDiscoverer.TestClassName","Label":"ClassName","Category":"","Description":"","Attributes":1,"ValueType":"System.String"},"Value":"Unit_Testovi.NoviTestovi"},{"Key":{"Id":"TestObject.Traits","Label":"Traits","Category":"","Description":"","Attributes":5,"ValueType":"System.Collections.Generic.KeyValuePair`2[[System.String],[System.String]][]"},"Value":[]}]},"Attachments":[],"Outcome":2,"ErrorMessage":"Test method Unit_Testovi.NoviTestovi.TestSkidanjaIznosaSRačuna threw exception: \r\nSystem.NotImplementedException: The method or operation is not implemented.","ErrorStackTrace":"    at Hypo_Banka.Klijent.SkiniIznosSaNekogOdRačuna(Double ukupniIznos) in C:\\Users\\Korisnik\\source\\repos\\VVS_zadaca2\\Hypo Banka\\Hypo Banka\\Klijent.cs:line 101\r\n   at Unit_Testovi.NoviTestovi.TestSkidanjaIznosaSRačuna() in C:\\Users\\Korisnik\\source\\repos\\VVS_zadaca2\\Hypo Banka\\Unit Testovi\\NoviTestovi.cs:line 46\r\n","DisplayName":null,"Messages":[],"ComputerName":null,"Duration":"00:00:00.0012496","StartTime":"2020-11-29T14:21:48.5612786+01:00","EndTime":"2020-11-29T14:21:48.562746+01:00","Properties":[{"Key":{"Id":"ExecutionId","Label":"ExecutionId","Category":"","Description":"","Attributes":1,"ValueType":"System.Guid"},"Value":"00000000-0000-0000-0000-000000000000"},{"Key":{"Id":"ParentExecId","Label":"ParentExecId","Category":"","Description":"","Attributes":1,"ValueType":"System.Guid"},"Value":"00000000-0000-0000-0000-000000000000"},{"Key":{"Id":"InnerResultsCount","Label":"InnerResultsCount","Category":"","Description":"","Attributes":1,"ValueType":"System.Int32"},"Value":0}]},{"TestCase":{"Id":"d1ff441f-0941-1549-c823-437ca7a58d70","FullyQualifiedName":"Unit_Testovi.NoviTestovi.TestSkidanjaIznosaSVišeRačuna","DisplayName":"TestSkidanjaIznosaSVišeRačuna","ExecutorUri":"executor://MSTestAdapter/v2","Source":"C:\\Users\\Korisnik\\source\\repos\\VVS_zadaca2\\Hypo Banka\\Unit Testovi\\bin\\Debug\\fine-code-coverage\\Unit Testovi.dll","CodeFilePath":null,"LineNumber":-1,"Properties":[{"Key":{"Id":"MSTestDiscoverer.TestClassName","Label":"ClassName","Category":"","Description":"","Attributes":1,"ValueType":"System.String"},"Value":"Unit_Testovi.NoviTestovi"},{"Key":{"Id":"TestObject.Traits","Label":"Traits","Category":"","Description":"","Attributes":5,"ValueType":"System.Collections.Generic.KeyValuePair`2[[System.String],[System.String]][]"},"Value":[]}]},"Attachments":[],"Outcome":2,"ErrorMessage":"Test method Unit_Testovi.NoviTestovi.TestSkidanjaIznosaSVišeRačuna threw exception: \r\nSystem.NotImplementedException: The method or operation is not implemented.","ErrorStackTrace":"    at Hypo_Banka.Klijent.SkiniIznosSaNekogOdRačuna(Double ukupniIznos) in C:\\Users\\Korisnik\\source\\repos\\VVS_zadaca2\\Hypo Banka\\Hypo Banka\\Klijent.cs:line 101\r\n   at Unit_Testovi.NoviTestovi.TestSkidanjaIznosaSVišeRačuna() in C:\\Users\\Korisnik\\source\\repos\\VVS_zadaca2\\Hypo Banka\\Unit Testovi\\NoviTestovi.cs:line 65\r\n","DisplayName":null,"Messages":[],"ComputerName":null,"Duration":"00:00:00.0010297","StartTime":"2020-11-29T14:21:48.5676311+01:00","EndTime":"2020-11-29T14:21:48.5688504+01:00","Properties":[{"Key":{"Id":"ExecutionId","Label":"ExecutionId","Category":"","Description":"","Attributes":1,"ValueType":"System.Guid"},"Value":"00000000-0000-0000-0000-000000000000"},{"Key":{"Id":"ParentExecId","Label":"ParentExecId","Category":"","Description":"","Attributes":1,"ValueType":"System.Guid"},"Value":"00000000-0000-0000-0000-000000000000"},{"Key":{"Id":"InnerResultsCount","Label":"InnerResultsCount","Category":"","Description":"","Attributes":1,"ValueType":"System.Int32"},"Value":0}]},{"TestCase":{"Id":"20af2549-b915-3c8e-c4f0-37793dba0a97","FullyQualifiedName":"Unit_Testovi.NoviTestovi.TestSkidanjaIznosaIzuzetak","DisplayName":"TestSkidanjaIznosaIzuzetak","ExecutorUri":"executor://MSTestAdapter/v2","Source":"C:\\Users\\Korisnik\\source\\repos\\VVS_zadaca2\\Hypo Banka\\Unit Testovi\\bin\\Debug\\fine-code-coverage\\Unit Testovi.dll","CodeFilePath":null,"LineNumber":-1,"Properties":[{"Key":{"Id":"MSTestDiscoverer.TestClassName","Label":"ClassName","Category":"","Description":"","Attributes":1,"ValueType":"System.String"},"Value":"Unit_Testovi.NoviTestovi"},{"Key":{"Id":"TestObject.Traits","Label":"Traits","Category":"","Description":"","Attributes":5,"ValueType":"System.Collections.Generic.KeyValuePair`2[[System.String],[System.String]][]"},"Value":[]}]},"Attachments":[],"Outcome":2,"ErrorMessage":"Test method threw exception System.NotImplementedException, but exception System.InvalidOperationException was expected. Exception message: System.NotImplementedException: The method or operation is not implemented.","ErrorStackTrace":"   at Hypo_Banka.Klijent.SkiniIznosSaNekogOdRačuna(Double ukupniIznos) in C:\\Users\\Korisnik\\source\\repos\\VVS_zadaca2\\Hypo Banka\\Hypo Banka\\Klijent.cs:line 101\r\n   at Unit_Testovi.NoviTestovi.TestSkidanjaIznosaIzuzetak() in C:\\Users\\Korisnik\\source\\repos\\VVS_zadaca2\\Hypo Banka\\Unit Testovi\\NoviTestovi.cs:line 88\r\n","DisplayName":null,"Messages":[],"ComputerName":null,"Duration":"00:00:00.0026957","StartTime":"2020-11-29T14:21:48.5733904+01:00","EndTime":"2020-11-29T14:21:48.5763569+01:00","Properties":[{"Key":{"Id":"ExecutionId","Label":"ExecutionId","Category":"","Description":"","Attributes":1,"ValueType":"System.Guid"},"Value":"00000000-0000-0000-0000-000000000000"},{"Key":{"Id":"ParentExecId","Label":"ParentExecId","Category":"","Description":"","Attributes":1,"ValueType":"System.Guid"},"Value":"00000000-0000-0000-0000-000000000000"},{"Key":{"Id":"InnerResultsCount","Label":"InnerResultsCount","Category":"","Description":"","Attributes":1,"ValueType":"System.Int32"},"Value":0}]}],"TestRunStatistics":{"ExecutedTests":21,"Stats":{"Failed":9,"Passed":12}},"ActiveTests":[]},"RunAttachments":[],"ExecutorUris":["executor://mstestadapter/v2"]}}
TpTrace Verbose: 0 : 16684, 4, 2020/11/29, 14:21:48.605, 1920394920706, testhost.dll, BaseRunTests.RunTests: Run is complete.
TpTrace Verbose: 0 : 16684, 9, 2020/11/29, 14:21:48.607, 1920394940419, testhost.dll, TcpClientExtensions.MessageLoopAsync: NotifyDataAvailable remoteEndPoint: [::ffff:127.0.0.1]:50335 localEndPoint: [::ffff:127.0.0.1]:50336
TpTrace Information: 0 : 16684, 9, 2020/11/29, 14:21:48.607, 1920394942250, testhost.dll, TestRequestHandler.ProcessRequests: received message: (TestSession.Terminate) -> null
TpTrace Information: 0 : 16684, 9, 2020/11/29, 14:21:48.607, 1920394942829, testhost.dll, Session End message received from server. Closing the connection.
TpTrace Information: 0 : 16684, 9, 2020/11/29, 14:21:48.607, 1920394947895, testhost.dll, SocketClient.Stop: Stop communication from server endpoint: 127.0.0.1:050335
TpTrace Information: 0 : 16684, 9, 2020/11/29, 14:21:48.608, 1920394949044, testhost.dll, SocketClient: Stop: Cancellation requested. Stopping message loop.
TpTrace Verbose: 0 : 16684, 9, 2020/11/29, 14:21:48.608, 1920394953626, testhost.dll, LengthPrefixCommunicationChannel.Dispose: Dispose reader and writer.
TpTrace Information: 0 : 16684, 9, 2020/11/29, 14:21:48.608, 1920394954921, testhost.dll, Closing the connection !
TpTrace Information: 0 : 16684, 9, 2020/11/29, 14:21:48.609, 1920394959816, testhost.dll, SocketClient.PrivateStop: Stop communication from server endpoint: 127.0.0.1:050335, error:
TpTrace Information: 0 : 16684, 1, 2020/11/29, 14:21:48.609, 1920394961174, testhost.dll, Closing the connection !
TpTrace Verbose: 0 : 16684, 9, 2020/11/29, 14:21:48.609, 1920394962185, testhost.dll, LengthPrefixCommunicationChannel.Dispose: Dispose reader and writer.
TpTrace Information: 0 : 16684, 1, 2020/11/29, 14:21:48.609, 1920394962359, testhost.dll, SocketClient.Stop: Stop communication from server endpoint: 127.0.0.1:050335
TpTrace Verbose: 0 : 16684, 9, 2020/11/29, 14:21:48.609, 1920394963498, testhost.dll, TcpClientExtensions.MessageLoopAsync: exiting MessageLoopAsync remoteEndPoint: [::ffff:127.0.0.1]:50335 localEndPoint: [::ffff:127.0.0.1]:50336
TpTrace Verbose: 0 : 16684, 1, 2020/11/29, 14:21:48.609, 1920394964396, testhost.dll, LengthPrefixCommunicationChannel.Dispose: Dispose reader and writer.
TpTrace Information: 0 : 16684, 1, 2020/11/29, 14:21:48.609, 1920394967202, testhost.dll, Testhost process exiting.
