TpTrace Information: 0 : 4444, 1, 2020/11/28, 20:49:01.433, 1286551467591, datacollector.dll, DataCollectorMain.Run: Starting data collector run with args: --port,56335,--parentprocessid,14820,--diag,C:\Users\dzene\Source\Repos\VVS-Z2\Hypo Banka\Unit Testovi\bin\Debug\fine-code-coverage\_outputfolder\diagnostics.datacollector.20-11-28_20-49-01_15716_4.log,--tracelevel,4
TpTrace Information: 0 : 4444, 1, 2020/11/28, 20:49:01.444, 1286551515006, datacollector.dll, DataCollector: Monitoring parent process with id: '14820'
TpTrace Information: 0 : 4444, 1, 2020/11/28, 20:49:01.473, 1286551804457, datacollector.dll, Trying to connect to server on socket : 127.0.0.1:56335 
TpTrace Verbose: 0 : 4444, 1, 2020/11/28, 20:49:01.498, 1286552054186, datacollector.dll, SocketCommunicationManager : SetupClientAsync : Attempting to connect to the server.
TpTrace Information: 0 : 4444, 4, 2020/11/28, 20:49:01.524, 1286552316051, datacollector.dll, Connected to the server successfully 
TpTrace Information: 0 : 4444, 4, 2020/11/28, 20:49:01.524, 1286552318778, datacollector.dll, Using the buffer size of 16384 bytes
TpTrace Information: 0 : 4444, 1, 2020/11/28, 20:49:01.681, 1286553886752, datacollector.dll, DataCollector: Start Request Processing.
TpTrace Information: 0 : 4444, 1, 2020/11/28, 20:49:01.689, 1286553963516, datacollector.dll, DataCollectionRequestHandler.ProcessRequests : Datacollector received message: (DataCollection.BeforeTestRunStart) -> {
  "SettingsXml": "<RunSettings><RunConfiguration><ResultsDirectory>C:\\Users\\dzene\\Source\\Repos\\VVS-Z2\\Hypo Banka\\Unit Testovi\\bin\\Debug\\fine-code-coverage\\_outputfolder</ResultsDirectory><TargetPlatform>X64</TargetPlatform><TargetFrameworkVersion>.NETCoreApp,Version=v3.1</TargetFrameworkVersion><DesignMode>False</DesignMode><CollectSourceInformation>False</CollectSourceInformation><TestAdaptersPaths>C:\\Program Files\\dotnet\\sdk\\3.1.201\\Extensions</TestAdaptersPaths></RunConfiguration><LoggerRunSettings><Loggers><Logger friendlyName=\"blame\" enabled=\"True\" /><Logger friendlyName=\"Console\" uri=\"logger://microsoft/TestPlatform/ConsoleLogger/v1\" assemblyQualifiedName=\"Microsoft.VisualStudio.TestPlatform.CommandLine.Internal.ConsoleLogger, vstest.console, Version=15.0.0.0, Culture=neutral, PublicKeyToken=b03f5f7f11d50a3a\" codeBase=\"C:\\Program Files\\dotnet\\sdk\\3.1.201\\vstest.console.dll\" enabled=\"True\" /></Loggers></LoggerRunSettings><DataCollectionRunSettings><DataCollectors><DataCollector friendlyName=\"blame\" enabled=\"True\"><Configuration><ResultsDirectory>C:\\Users\\dzene\\Source\\Repos\\VVS-Z2\\Hypo Banka\\Unit Testovi\\bin\\Debug\\fine-code-coverage\\_outputfolder</ResultsDirectory></Configuration></DataCollector></DataCollectors></DataCollectionRunSettings></RunSettings>",
  "Sources": [
    "C:\\Users\\dzene\\Source\\Repos\\VVS-Z2\\Hypo Banka\\Unit Testovi\\bin\\Debug\\fine-code-coverage\\Unit Testovi.dll"
  ]
}
TpTrace Verbose: 0 : 4444, 1, 2020/11/28, 20:49:01.830, 1286555375505, datacollector.dll, TestPluginCache: Update extensions started. Skip filter = False
TpTrace Verbose: 0 : 4444, 1, 2020/11/28, 20:49:01.833, 1286555410729, datacollector.dll, TestPluginCache: Using directories for assembly resolution 'C:\Program Files\dotnet\sdk\3.1.201\Extensions'.
TpTrace Verbose: 0 : 4444, 1, 2020/11/28, 20:49:01.834, 1286555414411, datacollector.dll, TestPluginCache: Updated the available extensions to 'C:\Program Files\dotnet\sdk\3.1.201\Extensions\Microsoft.TestPlatform.Extensions.BlameDataCollector.dll,C:\Program Files\dotnet\sdk\3.1.201\Extensions\Microsoft.TestPlatform.Extensions.EventLogCollector.dll'.
TpTrace Verbose: 0 : 4444, 1, 2020/11/28, 20:49:01.914, 1286556221104, datacollector.dll, TestPluginCache.DiscoverTestExtensions: finding test extensions in assemblies endswith: Collector.dll TPluginInfo: Microsoft.VisualStudio.TestPlatform.Common.DataCollector.DataCollectorConfig TExtension: Microsoft.VisualStudio.TestPlatform.ObjectModel.DataCollection.DataCollector
TpTrace Verbose: 0 : 4444, 1, 2020/11/28, 20:49:01.915, 1286556230525, datacollector.dll, TestPluginCache.GetExtensionPaths: Filtered extension paths: C:\Program Files\dotnet\sdk\3.1.201\Extensions\Microsoft.TestPlatform.Extensions.BlameDataCollector.dll
C:\Program Files\dotnet\sdk\3.1.201\Extensions\Microsoft.TestPlatform.Extensions.EventLogCollector.dll
TpTrace Verbose: 0 : 4444, 1, 2020/11/28, 20:49:01.916, 1286556235538, datacollector.dll, TestPluginCache.GetExtensionPaths: Added default extension paths: 
TpTrace Verbose: 0 : 4444, 1, 2020/11/28, 20:49:01.916, 1286556238787, datacollector.dll, TestPluginCache.GetExtensionPaths: Added unfilterableExtensionPaths: 
TpTrace Information: 0 : 4444, 1, 2020/11/28, 20:49:01.919, 1286556263125, datacollector.dll, AssemblyResolver.ctor: Creating AssemblyResolver with searchDirectories C:\Program Files\dotnet\sdk\3.1.201\Extensions,C:\Program Files\dotnet\sdk\3.1.201
TpTrace Verbose: 0 : 4444, 1, 2020/11/28, 20:49:01.927, 1286556351712, datacollector.dll, TestPluginCache.DiscoverTestExtensions: Discovering the extensions using extension path.
TpTrace Verbose: 0 : 4444, 1, 2020/11/28, 20:49:01.928, 1286556361004, datacollector.dll, TestPluginCache.GetExtensionPaths: Filtered extension paths: C:\Program Files\dotnet\sdk\3.1.201\Extensions\Microsoft.TestPlatform.Extensions.BlameDataCollector.dll
C:\Program Files\dotnet\sdk\3.1.201\Extensions\Microsoft.TestPlatform.Extensions.EventLogCollector.dll
TpTrace Verbose: 0 : 4444, 1, 2020/11/28, 20:49:01.929, 1286556364742, datacollector.dll, TestPluginCache.GetExtensionPaths: Added default extension paths: 
TpTrace Verbose: 0 : 4444, 1, 2020/11/28, 20:49:01.929, 1286556367672, datacollector.dll, TestPluginCache.GetExtensionPaths: Added unfilterableExtensionPaths: 
TpTrace Verbose: 0 : 4444, 1, 2020/11/28, 20:49:01.929, 1286556371343, datacollector.dll, TestPluginCache.DiscoverTestExtensions: Discovering the extensions using allExtensionPaths: C:\Program Files\dotnet\sdk\3.1.201\Extensions\Microsoft.TestPlatform.Extensions.BlameDataCollector.dll
C:\Program Files\dotnet\sdk\3.1.201\Extensions\Microsoft.TestPlatform.Extensions.EventLogCollector.dll
TpTrace Information: 0 : 4444, 1, 2020/11/28, 20:49:01.930, 1286556378685, datacollector.dll, AssemblyResolver.AddSearchDirectories: Adding more searchDirectories C:\Program Files\dotnet\sdk\3.1.201\Extensions,C:\Program Files\dotnet\sdk\3.1.201
TpTrace Information: 0 : 4444, 1, 2020/11/28, 20:49:01.931, 1286556382595, datacollector.dll, AssemblyResolver.AddSearchDirectories: Adding more searchDirectories C:\Program Files\dotnet\sdk\3.1.201\Extensions,C:\Program Files\dotnet\sdk\3.1.201
TpTrace Information: 0 : 4444, 1, 2020/11/28, 20:49:01.932, 1286556394537, datacollector.dll, AssemblyResolver.OnResolve: Microsoft.TestPlatform.Extensions.BlameDataCollector: Resolving assembly.
TpTrace Information: 0 : 4444, 1, 2020/11/28, 20:49:01.936, 1286556434830, datacollector.dll, AssemblyResolver.OnResolve: Resolved assembly: Microsoft.TestPlatform.Extensions.BlameDataCollector, from path: C:\Program Files\dotnet\sdk\3.1.201\Extensions\Microsoft.TestPlatform.Extensions.BlameDataCollector.dll
TpTrace Error: 0 : 4444, 1, 2020/11/28, 20:49:01.938, 1286556455865, datacollector.dll, The type "Microsoft.TestPlatform.Extensions.BlameDataCollector.BlameCollector" defined in "Microsoft.TestPlatform.Extensions.BlameDataCollector.dll" does not have ExtensionUri attibute.
TpTrace Information: 0 : 4444, 1, 2020/11/28, 20:49:01.940, 1286556474607, datacollector.dll, AssemblyResolver.OnResolve: Microsoft.TestPlatform.Extensions.EventLogCollector: Resolving assembly.
TpTrace Information: 0 : 4444, 1, 2020/11/28, 20:49:01.943, 1286556504906, datacollector.dll, AssemblyResolver.OnResolve: Resolved assembly: Microsoft.TestPlatform.Extensions.EventLogCollector, from path: C:\Program Files\dotnet\sdk\3.1.201\Extensions\Microsoft.TestPlatform.Extensions.EventLogCollector.dll
TpTrace Error: 0 : 4444, 1, 2020/11/28, 20:49:01.949, 1286556565307, datacollector.dll, The type "Microsoft.TestPlatform.Extensions.EventLogCollector.EventLogDataCollector" defined in "Microsoft.TestPlatform.Extensions.EventLogCollector.dll" does not have ExtensionUri attibute.
TpTrace Verbose: 0 : 4444, 1, 2020/11/28, 20:49:01.950, 1286556574077, datacollector.dll, TestPluginCache: Discovered the extensions using extension path 'C:\Program Files\dotnet\sdk\3.1.201\Extensions\Microsoft.TestPlatform.Extensions.BlameDataCollector.dll,C:\Program Files\dotnet\sdk\3.1.201\Extensions\Microsoft.TestPlatform.Extensions.EventLogCollector.dll'.
TpTrace Verbose: 0 : 4444, 1, 2020/11/28, 20:49:01.950, 1286556576344, datacollector.dll, TestPluginCache: Discoverers are ''.
TpTrace Verbose: 0 : 4444, 1, 2020/11/28, 20:49:01.950, 1286556578181, datacollector.dll, TestPluginCache: Executors are ''.
TpTrace Verbose: 0 : 4444, 1, 2020/11/28, 20:49:01.950, 1286556579677, datacollector.dll, TestPluginCache: Setting providers are ''.
TpTrace Verbose: 0 : 4444, 1, 2020/11/28, 20:49:01.950, 1286556581131, datacollector.dll, TestPluginCache: Loggers are ''.
TpTrace Information: 0 : 4444, 1, 2020/11/28, 20:49:01.954, 1286556615265, datacollector.dll, TestPluginManager.CreateTestExtension: Attempting to load test extension: Microsoft.TestPlatform.Extensions.BlameDataCollector.BlameCollector
TpTrace Error: 0 : 4444, 1, 2020/11/28, 20:49:01.954, 1286556621067, datacollector.dll, The type "Microsoft.TestPlatform.Extensions.BlameDataCollector.BlameCollector" defined in "Microsoft.TestPlatform.Extensions.BlameDataCollector.dll" does not have ExtensionUri attibute.
TpTrace Information: 0 : 4444, 1, 2020/11/28, 20:49:01.971, 1286556785201, datacollector.dll, Listening on Endpoint : 127.0.0.1:56337
TpTrace Information: 0 : 4444, 1, 2020/11/28, 20:49:01.995, 1286557026081, datacollector.dll, DataCollectionRequestHandler.ProcessRequests : DataCollection started.
TpTrace Information: 0 : 4444, 1, 2020/11/28, 20:49:02.094, 1286558019544, datacollector.dll, DataCollectionRequestHandler.ProcessRequests : Datacollector received message: (DataCollection.TestHostLaunched) -> {
  "ProcessId": 14440
}
TpTrace Information: 0 : 4444, 6, 2020/11/28, 20:49:02.430, 1286561374400, datacollector.dll, Using the buffer size of 16384 bytes
TpTrace Information: 0 : 4444, 6, 2020/11/28, 20:49:02.430, 1286561380269, datacollector.dll, Accepted Client request and set the flag
TpTrace Information: 0 : 4444, 4, 2020/11/28, 20:49:03.462, 1286571696941, datacollector.dll, DataCollectionTestCaseEventHandler: Test case starting.
TpTrace Information: 0 : 4444, 4, 2020/11/28, 20:49:03.522, 1286572301312, datacollector.dll, Blame Collector : Test Case Start
TpTrace Information: 0 : 4444, 4, 2020/11/28, 20:49:03.523, 1286572308551, datacollector.dll, DataCollectionTestCaseEventHandler: Test case started.
TpTrace Information: 0 : 4444, 4, 2020/11/28, 20:49:03.640, 1286573476813, datacollector.dll, DataCollectionTestCaseEventHandler : Test case completing.
TpTrace Information: 0 : 4444, 4, 2020/11/28, 20:49:03.645, 1286573530927, datacollector.dll, Blame Collector : Test Case End
TpTrace Error: 0 : 4444, 4, 2020/11/28, 20:49:03.671, 1286573782473, datacollector.dll, DataCollectionAttachmentManager.GetAttachments: Fail to get attachments: System.Collections.Generic.KeyNotFoundException: The given key 'Microsoft.VisualStudio.TestPlatform.ObjectModel.DataCollection.DataCollectionContext' was not present in the dictionary.
   at System.Collections.Generic.Dictionary`2.get_Item(TKey key)
   at Microsoft.VisualStudio.TestPlatform.Common.DataCollector.DataCollectionAttachmentManager.GetAttachments(DataCollectionContext dataCollectionContext) 
TpTrace Information: 0 : 4444, 4, 2020/11/28, 20:49:03.677, 1286573849760, datacollector.dll, DataCollectionTestCaseEventHandler: Test case completed
TpTrace Information: 0 : 4444, 4, 2020/11/28, 20:49:03.694, 1286574020191, datacollector.dll, DataCollectionTestCaseEventHandler: Test case starting.
TpTrace Information: 0 : 4444, 4, 2020/11/28, 20:49:03.695, 1286574026425, datacollector.dll, Blame Collector : Test Case Start
TpTrace Information: 0 : 4444, 4, 2020/11/28, 20:49:03.695, 1286574029651, datacollector.dll, DataCollectionTestCaseEventHandler: Test case started.
TpTrace Information: 0 : 4444, 4, 2020/11/28, 20:49:03.698, 1286574053503, datacollector.dll, DataCollectionTestCaseEventHandler : Test case completing.
TpTrace Information: 0 : 4444, 4, 2020/11/28, 20:49:03.698, 1286574060263, datacollector.dll, Blame Collector : Test Case End
TpTrace Error: 0 : 4444, 4, 2020/11/28, 20:49:03.699, 1286574065382, datacollector.dll, DataCollectionAttachmentManager.GetAttachments: Fail to get attachments: System.Collections.Generic.KeyNotFoundException: The given key 'Microsoft.VisualStudio.TestPlatform.ObjectModel.DataCollection.DataCollectionContext' was not present in the dictionary.
   at System.Collections.Generic.Dictionary`2.get_Item(TKey key)
   at Microsoft.VisualStudio.TestPlatform.Common.DataCollector.DataCollectionAttachmentManager.GetAttachments(DataCollectionContext dataCollectionContext) 
TpTrace Information: 0 : 4444, 4, 2020/11/28, 20:49:03.699, 1286574068782, datacollector.dll, DataCollectionTestCaseEventHandler: Test case completed
TpTrace Information: 0 : 4444, 4, 2020/11/28, 20:49:03.702, 1286574095174, datacollector.dll, DataCollectionTestCaseEventHandler: Test case starting.
TpTrace Information: 0 : 4444, 4, 2020/11/28, 20:49:03.702, 1286574101311, datacollector.dll, Blame Collector : Test Case Start
TpTrace Information: 0 : 4444, 4, 2020/11/28, 20:49:03.703, 1286574103627, datacollector.dll, DataCollectionTestCaseEventHandler: Test case started.
TpTrace Information: 0 : 4444, 4, 2020/11/28, 20:49:03.705, 1286574125411, datacollector.dll, DataCollectionTestCaseEventHandler : Test case completing.
TpTrace Information: 0 : 4444, 4, 2020/11/28, 20:49:03.710, 1286574173037, datacollector.dll, Blame Collector : Test Case End
TpTrace Error: 0 : 4444, 4, 2020/11/28, 20:49:03.710, 1286574177128, datacollector.dll, DataCollectionAttachmentManager.GetAttachments: Fail to get attachments: System.Collections.Generic.KeyNotFoundException: The given key 'Microsoft.VisualStudio.TestPlatform.ObjectModel.DataCollection.DataCollectionContext' was not present in the dictionary.
   at System.Collections.Generic.Dictionary`2.get_Item(TKey key)
   at Microsoft.VisualStudio.TestPlatform.Common.DataCollector.DataCollectionAttachmentManager.GetAttachments(DataCollectionContext dataCollectionContext) 
TpTrace Information: 0 : 4444, 4, 2020/11/28, 20:49:03.710, 1286574180032, datacollector.dll, DataCollectionTestCaseEventHandler: Test case completed
TpTrace Information: 0 : 4444, 4, 2020/11/28, 20:49:03.713, 1286574204978, datacollector.dll, DataCollectionTestCaseEventHandler: Test case starting.
TpTrace Information: 0 : 4444, 4, 2020/11/28, 20:49:03.713, 1286574211316, datacollector.dll, Blame Collector : Test Case Start
TpTrace Information: 0 : 4444, 4, 2020/11/28, 20:49:03.714, 1286574214312, datacollector.dll, DataCollectionTestCaseEventHandler: Test case started.
TpTrace Information: 0 : 4444, 4, 2020/11/28, 20:49:03.742, 1286574500567, datacollector.dll, DataCollectionTestCaseEventHandler : Test case completing.
TpTrace Information: 0 : 4444, 4, 2020/11/28, 20:49:03.743, 1286574509588, datacollector.dll, Blame Collector : Test Case End
TpTrace Error: 0 : 4444, 4, 2020/11/28, 20:49:03.744, 1286574514108, datacollector.dll, DataCollectionAttachmentManager.GetAttachments: Fail to get attachments: System.Collections.Generic.KeyNotFoundException: The given key 'Microsoft.VisualStudio.TestPlatform.ObjectModel.DataCollection.DataCollectionContext' was not present in the dictionary.
   at System.Collections.Generic.Dictionary`2.get_Item(TKey key)
   at Microsoft.VisualStudio.TestPlatform.Common.DataCollector.DataCollectionAttachmentManager.GetAttachments(DataCollectionContext dataCollectionContext) 
TpTrace Information: 0 : 4444, 4, 2020/11/28, 20:49:03.744, 1286574517609, datacollector.dll, DataCollectionTestCaseEventHandler: Test case completed
TpTrace Information: 0 : 4444, 4, 2020/11/28, 20:49:03.746, 1286574538568, datacollector.dll, DataCollectionTestCaseEventHandler: Test case starting.
TpTrace Information: 0 : 4444, 4, 2020/11/28, 20:49:03.747, 1286574548699, datacollector.dll, Blame Collector : Test Case Start
TpTrace Information: 0 : 4444, 4, 2020/11/28, 20:49:03.748, 1286574554151, datacollector.dll, DataCollectionTestCaseEventHandler: Test case started.
TpTrace Information: 0 : 4444, 4, 2020/11/28, 20:49:03.754, 1286574619073, datacollector.dll, DataCollectionTestCaseEventHandler : Test case completing.
TpTrace Information: 0 : 4444, 4, 2020/11/28, 20:49:03.755, 1286574625060, datacollector.dll, Blame Collector : Test Case End
TpTrace Error: 0 : 4444, 4, 2020/11/28, 20:49:03.755, 1286574628815, datacollector.dll, DataCollectionAttachmentManager.GetAttachments: Fail to get attachments: System.Collections.Generic.KeyNotFoundException: The given key 'Microsoft.VisualStudio.TestPlatform.ObjectModel.DataCollection.DataCollectionContext' was not present in the dictionary.
   at System.Collections.Generic.Dictionary`2.get_Item(TKey key)
   at Microsoft.VisualStudio.TestPlatform.Common.DataCollector.DataCollectionAttachmentManager.GetAttachments(DataCollectionContext dataCollectionContext) 
TpTrace Information: 0 : 4444, 4, 2020/11/28, 20:49:03.755, 1286574631927, datacollector.dll, DataCollectionTestCaseEventHandler: Test case completed
TpTrace Information: 0 : 4444, 4, 2020/11/28, 20:49:03.758, 1286574652280, datacollector.dll, DataCollectionTestCaseEventHandler: Test case starting.
TpTrace Information: 0 : 4444, 4, 2020/11/28, 20:49:03.758, 1286574658200, datacollector.dll, Blame Collector : Test Case Start
TpTrace Information: 0 : 4444, 4, 2020/11/28, 20:49:03.758, 1286574660886, datacollector.dll, DataCollectionTestCaseEventHandler: Test case started.
TpTrace Information: 0 : 4444, 4, 2020/11/28, 20:49:03.761, 1286574688275, datacollector.dll, DataCollectionTestCaseEventHandler : Test case completing.
TpTrace Information: 0 : 4444, 4, 2020/11/28, 20:49:03.762, 1286574697827, datacollector.dll, Blame Collector : Test Case End
TpTrace Error: 0 : 4444, 4, 2020/11/28, 20:49:03.762, 1286574702130, datacollector.dll, DataCollectionAttachmentManager.GetAttachments: Fail to get attachments: System.Collections.Generic.KeyNotFoundException: The given key 'Microsoft.VisualStudio.TestPlatform.ObjectModel.DataCollection.DataCollectionContext' was not present in the dictionary.
   at System.Collections.Generic.Dictionary`2.get_Item(TKey key)
   at Microsoft.VisualStudio.TestPlatform.Common.DataCollector.DataCollectionAttachmentManager.GetAttachments(DataCollectionContext dataCollectionContext) 
TpTrace Information: 0 : 4444, 4, 2020/11/28, 20:49:03.763, 1286574705533, datacollector.dll, DataCollectionTestCaseEventHandler: Test case completed
TpTrace Information: 0 : 4444, 4, 2020/11/28, 20:49:03.764, 1286574722155, datacollector.dll, DataCollectionTestCaseEventHandler: Test case starting.
TpTrace Information: 0 : 4444, 4, 2020/11/28, 20:49:03.765, 1286574727960, datacollector.dll, Blame Collector : Test Case Start
TpTrace Information: 0 : 4444, 4, 2020/11/28, 20:49:03.765, 1286574731027, datacollector.dll, DataCollectionTestCaseEventHandler: Test case started.
TpTrace Information: 0 : 4444, 4, 2020/11/28, 20:49:03.768, 1286574760865, datacollector.dll, DataCollectionTestCaseEventHandler : Test case completing.
TpTrace Information: 0 : 4444, 4, 2020/11/28, 20:49:03.769, 1286574767282, datacollector.dll, Blame Collector : Test Case End
TpTrace Error: 0 : 4444, 4, 2020/11/28, 20:49:03.769, 1286574770688, datacollector.dll, DataCollectionAttachmentManager.GetAttachments: Fail to get attachments: System.Collections.Generic.KeyNotFoundException: The given key 'Microsoft.VisualStudio.TestPlatform.ObjectModel.DataCollection.DataCollectionContext' was not present in the dictionary.
   at System.Collections.Generic.Dictionary`2.get_Item(TKey key)
   at Microsoft.VisualStudio.TestPlatform.Common.DataCollector.DataCollectionAttachmentManager.GetAttachments(DataCollectionContext dataCollectionContext) 
TpTrace Information: 0 : 4444, 4, 2020/11/28, 20:49:03.770, 1286574773668, datacollector.dll, DataCollectionTestCaseEventHandler: Test case completed
TpTrace Information: 0 : 4444, 4, 2020/11/28, 20:49:03.771, 1286574788256, datacollector.dll, DataCollectionTestCaseEventHandler: Test case starting.
TpTrace Information: 0 : 4444, 4, 2020/11/28, 20:49:03.772, 1286574795532, datacollector.dll, Blame Collector : Test Case Start
TpTrace Information: 0 : 4444, 4, 2020/11/28, 20:49:03.772, 1286574798230, datacollector.dll, DataCollectionTestCaseEventHandler: Test case started.
TpTrace Information: 0 : 4444, 4, 2020/11/28, 20:49:03.775, 1286574822193, datacollector.dll, DataCollectionTestCaseEventHandler : Test case completing.
TpTrace Information: 0 : 4444, 4, 2020/11/28, 20:49:03.775, 1286574830977, datacollector.dll, Blame Collector : Test Case End
TpTrace Error: 0 : 4444, 4, 2020/11/28, 20:49:03.776, 1286574835504, datacollector.dll, DataCollectionAttachmentManager.GetAttachments: Fail to get attachments: System.Collections.Generic.KeyNotFoundException: The given key 'Microsoft.VisualStudio.TestPlatform.ObjectModel.DataCollection.DataCollectionContext' was not present in the dictionary.
   at System.Collections.Generic.Dictionary`2.get_Item(TKey key)
   at Microsoft.VisualStudio.TestPlatform.Common.DataCollector.DataCollectionAttachmentManager.GetAttachments(DataCollectionContext dataCollectionContext) 
TpTrace Information: 0 : 4444, 4, 2020/11/28, 20:49:03.776, 1286574839075, datacollector.dll, DataCollectionTestCaseEventHandler: Test case completed
TpTrace Information: 0 : 4444, 4, 2020/11/28, 20:49:03.778, 1286574855589, datacollector.dll, DataCollectionTestCaseEventHandler: Test case starting.
TpTrace Information: 0 : 4444, 4, 2020/11/28, 20:49:03.779, 1286574864508, datacollector.dll, Blame Collector : Test Case Start
TpTrace Information: 0 : 4444, 4, 2020/11/28, 20:49:03.779, 1286574868182, datacollector.dll, DataCollectionTestCaseEventHandler: Test case started.
TpTrace Information: 0 : 4444, 4, 2020/11/28, 20:49:03.782, 1286574900714, datacollector.dll, DataCollectionTestCaseEventHandler : Test case completing.
TpTrace Information: 0 : 4444, 4, 2020/11/28, 20:49:03.783, 1286574909938, datacollector.dll, Blame Collector : Test Case End
TpTrace Error: 0 : 4444, 4, 2020/11/28, 20:49:03.784, 1286574914830, datacollector.dll, DataCollectionAttachmentManager.GetAttachments: Fail to get attachments: System.Collections.Generic.KeyNotFoundException: The given key 'Microsoft.VisualStudio.TestPlatform.ObjectModel.DataCollection.DataCollectionContext' was not present in the dictionary.
   at System.Collections.Generic.Dictionary`2.get_Item(TKey key)
   at Microsoft.VisualStudio.TestPlatform.Common.DataCollector.DataCollectionAttachmentManager.GetAttachments(DataCollectionContext dataCollectionContext) 
TpTrace Information: 0 : 4444, 4, 2020/11/28, 20:49:03.784, 1286574919122, datacollector.dll, DataCollectionTestCaseEventHandler: Test case completed
TpTrace Information: 0 : 4444, 4, 2020/11/28, 20:49:03.860, 1286575680495, datacollector.dll, DataCollectionTestCaseEventHandler: Test case starting.
TpTrace Information: 0 : 4444, 4, 2020/11/28, 20:49:03.861, 1286575689802, datacollector.dll, Blame Collector : Test Case Start
TpTrace Information: 0 : 4444, 4, 2020/11/28, 20:49:03.862, 1286575693751, datacollector.dll, DataCollectionTestCaseEventHandler: Test case started.
TpTrace Information: 0 : 4444, 4, 2020/11/28, 20:49:03.864, 1286575721554, datacollector.dll, DataCollectionTestCaseEventHandler : Test case completing.
TpTrace Information: 0 : 4444, 4, 2020/11/28, 20:49:03.865, 1286575727424, datacollector.dll, Blame Collector : Test Case End
TpTrace Error: 0 : 4444, 4, 2020/11/28, 20:49:03.865, 1286575731457, datacollector.dll, DataCollectionAttachmentManager.GetAttachments: Fail to get attachments: System.Collections.Generic.KeyNotFoundException: The given key 'Microsoft.VisualStudio.TestPlatform.ObjectModel.DataCollection.DataCollectionContext' was not present in the dictionary.
   at System.Collections.Generic.Dictionary`2.get_Item(TKey key)
   at Microsoft.VisualStudio.TestPlatform.Common.DataCollector.DataCollectionAttachmentManager.GetAttachments(DataCollectionContext dataCollectionContext) 
TpTrace Information: 0 : 4444, 4, 2020/11/28, 20:49:03.866, 1286575735106, datacollector.dll, DataCollectionTestCaseEventHandler: Test case completed
TpTrace Information: 0 : 4444, 4, 2020/11/28, 20:49:03.867, 1286575749875, datacollector.dll, DataCollectionTestCaseEventHandler: Test case starting.
TpTrace Information: 0 : 4444, 4, 2020/11/28, 20:49:03.868, 1286575755527, datacollector.dll, Blame Collector : Test Case Start
TpTrace Information: 0 : 4444, 4, 2020/11/28, 20:49:03.868, 1286575757792, datacollector.dll, DataCollectionTestCaseEventHandler: Test case started.
TpTrace Information: 0 : 4444, 4, 2020/11/28, 20:49:03.876, 1286575840722, datacollector.dll, DataCollectionTestCaseEventHandler : Test case completing.
TpTrace Information: 0 : 4444, 4, 2020/11/28, 20:49:03.877, 1286575846707, datacollector.dll, Blame Collector : Test Case End
TpTrace Error: 0 : 4444, 4, 2020/11/28, 20:49:03.877, 1286575850956, datacollector.dll, DataCollectionAttachmentManager.GetAttachments: Fail to get attachments: System.Collections.Generic.KeyNotFoundException: The given key 'Microsoft.VisualStudio.TestPlatform.ObjectModel.DataCollection.DataCollectionContext' was not present in the dictionary.
   at System.Collections.Generic.Dictionary`2.get_Item(TKey key)
   at Microsoft.VisualStudio.TestPlatform.Common.DataCollector.DataCollectionAttachmentManager.GetAttachments(DataCollectionContext dataCollectionContext) 
TpTrace Information: 0 : 4444, 4, 2020/11/28, 20:49:03.878, 1286575854815, datacollector.dll, DataCollectionTestCaseEventHandler: Test case completed
TpTrace Information: 0 : 4444, 4, 2020/11/28, 20:49:03.880, 1286575873659, datacollector.dll, DataCollectionTestCaseEventHandler: Test case starting.
TpTrace Information: 0 : 4444, 4, 2020/11/28, 20:49:03.880, 1286575880275, datacollector.dll, Blame Collector : Test Case Start
TpTrace Information: 0 : 4444, 4, 2020/11/28, 20:49:03.881, 1286575882856, datacollector.dll, DataCollectionTestCaseEventHandler: Test case started.
TpTrace Information: 0 : 4444, 4, 2020/11/28, 20:49:03.897, 1286576050759, datacollector.dll, DataCollectionTestCaseEventHandler : Test case completing.
TpTrace Information: 0 : 4444, 4, 2020/11/28, 20:49:03.900, 1286576081589, datacollector.dll, Blame Collector : Test Case End
TpTrace Error: 0 : 4444, 4, 2020/11/28, 20:49:03.902, 1286576097072, datacollector.dll, DataCollectionAttachmentManager.GetAttachments: Fail to get attachments: System.Collections.Generic.KeyNotFoundException: The given key 'Microsoft.VisualStudio.TestPlatform.ObjectModel.DataCollection.DataCollectionContext' was not present in the dictionary.
   at System.Collections.Generic.Dictionary`2.get_Item(TKey key)
   at Microsoft.VisualStudio.TestPlatform.Common.DataCollector.DataCollectionAttachmentManager.GetAttachments(DataCollectionContext dataCollectionContext) 
TpTrace Information: 0 : 4444, 4, 2020/11/28, 20:49:03.903, 1286576110547, datacollector.dll, DataCollectionTestCaseEventHandler: Test case completed
TpTrace Information: 0 : 4444, 4, 2020/11/28, 20:49:03.906, 1286576137659, datacollector.dll, DataCollectionTestCaseEventHandler: Test case starting.
TpTrace Information: 0 : 4444, 4, 2020/11/28, 20:49:03.909, 1286576166142, datacollector.dll, Blame Collector : Test Case Start
TpTrace Information: 0 : 4444, 4, 2020/11/28, 20:49:03.910, 1286576175270, datacollector.dll, DataCollectionTestCaseEventHandler: Test case started.
TpTrace Information: 0 : 4444, 4, 2020/11/28, 20:49:03.914, 1286576216370, datacollector.dll, DataCollectionTestCaseEventHandler : Test case completing.
TpTrace Information: 0 : 4444, 4, 2020/11/28, 20:49:03.916, 1286576241155, datacollector.dll, Blame Collector : Test Case End
TpTrace Error: 0 : 4444, 4, 2020/11/28, 20:49:03.918, 1286576254588, datacollector.dll, DataCollectionAttachmentManager.GetAttachments: Fail to get attachments: System.Collections.Generic.KeyNotFoundException: The given key 'Microsoft.VisualStudio.TestPlatform.ObjectModel.DataCollection.DataCollectionContext' was not present in the dictionary.
   at System.Collections.Generic.Dictionary`2.get_Item(TKey key)
   at Microsoft.VisualStudio.TestPlatform.Common.DataCollector.DataCollectionAttachmentManager.GetAttachments(DataCollectionContext dataCollectionContext) 
TpTrace Information: 0 : 4444, 4, 2020/11/28, 20:49:03.919, 1286576264472, datacollector.dll, DataCollectionTestCaseEventHandler: Test case completed
TpTrace Information: 0 : 4444, 4, 2020/11/28, 20:49:03.921, 1286576287135, datacollector.dll, DataCollectionTestCaseEventHandler: Test case starting.
TpTrace Information: 0 : 4444, 4, 2020/11/28, 20:49:03.923, 1286576308235, datacollector.dll, Blame Collector : Test Case Start
TpTrace Information: 0 : 4444, 4, 2020/11/28, 20:49:03.924, 1286576317955, datacollector.dll, DataCollectionTestCaseEventHandler: Test case started.
TpTrace Information: 0 : 4444, 4, 2020/11/28, 20:49:03.928, 1286576355867, datacollector.dll, DataCollectionTestCaseEventHandler : Test case completing.
TpTrace Information: 0 : 4444, 4, 2020/11/28, 20:49:03.929, 1286576368148, datacollector.dll, Blame Collector : Test Case End
TpTrace Error: 0 : 4444, 4, 2020/11/28, 20:49:03.930, 1286576374851, datacollector.dll, DataCollectionAttachmentManager.GetAttachments: Fail to get attachments: System.Collections.Generic.KeyNotFoundException: The given key 'Microsoft.VisualStudio.TestPlatform.ObjectModel.DataCollection.DataCollectionContext' was not present in the dictionary.
   at System.Collections.Generic.Dictionary`2.get_Item(TKey key)
   at Microsoft.VisualStudio.TestPlatform.Common.DataCollector.DataCollectionAttachmentManager.GetAttachments(DataCollectionContext dataCollectionContext) 
TpTrace Information: 0 : 4444, 4, 2020/11/28, 20:49:03.931, 1286576383182, datacollector.dll, DataCollectionTestCaseEventHandler: Test case completed
TpTrace Information: 0 : 4444, 4, 2020/11/28, 20:49:03.933, 1286576407784, datacollector.dll, DataCollectionTestCaseEventHandler: Test case starting.
TpTrace Information: 0 : 4444, 4, 2020/11/28, 20:49:03.935, 1286576427413, datacollector.dll, Blame Collector : Test Case Start
TpTrace Information: 0 : 4444, 4, 2020/11/28, 20:49:03.936, 1286576435370, datacollector.dll, DataCollectionTestCaseEventHandler: Test case started.
TpTrace Information: 0 : 4444, 4, 2020/11/28, 20:49:03.942, 1286576495233, datacollector.dll, DataCollectionTestCaseEventHandler : Test case completing.
TpTrace Information: 0 : 4444, 4, 2020/11/28, 20:49:03.944, 1286576519614, datacollector.dll, Blame Collector : Test Case End
TpTrace Error: 0 : 4444, 4, 2020/11/28, 20:49:03.946, 1286576533204, datacollector.dll, DataCollectionAttachmentManager.GetAttachments: Fail to get attachments: System.Collections.Generic.KeyNotFoundException: The given key 'Microsoft.VisualStudio.TestPlatform.ObjectModel.DataCollection.DataCollectionContext' was not present in the dictionary.
   at System.Collections.Generic.Dictionary`2.get_Item(TKey key)
   at Microsoft.VisualStudio.TestPlatform.Common.DataCollector.DataCollectionAttachmentManager.GetAttachments(DataCollectionContext dataCollectionContext) 
TpTrace Information: 0 : 4444, 4, 2020/11/28, 20:49:03.947, 1286576544100, datacollector.dll, DataCollectionTestCaseEventHandler: Test case completed
TpTrace Information: 0 : 4444, 4, 2020/11/28, 20:49:03.956, 1286576637393, datacollector.dll, DataCollectionTestCaseEventHandler: Test session ended
TpTrace Information: 0 : 4444, 1, 2020/11/28, 20:49:04.174, 1286578816283, datacollector.dll, DataCollectionRequestHandler.ProcessRequests : Datacollector received message: (DataCollection.AfterTestRunEnd) -> false
TpTrace Information: 0 : 4444, 1, 2020/11/28, 20:49:04.178, 1286578857594, datacollector.dll, Blame Collector : Session End
TpTrace Error: 0 : 4444, 1, 2020/11/28, 20:49:04.180, 1286578877750, datacollector.dll, DataCollectionAttachmentManager.GetAttachments: Fail to get attachments: System.Collections.Generic.KeyNotFoundException: The given key 'Microsoft.VisualStudio.TestPlatform.ObjectModel.DataCollection.DataCollectionContext' was not present in the dictionary.
   at System.Collections.Generic.Dictionary`2.get_Item(TKey key)
   at Microsoft.VisualStudio.TestPlatform.Common.DataCollector.DataCollectionAttachmentManager.GetAttachments(DataCollectionContext dataCollectionContext) 
TpTrace Information: 0 : 4444, 1, 2020/11/28, 20:49:04.181, 1286578887560, datacollector.dll, DataCollectionManager.CleanupPlugins: CleanupPlugins called
TpTrace Verbose: 0 : 4444, 1, 2020/11/28, 20:49:04.182, 1286578892995, datacollector.dll, DataCollectionManager.CleanupPlugins: Cleaning up 1 plugins
TpTrace Verbose: 0 : 4444, 1, 2020/11/28, 20:49:04.182, 1286578901911, datacollector.dll, dataCollectorInfo.DisposeDataCollector: calling Dispose() on Microsoft.TestPlatform.Extensions.BlameDataCollector.BlameCollector
TpTrace Information: 0 : 4444, 1, 2020/11/28, 20:49:04.183, 1286578906524, datacollector.dll, DataCollectionManager.CleanupPlugins: CleanupPlugins finished
TpTrace Information: 0 : 4444, 1, 2020/11/28, 20:49:04.184, 1286578915967, datacollector.dll, DataCollectionRequestHandler.ProcessRequests : Session End message received from server. Closing the connection.
TpTrace Information: 0 : 4444, 1, 2020/11/28, 20:49:04.185, 1286578922952, datacollector.dll, Closing the connection !
TpTrace Information: 0 : 4444, 1, 2020/11/28, 20:49:04.185, 1286578926256, datacollector.dll, DataCollectionRequestHandler.ProcessRequests : DataCollection completed
TpTrace Information: 0 : 4444, 1, 2020/11/28, 20:49:04.185, 1286578928965, datacollector.dll, Program.Main: exiting datacollector process.
