TpTrace Information: 0 : 13840, 1, 2020/12/02, 19:10:10.088, 369347532766, testhost.dll, DefaultEngineInvoker.Invoke: Testhost process started with args :[--port, 58864],[--endpoint, 127.0.0.1:058864],[--role, client],[--parentprocessid, 4888],[--diag, C:\Users\dzene\Source\Repos\VVS_zadaca2.6\Hypo Banka\Unit Testovi\bin\Debug\fine-code-coverage\_outputfolder\diagnostics.host.20-12-02_19-10-09_81595_4.log],[--tracelevel, 4],[--datacollectionport, 58863],[--telemetryoptedin, false]
TpTrace Information: 0 : 13840, 1, 2020/12/02, 19:10:10.099, 369347583210, testhost.dll, DefaultEngineInvoker.SetParentProcessExitCallback: Monitoring parent process with id: '4888'
TpTrace Information: 0 : 13840, 1, 2020/12/02, 19:10:10.112, 369347711212, testhost.dll, DefaultEngineInvoker.GetConnectionInfo: Initialize communication on endpoint address: '127.0.0.1:058864'
TpTrace Information: 0 : 13840, 1, 2020/12/02, 19:10:10.136, 369347955399, testhost.dll, SocketClient.Start: connecting to server endpoint: 127.0.0.1:058864
TpTrace Information: 0 : 13840, 1, 2020/12/02, 19:10:10.145, 369348043451, testhost.dll, DefaultEngineInvoker.ConnectToDatacollector: Connecting to datacollector, port: 58863
TpTrace Information: 0 : 13840, 5, 2020/12/02, 19:10:10.150, 369348093445, testhost.dll, SocketClient.OnServerConnected: connected to server endpoint: 127.0.0.1:058864
TpTrace Information: 0 : 13840, 1, 2020/12/02, 19:10:10.154, 369348132605, testhost.dll, Trying to connect to server on socket : 127.0.0.1:58863 
TpTrace Verbose: 0 : 13840, 5, 2020/12/02, 19:10:10.155, 369348143362, testhost.dll, Connected to server, and starting MessageLoopAsync
TpTrace Verbose: 0 : 13840, 1, 2020/12/02, 19:10:10.155, 369348143759, testhost.dll, SocketCommunicationManager : SetupClientAsync : Attempting to connect to the server.
TpTrace Information: 0 : 13840, 10, 2020/12/02, 19:10:10.159, 369348184672, testhost.dll, Connected to the server successfully 
TpTrace Information: 0 : 13840, 10, 2020/12/02, 19:10:10.159, 369348187840, testhost.dll, Using the buffer size of 16384 bytes
TpTrace Information: 0 : 13840, 1, 2020/12/02, 19:10:10.161, 369348201809, testhost.dll, DefaultEngineInvoker.Invoke: Start Request Processing.
TpTrace Verbose: 0 : 13840, 9, 2020/12/02, 19:10:10.161, 369348208756, testhost.dll, TcpClientExtensions.MessageLoopAsync: Polling on remoteEndPoint: [::ffff:127.0.0.1]:58864 localEndPoint: [::ffff:127.0.0.1]:58865
TpTrace Verbose: 0 : 13840, 9, 2020/12/02, 19:10:10.162, 369348218144, testhost.dll, TcpClientExtensions.MessageLoopAsync: NotifyDataAvailable remoteEndPoint: [::ffff:127.0.0.1]:58864 localEndPoint: [::ffff:127.0.0.1]:58865
TpTrace Information: 0 : 13840, 11, 2020/12/02, 19:10:10.163, 369348218902, testhost.dll, DefaultEngineInvoker.StartProcessingAsync: Connected to vstest.console, Starting process requests.
TpTrace Information: 0 : 13840, 9, 2020/12/02, 19:10:10.416, 369350756058, testhost.dll, TestRequestHandler.ProcessRequests: received message: (ProtocolVersion) -> 2
TpTrace Verbose: 0 : 13840, 9, 2020/12/02, 19:10:10.491, 369351508718, testhost.dll, TestRequestHandler.SendData:  sending data from testhost: {"Version":2,"MessageType":"TestSession.Message","Payload":{"MessageLevel":0,"Message":"Logging TestHost Diagnostics in file: C:\\Users\\dzene\\Source\\Repos\\VVS_zadaca2.6\\Hypo Banka\\Unit Testovi\\bin\\Debug\\fine-code-coverage\\_outputfolder\\diagnostics.host.20-12-02_19-10-09_81595_4.log"}}
TpTrace Verbose: 0 : 13840, 9, 2020/12/02, 19:10:10.492, 369351513181, testhost.dll, TcpClientExtensions.MessageLoopAsync: Polling on remoteEndPoint: [::ffff:127.0.0.1]:58864 localEndPoint: [::ffff:127.0.0.1]:58865
TpTrace Verbose: 0 : 13840, 9, 2020/12/02, 19:10:10.492, 369351515830, testhost.dll, TcpClientExtensions.MessageLoopAsync: NotifyDataAvailable remoteEndPoint: [::ffff:127.0.0.1]:58864 localEndPoint: [::ffff:127.0.0.1]:58865
TpTrace Information: 0 : 13840, 9, 2020/12/02, 19:10:10.501, 369351599903, testhost.dll, TestRequestHandler.ProcessRequests: received message: (TestExecution.Initialize) -> [
  "C:\\Users\\dzene\\Source\\Repos\\VVS_zadaca2.6\\Hypo Banka\\Unit Testovi\\bin\\Debug\\fine-code-coverage\\Microsoft.VisualStudio.TestPlatform.MSTest.TestAdapter.dll"
]
TpTrace Information: 0 : 13840, 9, 2020/12/02, 19:10:10.510, 369351696613, testhost.dll, Execution Session Initialize.
TpTrace Verbose: 0 : 13840, 9, 2020/12/02, 19:10:10.528, 369351873977, testhost.dll, TcpClientExtensions.MessageLoopAsync: Polling on remoteEndPoint: [::ffff:127.0.0.1]:58864 localEndPoint: [::ffff:127.0.0.1]:58865
TpTrace Verbose: 0 : 13840, 9, 2020/12/02, 19:10:10.528, 369351877130, testhost.dll, TcpClientExtensions.MessageLoopAsync: NotifyDataAvailable remoteEndPoint: [::ffff:127.0.0.1]:58864 localEndPoint: [::ffff:127.0.0.1]:58865
TpTrace Verbose: 0 : 13840, 4, 2020/12/02, 19:10:10.533, 369351920004, testhost.dll, TestExecutorService: Loading the extensions
TpTrace Verbose: 0 : 13840, 4, 2020/12/02, 19:10:10.536, 369351957222, testhost.dll, TestPluginCache.DiscoverTestExtensions: finding test extensions in assemblies endswith: TestAdapter.dll TPluginInfo: Microsoft.VisualStudio.TestPlatform.Common.ExtensionFramework.Utilities.TestExecutorPluginInformation TExtension: Microsoft.VisualStudio.TestPlatform.ObjectModel.Adapter.ITestExecutor
TpTrace Information: 0 : 13840, 9, 2020/12/02, 19:10:10.538, 369351969661, testhost.dll, TestRequestHandler.ProcessRequests: received message: (TestExecution.StartWithSources) -> {
  "AdapterSourceMap": {
    "_none_": [
      "C:\\Users\\dzene\\Source\\Repos\\VVS_zadaca2.6\\Hypo Banka\\Unit Testovi\\bin\\Debug\\fine-code-coverage\\Unit Testovi.dll"
    ]
  },
  "RunSettings": "<RunSettings>\r\n  <RunConfiguration>\r\n    <ResultsDirectory>C:\\Users\\dzene\\Source\\Repos\\VVS_zadaca2.6\\Hypo Banka\\Unit Testovi\\bin\\Debug\\fine-code-coverage\\_outputfolder</ResultsDirectory>\r\n    <TargetPlatform>X64</TargetPlatform>\r\n    <TargetFrameworkVersion>.NETCoreApp,Version=v3.1</TargetFrameworkVersion>\r\n    <DesignMode>False</DesignMode>\r\n    <CollectSourceInformation>False</CollectSourceInformation>\r\n  </RunConfiguration>\r\n  <LoggerRunSettings>\r\n    <Loggers>\r\n      <Logger friendlyName=\"blame\" enabled=\"True\" />\r\n      <Logger friendlyName=\"Console\" uri=\"logger://microsoft/TestPlatform/ConsoleLogger/v1\" assemblyQualifiedName=\"Microsoft.VisualStudio.TestPlatform.CommandLine.Internal.ConsoleLogger, vstest.console, Version=15.0.0.0, Culture=neutral, PublicKeyToken=b03f5f7f11d50a3a\" codeBase=\"C:\\Program Files\\dotnet\\sdk\\3.1.201\\vstest.console.dll\" enabled=\"True\" />\r\n    </Loggers>\r\n  </LoggerRunSettings>\r\n  <DataCollectionRunSettings>\r\n    <DataCollectors>\r\n      <DataCollector friendlyName=\"blame\" enabled=\"True\">\r\n        <Configuration>\r\n          <ResultsDirectory>C:\\Users\\dzene\\Source\\Repos\\VVS_zadaca2.6\\Hypo Banka\\Unit Testovi\\bin\\Debug\\fine-code-coverage\\_outputfolder</ResultsDirectory>\r\n        </Configuration>\r\n      </DataCollector>\r\n    </DataCollectors>\r\n  </DataCollectionRunSettings>\r\n</RunSettings>",
  "TestExecutionContext": {
    "FrequencyOfRunStatsChangeEvent": 10,
    "RunStatsChangeEventTimeout": "00:00:01.5000000",
    "InIsolation": false,
    "KeepAlive": false,
    "AreTestCaseLevelEventsRequired": false,
    "IsDebug": false,
    "TestCaseFilter": null,
    "FilterOptions": null
  },
  "Package": null
}
TpTrace Information: 0 : 13840, 9, 2020/12/02, 19:10:10.538, 369351974222, testhost.dll, Execution started.
TpTrace Verbose: 0 : 13840, 4, 2020/12/02, 19:10:10.539, 369351979426, testhost.dll, TestPluginCache.GetExtensionPaths: Filtered extension paths: 
TpTrace Verbose: 0 : 13840, 4, 2020/12/02, 19:10:10.539, 369351986710, testhost.dll, TestPluginCache.GetExtensionPaths: Added default extension paths: C:\Users\dzene\Source\Repos\VVS_zadaca2.6\Hypo Banka\Unit Testovi\bin\Debug\fine-code-coverage\Microsoft.VisualStudio.TestPlatform.MSTest.TestAdapter.dll
TpTrace Verbose: 0 : 13840, 4, 2020/12/02, 19:10:10.539, 369351988512, testhost.dll, TestPluginCache.GetExtensionPaths: Added unfilterableExtensionPaths: 
TpTrace Information: 0 : 13840, 4, 2020/12/02, 19:10:10.544, 369352035229, testhost.dll, AssemblyResolver.ctor: Creating AssemblyResolver with searchDirectories C:\Users\dzene\Source\Repos\VVS_zadaca2.6\Hypo Banka\Unit Testovi\bin\Debug\fine-code-coverage
TpTrace Verbose: 0 : 13840, 4, 2020/12/02, 19:10:10.549, 369352082631, testhost.dll, TestPluginCache.DiscoverTestExtensions: Discovering the extensions using extension path.
TpTrace Verbose: 0 : 13840, 4, 2020/12/02, 19:10:10.549, 369352086335, testhost.dll, TestPluginCache.GetExtensionPaths: Filtered extension paths: 
TpTrace Verbose: 0 : 13840, 4, 2020/12/02, 19:10:10.549, 369352088515, testhost.dll, TestPluginCache.GetExtensionPaths: Added default extension paths: C:\Users\dzene\Source\Repos\VVS_zadaca2.6\Hypo Banka\Unit Testovi\bin\Debug\fine-code-coverage\Microsoft.VisualStudio.TestPlatform.MSTest.TestAdapter.dll
TpTrace Verbose: 0 : 13840, 4, 2020/12/02, 19:10:10.550, 369352090651, testhost.dll, TestPluginCache.GetExtensionPaths: Added unfilterableExtensionPaths: 
TpTrace Verbose: 0 : 13840, 4, 2020/12/02, 19:10:10.550, 369352093594, testhost.dll, TestPluginCache.DiscoverTestExtensions: Discovering the extensions using allExtensionPaths: C:\Users\dzene\Source\Repos\VVS_zadaca2.6\Hypo Banka\Unit Testovi\bin\Debug\fine-code-coverage\Microsoft.VisualStudio.TestPlatform.MSTest.TestAdapter.dll
TpTrace Information: 0 : 13840, 4, 2020/12/02, 19:10:10.553, 369352119827, testhost.dll, AssemblyResolver.AddSearchDirectories: Adding more searchDirectories C:\Users\dzene\Source\Repos\VVS_zadaca2.6\Hypo Banka\Unit Testovi\bin\Debug\fine-code-coverage
TpTrace Information: 0 : 13840, 4, 2020/12/02, 19:10:10.565, 369352248252, testhost.dll, AssemblyResolver.OnResolve: Microsoft.VisualStudio.TestPlatform.MSTest.TestAdapter: Resolving assembly.
TpTrace Information: 0 : 13840, 4, 2020/12/02, 19:10:10.569, 369352287883, testhost.dll, AssemblyResolver.OnResolve: Resolved assembly: Microsoft.VisualStudio.TestPlatform.MSTest.TestAdapter, from path: C:\Users\dzene\Source\Repos\VVS_zadaca2.6\Hypo Banka\Unit Testovi\bin\Debug\fine-code-coverage\Microsoft.VisualStudio.TestPlatform.MSTest.TestAdapter.dll
TpTrace Information: 0 : 13840, 4, 2020/12/02, 19:10:10.574, 369352331703, testhost.dll, AssemblyResolver.OnResolve: Microsoft.VisualStudio.TestPlatform.MSTestAdapter.PlatformServices.Interface: Resolving assembly.
TpTrace Information: 0 : 13840, 4, 2020/12/02, 19:10:10.575, 369352343393, testhost.dll, AssemblyResolver.OnResolve: Resolved assembly: Microsoft.VisualStudio.TestPlatform.MSTestAdapter.PlatformServices.Interface, from path: C:\Users\dzene\Source\Repos\VVS_zadaca2.6\Hypo Banka\Unit Testovi\bin\Debug\fine-code-coverage\Microsoft.VisualStudio.TestPlatform.MSTestAdapter.PlatformServices.Interface.dll
TpTrace Information: 0 : 13840, 4, 2020/12/02, 19:10:10.575, 369352348641, testhost.dll, AssemblyResolver.OnResolve: Microsoft.VisualStudio.TestPlatform.MSTestAdapter.PlatformServices: Resolving assembly.
TpTrace Information: 0 : 13840, 4, 2020/12/02, 19:10:10.577, 369352359242, testhost.dll, AssemblyResolver.OnResolve: Resolved assembly: Microsoft.VisualStudio.TestPlatform.MSTestAdapter.PlatformServices, from path: C:\Users\dzene\Source\Repos\VVS_zadaca2.6\Hypo Banka\Unit Testovi\bin\Debug\fine-code-coverage\Microsoft.VisualStudio.TestPlatform.MSTestAdapter.PlatformServices.dll
TpTrace Verbose: 0 : 13840, 4, 2020/12/02, 19:10:10.585, 369352444466, testhost.dll, TestPluginCache: Discovered the extensions using extension path ''.
TpTrace Verbose: 0 : 13840, 4, 2020/12/02, 19:10:10.586, 369352453333, testhost.dll, TestPluginCache: Discoverers are ''.
TpTrace Verbose: 0 : 13840, 4, 2020/12/02, 19:10:10.586, 369352455542, testhost.dll, TestPluginCache: Executors are 'executor://MSTestAdapter/v2'.
TpTrace Verbose: 0 : 13840, 4, 2020/12/02, 19:10:10.586, 369352457963, testhost.dll, TestPluginCache: Setting providers are ''.
TpTrace Verbose: 0 : 13840, 4, 2020/12/02, 19:10:10.587, 369352460373, testhost.dll, TestPluginCache: Loggers are ''.
TpTrace Information: 0 : 13840, 4, 2020/12/02, 19:10:10.625, 369352848158, testhost.dll, TestPluginManager.CreateTestExtension: Attempting to load test extension: Microsoft.VisualStudio.TestPlatform.MSTest.TestAdapter.MSTestExecutor
TpTrace Verbose: 0 : 13840, 9, 2020/12/02, 19:10:10.627, 369352860178, testhost.dll, TcpClientExtensions.MessageLoopAsync: Polling on remoteEndPoint: [::ffff:127.0.0.1]:58864 localEndPoint: [::ffff:127.0.0.1]:58865
TpTrace Verbose: 0 : 13840, 4, 2020/12/02, 19:10:10.633, 369352926351, testhost.dll, TestExecutorExtensionManager: Loading executor Microsoft.VisualStudio.TestPlatform.MSTest.TestAdapter.MSTestExecutor
TpTrace Verbose: 0 : 13840, 4, 2020/12/02, 19:10:10.633, 369352928220, testhost.dll, TestExecutorService: Loaded the executors
TpTrace Verbose: 0 : 13840, 4, 2020/12/02, 19:10:10.635, 369352944314, testhost.dll, TestPluginCache.DiscoverTestExtensions: finding test extensions in assemblies endswith: TestAdapter.dll TPluginInfo: Microsoft.VisualStudio.TestPlatform.Common.ExtensionFramework.Utilities.TestSettingsProviderPluginInformation TExtension: Microsoft.VisualStudio.TestPlatform.ObjectModel.Adapter.ISettingsProvider
TpTrace Verbose: 0 : 13840, 4, 2020/12/02, 19:10:10.636, 369352950091, testhost.dll, TestPluginCache.GetExtensionPaths: Filtered extension paths: 
TpTrace Verbose: 0 : 13840, 4, 2020/12/02, 19:10:10.636, 369352951549, testhost.dll, TestPluginCache.GetExtensionPaths: Added default extension paths: C:\Users\dzene\Source\Repos\VVS_zadaca2.6\Hypo Banka\Unit Testovi\bin\Debug\fine-code-coverage\Microsoft.VisualStudio.TestPlatform.MSTest.TestAdapter.dll
TpTrace Verbose: 0 : 13840, 4, 2020/12/02, 19:10:10.636, 369352952736, testhost.dll, TestPluginCache.GetExtensionPaths: Added unfilterableExtensionPaths: 
TpTrace Information: 0 : 13840, 4, 2020/12/02, 19:10:10.636, 369352956196, testhost.dll, AssemblyResolver.AddSearchDirectories: Adding more searchDirectories C:\Users\dzene\Source\Repos\VVS_zadaca2.6\Hypo Banka\Unit Testovi\bin\Debug\fine-code-coverage
TpTrace Verbose: 0 : 13840, 4, 2020/12/02, 19:10:10.636, 369352957750, testhost.dll, TestPluginCache.DiscoverTestExtensions: Discovering the extensions using extension path.
TpTrace Verbose: 0 : 13840, 4, 2020/12/02, 19:10:10.637, 369352958985, testhost.dll, TestPluginCache.GetExtensionPaths: Filtered extension paths: 
TpTrace Verbose: 0 : 13840, 4, 2020/12/02, 19:10:10.637, 369352960133, testhost.dll, TestPluginCache.GetExtensionPaths: Added default extension paths: C:\Users\dzene\Source\Repos\VVS_zadaca2.6\Hypo Banka\Unit Testovi\bin\Debug\fine-code-coverage\Microsoft.VisualStudio.TestPlatform.MSTest.TestAdapter.dll
TpTrace Verbose: 0 : 13840, 4, 2020/12/02, 19:10:10.637, 369352961242, testhost.dll, TestPluginCache.GetExtensionPaths: Added unfilterableExtensionPaths: 
TpTrace Verbose: 0 : 13840, 4, 2020/12/02, 19:10:10.637, 369352962398, testhost.dll, TestPluginCache.DiscoverTestExtensions: Discovering the extensions using allExtensionPaths: C:\Users\dzene\Source\Repos\VVS_zadaca2.6\Hypo Banka\Unit Testovi\bin\Debug\fine-code-coverage\Microsoft.VisualStudio.TestPlatform.MSTest.TestAdapter.dll
TpTrace Information: 0 : 13840, 4, 2020/12/02, 19:10:10.637, 369352963806, testhost.dll, AssemblyResolver.AddSearchDirectories: Adding more searchDirectories C:\Users\dzene\Source\Repos\VVS_zadaca2.6\Hypo Banka\Unit Testovi\bin\Debug\fine-code-coverage
TpTrace Verbose: 0 : 13840, 4, 2020/12/02, 19:10:10.637, 369352968337, testhost.dll, TestPluginCache: Discovered the extensions using extension path ''.
TpTrace Verbose: 0 : 13840, 4, 2020/12/02, 19:10:10.638, 369352969661, testhost.dll, TestPluginCache: Discoverers are ''.
TpTrace Verbose: 0 : 13840, 4, 2020/12/02, 19:10:10.638, 369352971036, testhost.dll, TestPluginCache: Executors are 'executor://MSTestAdapter/v2'.
TpTrace Verbose: 0 : 13840, 4, 2020/12/02, 19:10:10.638, 369352972714, testhost.dll, TestPluginCache: Setting providers are ''.
TpTrace Verbose: 0 : 13840, 4, 2020/12/02, 19:10:10.638, 369352974032, testhost.dll, TestPluginCache: Loggers are ''.
TpTrace Verbose: 0 : 13840, 4, 2020/12/02, 19:10:10.640, 369352991856, testhost.dll, TestExecutorService: Loaded the settings providers
TpTrace Information: 0 : 13840, 4, 2020/12/02, 19:10:10.640, 369352994213, testhost.dll, TestExecutorService: Loaded the extensions
TpTrace Information: 0 : 13840, 4, 2020/12/02, 19:10:10.771, 369354305947, testhost.dll, TestDiscoveryManager: Discovering tests from sources C:\Users\dzene\Source\Repos\VVS_zadaca2.6\Hypo Banka\Unit Testovi\bin\Debug\fine-code-coverage\Unit Testovi.dll
TpTrace Verbose: 0 : 13840, 4, 2020/12/02, 19:10:10.776, 369354351283, testhost.dll, TestPluginCache.DiscoverTestExtensions: finding test extensions in assemblies endswith: TestAdapter.dll TPluginInfo: Microsoft.VisualStudio.TestPlatform.Common.ExtensionFramework.Utilities.TestDiscovererPluginInformation TExtension: Microsoft.VisualStudio.TestPlatform.ObjectModel.Adapter.ITestDiscoverer
TpTrace Verbose: 0 : 13840, 4, 2020/12/02, 19:10:10.776, 369354354748, testhost.dll, TestPluginCache.GetExtensionPaths: Filtered extension paths: 
TpTrace Verbose: 0 : 13840, 4, 2020/12/02, 19:10:10.776, 369354356202, testhost.dll, TestPluginCache.GetExtensionPaths: Added default extension paths: C:\Users\dzene\Source\Repos\VVS_zadaca2.6\Hypo Banka\Unit Testovi\bin\Debug\fine-code-coverage\Microsoft.VisualStudio.TestPlatform.MSTest.TestAdapter.dll
TpTrace Verbose: 0 : 13840, 4, 2020/12/02, 19:10:10.776, 369354357439, testhost.dll, TestPluginCache.GetExtensionPaths: Added unfilterableExtensionPaths: 
TpTrace Information: 0 : 13840, 4, 2020/12/02, 19:10:10.777, 369354360465, testhost.dll, AssemblyResolver.AddSearchDirectories: Adding more searchDirectories C:\Users\dzene\Source\Repos\VVS_zadaca2.6\Hypo Banka\Unit Testovi\bin\Debug\fine-code-coverage
TpTrace Verbose: 0 : 13840, 4, 2020/12/02, 19:10:10.777, 369354361867, testhost.dll, TestPluginCache.DiscoverTestExtensions: Discovering the extensions using extension path.
TpTrace Verbose: 0 : 13840, 4, 2020/12/02, 19:10:10.777, 369354363131, testhost.dll, TestPluginCache.GetExtensionPaths: Filtered extension paths: 
TpTrace Verbose: 0 : 13840, 4, 2020/12/02, 19:10:10.777, 369354364262, testhost.dll, TestPluginCache.GetExtensionPaths: Added default extension paths: C:\Users\dzene\Source\Repos\VVS_zadaca2.6\Hypo Banka\Unit Testovi\bin\Debug\fine-code-coverage\Microsoft.VisualStudio.TestPlatform.MSTest.TestAdapter.dll
TpTrace Verbose: 0 : 13840, 4, 2020/12/02, 19:10:10.777, 369354365354, testhost.dll, TestPluginCache.GetExtensionPaths: Added unfilterableExtensionPaths: 
TpTrace Verbose: 0 : 13840, 4, 2020/12/02, 19:10:10.777, 369354366655, testhost.dll, TestPluginCache.DiscoverTestExtensions: Discovering the extensions using allExtensionPaths: C:\Users\dzene\Source\Repos\VVS_zadaca2.6\Hypo Banka\Unit Testovi\bin\Debug\fine-code-coverage\Microsoft.VisualStudio.TestPlatform.MSTest.TestAdapter.dll
TpTrace Information: 0 : 13840, 4, 2020/12/02, 19:10:10.777, 369354368009, testhost.dll, AssemblyResolver.AddSearchDirectories: Adding more searchDirectories C:\Users\dzene\Source\Repos\VVS_zadaca2.6\Hypo Banka\Unit Testovi\bin\Debug\fine-code-coverage
TpTrace Verbose: 0 : 13840, 4, 2020/12/02, 19:10:10.782, 369354414544, testhost.dll, TestPluginCache: Discovered the extensions using extension path ''.
TpTrace Verbose: 0 : 13840, 4, 2020/12/02, 19:10:10.782, 369354416626, testhost.dll, TestPluginCache: Discoverers are 'Microsoft.VisualStudio.TestPlatform.MSTest.TestAdapter.MSTestDiscoverer, Microsoft.VisualStudio.TestPlatform.MSTest.TestAdapter, Version=14.0.0.0, Culture=neutral, PublicKeyToken=b03f5f7f11d50a3a'.
TpTrace Verbose: 0 : 13840, 4, 2020/12/02, 19:10:10.782, 369354417894, testhost.dll, TestPluginCache: Executors are 'executor://MSTestAdapter/v2'.
TpTrace Verbose: 0 : 13840, 4, 2020/12/02, 19:10:10.783, 369354419028, testhost.dll, TestPluginCache: Setting providers are ''.
TpTrace Verbose: 0 : 13840, 4, 2020/12/02, 19:10:10.783, 369354420106, testhost.dll, TestPluginCache: Loggers are ''.
TpTrace Verbose: 0 : 13840, 4, 2020/12/02, 19:10:10.793, 369354525558, testhost.dll, BaseRunTests.RunTestInternalWithExecutors: Running tests for executor://MSTestAdapter/v2
TpTrace Information: 0 : 13840, 4, 2020/12/02, 19:10:10.887, 369355467989, testhost.dll, AssemblyResolver.OnResolve: Microsoft.VisualStudio.TestPlatform.MSTestAdapter.PlatformServices.resources: Resolving assembly.
TpTrace Information: 0 : 13840, 4, 2020/12/02, 19:10:10.888, 369355473834, testhost.dll, AssemblyResolver.OnResolve: Microsoft.VisualStudio.TestPlatform.MSTestAdapter.PlatformServices.resources: Failed to load assembly.
TpTrace Information: 0 : 13840, 4, 2020/12/02, 19:10:10.889, 369355480986, testhost.dll, AssemblyResolver.OnResolve: Microsoft.VisualStudio.TestPlatform.MSTestAdapter.PlatformServices.resources: Resolving assembly.
TpTrace Information: 0 : 13840, 4, 2020/12/02, 19:10:10.889, 369355483353, testhost.dll, AssemblyResolver.OnResolve: Microsoft.VisualStudio.TestPlatform.MSTestAdapter.PlatformServices.resources: Resolved from cache.
TpTrace Verbose: 0 : 13840, 4, 2020/12/02, 19:10:10.916, 369355751253, testhost.dll, TestExecutionRecorder.RecordStart: Starting test: Unit_Testovi.BankaTests.RadSaKlijentomTestDodavanjeKlijenata.
TpTrace Verbose: 0 : 13840, 4, 2020/12/02, 19:10:11.081, 369357404690, testhost.dll, TestExecutionRecorder.RecordEnd: test: Unit_Testovi.BankaTests.RadSaKlijentomTestDodavanjeKlijenata execution completed.
TpTrace Verbose: 0 : 13840, 4, 2020/12/02, 19:10:11.161, 369358205501, testhost.dll, TestExecutionRecorder.RecordResult: Received result for test: Unit_Testovi.BankaTests.RadSaKlijentomTestDodavanjeKlijenata.
TpTrace Warning: 0 : 13840, 4, 2020/12/02, 19:10:11.167, 369358267843, testhost.dll, InProgressTests is null
TpTrace Warning: 0 : 13840, 4, 2020/12/02, 19:10:11.171, 369358300762, testhost.dll, TestRunCache: No test found corresponding to testResult 'RadSaKlijentomTestDodavanjeKlijenata  Passed' in inProgress list.
TpTrace Verbose: 0 : 13840, 4, 2020/12/02, 19:10:11.171, 369358304606, testhost.dll, TestExecutionRecorder.RecordStart: Starting test: Unit_Testovi.BankaTests.RadSaKlijentomTestBrisanjeKlijenata.
TpTrace Verbose: 0 : 13840, 4, 2020/12/02, 19:10:11.174, 369358332959, testhost.dll, TestExecutionRecorder.RecordEnd: test: Unit_Testovi.BankaTests.RadSaKlijentomTestBrisanjeKlijenata execution completed.
TpTrace Verbose: 0 : 13840, 4, 2020/12/02, 19:10:11.176, 369358355979, testhost.dll, TestExecutionRecorder.RecordResult: Received result for test: Unit_Testovi.BankaTests.RadSaKlijentomTestBrisanjeKlijenata.
TpTrace Warning: 0 : 13840, 4, 2020/12/02, 19:10:11.176, 369358357869, testhost.dll, InProgressTests is null
TpTrace Warning: 0 : 13840, 4, 2020/12/02, 19:10:11.177, 369358359182, testhost.dll, TestRunCache: No test found corresponding to testResult 'RadSaKlijentomTestBrisanjeKlijenata  Passed' in inProgress list.
TpTrace Verbose: 0 : 13840, 4, 2020/12/02, 19:10:11.177, 369358360497, testhost.dll, TestExecutionRecorder.RecordStart: Starting test: Unit_Testovi.BankaTests.RadSaKlijentomTestAutomatskoGenerisanje.
TpTrace Verbose: 0 : 13840, 4, 2020/12/02, 19:10:11.199, 369358578852, testhost.dll, TestExecutionRecorder.RecordEnd: test: Unit_Testovi.BankaTests.RadSaKlijentomTestAutomatskoGenerisanje execution completed.
TpTrace Verbose: 0 : 13840, 4, 2020/12/02, 19:10:11.205, 369358643522, testhost.dll, TestExecutionRecorder.RecordResult: Received result for test: Unit_Testovi.BankaTests.RadSaKlijentomTestAutomatskoGenerisanje.
TpTrace Warning: 0 : 13840, 4, 2020/12/02, 19:10:11.205, 369358645509, testhost.dll, InProgressTests is null
TpTrace Warning: 0 : 13840, 4, 2020/12/02, 19:10:11.205, 369358646835, testhost.dll, TestRunCache: No test found corresponding to testResult 'RadSaKlijentomTestAutomatskoGenerisanje  Passed' in inProgress list.
TpTrace Verbose: 0 : 13840, 4, 2020/12/02, 19:10:11.205, 369358648166, testhost.dll, TestExecutionRecorder.RecordStart: Starting test: Unit_Testovi.BankaTests.OtvaranjeNovogRačunaTestKlijentNijeRegistrovan.
TpTrace Verbose: 0 : 13840, 4, 2020/12/02, 19:10:11.213, 369358723620, testhost.dll, TestExecutionRecorder.RecordEnd: test: Unit_Testovi.BankaTests.OtvaranjeNovogRačunaTestKlijentNijeRegistrovan execution completed.
TpTrace Verbose: 0 : 13840, 4, 2020/12/02, 19:10:11.215, 369358745736, testhost.dll, TestExecutionRecorder.RecordResult: Received result for test: Unit_Testovi.BankaTests.OtvaranjeNovogRačunaTestKlijentNijeRegistrovan.
TpTrace Warning: 0 : 13840, 4, 2020/12/02, 19:10:11.215, 369358747792, testhost.dll, InProgressTests is null
TpTrace Warning: 0 : 13840, 4, 2020/12/02, 19:10:11.216, 369358749100, testhost.dll, TestRunCache: No test found corresponding to testResult 'OtvaranjeNovogRačunaTestKlijentNijeRegistrovan  Passed' in inProgress list.
TpTrace Verbose: 0 : 13840, 4, 2020/12/02, 19:10:11.216, 369358750421, testhost.dll, TestExecutionRecorder.RecordStart: Starting test: Unit_Testovi.BankaTests.OtvaranjeNovogRačunaTestVišeOd3Računa.
TpTrace Verbose: 0 : 13840, 4, 2020/12/02, 19:10:11.220, 369358795036, testhost.dll, TestExecutionRecorder.RecordEnd: test: Unit_Testovi.BankaTests.OtvaranjeNovogRačunaTestVišeOd3Računa execution completed.
TpTrace Verbose: 0 : 13840, 4, 2020/12/02, 19:10:11.222, 369358816115, testhost.dll, TestExecutionRecorder.RecordResult: Received result for test: Unit_Testovi.BankaTests.OtvaranjeNovogRačunaTestVišeOd3Računa.
TpTrace Warning: 0 : 13840, 4, 2020/12/02, 19:10:11.222, 369358817958, testhost.dll, InProgressTests is null
TpTrace Warning: 0 : 13840, 4, 2020/12/02, 19:10:11.223, 369358819257, testhost.dll, TestRunCache: No test found corresponding to testResult 'OtvaranjeNovogRačunaTestVišeOd3Računa  Passed' in inProgress list.
TpTrace Verbose: 0 : 13840, 4, 2020/12/02, 19:10:11.223, 369358820685, testhost.dll, TestExecutionRecorder.RecordStart: Starting test: Unit_Testovi.BankaTests.OtvaranjeNovogRačunaTest.
TpTrace Verbose: 0 : 13840, 4, 2020/12/02, 19:10:11.225, 369358844172, testhost.dll, TestExecutionRecorder.RecordEnd: test: Unit_Testovi.BankaTests.OtvaranjeNovogRačunaTest execution completed.
TpTrace Verbose: 0 : 13840, 4, 2020/12/02, 19:10:11.227, 369358865034, testhost.dll, TestExecutionRecorder.RecordResult: Received result for test: Unit_Testovi.BankaTests.OtvaranjeNovogRačunaTest.
TpTrace Warning: 0 : 13840, 4, 2020/12/02, 19:10:11.227, 369358866852, testhost.dll, InProgressTests is null
TpTrace Warning: 0 : 13840, 4, 2020/12/02, 19:10:11.227, 369358868131, testhost.dll, TestRunCache: No test found corresponding to testResult 'OtvaranjeNovogRačunaTest  Passed' in inProgress list.
TpTrace Verbose: 0 : 13840, 4, 2020/12/02, 19:10:11.228, 369358869441, testhost.dll, TestExecutionRecorder.RecordStart: Starting test: Unit_Testovi.BankaTests.KlijentiSBlokiranimRačunimaTest.
TpTrace Information: 0 : 13840, 4, 2020/12/02, 19:10:11.234, 369358935761, testhost.dll, AssemblyResolver.OnResolve: Microsoft.VisualStudio.TestPlatform.TestFramework.resources: Resolving assembly.
TpTrace Information: 0 : 13840, 4, 2020/12/02, 19:10:11.235, 369358938997, testhost.dll, AssemblyResolver.OnResolve: Microsoft.VisualStudio.TestPlatform.TestFramework.resources: Failed to load assembly.
TpTrace Verbose: 0 : 13840, 4, 2020/12/02, 19:10:11.235, 369358941603, testhost.dll, TestExecutionRecorder.RecordEnd: test: Unit_Testovi.BankaTests.KlijentiSBlokiranimRačunimaTest execution completed.
TpTrace Verbose: 0 : 13840, 4, 2020/12/02, 19:10:11.237, 369358962928, testhost.dll, TestExecutionRecorder.RecordResult: Received result for test: Unit_Testovi.BankaTests.KlijentiSBlokiranimRačunimaTest.
TpTrace Warning: 0 : 13840, 4, 2020/12/02, 19:10:11.237, 369358964750, testhost.dll, InProgressTests is null
TpTrace Warning: 0 : 13840, 4, 2020/12/02, 19:10:11.237, 369358966068, testhost.dll, TestRunCache: No test found corresponding to testResult 'KlijentiSBlokiranimRačunimaTest  Passed' in inProgress list.
TpTrace Verbose: 0 : 13840, 4, 2020/12/02, 19:10:11.237, 369358967384, testhost.dll, TestExecutionRecorder.RecordStart: Starting test: Unit_Testovi.BankaTests.PraznaListaKlijentiSBlokiranimRačunimaTest.
TpTrace Verbose: 0 : 13840, 4, 2020/12/02, 19:10:11.241, 369359000200, testhost.dll, TestExecutionRecorder.RecordEnd: test: Unit_Testovi.BankaTests.PraznaListaKlijentiSBlokiranimRačunimaTest execution completed.
TpTrace Verbose: 0 : 13840, 4, 2020/12/02, 19:10:11.243, 369359027778, testhost.dll, TestExecutionRecorder.RecordResult: Received result for test: Unit_Testovi.BankaTests.PraznaListaKlijentiSBlokiranimRačunimaTest.
TpTrace Warning: 0 : 13840, 4, 2020/12/02, 19:10:11.244, 369359030290, testhost.dll, InProgressTests is null
TpTrace Warning: 0 : 13840, 4, 2020/12/02, 19:10:11.244, 369359031631, testhost.dll, TestRunCache: No test found corresponding to testResult 'PraznaListaKlijentiSBlokiranimRačunimaTest  Passed' in inProgress list.
TpTrace Verbose: 0 : 13840, 4, 2020/12/02, 19:10:11.244, 369359033619, testhost.dll, TestExecutionRecorder.RecordStart: Starting test: Unit_Testovi.BankaTests.PraznaListaKlijentiSBlokiranimRačunimaTest2.
TpTrace Verbose: 0 : 13840, 4, 2020/12/02, 19:10:11.247, 369359062580, testhost.dll, TestExecutionRecorder.RecordEnd: test: Unit_Testovi.BankaTests.PraznaListaKlijentiSBlokiranimRačunimaTest2 execution completed.
TpTrace Verbose: 0 : 13840, 4, 2020/12/02, 19:10:11.249, 369359083088, testhost.dll, TestExecutionRecorder.RecordResult: Received result for test: Unit_Testovi.BankaTests.PraznaListaKlijentiSBlokiranimRačunimaTest2.
TpTrace Warning: 0 : 13840, 4, 2020/12/02, 19:10:11.249, 369359084866, testhost.dll, InProgressTests is null
TpTrace Warning: 0 : 13840, 4, 2020/12/02, 19:10:11.249, 369359086279, testhost.dll, TestRunCache: No test found corresponding to testResult 'PraznaListaKlijentiSBlokiranimRačunimaTest2  Passed' in inProgress list.
TpTrace Verbose: 0 : 13840, 4, 2020/12/02, 19:10:11.249, 369359087596, testhost.dll, TestExecutionRecorder.RecordStart: Starting test: Unit_Testovi.BankaTests.PraznaListaKlijentiSBlokiranimRačunimaTest3.
TpTrace Information: 0 : 13840, 4, 2020/12/02, 19:10:11.253, 369359120200, testhost.dll, Sending test run statistics
TpTrace Verbose: 0 : 13840, 4, 2020/12/02, 19:10:11.308, 369359670777, testhost.dll, TestRequestHandler.SendData:  sending data from testhost: {"Version":2,"MessageType":"TestExecution.StatsChange","Payload":{"NewTestResults":[{"TestCase":{"Id":"9d62fd1d-1d02-fd6e-5641-7f0f9eb5a281","FullyQualifiedName":"Unit_Testovi.BankaTests.RadSaKlijentomTestDodavanjeKlijenata","DisplayName":"RadSaKlijentomTestDodavanjeKlijenata","ExecutorUri":"executor://MSTestAdapter/v2","Source":"C:\\Users\\dzene\\Source\\Repos\\VVS_zadaca2.6\\Hypo Banka\\Unit Testovi\\bin\\Debug\\fine-code-coverage\\Unit Testovi.dll","CodeFilePath":null,"LineNumber":-1,"Properties":[{"Key":{"Id":"MSTestDiscoverer.TestClassName","Label":"ClassName","Category":"","Description":"","Attributes":1,"ValueType":"System.String"},"Value":"Unit_Testovi.BankaTests"},{"Key":{"Id":"TestObject.Traits","Label":"Traits","Category":"","Description":"","Attributes":5,"ValueType":"System.Collections.Generic.KeyValuePair`2[[System.String],[System.String]][]"},"Value":[]}]},"Attachments":[],"Outcome":1,"ErrorMessage":null,"ErrorStackTrace":null,"DisplayName":null,"Messages":[],"ComputerName":null,"Duration":"00:00:00.0104253","StartTime":"2020-12-02T19:10:11.0133663+01:00","EndTime":"2020-12-02T19:10:11.0743536+01:00","Properties":[{"Key":{"Id":"ExecutionId","Label":"ExecutionId","Category":"","Description":"","Attributes":1,"ValueType":"System.Guid"},"Value":"00000000-0000-0000-0000-000000000000"},{"Key":{"Id":"ParentExecId","Label":"ParentExecId","Category":"","Description":"","Attributes":1,"ValueType":"System.Guid"},"Value":"00000000-0000-0000-0000-000000000000"},{"Key":{"Id":"InnerResultsCount","Label":"InnerResultsCount","Category":"","Description":"","Attributes":1,"ValueType":"System.Int32"},"Value":0}]},{"TestCase":{"Id":"6ba550b9-22b1-d1df-25ba-f36fa119bbce","FullyQualifiedName":"Unit_Testovi.BankaTests.RadSaKlijentomTestBrisanjeKlijenata","DisplayName":"RadSaKlijentomTestBrisanjeKlijenata","ExecutorUri":"executor://MSTestAdapter/v2","Source":"C:\\Users\\dzene\\Source\\Repos\\VVS_zadaca2.6\\Hypo Banka\\Unit Testovi\\bin\\Debug\\fine-code-coverage\\Unit Testovi.dll","CodeFilePath":null,"LineNumber":-1,"Properties":[{"Key":{"Id":"MSTestDiscoverer.TestClassName","Label":"ClassName","Category":"","Description":"","Attributes":1,"ValueType":"System.String"},"Value":"Unit_Testovi.BankaTests"},{"Key":{"Id":"TestObject.Traits","Label":"Traits","Category":"","Description":"","Attributes":5,"ValueType":"System.Collections.Generic.KeyValuePair`2[[System.String],[System.String]][]"},"Value":[]}]},"Attachments":[],"Outcome":1,"ErrorMessage":null,"ErrorStackTrace":null,"DisplayName":null,"Messages":[],"ComputerName":null,"Duration":"00:00:00.0004901","StartTime":"2020-12-02T19:10:11.1735896+01:00","EndTime":"2020-12-02T19:10:11.1743893+01:00","Properties":[{"Key":{"Id":"ExecutionId","Label":"ExecutionId","Category":"","Description":"","Attributes":1,"ValueType":"System.Guid"},"Value":"00000000-0000-0000-0000-000000000000"},{"Key":{"Id":"ParentExecId","Label":"ParentExecId","Category":"","Description":"","Attributes":1,"ValueType":"System.Guid"},"Value":"00000000-0000-0000-0000-000000000000"},{"Key":{"Id":"InnerResultsCount","Label":"InnerResultsCount","Category":"","Description":"","Attributes":1,"ValueType":"System.Int32"},"Value":0}]},{"TestCase":{"Id":"3a600ba7-d2bc-8e0f-c248-4fec37042946","FullyQualifiedName":"Unit_Testovi.BankaTests.RadSaKlijentomTestAutomatskoGenerisanje","DisplayName":"RadSaKlijentomTestAutomatskoGenerisanje","ExecutorUri":"executor://MSTestAdapter/v2","Source":"C:\\Users\\dzene\\Source\\Repos\\VVS_zadaca2.6\\Hypo Banka\\Unit Testovi\\bin\\Debug\\fine-code-coverage\\Unit Testovi.dll","CodeFilePath":null,"LineNumber":-1,"Properties":[{"Key":{"Id":"MSTestDiscoverer.TestClassName","Label":"ClassName","Category":"","Description":"","Attributes":1,"ValueType":"System.String"},"Value":"Unit_Testovi.BankaTests"},{"Key":{"Id":"TestObject.Traits","Label":"Traits","Category":"","Description":"","Attributes":5,"ValueType":"System.Collections.Generic.KeyValuePair`2[[System.String],[System.String]][]"},"Value":[]}]},"Attachments":[],"Outcome":1,"ErrorMessage":null,"ErrorStackTrace":null,"DisplayName":null,"Messages":[],"ComputerName":null,"Duration":"00:00:00.0199730","StartTime":"2020-12-02T19:10:11.1787945+01:00","EndTime":"2020-12-02T19:10:11.1989716+01:00","Properties":[{"Key":{"Id":"ExecutionId","Label":"ExecutionId","Category":"","Description":"","Attributes":1,"ValueType":"System.Guid"},"Value":"00000000-0000-0000-0000-000000000000"},{"Key":{"Id":"ParentExecId","Label":"ParentExecId","Category":"","Description":"","Attributes":1,"ValueType":"System.Guid"},"Value":"00000000-0000-0000-0000-000000000000"},{"Key":{"Id":"InnerResultsCount","Label":"InnerResultsCount","Category":"","Description":"","Attributes":1,"ValueType":"System.Int32"},"Value":0}]},{"TestCase":{"Id":"48b93578-edca-6311-8276-6d6696bee106","FullyQualifiedName":"Unit_Testovi.BankaTests.OtvaranjeNovogRačunaTestKlijentNijeRegistrovan","DisplayName":"OtvaranjeNovogRačunaTestKlijentNijeRegistrovan","ExecutorUri":"executor://MSTestAdapter/v2","Source":"C:\\Users\\dzene\\Source\\Repos\\VVS_zadaca2.6\\Hypo Banka\\Unit Testovi\\bin\\Debug\\fine-code-coverage\\Unit Testovi.dll","CodeFilePath":null,"LineNumber":-1,"Properties":[{"Key":{"Id":"MSTestDiscoverer.TestClassName","Label":"ClassName","Category":"","Description":"","Attributes":1,"ValueType":"System.String"},"Value":"Unit_Testovi.BankaTests"},{"Key":{"Id":"TestObject.Traits","Label":"Traits","Category":"","Description":"","Attributes":5,"ValueType":"System.Collections.Generic.KeyValuePair`2[[System.String],[System.String]][]"},"Value":[]}]},"Attachments":[],"Outcome":1,"ErrorMessage":null,"ErrorStackTrace":null,"DisplayName":null,"Messages":[],"ComputerName":null,"Duration":"00:00:00.0047185","StartTime":"2020-12-02T19:10:11.2083821+01:00","EndTime":"2020-12-02T19:10:11.2134527+01:00","Properties":[{"Key":{"Id":"ExecutionId","Label":"ExecutionId","Category":"","Description":"","Attributes":1,"ValueType":"System.Guid"},"Value":"00000000-0000-0000-0000-000000000000"},{"Key":{"Id":"ParentExecId","Label":"ParentExecId","Category":"","Description":"","Attributes":1,"ValueType":"System.Guid"},"Value":"00000000-0000-0000-0000-000000000000"},{"Key":{"Id":"InnerResultsCount","Label":"InnerResultsCount","Category":"","Description":"","Attributes":1,"ValueType":"System.Int32"},"Value":0}]},{"TestCase":{"Id":"d6b2c2f0-1618-f2f2-2d10-7d34de80478c","FullyQualifiedName":"Unit_Testovi.BankaTests.OtvaranjeNovogRačunaTestVišeOd3Računa","DisplayName":"OtvaranjeNovogRačunaTestVišeOd3Računa","ExecutorUri":"executor://MSTestAdapter/v2","Source":"C:\\Users\\dzene\\Source\\Repos\\VVS_zadaca2.6\\Hypo Banka\\Unit Testovi\\bin\\Debug\\fine-code-coverage\\Unit Testovi.dll","CodeFilePath":null,"LineNumber":-1,"Properties":[{"Key":{"Id":"MSTestDiscoverer.TestClassName","Label":"ClassName","Category":"","Description":"","Attributes":1,"ValueType":"System.String"},"Value":"Unit_Testovi.BankaTests"},{"Key":{"Id":"TestObject.Traits","Label":"Traits","Category":"","Description":"","Attributes":5,"ValueType":"System.Collections.Generic.KeyValuePair`2[[System.String],[System.String]][]"},"Value":[]}]},"Attachments":[],"Outcome":1,"ErrorMessage":null,"ErrorStackTrace":null,"DisplayName":null,"Messages":[],"ComputerName":null,"Duration":"00:00:00.0014635","StartTime":"2020-12-02T19:10:11.2188567+01:00","EndTime":"2020-12-02T19:10:11.2206013+01:00","Properties":[{"Key":{"Id":"ExecutionId","Label":"ExecutionId","Category":"","Description":"","Attributes":1,"ValueType":"System.Guid"},"Value":"00000000-0000-0000-0000-000000000000"},{"Key":{"Id":"ParentExecId","Label":"ParentExecId","Category":"","Description":"","Attributes":1,"ValueType":"System.Guid"},"Value":"00000000-0000-0000-0000-000000000000"},{"Key":{"Id":"InnerResultsCount","Label":"InnerResultsCount","Category":"","Description":"","Attributes":1,"ValueType":"System.Int32"},"Value":0}]},{"TestCase":{"Id":"18a4e423-7912-2ea3-64d1-3602e6b82a62","FullyQualifiedName":"Unit_Testovi.BankaTests.OtvaranjeNovogRačunaTest","DisplayName":"OtvaranjeNovogRačunaTest","ExecutorUri":"executor://MSTestAdapter/v2","Source":"C:\\Users\\dzene\\Source\\Repos\\VVS_zadaca2.6\\Hypo Banka\\Unit Testovi\\bin\\Debug\\fine-code-coverage\\Unit Testovi.dll","CodeFilePath":null,"LineNumber":-1,"Properties":[{"Key":{"Id":"MSTestDiscoverer.TestClassName","Label":"ClassName","Category":"","Description":"","Attributes":1,"ValueType":"System.String"},"Value":"Unit_Testovi.BankaTests"},{"Key":{"Id":"TestObject.Traits","Label":"Traits","Category":"","Description":"","Attributes":5,"ValueType":"System.Collections.Generic.KeyValuePair`2[[System.String],[System.String]][]"},"Value":[]}]},"Attachments":[],"Outcome":1,"ErrorMessage":null,"ErrorStackTrace":null,"DisplayName":null,"Messages":[],"ComputerName":null,"Duration":"00:00:00.0005865","StartTime":"2020-12-02T19:10:11.2247367+01:00","EndTime":"2020-12-02T19:10:11.22552+01:00","Properties":[{"Key":{"Id":"ExecutionId","Label":"ExecutionId","Category":"","Description":"","Attributes":1,"ValueType":"System.Guid"},"Value":"00000000-0000-0000-0000-000000000000"},{"Key":{"Id":"ParentExecId","Label":"ParentExecId","Category":"","Description":"","Attributes":1,"ValueType":"System.Guid"},"Value":"00000000-0000-0000-0000-000000000000"},{"Key":{"Id":"InnerResultsCount","Label":"InnerResultsCount","Category":"","Description":"","Attributes":1,"ValueType":"System.Int32"},"Value":0}]},{"TestCase":{"Id":"1b311cad-fe90-5ca0-5c94-bb6f702bc22c","FullyQualifiedName":"Unit_Testovi.BankaTests.KlijentiSBlokiranimRačunimaTest","DisplayName":"KlijentiSBlokiranimRačunimaTest","ExecutorUri":"executor://MSTestAdapter/v2","Source":"C:\\Users\\dzene\\Source\\Repos\\VVS_zadaca2.6\\Hypo Banka\\Unit Testovi\\bin\\Debug\\fine-code-coverage\\Unit Testovi.dll","CodeFilePath":null,"LineNumber":-1,"Properties":[{"Key":{"Id":"MSTestDiscoverer.TestClassName","Label":"ClassName","Category":"","Description":"","Attributes":1,"ValueType":"System.String"},"Value":"Unit_Testovi.BankaTests"},{"Key":{"Id":"TestObject.Traits","Label":"Traits","Category":"","Description":"","Attributes":5,"ValueType":"System.Collections.Generic.KeyValuePair`2[[System.String],[System.String]][]"},"Value":[]}]},"Attachments":[],"Outcome":1,"ErrorMessage":null,"ErrorStackTrace":null,"DisplayName":null,"Messages":[],"ComputerName":null,"Duration":"00:00:00.0054316","StartTime":"2020-12-02T19:10:11.2296253+01:00","EndTime":"2020-12-02T19:10:11.2352592+01:00","Properties":[{"Key":{"Id":"ExecutionId","Label":"ExecutionId","Category":"","Description":"","Attributes":1,"ValueType":"System.Guid"},"Value":"00000000-0000-0000-0000-000000000000"},{"Key":{"Id":"ParentExecId","Label":"ParentExecId","Category":"","Description":"","Attributes":1,"ValueType":"System.Guid"},"Value":"00000000-0000-0000-0000-000000000000"},{"Key":{"Id":"InnerResultsCount","Label":"InnerResultsCount","Category":"","Description":"","Attributes":1,"ValueType":"System.Int32"},"Value":0}]},{"TestCase":{"Id":"408dbc8c-088d-37e5-c524-008dff2d79ed","FullyQualifiedName":"Unit_Testovi.BankaTests.PraznaListaKlijentiSBlokiranimRačunimaTest","DisplayName":"PraznaListaKlijentiSBlokiranimRačunimaTest","ExecutorUri":"executor://MSTestAdapter/v2","Source":"C:\\Users\\dzene\\Source\\Repos\\VVS_zadaca2.6\\Hypo Banka\\Unit Testovi\\bin\\Debug\\fine-code-coverage\\Unit Testovi.dll","CodeFilePath":null,"LineNumber":-1,"Properties":[{"Key":{"Id":"MSTestDiscoverer.TestClassName","Label":"ClassName","Category":"","Description":"","Attributes":1,"ValueType":"System.String"},"Value":"Unit_Testovi.BankaTests"},{"Key":{"Id":"TestObject.Traits","Label":"Traits","Category":"","Description":"","Attributes":5,"ValueType":"System.Collections.Generic.KeyValuePair`2[[System.String],[System.String]][]"},"Value":[]}]},"Attachments":[],"Outcome":1,"ErrorMessage":null,"ErrorStackTrace":null,"DisplayName":null,"Messages":[],"ComputerName":null,"Duration":"00:00:00.0013700","StartTime":"2020-12-02T19:10:11.2394718+01:00","EndTime":"2020-12-02T19:10:11.2411183+01:00","Properties":[{"Key":{"Id":"ExecutionId","Label":"ExecutionId","Category":"","Description":"","Attributes":1,"ValueType":"System.Guid"},"Value":"00000000-0000-0000-0000-000000000000"},{"Key":{"Id":"ParentExecId","Label":"ParentExecId","Category":"","Description":"","Attributes":1,"ValueType":"System.Guid"},"Value":"00000000-0000-0000-0000-000000000000"},{"Key":{"Id":"InnerResultsCount","Label":"InnerResultsCount","Category":"","Description":"","Attributes":1,"ValueType":"System.Int32"},"Value":0}]},{"TestCase":{"Id":"b68b1648-dcba-2adb-037a-34e56c60e967","FullyQualifiedName":"Unit_Testovi.BankaTests.PraznaListaKlijentiSBlokiranimRačunimaTest2","DisplayName":"PraznaListaKlijentiSBlokiranimRačunimaTest2","ExecutorUri":"executor://MSTestAdapter/v2","Source":"C:\\Users\\dzene\\Source\\Repos\\VVS_zadaca2.6\\Hypo Banka\\Unit Testovi\\bin\\Debug\\fine-code-coverage\\Unit Testovi.dll","CodeFilePath":null,"LineNumber":-1,"Properties":[{"Key":{"Id":"MSTestDiscoverer.TestClassName","Label":"ClassName","Category":"","Description":"","Attributes":1,"ValueType":"System.String"},"Value":"Unit_Testovi.BankaTests"},{"Key":{"Id":"TestObject.Traits","Label":"Traits","Category":"","Description":"","Attributes":5,"ValueType":"System.Collections.Generic.KeyValuePair`2[[System.String],[System.String]][]"},"Value":[]}]},"Attachments":[],"Outcome":1,"ErrorMessage":null,"ErrorStackTrace":null,"DisplayName":null,"Messages":[],"ComputerName":null,"Duration":"00:00:00.0009051","StartTime":"2020-12-02T19:10:11.2461563+01:00","EndTime":"2020-12-02T19:10:11.2473469+01:00","Properties":[{"Key":{"Id":"ExecutionId","Label":"ExecutionId","Category":"","Description":"","Attributes":1,"ValueType":"System.Guid"},"Value":"00000000-0000-0000-0000-000000000000"},{"Key":{"Id":"ParentExecId","Label":"ParentExecId","Category":"","Description":"","Attributes":1,"ValueType":"System.Guid"},"Value":"00000000-0000-0000-0000-000000000000"},{"Key":{"Id":"InnerResultsCount","Label":"InnerResultsCount","Category":"","Description":"","Attributes":1,"ValueType":"System.Int32"},"Value":0}]}],"TestRunStatistics":{"ExecutedTests":9,"Stats":{"Passed":9}},"ActiveTests":[{"Id":"fe2fc789-1350-434d-18cc-5bb729531d2a","FullyQualifiedName":"Unit_Testovi.BankaTests.PraznaListaKlijentiSBlokiranimRačunimaTest3","DisplayName":"PraznaListaKlijentiSBlokiranimRačunimaTest3","ExecutorUri":"executor://MSTestAdapter/v2","Source":"C:\\Users\\dzene\\Source\\Repos\\VVS_zadaca2.6\\Hypo Banka\\Unit Testovi\\bin\\Debug\\fine-code-coverage\\Unit Testovi.dll","CodeFilePath":null,"LineNumber":-1,"Properties":[{"Key":{"Id":"MSTestDiscoverer.TestClassName","Label":"ClassName","Category":"","Description":"","Attributes":1,"ValueType":"System.String"},"Value":"Unit_Testovi.BankaTests"},{"Key":{"Id":"TestObject.Traits","Label":"Traits","Category":"","Description":"","Attributes":5,"ValueType":"System.Collections.Generic.KeyValuePair`2[[System.String],[System.String]][]"},"Value":[]}]}]}}
TpTrace Verbose: 0 : 13840, 4, 2020/12/02, 19:10:11.309, 369359678856, testhost.dll, TestRunCache: OnNewTestResult: Notified the onCacheHit callback.
TpTrace Verbose: 0 : 13840, 4, 2020/12/02, 19:10:11.313, 369359720336, testhost.dll, TestExecutionRecorder.RecordEnd: test: Unit_Testovi.BankaTests.PraznaListaKlijentiSBlokiranimRačunimaTest3 execution completed.
TpTrace Warning: 0 : 13840, 4, 2020/12/02, 19:10:11.313, 369359722602, testhost.dll, InProgressTests is null
TpTrace Verbose: 0 : 13840, 4, 2020/12/02, 19:10:11.315, 369359748524, testhost.dll, TestExecutionRecorder.RecordResult: Received result for test: Unit_Testovi.BankaTests.PraznaListaKlijentiSBlokiranimRačunimaTest3.
TpTrace Warning: 0 : 13840, 4, 2020/12/02, 19:10:11.316, 369359750982, testhost.dll, InProgressTests is null
TpTrace Warning: 0 : 13840, 4, 2020/12/02, 19:10:11.316, 369359752322, testhost.dll, TestRunCache: No test found corresponding to testResult 'PraznaListaKlijentiSBlokiranimRačunimaTest3  Passed' in inProgress list.
TpTrace Verbose: 0 : 13840, 4, 2020/12/02, 19:10:11.316, 369359753670, testhost.dll, TestExecutionRecorder.RecordStart: Starting test: Unit_Testovi.BankaTests.DajKreditTest.
TpTrace Verbose: 0 : 13840, 4, 2020/12/02, 19:10:11.322, 369359815402, testhost.dll, TestExecutionRecorder.RecordEnd: test: Unit_Testovi.BankaTests.DajKreditTest execution completed.
TpTrace Verbose: 0 : 13840, 4, 2020/12/02, 19:10:11.325, 369359840400, testhost.dll, TestExecutionRecorder.RecordResult: Received result for test: Unit_Testovi.BankaTests.DajKreditTest.
TpTrace Warning: 0 : 13840, 4, 2020/12/02, 19:10:11.325, 369359842794, testhost.dll, InProgressTests is null
TpTrace Warning: 0 : 13840, 4, 2020/12/02, 19:10:11.325, 369359844160, testhost.dll, TestRunCache: No test found corresponding to testResult 'DajKreditTest  Passed' in inProgress list.
TpTrace Verbose: 0 : 13840, 4, 2020/12/02, 19:10:11.325, 369359845644, testhost.dll, TestExecutionRecorder.RecordStart: Starting test: Unit_Testovi.BankaTests.DajKreditTestKlijentNijeUBanci.
TpTrace Verbose: 0 : 13840, 4, 2020/12/02, 19:10:11.329, 369359881506, testhost.dll, TestExecutionRecorder.RecordEnd: test: Unit_Testovi.BankaTests.DajKreditTestKlijentNijeUBanci execution completed.
TpTrace Verbose: 0 : 13840, 4, 2020/12/02, 19:10:11.338, 369359975590, testhost.dll, TestExecutionRecorder.RecordResult: Received result for test: Unit_Testovi.BankaTests.DajKreditTestKlijentNijeUBanci.
TpTrace Warning: 0 : 13840, 4, 2020/12/02, 19:10:11.338, 369359978538, testhost.dll, InProgressTests is null
TpTrace Warning: 0 : 13840, 4, 2020/12/02, 19:10:11.339, 369359979954, testhost.dll, TestRunCache: No test found corresponding to testResult 'DajKreditTestKlijentNijeUBanci  Passed' in inProgress list.
TpTrace Verbose: 0 : 13840, 4, 2020/12/02, 19:10:11.339, 369359981379, testhost.dll, TestExecutionRecorder.RecordStart: Starting test: Unit_Testovi.BankaTests.DajKreditTestPremašenBrojKredita.
TpTrace Verbose: 0 : 13840, 4, 2020/12/02, 19:10:11.342, 369360018447, testhost.dll, TestExecutionRecorder.RecordEnd: test: Unit_Testovi.BankaTests.DajKreditTestPremašenBrojKredita execution completed.
TpTrace Verbose: 0 : 13840, 4, 2020/12/02, 19:10:11.345, 369360042318, testhost.dll, TestExecutionRecorder.RecordResult: Received result for test: Unit_Testovi.BankaTests.DajKreditTestPremašenBrojKredita.
TpTrace Warning: 0 : 13840, 4, 2020/12/02, 19:10:11.345, 369360044843, testhost.dll, InProgressTests is null
TpTrace Warning: 0 : 13840, 4, 2020/12/02, 19:10:11.345, 369360046349, testhost.dll, TestRunCache: No test found corresponding to testResult 'DajKreditTestPremašenBrojKredita  Passed' in inProgress list.
TpTrace Verbose: 0 : 13840, 4, 2020/12/02, 19:10:11.345, 369360047826, testhost.dll, TestExecutionRecorder.RecordStart: Starting test: Unit_Testovi.BankaTests.OdobriKreditTest.
TpTrace Verbose: 0 : 13840, 4, 2020/12/02, 19:10:11.349, 369360081390, testhost.dll, TestExecutionRecorder.RecordEnd: test: Unit_Testovi.BankaTests.OdobriKreditTest execution completed.
TpTrace Verbose: 0 : 13840, 4, 2020/12/02, 19:10:11.351, 369360104868, testhost.dll, TestExecutionRecorder.RecordResult: Received result for test: Unit_Testovi.BankaTests.OdobriKreditTest.
TpTrace Warning: 0 : 13840, 4, 2020/12/02, 19:10:11.351, 369360107403, testhost.dll, InProgressTests is null
TpTrace Warning: 0 : 13840, 4, 2020/12/02, 19:10:11.351, 369360108784, testhost.dll, TestRunCache: No test found corresponding to testResult 'OdobriKreditTest  Passed' in inProgress list.
TpTrace Verbose: 0 : 13840, 4, 2020/12/02, 19:10:11.352, 369360110138, testhost.dll, TestExecutionRecorder.RecordStart: Starting test: Unit_Testovi.KlijentTests.DajUkupanIznosNovcaNaSvimRačunimaTestNemaNijedanRacun.
TpTrace Verbose: 0 : 13840, 4, 2020/12/02, 19:10:11.357, 369360159254, testhost.dll, TestExecutionRecorder.RecordEnd: test: Unit_Testovi.KlijentTests.DajUkupanIznosNovcaNaSvimRačunimaTestNemaNijedanRacun execution completed.
TpTrace Verbose: 0 : 13840, 4, 2020/12/02, 19:10:11.359, 369360182982, testhost.dll, TestExecutionRecorder.RecordResult: Received result for test: Unit_Testovi.KlijentTests.DajUkupanIznosNovcaNaSvimRačunimaTestNemaNijedanRacun.
TpTrace Warning: 0 : 13840, 4, 2020/12/02, 19:10:11.359, 369360185512, testhost.dll, InProgressTests is null
TpTrace Warning: 0 : 13840, 4, 2020/12/02, 19:10:11.359, 369360186894, testhost.dll, TestRunCache: No test found corresponding to testResult 'DajUkupanIznosNovcaNaSvimRačunimaTestNemaNijedanRacun  Passed' in inProgress list.
TpTrace Verbose: 0 : 13840, 4, 2020/12/02, 19:10:11.359, 369360188281, testhost.dll, TestExecutionRecorder.RecordStart: Starting test: Unit_Testovi.KlijentTests.DajUkupanIznosNovcaNaSvimRačunimaTest.
TpTrace Verbose: 0 : 13840, 4, 2020/12/02, 19:10:11.363, 369360222075, testhost.dll, TestExecutionRecorder.RecordEnd: test: Unit_Testovi.KlijentTests.DajUkupanIznosNovcaNaSvimRačunimaTest execution completed.
TpTrace Verbose: 0 : 13840, 4, 2020/12/02, 19:10:11.365, 369360246968, testhost.dll, TestExecutionRecorder.RecordResult: Received result for test: Unit_Testovi.KlijentTests.DajUkupanIznosNovcaNaSvimRačunimaTest.
TpTrace Warning: 0 : 13840, 4, 2020/12/02, 19:10:11.366, 369360249370, testhost.dll, InProgressTests is null
TpTrace Warning: 0 : 13840, 4, 2020/12/02, 19:10:11.366, 369360250725, testhost.dll, TestRunCache: No test found corresponding to testResult 'DajUkupanIznosNovcaNaSvimRačunimaTest  Passed' in inProgress list.
TpTrace Verbose: 0 : 13840, 4, 2020/12/02, 19:10:11.366, 369360252072, testhost.dll, TestExecutionRecorder.RecordStart: Starting test: Unit_Testovi.KlijentTests.DajUkupanIznosNovcaNaSvimRačunimaTestBlokirani.
TpTrace Verbose: 0 : 13840, 4, 2020/12/02, 19:10:11.369, 369360283865, testhost.dll, TestExecutionRecorder.RecordEnd: test: Unit_Testovi.KlijentTests.DajUkupanIznosNovcaNaSvimRačunimaTestBlokirani execution completed.
TpTrace Verbose: 0 : 13840, 4, 2020/12/02, 19:10:11.372, 369360316819, testhost.dll, TestExecutionRecorder.RecordResult: Received result for test: Unit_Testovi.KlijentTests.DajUkupanIznosNovcaNaSvimRačunimaTestBlokirani.
TpTrace Warning: 0 : 13840, 4, 2020/12/02, 19:10:11.373, 369360319668, testhost.dll, InProgressTests is null
TpTrace Warning: 0 : 13840, 4, 2020/12/02, 19:10:11.373, 369360321804, testhost.dll, TestRunCache: No test found corresponding to testResult 'DajUkupanIznosNovcaNaSvimRačunimaTestBlokirani  Passed' in inProgress list.
TpTrace Verbose: 0 : 13840, 4, 2020/12/02, 19:10:11.373, 369360324100, testhost.dll, TestExecutionRecorder.RecordStart: Starting test: Unit_Testovi.KlijentTests.TestSkidanjaIznosaSRačunaPrazan.
TpTrace Verbose: 0 : 13840, 4, 2020/12/02, 19:10:11.377, 369360360293, testhost.dll, TestExecutionRecorder.RecordEnd: test: Unit_Testovi.KlijentTests.TestSkidanjaIznosaSRačunaPrazan execution completed.
TpTrace Verbose: 0 : 13840, 4, 2020/12/02, 19:10:11.379, 369360382823, testhost.dll, TestExecutionRecorder.RecordResult: Received result for test: Unit_Testovi.KlijentTests.TestSkidanjaIznosaSRačunaPrazan.
TpTrace Warning: 0 : 13840, 4, 2020/12/02, 19:10:11.379, 369360385287, testhost.dll, InProgressTests is null
TpTrace Warning: 0 : 13840, 4, 2020/12/02, 19:10:11.379, 369360386644, testhost.dll, TestRunCache: No test found corresponding to testResult 'TestSkidanjaIznosaSRačunaPrazan  Passed' in inProgress list.
TpTrace Verbose: 0 : 13840, 4, 2020/12/02, 19:10:11.379, 369360388011, testhost.dll, TestExecutionRecorder.RecordStart: Starting test: Unit_Testovi.KorisnikTests.ValidacijaKorisnikIspravno.
TpTrace Information: 0 : 13840, 4, 2020/12/02, 19:10:11.380, 369360389489, testhost.dll, Sending test run statistics
TpTrace Verbose: 0 : 13840, 4, 2020/12/02, 19:10:11.382, 369360410642, testhost.dll, TestRequestHandler.SendData:  sending data from testhost: {"Version":2,"MessageType":"TestExecution.StatsChange","Payload":{"NewTestResults":[{"TestCase":{"Id":"fe2fc789-1350-434d-18cc-5bb729531d2a","FullyQualifiedName":"Unit_Testovi.BankaTests.PraznaListaKlijentiSBlokiranimRačunimaTest3","DisplayName":"PraznaListaKlijentiSBlokiranimRačunimaTest3","ExecutorUri":"executor://MSTestAdapter/v2","Source":"C:\\Users\\dzene\\Source\\Repos\\VVS_zadaca2.6\\Hypo Banka\\Unit Testovi\\bin\\Debug\\fine-code-coverage\\Unit Testovi.dll","CodeFilePath":null,"LineNumber":-1,"Properties":[{"Key":{"Id":"MSTestDiscoverer.TestClassName","Label":"ClassName","Category":"","Description":"","Attributes":1,"ValueType":"System.String"},"Value":"Unit_Testovi.BankaTests"},{"Key":{"Id":"TestObject.Traits","Label":"Traits","Category":"","Description":"","Attributes":5,"ValueType":"System.Collections.Generic.KeyValuePair`2[[System.String],[System.String]][]"},"Value":[]}]},"Attachments":[],"Outcome":1,"ErrorMessage":null,"ErrorStackTrace":null,"DisplayName":null,"Messages":[],"ComputerName":null,"Duration":"00:00:00.0016139","StartTime":"2020-12-02T19:10:11.3110852+01:00","EndTime":"2020-12-02T19:10:11.3131229+01:00","Properties":[{"Key":{"Id":"ExecutionId","Label":"ExecutionId","Category":"","Description":"","Attributes":1,"ValueType":"System.Guid"},"Value":"00000000-0000-0000-0000-000000000000"},{"Key":{"Id":"ParentExecId","Label":"ParentExecId","Category":"","Description":"","Attributes":1,"ValueType":"System.Guid"},"Value":"00000000-0000-0000-0000-000000000000"},{"Key":{"Id":"InnerResultsCount","Label":"InnerResultsCount","Category":"","Description":"","Attributes":1,"ValueType":"System.Int32"},"Value":0}]},{"TestCase":{"Id":"d6adb559-41f5-15aa-090d-017e555ec5b0","FullyQualifiedName":"Unit_Testovi.BankaTests.DajKreditTest","DisplayName":"DajKreditTest","ExecutorUri":"executor://MSTestAdapter/v2","Source":"C:\\Users\\dzene\\Source\\Repos\\VVS_zadaca2.6\\Hypo Banka\\Unit Testovi\\bin\\Debug\\fine-code-coverage\\Unit Testovi.dll","CodeFilePath":null,"LineNumber":-1,"Properties":[{"Key":{"Id":"MSTestDiscoverer.TestClassName","Label":"ClassName","Category":"","Description":"","Attributes":1,"ValueType":"System.String"},"Value":"Unit_Testovi.BankaTests"},{"Key":{"Id":"TestObject.Traits","Label":"Traits","Category":"","Description":"","Attributes":5,"ValueType":"System.Collections.Generic.KeyValuePair`2[[System.String],[System.String]][]"},"Value":[]}]},"Attachments":[],"Outcome":1,"ErrorMessage":null,"ErrorStackTrace":null,"DisplayName":null,"Messages":[],"ComputerName":null,"Duration":"00:00:00.0033142","StartTime":"2020-12-02T19:10:11.3190786+01:00","EndTime":"2020-12-02T19:10:11.3226301+01:00","Properties":[{"Key":{"Id":"ExecutionId","Label":"ExecutionId","Category":"","Description":"","Attributes":1,"ValueType":"System.Guid"},"Value":"00000000-0000-0000-0000-000000000000"},{"Key":{"Id":"ParentExecId","Label":"ParentExecId","Category":"","Description":"","Attributes":1,"ValueType":"System.Guid"},"Value":"00000000-0000-0000-0000-000000000000"},{"Key":{"Id":"InnerResultsCount","Label":"InnerResultsCount","Category":"","Description":"","Attributes":1,"ValueType":"System.Int32"},"Value":0}]},{"TestCase":{"Id":"5f892e2b-61f3-2893-1643-9cad8316594f","FullyQualifiedName":"Unit_Testovi.BankaTests.DajKreditTestKlijentNijeUBanci","DisplayName":"DajKreditTestKlijentNijeUBanci","ExecutorUri":"executor://MSTestAdapter/v2","Source":"C:\\Users\\dzene\\Source\\Repos\\VVS_zadaca2.6\\Hypo Banka\\Unit Testovi\\bin\\Debug\\fine-code-coverage\\Unit Testovi.dll","CodeFilePath":null,"LineNumber":-1,"Properties":[{"Key":{"Id":"MSTestDiscoverer.TestClassName","Label":"ClassName","Category":"","Description":"","Attributes":1,"ValueType":"System.String"},"Value":"Unit_Testovi.BankaTests"},{"Key":{"Id":"TestObject.Traits","Label":"Traits","Category":"","Description":"","Attributes":5,"ValueType":"System.Collections.Generic.KeyValuePair`2[[System.String],[System.String]][]"},"Value":[]}]},"Attachments":[],"Outcome":1,"ErrorMessage":null,"ErrorStackTrace":null,"DisplayName":null,"Messages":[],"ComputerName":null,"Duration":"00:00:00.0010113","StartTime":"2020-12-02T19:10:11.3279423+01:00","EndTime":"2020-12-02T19:10:11.3292485+01:00","Properties":[{"Key":{"Id":"ExecutionId","Label":"ExecutionId","Category":"","Description":"","Attributes":1,"ValueType":"System.Guid"},"Value":"00000000-0000-0000-0000-000000000000"},{"Key":{"Id":"ParentExecId","Label":"ParentExecId","Category":"","Description":"","Attributes":1,"ValueType":"System.Guid"},"Value":"00000000-0000-0000-0000-000000000000"},{"Key":{"Id":"InnerResultsCount","Label":"InnerResultsCount","Category":"","Description":"","Attributes":1,"ValueType":"System.Int32"},"Value":0}]},{"TestCase":{"Id":"ec22376c-6e2b-d23f-33d1-9b9f7a069765","FullyQualifiedName":"Unit_Testovi.BankaTests.DajKreditTestPremašenBrojKredita","DisplayName":"DajKreditTestPremašenBrojKredita","ExecutorUri":"executor://MSTestAdapter/v2","Source":"C:\\Users\\dzene\\Source\\Repos\\VVS_zadaca2.6\\Hypo Banka\\Unit Testovi\\bin\\Debug\\fine-code-coverage\\Unit Testovi.dll","CodeFilePath":null,"LineNumber":-1,"Properties":[{"Key":{"Id":"MSTestDiscoverer.TestClassName","Label":"ClassName","Category":"","Description":"","Attributes":1,"ValueType":"System.String"},"Value":"Unit_Testovi.BankaTests"},{"Key":{"Id":"TestObject.Traits","Label":"Traits","Category":"","Description":"","Attributes":5,"ValueType":"System.Collections.Generic.KeyValuePair`2[[System.String],[System.String]][]"},"Value":[]}]},"Attachments":[],"Outcome":1,"ErrorMessage":null,"ErrorStackTrace":null,"DisplayName":null,"Messages":[],"ComputerName":null,"Duration":"00:00:00.0011546","StartTime":"2020-12-02T19:10:11.3414027+01:00","EndTime":"2020-12-02T19:10:11.3429392+01:00","Properties":[{"Key":{"Id":"ExecutionId","Label":"ExecutionId","Category":"","Description":"","Attributes":1,"ValueType":"System.Guid"},"Value":"00000000-0000-0000-0000-000000000000"},{"Key":{"Id":"ParentExecId","Label":"ParentExecId","Category":"","Description":"","Attributes":1,"ValueType":"System.Guid"},"Value":"00000000-0000-0000-0000-000000000000"},{"Key":{"Id":"InnerResultsCount","Label":"InnerResultsCount","Category":"","Description":"","Attributes":1,"ValueType":"System.Int32"},"Value":0}]},{"TestCase":{"Id":"2e6ffa82-c500-78d4-c8f5-ab98869c82c7","FullyQualifiedName":"Unit_Testovi.BankaTests.OdobriKreditTest","DisplayName":"OdobriKreditTest","ExecutorUri":"executor://MSTestAdapter/v2","Source":"C:\\Users\\dzene\\Source\\Repos\\VVS_zadaca2.6\\Hypo Banka\\Unit Testovi\\bin\\Debug\\fine-code-coverage\\Unit Testovi.dll","CodeFilePath":null,"LineNumber":-1,"Properties":[{"Key":{"Id":"MSTestDiscoverer.TestClassName","Label":"ClassName","Category":"","Description":"","Attributes":1,"ValueType":"System.String"},"Value":"Unit_Testovi.BankaTests"},{"Key":{"Id":"TestObject.Traits","Label":"Traits","Category":"","Description":"","Attributes":5,"ValueType":"System.Collections.Generic.KeyValuePair`2[[System.String],[System.String]][]"},"Value":[]}]},"Attachments":[],"Outcome":1,"ErrorMessage":null,"ErrorStackTrace":null,"DisplayName":null,"Messages":[],"ComputerName":null,"Duration":"00:00:00.0011520","StartTime":"2020-12-02T19:10:11.3478257+01:00","EndTime":"2020-12-02T19:10:11.3492361+01:00","Properties":[{"Key":{"Id":"ExecutionId","Label":"ExecutionId","Category":"","Description":"","Attributes":1,"ValueType":"System.Guid"},"Value":"00000000-0000-0000-0000-000000000000"},{"Key":{"Id":"ParentExecId","Label":"ParentExecId","Category":"","Description":"","Attributes":1,"ValueType":"System.Guid"},"Value":"00000000-0000-0000-0000-000000000000"},{"Key":{"Id":"InnerResultsCount","Label":"InnerResultsCount","Category":"","Description":"","Attributes":1,"ValueType":"System.Int32"},"Value":0}]},{"TestCase":{"Id":"7963bcc5-e9fa-5f0b-bb02-6bfdd391c570","FullyQualifiedName":"Unit_Testovi.KlijentTests.DajUkupanIznosNovcaNaSvimRačunimaTestNemaNijedanRacun","DisplayName":"DajUkupanIznosNovcaNaSvimRačunimaTestNemaNijedanRacun","ExecutorUri":"executor://MSTestAdapter/v2","Source":"C:\\Users\\dzene\\Source\\Repos\\VVS_zadaca2.6\\Hypo Banka\\Unit Testovi\\bin\\Debug\\fine-code-coverage\\Unit Testovi.dll","CodeFilePath":null,"LineNumber":-1,"Properties":[{"Key":{"Id":"MSTestDiscoverer.TestClassName","Label":"ClassName","Category":"","Description":"","Attributes":1,"ValueType":"System.String"},"Value":"Unit_Testovi.KlijentTests"},{"Key":{"Id":"TestObject.Traits","Label":"Traits","Category":"","Description":"","Attributes":5,"ValueType":"System.Collections.Generic.KeyValuePair`2[[System.String],[System.String]][]"},"Value":[]}]},"Attachments":[],"Outcome":1,"ErrorMessage":null,"ErrorStackTrace":null,"DisplayName":null,"Messages":[],"ComputerName":null,"Duration":"00:00:00.0018206","StartTime":"2020-12-02T19:10:11.3546299+01:00","EndTime":"2020-12-02T19:10:11.3570056+01:00","Properties":[{"Key":{"Id":"ExecutionId","Label":"ExecutionId","Category":"","Description":"","Attributes":1,"ValueType":"System.Guid"},"Value":"00000000-0000-0000-0000-000000000000"},{"Key":{"Id":"ParentExecId","Label":"ParentExecId","Category":"","Description":"","Attributes":1,"ValueType":"System.Guid"},"Value":"00000000-0000-0000-0000-000000000000"},{"Key":{"Id":"InnerResultsCount","Label":"InnerResultsCount","Category":"","Description":"","Attributes":1,"ValueType":"System.Int32"},"Value":0}]},{"TestCase":{"Id":"6b5f6e43-df49-ab6e-701e-14406ad0d200","FullyQualifiedName":"Unit_Testovi.KlijentTests.DajUkupanIznosNovcaNaSvimRačunimaTest","DisplayName":"DajUkupanIznosNovcaNaSvimRačunimaTest","ExecutorUri":"executor://MSTestAdapter/v2","Source":"C:\\Users\\dzene\\Source\\Repos\\VVS_zadaca2.6\\Hypo Banka\\Unit Testovi\\bin\\Debug\\fine-code-coverage\\Unit Testovi.dll","CodeFilePath":null,"LineNumber":-1,"Properties":[{"Key":{"Id":"MSTestDiscoverer.TestClassName","Label":"ClassName","Category":"","Description":"","Attributes":1,"ValueType":"System.String"},"Value":"Unit_Testovi.KlijentTests"},{"Key":{"Id":"TestObject.Traits","Label":"Traits","Category":"","Description":"","Attributes":5,"ValueType":"System.Collections.Generic.KeyValuePair`2[[System.String],[System.String]][]"},"Value":[]}]},"Attachments":[],"Outcome":1,"ErrorMessage":null,"ErrorStackTrace":null,"DisplayName":null,"Messages":[],"ComputerName":null,"Duration":"00:00:00.0013940","StartTime":"2020-12-02T19:10:11.3616562+01:00","EndTime":"2020-12-02T19:10:11.3633014+01:00","Properties":[{"Key":{"Id":"ExecutionId","Label":"ExecutionId","Category":"","Description":"","Attributes":1,"ValueType":"System.Guid"},"Value":"00000000-0000-0000-0000-000000000000"},{"Key":{"Id":"ParentExecId","Label":"ParentExecId","Category":"","Description":"","Attributes":1,"ValueType":"System.Guid"},"Value":"00000000-0000-0000-0000-000000000000"},{"Key":{"Id":"InnerResultsCount","Label":"InnerResultsCount","Category":"","Description":"","Attributes":1,"ValueType":"System.Int32"},"Value":0}]},{"TestCase":{"Id":"f00d9813-1f91-642b-4e1c-e90d25b9d5bc","FullyQualifiedName":"Unit_Testovi.KlijentTests.DajUkupanIznosNovcaNaSvimRačunimaTestBlokirani","DisplayName":"DajUkupanIznosNovcaNaSvimRačunimaTestBlokirani","ExecutorUri":"executor://MSTestAdapter/v2","Source":"C:\\Users\\dzene\\Source\\Repos\\VVS_zadaca2.6\\Hypo Banka\\Unit Testovi\\bin\\Debug\\fine-code-coverage\\Unit Testovi.dll","CodeFilePath":null,"LineNumber":-1,"Properties":[{"Key":{"Id":"MSTestDiscoverer.TestClassName","Label":"ClassName","Category":"","Description":"","Attributes":1,"ValueType":"System.String"},"Value":"Unit_Testovi.KlijentTests"},{"Key":{"Id":"TestObject.Traits","Label":"Traits","Category":"","Description":"","Attributes":5,"ValueType":"System.Collections.Generic.KeyValuePair`2[[System.String],[System.String]][]"},"Value":[]}]},"Attachments":[],"Outcome":1,"ErrorMessage":null,"ErrorStackTrace":null,"DisplayName":null,"Messages":[],"ComputerName":null,"Duration":"00:00:00.0010978","StartTime":"2020-12-02T19:10:11.3680495+01:00","EndTime":"2020-12-02T19:10:11.3694786+01:00","Properties":[{"Key":{"Id":"ExecutionId","Label":"ExecutionId","Category":"","Description":"","Attributes":1,"ValueType":"System.Guid"},"Value":"00000000-0000-0000-0000-000000000000"},{"Key":{"Id":"ParentExecId","Label":"ParentExecId","Category":"","Description":"","Attributes":1,"ValueType":"System.Guid"},"Value":"00000000-0000-0000-0000-000000000000"},{"Key":{"Id":"InnerResultsCount","Label":"InnerResultsCount","Category":"","Description":"","Attributes":1,"ValueType":"System.Int32"},"Value":0}]},{"TestCase":{"Id":"e386be4c-6637-5a7d-bdf4-e1c5e365d17b","FullyQualifiedName":"Unit_Testovi.KlijentTests.TestSkidanjaIznosaSRačunaPrazan","DisplayName":"TestSkidanjaIznosaSRačunaPrazan","ExecutorUri":"executor://MSTestAdapter/v2","Source":"C:\\Users\\dzene\\Source\\Repos\\VVS_zadaca2.6\\Hypo Banka\\Unit Testovi\\bin\\Debug\\fine-code-coverage\\Unit Testovi.dll","CodeFilePath":null,"LineNumber":-1,"Properties":[{"Key":{"Id":"MSTestDiscoverer.TestClassName","Label":"ClassName","Category":"","Description":"","Attributes":1,"ValueType":"System.String"},"Value":"Unit_Testovi.KlijentTests"},{"Key":{"Id":"TestObject.Traits","Label":"Traits","Category":"","Description":"","Attributes":5,"ValueType":"System.Collections.Generic.KeyValuePair`2[[System.String],[System.String]][]"},"Value":[]}]},"Attachments":[],"Outcome":1,"ErrorMessage":null,"ErrorStackTrace":null,"DisplayName":null,"Messages":[],"ComputerName":null,"Duration":"00:00:00.0007371","StartTime":"2020-12-02T19:10:11.3761808+01:00","EndTime":"2020-12-02T19:10:11.3771268+01:00","Properties":[{"Key":{"Id":"ExecutionId","Label":"ExecutionId","Category":"","Description":"","Attributes":1,"ValueType":"System.Guid"},"Value":"00000000-0000-0000-0000-000000000000"},{"Key":{"Id":"ParentExecId","Label":"ParentExecId","Category":"","Description":"","Attributes":1,"ValueType":"System.Guid"},"Value":"00000000-0000-0000-0000-000000000000"},{"Key":{"Id":"InnerResultsCount","Label":"InnerResultsCount","Category":"","Description":"","Attributes":1,"ValueType":"System.Int32"},"Value":0}]}],"TestRunStatistics":{"ExecutedTests":18,"Stats":{"Passed":18}},"ActiveTests":[{"Id":"5acf9f33-3b5d-6fe2-17a4-fa10a4e4dd67","FullyQualifiedName":"Unit_Testovi.KorisnikTests.ValidacijaKorisnikIspravno","DisplayName":"ValidacijaKorisnikIspravno","ExecutorUri":"executor://MSTestAdapter/v2","Source":"C:\\Users\\dzene\\Source\\Repos\\VVS_zadaca2.6\\Hypo Banka\\Unit Testovi\\bin\\Debug\\fine-code-coverage\\Unit Testovi.dll","CodeFilePath":null,"LineNumber":-1,"Properties":[{"Key":{"Id":"MSTestDiscoverer.TestClassName","Label":"ClassName","Category":"","Description":"","Attributes":1,"ValueType":"System.String"},"Value":"Unit_Testovi.KorisnikTests"},{"Key":{"Id":"TestObject.Traits","Label":"Traits","Category":"","Description":"","Attributes":5,"ValueType":"System.Collections.Generic.KeyValuePair`2[[System.String],[System.String]][]"},"Value":[]}]}]}}
TpTrace Verbose: 0 : 13840, 4, 2020/12/02, 19:10:11.382, 369360418134, testhost.dll, TestRunCache: OnNewTestResult: Notified the onCacheHit callback.
TpTrace Verbose: 0 : 13840, 4, 2020/12/02, 19:10:11.396, 369360552503, testhost.dll, TestExecutionRecorder.RecordEnd: test: Unit_Testovi.KorisnikTests.ValidacijaKorisnikIspravno execution completed.
TpTrace Warning: 0 : 13840, 4, 2020/12/02, 19:10:11.396, 369360555558, testhost.dll, InProgressTests is null
TpTrace Verbose: 0 : 13840, 4, 2020/12/02, 19:10:11.400, 369360589377, testhost.dll, TestExecutionRecorder.RecordResult: Received result for test: Unit_Testovi.KorisnikTests.ValidacijaKorisnikIspravno.
TpTrace Warning: 0 : 13840, 4, 2020/12/02, 19:10:11.400, 369360592313, testhost.dll, InProgressTests is null
TpTrace Warning: 0 : 13840, 4, 2020/12/02, 19:10:11.400, 369360594603, testhost.dll, TestRunCache: No test found corresponding to testResult 'ValidacijaKorisnikIspravno  Passed' in inProgress list.
TpTrace Verbose: 0 : 13840, 4, 2020/12/02, 19:10:11.400, 369360596899, testhost.dll, TestExecutionRecorder.RecordEnd: test: Unit_Testovi.KorisnikTests.ValidacijaKorisnikIspravno execution completed.
TpTrace Warning: 0 : 13840, 4, 2020/12/02, 19:10:11.401, 369360598888, testhost.dll, InProgressTests is null
TpTrace Verbose: 0 : 13840, 4, 2020/12/02, 19:10:11.401, 369360600820, testhost.dll, TestExecutionRecorder.RecordResult: Received result for test: Unit_Testovi.KorisnikTests.ValidacijaKorisnikIspravno.
TpTrace Warning: 0 : 13840, 4, 2020/12/02, 19:10:11.401, 369360602974, testhost.dll, InProgressTests is null
TpTrace Warning: 0 : 13840, 4, 2020/12/02, 19:10:11.401, 369360604978, testhost.dll, TestRunCache: No test found corresponding to testResult 'ValidacijaKorisnikIspravno  Passed' in inProgress list.
TpTrace Verbose: 0 : 13840, 4, 2020/12/02, 19:10:11.401, 369360607089, testhost.dll, TestExecutionRecorder.RecordEnd: test: Unit_Testovi.KorisnikTests.ValidacijaKorisnikIspravno execution completed.
TpTrace Warning: 0 : 13840, 4, 2020/12/02, 19:10:11.402, 369360609017, testhost.dll, InProgressTests is null
TpTrace Verbose: 0 : 13840, 4, 2020/12/02, 19:10:11.402, 369360610958, testhost.dll, TestExecutionRecorder.RecordResult: Received result for test: Unit_Testovi.KorisnikTests.ValidacijaKorisnikIspravno.
TpTrace Warning: 0 : 13840, 4, 2020/12/02, 19:10:11.402, 369360613098, testhost.dll, InProgressTests is null
TpTrace Warning: 0 : 13840, 4, 2020/12/02, 19:10:11.402, 369360615155, testhost.dll, TestRunCache: No test found corresponding to testResult 'ValidacijaKorisnikIspravno  Passed' in inProgress list.
TpTrace Verbose: 0 : 13840, 4, 2020/12/02, 19:10:11.402, 369360617413, testhost.dll, TestExecutionRecorder.RecordStart: Starting test: Unit_Testovi.KorisnikTests.ValidacijaKorisnikNeispravno.
TpTrace Verbose: 0 : 13840, 4, 2020/12/02, 19:10:11.416, 369360758771, testhost.dll, TestExecutionRecorder.RecordEnd: test: Unit_Testovi.KorisnikTests.ValidacijaKorisnikNeispravno execution completed.
TpTrace Verbose: 0 : 13840, 4, 2020/12/02, 19:10:11.420, 369360794389, testhost.dll, TestExecutionRecorder.RecordResult: Received result for test: Unit_Testovi.KorisnikTests.ValidacijaKorisnikNeispravno.
TpTrace Warning: 0 : 13840, 4, 2020/12/02, 19:10:11.420, 369360797276, testhost.dll, InProgressTests is null
TpTrace Warning: 0 : 13840, 4, 2020/12/02, 19:10:11.421, 369360799408, testhost.dll, TestRunCache: No test found corresponding to testResult 'ValidacijaKorisnikNeispravno  Passed' in inProgress list.
TpTrace Verbose: 0 : 13840, 4, 2020/12/02, 19:10:11.421, 369360801646, testhost.dll, TestExecutionRecorder.RecordEnd: test: Unit_Testovi.KorisnikTests.ValidacijaKorisnikNeispravno execution completed.
TpTrace Warning: 0 : 13840, 4, 2020/12/02, 19:10:11.421, 369360803510, testhost.dll, InProgressTests is null
TpTrace Verbose: 0 : 13840, 4, 2020/12/02, 19:10:11.421, 369360805683, testhost.dll, TestExecutionRecorder.RecordResult: Received result for test: Unit_Testovi.KorisnikTests.ValidacijaKorisnikNeispravno.
TpTrace Warning: 0 : 13840, 4, 2020/12/02, 19:10:11.421, 369360807884, testhost.dll, InProgressTests is null
TpTrace Warning: 0 : 13840, 4, 2020/12/02, 19:10:11.422, 369360809969, testhost.dll, TestRunCache: No test found corresponding to testResult 'ValidacijaKorisnikNeispravno  Passed' in inProgress list.
TpTrace Verbose: 0 : 13840, 4, 2020/12/02, 19:10:11.422, 369360813130, testhost.dll, TestExecutionRecorder.RecordEnd: test: Unit_Testovi.KorisnikTests.ValidacijaKorisnikNeispravno execution completed.
TpTrace Warning: 0 : 13840, 4, 2020/12/02, 19:10:11.422, 369360815285, testhost.dll, InProgressTests is null
TpTrace Verbose: 0 : 13840, 4, 2020/12/02, 19:10:11.422, 369360817179, testhost.dll, TestExecutionRecorder.RecordResult: Received result for test: Unit_Testovi.KorisnikTests.ValidacijaKorisnikNeispravno.
TpTrace Warning: 0 : 13840, 4, 2020/12/02, 19:10:11.423, 369360819388, testhost.dll, InProgressTests is null
TpTrace Warning: 0 : 13840, 4, 2020/12/02, 19:10:11.423, 369360821496, testhost.dll, TestRunCache: No test found corresponding to testResult 'ValidacijaKorisnikNeispravno  Passed' in inProgress list.
TpTrace Verbose: 0 : 13840, 4, 2020/12/02, 19:10:11.423, 369360823542, testhost.dll, TestExecutionRecorder.RecordEnd: test: Unit_Testovi.KorisnikTests.ValidacijaKorisnikNeispravno execution completed.
TpTrace Warning: 0 : 13840, 4, 2020/12/02, 19:10:11.423, 369360825687, testhost.dll, InProgressTests is null
TpTrace Verbose: 0 : 13840, 4, 2020/12/02, 19:10:11.423, 369360827619, testhost.dll, TestExecutionRecorder.RecordResult: Received result for test: Unit_Testovi.KorisnikTests.ValidacijaKorisnikNeispravno.
TpTrace Warning: 0 : 13840, 4, 2020/12/02, 19:10:11.424, 369360829792, testhost.dll, InProgressTests is null
TpTrace Warning: 0 : 13840, 4, 2020/12/02, 19:10:11.424, 369360831789, testhost.dll, TestRunCache: No test found corresponding to testResult 'ValidacijaKorisnikNeispravno  Passed' in inProgress list.
TpTrace Verbose: 0 : 13840, 4, 2020/12/02, 19:10:11.424, 369360833868, testhost.dll, TestExecutionRecorder.RecordEnd: test: Unit_Testovi.KorisnikTests.ValidacijaKorisnikNeispravno execution completed.
TpTrace Warning: 0 : 13840, 4, 2020/12/02, 19:10:11.477, 369361360341, testhost.dll, InProgressTests is null
TpTrace Verbose: 0 : 13840, 4, 2020/12/02, 19:10:11.477, 369361362888, testhost.dll, TestExecutionRecorder.RecordResult: Received result for test: Unit_Testovi.KorisnikTests.ValidacijaKorisnikNeispravno.
TpTrace Warning: 0 : 13840, 4, 2020/12/02, 19:10:11.477, 369361364484, testhost.dll, InProgressTests is null
TpTrace Warning: 0 : 13840, 4, 2020/12/02, 19:10:11.477, 369361365770, testhost.dll, TestRunCache: No test found corresponding to testResult 'ValidacijaKorisnikNeispravno  Passed' in inProgress list.
TpTrace Verbose: 0 : 13840, 4, 2020/12/02, 19:10:11.477, 369361367112, testhost.dll, TestExecutionRecorder.RecordEnd: test: Unit_Testovi.KorisnikTests.ValidacijaKorisnikNeispravno execution completed.
TpTrace Warning: 0 : 13840, 4, 2020/12/02, 19:10:11.477, 369361368242, testhost.dll, InProgressTests is null
TpTrace Verbose: 0 : 13840, 4, 2020/12/02, 19:10:11.478, 369361369325, testhost.dll, TestExecutionRecorder.RecordResult: Received result for test: Unit_Testovi.KorisnikTests.ValidacijaKorisnikNeispravno.
TpTrace Warning: 0 : 13840, 4, 2020/12/02, 19:10:11.478, 369361370569, testhost.dll, InProgressTests is null
TpTrace Warning: 0 : 13840, 4, 2020/12/02, 19:10:11.478, 369361371749, testhost.dll, TestRunCache: No test found corresponding to testResult 'ValidacijaKorisnikNeispravno  Passed' in inProgress list.
TpTrace Verbose: 0 : 13840, 4, 2020/12/02, 19:10:11.478, 369361372938, testhost.dll, TestExecutionRecorder.RecordEnd: test: Unit_Testovi.KorisnikTests.ValidacijaKorisnikNeispravno execution completed.
TpTrace Warning: 0 : 13840, 4, 2020/12/02, 19:10:11.478, 369361374050, testhost.dll, InProgressTests is null
TpTrace Verbose: 0 : 13840, 4, 2020/12/02, 19:10:11.478, 369361375128, testhost.dll, TestExecutionRecorder.RecordResult: Received result for test: Unit_Testovi.KorisnikTests.ValidacijaKorisnikNeispravno.
TpTrace Warning: 0 : 13840, 4, 2020/12/02, 19:10:11.478, 369361376372, testhost.dll, InProgressTests is null
TpTrace Warning: 0 : 13840, 4, 2020/12/02, 19:10:11.478, 369361377539, testhost.dll, TestRunCache: No test found corresponding to testResult 'ValidacijaKorisnikNeispravno  Passed' in inProgress list.
TpTrace Information: 0 : 13840, 4, 2020/12/02, 19:10:11.515, 369361741850, testhost.dll, Sending test run statistics
TpTrace Verbose: 0 : 13840, 4, 2020/12/02, 19:10:11.518, 369361771047, testhost.dll, TestRequestHandler.SendData:  sending data from testhost: {"Version":2,"MessageType":"TestExecution.StatsChange","Payload":{"NewTestResults":[{"TestCase":{"Id":"5acf9f33-3b5d-6fe2-17a4-fa10a4e4dd67","FullyQualifiedName":"Unit_Testovi.KorisnikTests.ValidacijaKorisnikIspravno","DisplayName":"ValidacijaKorisnikIspravno","ExecutorUri":"executor://MSTestAdapter/v2","Source":"C:\\Users\\dzene\\Source\\Repos\\VVS_zadaca2.6\\Hypo Banka\\Unit Testovi\\bin\\Debug\\fine-code-coverage\\Unit Testovi.dll","CodeFilePath":null,"LineNumber":-1,"Properties":[{"Key":{"Id":"MSTestDiscoverer.TestClassName","Label":"ClassName","Category":"","Description":"","Attributes":1,"ValueType":"System.String"},"Value":"Unit_Testovi.KorisnikTests"},{"Key":{"Id":"TestObject.Traits","Label":"Traits","Category":"","Description":"","Attributes":5,"ValueType":"System.Collections.Generic.KeyValuePair`2[[System.String],[System.String]][]"},"Value":[]}]},"Attachments":[],"Outcome":1,"ErrorMessage":null,"ErrorStackTrace":null,"DisplayName":null,"Messages":[],"ComputerName":null,"Duration":"00:00:00.0093085","StartTime":"2020-12-02T19:10:11.384889+01:00","EndTime":"2020-12-02T19:10:11.3963313+01:00","Properties":[{"Key":{"Id":"ExecutionId","Label":"ExecutionId","Category":"","Description":"","Attributes":1,"ValueType":"System.Guid"},"Value":"4dbd4563-dfc5-4e26-aa15-24998bd693bc"},{"Key":{"Id":"ParentExecId","Label":"ParentExecId","Category":"","Description":"","Attributes":1,"ValueType":"System.Guid"},"Value":"00000000-0000-0000-0000-000000000000"},{"Key":{"Id":"InnerResultsCount","Label":"InnerResultsCount","Category":"","Description":"","Attributes":1,"ValueType":"System.Int32"},"Value":2}]},{"TestCase":{"Id":"5acf9f33-3b5d-6fe2-17a4-fa10a4e4dd67","FullyQualifiedName":"Unit_Testovi.KorisnikTests.ValidacijaKorisnikIspravno","DisplayName":"ValidacijaKorisnikIspravno","ExecutorUri":"executor://MSTestAdapter/v2","Source":"C:\\Users\\dzene\\Source\\Repos\\VVS_zadaca2.6\\Hypo Banka\\Unit Testovi\\bin\\Debug\\fine-code-coverage\\Unit Testovi.dll","CodeFilePath":null,"LineNumber":-1,"Properties":[{"Key":{"Id":"MSTestDiscoverer.TestClassName","Label":"ClassName","Category":"","Description":"","Attributes":1,"ValueType":"System.String"},"Value":"Unit_Testovi.KorisnikTests"},{"Key":{"Id":"TestObject.Traits","Label":"Traits","Category":"","Description":"","Attributes":5,"ValueType":"System.Collections.Generic.KeyValuePair`2[[System.String],[System.String]][]"},"Value":[]}]},"Attachments":[],"Outcome":1,"ErrorMessage":null,"ErrorStackTrace":null,"DisplayName":"ValidacijaKorisnikIspravno (Esma,Karahodza,ekarahodza1,lozinka123456aadfaa!,1/10/1999 12:00:00 AM,123D456)","Messages":[],"ComputerName":null,"Duration":"00:00:00.0019510","StartTime":"2020-12-02T19:10:11.384889+01:00","EndTime":"2020-12-02T19:10:11.3963313+01:00","Properties":[{"Key":{"Id":"ExecutionId","Label":"ExecutionId","Category":"","Description":"","Attributes":1,"ValueType":"System.Guid"},"Value":"411cd073-19df-4d43-b7d3-b93e104657ec"},{"Key":{"Id":"ParentExecId","Label":"ParentExecId","Category":"","Description":"","Attributes":1,"ValueType":"System.Guid"},"Value":"4dbd4563-dfc5-4e26-aa15-24998bd693bc"},{"Key":{"Id":"InnerResultsCount","Label":"InnerResultsCount","Category":"","Description":"","Attributes":1,"ValueType":"System.Int32"},"Value":0}]},{"TestCase":{"Id":"5acf9f33-3b5d-6fe2-17a4-fa10a4e4dd67","FullyQualifiedName":"Unit_Testovi.KorisnikTests.ValidacijaKorisnikIspravno","DisplayName":"ValidacijaKorisnikIspravno","ExecutorUri":"executor://MSTestAdapter/v2","Source":"C:\\Users\\dzene\\Source\\Repos\\VVS_zadaca2.6\\Hypo Banka\\Unit Testovi\\bin\\Debug\\fine-code-coverage\\Unit Testovi.dll","CodeFilePath":null,"LineNumber":-1,"Properties":[{"Key":{"Id":"MSTestDiscoverer.TestClassName","Label":"ClassName","Category":"","Description":"","Attributes":1,"ValueType":"System.String"},"Value":"Unit_Testovi.KorisnikTests"},{"Key":{"Id":"TestObject.Traits","Label":"Traits","Category":"","Description":"","Attributes":5,"ValueType":"System.Collections.Generic.KeyValuePair`2[[System.String],[System.String]][]"},"Value":[]}]},"Attachments":[],"Outcome":1,"ErrorMessage":null,"ErrorStackTrace":null,"DisplayName":"ValidacijaKorisnikIspravno (Ime,Prezime,neko1,lozinka123456aaaaaa!,1/10/1999 12:00:00 AM,123D456)","Messages":[],"ComputerName":null,"Duration":"00:00:00.0000961","StartTime":"2020-12-02T19:10:11.384889+01:00","EndTime":"2020-12-02T19:10:11.3963313+01:00","Properties":[{"Key":{"Id":"ExecutionId","Label":"ExecutionId","Category":"","Description":"","Attributes":1,"ValueType":"System.Guid"},"Value":"9d53a15d-a4b1-4708-9f3d-a70046ab6c1a"},{"Key":{"Id":"ParentExecId","Label":"ParentExecId","Category":"","Description":"","Attributes":1,"ValueType":"System.Guid"},"Value":"4dbd4563-dfc5-4e26-aa15-24998bd693bc"},{"Key":{"Id":"InnerResultsCount","Label":"InnerResultsCount","Category":"","Description":"","Attributes":1,"ValueType":"System.Int32"},"Value":0}]},{"TestCase":{"Id":"09639165-c376-34df-0dc2-3c0c7394ed17","FullyQualifiedName":"Unit_Testovi.KorisnikTests.ValidacijaKorisnikNeispravno","DisplayName":"ValidacijaKorisnikNeispravno","ExecutorUri":"executor://MSTestAdapter/v2","Source":"C:\\Users\\dzene\\Source\\Repos\\VVS_zadaca2.6\\Hypo Banka\\Unit Testovi\\bin\\Debug\\fine-code-coverage\\Unit Testovi.dll","CodeFilePath":null,"LineNumber":-1,"Properties":[{"Key":{"Id":"MSTestDiscoverer.TestClassName","Label":"ClassName","Category":"","Description":"","Attributes":1,"ValueType":"System.String"},"Value":"Unit_Testovi.KorisnikTests"},{"Key":{"Id":"TestObject.Traits","Label":"Traits","Category":"","Description":"","Attributes":5,"ValueType":"System.Collections.Generic.KeyValuePair`2[[System.String],[System.String]][]"},"Value":[]}]},"Attachments":[],"Outcome":1,"ErrorMessage":null,"ErrorStackTrace":null,"DisplayName":null,"Messages":[],"ComputerName":null,"Duration":"00:00:00.0109743","StartTime":"2020-12-02T19:10:11.4056264+01:00","EndTime":"2020-12-02T19:10:11.4169605+01:00","Properties":[{"Key":{"Id":"ExecutionId","Label":"ExecutionId","Category":"","Description":"","Attributes":1,"ValueType":"System.Guid"},"Value":"aa681fe7-1698-45f9-8fe1-ea95e051a159"},{"Key":{"Id":"ParentExecId","Label":"ParentExecId","Category":"","Description":"","Attributes":1,"ValueType":"System.Guid"},"Value":"00000000-0000-0000-0000-000000000000"},{"Key":{"Id":"InnerResultsCount","Label":"InnerResultsCount","Category":"","Description":"","Attributes":1,"ValueType":"System.Int32"},"Value":9}]},{"TestCase":{"Id":"09639165-c376-34df-0dc2-3c0c7394ed17","FullyQualifiedName":"Unit_Testovi.KorisnikTests.ValidacijaKorisnikNeispravno","DisplayName":"ValidacijaKorisnikNeispravno","ExecutorUri":"executor://MSTestAdapter/v2","Source":"C:\\Users\\dzene\\Source\\Repos\\VVS_zadaca2.6\\Hypo Banka\\Unit Testovi\\bin\\Debug\\fine-code-coverage\\Unit Testovi.dll","CodeFilePath":null,"LineNumber":-1,"Properties":[{"Key":{"Id":"MSTestDiscoverer.TestClassName","Label":"ClassName","Category":"","Description":"","Attributes":1,"ValueType":"System.String"},"Value":"Unit_Testovi.KorisnikTests"},{"Key":{"Id":"TestObject.Traits","Label":"Traits","Category":"","Description":"","Attributes":5,"ValueType":"System.Collections.Generic.KeyValuePair`2[[System.String],[System.String]][]"},"Value":[]}]},"Attachments":[],"Outcome":1,"ErrorMessage":null,"ErrorStackTrace":null,"DisplayName":"ValidacijaKorisnikNeispravno (,Karahodza,ekarahodza1,lozinka123456aadfaa!,5/5/1999 12:00:00 AM,123D456)","Messages":[],"ComputerName":null,"Duration":"00:00:00.0014352","StartTime":"2020-12-02T19:10:11.4056264+01:00","EndTime":"2020-12-02T19:10:11.4169605+01:00","Properties":[{"Key":{"Id":"ExecutionId","Label":"ExecutionId","Category":"","Description":"","Attributes":1,"ValueType":"System.Guid"},"Value":"a8dd0f4b-1b61-46ed-938b-34ef0808f77d"},{"Key":{"Id":"ParentExecId","Label":"ParentExecId","Category":"","Description":"","Attributes":1,"ValueType":"System.Guid"},"Value":"aa681fe7-1698-45f9-8fe1-ea95e051a159"},{"Key":{"Id":"InnerResultsCount","Label":"InnerResultsCount","Category":"","Description":"","Attributes":1,"ValueType":"System.Int32"},"Value":0}]},{"TestCase":{"Id":"09639165-c376-34df-0dc2-3c0c7394ed17","FullyQualifiedName":"Unit_Testovi.KorisnikTests.ValidacijaKorisnikNeispravno","DisplayName":"ValidacijaKorisnikNeispravno","ExecutorUri":"executor://MSTestAdapter/v2","Source":"C:\\Users\\dzene\\Source\\Repos\\VVS_zadaca2.6\\Hypo Banka\\Unit Testovi\\bin\\Debug\\fine-code-coverage\\Unit Testovi.dll","CodeFilePath":null,"LineNumber":-1,"Properties":[{"Key":{"Id":"MSTestDiscoverer.TestClassName","Label":"ClassName","Category":"","Description":"","Attributes":1,"ValueType":"System.String"},"Value":"Unit_Testovi.KorisnikTests"},{"Key":{"Id":"TestObject.Traits","Label":"Traits","Category":"","Description":"","Attributes":5,"ValueType":"System.Collections.Generic.KeyValuePair`2[[System.String],[System.String]][]"},"Value":[]}]},"Attachments":[],"Outcome":1,"ErrorMessage":null,"ErrorStackTrace":null,"DisplayName":"ValidacijaKorisnikNeispravno (Esma,,ekarahodza1,lozinka123456aadfaa!,5/5/1999 12:00:00 AM,123D456)","Messages":[],"ComputerName":null,"Duration":"00:00:00.0008524","StartTime":"2020-12-02T19:10:11.4056264+01:00","EndTime":"2020-12-02T19:10:11.4169605+01:00","Properties":[{"Key":{"Id":"ExecutionId","Label":"ExecutionId","Category":"","Description":"","Attributes":1,"ValueType":"System.Guid"},"Value":"ae30a5b8-27a7-402c-ac8a-be5ce28317bc"},{"Key":{"Id":"ParentExecId","Label":"ParentExecId","Category":"","Description":"","Attributes":1,"ValueType":"System.Guid"},"Value":"aa681fe7-1698-45f9-8fe1-ea95e051a159"},{"Key":{"Id":"InnerResultsCount","Label":"InnerResultsCount","Category":"","Description":"","Attributes":1,"ValueType":"System.Int32"},"Value":0}]},{"TestCase":{"Id":"09639165-c376-34df-0dc2-3c0c7394ed17","FullyQualifiedName":"Unit_Testovi.KorisnikTests.ValidacijaKorisnikNeispravno","DisplayName":"ValidacijaKorisnikNeispravno","ExecutorUri":"executor://MSTestAdapter/v2","Source":"C:\\Users\\dzene\\Source\\Repos\\VVS_zadaca2.6\\Hypo Banka\\Unit Testovi\\bin\\Debug\\fine-code-coverage\\Unit Testovi.dll","CodeFilePath":null,"LineNumber":-1,"Properties":[{"Key":{"Id":"MSTestDiscoverer.TestClassName","Label":"ClassName","Category":"","Description":"","Attributes":1,"ValueType":"System.String"},"Value":"Unit_Testovi.KorisnikTests"},{"Key":{"Id":"TestObject.Traits","Label":"Traits","Category":"","Description":"","Attributes":5,"ValueType":"System.Collections.Generic.KeyValuePair`2[[System.String],[System.String]][]"},"Value":[]}]},"Attachments":[],"Outcome":1,"ErrorMessage":null,"ErrorStackTrace":null,"DisplayName":"ValidacijaKorisnikNeispravno (Esma,Karahodza,,lozinka123456aadfaa!,5/5/1999 12:00:00 AM,123D456)","Messages":[],"ComputerName":null,"Duration":"00:00:00.0008625","StartTime":"2020-12-02T19:10:11.4056264+01:00","EndTime":"2020-12-02T19:10:11.4169605+01:00","Properties":[{"Key":{"Id":"ExecutionId","Label":"ExecutionId","Category":"","Description":"","Attributes":1,"ValueType":"System.Guid"},"Value":"5fc19ced-0285-42ea-bf20-4b7f60e0fcab"},{"Key":{"Id":"ParentExecId","Label":"ParentExecId","Category":"","Description":"","Attributes":1,"ValueType":"System.Guid"},"Value":"aa681fe7-1698-45f9-8fe1-ea95e051a159"},{"Key":{"Id":"InnerResultsCount","Label":"InnerResultsCount","Category":"","Description":"","Attributes":1,"ValueType":"System.Int32"},"Value":0}]},{"TestCase":{"Id":"09639165-c376-34df-0dc2-3c0c7394ed17","FullyQualifiedName":"Unit_Testovi.KorisnikTests.ValidacijaKorisnikNeispravno","DisplayName":"ValidacijaKorisnikNeispravno","ExecutorUri":"executor://MSTestAdapter/v2","Source":"C:\\Users\\dzene\\Source\\Repos\\VVS_zadaca2.6\\Hypo Banka\\Unit Testovi\\bin\\Debug\\fine-code-coverage\\Unit Testovi.dll","CodeFilePath":null,"LineNumber":-1,"Properties":[{"Key":{"Id":"MSTestDiscoverer.TestClassName","Label":"ClassName","Category":"","Description":"","Attributes":1,"ValueType":"System.String"},"Value":"Unit_Testovi.KorisnikTests"},{"Key":{"Id":"TestObject.Traits","Label":"Traits","Category":"","Description":"","Attributes":5,"ValueType":"System.Collections.Generic.KeyValuePair`2[[System.String],[System.String]][]"},"Value":[]}]},"Attachments":[],"Outcome":1,"ErrorMessage":null,"ErrorStackTrace":null,"DisplayName":"ValidacijaKorisnikNeispravno (Esma,Karahodza,ekarahodza1,,5/5/1999 12:00:00 AM,123D456)","Messages":[],"ComputerName":null,"Duration":"00:00:00.0008526","StartTime":"2020-12-02T19:10:11.4056264+01:00","EndTime":"2020-12-02T19:10:11.4169605+01:00","Properties":[{"Key":{"Id":"ExecutionId","Label":"ExecutionId","Category":"","Description":"","Attributes":1,"ValueType":"System.Guid"},"Value":"8993faa6-2c16-4c3f-a8a9-eb8dd8a8c728"},{"Key":{"Id":"ParentExecId","Label":"ParentExecId","Category":"","Description":"","Attributes":1,"ValueType":"System.Guid"},"Value":"aa681fe7-1698-45f9-8fe1-ea95e051a159"},{"Key":{"Id":"InnerResultsCount","Label":"InnerResultsCount","Category":"","Description":"","Attributes":1,"ValueType":"System.Int32"},"Value":0}]},{"TestCase":{"Id":"09639165-c376-34df-0dc2-3c0c7394ed17","FullyQualifiedName":"Unit_Testovi.KorisnikTests.ValidacijaKorisnikNeispravno","DisplayName":"ValidacijaKorisnikNeispravno","ExecutorUri":"executor://MSTestAdapter/v2","Source":"C:\\Users\\dzene\\Source\\Repos\\VVS_zadaca2.6\\Hypo Banka\\Unit Testovi\\bin\\Debug\\fine-code-coverage\\Unit Testovi.dll","CodeFilePath":null,"LineNumber":-1,"Properties":[{"Key":{"Id":"MSTestDiscoverer.TestClassName","Label":"ClassName","Category":"","Description":"","Attributes":1,"ValueType":"System.String"},"Value":"Unit_Testovi.KorisnikTests"},{"Key":{"Id":"TestObject.Traits","Label":"Traits","Category":"","Description":"","Attributes":5,"ValueType":"System.Collections.Generic.KeyValuePair`2[[System.String],[System.String]][]"},"Value":[]}]},"Attachments":[],"Outcome":1,"ErrorMessage":null,"ErrorStackTrace":null,"DisplayName":"ValidacijaKorisnikNeispravno (Esma,Karahodza,ekarahodza1,lozinka123456aadfaa!,5/5/1999 12:00:00 AM,)","Messages":[],"ComputerName":null,"Duration":"00:00:00.0009539","StartTime":"2020-12-02T19:10:11.4056264+01:00","EndTime":"2020-12-02T19:10:11.4169605+01:00","Properties":[{"Key":{"Id":"ExecutionId","Label":"ExecutionId","Category":"","Description":"","Attributes":1,"ValueType":"System.Guid"},"Value":"2f9b78ae-0c91-4899-b1b6-9c19b5228dd3"},{"Key":{"Id":"ParentExecId","Label":"ParentExecId","Category":"","Description":"","Attributes":1,"ValueType":"System.Guid"},"Value":"aa681fe7-1698-45f9-8fe1-ea95e051a159"},{"Key":{"Id":"InnerResultsCount","Label":"InnerResultsCount","Category":"","Description":"","Attributes":1,"ValueType":"System.Int32"},"Value":0}]},{"TestCase":{"Id":"09639165-c376-34df-0dc2-3c0c7394ed17","FullyQualifiedName":"Unit_Testovi.KorisnikTests.ValidacijaKorisnikNeispravno","DisplayName":"ValidacijaKorisnikNeispravno","ExecutorUri":"executor://MSTestAdapter/v2","Source":"C:\\Users\\dzene\\Source\\Repos\\VVS_zadaca2.6\\Hypo Banka\\Unit Testovi\\bin\\Debug\\fine-code-coverage\\Unit Testovi.dll","CodeFilePath":null,"LineNumber":-1,"Properties":[{"Key":{"Id":"MSTestDiscoverer.TestClassName","Label":"ClassName","Category":"","Description":"","Attributes":1,"ValueType":"System.String"},"Value":"Unit_Testovi.KorisnikTests"},{"Key":{"Id":"TestObject.Traits","Label":"Traits","Category":"","Description":"","Attributes":5,"ValueType":"System.Collections.Generic.KeyValuePair`2[[System.String],[System.String]][]"},"Value":[]}]},"Attachments":[],"Outcome":1,"ErrorMessage":null,"ErrorStackTrace":null,"DisplayName":"ValidacijaKorisnikNeispravno (a,Karahodza,ekarahodza1,lozinka123456aadfaa!#,5/5/1999 12:00:00 AM,123D456)","Messages":[],"ComputerName":null,"Duration":"00:00:00.0008130","StartTime":"2020-12-02T19:10:11.4056264+01:00","EndTime":"2020-12-02T19:10:11.4169605+01:00","Properties":[{"Key":{"Id":"ExecutionId","Label":"ExecutionId","Category":"","Description":"","Attributes":1,"ValueType":"System.Guid"},"Value":"0813d9df-2613-437e-8dc3-aa0f07d9ccd2"},{"Key":{"Id":"ParentExecId","Label":"ParentExecId","Category":"","Description":"","Attributes":1,"ValueType":"System.Guid"},"Value":"aa681fe7-1698-45f9-8fe1-ea95e051a159"},{"Key":{"Id":"InnerResultsCount","Label":"InnerResultsCount","Category":"","Description":"","Attributes":1,"ValueType":"System.Int32"},"Value":0}]}],"TestRunStatistics":{"ExecutedTests":28,"Stats":{"Passed":28}},"ActiveTests":[]}}
TpTrace Verbose: 0 : 13840, 4, 2020/12/02, 19:10:11.519, 369361779622, testhost.dll, TestRunCache: OnNewTestResult: Notified the onCacheHit callback.
TpTrace Verbose: 0 : 13840, 4, 2020/12/02, 19:10:11.519, 369361781210, testhost.dll, TestExecutionRecorder.RecordEnd: test: Unit_Testovi.KorisnikTests.ValidacijaKorisnikNeispravno execution completed.
TpTrace Warning: 0 : 13840, 4, 2020/12/02, 19:10:11.519, 369361782386, testhost.dll, InProgressTests is null
TpTrace Verbose: 0 : 13840, 4, 2020/12/02, 19:10:11.519, 369361783498, testhost.dll, TestExecutionRecorder.RecordResult: Received result for test: Unit_Testovi.KorisnikTests.ValidacijaKorisnikNeispravno.
TpTrace Warning: 0 : 13840, 4, 2020/12/02, 19:10:11.519, 369361784981, testhost.dll, InProgressTests is null
TpTrace Warning: 0 : 13840, 4, 2020/12/02, 19:10:11.519, 369361786220, testhost.dll, TestRunCache: No test found corresponding to testResult 'ValidacijaKorisnikNeispravno  Passed' in inProgress list.
TpTrace Verbose: 0 : 13840, 4, 2020/12/02, 19:10:11.519, 369361787408, testhost.dll, TestExecutionRecorder.RecordEnd: test: Unit_Testovi.KorisnikTests.ValidacijaKorisnikNeispravno execution completed.
TpTrace Warning: 0 : 13840, 4, 2020/12/02, 19:10:11.519, 369361788503, testhost.dll, InProgressTests is null
TpTrace Verbose: 0 : 13840, 4, 2020/12/02, 19:10:11.520, 369361789572, testhost.dll, TestExecutionRecorder.RecordResult: Received result for test: Unit_Testovi.KorisnikTests.ValidacijaKorisnikNeispravno.
TpTrace Warning: 0 : 13840, 4, 2020/12/02, 19:10:11.520, 369361790777, testhost.dll, InProgressTests is null
TpTrace Warning: 0 : 13840, 4, 2020/12/02, 19:10:11.520, 369361791960, testhost.dll, TestRunCache: No test found corresponding to testResult 'ValidacijaKorisnikNeispravno  Passed' in inProgress list.
TpTrace Verbose: 0 : 13840, 4, 2020/12/02, 19:10:11.520, 369361793115, testhost.dll, TestExecutionRecorder.RecordEnd: test: Unit_Testovi.KorisnikTests.ValidacijaKorisnikNeispravno execution completed.
TpTrace Warning: 0 : 13840, 4, 2020/12/02, 19:10:11.520, 369361794267, testhost.dll, InProgressTests is null
TpTrace Verbose: 0 : 13840, 4, 2020/12/02, 19:10:11.520, 369361795355, testhost.dll, TestExecutionRecorder.RecordResult: Received result for test: Unit_Testovi.KorisnikTests.ValidacijaKorisnikNeispravno.
TpTrace Warning: 0 : 13840, 4, 2020/12/02, 19:10:11.520, 369361796548, testhost.dll, InProgressTests is null
TpTrace Warning: 0 : 13840, 4, 2020/12/02, 19:10:11.520, 369361797733, testhost.dll, TestRunCache: No test found corresponding to testResult 'ValidacijaKorisnikNeispravno  Passed' in inProgress list.
TpTrace Verbose: 0 : 13840, 4, 2020/12/02, 19:10:11.521, 369361798986, testhost.dll, TestExecutionRecorder.RecordStart: Starting test: Unit_Testovi.KorisnikTests.AutomatskoGenerisanjePodatakaTest2.
TpTrace Verbose: 0 : 13840, 4, 2020/12/02, 19:10:11.530, 369361891949, testhost.dll, TestExecutionRecorder.RecordEnd: test: Unit_Testovi.KorisnikTests.AutomatskoGenerisanjePodatakaTest2 execution completed.
TpTrace Verbose: 0 : 13840, 4, 2020/12/02, 19:10:11.537, 369361963753, testhost.dll, TestExecutionRecorder.RecordResult: Received result for test: Unit_Testovi.KorisnikTests.AutomatskoGenerisanjePodatakaTest2.
TpTrace Warning: 0 : 13840, 4, 2020/12/02, 19:10:11.537, 369361966719, testhost.dll, InProgressTests is null
TpTrace Warning: 0 : 13840, 4, 2020/12/02, 19:10:11.537, 369361968787, testhost.dll, TestRunCache: No test found corresponding to testResult 'AutomatskoGenerisanjePodatakaTest2  Passed' in inProgress list.
TpTrace Verbose: 0 : 13840, 4, 2020/12/02, 19:10:11.538, 369361970886, testhost.dll, TestExecutionRecorder.RecordStart: Starting test: Unit_Testovi.KorisnikTests.AutomatskoGenerisanjePodatakaTest3.
TpTrace Verbose: 0 : 13840, 4, 2020/12/02, 19:10:11.544, 369362032554, testhost.dll, TestExecutionRecorder.RecordEnd: test: Unit_Testovi.KorisnikTests.AutomatskoGenerisanjePodatakaTest3 execution completed.
TpTrace Verbose: 0 : 13840, 4, 2020/12/02, 19:10:11.548, 369362074725, testhost.dll, TestExecutionRecorder.RecordResult: Received result for test: Unit_Testovi.KorisnikTests.AutomatskoGenerisanjePodatakaTest3.
TpTrace Warning: 0 : 13840, 4, 2020/12/02, 19:10:11.548, 369362077536, testhost.dll, InProgressTests is null
TpTrace Warning: 0 : 13840, 4, 2020/12/02, 19:10:11.549, 369362079603, testhost.dll, TestRunCache: No test found corresponding to testResult 'AutomatskoGenerisanjePodatakaTest3  Passed' in inProgress list.
TpTrace Verbose: 0 : 13840, 4, 2020/12/02, 19:10:11.549, 369362081092, testhost.dll, TestExecutionRecorder.RecordStart: Starting test: Unit_Testovi.KorisnikTests.AutomatskoGenerisanjePodatakaTest4.
TpTrace Verbose: 0 : 13840, 4, 2020/12/02, 19:10:11.559, 369362188563, testhost.dll, TestExecutionRecorder.RecordEnd: test: Unit_Testovi.KorisnikTests.AutomatskoGenerisanjePodatakaTest4 execution completed.
TpTrace Verbose: 0 : 13840, 4, 2020/12/02, 19:10:11.565, 369362243663, testhost.dll, TestExecutionRecorder.RecordResult: Received result for test: Unit_Testovi.KorisnikTests.AutomatskoGenerisanjePodatakaTest4.
TpTrace Warning: 0 : 13840, 4, 2020/12/02, 19:10:11.565, 369362246418, testhost.dll, InProgressTests is null
TpTrace Warning: 0 : 13840, 4, 2020/12/02, 19:10:11.565, 369362248382, testhost.dll, TestRunCache: No test found corresponding to testResult 'AutomatskoGenerisanjePodatakaTest4  Passed' in inProgress list.
TpTrace Verbose: 0 : 13840, 4, 2020/12/02, 19:10:11.566, 369362250436, testhost.dll, TestExecutionRecorder.RecordStart: Starting test: Unit_Testovi.KreditTest.ProvjeriStanjeOtplateTest.
TpTrace Verbose: 0 : 13840, 4, 2020/12/02, 19:10:11.573, 369362318880, testhost.dll, TestExecutionRecorder.RecordEnd: test: Unit_Testovi.KreditTest.ProvjeriStanjeOtplateTest execution completed.
TpTrace Verbose: 0 : 13840, 4, 2020/12/02, 19:10:11.578, 369362375817, testhost.dll, TestExecutionRecorder.RecordResult: Received result for test: Unit_Testovi.KreditTest.ProvjeriStanjeOtplateTest.
TpTrace Warning: 0 : 13840, 4, 2020/12/02, 19:10:11.578, 369362378577, testhost.dll, InProgressTests is null
TpTrace Warning: 0 : 13840, 4, 2020/12/02, 19:10:11.579, 369362380627, testhost.dll, TestRunCache: No test found corresponding to testResult 'ProvjeriStanjeOtplateTest  Passed' in inProgress list.
TpTrace Verbose: 0 : 13840, 4, 2020/12/02, 19:10:11.579, 369362382588, testhost.dll, TestExecutionRecorder.RecordStart: Starting test: Unit_Testovi.KreditTest.ValidacijaKamatneStopeiRokaOtplate.
TpTrace Verbose: 0 : 13840, 4, 2020/12/02, 19:10:11.586, 369362449433, testhost.dll, TestExecutionRecorder.RecordEnd: test: Unit_Testovi.KreditTest.ValidacijaKamatneStopeiRokaOtplate execution completed.
TpTrace Verbose: 0 : 13840, 4, 2020/12/02, 19:10:11.589, 369362481799, testhost.dll, TestExecutionRecorder.RecordResult: Received result for test: Unit_Testovi.KreditTest.ValidacijaKamatneStopeiRokaOtplate.
TpTrace Warning: 0 : 13840, 4, 2020/12/02, 19:10:11.589, 369362484708, testhost.dll, InProgressTests is null
TpTrace Warning: 0 : 13840, 4, 2020/12/02, 19:10:11.589, 369362486058, testhost.dll, TestRunCache: No test found corresponding to testResult 'ValidacijaKamatneStopeiRokaOtplate  Passed' in inProgress list.
TpTrace Verbose: 0 : 13840, 4, 2020/12/02, 19:10:11.589, 369362487357, testhost.dll, TestExecutionRecorder.RecordEnd: test: Unit_Testovi.KreditTest.ValidacijaKamatneStopeiRokaOtplate execution completed.
TpTrace Warning: 0 : 13840, 4, 2020/12/02, 19:10:11.589, 369362488478, testhost.dll, InProgressTests is null
TpTrace Verbose: 0 : 13840, 4, 2020/12/02, 19:10:11.590, 369362489679, testhost.dll, TestExecutionRecorder.RecordResult: Received result for test: Unit_Testovi.KreditTest.ValidacijaKamatneStopeiRokaOtplate.
TpTrace Warning: 0 : 13840, 4, 2020/12/02, 19:10:11.590, 369362490988, testhost.dll, InProgressTests is null
TpTrace Warning: 0 : 13840, 4, 2020/12/02, 19:10:11.590, 369362492241, testhost.dll, TestRunCache: No test found corresponding to testResult 'ValidacijaKamatneStopeiRokaOtplate  Passed' in inProgress list.
TpTrace Verbose: 0 : 13840, 4, 2020/12/02, 19:10:11.590, 369362493464, testhost.dll, TestExecutionRecorder.RecordEnd: test: Unit_Testovi.KreditTest.ValidacijaKamatneStopeiRokaOtplate execution completed.
TpTrace Warning: 0 : 13840, 4, 2020/12/02, 19:10:11.590, 369362494692, testhost.dll, InProgressTests is null
TpTrace Verbose: 0 : 13840, 4, 2020/12/02, 19:10:11.590, 369362495784, testhost.dll, TestExecutionRecorder.RecordResult: Received result for test: Unit_Testovi.KreditTest.ValidacijaKamatneStopeiRokaOtplate.
TpTrace Warning: 0 : 13840, 4, 2020/12/02, 19:10:11.590, 369362496982, testhost.dll, InProgressTests is null
TpTrace Warning: 0 : 13840, 4, 2020/12/02, 19:10:11.590, 369362498148, testhost.dll, TestRunCache: No test found corresponding to testResult 'ValidacijaKamatneStopeiRokaOtplate  Passed' in inProgress list.
TpTrace Information: 0 : 13840, 4, 2020/12/02, 19:10:11.591, 369362499249, testhost.dll, Sending test run statistics
TpTrace Verbose: 0 : 13840, 4, 2020/12/02, 19:10:11.593, 369362522330, testhost.dll, TestRequestHandler.SendData:  sending data from testhost: {"Version":2,"MessageType":"TestExecution.StatsChange","Payload":{"NewTestResults":[{"TestCase":{"Id":"09639165-c376-34df-0dc2-3c0c7394ed17","FullyQualifiedName":"Unit_Testovi.KorisnikTests.ValidacijaKorisnikNeispravno","DisplayName":"ValidacijaKorisnikNeispravno","ExecutorUri":"executor://MSTestAdapter/v2","Source":"C:\\Users\\dzene\\Source\\Repos\\VVS_zadaca2.6\\Hypo Banka\\Unit Testovi\\bin\\Debug\\fine-code-coverage\\Unit Testovi.dll","CodeFilePath":null,"LineNumber":-1,"Properties":[{"Key":{"Id":"MSTestDiscoverer.TestClassName","Label":"ClassName","Category":"","Description":"","Attributes":1,"ValueType":"System.String"},"Value":"Unit_Testovi.KorisnikTests"},{"Key":{"Id":"TestObject.Traits","Label":"Traits","Category":"","Description":"","Attributes":5,"ValueType":"System.Collections.Generic.KeyValuePair`2[[System.String],[System.String]][]"},"Value":[]}]},"Attachments":[],"Outcome":1,"ErrorMessage":null,"ErrorStackTrace":null,"DisplayName":"ValidacijaKorisnikNeispravno (Esma,karahodza,ekarahodza1,lozinka123456aadfaa!#,5/5/1999 12:00:00 AM,123D456)","Messages":[],"ComputerName":null,"Duration":"00:00:00.0008056","StartTime":"2020-12-02T19:10:11.4056264+01:00","EndTime":"2020-12-02T19:10:11.4169605+01:00","Properties":[{"Key":{"Id":"ExecutionId","Label":"ExecutionId","Category":"","Description":"","Attributes":1,"ValueType":"System.Guid"},"Value":"3fccce80-6556-41aa-ba07-6a5f606dbbee"},{"Key":{"Id":"ParentExecId","Label":"ParentExecId","Category":"","Description":"","Attributes":1,"ValueType":"System.Guid"},"Value":"aa681fe7-1698-45f9-8fe1-ea95e051a159"},{"Key":{"Id":"InnerResultsCount","Label":"InnerResultsCount","Category":"","Description":"","Attributes":1,"ValueType":"System.Int32"},"Value":0}]},{"TestCase":{"Id":"09639165-c376-34df-0dc2-3c0c7394ed17","FullyQualifiedName":"Unit_Testovi.KorisnikTests.ValidacijaKorisnikNeispravno","DisplayName":"ValidacijaKorisnikNeispravno","ExecutorUri":"executor://MSTestAdapter/v2","Source":"C:\\Users\\dzene\\Source\\Repos\\VVS_zadaca2.6\\Hypo Banka\\Unit Testovi\\bin\\Debug\\fine-code-coverage\\Unit Testovi.dll","CodeFilePath":null,"LineNumber":-1,"Properties":[{"Key":{"Id":"MSTestDiscoverer.TestClassName","Label":"ClassName","Category":"","Description":"","Attributes":1,"ValueType":"System.String"},"Value":"Unit_Testovi.KorisnikTests"},{"Key":{"Id":"TestObject.Traits","Label":"Traits","Category":"","Description":"","Attributes":5,"ValueType":"System.Collections.Generic.KeyValuePair`2[[System.String],[System.String]][]"},"Value":[]}]},"Attachments":[],"Outcome":1,"ErrorMessage":null,"ErrorStackTrace":null,"DisplayName":"ValidacijaKorisnikNeispravno (Esma,Karahodza,ekarahodza1,lozinka,5/5/1999 12:00:00 AM,123D456)","Messages":[],"ComputerName":null,"Duration":"00:00:00.0010066","StartTime":"2020-12-02T19:10:11.4056264+01:00","EndTime":"2020-12-02T19:10:11.4169605+01:00","Properties":[{"Key":{"Id":"ExecutionId","Label":"ExecutionId","Category":"","Description":"","Attributes":1,"ValueType":"System.Guid"},"Value":"c6268669-a9dc-4f46-b29b-f7bd4b12d624"},{"Key":{"Id":"ParentExecId","Label":"ParentExecId","Category":"","Description":"","Attributes":1,"ValueType":"System.Guid"},"Value":"aa681fe7-1698-45f9-8fe1-ea95e051a159"},{"Key":{"Id":"InnerResultsCount","Label":"InnerResultsCount","Category":"","Description":"","Attributes":1,"ValueType":"System.Int32"},"Value":0}]},{"TestCase":{"Id":"09639165-c376-34df-0dc2-3c0c7394ed17","FullyQualifiedName":"Unit_Testovi.KorisnikTests.ValidacijaKorisnikNeispravno","DisplayName":"ValidacijaKorisnikNeispravno","ExecutorUri":"executor://MSTestAdapter/v2","Source":"C:\\Users\\dzene\\Source\\Repos\\VVS_zadaca2.6\\Hypo Banka\\Unit Testovi\\bin\\Debug\\fine-code-coverage\\Unit Testovi.dll","CodeFilePath":null,"LineNumber":-1,"Properties":[{"Key":{"Id":"MSTestDiscoverer.TestClassName","Label":"ClassName","Category":"","Description":"","Attributes":1,"ValueType":"System.String"},"Value":"Unit_Testovi.KorisnikTests"},{"Key":{"Id":"TestObject.Traits","Label":"Traits","Category":"","Description":"","Attributes":5,"ValueType":"System.Collections.Generic.KeyValuePair`2[[System.String],[System.String]][]"},"Value":[]}]},"Attachments":[],"Outcome":1,"ErrorMessage":null,"ErrorStackTrace":null,"DisplayName":"ValidacijaKorisnikNeispravno (Esma,Karahodza,ekarahodza1,lozinka123456aadfaa!#,5/5/1999 12:00:00 AM,1230456)","Messages":[],"ComputerName":null,"Duration":"00:00:00.0008905","StartTime":"2020-12-02T19:10:11.4056264+01:00","EndTime":"2020-12-02T19:10:11.4169605+01:00","Properties":[{"Key":{"Id":"ExecutionId","Label":"ExecutionId","Category":"","Description":"","Attributes":1,"ValueType":"System.Guid"},"Value":"3b48a4c0-c5c2-4244-a76f-d5f53dd53e20"},{"Key":{"Id":"ParentExecId","Label":"ParentExecId","Category":"","Description":"","Attributes":1,"ValueType":"System.Guid"},"Value":"aa681fe7-1698-45f9-8fe1-ea95e051a159"},{"Key":{"Id":"InnerResultsCount","Label":"InnerResultsCount","Category":"","Description":"","Attributes":1,"ValueType":"System.Int32"},"Value":0}]},{"TestCase":{"Id":"d275d30d-bf4a-380a-adc6-2e46a90104d2","FullyQualifiedName":"Unit_Testovi.KorisnikTests.AutomatskoGenerisanjePodatakaTest2","DisplayName":"AutomatskoGenerisanjePodatakaTest2","ExecutorUri":"executor://MSTestAdapter/v2","Source":"C:\\Users\\dzene\\Source\\Repos\\VVS_zadaca2.6\\Hypo Banka\\Unit Testovi\\bin\\Debug\\fine-code-coverage\\Unit Testovi.dll","CodeFilePath":null,"LineNumber":-1,"Properties":[{"Key":{"Id":"MSTestDiscoverer.TestClassName","Label":"ClassName","Category":"","Description":"","Attributes":1,"ValueType":"System.String"},"Value":"Unit_Testovi.KorisnikTests"},{"Key":{"Id":"TestObject.Traits","Label":"Traits","Category":"","Description":"","Attributes":5,"ValueType":"System.Collections.Generic.KeyValuePair`2[[System.String],[System.String]][]"},"Value":[]}]},"Attachments":[],"Outcome":1,"ErrorMessage":null,"ErrorStackTrace":null,"DisplayName":null,"Messages":[],"ComputerName":null,"Duration":"00:00:00.0010895","StartTime":"2020-12-02T19:10:11.528814+01:00","EndTime":"2020-12-02T19:10:11.5302888+01:00","Properties":[{"Key":{"Id":"ExecutionId","Label":"ExecutionId","Category":"","Description":"","Attributes":1,"ValueType":"System.Guid"},"Value":"00000000-0000-0000-0000-000000000000"},{"Key":{"Id":"ParentExecId","Label":"ParentExecId","Category":"","Description":"","Attributes":1,"ValueType":"System.Guid"},"Value":"00000000-0000-0000-0000-000000000000"},{"Key":{"Id":"InnerResultsCount","Label":"InnerResultsCount","Category":"","Description":"","Attributes":1,"ValueType":"System.Int32"},"Value":0}]},{"TestCase":{"Id":"e56dccf3-4dd3-dd26-fd75-304af3f42105","FullyQualifiedName":"Unit_Testovi.KorisnikTests.AutomatskoGenerisanjePodatakaTest3","DisplayName":"AutomatskoGenerisanjePodatakaTest3","ExecutorUri":"executor://MSTestAdapter/v2","Source":"C:\\Users\\dzene\\Source\\Repos\\VVS_zadaca2.6\\Hypo Banka\\Unit Testovi\\bin\\Debug\\fine-code-coverage\\Unit Testovi.dll","CodeFilePath":null,"LineNumber":-1,"Properties":[{"Key":{"Id":"MSTestDiscoverer.TestClassName","Label":"ClassName","Category":"","Description":"","Attributes":1,"ValueType":"System.String"},"Value":"Unit_Testovi.KorisnikTests"},{"Key":{"Id":"TestObject.Traits","Label":"Traits","Category":"","Description":"","Attributes":5,"ValueType":"System.Collections.Generic.KeyValuePair`2[[System.String],[System.String]][]"},"Value":[]}]},"Attachments":[],"Outcome":1,"ErrorMessage":null,"ErrorStackTrace":null,"DisplayName":null,"Messages":[],"ComputerName":null,"Duration":"00:00:00.0009408","StartTime":"2020-12-02T19:10:11.543144+01:00","EndTime":"2020-12-02T19:10:11.5443519+01:00","Properties":[{"Key":{"Id":"ExecutionId","Label":"ExecutionId","Category":"","Description":"","Attributes":1,"ValueType":"System.Guid"},"Value":"00000000-0000-0000-0000-000000000000"},{"Key":{"Id":"ParentExecId","Label":"ParentExecId","Category":"","Description":"","Attributes":1,"ValueType":"System.Guid"},"Value":"00000000-0000-0000-0000-000000000000"},{"Key":{"Id":"InnerResultsCount","Label":"InnerResultsCount","Category":"","Description":"","Attributes":1,"ValueType":"System.Int32"},"Value":0}]},{"TestCase":{"Id":"8ebe7d1b-8437-5ccd-a863-67c3bd129874","FullyQualifiedName":"Unit_Testovi.KorisnikTests.AutomatskoGenerisanjePodatakaTest4","DisplayName":"AutomatskoGenerisanjePodatakaTest4","ExecutorUri":"executor://MSTestAdapter/v2","Source":"C:\\Users\\dzene\\Source\\Repos\\VVS_zadaca2.6\\Hypo Banka\\Unit Testovi\\bin\\Debug\\fine-code-coverage\\Unit Testovi.dll","CodeFilePath":null,"LineNumber":-1,"Properties":[{"Key":{"Id":"MSTestDiscoverer.TestClassName","Label":"ClassName","Category":"","Description":"","Attributes":1,"ValueType":"System.String"},"Value":"Unit_Testovi.KorisnikTests"},{"Key":{"Id":"TestObject.Traits","Label":"Traits","Category":"","Description":"","Attributes":5,"ValueType":"System.Collections.Generic.KeyValuePair`2[[System.String],[System.String]][]"},"Value":[]}]},"Attachments":[],"Outcome":1,"ErrorMessage":null,"ErrorStackTrace":null,"DisplayName":null,"Messages":[],"ComputerName":null,"Duration":"00:00:00.0073380","StartTime":"2020-12-02T19:10:11.5522871+01:00","EndTime":"2020-12-02T19:10:11.5599346+01:00","Properties":[{"Key":{"Id":"ExecutionId","Label":"ExecutionId","Category":"","Description":"","Attributes":1,"ValueType":"System.Guid"},"Value":"00000000-0000-0000-0000-000000000000"},{"Key":{"Id":"ParentExecId","Label":"ParentExecId","Category":"","Description":"","Attributes":1,"ValueType":"System.Guid"},"Value":"00000000-0000-0000-0000-000000000000"},{"Key":{"Id":"InnerResultsCount","Label":"InnerResultsCount","Category":"","Description":"","Attributes":1,"ValueType":"System.Int32"},"Value":0}]},{"TestCase":{"Id":"741ffac7-c42d-50bf-19c9-a69733933022","FullyQualifiedName":"Unit_Testovi.KreditTest.ProvjeriStanjeOtplateTest","DisplayName":"ProvjeriStanjeOtplateTest","ExecutorUri":"executor://MSTestAdapter/v2","Source":"C:\\Users\\dzene\\Source\\Repos\\VVS_zadaca2.6\\Hypo Banka\\Unit Testovi\\bin\\Debug\\fine-code-coverage\\Unit Testovi.dll","CodeFilePath":null,"LineNumber":-1,"Properties":[{"Key":{"Id":"MSTestDiscoverer.TestClassName","Label":"ClassName","Category":"","Description":"","Attributes":1,"ValueType":"System.String"},"Value":"Unit_Testovi.KreditTest"},{"Key":{"Id":"TestObject.Traits","Label":"Traits","Category":"","Description":"","Attributes":5,"ValueType":"System.Collections.Generic.KeyValuePair`2[[System.String],[System.String]][]"},"Value":[]}]},"Attachments":[],"Outcome":1,"ErrorMessage":null,"ErrorStackTrace":null,"DisplayName":null,"Messages":[],"ComputerName":null,"Duration":"00:00:00.0018358","StartTime":"2020-12-02T19:10:11.5705737+01:00","EndTime":"2020-12-02T19:10:11.5729661+01:00","Properties":[{"Key":{"Id":"ExecutionId","Label":"ExecutionId","Category":"","Description":"","Attributes":1,"ValueType":"System.Guid"},"Value":"00000000-0000-0000-0000-000000000000"},{"Key":{"Id":"ParentExecId","Label":"ParentExecId","Category":"","Description":"","Attributes":1,"ValueType":"System.Guid"},"Value":"00000000-0000-0000-0000-000000000000"},{"Key":{"Id":"InnerResultsCount","Label":"InnerResultsCount","Category":"","Description":"","Attributes":1,"ValueType":"System.Int32"},"Value":0}]},{"TestCase":{"Id":"319d1a4d-4758-23c4-cc70-f6f453db5b16","FullyQualifiedName":"Unit_Testovi.KreditTest.ValidacijaKamatneStopeiRokaOtplate","DisplayName":"ValidacijaKamatneStopeiRokaOtplate","ExecutorUri":"executor://MSTestAdapter/v2","Source":"C:\\Users\\dzene\\Source\\Repos\\VVS_zadaca2.6\\Hypo Banka\\Unit Testovi\\bin\\Debug\\fine-code-coverage\\Unit Testovi.dll","CodeFilePath":null,"LineNumber":-1,"Properties":[{"Key":{"Id":"MSTestDiscoverer.TestClassName","Label":"ClassName","Category":"","Description":"","Attributes":1,"ValueType":"System.String"},"Value":"Unit_Testovi.KreditTest"},{"Key":{"Id":"TestObject.Traits","Label":"Traits","Category":"","Description":"","Attributes":5,"ValueType":"System.Collections.Generic.KeyValuePair`2[[System.String],[System.String]][]"},"Value":[]}]},"Attachments":[],"Outcome":1,"ErrorMessage":null,"ErrorStackTrace":null,"DisplayName":null,"Messages":[],"ComputerName":null,"Duration":"00:00:00.0031179","StartTime":"2020-12-02T19:10:11.5826814+01:00","EndTime":"2020-12-02T19:10:11.5860409+01:00","Properties":[{"Key":{"Id":"ExecutionId","Label":"ExecutionId","Category":"","Description":"","Attributes":1,"ValueType":"System.Guid"},"Value":"47ac7aa5-2b92-4caf-897e-9d5e46dd879e"},{"Key":{"Id":"ParentExecId","Label":"ParentExecId","Category":"","Description":"","Attributes":1,"ValueType":"System.Guid"},"Value":"00000000-0000-0000-0000-000000000000"},{"Key":{"Id":"InnerResultsCount","Label":"InnerResultsCount","Category":"","Description":"","Attributes":1,"ValueType":"System.Int32"},"Value":3}]},{"TestCase":{"Id":"319d1a4d-4758-23c4-cc70-f6f453db5b16","FullyQualifiedName":"Unit_Testovi.KreditTest.ValidacijaKamatneStopeiRokaOtplate","DisplayName":"ValidacijaKamatneStopeiRokaOtplate","ExecutorUri":"executor://MSTestAdapter/v2","Source":"C:\\Users\\dzene\\Source\\Repos\\VVS_zadaca2.6\\Hypo Banka\\Unit Testovi\\bin\\Debug\\fine-code-coverage\\Unit Testovi.dll","CodeFilePath":null,"LineNumber":-1,"Properties":[{"Key":{"Id":"MSTestDiscoverer.TestClassName","Label":"ClassName","Category":"","Description":"","Attributes":1,"ValueType":"System.String"},"Value":"Unit_Testovi.KreditTest"},{"Key":{"Id":"TestObject.Traits","Label":"Traits","Category":"","Description":"","Attributes":5,"ValueType":"System.Collections.Generic.KeyValuePair`2[[System.String],[System.String]][]"},"Value":[]}]},"Attachments":[],"Outcome":1,"ErrorMessage":null,"ErrorStackTrace":null,"DisplayName":"ValidacijaKamatneStopeiRokaOtplate (Hypo_Banka.Klijent,10000,500,0.03,1/1/2032 12:00:00 AM)","Messages":[],"ComputerName":null,"Duration":"00:00:00.0010402","StartTime":"2020-12-02T19:10:11.5826814+01:00","EndTime":"2020-12-02T19:10:11.5860409+01:00","Properties":[{"Key":{"Id":"ExecutionId","Label":"ExecutionId","Category":"","Description":"","Attributes":1,"ValueType":"System.Guid"},"Value":"c3cab49e-0770-4b53-98d9-3aa24ec60dcb"},{"Key":{"Id":"ParentExecId","Label":"ParentExecId","Category":"","Description":"","Attributes":1,"ValueType":"System.Guid"},"Value":"47ac7aa5-2b92-4caf-897e-9d5e46dd879e"},{"Key":{"Id":"InnerResultsCount","Label":"InnerResultsCount","Category":"","Description":"","Attributes":1,"ValueType":"System.Int32"},"Value":0}]},{"TestCase":{"Id":"319d1a4d-4758-23c4-cc70-f6f453db5b16","FullyQualifiedName":"Unit_Testovi.KreditTest.ValidacijaKamatneStopeiRokaOtplate","DisplayName":"ValidacijaKamatneStopeiRokaOtplate","ExecutorUri":"executor://MSTestAdapter/v2","Source":"C:\\Users\\dzene\\Source\\Repos\\VVS_zadaca2.6\\Hypo Banka\\Unit Testovi\\bin\\Debug\\fine-code-coverage\\Unit Testovi.dll","CodeFilePath":null,"LineNumber":-1,"Properties":[{"Key":{"Id":"MSTestDiscoverer.TestClassName","Label":"ClassName","Category":"","Description":"","Attributes":1,"ValueType":"System.String"},"Value":"Unit_Testovi.KreditTest"},{"Key":{"Id":"TestObject.Traits","Label":"Traits","Category":"","Description":"","Attributes":5,"ValueType":"System.Collections.Generic.KeyValuePair`2[[System.String],[System.String]][]"},"Value":[]}]},"Attachments":[],"Outcome":1,"ErrorMessage":null,"ErrorStackTrace":null,"DisplayName":"ValidacijaKamatneStopeiRokaOtplate (Hypo_Banka.Klijent,21333,764,0.12,1/1/2019 12:00:00 AM)","Messages":[],"ComputerName":null,"Duration":"00:00:00.0005007","StartTime":"2020-12-02T19:10:11.5826814+01:00","EndTime":"2020-12-02T19:10:11.5860409+01:00","Properties":[{"Key":{"Id":"ExecutionId","Label":"ExecutionId","Category":"","Description":"","Attributes":1,"ValueType":"System.Guid"},"Value":"7f7056db-9335-4060-9aa0-fa149ead4589"},{"Key":{"Id":"ParentExecId","Label":"ParentExecId","Category":"","Description":"","Attributes":1,"ValueType":"System.Guid"},"Value":"47ac7aa5-2b92-4caf-897e-9d5e46dd879e"},{"Key":{"Id":"InnerResultsCount","Label":"InnerResultsCount","Category":"","Description":"","Attributes":1,"ValueType":"System.Int32"},"Value":0}]}],"TestRunStatistics":{"ExecutedTests":38,"Stats":{"Passed":38}},"ActiveTests":[]}}
TpTrace Verbose: 0 : 13840, 4, 2020/12/02, 19:10:11.594, 369362529089, testhost.dll, TestRunCache: OnNewTestResult: Notified the onCacheHit callback.
TpTrace Verbose: 0 : 13840, 4, 2020/12/02, 19:10:11.594, 369362531186, testhost.dll, TestExecutionRecorder.RecordEnd: test: Unit_Testovi.KreditTest.ValidacijaKamatneStopeiRokaOtplate execution completed.
TpTrace Warning: 0 : 13840, 4, 2020/12/02, 19:10:11.594, 369362532401, testhost.dll, InProgressTests is null
TpTrace Verbose: 0 : 13840, 4, 2020/12/02, 19:10:11.594, 369362533534, testhost.dll, TestExecutionRecorder.RecordResult: Received result for test: Unit_Testovi.KreditTest.ValidacijaKamatneStopeiRokaOtplate.
TpTrace Warning: 0 : 13840, 4, 2020/12/02, 19:10:11.594, 369362535200, testhost.dll, InProgressTests is null
TpTrace Warning: 0 : 13840, 4, 2020/12/02, 19:10:11.594, 369362536441, testhost.dll, TestRunCache: No test found corresponding to testResult 'ValidacijaKamatneStopeiRokaOtplate  Passed' in inProgress list.
TpTrace Verbose: 0 : 13840, 4, 2020/12/02, 19:10:11.594, 369362537751, testhost.dll, TestExecutionRecorder.RecordStart: Starting test: Unit_Testovi.KreditTest.ValidacijaIznosaIRate.
TpTrace Verbose: 0 : 13840, 4, 2020/12/02, 19:10:11.602, 369362608953, testhost.dll, TestExecutionRecorder.RecordEnd: test: Unit_Testovi.KreditTest.ValidacijaIznosaIRate execution completed.
TpTrace Verbose: 0 : 13840, 4, 2020/12/02, 19:10:11.606, 369362656619, testhost.dll, TestExecutionRecorder.RecordResult: Received result for test: Unit_Testovi.KreditTest.ValidacijaIznosaIRate.
TpTrace Warning: 0 : 13840, 4, 2020/12/02, 19:10:11.607, 369362659491, testhost.dll, InProgressTests is null
TpTrace Warning: 0 : 13840, 4, 2020/12/02, 19:10:11.607, 369362661669, testhost.dll, TestRunCache: No test found corresponding to testResult 'ValidacijaIznosaIRate  Passed' in inProgress list.
TpTrace Verbose: 0 : 13840, 4, 2020/12/02, 19:10:11.607, 369362663882, testhost.dll, TestExecutionRecorder.RecordEnd: test: Unit_Testovi.KreditTest.ValidacijaIznosaIRate execution completed.
TpTrace Warning: 0 : 13840, 4, 2020/12/02, 19:10:11.607, 369362665752, testhost.dll, InProgressTests is null
TpTrace Verbose: 0 : 13840, 4, 2020/12/02, 19:10:11.607, 369362667582, testhost.dll, TestExecutionRecorder.RecordResult: Received result for test: Unit_Testovi.KreditTest.ValidacijaIznosaIRate.
TpTrace Warning: 0 : 13840, 4, 2020/12/02, 19:10:11.608, 369362669675, testhost.dll, InProgressTests is null
TpTrace Warning: 0 : 13840, 4, 2020/12/02, 19:10:11.608, 369362671663, testhost.dll, TestRunCache: No test found corresponding to testResult 'ValidacijaIznosaIRate  Passed' in inProgress list.
TpTrace Verbose: 0 : 13840, 4, 2020/12/02, 19:10:11.608, 369362673687, testhost.dll, TestExecutionRecorder.RecordEnd: test: Unit_Testovi.KreditTest.ValidacijaIznosaIRate execution completed.
TpTrace Warning: 0 : 13840, 4, 2020/12/02, 19:10:11.608, 369362675517, testhost.dll, InProgressTests is null
TpTrace Verbose: 0 : 13840, 4, 2020/12/02, 19:10:11.608, 369362677421, testhost.dll, TestExecutionRecorder.RecordResult: Received result for test: Unit_Testovi.KreditTest.ValidacijaIznosaIRate.
TpTrace Warning: 0 : 13840, 4, 2020/12/02, 19:10:11.609, 369362679512, testhost.dll, InProgressTests is null
TpTrace Warning: 0 : 13840, 4, 2020/12/02, 19:10:11.609, 369362681434, testhost.dll, TestRunCache: No test found corresponding to testResult 'ValidacijaIznosaIRate  Passed' in inProgress list.
TpTrace Verbose: 0 : 13840, 4, 2020/12/02, 19:10:11.609, 369362683391, testhost.dll, TestExecutionRecorder.RecordEnd: test: Unit_Testovi.KreditTest.ValidacijaIznosaIRate execution completed.
TpTrace Warning: 0 : 13840, 4, 2020/12/02, 19:10:11.609, 369362685221, testhost.dll, InProgressTests is null
TpTrace Verbose: 0 : 13840, 4, 2020/12/02, 19:10:11.609, 369362687037, testhost.dll, TestExecutionRecorder.RecordResult: Received result for test: Unit_Testovi.KreditTest.ValidacijaIznosaIRate.
TpTrace Warning: 0 : 13840, 4, 2020/12/02, 19:10:11.610, 369362689083, testhost.dll, InProgressTests is null
TpTrace Warning: 0 : 13840, 4, 2020/12/02, 19:10:11.610, 369362691063, testhost.dll, TestRunCache: No test found corresponding to testResult 'ValidacijaIznosaIRate  Passed' in inProgress list.
TpTrace Verbose: 0 : 13840, 4, 2020/12/02, 19:10:11.610, 369362693204, testhost.dll, TestExecutionRecorder.RecordStart: Starting test: Unit_Testovi.KreditTest.ValidacijaKredita.
TpTrace Verbose: 0 : 13840, 4, 2020/12/02, 19:10:11.615, 369362747247, testhost.dll, TestExecutionRecorder.RecordEnd: test: Unit_Testovi.KreditTest.ValidacijaKredita execution completed.
TpTrace Verbose: 0 : 13840, 4, 2020/12/02, 19:10:11.619, 369362780338, testhost.dll, TestExecutionRecorder.RecordResult: Received result for test: Unit_Testovi.KreditTest.ValidacijaKredita.
TpTrace Warning: 0 : 13840, 4, 2020/12/02, 19:10:11.619, 369362783086, testhost.dll, InProgressTests is null
TpTrace Warning: 0 : 13840, 4, 2020/12/02, 19:10:11.619, 369362785000, testhost.dll, TestRunCache: No test found corresponding to testResult 'ValidacijaKredita  Passed' in inProgress list.
TpTrace Verbose: 0 : 13840, 4, 2020/12/02, 19:10:11.619, 369362786374, testhost.dll, TestExecutionRecorder.RecordEnd: test: Unit_Testovi.KreditTest.ValidacijaKredita execution completed.
TpTrace Warning: 0 : 13840, 4, 2020/12/02, 19:10:11.619, 369362787537, testhost.dll, InProgressTests is null
TpTrace Verbose: 0 : 13840, 4, 2020/12/02, 19:10:11.619, 369362788694, testhost.dll, TestExecutionRecorder.RecordResult: Received result for test: Unit_Testovi.KreditTest.ValidacijaKredita.
TpTrace Warning: 0 : 13840, 4, 2020/12/02, 19:10:11.620, 369362789962, testhost.dll, InProgressTests is null
TpTrace Warning: 0 : 13840, 4, 2020/12/02, 19:10:11.620, 369362791148, testhost.dll, TestRunCache: No test found corresponding to testResult 'ValidacijaKredita  Passed' in inProgress list.
TpTrace Verbose: 0 : 13840, 4, 2020/12/02, 19:10:11.620, 369362792495, testhost.dll, TestExecutionRecorder.RecordEnd: test: Unit_Testovi.KreditTest.ValidacijaKredita execution completed.
TpTrace Warning: 0 : 13840, 4, 2020/12/02, 19:10:11.620, 369362793624, testhost.dll, InProgressTests is null
TpTrace Verbose: 0 : 13840, 4, 2020/12/02, 19:10:11.620, 369362794716, testhost.dll, TestExecutionRecorder.RecordResult: Received result for test: Unit_Testovi.KreditTest.ValidacijaKredita.
TpTrace Warning: 0 : 13840, 4, 2020/12/02, 19:10:11.620, 369362795939, testhost.dll, InProgressTests is null
TpTrace Warning: 0 : 13840, 4, 2020/12/02, 19:10:11.620, 369362797119, testhost.dll, TestRunCache: No test found corresponding to testResult 'ValidacijaKredita  Passed' in inProgress list.
TpTrace Verbose: 0 : 13840, 4, 2020/12/02, 19:10:11.620, 369362798355, testhost.dll, TestExecutionRecorder.RecordEnd: test: Unit_Testovi.KreditTest.ValidacijaKredita execution completed.
TpTrace Warning: 0 : 13840, 4, 2020/12/02, 19:10:11.621, 369362799458, testhost.dll, InProgressTests is null
TpTrace Verbose: 0 : 13840, 4, 2020/12/02, 19:10:11.621, 369362800542, testhost.dll, TestExecutionRecorder.RecordResult: Received result for test: Unit_Testovi.KreditTest.ValidacijaKredita.
TpTrace Warning: 0 : 13840, 4, 2020/12/02, 19:10:11.621, 369362801842, testhost.dll, InProgressTests is null
TpTrace Warning: 0 : 13840, 4, 2020/12/02, 19:10:11.621, 369362803081, testhost.dll, TestRunCache: No test found corresponding to testResult 'ValidacijaKredita  Passed' in inProgress list.
TpTrace Verbose: 0 : 13840, 4, 2020/12/02, 19:10:11.621, 369362804421, testhost.dll, TestExecutionRecorder.RecordStart: Starting test: Unit_Testovi.KreditTest.TestGeteri.
TpTrace Information: 0 : 13840, 4, 2020/12/02, 19:10:11.621, 369362805598, testhost.dll, Sending test run statistics
TpTrace Verbose: 0 : 13840, 4, 2020/12/02, 19:10:11.623, 369362825682, testhost.dll, TestRequestHandler.SendData:  sending data from testhost: {"Version":2,"MessageType":"TestExecution.StatsChange","Payload":{"NewTestResults":[{"TestCase":{"Id":"319d1a4d-4758-23c4-cc70-f6f453db5b16","FullyQualifiedName":"Unit_Testovi.KreditTest.ValidacijaKamatneStopeiRokaOtplate","DisplayName":"ValidacijaKamatneStopeiRokaOtplate","ExecutorUri":"executor://MSTestAdapter/v2","Source":"C:\\Users\\dzene\\Source\\Repos\\VVS_zadaca2.6\\Hypo Banka\\Unit Testovi\\bin\\Debug\\fine-code-coverage\\Unit Testovi.dll","CodeFilePath":null,"LineNumber":-1,"Properties":[{"Key":{"Id":"MSTestDiscoverer.TestClassName","Label":"ClassName","Category":"","Description":"","Attributes":1,"ValueType":"System.String"},"Value":"Unit_Testovi.KreditTest"},{"Key":{"Id":"TestObject.Traits","Label":"Traits","Category":"","Description":"","Attributes":5,"ValueType":"System.Collections.Generic.KeyValuePair`2[[System.String],[System.String]][]"},"Value":[]}]},"Attachments":[],"Outcome":1,"ErrorMessage":null,"ErrorStackTrace":null,"DisplayName":"ValidacijaKamatneStopeiRokaOtplate (Hypo_Banka.Klijent,10000,500,-1,1/1/2021 12:00:00 AM)","Messages":[],"ComputerName":null,"Duration":"00:00:00.0004593","StartTime":"2020-12-02T19:10:11.5826814+01:00","EndTime":"2020-12-02T19:10:11.5860409+01:00","Properties":[{"Key":{"Id":"ExecutionId","Label":"ExecutionId","Category":"","Description":"","Attributes":1,"ValueType":"System.Guid"},"Value":"08c354d5-2863-434b-b018-260ee7b6b0a2"},{"Key":{"Id":"ParentExecId","Label":"ParentExecId","Category":"","Description":"","Attributes":1,"ValueType":"System.Guid"},"Value":"47ac7aa5-2b92-4caf-897e-9d5e46dd879e"},{"Key":{"Id":"InnerResultsCount","Label":"InnerResultsCount","Category":"","Description":"","Attributes":1,"ValueType":"System.Int32"},"Value":0}]},{"TestCase":{"Id":"1d7eb026-73a1-dc80-af63-b2c6d0e61173","FullyQualifiedName":"Unit_Testovi.KreditTest.ValidacijaIznosaIRate","DisplayName":"ValidacijaIznosaIRate","ExecutorUri":"executor://MSTestAdapter/v2","Source":"C:\\Users\\dzene\\Source\\Repos\\VVS_zadaca2.6\\Hypo Banka\\Unit Testovi\\bin\\Debug\\fine-code-coverage\\Unit Testovi.dll","CodeFilePath":null,"LineNumber":-1,"Properties":[{"Key":{"Id":"MSTestDiscoverer.TestClassName","Label":"ClassName","Category":"","Description":"","Attributes":1,"ValueType":"System.String"},"Value":"Unit_Testovi.KreditTest"},{"Key":{"Id":"TestObject.Traits","Label":"Traits","Category":"","Description":"","Attributes":5,"ValueType":"System.Collections.Generic.KeyValuePair`2[[System.String],[System.String]][]"},"Value":[]}]},"Attachments":[],"Outcome":1,"ErrorMessage":null,"ErrorStackTrace":null,"DisplayName":null,"Messages":[],"ComputerName":null,"Duration":"00:00:00.0041953","StartTime":"2020-12-02T19:10:11.5974161+01:00","EndTime":"2020-12-02T19:10:11.6019819+01:00","Properties":[{"Key":{"Id":"ExecutionId","Label":"ExecutionId","Category":"","Description":"","Attributes":1,"ValueType":"System.Guid"},"Value":"a9392ba4-f5b3-43b3-bfe5-07d288257331"},{"Key":{"Id":"ParentExecId","Label":"ParentExecId","Category":"","Description":"","Attributes":1,"ValueType":"System.Guid"},"Value":"00000000-0000-0000-0000-000000000000"},{"Key":{"Id":"InnerResultsCount","Label":"InnerResultsCount","Category":"","Description":"","Attributes":1,"ValueType":"System.Int32"},"Value":3}]},{"TestCase":{"Id":"1d7eb026-73a1-dc80-af63-b2c6d0e61173","FullyQualifiedName":"Unit_Testovi.KreditTest.ValidacijaIznosaIRate","DisplayName":"ValidacijaIznosaIRate","ExecutorUri":"executor://MSTestAdapter/v2","Source":"C:\\Users\\dzene\\Source\\Repos\\VVS_zadaca2.6\\Hypo Banka\\Unit Testovi\\bin\\Debug\\fine-code-coverage\\Unit Testovi.dll","CodeFilePath":null,"LineNumber":-1,"Properties":[{"Key":{"Id":"MSTestDiscoverer.TestClassName","Label":"ClassName","Category":"","Description":"","Attributes":1,"ValueType":"System.String"},"Value":"Unit_Testovi.KreditTest"},{"Key":{"Id":"TestObject.Traits","Label":"Traits","Category":"","Description":"","Attributes":5,"ValueType":"System.Collections.Generic.KeyValuePair`2[[System.String],[System.String]][]"},"Value":[]}]},"Attachments":[],"Outcome":1,"ErrorMessage":null,"ErrorStackTrace":null,"DisplayName":"ValidacijaIznosaIRate (Hypo_Banka.Klijent,100001,5000,0.03,1/1/2025 12:00:00 AM)","Messages":[],"ComputerName":null,"Duration":"00:00:00.0012862","StartTime":"2020-12-02T19:10:11.5974161+01:00","EndTime":"2020-12-02T19:10:11.6019819+01:00","Properties":[{"Key":{"Id":"ExecutionId","Label":"ExecutionId","Category":"","Description":"","Attributes":1,"ValueType":"System.Guid"},"Value":"004652bd-aa3b-423d-8617-70c8ed406697"},{"Key":{"Id":"ParentExecId","Label":"ParentExecId","Category":"","Description":"","Attributes":1,"ValueType":"System.Guid"},"Value":"a9392ba4-f5b3-43b3-bfe5-07d288257331"},{"Key":{"Id":"InnerResultsCount","Label":"InnerResultsCount","Category":"","Description":"","Attributes":1,"ValueType":"System.Int32"},"Value":0}]},{"TestCase":{"Id":"1d7eb026-73a1-dc80-af63-b2c6d0e61173","FullyQualifiedName":"Unit_Testovi.KreditTest.ValidacijaIznosaIRate","DisplayName":"ValidacijaIznosaIRate","ExecutorUri":"executor://MSTestAdapter/v2","Source":"C:\\Users\\dzene\\Source\\Repos\\VVS_zadaca2.6\\Hypo Banka\\Unit Testovi\\bin\\Debug\\fine-code-coverage\\Unit Testovi.dll","CodeFilePath":null,"LineNumber":-1,"Properties":[{"Key":{"Id":"MSTestDiscoverer.TestClassName","Label":"ClassName","Category":"","Description":"","Attributes":1,"ValueType":"System.String"},"Value":"Unit_Testovi.KreditTest"},{"Key":{"Id":"TestObject.Traits","Label":"Traits","Category":"","Description":"","Attributes":5,"ValueType":"System.Collections.Generic.KeyValuePair`2[[System.String],[System.String]][]"},"Value":[]}]},"Attachments":[],"Outcome":1,"ErrorMessage":null,"ErrorStackTrace":null,"DisplayName":"ValidacijaIznosaIRate (Hypo_Banka.Klijent,15000,-300,0.09,2/7/2026 12:00:00 AM)","Messages":[],"ComputerName":null,"Duration":"00:00:00.0008831","StartTime":"2020-12-02T19:10:11.5974161+01:00","EndTime":"2020-12-02T19:10:11.6019819+01:00","Properties":[{"Key":{"Id":"ExecutionId","Label":"ExecutionId","Category":"","Description":"","Attributes":1,"ValueType":"System.Guid"},"Value":"5153befc-1e31-44ef-aa77-98a2129d10e0"},{"Key":{"Id":"ParentExecId","Label":"ParentExecId","Category":"","Description":"","Attributes":1,"ValueType":"System.Guid"},"Value":"a9392ba4-f5b3-43b3-bfe5-07d288257331"},{"Key":{"Id":"InnerResultsCount","Label":"InnerResultsCount","Category":"","Description":"","Attributes":1,"ValueType":"System.Int32"},"Value":0}]},{"TestCase":{"Id":"1d7eb026-73a1-dc80-af63-b2c6d0e61173","FullyQualifiedName":"Unit_Testovi.KreditTest.ValidacijaIznosaIRate","DisplayName":"ValidacijaIznosaIRate","ExecutorUri":"executor://MSTestAdapter/v2","Source":"C:\\Users\\dzene\\Source\\Repos\\VVS_zadaca2.6\\Hypo Banka\\Unit Testovi\\bin\\Debug\\fine-code-coverage\\Unit Testovi.dll","CodeFilePath":null,"LineNumber":-1,"Properties":[{"Key":{"Id":"MSTestDiscoverer.TestClassName","Label":"ClassName","Category":"","Description":"","Attributes":1,"ValueType":"System.String"},"Value":"Unit_Testovi.KreditTest"},{"Key":{"Id":"TestObject.Traits","Label":"Traits","Category":"","Description":"","Attributes":5,"ValueType":"System.Collections.Generic.KeyValuePair`2[[System.String],[System.String]][]"},"Value":[]}]},"Attachments":[],"Outcome":1,"ErrorMessage":null,"ErrorStackTrace":null,"DisplayName":"ValidacijaIznosaIRate (Hypo_Banka.Klijent,-120000,4001,0.05,1/8/2021 12:00:00 AM)","Messages":[],"ComputerName":null,"Duration":"00:00:00.0008121","StartTime":"2020-12-02T19:10:11.5974161+01:00","EndTime":"2020-12-02T19:10:11.6019819+01:00","Properties":[{"Key":{"Id":"ExecutionId","Label":"ExecutionId","Category":"","Description":"","Attributes":1,"ValueType":"System.Guid"},"Value":"516c1dd5-3ba9-47a8-9e7a-669d649d8111"},{"Key":{"Id":"ParentExecId","Label":"ParentExecId","Category":"","Description":"","Attributes":1,"ValueType":"System.Guid"},"Value":"a9392ba4-f5b3-43b3-bfe5-07d288257331"},{"Key":{"Id":"InnerResultsCount","Label":"InnerResultsCount","Category":"","Description":"","Attributes":1,"ValueType":"System.Int32"},"Value":0}]},{"TestCase":{"Id":"a991acb0-1aa8-7596-a154-88b5f3920d63","FullyQualifiedName":"Unit_Testovi.KreditTest.ValidacijaKredita","DisplayName":"ValidacijaKredita","ExecutorUri":"executor://MSTestAdapter/v2","Source":"C:\\Users\\dzene\\Source\\Repos\\VVS_zadaca2.6\\Hypo Banka\\Unit Testovi\\bin\\Debug\\fine-code-coverage\\Unit Testovi.dll","CodeFilePath":null,"LineNumber":-1,"Properties":[{"Key":{"Id":"MSTestDiscoverer.TestClassName","Label":"ClassName","Category":"","Description":"","Attributes":1,"ValueType":"System.String"},"Value":"Unit_Testovi.KreditTest"},{"Key":{"Id":"TestObject.Traits","Label":"Traits","Category":"","Description":"","Attributes":5,"ValueType":"System.Collections.Generic.KeyValuePair`2[[System.String],[System.String]][]"},"Value":[]}]},"Attachments":[],"Outcome":1,"ErrorMessage":null,"ErrorStackTrace":null,"DisplayName":null,"Messages":[],"ComputerName":null,"Duration":"00:00:00.0018170","StartTime":"2020-12-02T19:10:11.6137637+01:00","EndTime":"2020-12-02T19:10:11.6158196+01:00","Properties":[{"Key":{"Id":"ExecutionId","Label":"ExecutionId","Category":"","Description":"","Attributes":1,"ValueType":"System.Guid"},"Value":"ba929489-60c3-407e-b88d-1db811f6e6da"},{"Key":{"Id":"ParentExecId","Label":"ParentExecId","Category":"","Description":"","Attributes":1,"ValueType":"System.Guid"},"Value":"00000000-0000-0000-0000-000000000000"},{"Key":{"Id":"InnerResultsCount","Label":"InnerResultsCount","Category":"","Description":"","Attributes":1,"ValueType":"System.Int32"},"Value":3}]},{"TestCase":{"Id":"a991acb0-1aa8-7596-a154-88b5f3920d63","FullyQualifiedName":"Unit_Testovi.KreditTest.ValidacijaKredita","DisplayName":"ValidacijaKredita","ExecutorUri":"executor://MSTestAdapter/v2","Source":"C:\\Users\\dzene\\Source\\Repos\\VVS_zadaca2.6\\Hypo Banka\\Unit Testovi\\bin\\Debug\\fine-code-coverage\\Unit Testovi.dll","CodeFilePath":null,"LineNumber":-1,"Properties":[{"Key":{"Id":"MSTestDiscoverer.TestClassName","Label":"ClassName","Category":"","Description":"","Attributes":1,"ValueType":"System.String"},"Value":"Unit_Testovi.KreditTest"},{"Key":{"Id":"TestObject.Traits","Label":"Traits","Category":"","Description":"","Attributes":5,"ValueType":"System.Collections.Generic.KeyValuePair`2[[System.String],[System.String]][]"},"Value":[]}]},"Attachments":[],"Outcome":1,"ErrorMessage":null,"ErrorStackTrace":null,"DisplayName":"ValidacijaKredita (Hypo_Banka.Klijent,90000,500,0.03,1/1/2025 12:00:00 AM)","Messages":[],"ComputerName":null,"Duration":"00:00:00.0003029","StartTime":"2020-12-02T19:10:11.6137637+01:00","EndTime":"2020-12-02T19:10:11.6158196+01:00","Properties":[{"Key":{"Id":"ExecutionId","Label":"ExecutionId","Category":"","Description":"","Attributes":1,"ValueType":"System.Guid"},"Value":"543b6768-e0b7-4362-b72e-c5a01614b4dc"},{"Key":{"Id":"ParentExecId","Label":"ParentExecId","Category":"","Description":"","Attributes":1,"ValueType":"System.Guid"},"Value":"ba929489-60c3-407e-b88d-1db811f6e6da"},{"Key":{"Id":"InnerResultsCount","Label":"InnerResultsCount","Category":"","Description":"","Attributes":1,"ValueType":"System.Int32"},"Value":0}]},{"TestCase":{"Id":"a991acb0-1aa8-7596-a154-88b5f3920d63","FullyQualifiedName":"Unit_Testovi.KreditTest.ValidacijaKredita","DisplayName":"ValidacijaKredita","ExecutorUri":"executor://MSTestAdapter/v2","Source":"C:\\Users\\dzene\\Source\\Repos\\VVS_zadaca2.6\\Hypo Banka\\Unit Testovi\\bin\\Debug\\fine-code-coverage\\Unit Testovi.dll","CodeFilePath":null,"LineNumber":-1,"Properties":[{"Key":{"Id":"MSTestDiscoverer.TestClassName","Label":"ClassName","Category":"","Description":"","Attributes":1,"ValueType":"System.String"},"Value":"Unit_Testovi.KreditTest"},{"Key":{"Id":"TestObject.Traits","Label":"Traits","Category":"","Description":"","Attributes":5,"ValueType":"System.Collections.Generic.KeyValuePair`2[[System.String],[System.String]][]"},"Value":[]}]},"Attachments":[],"Outcome":1,"ErrorMessage":null,"ErrorStackTrace":null,"DisplayName":"ValidacijaKredita (Hypo_Banka.Klijent,2000,200,0.09,3/1/2026 12:00:00 AM)","Messages":[],"ComputerName":null,"Duration":"00:00:00.0000214","StartTime":"2020-12-02T19:10:11.6137637+01:00","EndTime":"2020-12-02T19:10:11.6158196+01:00","Properties":[{"Key":{"Id":"ExecutionId","Label":"ExecutionId","Category":"","Description":"","Attributes":1,"ValueType":"System.Guid"},"Value":"751784a4-b3cc-42b6-b1ca-1e288d24b84b"},{"Key":{"Id":"ParentExecId","Label":"ParentExecId","Category":"","Description":"","Attributes":1,"ValueType":"System.Guid"},"Value":"ba929489-60c3-407e-b88d-1db811f6e6da"},{"Key":{"Id":"InnerResultsCount","Label":"InnerResultsCount","Category":"","Description":"","Attributes":1,"ValueType":"System.Int32"},"Value":0}]},{"TestCase":{"Id":"a991acb0-1aa8-7596-a154-88b5f3920d63","FullyQualifiedName":"Unit_Testovi.KreditTest.ValidacijaKredita","DisplayName":"ValidacijaKredita","ExecutorUri":"executor://MSTestAdapter/v2","Source":"C:\\Users\\dzene\\Source\\Repos\\VVS_zadaca2.6\\Hypo Banka\\Unit Testovi\\bin\\Debug\\fine-code-coverage\\Unit Testovi.dll","CodeFilePath":null,"LineNumber":-1,"Properties":[{"Key":{"Id":"MSTestDiscoverer.TestClassName","Label":"ClassName","Category":"","Description":"","Attributes":1,"ValueType":"System.String"},"Value":"Unit_Testovi.KreditTest"},{"Key":{"Id":"TestObject.Traits","Label":"Traits","Category":"","Description":"","Attributes":5,"ValueType":"System.Collections.Generic.KeyValuePair`2[[System.String],[System.String]][]"},"Value":[]}]},"Attachments":[],"Outcome":1,"ErrorMessage":null,"ErrorStackTrace":null,"DisplayName":"ValidacijaKredita (Hypo_Banka.Klijent,34000,850,0.05,1/8/2021 12:00:00 AM)","Messages":[],"ComputerName":null,"Duration":"00:00:00.0000168","StartTime":"2020-12-02T19:10:11.6137637+01:00","EndTime":"2020-12-02T19:10:11.6158196+01:00","Properties":[{"Key":{"Id":"ExecutionId","Label":"ExecutionId","Category":"","Description":"","Attributes":1,"ValueType":"System.Guid"},"Value":"eab69942-e302-448e-8a04-d23ff8f4eebd"},{"Key":{"Id":"ParentExecId","Label":"ParentExecId","Category":"","Description":"","Attributes":1,"ValueType":"System.Guid"},"Value":"ba929489-60c3-407e-b88d-1db811f6e6da"},{"Key":{"Id":"InnerResultsCount","Label":"InnerResultsCount","Category":"","Description":"","Attributes":1,"ValueType":"System.Int32"},"Value":0}]}],"TestRunStatistics":{"ExecutedTests":47,"Stats":{"Passed":47}},"ActiveTests":[{"Id":"814bc1d6-185d-76d2-8ad2-cf6df4a535e2","FullyQualifiedName":"Unit_Testovi.KreditTest.TestGeteri","DisplayName":"TestGeteri","ExecutorUri":"executor://MSTestAdapter/v2","Source":"C:\\Users\\dzene\\Source\\Repos\\VVS_zadaca2.6\\Hypo Banka\\Unit Testovi\\bin\\Debug\\fine-code-coverage\\Unit Testovi.dll","CodeFilePath":null,"LineNumber":-1,"Properties":[{"Key":{"Id":"MSTestDiscoverer.TestClassName","Label":"ClassName","Category":"","Description":"","Attributes":1,"ValueType":"System.String"},"Value":"Unit_Testovi.KreditTest"},{"Key":{"Id":"TestObject.Traits","Label":"Traits","Category":"","Description":"","Attributes":5,"ValueType":"System.Collections.Generic.KeyValuePair`2[[System.String],[System.String]][]"},"Value":[]}]}]}}
TpTrace Verbose: 0 : 13840, 4, 2020/12/02, 19:10:11.624, 369362832277, testhost.dll, TestRunCache: OnNewTestResult: Notified the onCacheHit callback.
TpTrace Verbose: 0 : 13840, 9, 2020/12/02, 19:10:11.627, 369362864120, testhost.dll, TcpClientExtensions.MessageLoopAsync: Polling on remoteEndPoint: [::ffff:127.0.0.1]:58864 localEndPoint: [::ffff:127.0.0.1]:58865
TpTrace Verbose: 0 : 13840, 4, 2020/12/02, 19:10:11.631, 369362903878, testhost.dll, TestExecutionRecorder.RecordEnd: test: Unit_Testovi.KreditTest.TestGeteri execution completed.
TpTrace Warning: 0 : 13840, 4, 2020/12/02, 19:10:11.631, 369362906506, testhost.dll, InProgressTests is null
TpTrace Verbose: 0 : 13840, 4, 2020/12/02, 19:10:11.634, 369362937771, testhost.dll, TestExecutionRecorder.RecordResult: Received result for test: Unit_Testovi.KreditTest.TestGeteri.
TpTrace Warning: 0 : 13840, 4, 2020/12/02, 19:10:11.635, 369362940261, testhost.dll, InProgressTests is null
TpTrace Warning: 0 : 13840, 4, 2020/12/02, 19:10:11.635, 369362941676, testhost.dll, TestRunCache: No test found corresponding to testResult 'TestGeteri  Passed' in inProgress list.
TpTrace Verbose: 0 : 13840, 4, 2020/12/02, 19:10:11.635, 369362943044, testhost.dll, TestExecutionRecorder.RecordStart: Starting test: Unit_Testovi.NoviTestovi.TestZamjenskiObjekat.
TpTrace Verbose: 0 : 13840, 4, 2020/12/02, 19:10:11.640, 369362989974, testhost.dll, TestExecutionRecorder.RecordEnd: test: Unit_Testovi.NoviTestovi.TestZamjenskiObjekat execution completed.
TpTrace Verbose: 0 : 13840, 4, 2020/12/02, 19:10:11.643, 369363019665, testhost.dll, TestExecutionRecorder.RecordResult: Received result for test: Unit_Testovi.NoviTestovi.TestZamjenskiObjekat.
TpTrace Warning: 0 : 13840, 4, 2020/12/02, 19:10:11.643, 369363022120, testhost.dll, InProgressTests is null
TpTrace Warning: 0 : 13840, 4, 2020/12/02, 19:10:11.643, 369363023553, testhost.dll, TestRunCache: No test found corresponding to testResult 'TestZamjenskiObjekat  Passed' in inProgress list.
TpTrace Verbose: 0 : 13840, 4, 2020/12/02, 19:10:11.643, 369363024912, testhost.dll, TestExecutionRecorder.RecordStart: Starting test: Unit_Testovi.NoviTestovi.TestSkidanjaIznosaSRačuna.
TpTrace Verbose: 0 : 13840, 4, 2020/12/02, 19:10:11.646, 369363053177, testhost.dll, TestExecutionRecorder.RecordEnd: test: Unit_Testovi.NoviTestovi.TestSkidanjaIznosaSRačuna execution completed.
TpTrace Verbose: 0 : 13840, 4, 2020/12/02, 19:10:11.649, 369363081556, testhost.dll, TestExecutionRecorder.RecordResult: Received result for test: Unit_Testovi.NoviTestovi.TestSkidanjaIznosaSRačuna.
TpTrace Warning: 0 : 13840, 4, 2020/12/02, 19:10:11.649, 369363084457, testhost.dll, InProgressTests is null
TpTrace Warning: 0 : 13840, 4, 2020/12/02, 19:10:11.649, 369363085813, testhost.dll, TestRunCache: No test found corresponding to testResult 'TestSkidanjaIznosaSRačuna  Passed' in inProgress list.
TpTrace Verbose: 0 : 13840, 4, 2020/12/02, 19:10:11.649, 369363087182, testhost.dll, TestExecutionRecorder.RecordStart: Starting test: Unit_Testovi.NoviTestovi.TestSkidanjaIznosaSVišeRačuna.
TpTrace Verbose: 0 : 13840, 4, 2020/12/02, 19:10:11.652, 369363115615, testhost.dll, TestExecutionRecorder.RecordEnd: test: Unit_Testovi.NoviTestovi.TestSkidanjaIznosaSVišeRačuna execution completed.
TpTrace Verbose: 0 : 13840, 4, 2020/12/02, 19:10:11.655, 369363146317, testhost.dll, TestExecutionRecorder.RecordResult: Received result for test: Unit_Testovi.NoviTestovi.TestSkidanjaIznosaSVišeRačuna.
TpTrace Warning: 0 : 13840, 4, 2020/12/02, 19:10:11.656, 369363148870, testhost.dll, InProgressTests is null
TpTrace Warning: 0 : 13840, 4, 2020/12/02, 19:10:11.656, 369363150243, testhost.dll, TestRunCache: No test found corresponding to testResult 'TestSkidanjaIznosaSVišeRačuna  Passed' in inProgress list.
TpTrace Verbose: 0 : 13840, 4, 2020/12/02, 19:10:11.656, 369363151617, testhost.dll, TestExecutionRecorder.RecordStart: Starting test: Unit_Testovi.NoviTestovi.TestSkidanjaIznosaIzuzetak.
TpTrace Verbose: 0 : 13840, 4, 2020/12/02, 19:10:11.659, 369363188549, testhost.dll, TestExecutionRecorder.RecordEnd: test: Unit_Testovi.NoviTestovi.TestSkidanjaIznosaIzuzetak execution completed.
TpTrace Verbose: 0 : 13840, 4, 2020/12/02, 19:10:11.662, 369363209934, testhost.dll, TestExecutionRecorder.RecordResult: Received result for test: Unit_Testovi.NoviTestovi.TestSkidanjaIznosaIzuzetak.
TpTrace Warning: 0 : 13840, 4, 2020/12/02, 19:10:11.662, 369363211739, testhost.dll, InProgressTests is null
TpTrace Warning: 0 : 13840, 4, 2020/12/02, 19:10:11.662, 369363213077, testhost.dll, TestRunCache: No test found corresponding to testResult 'TestSkidanjaIznosaIzuzetak  Passed' in inProgress list.
TpTrace Verbose: 0 : 13840, 4, 2020/12/02, 19:10:11.662, 369363214510, testhost.dll, TestExecutionRecorder.RecordStart: Starting test: Unit_Testovi.RacunTests.RacunTest.
TpTrace Verbose: 0 : 13840, 4, 2020/12/02, 19:10:11.664, 369363237312, testhost.dll, TestExecutionRecorder.RecordEnd: test: Unit_Testovi.RacunTests.RacunTest execution completed.
TpTrace Verbose: 0 : 13840, 4, 2020/12/02, 19:10:11.666, 369363256741, testhost.dll, TestExecutionRecorder.RecordResult: Received result for test: Unit_Testovi.RacunTests.RacunTest.
TpTrace Warning: 0 : 13840, 4, 2020/12/02, 19:10:11.666, 369363258553, testhost.dll, InProgressTests is null
TpTrace Warning: 0 : 13840, 4, 2020/12/02, 19:10:11.667, 369363259829, testhost.dll, TestRunCache: No test found corresponding to testResult 'RacunTest   Passed' in inProgress list.
TpTrace Verbose: 0 : 13840, 4, 2020/12/02, 19:10:11.667, 369363261151, testhost.dll, TestExecutionRecorder.RecordStart: Starting test: Unit_Testovi.RacunTests.PromijeniStanjeRačunaTestPogrešnaVerifikacija.
TpTrace Verbose: 0 : 13840, 4, 2020/12/02, 19:10:11.670, 369363288978, testhost.dll, TestExecutionRecorder.RecordEnd: test: Unit_Testovi.RacunTests.PromijeniStanjeRačunaTestPogrešnaVerifikacija execution completed.
TpTrace Verbose: 0 : 13840, 4, 2020/12/02, 19:10:11.672, 369363312356, testhost.dll, TestExecutionRecorder.RecordResult: Received result for test: Unit_Testovi.RacunTests.PromijeniStanjeRačunaTestPogrešnaVerifikacija.
TpTrace Warning: 0 : 13840, 4, 2020/12/02, 19:10:11.672, 369363314296, testhost.dll, InProgressTests is null
TpTrace Warning: 0 : 13840, 4, 2020/12/02, 19:10:11.672, 369363315594, testhost.dll, TestRunCache: No test found corresponding to testResult 'PromijeniStanjeRačunaTestPogrešnaVerifikacija  Passed' in inProgress list.
TpTrace Verbose: 0 : 13840, 4, 2020/12/02, 19:10:11.672, 369363316913, testhost.dll, TestExecutionRecorder.RecordStart: Starting test: Unit_Testovi.RacunTests.PromijeniStanjeRačunaTest.
TpTrace Verbose: 0 : 13840, 4, 2020/12/02, 19:10:11.674, 369363337244, testhost.dll, TestExecutionRecorder.RecordEnd: test: Unit_Testovi.RacunTests.PromijeniStanjeRačunaTest execution completed.
TpTrace Verbose: 0 : 13840, 4, 2020/12/02, 19:10:11.676, 369363356854, testhost.dll, TestExecutionRecorder.RecordResult: Received result for test: Unit_Testovi.RacunTests.PromijeniStanjeRačunaTest.
TpTrace Warning: 0 : 13840, 4, 2020/12/02, 19:10:11.676, 369363358642, testhost.dll, InProgressTests is null
TpTrace Warning: 0 : 13840, 4, 2020/12/02, 19:10:11.677, 369363359950, testhost.dll, TestRunCache: No test found corresponding to testResult 'PromijeniStanjeRačunaTest  Passed' in inProgress list.
TpTrace Verbose: 0 : 13840, 4, 2020/12/02, 19:10:11.677, 369363361260, testhost.dll, TestExecutionRecorder.RecordStart: Starting test: Unit_Testovi.RacunTests.RacunBlokiranjeNijeDozvoljeno1.
TpTrace Verbose: 0 : 13840, 4, 2020/12/02, 19:10:11.681, 369363404423, testhost.dll, TestExecutionRecorder.RecordEnd: test: Unit_Testovi.RacunTests.RacunBlokiranjeNijeDozvoljeno1 execution completed.
TpTrace Verbose: 0 : 13840, 4, 2020/12/02, 19:10:11.683, 369363424962, testhost.dll, TestExecutionRecorder.RecordResult: Received result for test: Unit_Testovi.RacunTests.RacunBlokiranjeNijeDozvoljeno1.
TpTrace Warning: 0 : 13840, 4, 2020/12/02, 19:10:11.683, 369363426792, testhost.dll, InProgressTests is null
TpTrace Warning: 0 : 13840, 4, 2020/12/02, 19:10:11.683, 369363428079, testhost.dll, TestRunCache: No test found corresponding to testResult 'RacunBlokiranjeNijeDozvoljeno1  Passed' in inProgress list.
TpTrace Verbose: 0 : 13840, 4, 2020/12/02, 19:10:11.684, 369363429333, testhost.dll, TestExecutionRecorder.RecordEnd: test: Unit_Testovi.RacunTests.RacunBlokiranjeNijeDozvoljeno1 execution completed.
TpTrace Warning: 0 : 13840, 4, 2020/12/02, 19:10:11.684, 369363430491, testhost.dll, InProgressTests is null
TpTrace Verbose: 0 : 13840, 4, 2020/12/02, 19:10:11.684, 369363431610, testhost.dll, TestExecutionRecorder.RecordResult: Received result for test: Unit_Testovi.RacunTests.RacunBlokiranjeNijeDozvoljeno1.
TpTrace Warning: 0 : 13840, 4, 2020/12/02, 19:10:11.684, 369363432864, testhost.dll, InProgressTests is null
TpTrace Warning: 0 : 13840, 4, 2020/12/02, 19:10:11.684, 369363434493, testhost.dll, TestRunCache: No test found corresponding to testResult 'RacunBlokiranjeNijeDozvoljeno1  Passed' in inProgress list.
TpTrace Information: 0 : 13840, 4, 2020/12/02, 19:10:11.684, 369363435671, testhost.dll, Sending test run statistics
TpTrace Verbose: 0 : 13840, 4, 2020/12/02, 19:10:11.686, 369363455307, testhost.dll, TestRequestHandler.SendData:  sending data from testhost: {"Version":2,"MessageType":"TestExecution.StatsChange","Payload":{"NewTestResults":[{"TestCase":{"Id":"814bc1d6-185d-76d2-8ad2-cf6df4a535e2","FullyQualifiedName":"Unit_Testovi.KreditTest.TestGeteri","DisplayName":"TestGeteri","ExecutorUri":"executor://MSTestAdapter/v2","Source":"C:\\Users\\dzene\\Source\\Repos\\VVS_zadaca2.6\\Hypo Banka\\Unit Testovi\\bin\\Debug\\fine-code-coverage\\Unit Testovi.dll","CodeFilePath":null,"LineNumber":-1,"Properties":[{"Key":{"Id":"MSTestDiscoverer.TestClassName","Label":"ClassName","Category":"","Description":"","Attributes":1,"ValueType":"System.String"},"Value":"Unit_Testovi.KreditTest"},{"Key":{"Id":"TestObject.Traits","Label":"Traits","Category":"","Description":"","Attributes":5,"ValueType":"System.Collections.Generic.KeyValuePair`2[[System.String],[System.String]][]"},"Value":[]}]},"Attachments":[],"Outcome":1,"ErrorMessage":null,"ErrorStackTrace":null,"DisplayName":null,"Messages":[],"ComputerName":null,"Duration":"00:00:00.0024578","StartTime":"2020-12-02T19:10:11.6286815+01:00","EndTime":"2020-12-02T19:10:11.631474+01:00","Properties":[{"Key":{"Id":"ExecutionId","Label":"ExecutionId","Category":"","Description":"","Attributes":1,"ValueType":"System.Guid"},"Value":"00000000-0000-0000-0000-000000000000"},{"Key":{"Id":"ParentExecId","Label":"ParentExecId","Category":"","Description":"","Attributes":1,"ValueType":"System.Guid"},"Value":"00000000-0000-0000-0000-000000000000"},{"Key":{"Id":"InnerResultsCount","Label":"InnerResultsCount","Category":"","Description":"","Attributes":1,"ValueType":"System.Int32"},"Value":0}]},{"TestCase":{"Id":"aef9dec6-1181-fac1-2596-b31421e8da47","FullyQualifiedName":"Unit_Testovi.NoviTestovi.TestZamjenskiObjekat","DisplayName":"TestZamjenskiObjekat","ExecutorUri":"executor://MSTestAdapter/v2","Source":"C:\\Users\\dzene\\Source\\Repos\\VVS_zadaca2.6\\Hypo Banka\\Unit Testovi\\bin\\Debug\\fine-code-coverage\\Unit Testovi.dll","CodeFilePath":null,"LineNumber":-1,"Properties":[{"Key":{"Id":"MSTestDiscoverer.TestClassName","Label":"ClassName","Category":"","Description":"","Attributes":1,"ValueType":"System.String"},"Value":"Unit_Testovi.NoviTestovi"},{"Key":{"Id":"TestObject.Traits","Label":"Traits","Category":"","Description":"","Attributes":5,"ValueType":"System.Collections.Generic.KeyValuePair`2[[System.String],[System.String]][]"},"Value":[]}]},"Attachments":[],"Outcome":1,"ErrorMessage":null,"ErrorStackTrace":null,"DisplayName":null,"Messages":[],"ComputerName":null,"Duration":"00:00:00.0007462","StartTime":"2020-12-02T19:10:11.638817+01:00","EndTime":"2020-12-02T19:10:11.6400973+01:00","Properties":[{"Key":{"Id":"ExecutionId","Label":"ExecutionId","Category":"","Description":"","Attributes":1,"ValueType":"System.Guid"},"Value":"00000000-0000-0000-0000-000000000000"},{"Key":{"Id":"ParentExecId","Label":"ParentExecId","Category":"","Description":"","Attributes":1,"ValueType":"System.Guid"},"Value":"00000000-0000-0000-0000-000000000000"},{"Key":{"Id":"InnerResultsCount","Label":"InnerResultsCount","Category":"","Description":"","Attributes":1,"ValueType":"System.Int32"},"Value":0}]},{"TestCase":{"Id":"5cf3213e-7f5b-3dd9-a044-6f83efb0a78d","FullyQualifiedName":"Unit_Testovi.NoviTestovi.TestSkidanjaIznosaSRačuna","DisplayName":"TestSkidanjaIznosaSRačuna","ExecutorUri":"executor://MSTestAdapter/v2","Source":"C:\\Users\\dzene\\Source\\Repos\\VVS_zadaca2.6\\Hypo Banka\\Unit Testovi\\bin\\Debug\\fine-code-coverage\\Unit Testovi.dll","CodeFilePath":null,"LineNumber":-1,"Properties":[{"Key":{"Id":"MSTestDiscoverer.TestClassName","Label":"ClassName","Category":"","Description":"","Attributes":1,"ValueType":"System.String"},"Value":"Unit_Testovi.NoviTestovi"},{"Key":{"Id":"TestObject.Traits","Label":"Traits","Category":"","Description":"","Attributes":5,"ValueType":"System.Collections.Generic.KeyValuePair`2[[System.String],[System.String]][]"},"Value":[]}]},"Attachments":[],"Outcome":1,"ErrorMessage":null,"ErrorStackTrace":null,"DisplayName":null,"Messages":[],"ComputerName":null,"Duration":"00:00:00.0004106","StartTime":"2020-12-02T19:10:11.6457405+01:00","EndTime":"2020-12-02T19:10:11.6464147+01:00","Properties":[{"Key":{"Id":"ExecutionId","Label":"ExecutionId","Category":"","Description":"","Attributes":1,"ValueType":"System.Guid"},"Value":"00000000-0000-0000-0000-000000000000"},{"Key":{"Id":"ParentExecId","Label":"ParentExecId","Category":"","Description":"","Attributes":1,"ValueType":"System.Guid"},"Value":"00000000-0000-0000-0000-000000000000"},{"Key":{"Id":"InnerResultsCount","Label":"InnerResultsCount","Category":"","Description":"","Attributes":1,"ValueType":"System.Int32"},"Value":0}]},{"TestCase":{"Id":"d1ff441f-0941-1549-c823-437ca7a58d70","FullyQualifiedName":"Unit_Testovi.NoviTestovi.TestSkidanjaIznosaSVišeRačuna","DisplayName":"TestSkidanjaIznosaSVišeRačuna","ExecutorUri":"executor://MSTestAdapter/v2","Source":"C:\\Users\\dzene\\Source\\Repos\\VVS_zadaca2.6\\Hypo Banka\\Unit Testovi\\bin\\Debug\\fine-code-coverage\\Unit Testovi.dll","CodeFilePath":null,"LineNumber":-1,"Properties":[{"Key":{"Id":"MSTestDiscoverer.TestClassName","Label":"ClassName","Category":"","Description":"","Attributes":1,"ValueType":"System.String"},"Value":"Unit_Testovi.NoviTestovi"},{"Key":{"Id":"TestObject.Traits","Label":"Traits","Category":"","Description":"","Attributes":5,"ValueType":"System.Collections.Generic.KeyValuePair`2[[System.String],[System.String]][]"},"Value":[]}]},"Attachments":[],"Outcome":1,"ErrorMessage":null,"ErrorStackTrace":null,"DisplayName":null,"Messages":[],"ComputerName":null,"Duration":"00:00:00.0004675","StartTime":"2020-12-02T19:10:11.6519347+01:00","EndTime":"2020-12-02T19:10:11.6526598+01:00","Properties":[{"Key":{"Id":"ExecutionId","Label":"ExecutionId","Category":"","Description":"","Attributes":1,"ValueType":"System.Guid"},"Value":"00000000-0000-0000-0000-000000000000"},{"Key":{"Id":"ParentExecId","Label":"ParentExecId","Category":"","Description":"","Attributes":1,"ValueType":"System.Guid"},"Value":"00000000-0000-0000-0000-000000000000"},{"Key":{"Id":"InnerResultsCount","Label":"InnerResultsCount","Category":"","Description":"","Attributes":1,"ValueType":"System.Int32"},"Value":0}]},{"TestCase":{"Id":"20af2549-b915-3c8e-c4f0-37793dba0a97","FullyQualifiedName":"Unit_Testovi.NoviTestovi.TestSkidanjaIznosaIzuzetak","DisplayName":"TestSkidanjaIznosaIzuzetak","ExecutorUri":"executor://MSTestAdapter/v2","Source":"C:\\Users\\dzene\\Source\\Repos\\VVS_zadaca2.6\\Hypo Banka\\Unit Testovi\\bin\\Debug\\fine-code-coverage\\Unit Testovi.dll","CodeFilePath":null,"LineNumber":-1,"Properties":[{"Key":{"Id":"MSTestDiscoverer.TestClassName","Label":"ClassName","Category":"","Description":"","Attributes":1,"ValueType":"System.String"},"Value":"Unit_Testovi.NoviTestovi"},{"Key":{"Id":"TestObject.Traits","Label":"Traits","Category":"","Description":"","Attributes":5,"ValueType":"System.Collections.Generic.KeyValuePair`2[[System.String],[System.String]][]"},"Value":[]}]},"Attachments":[],"Outcome":1,"ErrorMessage":null,"ErrorStackTrace":null,"DisplayName":null,"Messages":[],"ComputerName":null,"Duration":"00:00:00.0010801","StartTime":"2020-12-02T19:10:11.6585896+01:00","EndTime":"2020-12-02T19:10:11.6599523+01:00","Properties":[{"Key":{"Id":"ExecutionId","Label":"ExecutionId","Category":"","Description":"","Attributes":1,"ValueType":"System.Guid"},"Value":"00000000-0000-0000-0000-000000000000"},{"Key":{"Id":"ParentExecId","Label":"ParentExecId","Category":"","Description":"","Attributes":1,"ValueType":"System.Guid"},"Value":"00000000-0000-0000-0000-000000000000"},{"Key":{"Id":"InnerResultsCount","Label":"InnerResultsCount","Category":"","Description":"","Attributes":1,"ValueType":"System.Int32"},"Value":0}]},{"TestCase":{"Id":"472957d1-4367-b2ca-dfb6-536b047f9863","FullyQualifiedName":"Unit_Testovi.RacunTests.RacunTest","DisplayName":"RacunTest","ExecutorUri":"executor://MSTestAdapter/v2","Source":"C:\\Users\\dzene\\Source\\Repos\\VVS_zadaca2.6\\Hypo Banka\\Unit Testovi\\bin\\Debug\\fine-code-coverage\\Unit Testovi.dll","CodeFilePath":null,"LineNumber":-1,"Properties":[{"Key":{"Id":"MSTestDiscoverer.TestClassName","Label":"ClassName","Category":"","Description":"","Attributes":1,"ValueType":"System.String"},"Value":"Unit_Testovi.RacunTests"},{"Key":{"Id":"TestObject.Traits","Label":"Traits","Category":"","Description":"","Attributes":5,"ValueType":"System.Collections.Generic.KeyValuePair`2[[System.String],[System.String]][]"},"Value":[]}]},"Attachments":[],"Outcome":1,"ErrorMessage":null,"ErrorStackTrace":null,"DisplayName":null,"Messages":[],"ComputerName":null,"Duration":"00:00:00.0003738","StartTime":"2020-12-02T19:10:11.6641208+01:00","EndTime":"2020-12-02T19:10:11.664832+01:00","Properties":[{"Key":{"Id":"ExecutionId","Label":"ExecutionId","Category":"","Description":"","Attributes":1,"ValueType":"System.Guid"},"Value":"00000000-0000-0000-0000-000000000000"},{"Key":{"Id":"ParentExecId","Label":"ParentExecId","Category":"","Description":"","Attributes":1,"ValueType":"System.Guid"},"Value":"00000000-0000-0000-0000-000000000000"},{"Key":{"Id":"InnerResultsCount","Label":"InnerResultsCount","Category":"","Description":"","Attributes":1,"ValueType":"System.Int32"},"Value":0}]},{"TestCase":{"Id":"476dade0-c3e5-e391-dd88-07dfa7020b52","FullyQualifiedName":"Unit_Testovi.RacunTests.PromijeniStanjeRačunaTestPogrešnaVerifikacija","DisplayName":"PromijeniStanjeRačunaTestPogrešnaVerifikacija","ExecutorUri":"executor://MSTestAdapter/v2","Source":"C:\\Users\\dzene\\Source\\Repos\\VVS_zadaca2.6\\Hypo Banka\\Unit Testovi\\bin\\Debug\\fine-code-coverage\\Unit Testovi.dll","CodeFilePath":null,"LineNumber":-1,"Properties":[{"Key":{"Id":"MSTestDiscoverer.TestClassName","Label":"ClassName","Category":"","Description":"","Attributes":1,"ValueType":"System.String"},"Value":"Unit_Testovi.RacunTests"},{"Key":{"Id":"TestObject.Traits","Label":"Traits","Category":"","Description":"","Attributes":5,"ValueType":"System.Collections.Generic.KeyValuePair`2[[System.String],[System.String]][]"},"Value":[]}]},"Attachments":[],"Outcome":1,"ErrorMessage":null,"ErrorStackTrace":null,"DisplayName":null,"Messages":[],"ComputerName":null,"Duration":"00:00:00.0009316","StartTime":"2020-12-02T19:10:11.6687116+01:00","EndTime":"2020-12-02T19:10:11.6699954+01:00","Properties":[{"Key":{"Id":"ExecutionId","Label":"ExecutionId","Category":"","Description":"","Attributes":1,"ValueType":"System.Guid"},"Value":"00000000-0000-0000-0000-000000000000"},{"Key":{"Id":"ParentExecId","Label":"ParentExecId","Category":"","Description":"","Attributes":1,"ValueType":"System.Guid"},"Value":"00000000-0000-0000-0000-000000000000"},{"Key":{"Id":"InnerResultsCount","Label":"InnerResultsCount","Category":"","Description":"","Attributes":1,"ValueType":"System.Int32"},"Value":0}]},{"TestCase":{"Id":"3f86cf72-3664-7c02-0f96-01c2207d5356","FullyQualifiedName":"Unit_Testovi.RacunTests.PromijeniStanjeRačunaTest","DisplayName":"PromijeniStanjeRačunaTest","ExecutorUri":"executor://MSTestAdapter/v2","Source":"C:\\Users\\dzene\\Source\\Repos\\VVS_zadaca2.6\\Hypo Banka\\Unit Testovi\\bin\\Debug\\fine-code-coverage\\Unit Testovi.dll","CodeFilePath":null,"LineNumber":-1,"Properties":[{"Key":{"Id":"MSTestDiscoverer.TestClassName","Label":"ClassName","Category":"","Description":"","Attributes":1,"ValueType":"System.String"},"Value":"Unit_Testovi.RacunTests"},{"Key":{"Id":"TestObject.Traits","Label":"Traits","Category":"","Description":"","Attributes":5,"ValueType":"System.Collections.Generic.KeyValuePair`2[[System.String],[System.String]][]"},"Value":[]}]},"Attachments":[],"Outcome":1,"ErrorMessage":null,"ErrorStackTrace":null,"DisplayName":null,"Messages":[],"ComputerName":null,"Duration":"00:00:00.0003235","StartTime":"2020-12-02T19:10:11.674317+01:00","EndTime":"2020-12-02T19:10:11.6748261+01:00","Properties":[{"Key":{"Id":"ExecutionId","Label":"ExecutionId","Category":"","Description":"","Attributes":1,"ValueType":"System.Guid"},"Value":"00000000-0000-0000-0000-000000000000"},{"Key":{"Id":"ParentExecId","Label":"ParentExecId","Category":"","Description":"","Attributes":1,"ValueType":"System.Guid"},"Value":"00000000-0000-0000-0000-000000000000"},{"Key":{"Id":"InnerResultsCount","Label":"InnerResultsCount","Category":"","Description":"","Attributes":1,"ValueType":"System.Int32"},"Value":0}]},{"TestCase":{"Id":"75162f1b-3845-7e67-23d6-b287616f529f","FullyQualifiedName":"Unit_Testovi.RacunTests.RacunBlokiranjeNijeDozvoljeno1","DisplayName":"RacunBlokiranjeNijeDozvoljeno1","ExecutorUri":"executor://MSTestAdapter/v2","Source":"C:\\Users\\dzene\\Source\\Repos\\VVS_zadaca2.6\\Hypo Banka\\Unit Testovi\\bin\\Debug\\fine-code-coverage\\Unit Testovi.dll","CodeFilePath":null,"LineNumber":-1,"Properties":[{"Key":{"Id":"MSTestDiscoverer.TestClassName","Label":"ClassName","Category":"","Description":"","Attributes":1,"ValueType":"System.String"},"Value":"Unit_Testovi.RacunTests"},{"Key":{"Id":"TestObject.Traits","Label":"Traits","Category":"","Description":"","Attributes":5,"ValueType":"System.Collections.Generic.KeyValuePair`2[[System.String],[System.String]][]"},"Value":[]}]},"Attachments":[],"Outcome":1,"ErrorMessage":null,"ErrorStackTrace":null,"DisplayName":null,"Messages":[],"ComputerName":null,"Duration":"00:00:00.0026194","StartTime":"2020-12-02T19:10:11.6787163+01:00","EndTime":"2020-12-02T19:10:11.6815405+01:00","Properties":[{"Key":{"Id":"ExecutionId","Label":"ExecutionId","Category":"","Description":"","Attributes":1,"ValueType":"System.Guid"},"Value":"5100d1c4-3828-4c58-89b6-82af545ab37a"},{"Key":{"Id":"ParentExecId","Label":"ParentExecId","Category":"","Description":"","Attributes":1,"ValueType":"System.Guid"},"Value":"00000000-0000-0000-0000-000000000000"},{"Key":{"Id":"InnerResultsCount","Label":"InnerResultsCount","Category":"","Description":"","Attributes":1,"ValueType":"System.Int32"},"Value":3}]},{"TestCase":{"Id":"75162f1b-3845-7e67-23d6-b287616f529f","FullyQualifiedName":"Unit_Testovi.RacunTests.RacunBlokiranjeNijeDozvoljeno1","DisplayName":"RacunBlokiranjeNijeDozvoljeno1","ExecutorUri":"executor://MSTestAdapter/v2","Source":"C:\\Users\\dzene\\Source\\Repos\\VVS_zadaca2.6\\Hypo Banka\\Unit Testovi\\bin\\Debug\\fine-code-coverage\\Unit Testovi.dll","CodeFilePath":null,"LineNumber":-1,"Properties":[{"Key":{"Id":"MSTestDiscoverer.TestClassName","Label":"ClassName","Category":"","Description":"","Attributes":1,"ValueType":"System.String"},"Value":"Unit_Testovi.RacunTests"},{"Key":{"Id":"TestObject.Traits","Label":"Traits","Category":"","Description":"","Attributes":5,"ValueType":"System.Collections.Generic.KeyValuePair`2[[System.String],[System.String]][]"},"Value":[]}]},"Attachments":[],"Outcome":1,"ErrorMessage":null,"ErrorStackTrace":null,"DisplayName":"RacunBlokiranjeNijeDozvoljeno1 (150)","Messages":[],"ComputerName":null,"Duration":"00:00:00.0011136","StartTime":"2020-12-02T19:10:11.6787163+01:00","EndTime":"2020-12-02T19:10:11.6815405+01:00","Properties":[{"Key":{"Id":"ExecutionId","Label":"ExecutionId","Category":"","Description":"","Attributes":1,"ValueType":"System.Guid"},"Value":"c8a5ec7b-19d3-4ca7-8671-0a2b594b8de2"},{"Key":{"Id":"ParentExecId","Label":"ParentExecId","Category":"","Description":"","Attributes":1,"ValueType":"System.Guid"},"Value":"5100d1c4-3828-4c58-89b6-82af545ab37a"},{"Key":{"Id":"InnerResultsCount","Label":"InnerResultsCount","Category":"","Description":"","Attributes":1,"ValueType":"System.Int32"},"Value":0}]}],"TestRunStatistics":{"ExecutedTests":57,"Stats":{"Passed":57}},"ActiveTests":[]}}
TpTrace Verbose: 0 : 13840, 4, 2020/12/02, 19:10:11.687, 369363462805, testhost.dll, TestRunCache: OnNewTestResult: Notified the onCacheHit callback.
TpTrace Verbose: 0 : 13840, 4, 2020/12/02, 19:10:11.687, 369363465683, testhost.dll, TestExecutionRecorder.RecordEnd: test: Unit_Testovi.RacunTests.RacunBlokiranjeNijeDozvoljeno1 execution completed.
TpTrace Warning: 0 : 13840, 4, 2020/12/02, 19:10:11.687, 369363467550, testhost.dll, InProgressTests is null
TpTrace Verbose: 0 : 13840, 4, 2020/12/02, 19:10:11.688, 369363469446, testhost.dll, TestExecutionRecorder.RecordResult: Received result for test: Unit_Testovi.RacunTests.RacunBlokiranjeNijeDozvoljeno1.
TpTrace Warning: 0 : 13840, 4, 2020/12/02, 19:10:11.688, 369363471543, testhost.dll, InProgressTests is null
TpTrace Warning: 0 : 13840, 4, 2020/12/02, 19:10:11.688, 369363473362, testhost.dll, TestRunCache: No test found corresponding to testResult 'RacunBlokiranjeNijeDozvoljeno1  Passed' in inProgress list.
TpTrace Verbose: 0 : 13840, 4, 2020/12/02, 19:10:11.688, 369363475199, testhost.dll, TestExecutionRecorder.RecordEnd: test: Unit_Testovi.RacunTests.RacunBlokiranjeNijeDozvoljeno1 execution completed.
TpTrace Warning: 0 : 13840, 4, 2020/12/02, 19:10:11.688, 369363476950, testhost.dll, InProgressTests is null
TpTrace Verbose: 0 : 13840, 4, 2020/12/02, 19:10:11.689, 369363478975, testhost.dll, TestExecutionRecorder.RecordResult: Received result for test: Unit_Testovi.RacunTests.RacunBlokiranjeNijeDozvoljeno1.
TpTrace Warning: 0 : 13840, 4, 2020/12/02, 19:10:11.689, 369363481027, testhost.dll, InProgressTests is null
TpTrace Warning: 0 : 13840, 4, 2020/12/02, 19:10:11.689, 369363482963, testhost.dll, TestRunCache: No test found corresponding to testResult 'RacunBlokiranjeNijeDozvoljeno1  Passed' in inProgress list.
TpTrace Verbose: 0 : 13840, 4, 2020/12/02, 19:10:11.689, 369363485037, testhost.dll, TestExecutionRecorder.RecordStart: Starting test: Unit_Testovi.RacunTests.RacunBlokiranjeNijeDozvoljeno2.
TpTrace Verbose: 0 : 13840, 4, 2020/12/02, 19:10:11.695, 369363542998, testhost.dll, TestExecutionRecorder.RecordEnd: test: Unit_Testovi.RacunTests.RacunBlokiranjeNijeDozvoljeno2 execution completed.
TpTrace Verbose: 0 : 13840, 4, 2020/12/02, 19:10:11.697, 369363566209, testhost.dll, TestExecutionRecorder.RecordResult: Received result for test: Unit_Testovi.RacunTests.RacunBlokiranjeNijeDozvoljeno2.
TpTrace Warning: 0 : 13840, 4, 2020/12/02, 19:10:11.697, 369363568501, testhost.dll, InProgressTests is null
TpTrace Warning: 0 : 13840, 4, 2020/12/02, 19:10:11.698, 369363569821, testhost.dll, TestRunCache: No test found corresponding to testResult 'RacunBlokiranjeNijeDozvoljeno2  Passed' in inProgress list.
TpTrace Verbose: 0 : 13840, 4, 2020/12/02, 19:10:11.698, 369363571207, testhost.dll, TestExecutionRecorder.RecordEnd: test: Unit_Testovi.RacunTests.RacunBlokiranjeNijeDozvoljeno2 execution completed.
TpTrace Warning: 0 : 13840, 4, 2020/12/02, 19:10:11.698, 369363572321, testhost.dll, InProgressTests is null
TpTrace Verbose: 0 : 13840, 4, 2020/12/02, 19:10:11.698, 369363573467, testhost.dll, TestExecutionRecorder.RecordResult: Received result for test: Unit_Testovi.RacunTests.RacunBlokiranjeNijeDozvoljeno2.
TpTrace Warning: 0 : 13840, 4, 2020/12/02, 19:10:11.698, 369363574694, testhost.dll, InProgressTests is null
TpTrace Warning: 0 : 13840, 4, 2020/12/02, 19:10:11.698, 369363575871, testhost.dll, TestRunCache: No test found corresponding to testResult 'RacunBlokiranjeNijeDozvoljeno2  Passed' in inProgress list.
TpTrace Verbose: 0 : 13840, 4, 2020/12/02, 19:10:11.698, 369363577235, testhost.dll, TestExecutionRecorder.RecordEnd: test: Unit_Testovi.RacunTests.RacunBlokiranjeNijeDozvoljeno2 execution completed.
TpTrace Warning: 0 : 13840, 4, 2020/12/02, 19:10:11.698, 369363578332, testhost.dll, InProgressTests is null
TpTrace Verbose: 0 : 13840, 4, 2020/12/02, 19:10:11.699, 369363579806, testhost.dll, TestExecutionRecorder.RecordResult: Received result for test: Unit_Testovi.RacunTests.RacunBlokiranjeNijeDozvoljeno2.
TpTrace Warning: 0 : 13840, 4, 2020/12/02, 19:10:11.699, 369363581131, testhost.dll, InProgressTests is null
TpTrace Warning: 0 : 13840, 4, 2020/12/02, 19:10:11.699, 369363582381, testhost.dll, TestRunCache: No test found corresponding to testResult 'RacunBlokiranjeNijeDozvoljeno2  Passed' in inProgress list.
TpTrace Verbose: 0 : 13840, 4, 2020/12/02, 19:10:11.699, 369363583820, testhost.dll, TestExecutionRecorder.RecordEnd: test: Unit_Testovi.RacunTests.RacunBlokiranjeNijeDozvoljeno2 execution completed.
TpTrace Warning: 0 : 13840, 4, 2020/12/02, 19:10:11.699, 369363585550, testhost.dll, InProgressTests is null
TpTrace Verbose: 0 : 13840, 4, 2020/12/02, 19:10:11.699, 369363586695, testhost.dll, TestExecutionRecorder.RecordResult: Received result for test: Unit_Testovi.RacunTests.RacunBlokiranjeNijeDozvoljeno2.
TpTrace Warning: 0 : 13840, 4, 2020/12/02, 19:10:11.699, 369363587960, testhost.dll, InProgressTests is null
TpTrace Warning: 0 : 13840, 4, 2020/12/02, 19:10:11.700, 369363589143, testhost.dll, TestRunCache: No test found corresponding to testResult 'RacunBlokiranjeNijeDozvoljeno2  Passed' in inProgress list.
TpTrace Verbose: 0 : 13840, 4, 2020/12/02, 19:10:11.700, 369363590485, testhost.dll, TestExecutionRecorder.RecordStart: Starting test: Unit_Testovi.RacunTests.RacunBlokiranjeDozvoljeno.
TpTrace Information: 0 : 13840, 4, 2020/12/02, 19:10:11.705, 369363640080, testhost.dll, AssemblyResolver.OnResolve: Microsoft.VisualStudio.TestPlatform.MSTest.TestAdapter.resources: Resolving assembly.
TpTrace Information: 0 : 13840, 4, 2020/12/02, 19:10:11.705, 369363643063, testhost.dll, AssemblyResolver.OnResolve: Microsoft.VisualStudio.TestPlatform.MSTest.TestAdapter.resources: Failed to load assembly.
TpTrace Verbose: 0 : 13840, 4, 2020/12/02, 19:10:11.733, 369363925890, testhost.dll, TestExecutionRecorder.RecordEnd: test: Unit_Testovi.RacunTests.RacunBlokiranjeDozvoljeno execution completed.
TpTrace Verbose: 0 : 13840, 4, 2020/12/02, 19:10:11.736, 369363951140, testhost.dll, TestExecutionRecorder.RecordResult: Received result for test: Unit_Testovi.RacunTests.RacunBlokiranjeDozvoljeno.
TpTrace Warning: 0 : 13840, 4, 2020/12/02, 19:10:11.736, 369363953247, testhost.dll, InProgressTests is null
TpTrace Warning: 0 : 13840, 4, 2020/12/02, 19:10:11.736, 369363957789, testhost.dll, TestRunCache: No test found corresponding to testResult 'RacunBlokiranjeDozvoljeno  Failed
  Message: ' in inProgress list.
TpTrace Verbose: 0 : 13840, 4, 2020/12/02, 19:10:11.737, 369363959323, testhost.dll, TestExecutionRecorder.RecordEnd: test: Unit_Testovi.RacunTests.RacunBlokiranjeDozvoljeno execution completed.
TpTrace Warning: 0 : 13840, 4, 2020/12/02, 19:10:11.737, 369363960469, testhost.dll, InProgressTests is null
TpTrace Verbose: 0 : 13840, 4, 2020/12/02, 19:10:11.737, 369363961571, testhost.dll, TestExecutionRecorder.RecordResult: Received result for test: Unit_Testovi.RacunTests.RacunBlokiranjeDozvoljeno.
TpTrace Warning: 0 : 13840, 4, 2020/12/02, 19:10:11.737, 369363963101, testhost.dll, InProgressTests is null
TpTrace Warning: 0 : 13840, 4, 2020/12/02, 19:10:11.737, 369363964959, testhost.dll, TestRunCache: No test found corresponding to testResult 'RacunBlokiranjeDozvoljeno  Passed' in inProgress list.
TpTrace Verbose: 0 : 13840, 4, 2020/12/02, 19:10:11.737, 369363966354, testhost.dll, TestExecutionRecorder.RecordEnd: test: Unit_Testovi.RacunTests.RacunBlokiranjeDozvoljeno execution completed.
TpTrace Warning: 0 : 13840, 4, 2020/12/02, 19:10:11.737, 369363967469, testhost.dll, InProgressTests is null
TpTrace Verbose: 0 : 13840, 4, 2020/12/02, 19:10:11.737, 369363968563, testhost.dll, TestExecutionRecorder.RecordResult: Received result for test: Unit_Testovi.RacunTests.RacunBlokiranjeDozvoljeno.
TpTrace Warning: 0 : 13840, 4, 2020/12/02, 19:10:11.738, 369363969921, testhost.dll, InProgressTests is null
TpTrace Warning: 0 : 13840, 4, 2020/12/02, 19:10:11.738, 369363972632, testhost.dll, TestRunCache: No test found corresponding to testResult 'RacunBlokiranjeDozvoljeno  Failed
  Message: Test method Unit_Testovi.RacunTests.RacunBlokiranjeDozvoljeno threw exception: 
System.ArgumentException: Račun je prazan!
  StackTrace:
    at Hypo_Banka.Racun.set_Blokiran(Boolean value) in C:\Users\dzene\Source\Repos\VVS_zadaca2.6\Hypo Banka\Hypo Banka\Racun.cs:line 36
   at Hypo_Banka.Racun..ctor(Double pocetnoStanje) in C:\Users\dzene\Source\Repos\VVS_zadaca2.6\Hypo Banka\Hypo Banka\Racun.cs:line 51
   at Unit_Testovi.RacunTests.RacunBlokiranjeDozvoljeno(Double pocetnoStanje) in C:\Users\dzene\Source\Repos\VVS_zadaca2.6\Hypo Banka\Unit Testovi\RacunTests.cs:line 105
' in inProgress list.
TpTrace Verbose: 0 : 13840, 4, 2020/12/02, 19:10:11.738, 369363974210, testhost.dll, TestExecutionRecorder.RecordEnd: test: Unit_Testovi.RacunTests.RacunBlokiranjeDozvoljeno execution completed.
TpTrace Warning: 0 : 13840, 4, 2020/12/02, 19:10:11.738, 369363975443, testhost.dll, InProgressTests is null
TpTrace Verbose: 0 : 13840, 4, 2020/12/02, 19:10:11.738, 369363976536, testhost.dll, TestExecutionRecorder.RecordResult: Received result for test: Unit_Testovi.RacunTests.RacunBlokiranjeDozvoljeno.
TpTrace Warning: 0 : 13840, 4, 2020/12/02, 19:10:11.738, 369363977918, testhost.dll, InProgressTests is null
TpTrace Warning: 0 : 13840, 4, 2020/12/02, 19:10:11.739, 369363979223, testhost.dll, TestRunCache: No test found corresponding to testResult 'RacunBlokiranjeDozvoljeno  Passed' in inProgress list.
TpTrace Information: 0 : 13840, 4, 2020/12/02, 19:10:11.739, 369363980808, testhost.dll, Sending test run statistics
TpTrace Verbose: 0 : 13840, 4, 2020/12/02, 19:10:11.745, 369364042209, testhost.dll, TestRequestHandler.SendData:  sending data from testhost: {"Version":2,"MessageType":"TestExecution.StatsChange","Payload":{"NewTestResults":[{"TestCase":{"Id":"75162f1b-3845-7e67-23d6-b287616f529f","FullyQualifiedName":"Unit_Testovi.RacunTests.RacunBlokiranjeNijeDozvoljeno1","DisplayName":"RacunBlokiranjeNijeDozvoljeno1","ExecutorUri":"executor://MSTestAdapter/v2","Source":"C:\\Users\\dzene\\Source\\Repos\\VVS_zadaca2.6\\Hypo Banka\\Unit Testovi\\bin\\Debug\\fine-code-coverage\\Unit Testovi.dll","CodeFilePath":null,"LineNumber":-1,"Properties":[{"Key":{"Id":"MSTestDiscoverer.TestClassName","Label":"ClassName","Category":"","Description":"","Attributes":1,"ValueType":"System.String"},"Value":"Unit_Testovi.RacunTests"},{"Key":{"Id":"TestObject.Traits","Label":"Traits","Category":"","Description":"","Attributes":5,"ValueType":"System.Collections.Generic.KeyValuePair`2[[System.String],[System.String]][]"},"Value":[]}]},"Attachments":[],"Outcome":1,"ErrorMessage":null,"ErrorStackTrace":null,"DisplayName":"RacunBlokiranjeNijeDozvoljeno1 (0.2)","Messages":[],"ComputerName":null,"Duration":"00:00:00.0004922","StartTime":"2020-12-02T19:10:11.6787163+01:00","EndTime":"2020-12-02T19:10:11.6815405+01:00","Properties":[{"Key":{"Id":"ExecutionId","Label":"ExecutionId","Category":"","Description":"","Attributes":1,"ValueType":"System.Guid"},"Value":"42a5e49a-6ac1-4df4-8415-0938fcf576e8"},{"Key":{"Id":"ParentExecId","Label":"ParentExecId","Category":"","Description":"","Attributes":1,"ValueType":"System.Guid"},"Value":"5100d1c4-3828-4c58-89b6-82af545ab37a"},{"Key":{"Id":"InnerResultsCount","Label":"InnerResultsCount","Category":"","Description":"","Attributes":1,"ValueType":"System.Int32"},"Value":0}]},{"TestCase":{"Id":"75162f1b-3845-7e67-23d6-b287616f529f","FullyQualifiedName":"Unit_Testovi.RacunTests.RacunBlokiranjeNijeDozvoljeno1","DisplayName":"RacunBlokiranjeNijeDozvoljeno1","ExecutorUri":"executor://MSTestAdapter/v2","Source":"C:\\Users\\dzene\\Source\\Repos\\VVS_zadaca2.6\\Hypo Banka\\Unit Testovi\\bin\\Debug\\fine-code-coverage\\Unit Testovi.dll","CodeFilePath":null,"LineNumber":-1,"Properties":[{"Key":{"Id":"MSTestDiscoverer.TestClassName","Label":"ClassName","Category":"","Description":"","Attributes":1,"ValueType":"System.String"},"Value":"Unit_Testovi.RacunTests"},{"Key":{"Id":"TestObject.Traits","Label":"Traits","Category":"","Description":"","Attributes":5,"ValueType":"System.Collections.Generic.KeyValuePair`2[[System.String],[System.String]][]"},"Value":[]}]},"Attachments":[],"Outcome":1,"ErrorMessage":null,"ErrorStackTrace":null,"DisplayName":"RacunBlokiranjeNijeDozvoljeno1 (10000)","Messages":[],"ComputerName":null,"Duration":"00:00:00.0004343","StartTime":"2020-12-02T19:10:11.6787163+01:00","EndTime":"2020-12-02T19:10:11.6815405+01:00","Properties":[{"Key":{"Id":"ExecutionId","Label":"ExecutionId","Category":"","Description":"","Attributes":1,"ValueType":"System.Guid"},"Value":"f98b0866-01c7-445d-91a3-7263e9a187c7"},{"Key":{"Id":"ParentExecId","Label":"ParentExecId","Category":"","Description":"","Attributes":1,"ValueType":"System.Guid"},"Value":"5100d1c4-3828-4c58-89b6-82af545ab37a"},{"Key":{"Id":"InnerResultsCount","Label":"InnerResultsCount","Category":"","Description":"","Attributes":1,"ValueType":"System.Int32"},"Value":0}]},{"TestCase":{"Id":"279600c2-80e4-e40d-91ae-205fa6cafb86","FullyQualifiedName":"Unit_Testovi.RacunTests.RacunBlokiranjeNijeDozvoljeno2","DisplayName":"RacunBlokiranjeNijeDozvoljeno2","ExecutorUri":"executor://MSTestAdapter/v2","Source":"C:\\Users\\dzene\\Source\\Repos\\VVS_zadaca2.6\\Hypo Banka\\Unit Testovi\\bin\\Debug\\fine-code-coverage\\Unit Testovi.dll","CodeFilePath":null,"LineNumber":-1,"Properties":[{"Key":{"Id":"MSTestDiscoverer.TestClassName","Label":"ClassName","Category":"","Description":"","Attributes":1,"ValueType":"System.String"},"Value":"Unit_Testovi.RacunTests"},{"Key":{"Id":"TestObject.Traits","Label":"Traits","Category":"","Description":"","Attributes":5,"ValueType":"System.Collections.Generic.KeyValuePair`2[[System.String],[System.String]][]"},"Value":[]}]},"Attachments":[],"Outcome":1,"ErrorMessage":null,"ErrorStackTrace":null,"DisplayName":null,"Messages":[],"ComputerName":null,"Duration":"00:00:00.0023534","StartTime":"2020-12-02T19:10:11.6927304+01:00","EndTime":"2020-12-02T19:10:11.6953959+01:00","Properties":[{"Key":{"Id":"ExecutionId","Label":"ExecutionId","Category":"","Description":"","Attributes":1,"ValueType":"System.Guid"},"Value":"7f86d60e-b9fd-485e-996e-0e2509dbea32"},{"Key":{"Id":"ParentExecId","Label":"ParentExecId","Category":"","Description":"","Attributes":1,"ValueType":"System.Guid"},"Value":"00000000-0000-0000-0000-000000000000"},{"Key":{"Id":"InnerResultsCount","Label":"InnerResultsCount","Category":"","Description":"","Attributes":1,"ValueType":"System.Int32"},"Value":3}]},{"TestCase":{"Id":"279600c2-80e4-e40d-91ae-205fa6cafb86","FullyQualifiedName":"Unit_Testovi.RacunTests.RacunBlokiranjeNijeDozvoljeno2","DisplayName":"RacunBlokiranjeNijeDozvoljeno2","ExecutorUri":"executor://MSTestAdapter/v2","Source":"C:\\Users\\dzene\\Source\\Repos\\VVS_zadaca2.6\\Hypo Banka\\Unit Testovi\\bin\\Debug\\fine-code-coverage\\Unit Testovi.dll","CodeFilePath":null,"LineNumber":-1,"Properties":[{"Key":{"Id":"MSTestDiscoverer.TestClassName","Label":"ClassName","Category":"","Description":"","Attributes":1,"ValueType":"System.String"},"Value":"Unit_Testovi.RacunTests"},{"Key":{"Id":"TestObject.Traits","Label":"Traits","Category":"","Description":"","Attributes":5,"ValueType":"System.Collections.Generic.KeyValuePair`2[[System.String],[System.String]][]"},"Value":[]}]},"Attachments":[],"Outcome":1,"ErrorMessage":null,"ErrorStackTrace":null,"DisplayName":"RacunBlokiranjeNijeDozvoljeno2 (0)","Messages":[],"ComputerName":null,"Duration":"00:00:00.0008196","StartTime":"2020-12-02T19:10:11.6927304+01:00","EndTime":"2020-12-02T19:10:11.6953959+01:00","Properties":[{"Key":{"Id":"ExecutionId","Label":"ExecutionId","Category":"","Description":"","Attributes":1,"ValueType":"System.Guid"},"Value":"5525b0ad-ab80-45e9-9e56-30552928c24f"},{"Key":{"Id":"ParentExecId","Label":"ParentExecId","Category":"","Description":"","Attributes":1,"ValueType":"System.Guid"},"Value":"7f86d60e-b9fd-485e-996e-0e2509dbea32"},{"Key":{"Id":"InnerResultsCount","Label":"InnerResultsCount","Category":"","Description":"","Attributes":1,"ValueType":"System.Int32"},"Value":0}]},{"TestCase":{"Id":"279600c2-80e4-e40d-91ae-205fa6cafb86","FullyQualifiedName":"Unit_Testovi.RacunTests.RacunBlokiranjeNijeDozvoljeno2","DisplayName":"RacunBlokiranjeNijeDozvoljeno2","ExecutorUri":"executor://MSTestAdapter/v2","Source":"C:\\Users\\dzene\\Source\\Repos\\VVS_zadaca2.6\\Hypo Banka\\Unit Testovi\\bin\\Debug\\fine-code-coverage\\Unit Testovi.dll","CodeFilePath":null,"LineNumber":-1,"Properties":[{"Key":{"Id":"MSTestDiscoverer.TestClassName","Label":"ClassName","Category":"","Description":"","Attributes":1,"ValueType":"System.String"},"Value":"Unit_Testovi.RacunTests"},{"Key":{"Id":"TestObject.Traits","Label":"Traits","Category":"","Description":"","Attributes":5,"ValueType":"System.Collections.Generic.KeyValuePair`2[[System.String],[System.String]][]"},"Value":[]}]},"Attachments":[],"Outcome":1,"ErrorMessage":null,"ErrorStackTrace":null,"DisplayName":"RacunBlokiranjeNijeDozvoljeno2 (-20)","Messages":[],"ComputerName":null,"Duration":"00:00:00.0004968","StartTime":"2020-12-02T19:10:11.6927304+01:00","EndTime":"2020-12-02T19:10:11.6953959+01:00","Properties":[{"Key":{"Id":"ExecutionId","Label":"ExecutionId","Category":"","Description":"","Attributes":1,"ValueType":"System.Guid"},"Value":"97fecbba-7bb5-4a9a-a378-8f1b277743e9"},{"Key":{"Id":"ParentExecId","Label":"ParentExecId","Category":"","Description":"","Attributes":1,"ValueType":"System.Guid"},"Value":"7f86d60e-b9fd-485e-996e-0e2509dbea32"},{"Key":{"Id":"InnerResultsCount","Label":"InnerResultsCount","Category":"","Description":"","Attributes":1,"ValueType":"System.Int32"},"Value":0}]},{"TestCase":{"Id":"279600c2-80e4-e40d-91ae-205fa6cafb86","FullyQualifiedName":"Unit_Testovi.RacunTests.RacunBlokiranjeNijeDozvoljeno2","DisplayName":"RacunBlokiranjeNijeDozvoljeno2","ExecutorUri":"executor://MSTestAdapter/v2","Source":"C:\\Users\\dzene\\Source\\Repos\\VVS_zadaca2.6\\Hypo Banka\\Unit Testovi\\bin\\Debug\\fine-code-coverage\\Unit Testovi.dll","CodeFilePath":null,"LineNumber":-1,"Properties":[{"Key":{"Id":"MSTestDiscoverer.TestClassName","Label":"ClassName","Category":"","Description":"","Attributes":1,"ValueType":"System.String"},"Value":"Unit_Testovi.RacunTests"},{"Key":{"Id":"TestObject.Traits","Label":"Traits","Category":"","Description":"","Attributes":5,"ValueType":"System.Collections.Generic.KeyValuePair`2[[System.String],[System.String]][]"},"Value":[]}]},"Attachments":[],"Outcome":1,"ErrorMessage":null,"ErrorStackTrace":null,"DisplayName":"RacunBlokiranjeNijeDozvoljeno2 (0.05)","Messages":[],"ComputerName":null,"Duration":"00:00:00.0004621","StartTime":"2020-12-02T19:10:11.6927304+01:00","EndTime":"2020-12-02T19:10:11.6953959+01:00","Properties":[{"Key":{"Id":"ExecutionId","Label":"ExecutionId","Category":"","Description":"","Attributes":1,"ValueType":"System.Guid"},"Value":"e70ef3f5-d4ac-4971-b381-366dafc79a72"},{"Key":{"Id":"ParentExecId","Label":"ParentExecId","Category":"","Description":"","Attributes":1,"ValueType":"System.Guid"},"Value":"7f86d60e-b9fd-485e-996e-0e2509dbea32"},{"Key":{"Id":"InnerResultsCount","Label":"InnerResultsCount","Category":"","Description":"","Attributes":1,"ValueType":"System.Int32"},"Value":0}]},{"TestCase":{"Id":"c4a73069-4ef3-3219-ee51-bc8ab229888a","FullyQualifiedName":"Unit_Testovi.RacunTests.RacunBlokiranjeDozvoljeno","DisplayName":"RacunBlokiranjeDozvoljeno","ExecutorUri":"executor://MSTestAdapter/v2","Source":"C:\\Users\\dzene\\Source\\Repos\\VVS_zadaca2.6\\Hypo Banka\\Unit Testovi\\bin\\Debug\\fine-code-coverage\\Unit Testovi.dll","CodeFilePath":null,"LineNumber":-1,"Properties":[{"Key":{"Id":"MSTestDiscoverer.TestClassName","Label":"ClassName","Category":"","Description":"","Attributes":1,"ValueType":"System.String"},"Value":"Unit_Testovi.RacunTests"},{"Key":{"Id":"TestObject.Traits","Label":"Traits","Category":"","Description":"","Attributes":5,"ValueType":"System.Collections.Generic.KeyValuePair`2[[System.String],[System.String]][]"},"Value":[]}]},"Attachments":[],"Outcome":2,"ErrorMessage":null,"ErrorStackTrace":null,"DisplayName":null,"Messages":[],"ComputerName":null,"Duration":"00:00:00.0304514","StartTime":"2020-12-02T19:10:11.7017939+01:00","EndTime":"2020-12-02T19:10:11.7336796+01:00","Properties":[{"Key":{"Id":"ExecutionId","Label":"ExecutionId","Category":"","Description":"","Attributes":1,"ValueType":"System.Guid"},"Value":"1db67b1d-6346-4f15-84d3-08676b2b823a"},{"Key":{"Id":"ParentExecId","Label":"ParentExecId","Category":"","Description":"","Attributes":1,"ValueType":"System.Guid"},"Value":"00000000-0000-0000-0000-000000000000"},{"Key":{"Id":"InnerResultsCount","Label":"InnerResultsCount","Category":"","Description":"","Attributes":1,"ValueType":"System.Int32"},"Value":3}]},{"TestCase":{"Id":"c4a73069-4ef3-3219-ee51-bc8ab229888a","FullyQualifiedName":"Unit_Testovi.RacunTests.RacunBlokiranjeDozvoljeno","DisplayName":"RacunBlokiranjeDozvoljeno","ExecutorUri":"executor://MSTestAdapter/v2","Source":"C:\\Users\\dzene\\Source\\Repos\\VVS_zadaca2.6\\Hypo Banka\\Unit Testovi\\bin\\Debug\\fine-code-coverage\\Unit Testovi.dll","CodeFilePath":null,"LineNumber":-1,"Properties":[{"Key":{"Id":"MSTestDiscoverer.TestClassName","Label":"ClassName","Category":"","Description":"","Attributes":1,"ValueType":"System.String"},"Value":"Unit_Testovi.RacunTests"},{"Key":{"Id":"TestObject.Traits","Label":"Traits","Category":"","Description":"","Attributes":5,"ValueType":"System.Collections.Generic.KeyValuePair`2[[System.String],[System.String]][]"},"Value":[]}]},"Attachments":[],"Outcome":1,"ErrorMessage":null,"ErrorStackTrace":null,"DisplayName":"RacunBlokiranjeDozvoljeno (1)","Messages":[],"ComputerName":null,"Duration":"00:00:00.0002185","StartTime":"2020-12-02T19:10:11.7017939+01:00","EndTime":"2020-12-02T19:10:11.7336796+01:00","Properties":[{"Key":{"Id":"ExecutionId","Label":"ExecutionId","Category":"","Description":"","Attributes":1,"ValueType":"System.Guid"},"Value":"6e335b0b-ce46-41f2-bfc6-ef07bd9d7e6d"},{"Key":{"Id":"ParentExecId","Label":"ParentExecId","Category":"","Description":"","Attributes":1,"ValueType":"System.Guid"},"Value":"1db67b1d-6346-4f15-84d3-08676b2b823a"},{"Key":{"Id":"InnerResultsCount","Label":"InnerResultsCount","Category":"","Description":"","Attributes":1,"ValueType":"System.Int32"},"Value":0}]},{"TestCase":{"Id":"c4a73069-4ef3-3219-ee51-bc8ab229888a","FullyQualifiedName":"Unit_Testovi.RacunTests.RacunBlokiranjeDozvoljeno","DisplayName":"RacunBlokiranjeDozvoljeno","ExecutorUri":"executor://MSTestAdapter/v2","Source":"C:\\Users\\dzene\\Source\\Repos\\VVS_zadaca2.6\\Hypo Banka\\Unit Testovi\\bin\\Debug\\fine-code-coverage\\Unit Testovi.dll","CodeFilePath":null,"LineNumber":-1,"Properties":[{"Key":{"Id":"MSTestDiscoverer.TestClassName","Label":"ClassName","Category":"","Description":"","Attributes":1,"ValueType":"System.String"},"Value":"Unit_Testovi.RacunTests"},{"Key":{"Id":"TestObject.Traits","Label":"Traits","Category":"","Description":"","Attributes":5,"ValueType":"System.Collections.Generic.KeyValuePair`2[[System.String],[System.String]][]"},"Value":[]}]},"Attachments":[],"Outcome":2,"ErrorMessage":"Test method Unit_Testovi.RacunTests.RacunBlokiranjeDozvoljeno threw exception: \r\nSystem.ArgumentException: Račun je prazan!","ErrorStackTrace":"    at Hypo_Banka.Racun.set_Blokiran(Boolean value) in C:\\Users\\dzene\\Source\\Repos\\VVS_zadaca2.6\\Hypo Banka\\Hypo Banka\\Racun.cs:line 36\r\n   at Hypo_Banka.Racun..ctor(Double pocetnoStanje) in C:\\Users\\dzene\\Source\\Repos\\VVS_zadaca2.6\\Hypo Banka\\Hypo Banka\\Racun.cs:line 51\r\n   at Unit_Testovi.RacunTests.RacunBlokiranjeDozvoljeno(Double pocetnoStanje) in C:\\Users\\dzene\\Source\\Repos\\VVS_zadaca2.6\\Hypo Banka\\Unit Testovi\\RacunTests.cs:line 105\r\n","DisplayName":"RacunBlokiranjeDozvoljeno (0)","Messages":[],"ComputerName":null,"Duration":"00:00:00.0295208","StartTime":"2020-12-02T19:10:11.7017939+01:00","EndTime":"2020-12-02T19:10:11.7336796+01:00","Properties":[{"Key":{"Id":"ExecutionId","Label":"ExecutionId","Category":"","Description":"","Attributes":1,"ValueType":"System.Guid"},"Value":"3382715e-f060-4f77-877b-fa3f6a08f1c1"},{"Key":{"Id":"ParentExecId","Label":"ParentExecId","Category":"","Description":"","Attributes":1,"ValueType":"System.Guid"},"Value":"1db67b1d-6346-4f15-84d3-08676b2b823a"},{"Key":{"Id":"InnerResultsCount","Label":"InnerResultsCount","Category":"","Description":"","Attributes":1,"ValueType":"System.Int32"},"Value":0}]},{"TestCase":{"Id":"c4a73069-4ef3-3219-ee51-bc8ab229888a","FullyQualifiedName":"Unit_Testovi.RacunTests.RacunBlokiranjeDozvoljeno","DisplayName":"RacunBlokiranjeDozvoljeno","ExecutorUri":"executor://MSTestAdapter/v2","Source":"C:\\Users\\dzene\\Source\\Repos\\VVS_zadaca2.6\\Hypo Banka\\Unit Testovi\\bin\\Debug\\fine-code-coverage\\Unit Testovi.dll","CodeFilePath":null,"LineNumber":-1,"Properties":[{"Key":{"Id":"MSTestDiscoverer.TestClassName","Label":"ClassName","Category":"","Description":"","Attributes":1,"ValueType":"System.String"},"Value":"Unit_Testovi.RacunTests"},{"Key":{"Id":"TestObject.Traits","Label":"Traits","Category":"","Description":"","Attributes":5,"ValueType":"System.Collections.Generic.KeyValuePair`2[[System.String],[System.String]][]"},"Value":[]}]},"Attachments":[],"Outcome":1,"ErrorMessage":null,"ErrorStackTrace":null,"DisplayName":"RacunBlokiranjeDozvoljeno (10)","Messages":[],"ComputerName":null,"Duration":"00:00:00.0000172","StartTime":"2020-12-02T19:10:11.7017939+01:00","EndTime":"2020-12-02T19:10:11.7336796+01:00","Properties":[{"Key":{"Id":"ExecutionId","Label":"ExecutionId","Category":"","Description":"","Attributes":1,"ValueType":"System.Guid"},"Value":"b6d72a6e-797e-47f4-8460-0b3f38d80e13"},{"Key":{"Id":"ParentExecId","Label":"ParentExecId","Category":"","Description":"","Attributes":1,"ValueType":"System.Guid"},"Value":"1db67b1d-6346-4f15-84d3-08676b2b823a"},{"Key":{"Id":"InnerResultsCount","Label":"InnerResultsCount","Category":"","Description":"","Attributes":1,"ValueType":"System.Int32"},"Value":0}]}],"TestRunStatistics":{"ExecutedTests":67,"Stats":{"Passed":65,"Failed":2}},"ActiveTests":[]}}
TpTrace Verbose: 0 : 13840, 4, 2020/12/02, 19:10:11.746, 369364055250, testhost.dll, TestRunCache: OnNewTestResult: Notified the onCacheHit callback.
TpTrace Verbose: 0 : 13840, 4, 2020/12/02, 19:10:11.746, 369364057793, testhost.dll, TestExecutionRecorder.RecordStart: Starting test: Unit_Testovi.ZahtjevTests.DaLiJePovoljanNijeImplementiranTest.
TpTrace Verbose: 0 : 13840, 4, 2020/12/02, 19:10:11.752, 369364116309, testhost.dll, TestExecutionRecorder.RecordEnd: test: Unit_Testovi.ZahtjevTests.DaLiJePovoljanNijeImplementiranTest execution completed.
TpTrace Verbose: 0 : 13840, 4, 2020/12/02, 19:10:11.755, 369364146813, testhost.dll, TestExecutionRecorder.RecordResult: Received result for test: Unit_Testovi.ZahtjevTests.DaLiJePovoljanNijeImplementiranTest.
TpTrace Warning: 0 : 13840, 4, 2020/12/02, 19:10:11.756, 369364148939, testhost.dll, InProgressTests is null
TpTrace Warning: 0 : 13840, 4, 2020/12/02, 19:10:11.756, 369364150353, testhost.dll, TestRunCache: No test found corresponding to testResult 'DaLiJePovoljanNijeImplementiranTest  Passed' in inProgress list.
TpTrace Verbose: 0 : 13840, 4, 2020/12/02, 19:10:11.759, 369364185689, testhost.dll, BaseRunTests.RunTestInternalWithExecutors: Completed running tests for executor://MSTestAdapter/v2
TpTrace Information: 0 : 13840, 4, 2020/12/02, 19:10:11.765, 369364240671, testhost.dll, Sending test run complete
TpTrace Verbose: 0 : 13840, 4, 2020/12/02, 19:10:11.782, 369364412816, testhost.dll, TestRequestHandler.SendData:  sending data from testhost: {"Version":2,"MessageType":"TestExecution.Completed","Payload":{"TestRunCompleteArgs":{"TestRunStatistics":{"ExecutedTests":68,"Stats":{"Passed":66,"Failed":2}},"IsCanceled":false,"IsAborted":false,"Error":null,"AttachmentSets":[],"ElapsedTimeInRunningTests":"00:00:00.9739335","Metrics":{}},"LastRunTests":{"NewTestResults":[{"TestCase":{"Id":"1d37ab99-aae6-8555-a913-9fa35cb2b4c9","FullyQualifiedName":"Unit_Testovi.ZahtjevTests.DaLiJePovoljanNijeImplementiranTest","DisplayName":"DaLiJePovoljanNijeImplementiranTest","ExecutorUri":"executor://MSTestAdapter/v2","Source":"C:\\Users\\dzene\\Source\\Repos\\VVS_zadaca2.6\\Hypo Banka\\Unit Testovi\\bin\\Debug\\fine-code-coverage\\Unit Testovi.dll","CodeFilePath":null,"LineNumber":-1,"Properties":[{"Key":{"Id":"MSTestDiscoverer.TestClassName","Label":"ClassName","Category":"","Description":"","Attributes":1,"ValueType":"System.String"},"Value":"Unit_Testovi.ZahtjevTests"},{"Key":{"Id":"TestObject.Traits","Label":"Traits","Category":"","Description":"","Attributes":5,"ValueType":"System.Collections.Generic.KeyValuePair`2[[System.String],[System.String]][]"},"Value":[]}]},"Attachments":[],"Outcome":1,"ErrorMessage":null,"ErrorStackTrace":null,"DisplayName":null,"Messages":[],"ComputerName":null,"Duration":"00:00:00.0019649","StartTime":"2020-12-02T19:10:11.7500628+01:00","EndTime":"2020-12-02T19:10:11.7527141+01:00","Properties":[{"Key":{"Id":"ExecutionId","Label":"ExecutionId","Category":"","Description":"","Attributes":1,"ValueType":"System.Guid"},"Value":"00000000-0000-0000-0000-000000000000"},{"Key":{"Id":"ParentExecId","Label":"ParentExecId","Category":"","Description":"","Attributes":1,"ValueType":"System.Guid"},"Value":"00000000-0000-0000-0000-000000000000"},{"Key":{"Id":"InnerResultsCount","Label":"InnerResultsCount","Category":"","Description":"","Attributes":1,"ValueType":"System.Int32"},"Value":0}]}],"TestRunStatistics":{"ExecutedTests":68,"Stats":{"Passed":66,"Failed":2}},"ActiveTests":[]},"RunAttachments":[],"ExecutorUris":["executor://mstestadapter/v2"]}}
TpTrace Verbose: 0 : 13840, 4, 2020/12/02, 19:10:11.783, 369364420236, testhost.dll, BaseRunTests.RunTests: Run is complete.
TpTrace Verbose: 0 : 13840, 9, 2020/12/02, 19:10:11.783, 369364428244, testhost.dll, TcpClientExtensions.MessageLoopAsync: NotifyDataAvailable remoteEndPoint: [::ffff:127.0.0.1]:58864 localEndPoint: [::ffff:127.0.0.1]:58865
TpTrace Information: 0 : 13840, 9, 2020/12/02, 19:10:11.784, 369364430505, testhost.dll, TestRequestHandler.ProcessRequests: received message: (TestSession.Terminate) -> null
TpTrace Information: 0 : 13840, 9, 2020/12/02, 19:10:11.784, 369364431804, testhost.dll, Session End message received from server. Closing the connection.
TpTrace Information: 0 : 13840, 9, 2020/12/02, 19:10:11.784, 369364438763, testhost.dll, SocketClient.Stop: Stop communication from server endpoint: 127.0.0.1:058864
TpTrace Information: 0 : 13840, 9, 2020/12/02, 19:10:11.785, 369364440320, testhost.dll, SocketClient: Stop: Cancellation requested. Stopping message loop.
TpTrace Verbose: 0 : 13840, 9, 2020/12/02, 19:10:11.785, 369364447730, testhost.dll, LengthPrefixCommunicationChannel.Dispose: Dispose reader and writer.
TpTrace Information: 0 : 13840, 9, 2020/12/02, 19:10:11.786, 369364449635, testhost.dll, Closing the connection !
TpTrace Information: 0 : 13840, 1, 2020/12/02, 19:10:11.786, 369364449838, testhost.dll, Closing the connection !
TpTrace Information: 0 : 13840, 1, 2020/12/02, 19:10:11.786, 369364452835, testhost.dll, SocketClient.Stop: Stop communication from server endpoint: 127.0.0.1:058864
TpTrace Information: 0 : 13840, 1, 2020/12/02, 19:10:11.786, 369364454180, testhost.dll, SocketClient: Stop: Cancellation requested. Stopping message loop.
TpTrace Information: 0 : 13840, 9, 2020/12/02, 19:10:11.786, 369364455083, testhost.dll, SocketClient.PrivateStop: Stop communication from server endpoint: 127.0.0.1:058864, error:
TpTrace Verbose: 0 : 13840, 1, 2020/12/02, 19:10:11.786, 369364456007, testhost.dll, LengthPrefixCommunicationChannel.Dispose: Dispose reader and writer.
TpTrace Verbose: 0 : 13840, 9, 2020/12/02, 19:10:11.786, 369364458406, testhost.dll, LengthPrefixCommunicationChannel.Dispose: Dispose reader and writer.
TpTrace Information: 0 : 13840, 1, 2020/12/02, 19:10:11.787, 369364460286, testhost.dll, Testhost process exiting.
TpTrace Verbose: 0 : 13840, 9, 2020/12/02, 19:10:11.787, 369364462009, testhost.dll, TcpClientExtensions.MessageLoopAsync: exiting MessageLoopAsync remoteEndPoint: [::ffff:127.0.0.1]:58864 localEndPoint: [::ffff:127.0.0.1]:58865
