TpTrace Information: 0 : 14440, 1, 2020/11/28, 20:49:02.354, 1286560669509, testhost.dll, DefaultEngineInvoker.Invoke: Testhost process started with args :[--port, 56338],[--endpoint, 127.0.0.1:056338],[--role, client],[--parentprocessid, 14820],[--diag, C:\Users\dzene\Source\Repos\VVS-Z2\Hypo Banka\Unit Testovi\bin\Debug\fine-code-coverage\_outputfolder\diagnostics.host.20-11-28_20-49-02_02245_4.log],[--tracelevel, 4],[--datacollectionport, 56337],[--telemetryoptedin, false]
TpTrace Information: 0 : 14440, 1, 2020/11/28, 20:49:02.365, 1286560724800, testhost.dll, DefaultEngineInvoker.SetParentProcessExitCallback: Monitoring parent process with id: '14820'
TpTrace Information: 0 : 14440, 1, 2020/11/28, 20:49:02.378, 1286560856728, testhost.dll, DefaultEngineInvoker.GetConnectionInfo: Initialize communication on endpoint address: '127.0.0.1:056338'
TpTrace Information: 0 : 14440, 1, 2020/11/28, 20:49:02.404, 1286561116140, testhost.dll, SocketClient.Start: connecting to server endpoint: 127.0.0.1:056338
TpTrace Information: 0 : 14440, 1, 2020/11/28, 20:49:02.413, 1286561210611, testhost.dll, DefaultEngineInvoker.ConnectToDatacollector: Connecting to datacollector, port: 56337
TpTrace Information: 0 : 14440, 5, 2020/11/28, 20:49:02.418, 1286561258062, testhost.dll, SocketClient.OnServerConnected: connected to server endpoint: 127.0.0.1:056338
TpTrace Information: 0 : 14440, 1, 2020/11/28, 20:49:02.424, 1286561314913, testhost.dll, Trying to connect to server on socket : 127.0.0.1:56337 
TpTrace Verbose: 0 : 14440, 5, 2020/11/28, 20:49:02.425, 1286561325270, testhost.dll, Connected to server, and starting MessageLoopAsync
TpTrace Verbose: 0 : 14440, 1, 2020/11/28, 20:49:02.425, 1286561325926, testhost.dll, SocketCommunicationManager : SetupClientAsync : Attempting to connect to the server.
TpTrace Information: 0 : 14440, 10, 2020/11/28, 20:49:02.429, 1286561371806, testhost.dll, Connected to the server successfully 
TpTrace Information: 0 : 14440, 10, 2020/11/28, 20:49:02.430, 1286561375033, testhost.dll, Using the buffer size of 16384 bytes
TpTrace Information: 0 : 14440, 1, 2020/11/28, 20:49:02.431, 1286561390906, testhost.dll, DefaultEngineInvoker.Invoke: Start Request Processing.
TpTrace Verbose: 0 : 14440, 9, 2020/11/28, 20:49:02.432, 1286561397021, testhost.dll, TcpClientExtensions.MessageLoopAsync: Polling on remoteEndPoint: [::ffff:127.0.0.1]:56338 localEndPoint: [::ffff:127.0.0.1]:56340
TpTrace Verbose: 0 : 14440, 9, 2020/11/28, 20:49:02.433, 1286561405989, testhost.dll, TcpClientExtensions.MessageLoopAsync: NotifyDataAvailable remoteEndPoint: [::ffff:127.0.0.1]:56338 localEndPoint: [::ffff:127.0.0.1]:56340
TpTrace Information: 0 : 14440, 11, 2020/11/28, 20:49:02.433, 1286561409371, testhost.dll, DefaultEngineInvoker.StartProcessingAsync: Connected to vstest.console, Starting process requests.
TpTrace Information: 0 : 14440, 9, 2020/11/28, 20:49:02.765, 1286564726485, testhost.dll, TestRequestHandler.ProcessRequests: received message: (ProtocolVersion) -> 2
TpTrace Verbose: 0 : 14440, 9, 2020/11/28, 20:49:02.828, 1286565361535, testhost.dll, TestRequestHandler.SendData:  sending data from testhost: {"Version":2,"MessageType":"TestSession.Message","Payload":{"MessageLevel":0,"Message":"Logging TestHost Diagnostics in file: C:\\Users\\dzene\\Source\\Repos\\VVS-Z2\\Hypo Banka\\Unit Testovi\\bin\\Debug\\fine-code-coverage\\_outputfolder\\diagnostics.host.20-11-28_20-49-02_02245_4.log"}}
TpTrace Verbose: 0 : 14440, 9, 2020/11/28, 20:49:02.829, 1286565367131, testhost.dll, TcpClientExtensions.MessageLoopAsync: Polling on remoteEndPoint: [::ffff:127.0.0.1]:56338 localEndPoint: [::ffff:127.0.0.1]:56340
TpTrace Verbose: 0 : 14440, 9, 2020/11/28, 20:49:02.829, 1286565369593, testhost.dll, TcpClientExtensions.MessageLoopAsync: NotifyDataAvailable remoteEndPoint: [::ffff:127.0.0.1]:56338 localEndPoint: [::ffff:127.0.0.1]:56340
TpTrace Information: 0 : 14440, 9, 2020/11/28, 20:49:02.839, 1286565466592, testhost.dll, TestRequestHandler.ProcessRequests: received message: (TestExecution.Initialize) -> [
  "C:\\Users\\dzene\\Source\\Repos\\VVS-Z2\\Hypo Banka\\Unit Testovi\\bin\\Debug\\fine-code-coverage\\Microsoft.VisualStudio.TestPlatform.MSTest.TestAdapter.dll"
]
TpTrace Information: 0 : 14440, 9, 2020/11/28, 20:49:02.839, 1286565470356, testhost.dll, Execution Session Initialize.
TpTrace Verbose: 0 : 14440, 9, 2020/11/28, 20:49:02.854, 1286565614308, testhost.dll, TcpClientExtensions.MessageLoopAsync: Polling on remoteEndPoint: [::ffff:127.0.0.1]:56338 localEndPoint: [::ffff:127.0.0.1]:56340
TpTrace Verbose: 0 : 14440, 9, 2020/11/28, 20:49:02.854, 1286565617449, testhost.dll, TcpClientExtensions.MessageLoopAsync: NotifyDataAvailable remoteEndPoint: [::ffff:127.0.0.1]:56338 localEndPoint: [::ffff:127.0.0.1]:56340
TpTrace Verbose: 0 : 14440, 4, 2020/11/28, 20:49:02.860, 1286565680569, testhost.dll, TestExecutorService: Loading the extensions
TpTrace Information: 0 : 14440, 9, 2020/11/28, 20:49:02.863, 1286565703829, testhost.dll, TestRequestHandler.ProcessRequests: received message: (TestExecution.StartWithSources) -> {
  "AdapterSourceMap": {
    "_none_": [
      "C:\\Users\\dzene\\Source\\Repos\\VVS-Z2\\Hypo Banka\\Unit Testovi\\bin\\Debug\\fine-code-coverage\\Unit Testovi.dll"
    ]
  },
  "RunSettings": "<RunSettings>\r\n  <RunConfiguration>\r\n    <ResultsDirectory>C:\\Users\\dzene\\Source\\Repos\\VVS-Z2\\Hypo Banka\\Unit Testovi\\bin\\Debug\\fine-code-coverage\\_outputfolder</ResultsDirectory>\r\n    <TargetPlatform>X64</TargetPlatform>\r\n    <TargetFrameworkVersion>.NETCoreApp,Version=v3.1</TargetFrameworkVersion>\r\n    <DesignMode>False</DesignMode>\r\n    <CollectSourceInformation>False</CollectSourceInformation>\r\n  </RunConfiguration>\r\n  <LoggerRunSettings>\r\n    <Loggers>\r\n      <Logger friendlyName=\"blame\" enabled=\"True\" />\r\n      <Logger friendlyName=\"Console\" uri=\"logger://microsoft/TestPlatform/ConsoleLogger/v1\" assemblyQualifiedName=\"Microsoft.VisualStudio.TestPlatform.CommandLine.Internal.ConsoleLogger, vstest.console, Version=15.0.0.0, Culture=neutral, PublicKeyToken=b03f5f7f11d50a3a\" codeBase=\"C:\\Program Files\\dotnet\\sdk\\3.1.201\\vstest.console.dll\" enabled=\"True\" />\r\n    </Loggers>\r\n  </LoggerRunSettings>\r\n  <DataCollectionRunSettings>\r\n    <DataCollectors>\r\n      <DataCollector friendlyName=\"blame\" enabled=\"True\">\r\n        <Configuration>\r\n          <ResultsDirectory>C:\\Users\\dzene\\Source\\Repos\\VVS-Z2\\Hypo Banka\\Unit Testovi\\bin\\Debug\\fine-code-coverage\\_outputfolder</ResultsDirectory>\r\n        </Configuration>\r\n      </DataCollector>\r\n    </DataCollectors>\r\n  </DataCollectionRunSettings>\r\n</RunSettings>",
  "TestExecutionContext": {
    "FrequencyOfRunStatsChangeEvent": 10,
    "RunStatsChangeEventTimeout": "00:00:01.5000000",
    "InIsolation": false,
    "KeepAlive": false,
    "AreTestCaseLevelEventsRequired": false,
    "IsDebug": false,
    "TestCaseFilter": null,
    "FilterOptions": null
  },
  "Package": null
}
TpTrace Information: 0 : 14440, 9, 2020/11/28, 20:49:02.863, 1286565708814, testhost.dll, Execution started.
TpTrace Verbose: 0 : 14440, 4, 2020/11/28, 20:49:02.866, 1286565734529, testhost.dll, TestPluginCache.DiscoverTestExtensions: finding test extensions in assemblies endswith: TestAdapter.dll TPluginInfo: Microsoft.VisualStudio.TestPlatform.Common.ExtensionFramework.Utilities.TestExecutorPluginInformation TExtension: Microsoft.VisualStudio.TestPlatform.ObjectModel.Adapter.ITestExecutor
TpTrace Verbose: 0 : 14440, 4, 2020/11/28, 20:49:02.868, 1286565756053, testhost.dll, TestPluginCache.GetExtensionPaths: Filtered extension paths: 
TpTrace Verbose: 0 : 14440, 4, 2020/11/28, 20:49:02.869, 1286565763435, testhost.dll, TestPluginCache.GetExtensionPaths: Added default extension paths: C:\Users\dzene\Source\Repos\VVS-Z2\Hypo Banka\Unit Testovi\bin\Debug\fine-code-coverage\Microsoft.VisualStudio.TestPlatform.MSTest.TestAdapter.dll
TpTrace Verbose: 0 : 14440, 4, 2020/11/28, 20:49:02.869, 1286565765235, testhost.dll, TestPluginCache.GetExtensionPaths: Added unfilterableExtensionPaths: 
TpTrace Information: 0 : 14440, 4, 2020/11/28, 20:49:02.874, 1286565812447, testhost.dll, AssemblyResolver.ctor: Creating AssemblyResolver with searchDirectories C:\Users\dzene\Source\Repos\VVS-Z2\Hypo Banka\Unit Testovi\bin\Debug\fine-code-coverage
TpTrace Verbose: 0 : 14440, 4, 2020/11/28, 20:49:02.877, 1286565849046, testhost.dll, TestPluginCache.DiscoverTestExtensions: Discovering the extensions using extension path.
TpTrace Verbose: 0 : 14440, 4, 2020/11/28, 20:49:02.877, 1286565852042, testhost.dll, TestPluginCache.GetExtensionPaths: Filtered extension paths: 
TpTrace Verbose: 0 : 14440, 4, 2020/11/28, 20:49:02.878, 1286565853757, testhost.dll, TestPluginCache.GetExtensionPaths: Added default extension paths: C:\Users\dzene\Source\Repos\VVS-Z2\Hypo Banka\Unit Testovi\bin\Debug\fine-code-coverage\Microsoft.VisualStudio.TestPlatform.MSTest.TestAdapter.dll
TpTrace Verbose: 0 : 14440, 4, 2020/11/28, 20:49:02.878, 1286565855122, testhost.dll, TestPluginCache.GetExtensionPaths: Added unfilterableExtensionPaths: 
TpTrace Verbose: 0 : 14440, 4, 2020/11/28, 20:49:02.878, 1286565857062, testhost.dll, TestPluginCache.DiscoverTestExtensions: Discovering the extensions using allExtensionPaths: C:\Users\dzene\Source\Repos\VVS-Z2\Hypo Banka\Unit Testovi\bin\Debug\fine-code-coverage\Microsoft.VisualStudio.TestPlatform.MSTest.TestAdapter.dll
TpTrace Information: 0 : 14440, 4, 2020/11/28, 20:49:02.880, 1286565875213, testhost.dll, AssemblyResolver.AddSearchDirectories: Adding more searchDirectories C:\Users\dzene\Source\Repos\VVS-Z2\Hypo Banka\Unit Testovi\bin\Debug\fine-code-coverage
TpTrace Information: 0 : 14440, 4, 2020/11/28, 20:49:02.891, 1286565985333, testhost.dll, AssemblyResolver.OnResolve: Microsoft.VisualStudio.TestPlatform.MSTest.TestAdapter: Resolving assembly.
TpTrace Information: 0 : 14440, 4, 2020/11/28, 20:49:02.895, 1286566026412, testhost.dll, AssemblyResolver.OnResolve: Resolved assembly: Microsoft.VisualStudio.TestPlatform.MSTest.TestAdapter, from path: C:\Users\dzene\Source\Repos\VVS-Z2\Hypo Banka\Unit Testovi\bin\Debug\fine-code-coverage\Microsoft.VisualStudio.TestPlatform.MSTest.TestAdapter.dll
TpTrace Information: 0 : 14440, 4, 2020/11/28, 20:49:02.898, 1286566061711, testhost.dll, AssemblyResolver.OnResolve: Microsoft.VisualStudio.TestPlatform.MSTestAdapter.PlatformServices.Interface: Resolving assembly.
TpTrace Information: 0 : 14440, 4, 2020/11/28, 20:49:02.900, 1286566073629, testhost.dll, AssemblyResolver.OnResolve: Resolved assembly: Microsoft.VisualStudio.TestPlatform.MSTestAdapter.PlatformServices.Interface, from path: C:\Users\dzene\Source\Repos\VVS-Z2\Hypo Banka\Unit Testovi\bin\Debug\fine-code-coverage\Microsoft.VisualStudio.TestPlatform.MSTestAdapter.PlatformServices.Interface.dll
TpTrace Information: 0 : 14440, 4, 2020/11/28, 20:49:02.900, 1286566078799, testhost.dll, AssemblyResolver.OnResolve: Microsoft.VisualStudio.TestPlatform.MSTestAdapter.PlatformServices: Resolving assembly.
TpTrace Information: 0 : 14440, 4, 2020/11/28, 20:49:02.901, 1286566090114, testhost.dll, AssemblyResolver.OnResolve: Resolved assembly: Microsoft.VisualStudio.TestPlatform.MSTestAdapter.PlatformServices, from path: C:\Users\dzene\Source\Repos\VVS-Z2\Hypo Banka\Unit Testovi\bin\Debug\fine-code-coverage\Microsoft.VisualStudio.TestPlatform.MSTestAdapter.PlatformServices.dll
TpTrace Verbose: 0 : 14440, 4, 2020/11/28, 20:49:03.052, 1286567600189, testhost.dll, TestPluginCache: Discovered the extensions using extension path ''.
TpTrace Verbose: 0 : 14440, 4, 2020/11/28, 20:49:03.054, 1286567613474, testhost.dll, TestPluginCache: Discoverers are ''.
TpTrace Verbose: 0 : 14440, 4, 2020/11/28, 20:49:03.054, 1286567615730, testhost.dll, TestPluginCache: Executors are 'executor://MSTestAdapter/v2'.
TpTrace Verbose: 0 : 14440, 4, 2020/11/28, 20:49:03.054, 1286567618132, testhost.dll, TestPluginCache: Setting providers are ''.
TpTrace Verbose: 0 : 14440, 4, 2020/11/28, 20:49:03.054, 1286567620418, testhost.dll, TestPluginCache: Loggers are ''.
TpTrace Verbose: 0 : 14440, 9, 2020/11/28, 20:49:03.057, 1286567644109, testhost.dll, TcpClientExtensions.MessageLoopAsync: Polling on remoteEndPoint: [::ffff:127.0.0.1]:56338 localEndPoint: [::ffff:127.0.0.1]:56340
TpTrace Information: 0 : 14440, 4, 2020/11/28, 20:49:03.066, 1286567735803, testhost.dll, TestPluginManager.CreateTestExtension: Attempting to load test extension: Microsoft.VisualStudio.TestPlatform.MSTest.TestAdapter.MSTestExecutor
TpTrace Verbose: 0 : 14440, 4, 2020/11/28, 20:49:03.073, 1286567802462, testhost.dll, TestExecutorExtensionManager: Loading executor Microsoft.VisualStudio.TestPlatform.MSTest.TestAdapter.MSTestExecutor
TpTrace Verbose: 0 : 14440, 4, 2020/11/28, 20:49:03.073, 1286567804498, testhost.dll, TestExecutorService: Loaded the executors
TpTrace Verbose: 0 : 14440, 4, 2020/11/28, 20:49:03.074, 1286567821415, testhost.dll, TestPluginCache.DiscoverTestExtensions: finding test extensions in assemblies endswith: TestAdapter.dll TPluginInfo: Microsoft.VisualStudio.TestPlatform.Common.ExtensionFramework.Utilities.TestSettingsProviderPluginInformation TExtension: Microsoft.VisualStudio.TestPlatform.ObjectModel.Adapter.ISettingsProvider
TpTrace Verbose: 0 : 14440, 4, 2020/11/28, 20:49:03.075, 1286567829317, testhost.dll, TestPluginCache.GetExtensionPaths: Filtered extension paths: 
TpTrace Verbose: 0 : 14440, 4, 2020/11/28, 20:49:03.075, 1286567831215, testhost.dll, TestPluginCache.GetExtensionPaths: Added default extension paths: C:\Users\dzene\Source\Repos\VVS-Z2\Hypo Banka\Unit Testovi\bin\Debug\fine-code-coverage\Microsoft.VisualStudio.TestPlatform.MSTest.TestAdapter.dll
TpTrace Verbose: 0 : 14440, 4, 2020/11/28, 20:49:03.076, 1286567835495, testhost.dll, TestPluginCache.GetExtensionPaths: Added unfilterableExtensionPaths: 
TpTrace Information: 0 : 14440, 4, 2020/11/28, 20:49:03.076, 1286567840169, testhost.dll, AssemblyResolver.AddSearchDirectories: Adding more searchDirectories C:\Users\dzene\Source\Repos\VVS-Z2\Hypo Banka\Unit Testovi\bin\Debug\fine-code-coverage
TpTrace Verbose: 0 : 14440, 4, 2020/11/28, 20:49:03.077, 1286567842501, testhost.dll, TestPluginCache.DiscoverTestExtensions: Discovering the extensions using extension path.
TpTrace Verbose: 0 : 14440, 4, 2020/11/28, 20:49:03.077, 1286567844406, testhost.dll, TestPluginCache.GetExtensionPaths: Filtered extension paths: 
TpTrace Verbose: 0 : 14440, 4, 2020/11/28, 20:49:03.077, 1286567846237, testhost.dll, TestPluginCache.GetExtensionPaths: Added default extension paths: C:\Users\dzene\Source\Repos\VVS-Z2\Hypo Banka\Unit Testovi\bin\Debug\fine-code-coverage\Microsoft.VisualStudio.TestPlatform.MSTest.TestAdapter.dll
TpTrace Verbose: 0 : 14440, 4, 2020/11/28, 20:49:03.077, 1286567847486, testhost.dll, TestPluginCache.GetExtensionPaths: Added unfilterableExtensionPaths: 
TpTrace Verbose: 0 : 14440, 4, 2020/11/28, 20:49:03.077, 1286567848659, testhost.dll, TestPluginCache.DiscoverTestExtensions: Discovering the extensions using allExtensionPaths: C:\Users\dzene\Source\Repos\VVS-Z2\Hypo Banka\Unit Testovi\bin\Debug\fine-code-coverage\Microsoft.VisualStudio.TestPlatform.MSTest.TestAdapter.dll
TpTrace Information: 0 : 14440, 4, 2020/11/28, 20:49:03.077, 1286567850103, testhost.dll, AssemblyResolver.AddSearchDirectories: Adding more searchDirectories C:\Users\dzene\Source\Repos\VVS-Z2\Hypo Banka\Unit Testovi\bin\Debug\fine-code-coverage
TpTrace Verbose: 0 : 14440, 4, 2020/11/28, 20:49:03.078, 1286567855137, testhost.dll, TestPluginCache: Discovered the extensions using extension path ''.
TpTrace Verbose: 0 : 14440, 4, 2020/11/28, 20:49:03.078, 1286567856487, testhost.dll, TestPluginCache: Discoverers are ''.
TpTrace Verbose: 0 : 14440, 4, 2020/11/28, 20:49:03.078, 1286567857916, testhost.dll, TestPluginCache: Executors are 'executor://MSTestAdapter/v2'.
TpTrace Verbose: 0 : 14440, 4, 2020/11/28, 20:49:03.078, 1286567859618, testhost.dll, TestPluginCache: Setting providers are ''.
TpTrace Verbose: 0 : 14440, 4, 2020/11/28, 20:49:03.078, 1286567860802, testhost.dll, TestPluginCache: Loggers are ''.
TpTrace Verbose: 0 : 14440, 4, 2020/11/28, 20:49:03.081, 1286567885396, testhost.dll, TestExecutorService: Loaded the settings providers
TpTrace Information: 0 : 14440, 4, 2020/11/28, 20:49:03.081, 1286567887913, testhost.dll, TestExecutorService: Loaded the extensions
TpTrace Information: 0 : 14440, 4, 2020/11/28, 20:49:03.217, 1286569251772, testhost.dll, TestDiscoveryManager: Discovering tests from sources C:\Users\dzene\Source\Repos\VVS-Z2\Hypo Banka\Unit Testovi\bin\Debug\fine-code-coverage\Unit Testovi.dll
TpTrace Verbose: 0 : 14440, 4, 2020/11/28, 20:49:03.222, 1286569295992, testhost.dll, TestPluginCache.DiscoverTestExtensions: finding test extensions in assemblies endswith: TestAdapter.dll TPluginInfo: Microsoft.VisualStudio.TestPlatform.Common.ExtensionFramework.Utilities.TestDiscovererPluginInformation TExtension: Microsoft.VisualStudio.TestPlatform.ObjectModel.Adapter.ITestDiscoverer
TpTrace Verbose: 0 : 14440, 4, 2020/11/28, 20:49:03.222, 1286569299073, testhost.dll, TestPluginCache.GetExtensionPaths: Filtered extension paths: 
TpTrace Verbose: 0 : 14440, 4, 2020/11/28, 20:49:03.222, 1286569300497, testhost.dll, TestPluginCache.GetExtensionPaths: Added default extension paths: C:\Users\dzene\Source\Repos\VVS-Z2\Hypo Banka\Unit Testovi\bin\Debug\fine-code-coverage\Microsoft.VisualStudio.TestPlatform.MSTest.TestAdapter.dll
TpTrace Verbose: 0 : 14440, 4, 2020/11/28, 20:49:03.222, 1286569301694, testhost.dll, TestPluginCache.GetExtensionPaths: Added unfilterableExtensionPaths: 
TpTrace Information: 0 : 14440, 4, 2020/11/28, 20:49:03.223, 1286569304170, testhost.dll, AssemblyResolver.AddSearchDirectories: Adding more searchDirectories C:\Users\dzene\Source\Repos\VVS-Z2\Hypo Banka\Unit Testovi\bin\Debug\fine-code-coverage
TpTrace Verbose: 0 : 14440, 4, 2020/11/28, 20:49:03.223, 1286569305564, testhost.dll, TestPluginCache.DiscoverTestExtensions: Discovering the extensions using extension path.
TpTrace Verbose: 0 : 14440, 4, 2020/11/28, 20:49:03.223, 1286569306724, testhost.dll, TestPluginCache.GetExtensionPaths: Filtered extension paths: 
TpTrace Verbose: 0 : 14440, 4, 2020/11/28, 20:49:03.223, 1286569307820, testhost.dll, TestPluginCache.GetExtensionPaths: Added default extension paths: C:\Users\dzene\Source\Repos\VVS-Z2\Hypo Banka\Unit Testovi\bin\Debug\fine-code-coverage\Microsoft.VisualStudio.TestPlatform.MSTest.TestAdapter.dll
TpTrace Verbose: 0 : 14440, 4, 2020/11/28, 20:49:03.223, 1286569308913, testhost.dll, TestPluginCache.GetExtensionPaths: Added unfilterableExtensionPaths: 
TpTrace Verbose: 0 : 14440, 4, 2020/11/28, 20:49:03.223, 1286569310077, testhost.dll, TestPluginCache.DiscoverTestExtensions: Discovering the extensions using allExtensionPaths: C:\Users\dzene\Source\Repos\VVS-Z2\Hypo Banka\Unit Testovi\bin\Debug\fine-code-coverage\Microsoft.VisualStudio.TestPlatform.MSTest.TestAdapter.dll
TpTrace Information: 0 : 14440, 4, 2020/11/28, 20:49:03.223, 1286569311394, testhost.dll, AssemblyResolver.AddSearchDirectories: Adding more searchDirectories C:\Users\dzene\Source\Repos\VVS-Z2\Hypo Banka\Unit Testovi\bin\Debug\fine-code-coverage
TpTrace Verbose: 0 : 14440, 4, 2020/11/28, 20:49:03.228, 1286569357335, testhost.dll, TestPluginCache: Discovered the extensions using extension path ''.
TpTrace Verbose: 0 : 14440, 4, 2020/11/28, 20:49:03.228, 1286569359658, testhost.dll, TestPluginCache: Discoverers are 'Microsoft.VisualStudio.TestPlatform.MSTest.TestAdapter.MSTestDiscoverer, Microsoft.VisualStudio.TestPlatform.MSTest.TestAdapter, Version=14.0.0.0, Culture=neutral, PublicKeyToken=b03f5f7f11d50a3a'.
TpTrace Verbose: 0 : 14440, 4, 2020/11/28, 20:49:03.228, 1286569361064, testhost.dll, TestPluginCache: Executors are 'executor://MSTestAdapter/v2'.
TpTrace Verbose: 0 : 14440, 4, 2020/11/28, 20:49:03.229, 1286569362228, testhost.dll, TestPluginCache: Setting providers are ''.
TpTrace Verbose: 0 : 14440, 4, 2020/11/28, 20:49:03.229, 1286569363467, testhost.dll, TestPluginCache: Loggers are ''.
TpTrace Verbose: 0 : 14440, 4, 2020/11/28, 20:49:03.238, 1286569458341, testhost.dll, BaseRunTests.RunTestInternalWithExecutors: Running tests for executor://MSTestAdapter/v2
TpTrace Information: 0 : 14440, 4, 2020/11/28, 20:49:03.360, 1286570675518, testhost.dll, AssemblyResolver.OnResolve: Microsoft.VisualStudio.TestPlatform.MSTestAdapter.PlatformServices.resources: Resolving assembly.
TpTrace Information: 0 : 14440, 4, 2020/11/28, 20:49:03.360, 1286570678837, testhost.dll, AssemblyResolver.OnResolve: Microsoft.VisualStudio.TestPlatform.MSTestAdapter.PlatformServices.resources: Failed to load assembly.
TpTrace Information: 0 : 14440, 4, 2020/11/28, 20:49:03.361, 1286570683538, testhost.dll, AssemblyResolver.OnResolve: Microsoft.VisualStudio.TestPlatform.MSTestAdapter.PlatformServices.resources: Resolving assembly.
TpTrace Information: 0 : 14440, 4, 2020/11/28, 20:49:03.361, 1286570685053, testhost.dll, AssemblyResolver.OnResolve: Microsoft.VisualStudio.TestPlatform.MSTestAdapter.PlatformServices.resources: Resolved from cache.
TpTrace Verbose: 0 : 14440, 4, 2020/11/28, 20:49:03.392, 1286570994205, testhost.dll, TestExecutionRecorder.RecordStart: Starting test: Unit_Testovi.BankaTests.BankaTest.
TpTrace Information: 0 : 14440, 4, 2020/11/28, 20:49:03.579, 1286572870472, testhost.dll, AssemblyResolver.OnResolve: Microsoft.VisualStudio.TestPlatform.TestFramework.resources: Resolving assembly.
TpTrace Information: 0 : 14440, 4, 2020/11/28, 20:49:03.580, 1286572873656, testhost.dll, AssemblyResolver.OnResolve: Microsoft.VisualStudio.TestPlatform.TestFramework.resources: Failed to load assembly.
TpTrace Verbose: 0 : 14440, 4, 2020/11/28, 20:49:03.632, 1286573395550, testhost.dll, TestExecutionRecorder.RecordEnd: test: Unit_Testovi.BankaTests.BankaTest execution completed.
TpTrace Verbose: 0 : 14440, 4, 2020/11/28, 20:49:03.682, 1286573901286, testhost.dll, TestExecutionRecorder.RecordResult: Received result for test: Unit_Testovi.BankaTests.BankaTest.
TpTrace Warning: 0 : 14440, 4, 2020/11/28, 20:49:03.689, 1286573966267, testhost.dll, InProgressTests is null
TpTrace Warning: 0 : 14440, 4, 2020/11/28, 20:49:03.693, 1286574006493, testhost.dll, TestRunCache: No test found corresponding to testResult 'BankaTest   Failed
  Message: Assert.Fail failed. 
  StackTrace:
   at Unit_Testovi.BankaTests.BankaTest() in C:\Users\dzene\Source\Repos\VVS-Z2\Hypo Banka\Unit Testovi\BankaTests.cs:line 15
' in inProgress list.
TpTrace Verbose: 0 : 14440, 4, 2020/11/28, 20:49:03.693, 1286574009860, testhost.dll, TestExecutionRecorder.RecordStart: Starting test: Unit_Testovi.BankaTests.RadSaKlijentomTest.
TpTrace Verbose: 0 : 14440, 4, 2020/11/28, 20:49:03.697, 1286574043541, testhost.dll, TestExecutionRecorder.RecordEnd: test: Unit_Testovi.BankaTests.RadSaKlijentomTest execution completed.
TpTrace Verbose: 0 : 14440, 4, 2020/11/28, 20:49:03.699, 1286574070258, testhost.dll, TestExecutionRecorder.RecordResult: Received result for test: Unit_Testovi.BankaTests.RadSaKlijentomTest.
TpTrace Warning: 0 : 14440, 4, 2020/11/28, 20:49:03.700, 1286574073066, testhost.dll, InProgressTests is null
TpTrace Warning: 0 : 14440, 4, 2020/11/28, 20:49:03.700, 1286574075230, testhost.dll, TestRunCache: No test found corresponding to testResult 'RadSaKlijentomTest  Failed
  Message: Assert.Fail failed. 
  StackTrace:
   at Unit_Testovi.BankaTests.RadSaKlijentomTest() in C:\Users\dzene\Source\Repos\VVS-Z2\Hypo Banka\Unit Testovi\BankaTests.cs:line 21
' in inProgress list.
TpTrace Verbose: 0 : 14440, 4, 2020/11/28, 20:49:03.700, 1286574077364, testhost.dll, TestExecutionRecorder.RecordStart: Starting test: Unit_Testovi.BankaTests.OtvaranjeNovogRačunaTest.
TpTrace Verbose: 0 : 14440, 4, 2020/11/28, 20:49:03.704, 1286574116400, testhost.dll, TestExecutionRecorder.RecordEnd: test: Unit_Testovi.BankaTests.OtvaranjeNovogRačunaTest execution completed.
TpTrace Verbose: 0 : 14440, 4, 2020/11/28, 20:49:03.710, 1286574181147, testhost.dll, TestExecutionRecorder.RecordResult: Received result for test: Unit_Testovi.BankaTests.OtvaranjeNovogRačunaTest.
TpTrace Warning: 0 : 14440, 4, 2020/11/28, 20:49:03.711, 1286574183155, testhost.dll, InProgressTests is null
TpTrace Warning: 0 : 14440, 4, 2020/11/28, 20:49:03.711, 1286574184497, testhost.dll, TestRunCache: No test found corresponding to testResult 'OtvaranjeNovogRačunaTest  Failed
  Message: Assert.Fail failed. 
  StackTrace:
   at Unit_Testovi.BankaTests.OtvaranjeNovogRačunaTest() in C:\Users\dzene\Source\Repos\VVS-Z2\Hypo Banka\Unit Testovi\BankaTests.cs:line 27
' in inProgress list.
TpTrace Verbose: 0 : 14440, 4, 2020/11/28, 20:49:03.712, 1286574196253, testhost.dll, TestExecutionRecorder.RecordStart: Starting test: Unit_Testovi.BankaTests.KlijentiSBlokiranimRačunimaTest.
TpTrace Information: 0 : 14440, 4, 2020/11/28, 20:49:03.734, 1286574417377, testhost.dll, AssemblyResolver.OnResolve: Microsoft.VisualStudio.TestPlatform.MSTest.TestAdapter.resources: Resolving assembly.
TpTrace Information: 0 : 14440, 4, 2020/11/28, 20:49:03.734, 1286574421693, testhost.dll, AssemblyResolver.OnResolve: Microsoft.VisualStudio.TestPlatform.MSTest.TestAdapter.resources: Failed to load assembly.
TpTrace Verbose: 0 : 14440, 4, 2020/11/28, 20:49:03.740, 1286574481020, testhost.dll, TestExecutionRecorder.RecordEnd: test: Unit_Testovi.BankaTests.KlijentiSBlokiranimRačunimaTest execution completed.
TpTrace Verbose: 0 : 14440, 4, 2020/11/28, 20:49:03.744, 1286574518502, testhost.dll, TestExecutionRecorder.RecordResult: Received result for test: Unit_Testovi.BankaTests.KlijentiSBlokiranimRačunimaTest.
TpTrace Warning: 0 : 14440, 4, 2020/11/28, 20:49:03.744, 1286574521064, testhost.dll, InProgressTests is null
TpTrace Warning: 0 : 14440, 4, 2020/11/28, 20:49:03.745, 1286574523008, testhost.dll, TestRunCache: No test found corresponding to testResult 'KlijentiSBlokiranimRačunimaTest  Failed
  Message: Test method Unit_Testovi.BankaTests.KlijentiSBlokiranimRačunimaTest threw exception: 
System.ArgumentException: Račun nije prazan!
  StackTrace:
    at Hypo_Banka.Racun.set_Blokiran(Boolean value) in C:\Users\dzene\Source\Repos\VVS-Z2\Hypo Banka\Hypo Banka\Racun.cs:line 34
   at Unit_Testovi.BankaTests.KlijentiSBlokiranimRačunimaTest() in C:\Users\dzene\Source\Repos\VVS-Z2\Hypo Banka\Unit Testovi\BankaTests.cs:line 39
' in inProgress list.
TpTrace Verbose: 0 : 14440, 4, 2020/11/28, 20:49:03.745, 1286574525302, testhost.dll, TestExecutionRecorder.RecordStart: Starting test: Unit_Testovi.BankaTests.PraznaListaKlijentiSBlokiranimRačunimaTest.
TpTrace Verbose: 0 : 14440, 4, 2020/11/28, 20:49:03.753, 1286574609451, testhost.dll, TestExecutionRecorder.RecordEnd: test: Unit_Testovi.BankaTests.PraznaListaKlijentiSBlokiranimRačunimaTest execution completed.
TpTrace Verbose: 0 : 14440, 4, 2020/11/28, 20:49:03.756, 1286574632780, testhost.dll, TestExecutionRecorder.RecordResult: Received result for test: Unit_Testovi.BankaTests.PraznaListaKlijentiSBlokiranimRačunimaTest.
TpTrace Warning: 0 : 14440, 4, 2020/11/28, 20:49:03.756, 1286574635605, testhost.dll, InProgressTests is null
TpTrace Warning: 0 : 14440, 4, 2020/11/28, 20:49:03.756, 1286574640886, testhost.dll, TestRunCache: No test found corresponding to testResult 'PraznaListaKlijentiSBlokiranimRačunimaTest  Passed' in inProgress list.
TpTrace Verbose: 0 : 14440, 4, 2020/11/28, 20:49:03.757, 1286574642775, testhost.dll, TestExecutionRecorder.RecordStart: Starting test: Unit_Testovi.BankaTests.PraznaListaKlijentiSBlokiranimRačunimaTest2.
TpTrace Verbose: 0 : 14440, 4, 2020/11/28, 20:49:03.760, 1286574675289, testhost.dll, TestExecutionRecorder.RecordEnd: test: Unit_Testovi.BankaTests.PraznaListaKlijentiSBlokiranimRačunimaTest2 execution completed.
TpTrace Verbose: 0 : 14440, 4, 2020/11/28, 20:49:03.763, 1286574706509, testhost.dll, TestExecutionRecorder.RecordResult: Received result for test: Unit_Testovi.BankaTests.PraznaListaKlijentiSBlokiranimRačunimaTest2.
TpTrace Warning: 0 : 14440, 4, 2020/11/28, 20:49:03.763, 1286574709538, testhost.dll, InProgressTests is null
TpTrace Warning: 0 : 14440, 4, 2020/11/28, 20:49:03.763, 1286574711626, testhost.dll, TestRunCache: No test found corresponding to testResult 'PraznaListaKlijentiSBlokiranimRačunimaTest2  Passed' in inProgress list.
TpTrace Verbose: 0 : 14440, 4, 2020/11/28, 20:49:03.764, 1286574713419, testhost.dll, TestExecutionRecorder.RecordStart: Starting test: Unit_Testovi.BankaTests.PraznaListaKlijentiSBlokiranimRačunimaTest3.
TpTrace Verbose: 0 : 14440, 4, 2020/11/28, 20:49:03.767, 1286574746991, testhost.dll, TestExecutionRecorder.RecordEnd: test: Unit_Testovi.BankaTests.PraznaListaKlijentiSBlokiranimRačunimaTest3 execution completed.
TpTrace Verbose: 0 : 14440, 4, 2020/11/28, 20:49:03.770, 1286574774472, testhost.dll, TestExecutionRecorder.RecordResult: Received result for test: Unit_Testovi.BankaTests.PraznaListaKlijentiSBlokiranimRačunimaTest3.
TpTrace Warning: 0 : 14440, 4, 2020/11/28, 20:49:03.770, 1286574776901, testhost.dll, InProgressTests is null
TpTrace Warning: 0 : 14440, 4, 2020/11/28, 20:49:03.770, 1286574778179, testhost.dll, TestRunCache: No test found corresponding to testResult 'PraznaListaKlijentiSBlokiranimRačunimaTest3  Passed' in inProgress list.
TpTrace Verbose: 0 : 14440, 4, 2020/11/28, 20:49:03.770, 1286574779521, testhost.dll, TestExecutionRecorder.RecordStart: Starting test: Unit_Testovi.BankaTests.DajKreditTest.
TpTrace Verbose: 0 : 14440, 4, 2020/11/28, 20:49:03.774, 1286574813013, testhost.dll, TestExecutionRecorder.RecordEnd: test: Unit_Testovi.BankaTests.DajKreditTest execution completed.
TpTrace Verbose: 0 : 14440, 4, 2020/11/28, 20:49:03.776, 1286574839906, testhost.dll, TestExecutionRecorder.RecordResult: Received result for test: Unit_Testovi.BankaTests.DajKreditTest.
TpTrace Warning: 0 : 14440, 4, 2020/11/28, 20:49:03.776, 1286574841926, testhost.dll, InProgressTests is null
TpTrace Warning: 0 : 14440, 4, 2020/11/28, 20:49:03.777, 1286574843304, testhost.dll, TestRunCache: No test found corresponding to testResult 'DajKreditTest  Failed
  Message: Assert.Fail failed. 
  StackTrace:
   at Unit_Testovi.BankaTests.DajKreditTest() in C:\Users\dzene\Source\Repos\VVS-Z2\Hypo Banka\Unit Testovi\BankaTests.cs:line 109
' in inProgress list.
TpTrace Verbose: 0 : 14440, 4, 2020/11/28, 20:49:03.777, 1286574844793, testhost.dll, TestExecutionRecorder.RecordStart: Starting test: Unit_Testovi.BankaTests.OdobriKreditTest.
TpTrace Verbose: 0 : 14440, 4, 2020/11/28, 20:49:03.781, 1286574886573, testhost.dll, TestExecutionRecorder.RecordEnd: test: Unit_Testovi.BankaTests.OdobriKreditTest execution completed.
TpTrace Verbose: 0 : 14440, 4, 2020/11/28, 20:49:03.784, 1286574920673, testhost.dll, TestExecutionRecorder.RecordResult: Received result for test: Unit_Testovi.BankaTests.OdobriKreditTest.
TpTrace Warning: 0 : 14440, 4, 2020/11/28, 20:49:03.785, 1286574923438, testhost.dll, InProgressTests is null
TpTrace Warning: 0 : 14440, 4, 2020/11/28, 20:49:03.785, 1286574925767, testhost.dll, TestRunCache: No test found corresponding to testResult 'OdobriKreditTest  Failed
  Message: Assert.Fail failed. 
  StackTrace:
   at Unit_Testovi.BankaTests.OdobriKreditTest() in C:\Users\dzene\Source\Repos\VVS-Z2\Hypo Banka\Unit Testovi\BankaTests.cs:line 115
' in inProgress list.
TpTrace Verbose: 0 : 14440, 4, 2020/11/28, 20:49:03.785, 1286574927953, testhost.dll, TestExecutionRecorder.RecordStart: Starting test: Unit_Testovi.KlijentTests.DajUkupanIznosNovcaNaSvimRačunimaTest.
TpTrace Information: 0 : 14440, 4, 2020/11/28, 20:49:03.791, 1286574984639, testhost.dll, Sending test run statistics
TpTrace Verbose: 0 : 14440, 4, 2020/11/28, 20:49:03.858, 1286575654841, testhost.dll, TestRequestHandler.SendData:  sending data from testhost: {"Version":2,"MessageType":"TestExecution.StatsChange","Payload":{"NewTestResults":[{"TestCase":{"Id":"c2245ec7-612e-2eb7-dda6-a997213d66f7","FullyQualifiedName":"Unit_Testovi.BankaTests.BankaTest","DisplayName":"BankaTest","ExecutorUri":"executor://MSTestAdapter/v2","Source":"C:\\Users\\dzene\\Source\\Repos\\VVS-Z2\\Hypo Banka\\Unit Testovi\\bin\\Debug\\fine-code-coverage\\Unit Testovi.dll","CodeFilePath":null,"LineNumber":-1,"Properties":[{"Key":{"Id":"MSTestDiscoverer.TestClassName","Label":"ClassName","Category":"","Description":"","Attributes":1,"ValueType":"System.String"},"Value":"Unit_Testovi.BankaTests"},{"Key":{"Id":"TestObject.Traits","Label":"Traits","Category":"","Description":"","Attributes":5,"ValueType":"System.Collections.Generic.KeyValuePair`2[[System.String],[System.String]][]"},"Value":[]}]},"Attachments":[],"Outcome":2,"ErrorMessage":"Assert.Fail failed. ","ErrorStackTrace":"   at Unit_Testovi.BankaTests.BankaTest() in C:\\Users\\dzene\\Source\\Repos\\VVS-Z2\\Hypo Banka\\Unit Testovi\\BankaTests.cs:line 15\r\n","DisplayName":null,"Messages":[],"ComputerName":null,"Duration":"00:00:00.0449627","StartTime":"2020-11-28T20:49:03.5239383+01:00","EndTime":"2020-11-28T20:49:03.6242286+01:00","Properties":[{"Key":{"Id":"ExecutionId","Label":"ExecutionId","Category":"","Description":"","Attributes":1,"ValueType":"System.Guid"},"Value":"00000000-0000-0000-0000-000000000000"},{"Key":{"Id":"ParentExecId","Label":"ParentExecId","Category":"","Description":"","Attributes":1,"ValueType":"System.Guid"},"Value":"00000000-0000-0000-0000-000000000000"},{"Key":{"Id":"InnerResultsCount","Label":"InnerResultsCount","Category":"","Description":"","Attributes":1,"ValueType":"System.Int32"},"Value":0}]},{"TestCase":{"Id":"4e520575-537d-a0ef-c811-6619e214ccff","FullyQualifiedName":"Unit_Testovi.BankaTests.RadSaKlijentomTest","DisplayName":"RadSaKlijentomTest","ExecutorUri":"executor://MSTestAdapter/v2","Source":"C:\\Users\\dzene\\Source\\Repos\\VVS-Z2\\Hypo Banka\\Unit Testovi\\bin\\Debug\\fine-code-coverage\\Unit Testovi.dll","CodeFilePath":null,"LineNumber":-1,"Properties":[{"Key":{"Id":"MSTestDiscoverer.TestClassName","Label":"ClassName","Category":"","Description":"","Attributes":1,"ValueType":"System.String"},"Value":"Unit_Testovi.BankaTests"},{"Key":{"Id":"TestObject.Traits","Label":"Traits","Category":"","Description":"","Attributes":5,"ValueType":"System.Collections.Generic.KeyValuePair`2[[System.String],[System.String]][]"},"Value":[]}]},"Attachments":[],"Outcome":2,"ErrorMessage":"Assert.Fail failed. ","ErrorStackTrace":"   at Unit_Testovi.BankaTests.RadSaKlijentomTest() in C:\\Users\\dzene\\Source\\Repos\\VVS-Z2\\Hypo Banka\\Unit Testovi\\BankaTests.cs:line 21\r\n","DisplayName":null,"Messages":[],"ComputerName":null,"Duration":"00:00:00.0010105","StartTime":"2020-11-28T20:49:03.6958122+01:00","EndTime":"2020-11-28T20:49:03.6971098+01:00","Properties":[{"Key":{"Id":"ExecutionId","Label":"ExecutionId","Category":"","Description":"","Attributes":1,"ValueType":"System.Guid"},"Value":"00000000-0000-0000-0000-000000000000"},{"Key":{"Id":"ParentExecId","Label":"ParentExecId","Category":"","Description":"","Attributes":1,"ValueType":"System.Guid"},"Value":"00000000-0000-0000-0000-000000000000"},{"Key":{"Id":"InnerResultsCount","Label":"InnerResultsCount","Category":"","Description":"","Attributes":1,"ValueType":"System.Int32"},"Value":0}]},{"TestCase":{"Id":"18a4e423-7912-2ea3-64d1-3602e6b82a62","FullyQualifiedName":"Unit_Testovi.BankaTests.OtvaranjeNovogRačunaTest","DisplayName":"OtvaranjeNovogRačunaTest","ExecutorUri":"executor://MSTestAdapter/v2","Source":"C:\\Users\\dzene\\Source\\Repos\\VVS-Z2\\Hypo Banka\\Unit Testovi\\bin\\Debug\\fine-code-coverage\\Unit Testovi.dll","CodeFilePath":null,"LineNumber":-1,"Properties":[{"Key":{"Id":"MSTestDiscoverer.TestClassName","Label":"ClassName","Category":"","Description":"","Attributes":1,"ValueType":"System.String"},"Value":"Unit_Testovi.BankaTests"},{"Key":{"Id":"TestObject.Traits","Label":"Traits","Category":"","Description":"","Attributes":5,"ValueType":"System.Collections.Generic.KeyValuePair`2[[System.String],[System.String]][]"},"Value":[]}]},"Attachments":[],"Outcome":2,"ErrorMessage":"Assert.Fail failed. ","ErrorStackTrace":"   at Unit_Testovi.BankaTests.OtvaranjeNovogRačunaTest() in C:\\Users\\dzene\\Source\\Repos\\VVS-Z2\\Hypo Banka\\Unit Testovi\\BankaTests.cs:line 27\r\n","DisplayName":null,"Messages":[],"ComputerName":null,"Duration":"00:00:00.0009757","StartTime":"2020-11-28T20:49:03.7032176+01:00","EndTime":"2020-11-28T20:49:03.7044073+01:00","Properties":[{"Key":{"Id":"ExecutionId","Label":"ExecutionId","Category":"","Description":"","Attributes":1,"ValueType":"System.Guid"},"Value":"00000000-0000-0000-0000-000000000000"},{"Key":{"Id":"ParentExecId","Label":"ParentExecId","Category":"","Description":"","Attributes":1,"ValueType":"System.Guid"},"Value":"00000000-0000-0000-0000-000000000000"},{"Key":{"Id":"InnerResultsCount","Label":"InnerResultsCount","Category":"","Description":"","Attributes":1,"ValueType":"System.Int32"},"Value":0}]},{"TestCase":{"Id":"1b311cad-fe90-5ca0-5c94-bb6f702bc22c","FullyQualifiedName":"Unit_Testovi.BankaTests.KlijentiSBlokiranimRačunimaTest","DisplayName":"KlijentiSBlokiranimRačunimaTest","ExecutorUri":"executor://MSTestAdapter/v2","Source":"C:\\Users\\dzene\\Source\\Repos\\VVS-Z2\\Hypo Banka\\Unit Testovi\\bin\\Debug\\fine-code-coverage\\Unit Testovi.dll","CodeFilePath":null,"LineNumber":-1,"Properties":[{"Key":{"Id":"MSTestDiscoverer.TestClassName","Label":"ClassName","Category":"","Description":"","Attributes":1,"ValueType":"System.String"},"Value":"Unit_Testovi.BankaTests"},{"Key":{"Id":"TestObject.Traits","Label":"Traits","Category":"","Description":"","Attributes":5,"ValueType":"System.Collections.Generic.KeyValuePair`2[[System.String],[System.String]][]"},"Value":[]}]},"Attachments":[],"Outcome":2,"ErrorMessage":"Test method Unit_Testovi.BankaTests.KlijentiSBlokiranimRačunimaTest threw exception: \r\nSystem.ArgumentException: Račun nije prazan!","ErrorStackTrace":"    at Hypo_Banka.Racun.set_Blokiran(Boolean value) in C:\\Users\\dzene\\Source\\Repos\\VVS-Z2\\Hypo Banka\\Hypo Banka\\Racun.cs:line 34\r\n   at Unit_Testovi.BankaTests.KlijentiSBlokiranimRačunimaTest() in C:\\Users\\dzene\\Source\\Repos\\VVS-Z2\\Hypo Banka\\Unit Testovi\\BankaTests.cs:line 39\r\n","DisplayName":null,"Messages":[],"ComputerName":null,"Duration":"00:00:00.0263388","StartTime":"2020-11-28T20:49:03.7142762+01:00","EndTime":"2020-11-28T20:49:03.7408568+01:00","Properties":[{"Key":{"Id":"ExecutionId","Label":"ExecutionId","Category":"","Description":"","Attributes":1,"ValueType":"System.Guid"},"Value":"00000000-0000-0000-0000-000000000000"},{"Key":{"Id":"ParentExecId","Label":"ParentExecId","Category":"","Description":"","Attributes":1,"ValueType":"System.Guid"},"Value":"00000000-0000-0000-0000-000000000000"},{"Key":{"Id":"InnerResultsCount","Label":"InnerResultsCount","Category":"","Description":"","Attributes":1,"ValueType":"System.Int32"},"Value":0}]},{"TestCase":{"Id":"408dbc8c-088d-37e5-c524-008dff2d79ed","FullyQualifiedName":"Unit_Testovi.BankaTests.PraznaListaKlijentiSBlokiranimRačunimaTest","DisplayName":"PraznaListaKlijentiSBlokiranimRačunimaTest","ExecutorUri":"executor://MSTestAdapter/v2","Source":"C:\\Users\\dzene\\Source\\Repos\\VVS-Z2\\Hypo Banka\\Unit Testovi\\bin\\Debug\\fine-code-coverage\\Unit Testovi.dll","CodeFilePath":null,"LineNumber":-1,"Properties":[{"Key":{"Id":"MSTestDiscoverer.TestClassName","Label":"ClassName","Category":"","Description":"","Attributes":1,"ValueType":"System.String"},"Value":"Unit_Testovi.BankaTests"},{"Key":{"Id":"TestObject.Traits","Label":"Traits","Category":"","Description":"","Attributes":5,"ValueType":"System.Collections.Generic.KeyValuePair`2[[System.String],[System.String]][]"},"Value":[]}]},"Attachments":[],"Outcome":1,"ErrorMessage":null,"ErrorStackTrace":null,"DisplayName":null,"Messages":[],"ComputerName":null,"Duration":"00:00:00.0048817","StartTime":"2020-11-28T20:49:03.7482658+01:00","EndTime":"2020-11-28T20:49:03.7537005+01:00","Properties":[{"Key":{"Id":"ExecutionId","Label":"ExecutionId","Category":"","Description":"","Attributes":1,"ValueType":"System.Guid"},"Value":"00000000-0000-0000-0000-000000000000"},{"Key":{"Id":"ParentExecId","Label":"ParentExecId","Category":"","Description":"","Attributes":1,"ValueType":"System.Guid"},"Value":"00000000-0000-0000-0000-000000000000"},{"Key":{"Id":"InnerResultsCount","Label":"InnerResultsCount","Category":"","Description":"","Attributes":1,"ValueType":"System.Int32"},"Value":0}]},{"TestCase":{"Id":"b68b1648-dcba-2adb-037a-34e56c60e967","FullyQualifiedName":"Unit_Testovi.BankaTests.PraznaListaKlijentiSBlokiranimRačunimaTest2","DisplayName":"PraznaListaKlijentiSBlokiranimRačunimaTest2","ExecutorUri":"executor://MSTestAdapter/v2","Source":"C:\\Users\\dzene\\Source\\Repos\\VVS-Z2\\Hypo Banka\\Unit Testovi\\bin\\Debug\\fine-code-coverage\\Unit Testovi.dll","CodeFilePath":null,"LineNumber":-1,"Properties":[{"Key":{"Id":"MSTestDiscoverer.TestClassName","Label":"ClassName","Category":"","Description":"","Attributes":1,"ValueType":"System.String"},"Value":"Unit_Testovi.BankaTests"},{"Key":{"Id":"TestObject.Traits","Label":"Traits","Category":"","Description":"","Attributes":5,"ValueType":"System.Collections.Generic.KeyValuePair`2[[System.String],[System.String]][]"},"Value":[]}]},"Attachments":[],"Outcome":1,"ErrorMessage":null,"ErrorStackTrace":null,"DisplayName":null,"Messages":[],"ComputerName":null,"Duration":"00:00:00.0009810","StartTime":"2020-11-28T20:49:03.758923+01:00","EndTime":"2020-11-28T20:49:03.7602814+01:00","Properties":[{"Key":{"Id":"ExecutionId","Label":"ExecutionId","Category":"","Description":"","Attributes":1,"ValueType":"System.Guid"},"Value":"00000000-0000-0000-0000-000000000000"},{"Key":{"Id":"ParentExecId","Label":"ParentExecId","Category":"","Description":"","Attributes":1,"ValueType":"System.Guid"},"Value":"00000000-0000-0000-0000-000000000000"},{"Key":{"Id":"InnerResultsCount","Label":"InnerResultsCount","Category":"","Description":"","Attributes":1,"ValueType":"System.Int32"},"Value":0}]},{"TestCase":{"Id":"fe2fc789-1350-434d-18cc-5bb729531d2a","FullyQualifiedName":"Unit_Testovi.BankaTests.PraznaListaKlijentiSBlokiranimRačunimaTest3","DisplayName":"PraznaListaKlijentiSBlokiranimRačunimaTest3","ExecutorUri":"executor://MSTestAdapter/v2","Source":"C:\\Users\\dzene\\Source\\Repos\\VVS-Z2\\Hypo Banka\\Unit Testovi\\bin\\Debug\\fine-code-coverage\\Unit Testovi.dll","CodeFilePath":null,"LineNumber":-1,"Properties":[{"Key":{"Id":"MSTestDiscoverer.TestClassName","Label":"ClassName","Category":"","Description":"","Attributes":1,"ValueType":"System.String"},"Value":"Unit_Testovi.BankaTests"},{"Key":{"Id":"TestObject.Traits","Label":"Traits","Category":"","Description":"","Attributes":5,"ValueType":"System.Collections.Generic.KeyValuePair`2[[System.String],[System.String]][]"},"Value":[]}]},"Attachments":[],"Outcome":1,"ErrorMessage":null,"ErrorStackTrace":null,"DisplayName":null,"Messages":[],"ComputerName":null,"Duration":"00:00:00.0011318","StartTime":"2020-11-28T20:49:03.7659587+01:00","EndTime":"2020-11-28T20:49:03.767462+01:00","Properties":[{"Key":{"Id":"ExecutionId","Label":"ExecutionId","Category":"","Description":"","Attributes":1,"ValueType":"System.Guid"},"Value":"00000000-0000-0000-0000-000000000000"},{"Key":{"Id":"ParentExecId","Label":"ParentExecId","Category":"","Description":"","Attributes":1,"ValueType":"System.Guid"},"Value":"00000000-0000-0000-0000-000000000000"},{"Key":{"Id":"InnerResultsCount","Label":"InnerResultsCount","Category":"","Description":"","Attributes":1,"ValueType":"System.Int32"},"Value":0}]},{"TestCase":{"Id":"d6adb559-41f5-15aa-090d-017e555ec5b0","FullyQualifiedName":"Unit_Testovi.BankaTests.DajKreditTest","DisplayName":"DajKreditTest","ExecutorUri":"executor://MSTestAdapter/v2","Source":"C:\\Users\\dzene\\Source\\Repos\\VVS-Z2\\Hypo Banka\\Unit Testovi\\bin\\Debug\\fine-code-coverage\\Unit Testovi.dll","CodeFilePath":null,"LineNumber":-1,"Properties":[{"Key":{"Id":"MSTestDiscoverer.TestClassName","Label":"ClassName","Category":"","Description":"","Attributes":1,"ValueType":"System.String"},"Value":"Unit_Testovi.BankaTests"},{"Key":{"Id":"TestObject.Traits","Label":"Traits","Category":"","Description":"","Attributes":5,"ValueType":"System.Collections.Generic.KeyValuePair`2[[System.String],[System.String]][]"},"Value":[]}]},"Attachments":[],"Outcome":2,"ErrorMessage":"Assert.Fail failed. ","ErrorStackTrace":"   at Unit_Testovi.BankaTests.DajKreditTest() in C:\\Users\\dzene\\Source\\Repos\\VVS-Z2\\Hypo Banka\\Unit Testovi\\BankaTests.cs:line 109\r\n","DisplayName":null,"Messages":[],"ComputerName":null,"Duration":"00:00:00.0011081","StartTime":"2020-11-28T20:49:03.77265+01:00","EndTime":"2020-11-28T20:49:03.7740648+01:00","Properties":[{"Key":{"Id":"ExecutionId","Label":"ExecutionId","Category":"","Description":"","Attributes":1,"ValueType":"System.Guid"},"Value":"00000000-0000-0000-0000-000000000000"},{"Key":{"Id":"ParentExecId","Label":"ParentExecId","Category":"","Description":"","Attributes":1,"ValueType":"System.Guid"},"Value":"00000000-0000-0000-0000-000000000000"},{"Key":{"Id":"InnerResultsCount","Label":"InnerResultsCount","Category":"","Description":"","Attributes":1,"ValueType":"System.Int32"},"Value":0}]},{"TestCase":{"Id":"2e6ffa82-c500-78d4-c8f5-ab98869c82c7","FullyQualifiedName":"Unit_Testovi.BankaTests.OdobriKreditTest","DisplayName":"OdobriKreditTest","ExecutorUri":"executor://MSTestAdapter/v2","Source":"C:\\Users\\dzene\\Source\\Repos\\VVS-Z2\\Hypo Banka\\Unit Testovi\\bin\\Debug\\fine-code-coverage\\Unit Testovi.dll","CodeFilePath":null,"LineNumber":-1,"Properties":[{"Key":{"Id":"MSTestDiscoverer.TestClassName","Label":"ClassName","Category":"","Description":"","Attributes":1,"ValueType":"System.String"},"Value":"Unit_Testovi.BankaTests"},{"Key":{"Id":"TestObject.Traits","Label":"Traits","Category":"","Description":"","Attributes":5,"ValueType":"System.Collections.Generic.KeyValuePair`2[[System.String],[System.String]][]"},"Value":[]}]},"Attachments":[],"Outcome":2,"ErrorMessage":"Assert.Fail failed. ","ErrorStackTrace":"   at Unit_Testovi.BankaTests.OdobriKreditTest() in C:\\Users\\dzene\\Source\\Repos\\VVS-Z2\\Hypo Banka\\Unit Testovi\\BankaTests.cs:line 115\r\n","DisplayName":null,"Messages":[],"ComputerName":null,"Duration":"00:00:00.0014768","StartTime":"2020-11-28T20:49:03.7796865+01:00","EndTime":"2020-11-28T20:49:03.7814116+01:00","Properties":[{"Key":{"Id":"ExecutionId","Label":"ExecutionId","Category":"","Description":"","Attributes":1,"ValueType":"System.Guid"},"Value":"00000000-0000-0000-0000-000000000000"},{"Key":{"Id":"ParentExecId","Label":"ParentExecId","Category":"","Description":"","Attributes":1,"ValueType":"System.Guid"},"Value":"00000000-0000-0000-0000-000000000000"},{"Key":{"Id":"InnerResultsCount","Label":"InnerResultsCount","Category":"","Description":"","Attributes":1,"ValueType":"System.Int32"},"Value":0}]}],"TestRunStatistics":{"ExecutedTests":9,"Stats":{"Failed":6,"Passed":3}},"ActiveTests":[{"Id":"6b5f6e43-df49-ab6e-701e-14406ad0d200","FullyQualifiedName":"Unit_Testovi.KlijentTests.DajUkupanIznosNovcaNaSvimRačunimaTest","DisplayName":"DajUkupanIznosNovcaNaSvimRačunimaTest","ExecutorUri":"executor://MSTestAdapter/v2","Source":"C:\\Users\\dzene\\Source\\Repos\\VVS-Z2\\Hypo Banka\\Unit Testovi\\bin\\Debug\\fine-code-coverage\\Unit Testovi.dll","CodeFilePath":null,"LineNumber":-1,"Properties":[{"Key":{"Id":"MSTestDiscoverer.TestClassName","Label":"ClassName","Category":"","Description":"","Attributes":1,"ValueType":"System.String"},"Value":"Unit_Testovi.KlijentTests"},{"Key":{"Id":"TestObject.Traits","Label":"Traits","Category":"","Description":"","Attributes":5,"ValueType":"System.Collections.Generic.KeyValuePair`2[[System.String],[System.String]][]"},"Value":[]}]}]}}
TpTrace Verbose: 0 : 14440, 4, 2020/11/28, 20:49:03.859, 1286575667747, testhost.dll, TestRunCache: OnNewTestResult: Notified the onCacheHit callback.
TpTrace Verbose: 0 : 14440, 4, 2020/11/28, 20:49:03.863, 1286575710229, testhost.dll, TestExecutionRecorder.RecordEnd: test: Unit_Testovi.KlijentTests.DajUkupanIznosNovcaNaSvimRačunimaTest execution completed.
TpTrace Warning: 0 : 14440, 4, 2020/11/28, 20:49:03.863, 1286575711865, testhost.dll, InProgressTests is null
TpTrace Verbose: 0 : 14440, 4, 2020/11/28, 20:49:03.866, 1286575735916, testhost.dll, TestExecutionRecorder.RecordResult: Received result for test: Unit_Testovi.KlijentTests.DajUkupanIznosNovcaNaSvimRačunimaTest.
TpTrace Warning: 0 : 14440, 4, 2020/11/28, 20:49:03.866, 1286575738428, testhost.dll, InProgressTests is null
TpTrace Warning: 0 : 14440, 4, 2020/11/28, 20:49:03.866, 1286575739789, testhost.dll, TestRunCache: No test found corresponding to testResult 'DajUkupanIznosNovcaNaSvimRačunimaTest  Failed
  Message: Assert.Fail failed. 
  StackTrace:
   at Unit_Testovi.KlijentTests.DajUkupanIznosNovcaNaSvimRačunimaTest() in C:\Users\dzene\Source\Repos\VVS-Z2\Hypo Banka\Unit Testovi\KlijentTests.cs:line 15
' in inProgress list.
TpTrace Verbose: 0 : 14440, 4, 2020/11/28, 20:49:03.866, 1286575741306, testhost.dll, TestExecutionRecorder.RecordStart: Starting test: Unit_Testovi.KreditTest.Test.
TpTrace Verbose: 0 : 14440, 4, 2020/11/28, 20:49:03.875, 1286575831015, testhost.dll, TestExecutionRecorder.RecordEnd: test: Unit_Testovi.KreditTest.Test execution completed.
TpTrace Verbose: 0 : 14440, 4, 2020/11/28, 20:49:03.878, 1286575855766, testhost.dll, TestExecutionRecorder.RecordResult: Received result for test: Unit_Testovi.KreditTest.Test.
TpTrace Warning: 0 : 14440, 4, 2020/11/28, 20:49:03.878, 1286575858681, testhost.dll, InProgressTests is null
TpTrace Warning: 0 : 14440, 4, 2020/11/28, 20:49:03.878, 1286575860653, testhost.dll, TestRunCache: No test found corresponding to testResult 'Test        Passed' in inProgress list.
TpTrace Verbose: 0 : 14440, 4, 2020/11/28, 20:49:03.879, 1286575862859, testhost.dll, TestExecutionRecorder.RecordStart: Starting test: Unit_Testovi.NoviTestovi.TestZamjenskiObjekat.
TpTrace Verbose: 0 : 14440, 4, 2020/11/28, 20:49:03.885, 1286575930622, testhost.dll, TestExecutionRecorder.RecordEnd: test: Unit_Testovi.NoviTestovi.TestZamjenskiObjekat execution completed.
TpTrace Verbose: 0 : 14440, 4, 2020/11/28, 20:49:03.903, 1286576110505, testhost.dll, TestExecutionRecorder.RecordResult: Received result for test: Unit_Testovi.NoviTestovi.TestZamjenskiObjekat.
TpTrace Warning: 0 : 14440, 4, 2020/11/28, 20:49:03.904, 1286576113889, testhost.dll, InProgressTests is null
TpTrace Warning: 0 : 14440, 4, 2020/11/28, 20:49:03.904, 1286576116062, testhost.dll, TestRunCache: No test found corresponding to testResult 'TestZamjenskiObjekat  Failed
  Message: Test method Unit_Testovi.NoviTestovi.TestZamjenskiObjekat threw exception: 
System.NotImplementedException: The method or operation is not implemented.
  StackTrace:
    at Hypo_Banka.Zahtjev.DaLiJePovoljan() in C:\Users\dzene\Source\Repos\VVS-Z2\Hypo Banka\Hypo Banka\Zahtjev.cs:line 15
   at Hypo_Banka.Banka.OdobriKredit(IZahtjev zahtjev, Kredit kredit) in C:\Users\dzene\Source\Repos\VVS-Z2\Hypo Banka\Hypo Banka\Banka.cs:line 107
   at Unit_Testovi.NoviTestovi.TestZamjenskiObjekat() in C:\Users\dzene\Source\Repos\VVS-Z2\Hypo Banka\Unit Testovi\NoviTestovi.cs:line 25
' in inProgress list.
TpTrace Verbose: 0 : 14440, 4, 2020/11/28, 20:49:03.904, 1286576118358, testhost.dll, TestExecutionRecorder.RecordStart: Starting test: Unit_Testovi.NoviTestovi.TestSkidanjaIznosaSRačuna.
TpTrace Verbose: 0 : 14440, 4, 2020/11/28, 20:49:03.912, 1286576199363, testhost.dll, TestExecutionRecorder.RecordEnd: test: Unit_Testovi.NoviTestovi.TestSkidanjaIznosaSRačuna execution completed.
TpTrace Verbose: 0 : 14440, 4, 2020/11/28, 20:49:03.919, 1286576264815, testhost.dll, TestExecutionRecorder.RecordResult: Received result for test: Unit_Testovi.NoviTestovi.TestSkidanjaIznosaSRačuna.
TpTrace Warning: 0 : 14440, 4, 2020/11/28, 20:49:03.919, 1286576267629, testhost.dll, InProgressTests is null
TpTrace Warning: 0 : 14440, 4, 2020/11/28, 20:49:03.919, 1286576269756, testhost.dll, TestRunCache: No test found corresponding to testResult 'TestSkidanjaIznosaSRačuna  Failed
  Message: Test method Unit_Testovi.NoviTestovi.TestSkidanjaIznosaSRačuna threw exception: 
System.NotImplementedException: The method or operation is not implemented.
  StackTrace:
    at Hypo_Banka.Klijent.SkiniIznosSaNekogOdRačuna(Double ukupniIznos) in C:\Users\dzene\Source\Repos\VVS-Z2\Hypo Banka\Hypo Banka\Klijent.cs:line 99
   at Unit_Testovi.NoviTestovi.TestSkidanjaIznosaSRačuna() in C:\Users\dzene\Source\Repos\VVS-Z2\Hypo Banka\Unit Testovi\NoviTestovi.cs:line 43
' in inProgress list.
TpTrace Verbose: 0 : 14440, 4, 2020/11/28, 20:49:03.919, 1286576272100, testhost.dll, TestExecutionRecorder.RecordStart: Starting test: Unit_Testovi.NoviTestovi.TestSkidanjaIznosaSVišeRačuna.
TpTrace Verbose: 0 : 14440, 4, 2020/11/28, 20:49:03.927, 1286576344048, testhost.dll, TestExecutionRecorder.RecordEnd: test: Unit_Testovi.NoviTestovi.TestSkidanjaIznosaSVišeRačuna execution completed.
TpTrace Verbose: 0 : 14440, 4, 2020/11/28, 20:49:03.931, 1286576383919, testhost.dll, TestExecutionRecorder.RecordResult: Received result for test: Unit_Testovi.NoviTestovi.TestSkidanjaIznosaSVišeRačuna.
TpTrace Warning: 0 : 14440, 4, 2020/11/28, 20:49:03.931, 1286576386873, testhost.dll, InProgressTests is null
TpTrace Warning: 0 : 14440, 4, 2020/11/28, 20:49:03.931, 1286576390553, testhost.dll, TestRunCache: No test found corresponding to testResult 'TestSkidanjaIznosaSVišeRačuna  Failed
  Message: Test method Unit_Testovi.NoviTestovi.TestSkidanjaIznosaSVišeRačuna threw exception: 
System.NotImplementedException: The method or operation is not implemented.
  StackTrace:
    at Hypo_Banka.Klijent.SkiniIznosSaNekogOdRačuna(Double ukupniIznos) in C:\Users\dzene\Source\Repos\VVS-Z2\Hypo Banka\Hypo Banka\Klijent.cs:line 99
   at Unit_Testovi.NoviTestovi.TestSkidanjaIznosaSVišeRačuna() in C:\Users\dzene\Source\Repos\VVS-Z2\Hypo Banka\Unit Testovi\NoviTestovi.cs:line 62
' in inProgress list.
TpTrace Verbose: 0 : 14440, 4, 2020/11/28, 20:49:03.932, 1286576392912, testhost.dll, TestExecutionRecorder.RecordStart: Starting test: Unit_Testovi.NoviTestovi.TestSkidanjaIznosaIzuzetak.
TpTrace Verbose: 0 : 14440, 4, 2020/11/28, 20:49:03.940, 1286576479695, testhost.dll, TestExecutionRecorder.RecordEnd: test: Unit_Testovi.NoviTestovi.TestSkidanjaIznosaIzuzetak execution completed.
TpTrace Verbose: 0 : 14440, 4, 2020/11/28, 20:49:03.947, 1286576544580, testhost.dll, TestExecutionRecorder.RecordResult: Received result for test: Unit_Testovi.NoviTestovi.TestSkidanjaIznosaIzuzetak.
TpTrace Warning: 0 : 14440, 4, 2020/11/28, 20:49:03.947, 1286576547642, testhost.dll, InProgressTests is null
TpTrace Warning: 0 : 14440, 4, 2020/11/28, 20:49:03.947, 1286576549769, testhost.dll, TestRunCache: No test found corresponding to testResult 'TestSkidanjaIznosaIzuzetak  Failed
  Message: Test method threw exception System.NotImplementedException, but exception System.InvalidOperationException was expected. Exception message: System.NotImplementedException: The method or operation is not implemented.
  StackTrace:
   at Hypo_Banka.Klijent.SkiniIznosSaNekogOdRačuna(Double ukupniIznos) in C:\Users\dzene\Source\Repos\VVS-Z2\Hypo Banka\Hypo Banka\Klijent.cs:line 99
   at Unit_Testovi.NoviTestovi.TestSkidanjaIznosaIzuzetak() in C:\Users\dzene\Source\Repos\VVS-Z2\Hypo Banka\Unit Testovi\NoviTestovi.cs:line 85
' in inProgress list.
TpTrace Verbose: 0 : 14440, 4, 2020/11/28, 20:49:03.952, 1286576600283, testhost.dll, BaseRunTests.RunTestInternalWithExecutors: Completed running tests for executor://MSTestAdapter/v2
TpTrace Information: 0 : 14440, 4, 2020/11/28, 20:49:03.961, 1286576690444, testhost.dll, Sending test run complete
TpTrace Verbose: 0 : 14440, 4, 2020/11/28, 20:49:03.985, 1286576926359, testhost.dll, TestRequestHandler.SendData:  sending data from testhost: {"Version":2,"MessageType":"TestExecution.Completed","Payload":{"TestRunCompleteArgs":{"TestRunStatistics":{"ExecutedTests":15,"Stats":{"Failed":11,"Passed":4}},"IsCanceled":false,"IsAborted":false,"Error":null,"AttachmentSets":[],"ElapsedTimeInRunningTests":"00:00:00.7209068","Metrics":{}},"LastRunTests":{"NewTestResults":[{"TestCase":{"Id":"6b5f6e43-df49-ab6e-701e-14406ad0d200","FullyQualifiedName":"Unit_Testovi.KlijentTests.DajUkupanIznosNovcaNaSvimRačunimaTest","DisplayName":"DajUkupanIznosNovcaNaSvimRačunimaTest","ExecutorUri":"executor://MSTestAdapter/v2","Source":"C:\\Users\\dzene\\Source\\Repos\\VVS-Z2\\Hypo Banka\\Unit Testovi\\bin\\Debug\\fine-code-coverage\\Unit Testovi.dll","CodeFilePath":null,"LineNumber":-1,"Properties":[{"Key":{"Id":"MSTestDiscoverer.TestClassName","Label":"ClassName","Category":"","Description":"","Attributes":1,"ValueType":"System.String"},"Value":"Unit_Testovi.KlijentTests"},{"Key":{"Id":"TestObject.Traits","Label":"Traits","Category":"","Description":"","Attributes":5,"ValueType":"System.Collections.Generic.KeyValuePair`2[[System.String],[System.String]][]"},"Value":[]}]},"Attachments":[],"Outcome":2,"ErrorMessage":"Assert.Fail failed. ","ErrorStackTrace":"   at Unit_Testovi.KlijentTests.DajUkupanIznosNovcaNaSvimRačunimaTest() in C:\\Users\\dzene\\Source\\Repos\\VVS-Z2\\Hypo Banka\\Unit Testovi\\KlijentTests.cs:line 15\r\n","DisplayName":null,"Messages":[],"ComputerName":null,"Duration":"00:00:00.0010961","StartTime":"2020-11-28T20:49:03.8622109+01:00","EndTime":"2020-11-28T20:49:03.863788+01:00","Properties":[{"Key":{"Id":"ExecutionId","Label":"ExecutionId","Category":"","Description":"","Attributes":1,"ValueType":"System.Guid"},"Value":"00000000-0000-0000-0000-000000000000"},{"Key":{"Id":"ParentExecId","Label":"ParentExecId","Category":"","Description":"","Attributes":1,"ValueType":"System.Guid"},"Value":"00000000-0000-0000-0000-000000000000"},{"Key":{"Id":"InnerResultsCount","Label":"InnerResultsCount","Category":"","Description":"","Attributes":1,"ValueType":"System.Int32"},"Value":0}]},{"TestCase":{"Id":"461ef46a-ca2c-10b1-3848-1fc4ab1e6bc6","FullyQualifiedName":"Unit_Testovi.KreditTest.Test","DisplayName":"Test","ExecutorUri":"executor://MSTestAdapter/v2","Source":"C:\\Users\\dzene\\Source\\Repos\\VVS-Z2\\Hypo Banka\\Unit Testovi\\bin\\Debug\\fine-code-coverage\\Unit Testovi.dll","CodeFilePath":null,"LineNumber":-1,"Properties":[{"Key":{"Id":"MSTestDiscoverer.TestClassName","Label":"ClassName","Category":"","Description":"","Attributes":1,"ValueType":"System.String"},"Value":"Unit_Testovi.KreditTest"},{"Key":{"Id":"TestObject.Traits","Label":"Traits","Category":"","Description":"","Attributes":5,"ValueType":"System.Collections.Generic.KeyValuePair`2[[System.String],[System.String]][]"},"Value":[]}]},"Attachments":[],"Outcome":1,"ErrorMessage":null,"ErrorStackTrace":null,"DisplayName":null,"Messages":[],"ComputerName":null,"Duration":"00:00:00.0068379","StartTime":"2020-11-28T20:49:03.8686089+01:00","EndTime":"2020-11-28T20:49:03.875861+01:00","Properties":[{"Key":{"Id":"ExecutionId","Label":"ExecutionId","Category":"","Description":"","Attributes":1,"ValueType":"System.Guid"},"Value":"00000000-0000-0000-0000-000000000000"},{"Key":{"Id":"ParentExecId","Label":"ParentExecId","Category":"","Description":"","Attributes":1,"ValueType":"System.Guid"},"Value":"00000000-0000-0000-0000-000000000000"},{"Key":{"Id":"InnerResultsCount","Label":"InnerResultsCount","Category":"","Description":"","Attributes":1,"ValueType":"System.Int32"},"Value":0}]},{"TestCase":{"Id":"aef9dec6-1181-fac1-2596-b31421e8da47","FullyQualifiedName":"Unit_Testovi.NoviTestovi.TestZamjenskiObjekat","DisplayName":"TestZamjenskiObjekat","ExecutorUri":"executor://MSTestAdapter/v2","Source":"C:\\Users\\dzene\\Source\\Repos\\VVS-Z2\\Hypo Banka\\Unit Testovi\\bin\\Debug\\fine-code-coverage\\Unit Testovi.dll","CodeFilePath":null,"LineNumber":-1,"Properties":[{"Key":{"Id":"MSTestDiscoverer.TestClassName","Label":"ClassName","Category":"","Description":"","Attributes":1,"ValueType":"System.String"},"Value":"Unit_Testovi.NoviTestovi"},{"Key":{"Id":"TestObject.Traits","Label":"Traits","Category":"","Description":"","Attributes":5,"ValueType":"System.Collections.Generic.KeyValuePair`2[[System.String],[System.String]][]"},"Value":[]}]},"Attachments":[],"Outcome":2,"ErrorMessage":"Test method Unit_Testovi.NoviTestovi.TestZamjenskiObjekat threw exception: \r\nSystem.NotImplementedException: The method or operation is not implemented.","ErrorStackTrace":"    at Hypo_Banka.Zahtjev.DaLiJePovoljan() in C:\\Users\\dzene\\Source\\Repos\\VVS-Z2\\Hypo Banka\\Hypo Banka\\Zahtjev.cs:line 15\r\n   at Hypo_Banka.Banka.OdobriKredit(IZahtjev zahtjev, Kredit kredit) in C:\\Users\\dzene\\Source\\Repos\\VVS-Z2\\Hypo Banka\\Hypo Banka\\Banka.cs:line 107\r\n   at Unit_Testovi.NoviTestovi.TestZamjenskiObjekat() in C:\\Users\\dzene\\Source\\Repos\\VVS-Z2\\Hypo Banka\\Unit Testovi\\NoviTestovi.cs:line 25\r\n","DisplayName":null,"Messages":[],"ComputerName":null,"Duration":"00:00:00.0041596","StartTime":"2020-11-28T20:49:03.8811373+01:00","EndTime":"2020-11-28T20:49:03.8858248+01:00","Properties":[{"Key":{"Id":"ExecutionId","Label":"ExecutionId","Category":"","Description":"","Attributes":1,"ValueType":"System.Guid"},"Value":"00000000-0000-0000-0000-000000000000"},{"Key":{"Id":"ParentExecId","Label":"ParentExecId","Category":"","Description":"","Attributes":1,"ValueType":"System.Guid"},"Value":"00000000-0000-0000-0000-000000000000"},{"Key":{"Id":"InnerResultsCount","Label":"InnerResultsCount","Category":"","Description":"","Attributes":1,"ValueType":"System.Int32"},"Value":0}]},{"TestCase":{"Id":"5cf3213e-7f5b-3dd9-a044-6f83efb0a78d","FullyQualifiedName":"Unit_Testovi.NoviTestovi.TestSkidanjaIznosaSRačuna","DisplayName":"TestSkidanjaIznosaSRačuna","ExecutorUri":"executor://MSTestAdapter/v2","Source":"C:\\Users\\dzene\\Source\\Repos\\VVS-Z2\\Hypo Banka\\Unit Testovi\\bin\\Debug\\fine-code-coverage\\Unit Testovi.dll","CodeFilePath":null,"LineNumber":-1,"Properties":[{"Key":{"Id":"MSTestDiscoverer.TestClassName","Label":"ClassName","Category":"","Description":"","Attributes":1,"ValueType":"System.String"},"Value":"Unit_Testovi.NoviTestovi"},{"Key":{"Id":"TestObject.Traits","Label":"Traits","Category":"","Description":"","Attributes":5,"ValueType":"System.Collections.Generic.KeyValuePair`2[[System.String],[System.String]][]"},"Value":[]}]},"Attachments":[],"Outcome":2,"ErrorMessage":"Test method Unit_Testovi.NoviTestovi.TestSkidanjaIznosaSRačuna threw exception: \r\nSystem.NotImplementedException: The method or operation is not implemented.","ErrorStackTrace":"    at Hypo_Banka.Klijent.SkiniIznosSaNekogOdRačuna(Double ukupniIznos) in C:\\Users\\dzene\\Source\\Repos\\VVS-Z2\\Hypo Banka\\Hypo Banka\\Klijent.cs:line 99\r\n   at Unit_Testovi.NoviTestovi.TestSkidanjaIznosaSRačuna() in C:\\Users\\dzene\\Source\\Repos\\VVS-Z2\\Hypo Banka\\Unit Testovi\\NoviTestovi.cs:line 43\r\n","DisplayName":null,"Messages":[],"ComputerName":null,"Duration":"00:00:00.0020844","StartTime":"2020-11-28T20:49:03.9102919+01:00","EndTime":"2020-11-28T20:49:03.9126894+01:00","Properties":[{"Key":{"Id":"ExecutionId","Label":"ExecutionId","Category":"","Description":"","Attributes":1,"ValueType":"System.Guid"},"Value":"00000000-0000-0000-0000-000000000000"},{"Key":{"Id":"ParentExecId","Label":"ParentExecId","Category":"","Description":"","Attributes":1,"ValueType":"System.Guid"},"Value":"00000000-0000-0000-0000-000000000000"},{"Key":{"Id":"InnerResultsCount","Label":"InnerResultsCount","Category":"","Description":"","Attributes":1,"ValueType":"System.Int32"},"Value":0}]},{"TestCase":{"Id":"d1ff441f-0941-1549-c823-437ca7a58d70","FullyQualifiedName":"Unit_Testovi.NoviTestovi.TestSkidanjaIznosaSVišeRačuna","DisplayName":"TestSkidanjaIznosaSVišeRačuna","ExecutorUri":"executor://MSTestAdapter/v2","Source":"C:\\Users\\dzene\\Source\\Repos\\VVS-Z2\\Hypo Banka\\Unit Testovi\\bin\\Debug\\fine-code-coverage\\Unit Testovi.dll","CodeFilePath":null,"LineNumber":-1,"Properties":[{"Key":{"Id":"MSTestDiscoverer.TestClassName","Label":"ClassName","Category":"","Description":"","Attributes":1,"ValueType":"System.String"},"Value":"Unit_Testovi.NoviTestovi"},{"Key":{"Id":"TestObject.Traits","Label":"Traits","Category":"","Description":"","Attributes":5,"ValueType":"System.Collections.Generic.KeyValuePair`2[[System.String],[System.String]][]"},"Value":[]}]},"Attachments":[],"Outcome":2,"ErrorMessage":"Test method Unit_Testovi.NoviTestovi.TestSkidanjaIznosaSVišeRačuna threw exception: \r\nSystem.NotImplementedException: The method or operation is not implemented.","ErrorStackTrace":"    at Hypo_Banka.Klijent.SkiniIznosSaNekogOdRačuna(Double ukupniIznos) in C:\\Users\\dzene\\Source\\Repos\\VVS-Z2\\Hypo Banka\\Hypo Banka\\Klijent.cs:line 99\r\n   at Unit_Testovi.NoviTestovi.TestSkidanjaIznosaSVišeRačuna() in C:\\Users\\dzene\\Source\\Repos\\VVS-Z2\\Hypo Banka\\Unit Testovi\\NoviTestovi.cs:line 62\r\n","DisplayName":null,"Messages":[],"ComputerName":null,"Duration":"00:00:00.0022719","StartTime":"2020-11-28T20:49:03.9245422+01:00","EndTime":"2020-11-28T20:49:03.9271533+01:00","Properties":[{"Key":{"Id":"ExecutionId","Label":"ExecutionId","Category":"","Description":"","Attributes":1,"ValueType":"System.Guid"},"Value":"00000000-0000-0000-0000-000000000000"},{"Key":{"Id":"ParentExecId","Label":"ParentExecId","Category":"","Description":"","Attributes":1,"ValueType":"System.Guid"},"Value":"00000000-0000-0000-0000-000000000000"},{"Key":{"Id":"InnerResultsCount","Label":"InnerResultsCount","Category":"","Description":"","Attributes":1,"ValueType":"System.Int32"},"Value":0}]},{"TestCase":{"Id":"20af2549-b915-3c8e-c4f0-37793dba0a97","FullyQualifiedName":"Unit_Testovi.NoviTestovi.TestSkidanjaIznosaIzuzetak","DisplayName":"TestSkidanjaIznosaIzuzetak","ExecutorUri":"executor://MSTestAdapter/v2","Source":"C:\\Users\\dzene\\Source\\Repos\\VVS-Z2\\Hypo Banka\\Unit Testovi\\bin\\Debug\\fine-code-coverage\\Unit Testovi.dll","CodeFilePath":null,"LineNumber":-1,"Properties":[{"Key":{"Id":"MSTestDiscoverer.TestClassName","Label":"ClassName","Category":"","Description":"","Attributes":1,"ValueType":"System.String"},"Value":"Unit_Testovi.NoviTestovi"},{"Key":{"Id":"TestObject.Traits","Label":"Traits","Category":"","Description":"","Attributes":5,"ValueType":"System.Collections.Generic.KeyValuePair`2[[System.String],[System.String]][]"},"Value":[]}]},"Attachments":[],"Outcome":2,"ErrorMessage":"Test method threw exception System.NotImplementedException, but exception System.InvalidOperationException was expected. Exception message: System.NotImplementedException: The method or operation is not implemented.","ErrorStackTrace":"   at Hypo_Banka.Klijent.SkiniIznosSaNekogOdRačuna(Double ukupniIznos) in C:\\Users\\dzene\\Source\\Repos\\VVS-Z2\\Hypo Banka\\Hypo Banka\\Klijent.cs:line 99\r\n   at Unit_Testovi.NoviTestovi.TestSkidanjaIznosaIzuzetak() in C:\\Users\\dzene\\Source\\Repos\\VVS-Z2\\Hypo Banka\\Unit Testovi\\NoviTestovi.cs:line 85\r\n","DisplayName":null,"Messages":[],"ComputerName":null,"Duration":"00:00:00.0039871","StartTime":"2020-11-28T20:49:03.9363405+01:00","EndTime":"2020-11-28T20:49:03.9407186+01:00","Properties":[{"Key":{"Id":"ExecutionId","Label":"ExecutionId","Category":"","Description":"","Attributes":1,"ValueType":"System.Guid"},"Value":"00000000-0000-0000-0000-000000000000"},{"Key":{"Id":"ParentExecId","Label":"ParentExecId","Category":"","Description":"","Attributes":1,"ValueType":"System.Guid"},"Value":"00000000-0000-0000-0000-000000000000"},{"Key":{"Id":"InnerResultsCount","Label":"InnerResultsCount","Category":"","Description":"","Attributes":1,"ValueType":"System.Int32"},"Value":0}]}],"TestRunStatistics":{"ExecutedTests":15,"Stats":{"Failed":11,"Passed":4}},"ActiveTests":[]},"RunAttachments":[],"ExecutorUris":["executor://mstestadapter/v2"]}}
TpTrace Verbose: 0 : 14440, 4, 2020/11/28, 20:49:03.986, 1286576941315, testhost.dll, BaseRunTests.RunTests: Run is complete.
TpTrace Verbose: 0 : 14440, 9, 2020/11/28, 20:49:04.057, 1286577647548, testhost.dll, TcpClientExtensions.MessageLoopAsync: Polling on remoteEndPoint: [::ffff:127.0.0.1]:56338 localEndPoint: [::ffff:127.0.0.1]:56340
TpTrace Verbose: 0 : 14440, 9, 2020/11/28, 20:49:04.062, 1286577695441, testhost.dll, TcpClientExtensions.MessageLoopAsync: NotifyDataAvailable remoteEndPoint: [::ffff:127.0.0.1]:56338 localEndPoint: [::ffff:127.0.0.1]:56340
TpTrace Information: 0 : 14440, 9, 2020/11/28, 20:49:04.062, 1286577698931, testhost.dll, TestRequestHandler.ProcessRequests: received message: (TestSession.Terminate) -> null
TpTrace Information: 0 : 14440, 9, 2020/11/28, 20:49:04.062, 1286577700844, testhost.dll, Session End message received from server. Closing the connection.
TpTrace Information: 0 : 14440, 9, 2020/11/28, 20:49:04.063, 1286577709006, testhost.dll, SocketClient.Stop: Stop communication from server endpoint: 127.0.0.1:056338
TpTrace Information: 0 : 14440, 9, 2020/11/28, 20:49:04.063, 1286577711090, testhost.dll, SocketClient: Stop: Cancellation requested. Stopping message loop.
TpTrace Verbose: 0 : 14440, 9, 2020/11/28, 20:49:04.064, 1286577720310, testhost.dll, LengthPrefixCommunicationChannel.Dispose: Dispose reader and writer.
TpTrace Information: 0 : 14440, 9, 2020/11/28, 20:49:04.065, 1286577722657, testhost.dll, Closing the connection !
TpTrace Information: 0 : 14440, 9, 2020/11/28, 20:49:04.065, 1286577730347, testhost.dll, SocketClient.PrivateStop: Stop communication from server endpoint: 127.0.0.1:056338, error:
TpTrace Verbose: 0 : 14440, 9, 2020/11/28, 20:49:04.067, 1286577742415, testhost.dll, LengthPrefixCommunicationChannel.Dispose: Dispose reader and writer.
TpTrace Verbose: 0 : 14440, 9, 2020/11/28, 20:49:04.067, 1286577744851, testhost.dll, TcpClientExtensions.MessageLoopAsync: exiting MessageLoopAsync remoteEndPoint: [::ffff:127.0.0.1]:56338 localEndPoint: [::ffff:127.0.0.1]:56340
TpTrace Information: 0 : 14440, 1, 2020/11/28, 20:49:04.067, 1286577746830, testhost.dll, Closing the connection !
TpTrace Information: 0 : 14440, 1, 2020/11/28, 20:49:04.067, 1286577749296, testhost.dll, SocketClient.Stop: Stop communication from server endpoint: 127.0.0.1:056338
TpTrace Verbose: 0 : 14440, 1, 2020/11/28, 20:49:04.067, 1286577751171, testhost.dll, LengthPrefixCommunicationChannel.Dispose: Dispose reader and writer.
TpTrace Information: 0 : 14440, 1, 2020/11/28, 20:49:04.068, 1286577754504, testhost.dll, Testhost process exiting.
