TpTrace Information: 0 : 944, 1, 2020/11/25, 00:47:15.809, 7731217404555, datacollector.dll, DataCollectorMain.Run: Starting data collector run with args: --port,64309,--parentprocessid,1984,--diag,C:\Users\HP\Source\Repos\ekarahodza1\VVS_zadaca2\Hypo Banka\Unit Testovi\bin\Debug\fine-code-coverage\_outputfolder\diagnostics.datacollector.20-11-25_00-47-15_59613_4.log,--tracelevel,4
TpTrace Information: 0 : 944, 1, 2020/11/25, 00:47:15.817, 7731217434357, datacollector.dll, DataCollector: Monitoring parent process with id: '1984'
TpTrace Information: 0 : 944, 1, 2020/11/25, 00:47:15.836, 7731217626223, datacollector.dll, Trying to connect to server on socket : 127.0.0.1:64309 
TpTrace Verbose: 0 : 944, 1, 2020/11/25, 00:47:15.870, 7731217970910, datacollector.dll, SocketCommunicationManager : SetupClientAsync : Attempting to connect to the server.
TpTrace Information: 0 : 944, 5, 2020/11/25, 00:47:15.897, 7731218241490, datacollector.dll, Connected to the server successfully 
TpTrace Information: 0 : 944, 5, 2020/11/25, 00:47:15.898, 7731218243138, datacollector.dll, Using the buffer size of 16384 bytes
TpTrace Information: 0 : 944, 1, 2020/11/25, 00:47:16.048, 7731219746688, datacollector.dll, DataCollector: Start Request Processing.
TpTrace Information: 0 : 944, 1, 2020/11/25, 00:47:16.056, 7731219822306, datacollector.dll, DataCollectionRequestHandler.ProcessRequests : Datacollector received message: (DataCollection.BeforeTestRunStart) -> {
  "SettingsXml": "<RunSettings><RunConfiguration><ResultsDirectory>C:\\Users\\HP\\Source\\Repos\\ekarahodza1\\VVS_zadaca2\\Hypo Banka\\Unit Testovi\\bin\\Debug\\fine-code-coverage\\_outputfolder</ResultsDirectory><TargetPlatform>X64</TargetPlatform><TargetFrameworkVersion>.NETCoreApp,Version=v3.1</TargetFrameworkVersion><DesignMode>False</DesignMode><CollectSourceInformation>False</CollectSourceInformation><TestAdaptersPaths>C:\\Program Files\\dotnet\\sdk\\3.1.201\\Extensions</TestAdaptersPaths></RunConfiguration><LoggerRunSettings><Loggers><Logger friendlyName=\"blame\" enabled=\"True\" /><Logger friendlyName=\"Console\" uri=\"logger://microsoft/TestPlatform/ConsoleLogger/v1\" assemblyQualifiedName=\"Microsoft.VisualStudio.TestPlatform.CommandLine.Internal.ConsoleLogger, vstest.console, Version=15.0.0.0, Culture=neutral, PublicKeyToken=b03f5f7f11d50a3a\" codeBase=\"C:\\Program Files\\dotnet\\sdk\\3.1.201\\vstest.console.dll\" enabled=\"True\" /></Loggers></LoggerRunSettings><DataCollectionRunSettings><DataCollectors><DataCollector friendlyName=\"blame\" enabled=\"True\"><Configuration><ResultsDirectory>C:\\Users\\HP\\Source\\Repos\\ekarahodza1\\VVS_zadaca2\\Hypo Banka\\Unit Testovi\\bin\\Debug\\fine-code-coverage\\_outputfolder</ResultsDirectory></Configuration></DataCollector></DataCollectors></DataCollectionRunSettings></RunSettings>",
  "Sources": [
    "C:\\Users\\HP\\Source\\Repos\\ekarahodza1\\VVS_zadaca2\\Hypo Banka\\Unit Testovi\\bin\\Debug\\fine-code-coverage\\Unit Testovi.dll"
  ]
}
TpTrace Verbose: 0 : 944, 1, 2020/11/25, 00:47:16.115, 7731220417723, datacollector.dll, TestPluginCache: Update extensions started. Skip filter = False
TpTrace Verbose: 0 : 944, 1, 2020/11/25, 00:47:16.116, 7731220425787, datacollector.dll, TestPluginCache: Using directories for assembly resolution 'C:\Program Files\dotnet\sdk\3.1.201\Extensions'.
TpTrace Verbose: 0 : 944, 1, 2020/11/25, 00:47:16.116, 7731220427017, datacollector.dll, TestPluginCache: Updated the available extensions to 'C:\Program Files\dotnet\sdk\3.1.201\Extensions\Microsoft.TestPlatform.Extensions.BlameDataCollector.dll,C:\Program Files\dotnet\sdk\3.1.201\Extensions\Microsoft.TestPlatform.Extensions.EventLogCollector.dll'.
TpTrace Verbose: 0 : 944, 1, 2020/11/25, 00:47:16.124, 7731220507011, datacollector.dll, TestPluginCache.DiscoverTestExtensions: finding test extensions in assemblies endswith: Collector.dll TPluginInfo: Microsoft.VisualStudio.TestPlatform.Common.DataCollector.DataCollectorConfig TExtension: Microsoft.VisualStudio.TestPlatform.ObjectModel.DataCollection.DataCollector
TpTrace Verbose: 0 : 944, 1, 2020/11/25, 00:47:16.124, 7731220509775, datacollector.dll, TestPluginCache.GetExtensionPaths: Filtered extension paths: C:\Program Files\dotnet\sdk\3.1.201\Extensions\Microsoft.TestPlatform.Extensions.BlameDataCollector.dll
C:\Program Files\dotnet\sdk\3.1.201\Extensions\Microsoft.TestPlatform.Extensions.EventLogCollector.dll
TpTrace Verbose: 0 : 944, 1, 2020/11/25, 00:47:16.124, 7731220511166, datacollector.dll, TestPluginCache.GetExtensionPaths: Added default extension paths: 
TpTrace Verbose: 0 : 944, 1, 2020/11/25, 00:47:16.125, 7731220511885, datacollector.dll, TestPluginCache.GetExtensionPaths: Added unfilterableExtensionPaths: 
TpTrace Information: 0 : 944, 1, 2020/11/25, 00:47:16.125, 7731220518575, datacollector.dll, AssemblyResolver.ctor: Creating AssemblyResolver with searchDirectories C:\Program Files\dotnet\sdk\3.1.201\Extensions,C:\Program Files\dotnet\sdk\3.1.201
TpTrace Verbose: 0 : 944, 1, 2020/11/25, 00:47:16.127, 7731220535524, datacollector.dll, TestPluginCache.DiscoverTestExtensions: Discovering the extensions using extension path.
TpTrace Verbose: 0 : 944, 1, 2020/11/25, 00:47:16.127, 7731220537838, datacollector.dll, TestPluginCache.GetExtensionPaths: Filtered extension paths: C:\Program Files\dotnet\sdk\3.1.201\Extensions\Microsoft.TestPlatform.Extensions.BlameDataCollector.dll
C:\Program Files\dotnet\sdk\3.1.201\Extensions\Microsoft.TestPlatform.Extensions.EventLogCollector.dll
TpTrace Verbose: 0 : 944, 1, 2020/11/25, 00:47:16.127, 7731220538601, datacollector.dll, TestPluginCache.GetExtensionPaths: Added default extension paths: 
TpTrace Verbose: 0 : 944, 1, 2020/11/25, 00:47:16.127, 7731220539186, datacollector.dll, TestPluginCache.GetExtensionPaths: Added unfilterableExtensionPaths: 
TpTrace Verbose: 0 : 944, 1, 2020/11/25, 00:47:16.127, 7731220540084, datacollector.dll, TestPluginCache.DiscoverTestExtensions: Discovering the extensions using allExtensionPaths: C:\Program Files\dotnet\sdk\3.1.201\Extensions\Microsoft.TestPlatform.Extensions.BlameDataCollector.dll
C:\Program Files\dotnet\sdk\3.1.201\Extensions\Microsoft.TestPlatform.Extensions.EventLogCollector.dll
TpTrace Information: 0 : 944, 1, 2020/11/25, 00:47:16.128, 7731220541502, datacollector.dll, AssemblyResolver.AddSearchDirectories: Adding more searchDirectories C:\Program Files\dotnet\sdk\3.1.201\Extensions,C:\Program Files\dotnet\sdk\3.1.201
TpTrace Information: 0 : 944, 1, 2020/11/25, 00:47:16.128, 7731220542439, datacollector.dll, AssemblyResolver.AddSearchDirectories: Adding more searchDirectories C:\Program Files\dotnet\sdk\3.1.201\Extensions,C:\Program Files\dotnet\sdk\3.1.201
TpTrace Information: 0 : 944, 1, 2020/11/25, 00:47:16.128, 7731220546805, datacollector.dll, AssemblyResolver.OnResolve: Microsoft.TestPlatform.Extensions.BlameDataCollector: Resolving assembly.
TpTrace Information: 0 : 944, 1, 2020/11/25, 00:47:16.129, 7731220558720, datacollector.dll, AssemblyResolver.OnResolve: Resolved assembly: Microsoft.TestPlatform.Extensions.BlameDataCollector, from path: C:\Program Files\dotnet\sdk\3.1.201\Extensions\Microsoft.TestPlatform.Extensions.BlameDataCollector.dll
TpTrace Error: 0 : 944, 1, 2020/11/25, 00:47:16.130, 7731220567300, datacollector.dll, The type "Microsoft.TestPlatform.Extensions.BlameDataCollector.BlameCollector" defined in "Microsoft.TestPlatform.Extensions.BlameDataCollector.dll" does not have ExtensionUri attibute.
TpTrace Information: 0 : 944, 1, 2020/11/25, 00:47:16.131, 7731220574780, datacollector.dll, AssemblyResolver.OnResolve: Microsoft.TestPlatform.Extensions.EventLogCollector: Resolving assembly.
TpTrace Information: 0 : 944, 1, 2020/11/25, 00:47:16.132, 7731220583407, datacollector.dll, AssemblyResolver.OnResolve: Resolved assembly: Microsoft.TestPlatform.Extensions.EventLogCollector, from path: C:\Program Files\dotnet\sdk\3.1.201\Extensions\Microsoft.TestPlatform.Extensions.EventLogCollector.dll
TpTrace Error: 0 : 944, 1, 2020/11/25, 00:47:16.134, 7731220602712, datacollector.dll, The type "Microsoft.TestPlatform.Extensions.EventLogCollector.EventLogDataCollector" defined in "Microsoft.TestPlatform.Extensions.EventLogCollector.dll" does not have ExtensionUri attibute.
TpTrace Verbose: 0 : 944, 1, 2020/11/25, 00:47:16.134, 7731220607084, datacollector.dll, TestPluginCache: Discovered the extensions using extension path 'C:\Program Files\dotnet\sdk\3.1.201\Extensions\Microsoft.TestPlatform.Extensions.BlameDataCollector.dll,C:\Program Files\dotnet\sdk\3.1.201\Extensions\Microsoft.TestPlatform.Extensions.EventLogCollector.dll'.
TpTrace Verbose: 0 : 944, 1, 2020/11/25, 00:47:16.134, 7731220608782, datacollector.dll, TestPluginCache: Discoverers are ''.
TpTrace Verbose: 0 : 944, 1, 2020/11/25, 00:47:16.134, 7731220609980, datacollector.dll, TestPluginCache: Executors are ''.
TpTrace Verbose: 0 : 944, 1, 2020/11/25, 00:47:16.135, 7731220611622, datacollector.dll, TestPluginCache: Setting providers are ''.
TpTrace Verbose: 0 : 944, 1, 2020/11/25, 00:47:16.135, 7731220612679, datacollector.dll, TestPluginCache: Loggers are ''.
TpTrace Information: 0 : 944, 1, 2020/11/25, 00:47:16.136, 7731220628125, datacollector.dll, TestPluginManager.CreateTestExtension: Attempting to load test extension: Microsoft.TestPlatform.Extensions.BlameDataCollector.BlameCollector
TpTrace Error: 0 : 944, 1, 2020/11/25, 00:47:16.136, 7731220630269, datacollector.dll, The type "Microsoft.TestPlatform.Extensions.BlameDataCollector.BlameCollector" defined in "Microsoft.TestPlatform.Extensions.BlameDataCollector.dll" does not have ExtensionUri attibute.
TpTrace Information: 0 : 944, 1, 2020/11/25, 00:47:16.142, 7731220687505, datacollector.dll, Listening on Endpoint : 127.0.0.1:64311
TpTrace Information: 0 : 944, 1, 2020/11/25, 00:47:16.151, 7731220779036, datacollector.dll, DataCollectionRequestHandler.ProcessRequests : DataCollection started.
TpTrace Information: 0 : 944, 1, 2020/11/25, 00:47:16.202, 7731221288603, datacollector.dll, DataCollectionRequestHandler.ProcessRequests : Datacollector received message: (DataCollection.TestHostLaunched) -> {
  "ProcessId": 2544
}
TpTrace Information: 0 : 944, 7, 2020/11/25, 00:47:16.487, 7731224139316, datacollector.dll, Using the buffer size of 16384 bytes
TpTrace Information: 0 : 944, 7, 2020/11/25, 00:47:16.488, 7731224143660, datacollector.dll, Accepted Client request and set the flag
TpTrace Information: 0 : 944, 8, 2020/11/25, 00:47:17.155, 7731230814071, datacollector.dll, DataCollectionTestCaseEventHandler: Test case starting.
TpTrace Information: 0 : 944, 8, 2020/11/25, 00:47:17.214, 7731231409152, datacollector.dll, Blame Collector : Test Case Start
TpTrace Information: 0 : 944, 8, 2020/11/25, 00:47:17.215, 7731231417075, datacollector.dll, DataCollectionTestCaseEventHandler: Test case started.
TpTrace Information: 0 : 944, 8, 2020/11/25, 00:47:17.298, 7731232250362, datacollector.dll, DataCollectionTestCaseEventHandler : Test case completing.
TpTrace Information: 0 : 944, 8, 2020/11/25, 00:47:17.303, 7731232293948, datacollector.dll, Blame Collector : Test Case End
TpTrace Error: 0 : 944, 8, 2020/11/25, 00:47:17.318, 7731232446952, datacollector.dll, DataCollectionAttachmentManager.GetAttachments: Fail to get attachments: System.Collections.Generic.KeyNotFoundException: The given key 'Microsoft.VisualStudio.TestPlatform.ObjectModel.DataCollection.DataCollectionContext' was not present in the dictionary.
   at System.Collections.Generic.Dictionary`2.get_Item(TKey key)
   at Microsoft.VisualStudio.TestPlatform.Common.DataCollector.DataCollectionAttachmentManager.GetAttachments(DataCollectionContext dataCollectionContext) 
TpTrace Information: 0 : 944, 8, 2020/11/25, 00:47:17.322, 7731232483901, datacollector.dll, DataCollectionTestCaseEventHandler: Test case completed
TpTrace Information: 0 : 944, 8, 2020/11/25, 00:47:17.333, 7731232599089, datacollector.dll, DataCollectionTestCaseEventHandler: Test case starting.
TpTrace Information: 0 : 944, 8, 2020/11/25, 00:47:17.334, 7731232603441, datacollector.dll, Blame Collector : Test Case Start
TpTrace Information: 0 : 944, 8, 2020/11/25, 00:47:17.334, 7731232605429, datacollector.dll, DataCollectionTestCaseEventHandler: Test case started.
TpTrace Information: 0 : 944, 8, 2020/11/25, 00:47:17.367, 7731232939406, datacollector.dll, DataCollectionTestCaseEventHandler : Test case completing.
TpTrace Information: 0 : 944, 8, 2020/11/25, 00:47:17.368, 7731232943648, datacollector.dll, Blame Collector : Test Case End
TpTrace Error: 0 : 944, 8, 2020/11/25, 00:47:17.368, 7731232946528, datacollector.dll, DataCollectionAttachmentManager.GetAttachments: Fail to get attachments: System.Collections.Generic.KeyNotFoundException: The given key 'Microsoft.VisualStudio.TestPlatform.ObjectModel.DataCollection.DataCollectionContext' was not present in the dictionary.
   at System.Collections.Generic.Dictionary`2.get_Item(TKey key)
   at Microsoft.VisualStudio.TestPlatform.Common.DataCollector.DataCollectionAttachmentManager.GetAttachments(DataCollectionContext dataCollectionContext) 
TpTrace Information: 0 : 944, 8, 2020/11/25, 00:47:17.368, 7731232948501, datacollector.dll, DataCollectionTestCaseEventHandler: Test case completed
TpTrace Information: 0 : 944, 8, 2020/11/25, 00:47:17.370, 7731232970000, datacollector.dll, DataCollectionTestCaseEventHandler: Test case starting.
TpTrace Information: 0 : 944, 8, 2020/11/25, 00:47:17.371, 7731232974212, datacollector.dll, Blame Collector : Test Case Start
TpTrace Information: 0 : 944, 8, 2020/11/25, 00:47:17.371, 7731232975921, datacollector.dll, DataCollectionTestCaseEventHandler: Test case started.
TpTrace Information: 0 : 944, 8, 2020/11/25, 00:47:17.373, 7731232996733, datacollector.dll, DataCollectionTestCaseEventHandler : Test case completing.
TpTrace Information: 0 : 944, 8, 2020/11/25, 00:47:17.376, 7731233025281, datacollector.dll, Blame Collector : Test Case End
TpTrace Error: 0 : 944, 8, 2020/11/25, 00:47:17.376, 7731233027815, datacollector.dll, DataCollectionAttachmentManager.GetAttachments: Fail to get attachments: System.Collections.Generic.KeyNotFoundException: The given key 'Microsoft.VisualStudio.TestPlatform.ObjectModel.DataCollection.DataCollectionContext' was not present in the dictionary.
   at System.Collections.Generic.Dictionary`2.get_Item(TKey key)
   at Microsoft.VisualStudio.TestPlatform.Common.DataCollector.DataCollectionAttachmentManager.GetAttachments(DataCollectionContext dataCollectionContext) 
TpTrace Information: 0 : 944, 8, 2020/11/25, 00:47:17.376, 7731233030134, datacollector.dll, DataCollectionTestCaseEventHandler: Test case completed
TpTrace Information: 0 : 944, 8, 2020/11/25, 00:47:17.378, 7731233047246, datacollector.dll, DataCollectionTestCaseEventHandler: Test case starting.
TpTrace Information: 0 : 944, 8, 2020/11/25, 00:47:17.378, 7731233050968, datacollector.dll, Blame Collector : Test Case Start
TpTrace Information: 0 : 944, 8, 2020/11/25, 00:47:17.379, 7731233052781, datacollector.dll, DataCollectionTestCaseEventHandler: Test case started.
TpTrace Information: 0 : 944, 8, 2020/11/25, 00:47:17.381, 7731233080431, datacollector.dll, DataCollectionTestCaseEventHandler : Test case completing.
TpTrace Information: 0 : 944, 8, 2020/11/25, 00:47:17.382, 7731233086187, datacollector.dll, Blame Collector : Test Case End
TpTrace Error: 0 : 944, 8, 2020/11/25, 00:47:17.382, 7731233088013, datacollector.dll, DataCollectionAttachmentManager.GetAttachments: Fail to get attachments: System.Collections.Generic.KeyNotFoundException: The given key 'Microsoft.VisualStudio.TestPlatform.ObjectModel.DataCollection.DataCollectionContext' was not present in the dictionary.
   at System.Collections.Generic.Dictionary`2.get_Item(TKey key)
   at Microsoft.VisualStudio.TestPlatform.Common.DataCollector.DataCollectionAttachmentManager.GetAttachments(DataCollectionContext dataCollectionContext) 
TpTrace Information: 0 : 944, 8, 2020/11/25, 00:47:17.382, 7731233089858, datacollector.dll, DataCollectionTestCaseEventHandler: Test case completed
TpTrace Information: 0 : 944, 8, 2020/11/25, 00:47:17.383, 7731233099687, datacollector.dll, DataCollectionTestCaseEventHandler: Test case starting.
TpTrace Information: 0 : 944, 8, 2020/11/25, 00:47:17.384, 7731233103602, datacollector.dll, Blame Collector : Test Case Start
TpTrace Information: 0 : 944, 8, 2020/11/25, 00:47:17.384, 7731233106098, datacollector.dll, DataCollectionTestCaseEventHandler: Test case started.
TpTrace Information: 0 : 944, 8, 2020/11/25, 00:47:17.389, 7731233152703, datacollector.dll, DataCollectionTestCaseEventHandler : Test case completing.
TpTrace Information: 0 : 944, 8, 2020/11/25, 00:47:17.389, 7731233156807, datacollector.dll, Blame Collector : Test Case End
TpTrace Error: 0 : 944, 8, 2020/11/25, 00:47:17.389, 7731233158676, datacollector.dll, DataCollectionAttachmentManager.GetAttachments: Fail to get attachments: System.Collections.Generic.KeyNotFoundException: The given key 'Microsoft.VisualStudio.TestPlatform.ObjectModel.DataCollection.DataCollectionContext' was not present in the dictionary.
   at System.Collections.Generic.Dictionary`2.get_Item(TKey key)
   at Microsoft.VisualStudio.TestPlatform.Common.DataCollector.DataCollectionAttachmentManager.GetAttachments(DataCollectionContext dataCollectionContext) 
TpTrace Information: 0 : 944, 8, 2020/11/25, 00:47:17.389, 7731233160373, datacollector.dll, DataCollectionTestCaseEventHandler: Test case completed
TpTrace Information: 0 : 944, 8, 2020/11/25, 00:47:17.394, 7731233202946, datacollector.dll, DataCollectionTestCaseEventHandler: Test session ended
TpTrace Information: 0 : 944, 1, 2020/11/25, 00:47:17.493, 7731234195802, datacollector.dll, DataCollectionRequestHandler.ProcessRequests : Datacollector received message: (DataCollection.AfterTestRunEnd) -> false
TpTrace Information: 0 : 944, 1, 2020/11/25, 00:47:17.494, 7731234204951, datacollector.dll, Blame Collector : Session End
TpTrace Error: 0 : 944, 1, 2020/11/25, 00:47:17.494, 7731234207718, datacollector.dll, DataCollectionAttachmentManager.GetAttachments: Fail to get attachments: System.Collections.Generic.KeyNotFoundException: The given key 'Microsoft.VisualStudio.TestPlatform.ObjectModel.DataCollection.DataCollectionContext' was not present in the dictionary.
   at System.Collections.Generic.Dictionary`2.get_Item(TKey key)
   at Microsoft.VisualStudio.TestPlatform.Common.DataCollector.DataCollectionAttachmentManager.GetAttachments(DataCollectionContext dataCollectionContext) 
TpTrace Information: 0 : 944, 1, 2020/11/25, 00:47:17.494, 7731234208846, datacollector.dll, DataCollectionManager.CleanupPlugins: CleanupPlugins called
TpTrace Verbose: 0 : 944, 1, 2020/11/25, 00:47:17.494, 7731234209577, datacollector.dll, DataCollectionManager.CleanupPlugins: Cleaning up 1 plugins
TpTrace Verbose: 0 : 944, 1, 2020/11/25, 00:47:17.494, 7731234210870, datacollector.dll, dataCollectorInfo.DisposeDataCollector: calling Dispose() on Microsoft.TestPlatform.Extensions.BlameDataCollector.BlameCollector
TpTrace Information: 0 : 944, 1, 2020/11/25, 00:47:17.495, 7731234212315, datacollector.dll, DataCollectionManager.CleanupPlugins: CleanupPlugins finished
TpTrace Information: 0 : 944, 1, 2020/11/25, 00:47:17.495, 7731234214176, datacollector.dll, DataCollectionRequestHandler.ProcessRequests : Session End message received from server. Closing the connection.
TpTrace Information: 0 : 944, 1, 2020/11/25, 00:47:17.495, 7731234216167, datacollector.dll, Closing the connection !
TpTrace Information: 0 : 944, 1, 2020/11/25, 00:47:17.495, 7731234216897, datacollector.dll, DataCollectionRequestHandler.ProcessRequests : DataCollection completed
TpTrace Information: 0 : 944, 1, 2020/11/25, 00:47:17.495, 7731234217485, datacollector.dll, Program.Main: exiting datacollector process.
