TpTrace Information: 0 : 9892, 1, 2020/11/29, 02:41:19.744, 11255811445143, testhost.dll, DefaultEngineInvoker.Invoke: Testhost process started with args :[--port, 63381],[--endpoint, 127.0.0.1:063381],[--role, client],[--parentprocessid, 16764],[--diag, C:\Users\HP\Source\Repos\ekarahodza1\VVS_zadaca2_1\Hypo Banka\Unit Testovi\bin\Debug\fine-code-coverage\_outputfolder\diagnostics.host.20-11-29_02-41-19_46577_4.log],[--tracelevel, 4],[--datacollectionport, 63380],[--telemetryoptedin, false]
TpTrace Information: 0 : 9892, 1, 2020/11/29, 02:41:19.759, 11255811519060, testhost.dll, DefaultEngineInvoker.SetParentProcessExitCallback: Monitoring parent process with id: '16764'
TpTrace Information: 0 : 9892, 1, 2020/11/29, 02:41:19.776, 11255811688043, testhost.dll, DefaultEngineInvoker.GetConnectionInfo: Initialize communication on endpoint address: '127.0.0.1:063381'
TpTrace Information: 0 : 9892, 1, 2020/11/29, 02:41:19.814, 11255812077191, testhost.dll, SocketClient.Start: connecting to server endpoint: 127.0.0.1:063381
TpTrace Information: 0 : 9892, 1, 2020/11/29, 02:41:19.826, 11255812187649, testhost.dll, DefaultEngineInvoker.ConnectToDatacollector: Connecting to datacollector, port: 63380
TpTrace Information: 0 : 9892, 5, 2020/11/29, 02:41:19.835, 11255812278774, testhost.dll, SocketClient.OnServerConnected: connected to server endpoint: 127.0.0.1:063381
TpTrace Information: 0 : 9892, 1, 2020/11/29, 02:41:19.836, 11255812290021, testhost.dll, Trying to connect to server on socket : 127.0.0.1:63380 
TpTrace Verbose: 0 : 9892, 1, 2020/11/29, 02:41:19.837, 11255812298737, testhost.dll, SocketCommunicationManager : SetupClientAsync : Attempting to connect to the server.
TpTrace Verbose: 0 : 9892, 5, 2020/11/29, 02:41:19.839, 11255812321856, testhost.dll, Connected to server, and starting MessageLoopAsync
TpTrace Verbose: 0 : 9892, 5, 2020/11/29, 02:41:19.846, 11255812394997, testhost.dll, TcpClientExtensions.MessageLoopAsync: Polling on remoteEndPoint: [::ffff:127.0.0.1]:63381 localEndPoint: [::ffff:127.0.0.1]:63383
TpTrace Information: 0 : 9892, 9, 2020/11/29, 02:41:19.847, 11255812397452, testhost.dll, Connected to the server successfully 
TpTrace Information: 0 : 9892, 9, 2020/11/29, 02:41:19.847, 11255812398612, testhost.dll, Using the buffer size of 16384 bytes
TpTrace Verbose: 0 : 9892, 5, 2020/11/29, 02:41:19.847, 11255812402773, testhost.dll, TcpClientExtensions.MessageLoopAsync: NotifyDataAvailable remoteEndPoint: [::ffff:127.0.0.1]:63381 localEndPoint: [::ffff:127.0.0.1]:63383
TpTrace Information: 0 : 9892, 1, 2020/11/29, 02:41:19.848, 11255812408088, testhost.dll, DefaultEngineInvoker.Invoke: Start Request Processing.
TpTrace Information: 0 : 9892, 13, 2020/11/29, 02:41:19.852, 11255812449800, testhost.dll, DefaultEngineInvoker.StartProcessingAsync: Connected to vstest.console, Starting process requests.
TpTrace Information: 0 : 9892, 5, 2020/11/29, 02:41:20.099, 11255814923761, testhost.dll, TestRequestHandler.ProcessRequests: received message: (ProtocolVersion) -> 2
TpTrace Verbose: 0 : 9892, 5, 2020/11/29, 02:41:20.150, 11255815437219, testhost.dll, TestRequestHandler.SendData:  sending data from testhost: {"Version":2,"MessageType":"TestSession.Message","Payload":{"MessageLevel":0,"Message":"Logging TestHost Diagnostics in file: C:\\Users\\HP\\Source\\Repos\\ekarahodza1\\VVS_zadaca2_1\\Hypo Banka\\Unit Testovi\\bin\\Debug\\fine-code-coverage\\_outputfolder\\diagnostics.host.20-11-29_02-41-19_46577_4.log"}}
TpTrace Verbose: 0 : 9892, 5, 2020/11/29, 02:41:20.151, 11255815441182, testhost.dll, TcpClientExtensions.MessageLoopAsync: Polling on remoteEndPoint: [::ffff:127.0.0.1]:63381 localEndPoint: [::ffff:127.0.0.1]:63383
TpTrace Verbose: 0 : 9892, 5, 2020/11/29, 02:41:20.151, 11255815442667, testhost.dll, TcpClientExtensions.MessageLoopAsync: NotifyDataAvailable remoteEndPoint: [::ffff:127.0.0.1]:63381 localEndPoint: [::ffff:127.0.0.1]:63383
TpTrace Information: 0 : 9892, 5, 2020/11/29, 02:41:20.157, 11255815499782, testhost.dll, TestRequestHandler.ProcessRequests: received message: (TestExecution.Initialize) -> [
  "C:\\Users\\HP\\Source\\Repos\\ekarahodza1\\VVS_zadaca2_1\\Hypo Banka\\Unit Testovi\\bin\\Debug\\fine-code-coverage\\Microsoft.VisualStudio.TestPlatform.MSTest.TestAdapter.dll"
]
TpTrace Information: 0 : 9892, 5, 2020/11/29, 02:41:20.157, 11255815502331, testhost.dll, Execution Session Initialize.
TpTrace Verbose: 0 : 9892, 5, 2020/11/29, 02:41:20.168, 11255815612427, testhost.dll, TcpClientExtensions.MessageLoopAsync: Polling on remoteEndPoint: [::ffff:127.0.0.1]:63381 localEndPoint: [::ffff:127.0.0.1]:63383
TpTrace Verbose: 0 : 9892, 5, 2020/11/29, 02:41:20.168, 11255815614873, testhost.dll, TcpClientExtensions.MessageLoopAsync: NotifyDataAvailable remoteEndPoint: [::ffff:127.0.0.1]:63381 localEndPoint: [::ffff:127.0.0.1]:63383
TpTrace Information: 0 : 9892, 5, 2020/11/29, 02:41:20.173, 11255815659978, testhost.dll, TestRequestHandler.ProcessRequests: received message: (TestExecution.StartWithSources) -> {
  "AdapterSourceMap": {
    "_none_": [
      "C:\\Users\\HP\\Source\\Repos\\ekarahodza1\\VVS_zadaca2_1\\Hypo Banka\\Unit Testovi\\bin\\Debug\\fine-code-coverage\\Unit Testovi.dll"
    ]
  },
  "RunSettings": "<RunSettings>\r\n  <RunConfiguration>\r\n    <ResultsDirectory>C:\\Users\\HP\\Source\\Repos\\ekarahodza1\\VVS_zadaca2_1\\Hypo Banka\\Unit Testovi\\bin\\Debug\\fine-code-coverage\\_outputfolder</ResultsDirectory>\r\n    <TargetPlatform>X64</TargetPlatform>\r\n    <TargetFrameworkVersion>.NETCoreApp,Version=v3.1</TargetFrameworkVersion>\r\n    <DesignMode>False</DesignMode>\r\n    <CollectSourceInformation>False</CollectSourceInformation>\r\n  </RunConfiguration>\r\n  <LoggerRunSettings>\r\n    <Loggers>\r\n      <Logger friendlyName=\"blame\" enabled=\"True\" />\r\n      <Logger friendlyName=\"Console\" uri=\"logger://microsoft/TestPlatform/ConsoleLogger/v1\" assemblyQualifiedName=\"Microsoft.VisualStudio.TestPlatform.CommandLine.Internal.ConsoleLogger, vstest.console, Version=15.0.0.0, Culture=neutral, PublicKeyToken=b03f5f7f11d50a3a\" codeBase=\"C:\\Program Files\\dotnet\\sdk\\3.1.201\\vstest.console.dll\" enabled=\"True\" />\r\n    </Loggers>\r\n  </LoggerRunSettings>\r\n  <DataCollectionRunSettings>\r\n    <DataCollectors>\r\n      <DataCollector friendlyName=\"blame\" enabled=\"True\">\r\n        <Configuration>\r\n          <ResultsDirectory>C:\\Users\\HP\\Source\\Repos\\ekarahodza1\\VVS_zadaca2_1\\Hypo Banka\\Unit Testovi\\bin\\Debug\\fine-code-coverage\\_outputfolder</ResultsDirectory>\r\n        </Configuration>\r\n      </DataCollector>\r\n    </DataCollectors>\r\n  </DataCollectionRunSettings>\r\n</RunSettings>",
  "TestExecutionContext": {
    "FrequencyOfRunStatsChangeEvent": 10,
    "RunStatsChangeEventTimeout": "00:00:01.5000000",
    "InIsolation": false,
    "KeepAlive": false,
    "AreTestCaseLevelEventsRequired": false,
    "IsDebug": false,
    "TestCaseFilter": null,
    "FilterOptions": null
  },
  "Package": null
}
TpTrace Information: 0 : 9892, 5, 2020/11/29, 02:41:20.173, 11255815662767, testhost.dll, Execution started.
TpTrace Verbose: 0 : 9892, 4, 2020/11/29, 02:41:20.174, 11255815668142, testhost.dll, TestExecutorService: Loading the extensions
TpTrace Verbose: 0 : 9892, 4, 2020/11/29, 02:41:20.177, 11255815704295, testhost.dll, TestPluginCache.DiscoverTestExtensions: finding test extensions in assemblies endswith: TestAdapter.dll TPluginInfo: Microsoft.VisualStudio.TestPlatform.Common.ExtensionFramework.Utilities.TestExecutorPluginInformation TExtension: Microsoft.VisualStudio.TestPlatform.ObjectModel.Adapter.ITestExecutor
TpTrace Verbose: 0 : 9892, 4, 2020/11/29, 02:41:20.179, 11255815724575, testhost.dll, TestPluginCache.GetExtensionPaths: Filtered extension paths: 
TpTrace Verbose: 0 : 9892, 4, 2020/11/29, 02:41:20.180, 11255815731432, testhost.dll, TestPluginCache.GetExtensionPaths: Added default extension paths: C:\Users\HP\Source\Repos\ekarahodza1\VVS_zadaca2_1\Hypo Banka\Unit Testovi\bin\Debug\fine-code-coverage\Microsoft.VisualStudio.TestPlatform.MSTest.TestAdapter.dll
TpTrace Verbose: 0 : 9892, 4, 2020/11/29, 02:41:20.180, 11255815733348, testhost.dll, TestPluginCache.GetExtensionPaths: Added unfilterableExtensionPaths: 
TpTrace Information: 0 : 9892, 4, 2020/11/29, 02:41:20.184, 11255815775550, testhost.dll, AssemblyResolver.ctor: Creating AssemblyResolver with searchDirectories C:\Users\HP\Source\Repos\ekarahodza1\VVS_zadaca2_1\Hypo Banka\Unit Testovi\bin\Debug\fine-code-coverage
TpTrace Verbose: 0 : 9892, 4, 2020/11/29, 02:41:20.188, 11255815808758, testhost.dll, TestPluginCache.DiscoverTestExtensions: Discovering the extensions using extension path.
TpTrace Verbose: 0 : 9892, 4, 2020/11/29, 02:41:20.188, 11255815811304, testhost.dll, TestPluginCache.GetExtensionPaths: Filtered extension paths: 
TpTrace Verbose: 0 : 9892, 4, 2020/11/29, 02:41:20.188, 11255815812630, testhost.dll, TestPluginCache.GetExtensionPaths: Added default extension paths: C:\Users\HP\Source\Repos\ekarahodza1\VVS_zadaca2_1\Hypo Banka\Unit Testovi\bin\Debug\fine-code-coverage\Microsoft.VisualStudio.TestPlatform.MSTest.TestAdapter.dll
TpTrace Verbose: 0 : 9892, 4, 2020/11/29, 02:41:20.188, 11255815813577, testhost.dll, TestPluginCache.GetExtensionPaths: Added unfilterableExtensionPaths: 
TpTrace Verbose: 0 : 9892, 4, 2020/11/29, 02:41:20.188, 11255815815090, testhost.dll, TestPluginCache.DiscoverTestExtensions: Discovering the extensions using allExtensionPaths: C:\Users\HP\Source\Repos\ekarahodza1\VVS_zadaca2_1\Hypo Banka\Unit Testovi\bin\Debug\fine-code-coverage\Microsoft.VisualStudio.TestPlatform.MSTest.TestAdapter.dll
TpTrace Information: 0 : 9892, 4, 2020/11/29, 02:41:20.190, 11255815835054, testhost.dll, AssemblyResolver.AddSearchDirectories: Adding more searchDirectories C:\Users\HP\Source\Repos\ekarahodza1\VVS_zadaca2_1\Hypo Banka\Unit Testovi\bin\Debug\fine-code-coverage
TpTrace Information: 0 : 9892, 4, 2020/11/29, 02:41:20.200, 11255815935871, testhost.dll, AssemblyResolver.OnResolve: Microsoft.VisualStudio.TestPlatform.MSTest.TestAdapter: Resolving assembly.
TpTrace Information: 0 : 9892, 4, 2020/11/29, 02:41:20.204, 11255815969267, testhost.dll, AssemblyResolver.OnResolve: Resolved assembly: Microsoft.VisualStudio.TestPlatform.MSTest.TestAdapter, from path: C:\Users\HP\Source\Repos\ekarahodza1\VVS_zadaca2_1\Hypo Banka\Unit Testovi\bin\Debug\fine-code-coverage\Microsoft.VisualStudio.TestPlatform.MSTest.TestAdapter.dll
TpTrace Information: 0 : 9892, 4, 2020/11/29, 02:41:20.207, 11255816002595, testhost.dll, AssemblyResolver.OnResolve: Microsoft.VisualStudio.TestPlatform.MSTestAdapter.PlatformServices.Interface: Resolving assembly.
TpTrace Information: 0 : 9892, 4, 2020/11/29, 02:41:20.208, 11255816015087, testhost.dll, AssemblyResolver.OnResolve: Resolved assembly: Microsoft.VisualStudio.TestPlatform.MSTestAdapter.PlatformServices.Interface, from path: C:\Users\HP\Source\Repos\ekarahodza1\VVS_zadaca2_1\Hypo Banka\Unit Testovi\bin\Debug\fine-code-coverage\Microsoft.VisualStudio.TestPlatform.MSTestAdapter.PlatformServices.Interface.dll
TpTrace Information: 0 : 9892, 4, 2020/11/29, 02:41:20.209, 11255816019479, testhost.dll, AssemblyResolver.OnResolve: Microsoft.VisualStudio.TestPlatform.MSTestAdapter.PlatformServices: Resolving assembly.
TpTrace Information: 0 : 9892, 4, 2020/11/29, 02:41:20.210, 11255816036999, testhost.dll, AssemblyResolver.OnResolve: Resolved assembly: Microsoft.VisualStudio.TestPlatform.MSTestAdapter.PlatformServices, from path: C:\Users\HP\Source\Repos\ekarahodza1\VVS_zadaca2_1\Hypo Banka\Unit Testovi\bin\Debug\fine-code-coverage\Microsoft.VisualStudio.TestPlatform.MSTestAdapter.PlatformServices.dll
TpTrace Verbose: 0 : 9892, 4, 2020/11/29, 02:41:20.222, 11255816150778, testhost.dll, TestPluginCache: Discovered the extensions using extension path ''.
TpTrace Verbose: 0 : 9892, 4, 2020/11/29, 02:41:20.223, 11255816159168, testhost.dll, TestPluginCache: Discoverers are ''.
TpTrace Verbose: 0 : 9892, 4, 2020/11/29, 02:41:20.223, 11255816161164, testhost.dll, TestPluginCache: Executors are 'executor://MSTestAdapter/v2'.
TpTrace Verbose: 0 : 9892, 4, 2020/11/29, 02:41:20.223, 11255816163188, testhost.dll, TestPluginCache: Setting providers are ''.
TpTrace Verbose: 0 : 9892, 4, 2020/11/29, 02:41:20.223, 11255816164892, testhost.dll, TestPluginCache: Loggers are ''.
TpTrace Verbose: 0 : 9892, 5, 2020/11/29, 02:41:20.231, 11255816244856, testhost.dll, TcpClientExtensions.MessageLoopAsync: Polling on remoteEndPoint: [::ffff:127.0.0.1]:63381 localEndPoint: [::ffff:127.0.0.1]:63383
TpTrace Information: 0 : 9892, 4, 2020/11/29, 02:41:20.236, 11255816290233, testhost.dll, TestPluginManager.CreateTestExtension: Attempting to load test extension: Microsoft.VisualStudio.TestPlatform.MSTest.TestAdapter.MSTestExecutor
TpTrace Verbose: 0 : 9892, 4, 2020/11/29, 02:41:20.241, 11255816344178, testhost.dll, TestExecutorExtensionManager: Loading executor Microsoft.VisualStudio.TestPlatform.MSTest.TestAdapter.MSTestExecutor
TpTrace Verbose: 0 : 9892, 4, 2020/11/29, 02:41:20.241, 11255816346202, testhost.dll, TestExecutorService: Loaded the executors
TpTrace Verbose: 0 : 9892, 4, 2020/11/29, 02:41:20.244, 11255816369141, testhost.dll, TestPluginCache.DiscoverTestExtensions: finding test extensions in assemblies endswith: TestAdapter.dll TPluginInfo: Microsoft.VisualStudio.TestPlatform.Common.ExtensionFramework.Utilities.TestSettingsProviderPluginInformation TExtension: Microsoft.VisualStudio.TestPlatform.ObjectModel.Adapter.ISettingsProvider
TpTrace Verbose: 0 : 9892, 4, 2020/11/29, 02:41:20.245, 11255816381583, testhost.dll, TestPluginCache.GetExtensionPaths: Filtered extension paths: 
TpTrace Verbose: 0 : 9892, 4, 2020/11/29, 02:41:20.245, 11255816383901, testhost.dll, TestPluginCache.GetExtensionPaths: Added default extension paths: C:\Users\HP\Source\Repos\ekarahodza1\VVS_zadaca2_1\Hypo Banka\Unit Testovi\bin\Debug\fine-code-coverage\Microsoft.VisualStudio.TestPlatform.MSTest.TestAdapter.dll
TpTrace Verbose: 0 : 9892, 4, 2020/11/29, 02:41:20.245, 11255816385005, testhost.dll, TestPluginCache.GetExtensionPaths: Added unfilterableExtensionPaths: 
TpTrace Information: 0 : 9892, 4, 2020/11/29, 02:41:20.246, 11255816388121, testhost.dll, AssemblyResolver.AddSearchDirectories: Adding more searchDirectories C:\Users\HP\Source\Repos\ekarahodza1\VVS_zadaca2_1\Hypo Banka\Unit Testovi\bin\Debug\fine-code-coverage
TpTrace Verbose: 0 : 9892, 4, 2020/11/29, 02:41:20.246, 11255816389387, testhost.dll, TestPluginCache.DiscoverTestExtensions: Discovering the extensions using extension path.
TpTrace Verbose: 0 : 9892, 4, 2020/11/29, 02:41:20.246, 11255816390339, testhost.dll, TestPluginCache.GetExtensionPaths: Filtered extension paths: 
TpTrace Verbose: 0 : 9892, 4, 2020/11/29, 02:41:20.246, 11255816391237, testhost.dll, TestPluginCache.GetExtensionPaths: Added default extension paths: C:\Users\HP\Source\Repos\ekarahodza1\VVS_zadaca2_1\Hypo Banka\Unit Testovi\bin\Debug\fine-code-coverage\Microsoft.VisualStudio.TestPlatform.MSTest.TestAdapter.dll
TpTrace Verbose: 0 : 9892, 4, 2020/11/29, 02:41:20.246, 11255816392153, testhost.dll, TestPluginCache.GetExtensionPaths: Added unfilterableExtensionPaths: 
TpTrace Verbose: 0 : 9892, 4, 2020/11/29, 02:41:20.246, 11255816393171, testhost.dll, TestPluginCache.DiscoverTestExtensions: Discovering the extensions using allExtensionPaths: C:\Users\HP\Source\Repos\ekarahodza1\VVS_zadaca2_1\Hypo Banka\Unit Testovi\bin\Debug\fine-code-coverage\Microsoft.VisualStudio.TestPlatform.MSTest.TestAdapter.dll
TpTrace Information: 0 : 9892, 4, 2020/11/29, 02:41:20.246, 11255816394462, testhost.dll, AssemblyResolver.AddSearchDirectories: Adding more searchDirectories C:\Users\HP\Source\Repos\ekarahodza1\VVS_zadaca2_1\Hypo Banka\Unit Testovi\bin\Debug\fine-code-coverage
TpTrace Verbose: 0 : 9892, 4, 2020/11/29, 02:41:20.247, 11255816399624, testhost.dll, TestPluginCache: Discovered the extensions using extension path ''.
TpTrace Verbose: 0 : 9892, 4, 2020/11/29, 02:41:20.247, 11255816400894, testhost.dll, TestPluginCache: Discoverers are ''.
TpTrace Verbose: 0 : 9892, 4, 2020/11/29, 02:41:20.247, 11255816402352, testhost.dll, TestPluginCache: Executors are 'executor://MSTestAdapter/v2'.
TpTrace Verbose: 0 : 9892, 4, 2020/11/29, 02:41:20.247, 11255816404015, testhost.dll, TestPluginCache: Setting providers are ''.
TpTrace Verbose: 0 : 9892, 4, 2020/11/29, 02:41:20.247, 11255816405935, testhost.dll, TestPluginCache: Loggers are ''.
TpTrace Verbose: 0 : 9892, 4, 2020/11/29, 02:41:20.249, 11255816424666, testhost.dll, TestExecutorService: Loaded the settings providers
TpTrace Information: 0 : 9892, 4, 2020/11/29, 02:41:20.249, 11255816426356, testhost.dll, TestExecutorService: Loaded the extensions
TpTrace Information: 0 : 9892, 4, 2020/11/29, 02:41:20.369, 11255817623202, testhost.dll, TestDiscoveryManager: Discovering tests from sources C:\Users\HP\Source\Repos\ekarahodza1\VVS_zadaca2_1\Hypo Banka\Unit Testovi\bin\Debug\fine-code-coverage\Unit Testovi.dll
TpTrace Verbose: 0 : 9892, 4, 2020/11/29, 02:41:20.372, 11255817649976, testhost.dll, TestPluginCache.DiscoverTestExtensions: finding test extensions in assemblies endswith: TestAdapter.dll TPluginInfo: Microsoft.VisualStudio.TestPlatform.Common.ExtensionFramework.Utilities.TestDiscovererPluginInformation TExtension: Microsoft.VisualStudio.TestPlatform.ObjectModel.Adapter.ITestDiscoverer
TpTrace Verbose: 0 : 9892, 4, 2020/11/29, 02:41:20.372, 11255817652104, testhost.dll, TestPluginCache.GetExtensionPaths: Filtered extension paths: 
TpTrace Verbose: 0 : 9892, 4, 2020/11/29, 02:41:20.372, 11255817652859, testhost.dll, TestPluginCache.GetExtensionPaths: Added default extension paths: C:\Users\HP\Source\Repos\ekarahodza1\VVS_zadaca2_1\Hypo Banka\Unit Testovi\bin\Debug\fine-code-coverage\Microsoft.VisualStudio.TestPlatform.MSTest.TestAdapter.dll
TpTrace Verbose: 0 : 9892, 4, 2020/11/29, 02:41:20.372, 11255817653460, testhost.dll, TestPluginCache.GetExtensionPaths: Added unfilterableExtensionPaths: 
TpTrace Information: 0 : 9892, 4, 2020/11/29, 02:41:20.372, 11255817655190, testhost.dll, AssemblyResolver.AddSearchDirectories: Adding more searchDirectories C:\Users\HP\Source\Repos\ekarahodza1\VVS_zadaca2_1\Hypo Banka\Unit Testovi\bin\Debug\fine-code-coverage
TpTrace Verbose: 0 : 9892, 4, 2020/11/29, 02:41:20.372, 11255817655943, testhost.dll, TestPluginCache.DiscoverTestExtensions: Discovering the extensions using extension path.
TpTrace Verbose: 0 : 9892, 4, 2020/11/29, 02:41:20.372, 11255817656535, testhost.dll, TestPluginCache.GetExtensionPaths: Filtered extension paths: 
TpTrace Verbose: 0 : 9892, 4, 2020/11/29, 02:41:20.372, 11255817657194, testhost.dll, TestPluginCache.GetExtensionPaths: Added default extension paths: C:\Users\HP\Source\Repos\ekarahodza1\VVS_zadaca2_1\Hypo Banka\Unit Testovi\bin\Debug\fine-code-coverage\Microsoft.VisualStudio.TestPlatform.MSTest.TestAdapter.dll
TpTrace Verbose: 0 : 9892, 4, 2020/11/29, 02:41:20.373, 11255817657772, testhost.dll, TestPluginCache.GetExtensionPaths: Added unfilterableExtensionPaths: 
TpTrace Verbose: 0 : 9892, 4, 2020/11/29, 02:41:20.373, 11255817658383, testhost.dll, TestPluginCache.DiscoverTestExtensions: Discovering the extensions using allExtensionPaths: C:\Users\HP\Source\Repos\ekarahodza1\VVS_zadaca2_1\Hypo Banka\Unit Testovi\bin\Debug\fine-code-coverage\Microsoft.VisualStudio.TestPlatform.MSTest.TestAdapter.dll
TpTrace Information: 0 : 9892, 4, 2020/11/29, 02:41:20.373, 11255817659095, testhost.dll, AssemblyResolver.AddSearchDirectories: Adding more searchDirectories C:\Users\HP\Source\Repos\ekarahodza1\VVS_zadaca2_1\Hypo Banka\Unit Testovi\bin\Debug\fine-code-coverage
TpTrace Verbose: 0 : 9892, 4, 2020/11/29, 02:41:20.376, 11255817687541, testhost.dll, TestPluginCache: Discovered the extensions using extension path ''.
TpTrace Verbose: 0 : 9892, 4, 2020/11/29, 02:41:20.376, 11255817690520, testhost.dll, TestPluginCache: Discoverers are 'Microsoft.VisualStudio.TestPlatform.MSTest.TestAdapter.MSTestDiscoverer, Microsoft.VisualStudio.TestPlatform.MSTest.TestAdapter, Version=14.0.0.0, Culture=neutral, PublicKeyToken=b03f5f7f11d50a3a'.
TpTrace Verbose: 0 : 9892, 4, 2020/11/29, 02:41:20.376, 11255817692445, testhost.dll, TestPluginCache: Executors are 'executor://MSTestAdapter/v2'.
TpTrace Verbose: 0 : 9892, 4, 2020/11/29, 02:41:20.376, 11255817693472, testhost.dll, TestPluginCache: Setting providers are ''.
TpTrace Verbose: 0 : 9892, 4, 2020/11/29, 02:41:20.376, 11255817694455, testhost.dll, TestPluginCache: Loggers are ''.
TpTrace Verbose: 0 : 9892, 4, 2020/11/29, 02:41:20.382, 11255817756449, testhost.dll, BaseRunTests.RunTestInternalWithExecutors: Running tests for executor://MSTestAdapter/v2
TpTrace Information: 0 : 9892, 4, 2020/11/29, 02:41:20.455, 11255818478357, testhost.dll, AssemblyResolver.OnResolve: Microsoft.VisualStudio.TestPlatform.MSTestAdapter.PlatformServices.resources: Resolving assembly.
TpTrace Information: 0 : 9892, 4, 2020/11/29, 02:41:20.455, 11255818481025, testhost.dll, AssemblyResolver.OnResolve: Microsoft.VisualStudio.TestPlatform.MSTestAdapter.PlatformServices.resources: Failed to load assembly.
TpTrace Information: 0 : 9892, 4, 2020/11/29, 02:41:20.455, 11255818484190, testhost.dll, AssemblyResolver.OnResolve: Microsoft.VisualStudio.TestPlatform.MSTestAdapter.PlatformServices.resources: Resolving assembly.
TpTrace Information: 0 : 9892, 4, 2020/11/29, 02:41:20.455, 11255818485035, testhost.dll, AssemblyResolver.OnResolve: Microsoft.VisualStudio.TestPlatform.MSTestAdapter.PlatformServices.resources: Resolved from cache.
TpTrace Verbose: 0 : 9892, 4, 2020/11/29, 02:41:20.474, 11255818674756, testhost.dll, TestExecutionRecorder.RecordStart: Starting test: Unit_Testovi.BankaTests.BankaTest.
TpTrace Information: 0 : 9892, 4, 2020/11/29, 02:41:20.593, 11255819866330, testhost.dll, AssemblyResolver.OnResolve: Microsoft.VisualStudio.TestPlatform.TestFramework.resources: Resolving assembly.
TpTrace Information: 0 : 9892, 4, 2020/11/29, 02:41:20.594, 11255819868659, testhost.dll, AssemblyResolver.OnResolve: Microsoft.VisualStudio.TestPlatform.TestFramework.resources: Failed to load assembly.
TpTrace Verbose: 0 : 9892, 4, 2020/11/29, 02:41:20.635, 11255820281059, testhost.dll, TestExecutionRecorder.RecordEnd: test: Unit_Testovi.BankaTests.BankaTest execution completed.
TpTrace Verbose: 0 : 9892, 4, 2020/11/29, 02:41:20.670, 11255820636188, testhost.dll, TestExecutionRecorder.RecordResult: Received result for test: Unit_Testovi.BankaTests.BankaTest.
TpTrace Warning: 0 : 9892, 4, 2020/11/29, 02:41:20.677, 11255820703148, testhost.dll, InProgressTests is null
TpTrace Warning: 0 : 9892, 4, 2020/11/29, 02:41:20.681, 11255820738436, testhost.dll, TestRunCache: No test found corresponding to testResult 'BankaTest   Failed
  Message: Assert.Fail failed. 
  StackTrace:
   at Unit_Testovi.BankaTests.BankaTest() in C:\Users\HP\Source\Repos\ekarahodza1\VVS_zadaca2_1\Hypo Banka\Unit Testovi\BankaTests.cs:line 15
' in inProgress list.
TpTrace Verbose: 0 : 9892, 4, 2020/11/29, 02:41:20.681, 11255820742218, testhost.dll, TestExecutionRecorder.RecordStart: Starting test: Unit_Testovi.BankaTests.RadSaKlijentomTest.
TpTrace Verbose: 0 : 9892, 4, 2020/11/29, 02:41:20.685, 11255820782420, testhost.dll, TestExecutionRecorder.RecordEnd: test: Unit_Testovi.BankaTests.RadSaKlijentomTest execution completed.
TpTrace Verbose: 0 : 9892, 4, 2020/11/29, 02:41:20.688, 11255820810119, testhost.dll, TestExecutionRecorder.RecordResult: Received result for test: Unit_Testovi.BankaTests.RadSaKlijentomTest.
TpTrace Warning: 0 : 9892, 4, 2020/11/29, 02:41:20.688, 11255820812227, testhost.dll, InProgressTests is null
TpTrace Warning: 0 : 9892, 4, 2020/11/29, 02:41:20.688, 11255820813625, testhost.dll, TestRunCache: No test found corresponding to testResult 'RadSaKlijentomTest  Failed
  Message: Assert.Fail failed. 
  StackTrace:
   at Unit_Testovi.BankaTests.RadSaKlijentomTest() in C:\Users\HP\Source\Repos\ekarahodza1\VVS_zadaca2_1\Hypo Banka\Unit Testovi\BankaTests.cs:line 21
' in inProgress list.
TpTrace Verbose: 0 : 9892, 4, 2020/11/29, 02:41:20.688, 11255820814888, testhost.dll, TestExecutionRecorder.RecordStart: Starting test: Unit_Testovi.BankaTests.OtvaranjeNovogRačunaTest.
TpTrace Verbose: 0 : 9892, 4, 2020/11/29, 02:41:20.693, 11255820858697, testhost.dll, TestExecutionRecorder.RecordEnd: test: Unit_Testovi.BankaTests.OtvaranjeNovogRačunaTest execution completed.
TpTrace Verbose: 0 : 9892, 4, 2020/11/29, 02:41:20.699, 11255820920433, testhost.dll, TestExecutionRecorder.RecordResult: Received result for test: Unit_Testovi.BankaTests.OtvaranjeNovogRačunaTest.
TpTrace Warning: 0 : 9892, 4, 2020/11/29, 02:41:20.699, 11255820922739, testhost.dll, InProgressTests is null
TpTrace Warning: 0 : 9892, 4, 2020/11/29, 02:41:20.699, 11255820923860, testhost.dll, TestRunCache: No test found corresponding to testResult 'OtvaranjeNovogRačunaTest  Failed
  Message: Assert.Fail failed. 
  StackTrace:
   at Unit_Testovi.BankaTests.OtvaranjeNovogRačunaTest() in C:\Users\HP\Source\Repos\ekarahodza1\VVS_zadaca2_1\Hypo Banka\Unit Testovi\BankaTests.cs:line 27
' in inProgress list.
TpTrace Verbose: 0 : 9892, 4, 2020/11/29, 02:41:20.700, 11255820933181, testhost.dll, TestExecutionRecorder.RecordStart: Starting test: Unit_Testovi.BankaTests.KlijentiSBlokiranimRačunimaTest.
TpTrace Verbose: 0 : 9892, 4, 2020/11/29, 02:41:20.738, 11255821311627, testhost.dll, TestExecutionRecorder.RecordEnd: test: Unit_Testovi.BankaTests.KlijentiSBlokiranimRačunimaTest execution completed.
TpTrace Verbose: 0 : 9892, 4, 2020/11/29, 02:41:20.740, 11255821331724, testhost.dll, TestExecutionRecorder.RecordResult: Received result for test: Unit_Testovi.BankaTests.KlijentiSBlokiranimRačunimaTest.
TpTrace Warning: 0 : 9892, 4, 2020/11/29, 02:41:20.740, 11255821333274, testhost.dll, InProgressTests is null
TpTrace Warning: 0 : 9892, 4, 2020/11/29, 02:41:20.740, 11255821336200, testhost.dll, TestRunCache: No test found corresponding to testResult 'KlijentiSBlokiranimRačunimaTest  Passed' in inProgress list.
TpTrace Verbose: 0 : 9892, 4, 2020/11/29, 02:41:20.741, 11255821337554, testhost.dll, TestExecutionRecorder.RecordStart: Starting test: Unit_Testovi.BankaTests.PraznaListaKlijentiSBlokiranimRačunimaTest.
TpTrace Verbose: 0 : 9892, 4, 2020/11/29, 02:41:20.746, 11255821395426, testhost.dll, TestExecutionRecorder.RecordEnd: test: Unit_Testovi.BankaTests.PraznaListaKlijentiSBlokiranimRačunimaTest execution completed.
TpTrace Verbose: 0 : 9892, 4, 2020/11/29, 02:41:20.749, 11255821422683, testhost.dll, TestExecutionRecorder.RecordResult: Received result for test: Unit_Testovi.BankaTests.PraznaListaKlijentiSBlokiranimRačunimaTest.
TpTrace Warning: 0 : 9892, 4, 2020/11/29, 02:41:20.749, 11255821424545, testhost.dll, InProgressTests is null
TpTrace Warning: 0 : 9892, 4, 2020/11/29, 02:41:20.749, 11255821425693, testhost.dll, TestRunCache: No test found corresponding to testResult 'PraznaListaKlijentiSBlokiranimRačunimaTest  Passed' in inProgress list.
TpTrace Verbose: 0 : 9892, 4, 2020/11/29, 02:41:20.749, 11255821426942, testhost.dll, TestExecutionRecorder.RecordStart: Starting test: Unit_Testovi.BankaTests.PraznaListaKlijentiSBlokiranimRačunimaTest2.
TpTrace Verbose: 0 : 9892, 4, 2020/11/29, 02:41:20.753, 11255821457617, testhost.dll, TestExecutionRecorder.RecordEnd: test: Unit_Testovi.BankaTests.PraznaListaKlijentiSBlokiranimRačunimaTest2 execution completed.
TpTrace Verbose: 0 : 9892, 4, 2020/11/29, 02:41:20.755, 11255821484875, testhost.dll, TestExecutionRecorder.RecordResult: Received result for test: Unit_Testovi.BankaTests.PraznaListaKlijentiSBlokiranimRačunimaTest2.
TpTrace Warning: 0 : 9892, 4, 2020/11/29, 02:41:20.755, 11255821486561, testhost.dll, InProgressTests is null
TpTrace Warning: 0 : 9892, 4, 2020/11/29, 02:41:20.756, 11255821487444, testhost.dll, TestRunCache: No test found corresponding to testResult 'PraznaListaKlijentiSBlokiranimRačunimaTest2  Passed' in inProgress list.
TpTrace Verbose: 0 : 9892, 4, 2020/11/29, 02:41:20.756, 11255821488374, testhost.dll, TestExecutionRecorder.RecordStart: Starting test: Unit_Testovi.BankaTests.PraznaListaKlijentiSBlokiranimRačunimaTest3.
TpTrace Verbose: 0 : 9892, 4, 2020/11/29, 02:41:20.759, 11255821519179, testhost.dll, TestExecutionRecorder.RecordEnd: test: Unit_Testovi.BankaTests.PraznaListaKlijentiSBlokiranimRačunimaTest3 execution completed.
TpTrace Verbose: 0 : 9892, 4, 2020/11/29, 02:41:20.761, 11255821546504, testhost.dll, TestExecutionRecorder.RecordResult: Received result for test: Unit_Testovi.BankaTests.PraznaListaKlijentiSBlokiranimRačunimaTest3.
TpTrace Warning: 0 : 9892, 4, 2020/11/29, 02:41:20.762, 11255821548975, testhost.dll, InProgressTests is null
TpTrace Warning: 0 : 9892, 4, 2020/11/29, 02:41:20.762, 11255821550372, testhost.dll, TestRunCache: No test found corresponding to testResult 'PraznaListaKlijentiSBlokiranimRačunimaTest3  Passed' in inProgress list.
TpTrace Verbose: 0 : 9892, 4, 2020/11/29, 02:41:20.762, 11255821551657, testhost.dll, TestExecutionRecorder.RecordStart: Starting test: Unit_Testovi.BankaTests.DajKreditTest.
TpTrace Verbose: 0 : 9892, 4, 2020/11/29, 02:41:20.765, 11255821585879, testhost.dll, TestExecutionRecorder.RecordEnd: test: Unit_Testovi.BankaTests.DajKreditTest execution completed.
TpTrace Verbose: 0 : 9892, 4, 2020/11/29, 02:41:20.768, 11255821611826, testhost.dll, TestExecutionRecorder.RecordResult: Received result for test: Unit_Testovi.BankaTests.DajKreditTest.
TpTrace Warning: 0 : 9892, 4, 2020/11/29, 02:41:20.768, 11255821613916, testhost.dll, InProgressTests is null
TpTrace Warning: 0 : 9892, 4, 2020/11/29, 02:41:20.768, 11255821615180, testhost.dll, TestRunCache: No test found corresponding to testResult 'DajKreditTest  Failed
  Message: Assert.Fail failed. 
  StackTrace:
   at Unit_Testovi.BankaTests.DajKreditTest() in C:\Users\HP\Source\Repos\ekarahodza1\VVS_zadaca2_1\Hypo Banka\Unit Testovi\BankaTests.cs:line 109
' in inProgress list.
TpTrace Verbose: 0 : 9892, 4, 2020/11/29, 02:41:20.768, 11255821616426, testhost.dll, TestExecutionRecorder.RecordStart: Starting test: Unit_Testovi.BankaTests.OdobriKreditTest.
TpTrace Verbose: 0 : 9892, 4, 2020/11/29, 02:41:20.771, 11255821644290, testhost.dll, TestExecutionRecorder.RecordEnd: test: Unit_Testovi.BankaTests.OdobriKreditTest execution completed.
TpTrace Verbose: 0 : 9892, 4, 2020/11/29, 02:41:20.774, 11255821669585, testhost.dll, TestExecutionRecorder.RecordResult: Received result for test: Unit_Testovi.BankaTests.OdobriKreditTest.
TpTrace Warning: 0 : 9892, 4, 2020/11/29, 02:41:20.774, 11255821671758, testhost.dll, InProgressTests is null
TpTrace Warning: 0 : 9892, 4, 2020/11/29, 02:41:20.774, 11255821672620, testhost.dll, TestRunCache: No test found corresponding to testResult 'OdobriKreditTest  Failed
  Message: Assert.Fail failed. 
  StackTrace:
   at Unit_Testovi.BankaTests.OdobriKreditTest() in C:\Users\HP\Source\Repos\ekarahodza1\VVS_zadaca2_1\Hypo Banka\Unit Testovi\BankaTests.cs:line 115
' in inProgress list.
TpTrace Verbose: 0 : 9892, 4, 2020/11/29, 02:41:20.774, 11255821673903, testhost.dll, TestExecutionRecorder.RecordStart: Starting test: Unit_Testovi.KlijentTests.DajUkupanIznosNovcaNaSvimRačunimaTestNemaNijedanRacun.
TpTrace Information: 0 : 9892, 4, 2020/11/29, 02:41:20.780, 11255821728431, testhost.dll, Sending test run statistics
TpTrace Verbose: 0 : 9892, 4, 2020/11/29, 02:41:20.838, 11255822315950, testhost.dll, TestRequestHandler.SendData:  sending data from testhost: {"Version":2,"MessageType":"TestExecution.StatsChange","Payload":{"NewTestResults":[{"TestCase":{"Id":"c2245ec7-612e-2eb7-dda6-a997213d66f7","FullyQualifiedName":"Unit_Testovi.BankaTests.BankaTest","DisplayName":"BankaTest","ExecutorUri":"executor://MSTestAdapter/v2","Source":"C:\\Users\\HP\\Source\\Repos\\ekarahodza1\\VVS_zadaca2_1\\Hypo Banka\\Unit Testovi\\bin\\Debug\\fine-code-coverage\\Unit Testovi.dll","CodeFilePath":null,"LineNumber":-1,"Properties":[{"Key":{"Id":"MSTestDiscoverer.TestClassName","Label":"ClassName","Category":"","Description":"","Attributes":1,"ValueType":"System.String"},"Value":"Unit_Testovi.BankaTests"},{"Key":{"Id":"TestObject.Traits","Label":"Traits","Category":"","Description":"","Attributes":5,"ValueType":"System.Collections.Generic.KeyValuePair`2[[System.String],[System.String]][]"},"Value":[]}]},"Attachments":[],"Outcome":2,"ErrorMessage":"Assert.Fail failed. ","ErrorStackTrace":"   at Unit_Testovi.BankaTests.BankaTest() in C:\\Users\\HP\\Source\\Repos\\ekarahodza1\\VVS_zadaca2_1\\Hypo Banka\\Unit Testovi\\BankaTests.cs:line 15\r\n","DisplayName":null,"Messages":[],"ComputerName":null,"Duration":"00:00:00.0359112","StartTime":"2020-11-29T02:41:20.5512203+01:00","EndTime":"2020-11-29T02:41:20.6302428+01:00","Properties":[{"Key":{"Id":"ExecutionId","Label":"ExecutionId","Category":"","Description":"","Attributes":1,"ValueType":"System.Guid"},"Value":"00000000-0000-0000-0000-000000000000"},{"Key":{"Id":"ParentExecId","Label":"ParentExecId","Category":"","Description":"","Attributes":1,"ValueType":"System.Guid"},"Value":"00000000-0000-0000-0000-000000000000"},{"Key":{"Id":"InnerResultsCount","Label":"InnerResultsCount","Category":"","Description":"","Attributes":1,"ValueType":"System.Int32"},"Value":0}]},{"TestCase":{"Id":"4e520575-537d-a0ef-c811-6619e214ccff","FullyQualifiedName":"Unit_Testovi.BankaTests.RadSaKlijentomTest","DisplayName":"RadSaKlijentomTest","ExecutorUri":"executor://MSTestAdapter/v2","Source":"C:\\Users\\HP\\Source\\Repos\\ekarahodza1\\VVS_zadaca2_1\\Hypo Banka\\Unit Testovi\\bin\\Debug\\fine-code-coverage\\Unit Testovi.dll","CodeFilePath":null,"LineNumber":-1,"Properties":[{"Key":{"Id":"MSTestDiscoverer.TestClassName","Label":"ClassName","Category":"","Description":"","Attributes":1,"ValueType":"System.String"},"Value":"Unit_Testovi.BankaTests"},{"Key":{"Id":"TestObject.Traits","Label":"Traits","Category":"","Description":"","Attributes":5,"ValueType":"System.Collections.Generic.KeyValuePair`2[[System.String],[System.String]][]"},"Value":[]}]},"Attachments":[],"Outcome":2,"ErrorMessage":"Assert.Fail failed. ","ErrorStackTrace":"   at Unit_Testovi.BankaTests.RadSaKlijentomTest() in C:\\Users\\HP\\Source\\Repos\\ekarahodza1\\VVS_zadaca2_1\\Hypo Banka\\Unit Testovi\\BankaTests.cs:line 21\r\n","DisplayName":null,"Messages":[],"ComputerName":null,"Duration":"00:00:00.0011112","StartTime":"2020-11-29T02:41:20.683992+01:00","EndTime":"2020-11-29T02:41:20.6854598+01:00","Properties":[{"Key":{"Id":"ExecutionId","Label":"ExecutionId","Category":"","Description":"","Attributes":1,"ValueType":"System.Guid"},"Value":"00000000-0000-0000-0000-000000000000"},{"Key":{"Id":"ParentExecId","Label":"ParentExecId","Category":"","Description":"","Attributes":1,"ValueType":"System.Guid"},"Value":"00000000-0000-0000-0000-000000000000"},{"Key":{"Id":"InnerResultsCount","Label":"InnerResultsCount","Category":"","Description":"","Attributes":1,"ValueType":"System.Int32"},"Value":0}]},{"TestCase":{"Id":"18a4e423-7912-2ea3-64d1-3602e6b82a62","FullyQualifiedName":"Unit_Testovi.BankaTests.OtvaranjeNovogRačunaTest","DisplayName":"OtvaranjeNovogRačunaTest","ExecutorUri":"executor://MSTestAdapter/v2","Source":"C:\\Users\\HP\\Source\\Repos\\ekarahodza1\\VVS_zadaca2_1\\Hypo Banka\\Unit Testovi\\bin\\Debug\\fine-code-coverage\\Unit Testovi.dll","CodeFilePath":null,"LineNumber":-1,"Properties":[{"Key":{"Id":"MSTestDiscoverer.TestClassName","Label":"ClassName","Category":"","Description":"","Attributes":1,"ValueType":"System.String"},"Value":"Unit_Testovi.BankaTests"},{"Key":{"Id":"TestObject.Traits","Label":"Traits","Category":"","Description":"","Attributes":5,"ValueType":"System.Collections.Generic.KeyValuePair`2[[System.String],[System.String]][]"},"Value":[]}]},"Attachments":[],"Outcome":2,"ErrorMessage":"Assert.Fail failed. ","ErrorStackTrace":"   at Unit_Testovi.BankaTests.OtvaranjeNovogRačunaTest() in C:\\Users\\HP\\Source\\Repos\\ekarahodza1\\VVS_zadaca2_1\\Hypo Banka\\Unit Testovi\\BankaTests.cs:line 27\r\n","DisplayName":null,"Messages":[],"ComputerName":null,"Duration":"00:00:00.0010455","StartTime":"2020-11-29T02:41:20.6918029+01:00","EndTime":"2020-11-29T02:41:20.6930954+01:00","Properties":[{"Key":{"Id":"ExecutionId","Label":"ExecutionId","Category":"","Description":"","Attributes":1,"ValueType":"System.Guid"},"Value":"00000000-0000-0000-0000-000000000000"},{"Key":{"Id":"ParentExecId","Label":"ParentExecId","Category":"","Description":"","Attributes":1,"ValueType":"System.Guid"},"Value":"00000000-0000-0000-0000-000000000000"},{"Key":{"Id":"InnerResultsCount","Label":"InnerResultsCount","Category":"","Description":"","Attributes":1,"ValueType":"System.Int32"},"Value":0}]},{"TestCase":{"Id":"1b311cad-fe90-5ca0-5c94-bb6f702bc22c","FullyQualifiedName":"Unit_Testovi.BankaTests.KlijentiSBlokiranimRačunimaTest","DisplayName":"KlijentiSBlokiranimRačunimaTest","ExecutorUri":"executor://MSTestAdapter/v2","Source":"C:\\Users\\HP\\Source\\Repos\\ekarahodza1\\VVS_zadaca2_1\\Hypo Banka\\Unit Testovi\\bin\\Debug\\fine-code-coverage\\Unit Testovi.dll","CodeFilePath":null,"LineNumber":-1,"Properties":[{"Key":{"Id":"MSTestDiscoverer.TestClassName","Label":"ClassName","Category":"","Description":"","Attributes":1,"ValueType":"System.String"},"Value":"Unit_Testovi.BankaTests"},{"Key":{"Id":"TestObject.Traits","Label":"Traits","Category":"","Description":"","Attributes":5,"ValueType":"System.Collections.Generic.KeyValuePair`2[[System.String],[System.String]][]"},"Value":[]}]},"Attachments":[],"Outcome":1,"ErrorMessage":null,"ErrorStackTrace":null,"DisplayName":null,"Messages":[],"ComputerName":null,"Duration":"00:00:00.0354050","StartTime":"2020-11-29T02:41:20.7027815+01:00","EndTime":"2020-11-29T02:41:20.7383511+01:00","Properties":[{"Key":{"Id":"ExecutionId","Label":"ExecutionId","Category":"","Description":"","Attributes":1,"ValueType":"System.Guid"},"Value":"00000000-0000-0000-0000-000000000000"},{"Key":{"Id":"ParentExecId","Label":"ParentExecId","Category":"","Description":"","Attributes":1,"ValueType":"System.Guid"},"Value":"00000000-0000-0000-0000-000000000000"},{"Key":{"Id":"InnerResultsCount","Label":"InnerResultsCount","Category":"","Description":"","Attributes":1,"ValueType":"System.Int32"},"Value":0}]},{"TestCase":{"Id":"408dbc8c-088d-37e5-c524-008dff2d79ed","FullyQualifiedName":"Unit_Testovi.BankaTests.PraznaListaKlijentiSBlokiranimRačunimaTest","DisplayName":"PraznaListaKlijentiSBlokiranimRačunimaTest","ExecutorUri":"executor://MSTestAdapter/v2","Source":"C:\\Users\\HP\\Source\\Repos\\ekarahodza1\\VVS_zadaca2_1\\Hypo Banka\\Unit Testovi\\bin\\Debug\\fine-code-coverage\\Unit Testovi.dll","CodeFilePath":null,"LineNumber":-1,"Properties":[{"Key":{"Id":"MSTestDiscoverer.TestClassName","Label":"ClassName","Category":"","Description":"","Attributes":1,"ValueType":"System.String"},"Value":"Unit_Testovi.BankaTests"},{"Key":{"Id":"TestObject.Traits","Label":"Traits","Category":"","Description":"","Attributes":5,"ValueType":"System.Collections.Generic.KeyValuePair`2[[System.String],[System.String]][]"},"Value":[]}]},"Attachments":[],"Outcome":1,"ErrorMessage":null,"ErrorStackTrace":null,"DisplayName":null,"Messages":[],"ComputerName":null,"Duration":"00:00:00.0029922","StartTime":"2020-11-29T02:41:20.743378+01:00","EndTime":"2020-11-29T02:41:20.7467629+01:00","Properties":[{"Key":{"Id":"ExecutionId","Label":"ExecutionId","Category":"","Description":"","Attributes":1,"ValueType":"System.Guid"},"Value":"00000000-0000-0000-0000-000000000000"},{"Key":{"Id":"ParentExecId","Label":"ParentExecId","Category":"","Description":"","Attributes":1,"ValueType":"System.Guid"},"Value":"00000000-0000-0000-0000-000000000000"},{"Key":{"Id":"InnerResultsCount","Label":"InnerResultsCount","Category":"","Description":"","Attributes":1,"ValueType":"System.Int32"},"Value":0}]},{"TestCase":{"Id":"b68b1648-dcba-2adb-037a-34e56c60e967","FullyQualifiedName":"Unit_Testovi.BankaTests.PraznaListaKlijentiSBlokiranimRačunimaTest2","DisplayName":"PraznaListaKlijentiSBlokiranimRačunimaTest2","ExecutorUri":"executor://MSTestAdapter/v2","Source":"C:\\Users\\HP\\Source\\Repos\\ekarahodza1\\VVS_zadaca2_1\\Hypo Banka\\Unit Testovi\\bin\\Debug\\fine-code-coverage\\Unit Testovi.dll","CodeFilePath":null,"LineNumber":-1,"Properties":[{"Key":{"Id":"MSTestDiscoverer.TestClassName","Label":"ClassName","Category":"","Description":"","Attributes":1,"ValueType":"System.String"},"Value":"Unit_Testovi.BankaTests"},{"Key":{"Id":"TestObject.Traits","Label":"Traits","Category":"","Description":"","Attributes":5,"ValueType":"System.Collections.Generic.KeyValuePair`2[[System.String],[System.String]][]"},"Value":[]}]},"Attachments":[],"Outcome":1,"ErrorMessage":null,"ErrorStackTrace":null,"DisplayName":null,"Messages":[],"ComputerName":null,"Duration":"00:00:00.0008763","StartTime":"2020-11-29T02:41:20.7517895+01:00","EndTime":"2020-11-29T02:41:20.7529897+01:00","Properties":[{"Key":{"Id":"ExecutionId","Label":"ExecutionId","Category":"","Description":"","Attributes":1,"ValueType":"System.Guid"},"Value":"00000000-0000-0000-0000-000000000000"},{"Key":{"Id":"ParentExecId","Label":"ParentExecId","Category":"","Description":"","Attributes":1,"ValueType":"System.Guid"},"Value":"00000000-0000-0000-0000-000000000000"},{"Key":{"Id":"InnerResultsCount","Label":"InnerResultsCount","Category":"","Description":"","Attributes":1,"ValueType":"System.Int32"},"Value":0}]},{"TestCase":{"Id":"fe2fc789-1350-434d-18cc-5bb729531d2a","FullyQualifiedName":"Unit_Testovi.BankaTests.PraznaListaKlijentiSBlokiranimRačunimaTest3","DisplayName":"PraznaListaKlijentiSBlokiranimRačunimaTest3","ExecutorUri":"executor://MSTestAdapter/v2","Source":"C:\\Users\\HP\\Source\\Repos\\ekarahodza1\\VVS_zadaca2_1\\Hypo Banka\\Unit Testovi\\bin\\Debug\\fine-code-coverage\\Unit Testovi.dll","CodeFilePath":null,"LineNumber":-1,"Properties":[{"Key":{"Id":"MSTestDiscoverer.TestClassName","Label":"ClassName","Category":"","Description":"","Attributes":1,"ValueType":"System.String"},"Value":"Unit_Testovi.BankaTests"},{"Key":{"Id":"TestObject.Traits","Label":"Traits","Category":"","Description":"","Attributes":5,"ValueType":"System.Collections.Generic.KeyValuePair`2[[System.String],[System.String]][]"},"Value":[]}]},"Attachments":[],"Outcome":1,"ErrorMessage":null,"ErrorStackTrace":null,"DisplayName":null,"Messages":[],"ComputerName":null,"Duration":"00:00:00.0009619","StartTime":"2020-11-29T02:41:20.757918+01:00","EndTime":"2020-11-29T02:41:20.7591569+01:00","Properties":[{"Key":{"Id":"ExecutionId","Label":"ExecutionId","Category":"","Description":"","Attributes":1,"ValueType":"System.Guid"},"Value":"00000000-0000-0000-0000-000000000000"},{"Key":{"Id":"ParentExecId","Label":"ParentExecId","Category":"","Description":"","Attributes":1,"ValueType":"System.Guid"},"Value":"00000000-0000-0000-0000-000000000000"},{"Key":{"Id":"InnerResultsCount","Label":"InnerResultsCount","Category":"","Description":"","Attributes":1,"ValueType":"System.Int32"},"Value":0}]},{"TestCase":{"Id":"d6adb559-41f5-15aa-090d-017e555ec5b0","FullyQualifiedName":"Unit_Testovi.BankaTests.DajKreditTest","DisplayName":"DajKreditTest","ExecutorUri":"executor://MSTestAdapter/v2","Source":"C:\\Users\\HP\\Source\\Repos\\ekarahodza1\\VVS_zadaca2_1\\Hypo Banka\\Unit Testovi\\bin\\Debug\\fine-code-coverage\\Unit Testovi.dll","CodeFilePath":null,"LineNumber":-1,"Properties":[{"Key":{"Id":"MSTestDiscoverer.TestClassName","Label":"ClassName","Category":"","Description":"","Attributes":1,"ValueType":"System.String"},"Value":"Unit_Testovi.BankaTests"},{"Key":{"Id":"TestObject.Traits","Label":"Traits","Category":"","Description":"","Attributes":5,"ValueType":"System.Collections.Generic.KeyValuePair`2[[System.String],[System.String]][]"},"Value":[]}]},"Attachments":[],"Outcome":2,"ErrorMessage":"Assert.Fail failed. ","ErrorStackTrace":"   at Unit_Testovi.BankaTests.DajKreditTest() in C:\\Users\\HP\\Source\\Repos\\ekarahodza1\\VVS_zadaca2_1\\Hypo Banka\\Unit Testovi\\BankaTests.cs:line 109\r\n","DisplayName":null,"Messages":[],"ComputerName":null,"Duration":"00:00:00.0009458","StartTime":"2020-11-29T02:41:20.7646627+01:00","EndTime":"2020-11-29T02:41:20.765811+01:00","Properties":[{"Key":{"Id":"ExecutionId","Label":"ExecutionId","Category":"","Description":"","Attributes":1,"ValueType":"System.Guid"},"Value":"00000000-0000-0000-0000-000000000000"},{"Key":{"Id":"ParentExecId","Label":"ParentExecId","Category":"","Description":"","Attributes":1,"ValueType":"System.Guid"},"Value":"00000000-0000-0000-0000-000000000000"},{"Key":{"Id":"InnerResultsCount","Label":"InnerResultsCount","Category":"","Description":"","Attributes":1,"ValueType":"System.Int32"},"Value":0}]},{"TestCase":{"Id":"2e6ffa82-c500-78d4-c8f5-ab98869c82c7","FullyQualifiedName":"Unit_Testovi.BankaTests.OdobriKreditTest","DisplayName":"OdobriKreditTest","ExecutorUri":"executor://MSTestAdapter/v2","Source":"C:\\Users\\HP\\Source\\Repos\\ekarahodza1\\VVS_zadaca2_1\\Hypo Banka\\Unit Testovi\\bin\\Debug\\fine-code-coverage\\Unit Testovi.dll","CodeFilePath":null,"LineNumber":-1,"Properties":[{"Key":{"Id":"MSTestDiscoverer.TestClassName","Label":"ClassName","Category":"","Description":"","Attributes":1,"ValueType":"System.String"},"Value":"Unit_Testovi.BankaTests"},{"Key":{"Id":"TestObject.Traits","Label":"Traits","Category":"","Description":"","Attributes":5,"ValueType":"System.Collections.Generic.KeyValuePair`2[[System.String],[System.String]][]"},"Value":[]}]},"Attachments":[],"Outcome":2,"ErrorMessage":"Assert.Fail failed. ","ErrorStackTrace":"   at Unit_Testovi.BankaTests.OdobriKreditTest() in C:\\Users\\HP\\Source\\Repos\\ekarahodza1\\VVS_zadaca2_1\\Hypo Banka\\Unit Testovi\\BankaTests.cs:line 115\r\n","DisplayName":null,"Messages":[],"ComputerName":null,"Duration":"00:00:00.0007955","StartTime":"2020-11-29T02:41:20.7706557+01:00","EndTime":"2020-11-29T02:41:20.7716597+01:00","Properties":[{"Key":{"Id":"ExecutionId","Label":"ExecutionId","Category":"","Description":"","Attributes":1,"ValueType":"System.Guid"},"Value":"00000000-0000-0000-0000-000000000000"},{"Key":{"Id":"ParentExecId","Label":"ParentExecId","Category":"","Description":"","Attributes":1,"ValueType":"System.Guid"},"Value":"00000000-0000-0000-0000-000000000000"},{"Key":{"Id":"InnerResultsCount","Label":"InnerResultsCount","Category":"","Description":"","Attributes":1,"ValueType":"System.Int32"},"Value":0}]}],"TestRunStatistics":{"ExecutedTests":9,"Stats":{"Failed":5,"Passed":4}},"ActiveTests":[{"Id":"7963bcc5-e9fa-5f0b-bb02-6bfdd391c570","FullyQualifiedName":"Unit_Testovi.KlijentTests.DajUkupanIznosNovcaNaSvimRačunimaTestNemaNijedanRacun","DisplayName":"DajUkupanIznosNovcaNaSvimRačunimaTestNemaNijedanRacun","ExecutorUri":"executor://MSTestAdapter/v2","Source":"C:\\Users\\HP\\Source\\Repos\\ekarahodza1\\VVS_zadaca2_1\\Hypo Banka\\Unit Testovi\\bin\\Debug\\fine-code-coverage\\Unit Testovi.dll","CodeFilePath":null,"LineNumber":-1,"Properties":[{"Key":{"Id":"MSTestDiscoverer.TestClassName","Label":"ClassName","Category":"","Description":"","Attributes":1,"ValueType":"System.String"},"Value":"Unit_Testovi.KlijentTests"},{"Key":{"Id":"TestObject.Traits","Label":"Traits","Category":"","Description":"","Attributes":5,"ValueType":"System.Collections.Generic.KeyValuePair`2[[System.String],[System.String]][]"},"Value":[]}]}]}}
TpTrace Verbose: 0 : 9892, 4, 2020/11/29, 02:41:20.839, 11255822322426, testhost.dll, TestRunCache: OnNewTestResult: Notified the onCacheHit callback.
TpTrace Verbose: 0 : 9892, 4, 2020/11/29, 02:41:20.844, 11255822371882, testhost.dll, TestExecutionRecorder.RecordEnd: test: Unit_Testovi.KlijentTests.DajUkupanIznosNovcaNaSvimRačunimaTestNemaNijedanRacun execution completed.
TpTrace Warning: 0 : 9892, 4, 2020/11/29, 02:41:20.844, 11255822375579, testhost.dll, InProgressTests is null
TpTrace Verbose: 0 : 9892, 4, 2020/11/29, 02:41:20.847, 11255822402032, testhost.dll, TestExecutionRecorder.RecordResult: Received result for test: Unit_Testovi.KlijentTests.DajUkupanIznosNovcaNaSvimRačunimaTestNemaNijedanRacun.
TpTrace Warning: 0 : 9892, 4, 2020/11/29, 02:41:20.847, 11255822403786, testhost.dll, InProgressTests is null
TpTrace Warning: 0 : 9892, 4, 2020/11/29, 02:41:20.847, 11255822404813, testhost.dll, TestRunCache: No test found corresponding to testResult 'DajUkupanIznosNovcaNaSvimRačunimaTestNemaNijedanRacun  Passed' in inProgress list.
TpTrace Verbose: 0 : 9892, 4, 2020/11/29, 02:41:20.847, 11255822405978, testhost.dll, TestExecutionRecorder.RecordStart: Starting test: Unit_Testovi.KlijentTests.DajUkupanIznosNovcaNaSvimRačunimaTestDaLiSeVracaDobraVrijednost.
TpTrace Verbose: 0 : 9892, 4, 2020/11/29, 02:41:20.854, 11255822470481, testhost.dll, TestExecutionRecorder.RecordEnd: test: Unit_Testovi.KlijentTests.DajUkupanIznosNovcaNaSvimRačunimaTestDaLiSeVracaDobraVrijednost execution completed.
TpTrace Verbose: 0 : 9892, 4, 2020/11/29, 02:41:20.855, 11255822487378, testhost.dll, TestExecutionRecorder.RecordResult: Received result for test: Unit_Testovi.KlijentTests.DajUkupanIznosNovcaNaSvimRačunimaTestDaLiSeVracaDobraVrijednost.
TpTrace Warning: 0 : 9892, 4, 2020/11/29, 02:41:20.856, 11255822489322, testhost.dll, InProgressTests is null
TpTrace Warning: 0 : 9892, 4, 2020/11/29, 02:41:20.856, 11255822490453, testhost.dll, TestRunCache: No test found corresponding to testResult 'DajUkupanIznosNovcaNaSvimRačunimaTestDaLiSeVracaDobraVrijednost  Passed' in inProgress list.
TpTrace Verbose: 0 : 9892, 4, 2020/11/29, 02:41:20.856, 11255822491597, testhost.dll, TestExecutionRecorder.RecordStart: Starting test: Unit_Testovi.KlijentTests.DajUkupanIznosNovcaNaSvimRačunimaTestBlokirani.
TpTrace Verbose: 0 : 9892, 4, 2020/11/29, 02:41:20.859, 11255822519711, testhost.dll, TestExecutionRecorder.RecordEnd: test: Unit_Testovi.KlijentTests.DajUkupanIznosNovcaNaSvimRačunimaTestBlokirani execution completed.
TpTrace Verbose: 0 : 9892, 4, 2020/11/29, 02:41:20.862, 11255822554511, testhost.dll, TestExecutionRecorder.RecordResult: Received result for test: Unit_Testovi.KlijentTests.DajUkupanIznosNovcaNaSvimRačunimaTestBlokirani.
TpTrace Warning: 0 : 9892, 4, 2020/11/29, 02:41:20.862, 11255822556639, testhost.dll, InProgressTests is null
TpTrace Warning: 0 : 9892, 4, 2020/11/29, 02:41:20.862, 11255822557419, testhost.dll, TestRunCache: No test found corresponding to testResult 'DajUkupanIznosNovcaNaSvimRačunimaTestBlokirani  Passed' in inProgress list.
TpTrace Verbose: 0 : 9892, 4, 2020/11/29, 02:41:20.863, 11255822558219, testhost.dll, TestExecutionRecorder.RecordStart: Starting test: Unit_Testovi.KorisnikTests.AutomatskoGenerisanjePodatakaTest2.
TpTrace Verbose: 0 : 9892, 4, 2020/11/29, 02:41:20.872, 11255822656982, testhost.dll, TestExecutionRecorder.RecordEnd: test: Unit_Testovi.KorisnikTests.AutomatskoGenerisanjePodatakaTest2 execution completed.
TpTrace Verbose: 0 : 9892, 4, 2020/11/29, 02:41:20.874, 11255822677276, testhost.dll, TestExecutionRecorder.RecordResult: Received result for test: Unit_Testovi.KorisnikTests.AutomatskoGenerisanjePodatakaTest2.
TpTrace Warning: 0 : 9892, 4, 2020/11/29, 02:41:20.875, 11255822679294, testhost.dll, InProgressTests is null
TpTrace Warning: 0 : 9892, 4, 2020/11/29, 02:41:20.875, 11255822680141, testhost.dll, TestRunCache: No test found corresponding to testResult 'AutomatskoGenerisanjePodatakaTest2  Failed
  Message: Test method threw exception System.ArgumentException, but exception System.Exception was expected. Exception message: System.ArgumentException: Ime je neispravno!
  StackTrace:
   at Hypo_Banka.Korisnik.set_Ime(String value) in C:\Users\HP\Source\Repos\ekarahodza1\VVS_zadaca2_1\Hypo Banka\Hypo Banka\Korisnik.cs:line 33
   at Unit_Testovi.KorisnikTests.AutomatskoGenerisanjePodatakaTest2() in C:\Users\HP\Source\Repos\ekarahodza1\VVS_zadaca2_1\Hypo Banka\Unit Testovi\KorisnikTests.cs:line 18
' in inProgress list.
TpTrace Verbose: 0 : 9892, 4, 2020/11/29, 02:41:20.875, 11255822681001, testhost.dll, TestExecutionRecorder.RecordStart: Starting test: Unit_Testovi.KorisnikTests.AutomatskoGenerisanjePodatakaTest3.
TpTrace Information: 0 : 9892, 4, 2020/11/29, 02:41:20.879, 11255822723637, testhost.dll, AssemblyResolver.OnResolve: Microsoft.VisualStudio.TestPlatform.MSTest.TestAdapter.resources: Resolving assembly.
TpTrace Information: 0 : 9892, 4, 2020/11/29, 02:41:20.879, 11255822726146, testhost.dll, AssemblyResolver.OnResolve: Microsoft.VisualStudio.TestPlatform.MSTest.TestAdapter.resources: Failed to load assembly.
TpTrace Verbose: 0 : 9892, 4, 2020/11/29, 02:41:20.881, 11255822746095, testhost.dll, TestExecutionRecorder.RecordEnd: test: Unit_Testovi.KorisnikTests.AutomatskoGenerisanjePodatakaTest3 execution completed.
TpTrace Verbose: 0 : 9892, 4, 2020/11/29, 02:41:20.884, 11255822768868, testhost.dll, TestExecutionRecorder.RecordResult: Received result for test: Unit_Testovi.KorisnikTests.AutomatskoGenerisanjePodatakaTest3.
TpTrace Warning: 0 : 9892, 4, 2020/11/29, 02:41:20.884, 11255822771233, testhost.dll, InProgressTests is null
TpTrace Warning: 0 : 9892, 4, 2020/11/29, 02:41:20.884, 11255822772113, testhost.dll, TestRunCache: No test found corresponding to testResult 'AutomatskoGenerisanjePodatakaTest3  Failed
  Message: Test method Unit_Testovi.KorisnikTests.AutomatskoGenerisanjePodatakaTest3 threw exception: 
System.ArgumentException: Korisničko ime je neispravno!
  StackTrace:
    at Hypo_Banka.Korisnik.set_KorisnickoIme(String value) in C:\Users\HP\Source\Repos\ekarahodza1\VVS_zadaca2_1\Hypo Banka\Hypo Banka\Korisnik.cs:line 58
   at Hypo_Banka.Korisnik..ctor(String name, String surname, String username, String password) in C:\Users\HP\Source\Repos\ekarahodza1\VVS_zadaca2_1\Hypo Banka\Hypo Banka\Korisnik.cs:line 86
   at Hypo_Banka.Klijent..ctor(String ime, String prezime, String korisnickoIme, String lozinka, DateTime rodenje, String licna) in C:\Users\HP\Source\Repos\ekarahodza1\VVS_zadaca2_1\Hypo Banka\Hypo Banka\Klijent.cs:line 58
   at Unit_Testovi.KorisnikTests.AutomatskoGenerisanjePodatakaTest3() in C:\Users\HP\Source\Repos\ekarahodza1\VVS_zadaca2_1\Hypo Banka\Unit Testovi\KorisnikTests.cs:line 25
' in inProgress list.
TpTrace Verbose: 0 : 9892, 4, 2020/11/29, 02:41:20.884, 11255822773015, testhost.dll, TestExecutionRecorder.RecordStart: Starting test: Unit_Testovi.KreditTest.ProvjeriStanjeOtplateTest.
TpTrace Verbose: 0 : 9892, 4, 2020/11/29, 02:41:20.888, 11255822814242, testhost.dll, TestExecutionRecorder.RecordEnd: test: Unit_Testovi.KreditTest.ProvjeriStanjeOtplateTest execution completed.
TpTrace Verbose: 0 : 9892, 4, 2020/11/29, 02:41:20.890, 11255822831011, testhost.dll, TestExecutionRecorder.RecordResult: Received result for test: Unit_Testovi.KreditTest.ProvjeriStanjeOtplateTest.
TpTrace Warning: 0 : 9892, 4, 2020/11/29, 02:41:20.890, 11255822832712, testhost.dll, InProgressTests is null
TpTrace Warning: 0 : 9892, 4, 2020/11/29, 02:41:20.890, 11255822833819, testhost.dll, TestRunCache: No test found corresponding to testResult 'ProvjeriStanjeOtplateTest  Passed' in inProgress list.
TpTrace Verbose: 0 : 9892, 4, 2020/11/29, 02:41:20.890, 11255822835301, testhost.dll, TestExecutionRecorder.RecordStart: Starting test: Unit_Testovi.NoviTestovi.TestZamjenskiObjekat.
TpTrace Verbose: 0 : 9892, 4, 2020/11/29, 02:41:20.895, 11255822886138, testhost.dll, TestExecutionRecorder.RecordEnd: test: Unit_Testovi.NoviTestovi.TestZamjenskiObjekat execution completed.
TpTrace Verbose: 0 : 9892, 4, 2020/11/29, 02:41:20.897, 11255822907066, testhost.dll, TestExecutionRecorder.RecordResult: Received result for test: Unit_Testovi.NoviTestovi.TestZamjenskiObjekat.
TpTrace Warning: 0 : 9892, 4, 2020/11/29, 02:41:20.898, 11255822908597, testhost.dll, InProgressTests is null
TpTrace Warning: 0 : 9892, 4, 2020/11/29, 02:41:20.898, 11255822909373, testhost.dll, TestRunCache: No test found corresponding to testResult 'TestZamjenskiObjekat  Failed
  Message: Test method Unit_Testovi.NoviTestovi.TestZamjenskiObjekat threw exception: 
System.NotImplementedException: The method or operation is not implemented.
  StackTrace:
    at Hypo_Banka.Zahtjev.DaLiJePovoljan() in C:\Users\HP\Source\Repos\ekarahodza1\VVS_zadaca2_1\Hypo Banka\Hypo Banka\Zahtjev.cs:line 15
   at Hypo_Banka.Banka.OdobriKredit(IZahtjev zahtjev, Kredit kredit) in C:\Users\HP\Source\Repos\ekarahodza1\VVS_zadaca2_1\Hypo Banka\Hypo Banka\Banka.cs:line 109
   at Unit_Testovi.NoviTestovi.TestZamjenskiObjekat() in C:\Users\HP\Source\Repos\ekarahodza1\VVS_zadaca2_1\Hypo Banka\Unit Testovi\NoviTestovi.cs:line 25
' in inProgress list.
TpTrace Verbose: 0 : 9892, 4, 2020/11/29, 02:41:20.898, 11255822910212, testhost.dll, TestExecutionRecorder.RecordStart: Starting test: Unit_Testovi.NoviTestovi.TestSkidanjaIznosaSRačuna.
TpTrace Verbose: 0 : 9892, 4, 2020/11/29, 02:41:20.901, 11255822946042, testhost.dll, TestExecutionRecorder.RecordEnd: test: Unit_Testovi.NoviTestovi.TestSkidanjaIznosaSRačuna execution completed.
TpTrace Verbose: 0 : 9892, 4, 2020/11/29, 02:41:20.903, 11255822964784, testhost.dll, TestExecutionRecorder.RecordResult: Received result for test: Unit_Testovi.NoviTestovi.TestSkidanjaIznosaSRačuna.
TpTrace Warning: 0 : 9892, 4, 2020/11/29, 02:41:20.903, 11255822966590, testhost.dll, InProgressTests is null
TpTrace Warning: 0 : 9892, 4, 2020/11/29, 02:41:20.904, 11255822967723, testhost.dll, TestRunCache: No test found corresponding to testResult 'TestSkidanjaIznosaSRačuna  Failed
  Message: Test method Unit_Testovi.NoviTestovi.TestSkidanjaIznosaSRačuna threw exception: 
System.NotImplementedException: The method or operation is not implemented.
  StackTrace:
    at Hypo_Banka.Klijent.SkiniIznosSaNekogOdRačuna(Double ukupniIznos) in C:\Users\HP\Source\Repos\ekarahodza1\VVS_zadaca2_1\Hypo Banka\Hypo Banka\Klijent.cs:line 101
   at Unit_Testovi.NoviTestovi.TestSkidanjaIznosaSRačuna() in C:\Users\HP\Source\Repos\ekarahodza1\VVS_zadaca2_1\Hypo Banka\Unit Testovi\NoviTestovi.cs:line 43
' in inProgress list.
TpTrace Verbose: 0 : 9892, 4, 2020/11/29, 02:41:20.904, 11255822968904, testhost.dll, TestExecutionRecorder.RecordStart: Starting test: Unit_Testovi.NoviTestovi.TestSkidanjaIznosaSVišeRačuna.
TpTrace Verbose: 0 : 9892, 4, 2020/11/29, 02:41:20.907, 11255823000661, testhost.dll, TestExecutionRecorder.RecordEnd: test: Unit_Testovi.NoviTestovi.TestSkidanjaIznosaSVišeRačuna execution completed.
TpTrace Verbose: 0 : 9892, 4, 2020/11/29, 02:41:20.909, 11255823019198, testhost.dll, TestExecutionRecorder.RecordResult: Received result for test: Unit_Testovi.NoviTestovi.TestSkidanjaIznosaSVišeRačuna.
TpTrace Warning: 0 : 9892, 4, 2020/11/29, 02:41:20.909, 11255823022588, testhost.dll, InProgressTests is null
TpTrace Warning: 0 : 9892, 4, 2020/11/29, 02:41:20.909, 11255823024264, testhost.dll, TestRunCache: No test found corresponding to testResult 'TestSkidanjaIznosaSVišeRačuna  Failed
  Message: Test method Unit_Testovi.NoviTestovi.TestSkidanjaIznosaSVišeRačuna threw exception: 
System.NotImplementedException: The method or operation is not implemented.
  StackTrace:
    at Hypo_Banka.Klijent.SkiniIznosSaNekogOdRačuna(Double ukupniIznos) in C:\Users\HP\Source\Repos\ekarahodza1\VVS_zadaca2_1\Hypo Banka\Hypo Banka\Klijent.cs:line 101
   at Unit_Testovi.NoviTestovi.TestSkidanjaIznosaSVišeRačuna() in C:\Users\HP\Source\Repos\ekarahodza1\VVS_zadaca2_1\Hypo Banka\Unit Testovi\NoviTestovi.cs:line 62
' in inProgress list.
TpTrace Verbose: 0 : 9892, 4, 2020/11/29, 02:41:20.909, 11255823026417, testhost.dll, TestExecutionRecorder.RecordStart: Starting test: Unit_Testovi.NoviTestovi.TestSkidanjaIznosaIzuzetak.
TpTrace Information: 0 : 9892, 4, 2020/11/29, 02:41:20.910, 11255823027959, testhost.dll, Sending test run statistics
TpTrace Verbose: 0 : 9892, 4, 2020/11/29, 02:41:20.911, 11255823047266, testhost.dll, TestRequestHandler.SendData:  sending data from testhost: {"Version":2,"MessageType":"TestExecution.StatsChange","Payload":{"NewTestResults":[{"TestCase":{"Id":"7963bcc5-e9fa-5f0b-bb02-6bfdd391c570","FullyQualifiedName":"Unit_Testovi.KlijentTests.DajUkupanIznosNovcaNaSvimRačunimaTestNemaNijedanRacun","DisplayName":"DajUkupanIznosNovcaNaSvimRačunimaTestNemaNijedanRacun","ExecutorUri":"executor://MSTestAdapter/v2","Source":"C:\\Users\\HP\\Source\\Repos\\ekarahodza1\\VVS_zadaca2_1\\Hypo Banka\\Unit Testovi\\bin\\Debug\\fine-code-coverage\\Unit Testovi.dll","CodeFilePath":null,"LineNumber":-1,"Properties":[{"Key":{"Id":"MSTestDiscoverer.TestClassName","Label":"ClassName","Category":"","Description":"","Attributes":1,"ValueType":"System.String"},"Value":"Unit_Testovi.KlijentTests"},{"Key":{"Id":"TestObject.Traits","Label":"Traits","Category":"","Description":"","Attributes":5,"ValueType":"System.Collections.Generic.KeyValuePair`2[[System.String],[System.String]][]"},"Value":[]}]},"Attachments":[],"Outcome":1,"ErrorMessage":null,"ErrorStackTrace":null,"DisplayName":null,"Messages":[],"ComputerName":null,"Duration":"00:00:00.0024081","StartTime":"2020-11-29T02:41:20.8415468+01:00","EndTime":"2020-11-29T02:41:20.84437+01:00","Properties":[{"Key":{"Id":"ExecutionId","Label":"ExecutionId","Category":"","Description":"","Attributes":1,"ValueType":"System.Guid"},"Value":"00000000-0000-0000-0000-000000000000"},{"Key":{"Id":"ParentExecId","Label":"ParentExecId","Category":"","Description":"","Attributes":1,"ValueType":"System.Guid"},"Value":"00000000-0000-0000-0000-000000000000"},{"Key":{"Id":"InnerResultsCount","Label":"InnerResultsCount","Category":"","Description":"","Attributes":1,"ValueType":"System.Int32"},"Value":0}]},{"TestCase":{"Id":"d557b15e-61f5-7319-3c2c-b3956716d6f9","FullyQualifiedName":"Unit_Testovi.KlijentTests.DajUkupanIznosNovcaNaSvimRačunimaTestDaLiSeVracaDobraVrijednost","DisplayName":"DajUkupanIznosNovcaNaSvimRačunimaTestDaLiSeVracaDobraVrijednost","ExecutorUri":"executor://MSTestAdapter/v2","Source":"C:\\Users\\HP\\Source\\Repos\\ekarahodza1\\VVS_zadaca2_1\\Hypo Banka\\Unit Testovi\\bin\\Debug\\fine-code-coverage\\Unit Testovi.dll","CodeFilePath":null,"LineNumber":-1,"Properties":[{"Key":{"Id":"MSTestDiscoverer.TestClassName","Label":"ClassName","Category":"","Description":"","Attributes":1,"ValueType":"System.String"},"Value":"Unit_Testovi.KlijentTests"},{"Key":{"Id":"TestObject.Traits","Label":"Traits","Category":"","Description":"","Attributes":5,"ValueType":"System.Collections.Generic.KeyValuePair`2[[System.String],[System.String]][]"},"Value":[]}]},"Attachments":[],"Outcome":1,"ErrorMessage":null,"ErrorStackTrace":null,"DisplayName":null,"Messages":[],"ComputerName":null,"Duration":"00:00:00.0047171","StartTime":"2020-11-29T02:41:20.8493018+01:00","EndTime":"2020-11-29T02:41:20.8542836+01:00","Properties":[{"Key":{"Id":"ExecutionId","Label":"ExecutionId","Category":"","Description":"","Attributes":1,"ValueType":"System.Guid"},"Value":"00000000-0000-0000-0000-000000000000"},{"Key":{"Id":"ParentExecId","Label":"ParentExecId","Category":"","Description":"","Attributes":1,"ValueType":"System.Guid"},"Value":"00000000-0000-0000-0000-000000000000"},{"Key":{"Id":"InnerResultsCount","Label":"InnerResultsCount","Category":"","Description":"","Attributes":1,"ValueType":"System.Int32"},"Value":0}]},{"TestCase":{"Id":"f00d9813-1f91-642b-4e1c-e90d25b9d5bc","FullyQualifiedName":"Unit_Testovi.KlijentTests.DajUkupanIznosNovcaNaSvimRačunimaTestBlokirani","DisplayName":"DajUkupanIznosNovcaNaSvimRačunimaTestBlokirani","ExecutorUri":"executor://MSTestAdapter/v2","Source":"C:\\Users\\HP\\Source\\Repos\\ekarahodza1\\VVS_zadaca2_1\\Hypo Banka\\Unit Testovi\\bin\\Debug\\fine-code-coverage\\Unit Testovi.dll","CodeFilePath":null,"LineNumber":-1,"Properties":[{"Key":{"Id":"MSTestDiscoverer.TestClassName","Label":"ClassName","Category":"","Description":"","Attributes":1,"ValueType":"System.String"},"Value":"Unit_Testovi.KlijentTests"},{"Key":{"Id":"TestObject.Traits","Label":"Traits","Category":"","Description":"","Attributes":5,"ValueType":"System.Collections.Generic.KeyValuePair`2[[System.String],[System.String]][]"},"Value":[]}]},"Attachments":[],"Outcome":1,"ErrorMessage":null,"ErrorStackTrace":null,"DisplayName":null,"Messages":[],"ComputerName":null,"Duration":"00:00:00.0010237","StartTime":"2020-11-29T02:41:20.8578883+01:00","EndTime":"2020-11-29T02:41:20.8591954+01:00","Properties":[{"Key":{"Id":"ExecutionId","Label":"ExecutionId","Category":"","Description":"","Attributes":1,"ValueType":"System.Guid"},"Value":"00000000-0000-0000-0000-000000000000"},{"Key":{"Id":"ParentExecId","Label":"ParentExecId","Category":"","Description":"","Attributes":1,"ValueType":"System.Guid"},"Value":"00000000-0000-0000-0000-000000000000"},{"Key":{"Id":"InnerResultsCount","Label":"InnerResultsCount","Category":"","Description":"","Attributes":1,"ValueType":"System.Int32"},"Value":0}]},{"TestCase":{"Id":"d275d30d-bf4a-380a-adc6-2e46a90104d2","FullyQualifiedName":"Unit_Testovi.KorisnikTests.AutomatskoGenerisanjePodatakaTest2","DisplayName":"AutomatskoGenerisanjePodatakaTest2","ExecutorUri":"executor://MSTestAdapter/v2","Source":"C:\\Users\\HP\\Source\\Repos\\ekarahodza1\\VVS_zadaca2_1\\Hypo Banka\\Unit Testovi\\bin\\Debug\\fine-code-coverage\\Unit Testovi.dll","CodeFilePath":null,"LineNumber":-1,"Properties":[{"Key":{"Id":"MSTestDiscoverer.TestClassName","Label":"ClassName","Category":"","Description":"","Attributes":1,"ValueType":"System.String"},"Value":"Unit_Testovi.KorisnikTests"},{"Key":{"Id":"TestObject.Traits","Label":"Traits","Category":"","Description":"","Attributes":5,"ValueType":"System.Collections.Generic.KeyValuePair`2[[System.String],[System.String]][]"},"Value":[]}]},"Attachments":[],"Outcome":2,"ErrorMessage":"Test method threw exception System.ArgumentException, but exception System.Exception was expected. Exception message: System.ArgumentException: Ime je neispravno!","ErrorStackTrace":"   at Hypo_Banka.Korisnik.set_Ime(String value) in C:\\Users\\HP\\Source\\Repos\\ekarahodza1\\VVS_zadaca2_1\\Hypo Banka\\Hypo Banka\\Korisnik.cs:line 33\r\n   at Unit_Testovi.KorisnikTests.AutomatskoGenerisanjePodatakaTest2() in C:\\Users\\HP\\Source\\Repos\\ekarahodza1\\VVS_zadaca2_1\\Hypo Banka\\Unit Testovi\\KorisnikTests.cs:line 18\r\n","DisplayName":null,"Messages":[],"ComputerName":null,"Duration":"00:00:00.0030776","StartTime":"2020-11-29T02:41:20.8694815+01:00","EndTime":"2020-11-29T02:41:20.8729363+01:00","Properties":[{"Key":{"Id":"ExecutionId","Label":"ExecutionId","Category":"","Description":"","Attributes":1,"ValueType":"System.Guid"},"Value":"00000000-0000-0000-0000-000000000000"},{"Key":{"Id":"ParentExecId","Label":"ParentExecId","Category":"","Description":"","Attributes":1,"ValueType":"System.Guid"},"Value":"00000000-0000-0000-0000-000000000000"},{"Key":{"Id":"InnerResultsCount","Label":"InnerResultsCount","Category":"","Description":"","Attributes":1,"ValueType":"System.Int32"},"Value":0}]},{"TestCase":{"Id":"e56dccf3-4dd3-dd26-fd75-304af3f42105","FullyQualifiedName":"Unit_Testovi.KorisnikTests.AutomatskoGenerisanjePodatakaTest3","DisplayName":"AutomatskoGenerisanjePodatakaTest3","ExecutorUri":"executor://MSTestAdapter/v2","Source":"C:\\Users\\HP\\Source\\Repos\\ekarahodza1\\VVS_zadaca2_1\\Hypo Banka\\Unit Testovi\\bin\\Debug\\fine-code-coverage\\Unit Testovi.dll","CodeFilePath":null,"LineNumber":-1,"Properties":[{"Key":{"Id":"MSTestDiscoverer.TestClassName","Label":"ClassName","Category":"","Description":"","Attributes":1,"ValueType":"System.String"},"Value":"Unit_Testovi.KorisnikTests"},{"Key":{"Id":"TestObject.Traits","Label":"Traits","Category":"","Description":"","Attributes":5,"ValueType":"System.Collections.Generic.KeyValuePair`2[[System.String],[System.String]][]"},"Value":[]}]},"Attachments":[],"Outcome":2,"ErrorMessage":"Test method Unit_Testovi.KorisnikTests.AutomatskoGenerisanjePodatakaTest3 threw exception: \r\nSystem.ArgumentException: Korisničko ime je neispravno!","ErrorStackTrace":"    at Hypo_Banka.Korisnik.set_KorisnickoIme(String value) in C:\\Users\\HP\\Source\\Repos\\ekarahodza1\\VVS_zadaca2_1\\Hypo Banka\\Hypo Banka\\Korisnik.cs:line 58\r\n   at Hypo_Banka.Korisnik..ctor(String name, String surname, String username, String password) in C:\\Users\\HP\\Source\\Repos\\ekarahodza1\\VVS_zadaca2_1\\Hypo Banka\\Hypo Banka\\Korisnik.cs:line 86\r\n   at Hypo_Banka.Klijent..ctor(String ime, String prezime, String korisnickoIme, String lozinka, DateTime rodenje, String licna) in C:\\Users\\HP\\Source\\Repos\\ekarahodza1\\VVS_zadaca2_1\\Hypo Banka\\Hypo Banka\\Klijent.cs:line 58\r\n   at Unit_Testovi.KorisnikTests.AutomatskoGenerisanjePodatakaTest3() in C:\\Users\\HP\\Source\\Repos\\ekarahodza1\\VVS_zadaca2_1\\Hypo Banka\\Unit Testovi\\KorisnikTests.cs:line 25\r\n","DisplayName":null,"Messages":[],"ComputerName":null,"Duration":"00:00:00.0039910","StartTime":"2020-11-29T02:41:20.8775602+01:00","EndTime":"2020-11-29T02:41:20.8818484+01:00","Properties":[{"Key":{"Id":"ExecutionId","Label":"ExecutionId","Category":"","Description":"","Attributes":1,"ValueType":"System.Guid"},"Value":"00000000-0000-0000-0000-000000000000"},{"Key":{"Id":"ParentExecId","Label":"ParentExecId","Category":"","Description":"","Attributes":1,"ValueType":"System.Guid"},"Value":"00000000-0000-0000-0000-000000000000"},{"Key":{"Id":"InnerResultsCount","Label":"InnerResultsCount","Category":"","Description":"","Attributes":1,"ValueType":"System.Int32"},"Value":0}]},{"TestCase":{"Id":"741ffac7-c42d-50bf-19c9-a69733933022","FullyQualifiedName":"Unit_Testovi.KreditTest.ProvjeriStanjeOtplateTest","DisplayName":"ProvjeriStanjeOtplateTest","ExecutorUri":"executor://MSTestAdapter/v2","Source":"C:\\Users\\HP\\Source\\Repos\\ekarahodza1\\VVS_zadaca2_1\\Hypo Banka\\Unit Testovi\\bin\\Debug\\fine-code-coverage\\Unit Testovi.dll","CodeFilePath":null,"LineNumber":-1,"Properties":[{"Key":{"Id":"MSTestDiscoverer.TestClassName","Label":"ClassName","Category":"","Description":"","Attributes":1,"ValueType":"System.String"},"Value":"Unit_Testovi.KreditTest"},{"Key":{"Id":"TestObject.Traits","Label":"Traits","Category":"","Description":"","Attributes":5,"ValueType":"System.Collections.Generic.KeyValuePair`2[[System.String],[System.String]][]"},"Value":[]}]},"Attachments":[],"Outcome":1,"ErrorMessage":null,"ErrorStackTrace":null,"DisplayName":null,"Messages":[],"ComputerName":null,"Duration":"00:00:00.0020887","StartTime":"2020-11-29T02:41:20.8862965+01:00","EndTime":"2020-11-29T02:41:20.8886591+01:00","Properties":[{"Key":{"Id":"ExecutionId","Label":"ExecutionId","Category":"","Description":"","Attributes":1,"ValueType":"System.Guid"},"Value":"00000000-0000-0000-0000-000000000000"},{"Key":{"Id":"ParentExecId","Label":"ParentExecId","Category":"","Description":"","Attributes":1,"ValueType":"System.Guid"},"Value":"00000000-0000-0000-0000-000000000000"},{"Key":{"Id":"InnerResultsCount","Label":"InnerResultsCount","Category":"","Description":"","Attributes":1,"ValueType":"System.Int32"},"Value":0}]},{"TestCase":{"Id":"aef9dec6-1181-fac1-2596-b31421e8da47","FullyQualifiedName":"Unit_Testovi.NoviTestovi.TestZamjenskiObjekat","DisplayName":"TestZamjenskiObjekat","ExecutorUri":"executor://MSTestAdapter/v2","Source":"C:\\Users\\HP\\Source\\Repos\\ekarahodza1\\VVS_zadaca2_1\\Hypo Banka\\Unit Testovi\\bin\\Debug\\fine-code-coverage\\Unit Testovi.dll","CodeFilePath":null,"LineNumber":-1,"Properties":[{"Key":{"Id":"MSTestDiscoverer.TestClassName","Label":"ClassName","Category":"","Description":"","Attributes":1,"ValueType":"System.String"},"Value":"Unit_Testovi.NoviTestovi"},{"Key":{"Id":"TestObject.Traits","Label":"Traits","Category":"","Description":"","Attributes":5,"ValueType":"System.Collections.Generic.KeyValuePair`2[[System.String],[System.String]][]"},"Value":[]}]},"Attachments":[],"Outcome":2,"ErrorMessage":"Test method Unit_Testovi.NoviTestovi.TestZamjenskiObjekat threw exception: \r\nSystem.NotImplementedException: The method or operation is not implemented.","ErrorStackTrace":"    at Hypo_Banka.Zahtjev.DaLiJePovoljan() in C:\\Users\\HP\\Source\\Repos\\ekarahodza1\\VVS_zadaca2_1\\Hypo Banka\\Hypo Banka\\Zahtjev.cs:line 15\r\n   at Hypo_Banka.Banka.OdobriKredit(IZahtjev zahtjev, Kredit kredit) in C:\\Users\\HP\\Source\\Repos\\ekarahodza1\\VVS_zadaca2_1\\Hypo Banka\\Hypo Banka\\Banka.cs:line 109\r\n   at Unit_Testovi.NoviTestovi.TestZamjenskiObjekat() in C:\\Users\\HP\\Source\\Repos\\ekarahodza1\\VVS_zadaca2_1\\Hypo Banka\\Unit Testovi\\NoviTestovi.cs:line 25\r\n","DisplayName":null,"Messages":[],"ComputerName":null,"Duration":"00:00:00.0024234","StartTime":"2020-11-29T02:41:20.8930636+01:00","EndTime":"2020-11-29T02:41:20.8958539+01:00","Properties":[{"Key":{"Id":"ExecutionId","Label":"ExecutionId","Category":"","Description":"","Attributes":1,"ValueType":"System.Guid"},"Value":"00000000-0000-0000-0000-000000000000"},{"Key":{"Id":"ParentExecId","Label":"ParentExecId","Category":"","Description":"","Attributes":1,"ValueType":"System.Guid"},"Value":"00000000-0000-0000-0000-000000000000"},{"Key":{"Id":"InnerResultsCount","Label":"InnerResultsCount","Category":"","Description":"","Attributes":1,"ValueType":"System.Int32"},"Value":0}]},{"TestCase":{"Id":"5cf3213e-7f5b-3dd9-a044-6f83efb0a78d","FullyQualifiedName":"Unit_Testovi.NoviTestovi.TestSkidanjaIznosaSRačuna","DisplayName":"TestSkidanjaIznosaSRačuna","ExecutorUri":"executor://MSTestAdapter/v2","Source":"C:\\Users\\HP\\Source\\Repos\\ekarahodza1\\VVS_zadaca2_1\\Hypo Banka\\Unit Testovi\\bin\\Debug\\fine-code-coverage\\Unit Testovi.dll","CodeFilePath":null,"LineNumber":-1,"Properties":[{"Key":{"Id":"MSTestDiscoverer.TestClassName","Label":"ClassName","Category":"","Description":"","Attributes":1,"ValueType":"System.String"},"Value":"Unit_Testovi.NoviTestovi"},{"Key":{"Id":"TestObject.Traits","Label":"Traits","Category":"","Description":"","Attributes":5,"ValueType":"System.Collections.Generic.KeyValuePair`2[[System.String],[System.String]][]"},"Value":[]}]},"Attachments":[],"Outcome":2,"ErrorMessage":"Test method Unit_Testovi.NoviTestovi.TestSkidanjaIznosaSRačuna threw exception: \r\nSystem.NotImplementedException: The method or operation is not implemented.","ErrorStackTrace":"    at Hypo_Banka.Klijent.SkiniIznosSaNekogOdRačuna(Double ukupniIznos) in C:\\Users\\HP\\Source\\Repos\\ekarahodza1\\VVS_zadaca2_1\\Hypo Banka\\Hypo Banka\\Klijent.cs:line 101\r\n   at Unit_Testovi.NoviTestovi.TestSkidanjaIznosaSRačuna() in C:\\Users\\HP\\Source\\Repos\\ekarahodza1\\VVS_zadaca2_1\\Hypo Banka\\Unit Testovi\\NoviTestovi.cs:line 43\r\n","DisplayName":null,"Messages":[],"ComputerName":null,"Duration":"00:00:00.0012729","StartTime":"2020-11-29T02:41:20.9003248+01:00","EndTime":"2020-11-29T02:41:20.9018333+01:00","Properties":[{"Key":{"Id":"ExecutionId","Label":"ExecutionId","Category":"","Description":"","Attributes":1,"ValueType":"System.Guid"},"Value":"00000000-0000-0000-0000-000000000000"},{"Key":{"Id":"ParentExecId","Label":"ParentExecId","Category":"","Description":"","Attributes":1,"ValueType":"System.Guid"},"Value":"00000000-0000-0000-0000-000000000000"},{"Key":{"Id":"InnerResultsCount","Label":"InnerResultsCount","Category":"","Description":"","Attributes":1,"ValueType":"System.Int32"},"Value":0}]},{"TestCase":{"Id":"d1ff441f-0941-1549-c823-437ca7a58d70","FullyQualifiedName":"Unit_Testovi.NoviTestovi.TestSkidanjaIznosaSVišeRačuna","DisplayName":"TestSkidanjaIznosaSVišeRačuna","ExecutorUri":"executor://MSTestAdapter/v2","Source":"C:\\Users\\HP\\Source\\Repos\\ekarahodza1\\VVS_zadaca2_1\\Hypo Banka\\Unit Testovi\\bin\\Debug\\fine-code-coverage\\Unit Testovi.dll","CodeFilePath":null,"LineNumber":-1,"Properties":[{"Key":{"Id":"MSTestDiscoverer.TestClassName","Label":"ClassName","Category":"","Description":"","Attributes":1,"ValueType":"System.String"},"Value":"Unit_Testovi.NoviTestovi"},{"Key":{"Id":"TestObject.Traits","Label":"Traits","Category":"","Description":"","Attributes":5,"ValueType":"System.Collections.Generic.KeyValuePair`2[[System.String],[System.String]][]"},"Value":[]}]},"Attachments":[],"Outcome":2,"ErrorMessage":"Test method Unit_Testovi.NoviTestovi.TestSkidanjaIznosaSVišeRačuna threw exception: \r\nSystem.NotImplementedException: The method or operation is not implemented.","ErrorStackTrace":"    at Hypo_Banka.Klijent.SkiniIznosSaNekogOdRačuna(Double ukupniIznos) in C:\\Users\\HP\\Source\\Repos\\ekarahodza1\\VVS_zadaca2_1\\Hypo Banka\\Hypo Banka\\Klijent.cs:line 101\r\n   at Unit_Testovi.NoviTestovi.TestSkidanjaIznosaSVišeRačuna() in C:\\Users\\HP\\Source\\Repos\\ekarahodza1\\VVS_zadaca2_1\\Hypo Banka\\Unit Testovi\\NoviTestovi.cs:line 62\r\n","DisplayName":null,"Messages":[],"ComputerName":null,"Duration":"00:00:00.0011828","StartTime":"2020-11-29T02:41:20.9059535+01:00","EndTime":"2020-11-29T02:41:20.9072937+01:00","Properties":[{"Key":{"Id":"ExecutionId","Label":"ExecutionId","Category":"","Description":"","Attributes":1,"ValueType":"System.Guid"},"Value":"00000000-0000-0000-0000-000000000000"},{"Key":{"Id":"ParentExecId","Label":"ParentExecId","Category":"","Description":"","Attributes":1,"ValueType":"System.Guid"},"Value":"00000000-0000-0000-0000-000000000000"},{"Key":{"Id":"InnerResultsCount","Label":"InnerResultsCount","Category":"","Description":"","Attributes":1,"ValueType":"System.Int32"},"Value":0}]}],"TestRunStatistics":{"ExecutedTests":18,"Stats":{"Failed":10,"Passed":8}},"ActiveTests":[{"Id":"20af2549-b915-3c8e-c4f0-37793dba0a97","FullyQualifiedName":"Unit_Testovi.NoviTestovi.TestSkidanjaIznosaIzuzetak","DisplayName":"TestSkidanjaIznosaIzuzetak","ExecutorUri":"executor://MSTestAdapter/v2","Source":"C:\\Users\\HP\\Source\\Repos\\ekarahodza1\\VVS_zadaca2_1\\Hypo Banka\\Unit Testovi\\bin\\Debug\\fine-code-coverage\\Unit Testovi.dll","CodeFilePath":null,"LineNumber":-1,"Properties":[{"Key":{"Id":"MSTestDiscoverer.TestClassName","Label":"ClassName","Category":"","Description":"","Attributes":1,"ValueType":"System.String"},"Value":"Unit_Testovi.NoviTestovi"},{"Key":{"Id":"TestObject.Traits","Label":"Traits","Category":"","Description":"","Attributes":5,"ValueType":"System.Collections.Generic.KeyValuePair`2[[System.String],[System.String]][]"},"Value":[]}]}]}}
TpTrace Verbose: 0 : 9892, 4, 2020/11/29, 02:41:20.912, 11255823054300, testhost.dll, TestRunCache: OnNewTestResult: Notified the onCacheHit callback.
TpTrace Verbose: 0 : 9892, 4, 2020/11/29, 02:41:20.915, 11255823084203, testhost.dll, TestExecutionRecorder.RecordEnd: test: Unit_Testovi.NoviTestovi.TestSkidanjaIznosaIzuzetak execution completed.
TpTrace Warning: 0 : 9892, 4, 2020/11/29, 02:41:20.915, 11255823085462, testhost.dll, InProgressTests is null
TpTrace Verbose: 0 : 9892, 4, 2020/11/29, 02:41:20.917, 11255823100377, testhost.dll, TestExecutionRecorder.RecordResult: Received result for test: Unit_Testovi.NoviTestovi.TestSkidanjaIznosaIzuzetak.
TpTrace Warning: 0 : 9892, 4, 2020/11/29, 02:41:20.917, 11255823102035, testhost.dll, InProgressTests is null
TpTrace Warning: 0 : 9892, 4, 2020/11/29, 02:41:20.917, 11255823103177, testhost.dll, TestRunCache: No test found corresponding to testResult 'TestSkidanjaIznosaIzuzetak  Failed
  Message: Test method threw exception System.NotImplementedException, but exception System.InvalidOperationException was expected. Exception message: System.NotImplementedException: The method or operation is not implemented.
  StackTrace:
   at Hypo_Banka.Klijent.SkiniIznosSaNekogOdRačuna(Double ukupniIznos) in C:\Users\HP\Source\Repos\ekarahodza1\VVS_zadaca2_1\Hypo Banka\Hypo Banka\Klijent.cs:line 101
   at Unit_Testovi.NoviTestovi.TestSkidanjaIznosaIzuzetak() in C:\Users\HP\Source\Repos\ekarahodza1\VVS_zadaca2_1\Hypo Banka\Unit Testovi\NoviTestovi.cs:line 85
' in inProgress list.
TpTrace Verbose: 0 : 9892, 4, 2020/11/29, 02:41:20.920, 11255823134678, testhost.dll, BaseRunTests.RunTestInternalWithExecutors: Completed running tests for executor://MSTestAdapter/v2
TpTrace Information: 0 : 9892, 4, 2020/11/29, 02:41:20.924, 11255823176124, testhost.dll, Sending test run complete
TpTrace Verbose: 0 : 9892, 4, 2020/11/29, 02:41:20.944, 11255823370351, testhost.dll, TestRequestHandler.SendData:  sending data from testhost: {"Version":2,"MessageType":"TestExecution.Completed","Payload":{"TestRunCompleteArgs":{"TestRunStatistics":{"ExecutedTests":19,"Stats":{"Failed":11,"Passed":8}},"IsCanceled":false,"IsAborted":false,"Error":null,"AttachmentSets":[],"ElapsedTimeInRunningTests":"00:00:00.5418568","Metrics":{}},"LastRunTests":{"NewTestResults":[{"TestCase":{"Id":"20af2549-b915-3c8e-c4f0-37793dba0a97","FullyQualifiedName":"Unit_Testovi.NoviTestovi.TestSkidanjaIznosaIzuzetak","DisplayName":"TestSkidanjaIznosaIzuzetak","ExecutorUri":"executor://MSTestAdapter/v2","Source":"C:\\Users\\HP\\Source\\Repos\\ekarahodza1\\VVS_zadaca2_1\\Hypo Banka\\Unit Testovi\\bin\\Debug\\fine-code-coverage\\Unit Testovi.dll","CodeFilePath":null,"LineNumber":-1,"Properties":[{"Key":{"Id":"MSTestDiscoverer.TestClassName","Label":"ClassName","Category":"","Description":"","Attributes":1,"ValueType":"System.String"},"Value":"Unit_Testovi.NoviTestovi"},{"Key":{"Id":"TestObject.Traits","Label":"Traits","Category":"","Description":"","Attributes":5,"ValueType":"System.Collections.Generic.KeyValuePair`2[[System.String],[System.String]][]"},"Value":[]}]},"Attachments":[],"Outcome":2,"ErrorMessage":"Test method threw exception System.NotImplementedException, but exception System.InvalidOperationException was expected. Exception message: System.NotImplementedException: The method or operation is not implemented.","ErrorStackTrace":"   at Hypo_Banka.Klijent.SkiniIznosSaNekogOdRačuna(Double ukupniIznos) in C:\\Users\\HP\\Source\\Repos\\ekarahodza1\\VVS_zadaca2_1\\Hypo Banka\\Hypo Banka\\Klijent.cs:line 101\r\n   at Unit_Testovi.NoviTestovi.TestSkidanjaIznosaIzuzetak() in C:\\Users\\HP\\Source\\Repos\\ekarahodza1\\VVS_zadaca2_1\\Hypo Banka\\Unit Testovi\\NoviTestovi.cs:line 85\r\n","DisplayName":null,"Messages":[],"ComputerName":null,"Duration":"00:00:00.0012762","StartTime":"2020-11-29T02:41:20.9141094+01:00","EndTime":"2020-11-29T02:41:20.9156583+01:00","Properties":[{"Key":{"Id":"ExecutionId","Label":"ExecutionId","Category":"","Description":"","Attributes":1,"ValueType":"System.Guid"},"Value":"00000000-0000-0000-0000-000000000000"},{"Key":{"Id":"ParentExecId","Label":"ParentExecId","Category":"","Description":"","Attributes":1,"ValueType":"System.Guid"},"Value":"00000000-0000-0000-0000-000000000000"},{"Key":{"Id":"InnerResultsCount","Label":"InnerResultsCount","Category":"","Description":"","Attributes":1,"ValueType":"System.Int32"},"Value":0}]}],"TestRunStatistics":{"ExecutedTests":19,"Stats":{"Failed":11,"Passed":8}},"ActiveTests":[]},"RunAttachments":[],"ExecutorUris":["executor://mstestadapter/v2"]}}
TpTrace Verbose: 0 : 9892, 4, 2020/11/29, 02:41:20.945, 11255823386101, testhost.dll, BaseRunTests.RunTests: Run is complete.
TpTrace Verbose: 0 : 9892, 5, 2020/11/29, 02:41:20.948, 11255823414071, testhost.dll, TcpClientExtensions.MessageLoopAsync: NotifyDataAvailable remoteEndPoint: [::ffff:127.0.0.1]:63381 localEndPoint: [::ffff:127.0.0.1]:63383
TpTrace Information: 0 : 9892, 5, 2020/11/29, 02:41:20.948, 11255823416430, testhost.dll, TestRequestHandler.ProcessRequests: received message: (TestSession.Terminate) -> null
TpTrace Information: 0 : 9892, 5, 2020/11/29, 02:41:20.949, 11255823417451, testhost.dll, Session End message received from server. Closing the connection.
TpTrace Information: 0 : 9892, 5, 2020/11/29, 02:41:20.949, 11255823421964, testhost.dll, SocketClient.Stop: Stop communication from server endpoint: 127.0.0.1:063381
TpTrace Information: 0 : 9892, 5, 2020/11/29, 02:41:20.949, 11255823422939, testhost.dll, SocketClient: Stop: Cancellation requested. Stopping message loop.
TpTrace Verbose: 0 : 9892, 5, 2020/11/29, 02:41:20.949, 11255823425595, testhost.dll, LengthPrefixCommunicationChannel.Dispose: Dispose reader and writer.
TpTrace Information: 0 : 9892, 5, 2020/11/29, 02:41:20.949, 11255823426586, testhost.dll, Closing the connection !
TpTrace Information: 0 : 9892, 5, 2020/11/29, 02:41:20.950, 11255823429848, testhost.dll, SocketClient.PrivateStop: Stop communication from server endpoint: 127.0.0.1:063381, error:
TpTrace Information: 0 : 9892, 1, 2020/11/29, 02:41:20.950, 11255823429873, testhost.dll, Closing the connection !
TpTrace Verbose: 0 : 9892, 5, 2020/11/29, 02:41:20.950, 11255823431858, testhost.dll, LengthPrefixCommunicationChannel.Dispose: Dispose reader and writer.
TpTrace Information: 0 : 9892, 1, 2020/11/29, 02:41:20.950, 11255823431931, testhost.dll, SocketClient.Stop: Stop communication from server endpoint: 127.0.0.1:063381
TpTrace Verbose: 0 : 9892, 5, 2020/11/29, 02:41:20.950, 11255823432697, testhost.dll, TcpClientExtensions.MessageLoopAsync: exiting MessageLoopAsync remoteEndPoint: [::ffff:127.0.0.1]:63381 localEndPoint: [::ffff:127.0.0.1]:63383
TpTrace Verbose: 0 : 9892, 1, 2020/11/29, 02:41:20.950, 11255823433369, testhost.dll, LengthPrefixCommunicationChannel.Dispose: Dispose reader and writer.
TpTrace Information: 0 : 9892, 1, 2020/11/29, 02:41:20.950, 11255823435750, testhost.dll, Testhost process exiting.
